2024-11-06 16:13:30,563 [INFO] Activator:176 - 


2024-11-06 16:13:30,572 [INFO] Activator:177 - !SESSION log4j initialized
2024-11-06 16:13:38,773 [INFO] LogOutputStream:77 - [STDOUT_REDIRECT] 
2024-11-06 16:13:48,386 [INFO] ApplicationProperties:184 - Using Application install path: C:\ST\STM32CubeIDE_1.14.1\STM32CubeIDE\plugins\com.st.stm32cube.common.mx_6.10.0.202311202037
2024-11-06 16:13:48,417 [INFO] DbMcusXml:78 - Set database path to: C:\ST\STM32CubeIDE_1.14.1\STM32CubeIDE\plugins\com.st.stm32cube.common.mx_6.10.0.202311202037\\db\/mcu/
2024-11-06 16:13:48,417 [INFO] ApiDb:274 - Set plugin database path to: C:\ST\STM32CubeIDE_1.14.1\STM32CubeIDE\plugins\com.st.stm32cube.common.mx_6.10.0.202311202037\\db\/plugins/boardmanager/
2024-11-06 16:13:48,418 [WARN] ApiDb:259 - Overriding images path with different value:  => C:\ST\STM32CubeIDE_1.14.1\STM32CubeIDE\plugins\com.st.stm32cube.common.mx_6.10.0.202311202037\\db\/plugins/mcufinder/images/
2024-11-06 16:13:48,439 [INFO] ApiDb:250 - Set database path to: C:\Users\tkach\.stmcufinder\plugins\mcufinder//mcu/
2024-11-06 16:13:48,441 [INFO] DbMcusAds:125 - Set database path to: C:\Users\tkach\.stmcufinder\plugins\mcufinder//mcu/
2024-11-06 16:13:48,444 [INFO] CrossReferenceDbSqlite:203 - Set database path to: C:\Users\tkach\.stmcufinder\plugins\mcufinder//mcu/cs/
2024-11-06 16:13:48,631 [INFO] RulesReader:64 - Compatibility file has been processed (297 Rules)
2024-11-06 16:13:48,800 [INFO] DbMcusXml:78 - Set database path to: C:\ST\STM32CubeIDE_1.14.1\STM32CubeIDE\plugins\com.st.stm32cube.common.mx_6.10.0.202311202037\\db\/mcu/
2024-11-06 16:13:48,800 [INFO] ApiDb:274 - Set plugin database path to: C:\ST\STM32CubeIDE_1.14.1\STM32CubeIDE\plugins\com.st.stm32cube.common.mx_6.10.0.202311202037\\db\/plugins/boardmanager/
2024-11-06 16:13:48,800 [INFO] ApiDb:261 - Set plugin images path to: C:\ST\STM32CubeIDE_1.14.1\STM32CubeIDE\plugins\com.st.stm32cube.common.mx_6.10.0.202311202037\\db\/plugins/mcufinder/images/
2024-11-06 16:13:48,801 [WARN] DbFile:41 - Overriding database path with different value: C:\Users\tkach\.stmcufinder\plugins\mcufinder/ => C:\Users\tkach\.stmcufinder\plugins\mcufinder
2024-11-06 16:13:48,801 [INFO] ApiDb:250 - Set database path to: C:\Users\tkach\.stmcufinder\plugins\mcufinder//mcu/
2024-11-06 16:13:48,801 [WARN] DbFile:41 - Overriding database path with different value: C:\Users\tkach\.stmcufinder\plugins\mcufinder/ => C:\Users\tkach\.stmcufinder\plugins\mcufinder
2024-11-06 16:13:48,801 [INFO] DbMcusAds:125 - Set database path to: C:\Users\tkach\.stmcufinder\plugins\mcufinder//mcu/
2024-11-06 16:13:48,801 [WARN] DbFile:41 - Overriding database path with different value: C:\Users\tkach\.stmcufinder\plugins\mcufinder/ => C:\Users\tkach\.stmcufinder\plugins\mcufinder
2024-11-06 16:13:48,801 [WARN] DbFile:41 - Overriding database path with different value: C:\Users\tkach\.stmcufinder\plugins\mcufinder/ => C:\Users\tkach\.stmcufinder\plugins\mcufinder
2024-11-06 16:13:48,801 [INFO] CrossReferenceDbSqlite:203 - Set database path to: C:\Users\tkach\.stmcufinder\plugins\mcufinder//mcu/cs/
2024-11-06 16:13:48,929 [INFO] MainPanel:264 - HeapMemory: 309329920
2024-11-06 16:13:49,077 [INFO] DbMcusXml:78 - Set database path to: C:\ST\STM32CubeIDE_1.14.1\STM32CubeIDE\plugins\com.st.stm32cube.common.mx_6.10.0.202311202037\\db\/mcu/
2024-11-06 16:13:49,077 [INFO] ApiDb:274 - Set plugin database path to: C:\ST\STM32CubeIDE_1.14.1\STM32CubeIDE\plugins\com.st.stm32cube.common.mx_6.10.0.202311202037\\db\/plugins/boardmanager/
2024-11-06 16:13:49,077 [INFO] ApiDb:261 - Set plugin images path to: C:\ST\STM32CubeIDE_1.14.1\STM32CubeIDE\plugins\com.st.stm32cube.common.mx_6.10.0.202311202037\\db\/plugins/mcufinder/images/
2024-11-06 16:13:49,078 [WARN] DbFile:41 - Overriding database path with different value: C:\Users\tkach\.stmcufinder\plugins\mcufinder/ => C:\Users\tkach\.stmcufinder\plugins\mcufinder
2024-11-06 16:13:49,078 [INFO] ApiDb:250 - Set database path to: C:\Users\tkach\.stmcufinder\plugins\mcufinder//mcu/
2024-11-06 16:13:49,078 [WARN] DbFile:41 - Overriding database path with different value: C:\Users\tkach\.stmcufinder\plugins\mcufinder/ => C:\Users\tkach\.stmcufinder\plugins\mcufinder
2024-11-06 16:13:49,078 [INFO] DbMcusAds:125 - Set database path to: C:\Users\tkach\.stmcufinder\plugins\mcufinder//mcu/
2024-11-06 16:13:49,078 [WARN] DbFile:41 - Overriding database path with different value: C:\Users\tkach\.stmcufinder\plugins\mcufinder/ => C:\Users\tkach\.stmcufinder\plugins\mcufinder
2024-11-06 16:13:49,078 [WARN] DbFile:41 - Overriding database path with different value: C:\Users\tkach\.stmcufinder\plugins\mcufinder/ => C:\Users\tkach\.stmcufinder\plugins\mcufinder
2024-11-06 16:13:49,079 [INFO] CrossReferenceDbSqlite:203 - Set database path to: C:\Users\tkach\.stmcufinder\plugins\mcufinder//mcu/cs/
2024-11-06 16:13:49,109 [INFO] ApplicationProperties:184 - Using Application install path: C:\ST\STM32CubeIDE_1.14.1\STM32CubeIDE\plugins\com.st.stm32cube.common.mx_6.10.0.202311202037
2024-11-06 16:13:49,111 [INFO] PluginManage:196 - Search for loadable plugins [exclusion list=, ]
2024-11-06 16:13:49,114 [INFO] PluginManage:310 - Check plugin analytics
2024-11-06 16:13:49,387 [INFO] AnalyticsPlugin:253 - Accepted Software Licenses: 
2024-11-06 16:13:49,388 [INFO] AnalyticsPlugin:255 - Accepted CMSIS Pack Licenses: 
2024-11-06 16:13:49,388 [INFO] AnalyticsPlugin:257 - Accepted Firmware Licenses: 
2024-11-06 16:13:49,393 [INFO] PluginManage:359 - Loaded plugin analytics (category:tool,tabindex:-1)
2024-11-06 16:13:49,393 [INFO] PluginManage:310 - Check plugin cadmodel
2024-11-06 16:13:49,418 [INFO] CADModel:105 - Init CAD model plugin
2024-11-06 16:13:49,419 [INFO] PluginManage:359 - Loaded plugin cadmodel (category:power,tabindex:5)
2024-11-06 16:13:49,419 [INFO] PluginManage:310 - Check plugin clock
2024-11-06 16:13:49,451 [INFO] PluginManage:359 - Loaded plugin clock (category:base,tabindex:2)
2024-11-06 16:13:49,451 [INFO] PluginManage:310 - Check plugin ddr
2024-11-06 16:13:49,454 [INFO] PluginManage:359 - Loaded plugin ddr (category:tool,tabindex:6)
2024-11-06 16:13:49,454 [INFO] PluginManage:310 - Check plugin filemanager
2024-11-06 16:13:49,635 [INFO] PluginManage:359 - Loaded plugin filemanager (category:base,tabindex:10)
2024-11-06 16:13:49,636 [INFO] PluginManage:310 - Check plugin ipmanager
2024-11-06 16:13:49,646 [INFO] PluginManage:359 - Loaded plugin ipmanager (category:base,tabindex:5)
2024-11-06 16:13:49,646 [INFO] PluginManage:310 - Check plugin lpbam
2024-11-06 16:13:49,668 [INFO] PluginManage:359 - Loaded plugin lpbam (category:base,tabindex:0)
2024-11-06 16:13:49,668 [INFO] PluginManage:310 - Check plugin memorymap
2024-11-06 16:13:49,699 [INFO] PluginManage:359 - Loaded plugin memorymap (category:base,tabindex:4)
2024-11-06 16:13:49,700 [INFO] PluginManage:310 - Check plugin pinoutandconfiguration
2024-11-06 16:13:49,723 [INFO] PluginManage:359 - Loaded plugin pinoutandconfiguration (category:base,tabindex:1)
2024-11-06 16:13:49,723 [INFO] PluginManage:310 - Check plugin pinoutconfig
2024-11-06 16:13:49,848 [WARN] SupportedApi:132 - Cannot load RTOS API schema: s4s-elt-must-match.1: The content of 'definitions' must match (annotation?, (simpleType | complexType)?, (unique | key | keyref)*)). A problem was found starting at: attribute.
2024-11-06 16:13:50,069 [INFO] PluginManage:359 - Loaded plugin pinoutconfig (category:base,tabindex:0)
2024-11-06 16:13:50,070 [INFO] PluginManage:310 - Check plugin power
2024-11-06 16:13:50,095 [INFO] PluginManage:359 - Loaded plugin power (category:power,tabindex:4)
2024-11-06 16:13:50,095 [INFO] PluginManage:310 - Check plugin projectmanager
2024-11-06 16:13:50,115 [INFO] PluginManage:359 - Loaded plugin projectmanager (category:projectmanager,tabindex:3)
2024-11-06 16:13:50,115 [INFO] PluginManage:310 - Check plugin thirdparty
2024-11-06 16:13:50,529 [INFO] PluginManage:359 - Loaded plugin thirdparty (category:base,tabindex:-1)
2024-11-06 16:13:50,529 [INFO] PluginManage:310 - Check plugin tools
2024-11-06 16:13:50,529 [WARN] IntegrityCheckThread:84 - waiting for thirdparty lock release [integrity check]
2024-11-06 16:13:50,529 [INFO] IntegrityCheckThread:86 - entering critical section [integrity check]
2024-11-06 16:13:50,530 [INFO] ThirdPartyUpdaterWithRetryManager:70 - Updater plugin not ready yet. [1/15]
2024-11-06 16:13:50,589 [INFO] PluginManage:359 - Loaded plugin tools (category:base,tabindex:7)
2024-11-06 16:13:50,589 [INFO] PluginManage:310 - Check plugin tutovideos
2024-11-06 16:13:50,860 [INFO] PluginManage:359 - Loaded plugin tutovideos (category:base,tabindex:-1)
2024-11-06 16:13:50,860 [INFO] PluginManage:310 - Check plugin updater
2024-11-06 16:13:50,876 [INFO] PluginManage:359 - Loaded plugin updater (category:base,tabindex:12)
2024-11-06 16:13:50,877 [INFO] PluginManage:310 - Check plugin userauth
2024-11-06 16:13:50,884 [INFO] UserAuth:114 - Init User Auth plugin
2024-11-06 16:13:50,885 [INFO] PluginManage:359 - Loaded plugin userauth (category:base,tabindex:14)
2024-11-06 16:13:50,885 [INFO] PluginManage:283 - PluginManage : Loaded plugins [17]
2024-11-06 16:13:51,214 [INFO] PinOutPanel:1499 - setPackage(No Configuration,No Configuration)
2024-11-06 16:13:51,321 [INFO] CADModel:165 - CPN selected for project level
2024-11-06 16:13:51,321 [INFO] CADModel:114 - Register for checkConnection events
2024-11-06 16:13:51,356 [INFO] IPUIPlugin:80 - create IPUIPlugin
2024-11-06 16:13:51,356 [INFO] PluginManager:220 - loadIPPluginJar : add adc
2024-11-06 16:13:51,408 [INFO] IPUIPlugin:80 - create IPUIPlugin
2024-11-06 16:13:51,408 [INFO] PluginManager:220 - loadIPPluginJar : add aes
2024-11-06 16:13:51,475 [INFO] IPUIPlugin:80 - create IPUIPlugin
2024-11-06 16:13:51,475 [INFO] PluginManager:220 - loadIPPluginJar : add can
2024-11-06 16:13:51,511 [INFO] IPUIPlugin:80 - create IPUIPlugin
2024-11-06 16:13:51,511 [INFO] PluginManager:220 - loadIPPluginJar : add comp
2024-11-06 16:13:51,621 [INFO] IPUIPlugin:80 - create IPUIPlugin
2024-11-06 16:13:51,621 [INFO] PluginManager:220 - loadIPPluginJar : add cryp
2024-11-06 16:13:51,715 [INFO] IPUIPlugin:80 - create IPUIPlugin
2024-11-06 16:13:51,715 [INFO] PluginManager:220 - loadIPPluginJar : add dfsdm
2024-11-06 16:13:51,746 [INFO] IPUIPlugin:80 - create IPUIPlugin
2024-11-06 16:13:51,746 [INFO] PluginManager:220 - loadIPPluginJar : add dma
2024-11-06 16:13:51,815 [INFO] IPUIPlugin:80 - create IPUIPlugin
2024-11-06 16:13:51,815 [INFO] PluginManager:220 - loadIPPluginJar : add dma3
2024-11-06 16:13:51,862 [INFO] IPUIPlugin:80 - create IPUIPlugin
2024-11-06 16:13:51,862 [INFO] PluginManager:220 - loadIPPluginJar : add fatfs
2024-11-06 16:13:51,953 [INFO] IPUIPlugin:80 - create IPUIPlugin
2024-11-06 16:13:51,953 [INFO] PluginManager:220 - loadIPPluginJar : add fmc
2024-11-06 16:13:51,973 [INFO] IPUIPlugin:80 - create IPUIPlugin
2024-11-06 16:13:51,974 [INFO] PluginManager:220 - loadIPPluginJar : add freertos
2024-11-06 16:13:52,003 [INFO] IPUIPlugin:80 - create IPUIPlugin
2024-11-06 16:13:52,003 [INFO] PluginManager:220 - loadIPPluginJar : add genericplugin
2024-11-06 16:13:52,168 [INFO] IPUIPlugin:80 - create IPUIPlugin
2024-11-06 16:13:52,169 [INFO] PluginManager:220 - loadIPPluginJar : add gfxmmu
2024-11-06 16:13:52,392 [INFO] IPUIPlugin:80 - create IPUIPlugin
2024-11-06 16:13:52,392 [INFO] PluginManager:220 - loadIPPluginJar : add gic
2024-11-06 16:13:52,409 [INFO] IPUIPlugin:80 - create IPUIPlugin
2024-11-06 16:13:52,409 [INFO] PluginManager:220 - loadIPPluginJar : add gpio
2024-11-06 16:13:52,555 [INFO] IPUIPlugin:80 - create IPUIPlugin
2024-11-06 16:13:52,555 [INFO] PluginManager:220 - loadIPPluginJar : add gtzc
2024-11-06 16:13:52,600 [INFO] IPUIPlugin:80 - create IPUIPlugin
2024-11-06 16:13:52,600 [INFO] PluginManager:220 - loadIPPluginJar : add hash
2024-11-06 16:13:52,668 [INFO] IPUIPlugin:80 - create IPUIPlugin
2024-11-06 16:13:52,669 [INFO] PluginManager:220 - loadIPPluginJar : add i2c
2024-11-06 16:13:52,716 [INFO] IPUIPlugin:80 - create IPUIPlugin
2024-11-06 16:13:52,716 [INFO] PluginManager:220 - loadIPPluginJar : add i2s
2024-11-06 16:13:52,766 [INFO] IPUIPlugin:80 - create IPUIPlugin
2024-11-06 16:13:52,766 [INFO] PluginManager:220 - loadIPPluginJar : add i3c
2024-11-06 16:13:52,938 [INFO] IPUIPlugin:80 - create IPUIPlugin
2024-11-06 16:13:52,939 [INFO] PluginManager:220 - loadIPPluginJar : add ipddr
2024-11-06 16:13:53,158 [INFO] IPUIPlugin:80 - create IPUIPlugin
2024-11-06 16:13:53,159 [INFO] PluginManager:220 - loadIPPluginJar : add linkedlist
2024-11-06 16:13:53,247 [INFO] IPUIPlugin:80 - create IPUIPlugin
2024-11-06 16:13:53,248 [INFO] PluginManager:220 - loadIPPluginJar : add lorawan
2024-11-06 16:13:53,308 [INFO] IPUIPlugin:80 - create IPUIPlugin
2024-11-06 16:13:53,308 [INFO] PluginManager:220 - loadIPPluginJar : add ltdc
2024-11-06 16:13:53,328 [INFO] IPUIPlugin:80 - create IPUIPlugin
2024-11-06 16:13:53,328 [INFO] PluginManager:220 - loadIPPluginJar : add mdma
2024-11-06 16:13:53,344 [INFO] IPUIPlugin:80 - create IPUIPlugin
2024-11-06 16:13:53,344 [INFO] PluginManager:220 - loadIPPluginJar : add nvic
2024-11-06 16:13:53,402 [INFO] IPUIPlugin:80 - create IPUIPlugin
2024-11-06 16:13:53,402 [INFO] PluginManager:220 - loadIPPluginJar : add opamp
2024-11-06 16:13:53,509 [INFO] IPUIPlugin:80 - create IPUIPlugin
2024-11-06 16:13:53,510 [INFO] PluginManager:220 - loadIPPluginJar : add openamp
2024-11-06 16:13:53,531 [INFO] ThirdPartyUpdaterWithRetryManager:70 - Updater plugin not ready yet. [2/15]
2024-11-06 16:13:53,577 [INFO] IPUIPlugin:80 - create IPUIPlugin
2024-11-06 16:13:53,577 [INFO] PluginManager:220 - loadIPPluginJar : add pdm2pcm
2024-11-06 16:13:53,603 [INFO] IPUIPlugin:80 - create IPUIPlugin
2024-11-06 16:13:53,606 [INFO] PluginManager:220 - loadIPPluginJar : add plateformsettings
2024-11-06 16:13:53,639 [INFO] IPUIPlugin:80 - create IPUIPlugin
2024-11-06 16:13:53,639 [INFO] PluginManager:220 - loadIPPluginJar : add quadspi
2024-11-06 16:13:53,656 [INFO] IPUIPlugin:80 - create IPUIPlugin
2024-11-06 16:13:53,656 [INFO] PluginManager:220 - loadIPPluginJar : add resmgrutility
2024-11-06 16:13:53,726 [INFO] IPUIPlugin:80 - create IPUIPlugin
2024-11-06 16:13:53,726 [INFO] PluginManager:220 - loadIPPluginJar : add sai
2024-11-06 16:13:53,788 [INFO] IPUIPlugin:80 - create IPUIPlugin
2024-11-06 16:13:53,788 [INFO] PluginManager:220 - loadIPPluginJar : add spi
2024-11-06 16:13:53,895 [INFO] IPUIPlugin:80 - create IPUIPlugin
2024-11-06 16:13:53,895 [INFO] PluginManager:220 - loadIPPluginJar : add stm32_wpan
2024-11-06 16:13:53,927 [INFO] IPUIPlugin:80 - create IPUIPlugin
2024-11-06 16:13:53,928 [INFO] PluginManager:220 - loadIPPluginJar : add tim
2024-11-06 16:13:54,023 [INFO] IPUIPlugin:80 - create IPUIPlugin
2024-11-06 16:13:54,024 [INFO] PluginManager:220 - loadIPPluginJar : add touchsensing
2024-11-06 16:13:54,063 [INFO] IPUIPlugin:80 - create IPUIPlugin
2024-11-06 16:13:54,064 [INFO] PluginManager:220 - loadIPPluginJar : add tracer_emb
2024-11-06 16:13:54,093 [INFO] IPUIPlugin:80 - create IPUIPlugin
2024-11-06 16:13:54,094 [INFO] PluginManager:220 - loadIPPluginJar : add ts
2024-11-06 16:13:54,121 [INFO] IPUIPlugin:80 - create IPUIPlugin
2024-11-06 16:13:54,122 [INFO] PluginManager:220 - loadIPPluginJar : add tsc
2024-11-06 16:13:54,157 [INFO] IPUIPlugin:80 - create IPUIPlugin
2024-11-06 16:13:54,157 [INFO] PluginManager:220 - loadIPPluginJar : add ucpd
2024-11-06 16:13:54,217 [INFO] IPUIPlugin:80 - create IPUIPlugin
2024-11-06 16:13:54,218 [INFO] PluginManager:220 - loadIPPluginJar : add usart
2024-11-06 16:13:54,285 [INFO] IPUIPlugin:80 - create IPUIPlugin
2024-11-06 16:13:54,285 [INFO] PluginManager:220 - loadIPPluginJar : add usbx
2024-11-06 16:13:54,436 [INFO] CADModel:165 - CPN selected for project level
2024-11-06 16:13:54,437 [INFO] CADModel:114 - Register for checkConnection events
2024-11-06 16:13:54,437 [FATAL] Updater:308 - Updater called before beeing initialized
2024-11-06 16:13:54,437 [ERROR] CADModel:125 - Updater not yet initialized, retry later 
2024-11-06 16:13:54,635 [INFO] CADModel:165 - CPN selected for project level
2024-11-06 16:13:54,635 [INFO] CADModel:114 - Register for checkConnection events
2024-11-06 16:13:54,635 [FATAL] Updater:308 - Updater called before beeing initialized
2024-11-06 16:13:54,635 [ERROR] CADModel:125 - Updater not yet initialized, retry later 
2024-11-06 16:13:54,640 [FATAL] Updater:308 - Updater called before beeing initialized
2024-11-06 16:13:54,766 [FATAL] Updater:308 - Updater called before beeing initialized
2024-11-06 16:13:54,778 [INFO] DbMcusAds:53 - JSON generation date=Fri Sep 20 16:04:23 EEST 2024 (1726837463113)
2024-11-06 16:13:54,779 [FATAL] Updater:308 - Updater called before beeing initialized
2024-11-06 16:13:54,858 [WARN] DetailPanel:346 - Failed to get advertising image, set to default
2024-11-06 16:13:55,000 [FATAL] Updater:308 - Updater called before beeing initialized
2024-11-06 16:13:55,003 [FATAL] Updater:308 - Updater called before beeing initialized
2024-11-06 16:13:55,003 [FATAL] Updater:308 - Updater called before beeing initialized
2024-11-06 16:13:55,003 [WARN] DetailPanel:346 - Failed to get advertising image, set to default
2024-11-06 16:13:55,005 [FATAL] Updater:308 - Updater called before beeing initialized
2024-11-06 16:13:55,084 [ERROR] Updater:1120 - MainUpdater not yet initialized. External WinMGr cannot be set.
2024-11-06 16:13:55,100 [INFO] Updater:1056 - Updater Version found : 6.10.0
2024-11-06 16:13:55,124 [INFO] ApplicationProperties:184 - Using Application install path: C:\ST\STM32CubeIDE_1.14.1\STM32CubeIDE\plugins\com.st.stm32cube.common.mx_6.10.0.202311202037
2024-11-06 16:13:55,932 [INFO] MainUpdater:2873 - connection check result : 10
2024-11-06 16:13:55,933 [INFO] MainUpdater:3567 - Updater definition file requires update
2024-11-06 16:13:55,934 [INFO] MainUpdater:290 - Updater Check For Update Now.
2024-11-06 16:13:55,934 [INFO] MicroXplorer:498 - Change Database Version : DB.6.0.100
2024-11-06 16:13:55,959 [INFO] McuFinderGlobals:63 - Set McuFinder mode to 2 (CubeIDE integrated)
2024-11-06 16:13:55,978 [INFO] UserAuth:404 - Internet connection configuration mode: 1
2024-11-06 16:13:56,012 [INFO] JxBrowserEngine:152 - Initiate JxBrowser Engine with user profile folder
2024-11-06 16:13:56,241 [INFO] ServerAccessManage:473 - Download File updaters.zip
2024-11-06 16:13:56,346 [INFO] FileExtend:240 - Unzip File : updaters.zip
2024-11-06 16:13:56,346 [INFO] FileExtend:255 - Standard Zip Deflate
2024-11-06 16:13:56,537 [WARN] MainUpdater:1194 - Updater busy. Cannot search thirdparties
2024-11-06 16:13:56,537 [INFO] ThirdPartyUpdaterWithRetryManager:96 - Updater plugin is busy. [1/15]
2024-11-06 16:13:57,153 [INFO] ServerAccessManage:473 - Download File PacksControlFlags.xml
2024-11-06 16:13:57,560 [INFO] ServerAccessManage:473 - Download File cubemx.pidx
2024-11-06 16:13:57,752 [INFO] LoadServerUpdatesThread:375 - End of LoadServerUpdate Thread
2024-11-06 16:13:58,444 [INFO] CheckServerUpdateThread:120 - End of CheckServer Thread
2024-11-06 16:13:59,880 [WARN] PackLoader:240 - Cannot read IP mode file for STMicroelectronics.FP-SNS-MOTENVWB1.1.4.0
2024-11-06 16:13:59,905 [WARN] PackLoader:240 - Cannot read IP mode file for STMicroelectronics.X-CUBE-SMBUS.2.1.0
2024-11-06 16:13:59,935 [WARN] PackLoader:240 - Cannot read IP mode file for STMicroelectronics.X-CUBE-WB05N.1.1.0
2024-11-06 16:13:59,951 [WARN] PackLoader:240 - Cannot read IP mode file for STMicroelectronics.X-CUBE-TOUCHGFX.4.23.0
2024-11-06 16:13:59,965 [WARN] PackLoader:240 - Cannot read IP mode file for STMicroelectronics.X-CUBE-TOUCHGFX.4.23.2
2024-11-06 16:14:00,014 [WARN] PackLoader:240 - Cannot read IP mode file for STMicroelectronics.X-CUBE-AZRTOS-F7.1.1.0
2024-11-06 16:14:00,040 [WARN] PackLoader:240 - Cannot read IP mode file for STMicroelectronics.FP-SNS-MOTENV1.4.3.2
2024-11-06 16:14:00,141 [WARN] PackLoader:240 - Cannot read IP mode file for STMicroelectronics.X-CUBE-MEMS1.11.0.0
2024-11-06 16:14:00,378 [WARN] PackLoader:240 - Cannot read IP mode file for STMicroelectronics.FP-SNS-FLIGHT1.5.0.2
2024-11-06 16:14:00,401 [WARN] PackLoader:240 - Cannot read IP mode file for STMicroelectronics.X-CUBE-DISPLAY.3.0.0
2024-11-06 16:14:00,423 [WARN] PackLoader:240 - Cannot read IP mode file for STMicroelectronics.X-CUBE-BLE1.7.0.0
2024-11-06 16:14:00,444 [WARN] PackLoader:240 - Cannot read IP mode file for STMicroelectronics.X-CUBE-NFC10.1.0.0
2024-11-06 16:14:00,466 [WARN] PackLoader:240 - Cannot read IP mode file for emotas.I-CUBE-CANOPEN.1.3.0
2024-11-06 16:14:00,490 [WARN] PackLoader:240 - Cannot read IP mode file for STMicroelectronics.X-CUBE-BLEMGR.3.1.0
2024-11-06 16:14:00,509 [WARN] PackLoader:240 - Cannot read IP mode file for STMicroelectronics.FP-SNS-SMARTAG2.1.2.0
2024-11-06 16:14:00,543 [INFO] LogOutputStream:77 - [STDOUT_REDIRECT] 1 : Invalid condition id : UX_CORESTACK_Condition cause : null
2024-11-06 16:14:00,544 [INFO] LogOutputStream:77 - [STDOUT_REDIRECT] 1 : Invalid condition id : UX_CORESTACK_Condition cause : null
2024-11-06 16:14:00,546 [INFO] LogOutputStream:77 - [STDOUT_REDIRECT] 1 : Invalid condition id : UX_CORESTACK_Condition cause : null
2024-11-06 16:14:00,548 [INFO] LogOutputStream:77 - [STDOUT_REDIRECT] 1 : Invalid condition id : UX_CORESTACK_Condition cause : null
2024-11-06 16:14:00,550 [INFO] LogOutputStream:77 - [STDOUT_REDIRECT] 1 : Invalid condition id : UX_CORESTACK_Condition cause : null
2024-11-06 16:14:00,554 [WARN] PackLoader:240 - Cannot read IP mode file for STMicroelectronics.X-CUBE-AZRTOS-WL.2.0.0
2024-11-06 16:14:00,575 [WARN] PackLoader:240 - Cannot read IP mode file for STMicroelectronics.FP-SNS-MOTENV1.5.0.0
2024-11-06 16:14:00,591 [WARN] PackLoader:240 - Cannot read IP mode file for wolfSSL.I-CUBE-wolfMQTT.1.19.0
2024-11-06 16:14:00,609 [WARN] PackLoader:240 - Cannot read IP mode file for WES.I-CUBE-Cesium.1.3.0
2024-11-06 16:14:00,627 [WARN] PackLoader:240 - Cannot read IP mode file for STMicroelectronics.X-CUBE-BLE2.3.3.0
2024-11-06 16:14:00,645 [WARN] PackLoader:240 - Cannot read IP mode file for STMicroelectronics.X-CUBE-NFC9.1.0.0
2024-11-06 16:14:00,666 [WARN] PackLoader:240 - Cannot read IP mode file for STMicroelectronics.X-CUBE-TCPP.4.1.0
2024-11-06 16:14:00,696 [WARN] PackLoader:240 - Cannot read IP mode file for STMicroelectronics.X-CUBE-ALGOBUILD.1.3.0
2024-11-06 16:14:00,736 [WARN] PackLoader:240 - Cannot read IP mode file for STMicroelectronics.X-CUBE-AZRTOS-G0.1.1.0
2024-11-06 16:14:00,757 [WARN] PackLoader:240 - Cannot read IP mode file for STMicroelectronics.X-CUBE-SAFEA1.1.2.2
2024-11-06 16:14:00,775 [WARN] PackLoader:240 - Cannot read IP mode file for STMicroelectronics.X-CUBE-NFC4.3.0.0
2024-11-06 16:14:00,799 [WARN] PackLoader:240 - Cannot read IP mode file for EmbeddedOffice.I-CUBE-FS-RTOS.1.0.1
2024-11-06 16:14:00,800 [ERROR] ConditionMgr:805 - Attr not supported : Dmpu
2024-11-06 16:14:00,800 [ERROR] ConditionMgr:805 - Attr not supported : Dmpu
2024-11-06 16:14:00,800 [ERROR] ConditionMgr:805 - Attr not supported : Dmpu
2024-11-06 16:14:00,800 [ERROR] ConditionMgr:805 - Attr not supported : Dmpu
2024-11-06 16:14:00,800 [ERROR] ConditionMgr:805 - Attr not supported : Dmpu
2024-11-06 16:14:00,800 [ERROR] ConditionMgr:805 - Attr not supported : Dmpu
2024-11-06 16:14:00,800 [ERROR] ConditionMgr:805 - Attr not supported : Dmpu
2024-11-06 16:14:00,800 [ERROR] ConditionMgr:805 - Attr not supported : Dmpu
2024-11-06 16:14:00,800 [ERROR] ConditionMgr:805 - Attr not supported : Dmpu
2024-11-06 16:14:00,800 [ERROR] ConditionMgr:805 - Attr not supported : Dmpu
2024-11-06 16:14:00,800 [ERROR] ConditionMgr:805 - Attr not supported : Dmpu
2024-11-06 16:14:00,800 [ERROR] ConditionMgr:805 - Attr not supported : Dmpu
2024-11-06 16:14:00,801 [ERROR] ConditionMgr:805 - Attr not supported : Dmpu
2024-11-06 16:14:00,801 [ERROR] ConditionMgr:805 - Attr not supported : Dmpu
2024-11-06 16:14:00,801 [ERROR] ConditionMgr:805 - Attr not supported : Dmpu
2024-11-06 16:14:00,801 [ERROR] ConditionMgr:805 - Attr not supported : Dmpu
2024-11-06 16:14:00,801 [ERROR] ConditionMgr:805 - Attr not supported : Dmpu
2024-11-06 16:14:00,801 [ERROR] ConditionMgr:805 - Attr not supported : Dmpu
2024-11-06 16:14:00,801 [ERROR] ConditionMgr:805 - Attr not supported : Dmpu
2024-11-06 16:14:00,801 [ERROR] ConditionMgr:805 - Attr not supported : Dmpu
2024-11-06 16:14:00,801 [ERROR] ConditionMgr:805 - Attr not supported : Dmpu
2024-11-06 16:14:00,801 [ERROR] ConditionMgr:805 - Attr not supported : Dmpu
2024-11-06 16:14:00,802 [ERROR] ConditionMgr:805 - Attr not supported : Dmpu
2024-11-06 16:14:00,802 [ERROR] ConditionMgr:805 - Attr not supported : Dmpu
2024-11-06 16:14:00,802 [ERROR] ConditionMgr:805 - Attr not supported : Dmpu
2024-11-06 16:14:00,802 [ERROR] ConditionMgr:805 - Attr not supported : Dmpu
2024-11-06 16:14:00,802 [ERROR] ConditionMgr:805 - Attr not supported : Dmpu
2024-11-06 16:14:00,802 [ERROR] ConditionMgr:805 - Attr not supported : Dmpu
2024-11-06 16:14:00,802 [ERROR] ConditionMgr:805 - Attr not supported : Dmpu
2024-11-06 16:14:00,802 [ERROR] ConditionMgr:805 - Attr not supported : Dmpu
2024-11-06 16:14:00,802 [ERROR] ConditionMgr:805 - Attr not supported : Dmpu
2024-11-06 16:14:00,802 [ERROR] ConditionMgr:805 - Attr not supported : Dmpu
2024-11-06 16:14:00,803 [ERROR] ConditionMgr:805 - Attr not supported : Dmpu
2024-11-06 16:14:00,803 [ERROR] ConditionMgr:805 - Attr not supported : Dmpu
2024-11-06 16:14:00,803 [ERROR] ConditionMgr:805 - Attr not supported : Dmpu
2024-11-06 16:14:00,803 [ERROR] ConditionMgr:805 - Attr not supported : Dmpu
2024-11-06 16:14:00,803 [ERROR] ConditionMgr:805 - Attr not supported : Dmpu
2024-11-06 16:14:00,803 [ERROR] ConditionMgr:805 - Attr not supported : Dmpu
2024-11-06 16:14:00,803 [ERROR] ConditionMgr:805 - Attr not supported : Dmpu
2024-11-06 16:14:00,803 [ERROR] ConditionMgr:805 - Attr not supported : Dmpu
2024-11-06 16:14:00,803 [ERROR] ConditionMgr:805 - Attr not supported : Dmpu
2024-11-06 16:14:00,803 [ERROR] ConditionMgr:805 - Attr not supported : Dmpu
2024-11-06 16:14:00,803 [ERROR] ConditionMgr:805 - Attr not supported : Dmpu
2024-11-06 16:14:00,803 [ERROR] ConditionMgr:805 - Attr not supported : Dmpu
2024-11-06 16:14:00,803 [ERROR] ConditionMgr:805 - Attr not supported : Dmpu
2024-11-06 16:14:00,804 [ERROR] ConditionMgr:805 - Attr not supported : Dmpu
2024-11-06 16:14:00,804 [ERROR] ConditionMgr:805 - Attr not supported : Dmpu
2024-11-06 16:14:00,804 [ERROR] ConditionMgr:805 - Attr not supported : Dmpu
2024-11-06 16:14:00,804 [ERROR] ConditionMgr:805 - Attr not supported : Dmpu
2024-11-06 16:14:00,804 [ERROR] ConditionMgr:805 - Attr not supported : Dmpu
2024-11-06 16:14:00,804 [ERROR] ConditionMgr:805 - Attr not supported : Dmpu
2024-11-06 16:14:00,804 [ERROR] ConditionMgr:805 - Attr not supported : Dmpu
2024-11-06 16:14:00,804 [ERROR] ConditionMgr:805 - Attr not supported : Dmpu
2024-11-06 16:14:00,804 [ERROR] ConditionMgr:805 - Attr not supported : Dmpu
2024-11-06 16:14:00,804 [ERROR] ConditionMgr:805 - Attr not supported : Dmpu
2024-11-06 16:14:00,804 [ERROR] ConditionMgr:805 - Attr not supported : Dmpu
2024-11-06 16:14:00,804 [ERROR] ConditionMgr:805 - Attr not supported : Dmpu
2024-11-06 16:14:00,804 [ERROR] ConditionMgr:805 - Attr not supported : Dmpu
2024-11-06 16:14:00,804 [ERROR] ConditionMgr:805 - Attr not supported : Dmpu
2024-11-06 16:14:00,804 [ERROR] ConditionMgr:805 - Attr not supported : Dmpu
2024-11-06 16:14:00,804 [ERROR] ConditionMgr:805 - Attr not supported : Dmpu
2024-11-06 16:14:00,804 [ERROR] ConditionMgr:805 - Attr not supported : Dmpu
2024-11-06 16:14:00,805 [ERROR] ConditionMgr:805 - Attr not supported : Dmpu
2024-11-06 16:14:00,805 [ERROR] ConditionMgr:805 - Attr not supported : Dmpu
2024-11-06 16:14:00,825 [WARN] PackLoader:240 - Cannot read IP mode file for STMicroelectronics.X-CUBE-BLEMGR.3.0.0
2024-11-06 16:14:00,847 [WARN] PackLoader:240 - Cannot read IP mode file for RealThread.X-CUBE-RT-Thread_Nano.4.1.1
2024-11-06 16:14:00,864 [WARN] PackLoader:240 - Cannot read IP mode file for STMicroelectronics.FP-ATR-SIGFOX1.3.2.0
2024-11-06 16:14:00,897 [WARN] PackLoader:240 - Cannot read IP mode file for STMicroelectronics.X-CUBE-EEPRMA1.5.1.0
2024-11-06 16:14:00,950 [WARN] PackLoader:240 - Cannot read IP mode file for SEGGER.I-CUBE-embOS.1.3.1
2024-11-06 16:14:01,020 [WARN] PackLoader:240 - Cannot read IP mode file for STMicroelectronics.X-CUBE-ALGOBUILD.1.4.0
2024-11-06 16:14:01,037 [WARN] PackLoader:240 - Cannot read IP mode file for STMicroelectronics.X-CUBE-AI.9.1.0
2024-11-06 16:14:01,059 [WARN] PackLoader:240 - Cannot read IP mode file for STMicroelectronics.X-CUBE-GNSS1.6.0.0
2024-11-06 16:14:01,093 [WARN] PackLoader:240 - Cannot read IP mode file for STMicroelectronics.X-CUBE-AZRTOS-F4.1.1.0
2024-11-06 16:14:01,115 [WARN] PackLoader:240 - Cannot read IP mode file for STMicroelectronics.X-CUBE-ISPU.2.1.0
2024-11-06 16:14:01,130 [WARN] PackLoader:240 - Cannot read IP mode file for STMicroelectronics.X-CUBE-FREERTOS.1.2.0
2024-11-06 16:14:01,147 [WARN] PackLoader:240 - Cannot read IP mode file for wolfSSL.I-CUBE-wolfSSL.5.6.6
2024-11-06 16:14:01,199 [WARN] PackLoader:240 - Cannot read IP mode file for STMicroelectronics.X-CUBE-AZRTOS-L5.2.0.0
2024-11-06 16:14:01,217 [WARN] PackLoader:240 - Cannot read IP mode file for STMicroelectronics.X-CUBE-EEPRMA1.4.2.0
2024-11-06 16:14:01,239 [WARN] PackLoader:240 - Cannot read IP mode file for STMicroelectronics.X-CUBE-NFC6.3.1.0
2024-11-06 16:14:01,258 [WARN] PackLoader:240 - Cannot read IP mode file for ITTIA_DB.I-CUBE-ITTIADB.8.8.0
2024-11-06 16:14:01,276 [WARN] PackLoader:240 - Cannot read IP mode file for STMicroelectronics.X-CUBE-DPower.1.2.0
2024-11-06 16:14:01,295 [WARN] PackLoader:240 - Cannot read IP mode file for STMicroelectronics.X-CUBE-AI.9.0.0
2024-11-06 16:14:01,314 [WARN] PackLoader:240 - Cannot read IP mode file for STMicroelectronics.X-CUBE-NFC7.1.0.1
2024-11-06 16:14:01,336 [WARN] PackLoader:240 - Cannot read IP mode file for STMicroelectronics.X-CUBE-NFC6.3.0.0
2024-11-06 16:14:01,353 [WARN] PackLoader:240 - Cannot read IP mode file for STMicroelectronics.X-CUBE-AI.8.1.0
2024-11-06 16:14:01,395 [WARN] ConditionMgr:438 - getConditionDescription Invalid condition id : LAN8742 Phy interface Condition cause : null
2024-11-06 16:14:01,396 [WARN] PackLoader:240 - Cannot read IP mode file for STMicroelectronics.X-CUBE-AZRTOS-L4.2.0.0
2024-11-06 16:14:01,398 [WARN] ConditionMgr:1039 - genDependencies : Invalid condition id : LAN8742 Phy interface Condition cause : null
2024-11-06 16:14:01,398 [WARN] ConditionMgr:1039 - genDependencies : Invalid condition id : LAN8742 Phy interface Condition cause : null
2024-11-06 16:14:01,399 [WARN] ConditionMgr:1039 - genDependencies : Invalid condition id : LAN8742 Phy interface Condition cause : null
2024-11-06 16:14:01,421 [WARN] PackLoader:240 - Cannot read IP mode file for STMicroelectronics.X-CUBE-SFXS2LP1.4.0.0
2024-11-06 16:14:01,473 [WARN] PackLoader:240 - Cannot read IP mode file for STMicroelectronics.X-CUBE-AZRTOS-H7.3.3.0
2024-11-06 16:14:01,506 [WARN] PackLoader:240 - Cannot read IP mode file for STMicroelectronics.X-CUBE-IPS.3.0.0
2024-11-06 16:14:01,554 [WARN] ConditionMgr:438 - getConditionDescription Invalid condition id : UX DEVICE CLASS RTOS Condition cause : null
2024-11-06 16:14:01,554 [WARN] ConditionMgr:438 - getConditionDescription Invalid condition id : UX DEVICE CLASS RTOS Condition cause : null
2024-11-06 16:14:01,558 [WARN] PackLoader:240 - Cannot read IP mode file for STMicroelectronics.X-CUBE-AZRTOS-WB.2.0.0
2024-11-06 16:14:01,558 [WARN] ConditionMgr:1039 - genDependencies : Invalid condition id : UX DEVICE CLASS RTOS Condition cause : null
2024-11-06 16:14:01,559 [WARN] ConditionMgr:1039 - genDependencies : Invalid condition id : UX DEVICE CLASS RTOS Condition cause : null
2024-11-06 16:14:01,559 [WARN] ConditionMgr:1039 - genDependencies : Invalid condition id : UX DEVICE CLASS RTOS Condition cause : null
2024-11-06 16:14:01,560 [WARN] ConditionMgr:1039 - genDependencies : Invalid condition id : UX DEVICE CLASS RTOS Condition cause : null
2024-11-06 16:14:01,561 [WARN] ConditionMgr:1039 - genDependencies : Invalid condition id : UX DEVICE CLASS RTOS Condition cause : null
2024-11-06 16:14:01,583 [WARN] PackLoader:240 - Cannot read IP mode file for STMicroelectronics.X-CUBE-GNSS1.7.0.0
2024-11-06 16:14:01,604 [WARN] PackLoader:240 - Cannot read IP mode file for STMicroelectronics.FP-SNS-STBOX1.2.0.0
2024-11-06 16:14:01,637 [WARN] PackLoader:240 - Cannot read IP mode file for STMicroelectronics.X-CUBE-SUBG2.5.0.0
2024-11-06 16:14:01,684 [WARN] PackLoader:240 - Cannot read IP mode file for STMicroelectronics.X-CUBE-AZRTOS-G4.2.0.0
2024-11-06 16:14:01,719 [WARN] PackLoader:240 - Cannot read IP mode file for Infineon.AIROC-Wi-Fi-Bluetooth-STM32.1.5.1
2024-11-06 16:14:01,740 [WARN] PackLoader:240 - Cannot read IP mode file for STMicroelectronics.FP-SNS-MOTENVWB1.1.3.1
2024-11-06 16:14:01,758 [WARN] PackLoader:240 - Cannot read IP mode file for STMicroelectronics.X-CUBE-ISPU.2.0.0
2024-11-06 16:14:01,777 [WARN] PackLoader:240 - Cannot read IP mode file for STMicroelectronics.X-CUBE-ALS.1.0.2
2024-11-06 16:14:01,857 [WARN] PackLoader:240 - Cannot read IP mode file for STMicroelectronics.X-CUBE-MEMS1.10.0.0
2024-11-06 16:14:01,988 [WARN] PackLoader:240 - Cannot read IP mode file for STMicroelectronics.X-CUBE-FREERTOS.1.1.0
2024-11-06 16:14:02,007 [WARN] PackLoader:240 - Cannot read IP mode file for STMicroelectronics.X-CUBE-TOUCHGFX.4.24.0
2024-11-06 16:14:02,026 [WARN] PackLoader:240 - Cannot read IP mode file for STMicroelectronics.X-CUBE-TOUCHGFX.4.24.1
2024-11-06 16:14:02,044 [WARN] PackLoader:240 - Cannot read IP mode file for wolfSSL.I-CUBE-wolfTPM.3.4.0
2024-11-06 16:14:02,064 [WARN] PackLoader:240 - Cannot read IP mode file for portGmbH.I-Cube-SoM-uGOAL.1.1.0
2024-11-06 16:14:02,081 [WARN] PackLoader:240 - Cannot read IP mode file for STMicroelectronics.X-CUBE-ALS.1.0.1
2024-11-06 16:14:02,130 [WARN] PackLoader:240 - Cannot read IP mode file for STMicroelectronics.X-CUBE-AZRTOS-H7RS.1.0.0
2024-11-06 16:14:02,146 [WARN] PackLoader:240 - Cannot read IP mode file for STMicroelectronics.FP-ATR-ASTRA1.2.0.0
2024-11-06 16:14:02,168 [WARN] PackLoader:240 - Cannot read IP mode file for STMicroelectronics.X-CUBE-TOF1.3.4.2
2024-11-06 16:14:02,201 [WARN] PackLoader:240 - Cannot read IP mode file for STMicroelectronics.X-CUBE-TOF1.3.4.0
2024-11-06 16:14:02,233 [WARN] PackLoader:240 - Cannot read IP mode file for STMicroelectronics.X-CUBE-TOF1.3.4.1
2024-11-06 16:14:02,280 [WARN] PackLoader:240 - Cannot read IP mode file for STMicroelectronics.X-CUBE-AZRTOS-H7.3.2.0
2024-11-06 16:14:02,300 [WARN] PackLoader:240 - Cannot read IP mode file for wolfSSL.I-CUBE-wolfSSH.1.4.17
2024-11-06 16:14:02,301 [INFO] ThirdParty:978 - Integrity check success = true
2024-11-06 16:14:02,301 [INFO] IntegrityCheckThread:100 - exiting critical section [integrity check]
2024-11-06 16:14:02,301 [INFO] IntegrityCheckThread:103 - End integrity checks thread
2024-11-06 16:14:05,024 [INFO] WebApp:161 - Instantiating new browser for Auth
2024-11-06 16:14:05,837 [INFO] WebApp:780 - Register for checkConnection events
2024-11-06 16:14:05,837 [INFO] WebApp:414 - Apply proxy settings
2024-11-06 16:14:05,837 [INFO] WebApp:499 - Chromium requires no authentication
2024-11-06 16:14:05,847 [INFO] WebApp:442 - Direct internet connection detected
2024-11-06 16:14:06,048 [INFO] WebApp:192 - Starting web application
2024-11-06 16:14:06,048 [INFO] WebApp:544 - Web application path used C:\ST\STM32CubeIDE_1.14.1\STM32CubeIDE\plugins\com.st.stm32cube.common.mx_6.10.0.202311202037\db\plugins\mcufinder\reactClient1\index.html
2024-11-06 16:14:27,763 [ERROR] LogOutputStream:75 - [STDERR_REDIRECT] SLF4J: Failed to load class "org.slf4j.impl.StaticLoggerBinder".
2024-11-06 16:14:27,764 [ERROR] LogOutputStream:75 - [STDERR_REDIRECT] SLF4J: Defaulting to no-operation (NOP) logger implementation
2024-11-06 16:14:27,767 [ERROR] LogOutputStream:75 - [STDERR_REDIRECT] SLF4J: See http://www.slf4j.org/codes.html#StaticLoggerBinder for further details.
2024-11-06 17:01:39,958 [ERROR] LogOutputStream:75 - [STDERR_REDIRECT] 
2024-11-06 17:01:50,279 [INFO] Activator:176 - 


2024-11-06 17:01:50,281 [INFO] Activator:177 - !SESSION log4j initialized
2024-11-06 17:01:54,509 [INFO] LogOutputStream:77 - [STDOUT_REDIRECT] 
2024-11-06 17:01:57,412 [INFO] ApplicationProperties:184 - Using Application install path: C:\ST\STM32CubeIDE_1.14.1\STM32CubeIDE\plugins\com.st.stm32cube.common.mx_6.10.0.202311202037
2024-11-06 17:01:57,427 [INFO] DbMcusXml:78 - Set database path to: C:\ST\STM32CubeIDE_1.14.1\STM32CubeIDE\plugins\com.st.stm32cube.common.mx_6.10.0.202311202037\\db\/mcu/
2024-11-06 17:01:57,428 [INFO] ApiDb:274 - Set plugin database path to: C:\ST\STM32CubeIDE_1.14.1\STM32CubeIDE\plugins\com.st.stm32cube.common.mx_6.10.0.202311202037\\db\/plugins/boardmanager/
2024-11-06 17:01:57,429 [WARN] ApiDb:259 - Overriding images path with different value:  => C:\ST\STM32CubeIDE_1.14.1\STM32CubeIDE\plugins\com.st.stm32cube.common.mx_6.10.0.202311202037\\db\/plugins/mcufinder/images/
2024-11-06 17:01:57,433 [INFO] ApiDb:250 - Set database path to: C:\Users\tkach\.stmcufinder\plugins\mcufinder//mcu/
2024-11-06 17:01:57,434 [INFO] DbMcusAds:125 - Set database path to: C:\Users\tkach\.stmcufinder\plugins\mcufinder//mcu/
2024-11-06 17:01:57,436 [INFO] CrossReferenceDbSqlite:203 - Set database path to: C:\Users\tkach\.stmcufinder\plugins\mcufinder//mcu/cs/
2024-11-06 17:01:57,528 [INFO] RulesReader:64 - Compatibility file has been processed (297 Rules)
2024-11-06 17:01:57,607 [INFO] DbMcusXml:78 - Set database path to: C:\ST\STM32CubeIDE_1.14.1\STM32CubeIDE\plugins\com.st.stm32cube.common.mx_6.10.0.202311202037\\db\/mcu/
2024-11-06 17:01:57,607 [INFO] ApiDb:274 - Set plugin database path to: C:\ST\STM32CubeIDE_1.14.1\STM32CubeIDE\plugins\com.st.stm32cube.common.mx_6.10.0.202311202037\\db\/plugins/boardmanager/
2024-11-06 17:01:57,607 [INFO] ApiDb:261 - Set plugin images path to: C:\ST\STM32CubeIDE_1.14.1\STM32CubeIDE\plugins\com.st.stm32cube.common.mx_6.10.0.202311202037\\db\/plugins/mcufinder/images/
2024-11-06 17:01:57,607 [WARN] DbFile:41 - Overriding database path with different value: C:\Users\tkach\.stmcufinder\plugins\mcufinder/ => C:\Users\tkach\.stmcufinder\plugins\mcufinder
2024-11-06 17:01:57,608 [INFO] ApiDb:250 - Set database path to: C:\Users\tkach\.stmcufinder\plugins\mcufinder//mcu/
2024-11-06 17:01:57,608 [WARN] DbFile:41 - Overriding database path with different value: C:\Users\tkach\.stmcufinder\plugins\mcufinder/ => C:\Users\tkach\.stmcufinder\plugins\mcufinder
2024-11-06 17:01:57,608 [INFO] DbMcusAds:125 - Set database path to: C:\Users\tkach\.stmcufinder\plugins\mcufinder//mcu/
2024-11-06 17:01:57,608 [WARN] DbFile:41 - Overriding database path with different value: C:\Users\tkach\.stmcufinder\plugins\mcufinder/ => C:\Users\tkach\.stmcufinder\plugins\mcufinder
2024-11-06 17:01:57,608 [WARN] DbFile:41 - Overriding database path with different value: C:\Users\tkach\.stmcufinder\plugins\mcufinder/ => C:\Users\tkach\.stmcufinder\plugins\mcufinder
2024-11-06 17:01:57,608 [INFO] CrossReferenceDbSqlite:203 - Set database path to: C:\Users\tkach\.stmcufinder\plugins\mcufinder//mcu/cs/
2024-11-06 17:01:57,678 [INFO] MainPanel:264 - HeapMemory: 268435456
2024-11-06 17:01:57,768 [INFO] DbMcusXml:78 - Set database path to: C:\ST\STM32CubeIDE_1.14.1\STM32CubeIDE\plugins\com.st.stm32cube.common.mx_6.10.0.202311202037\\db\/mcu/
2024-11-06 17:01:57,768 [INFO] ApiDb:274 - Set plugin database path to: C:\ST\STM32CubeIDE_1.14.1\STM32CubeIDE\plugins\com.st.stm32cube.common.mx_6.10.0.202311202037\\db\/plugins/boardmanager/
2024-11-06 17:01:57,768 [INFO] ApiDb:261 - Set plugin images path to: C:\ST\STM32CubeIDE_1.14.1\STM32CubeIDE\plugins\com.st.stm32cube.common.mx_6.10.0.202311202037\\db\/plugins/mcufinder/images/
2024-11-06 17:01:57,768 [WARN] DbFile:41 - Overriding database path with different value: C:\Users\tkach\.stmcufinder\plugins\mcufinder/ => C:\Users\tkach\.stmcufinder\plugins\mcufinder
2024-11-06 17:01:57,768 [INFO] ApiDb:250 - Set database path to: C:\Users\tkach\.stmcufinder\plugins\mcufinder//mcu/
2024-11-06 17:01:57,768 [WARN] DbFile:41 - Overriding database path with different value: C:\Users\tkach\.stmcufinder\plugins\mcufinder/ => C:\Users\tkach\.stmcufinder\plugins\mcufinder
2024-11-06 17:01:57,768 [INFO] DbMcusAds:125 - Set database path to: C:\Users\tkach\.stmcufinder\plugins\mcufinder//mcu/
2024-11-06 17:01:57,768 [WARN] DbFile:41 - Overriding database path with different value: C:\Users\tkach\.stmcufinder\plugins\mcufinder/ => C:\Users\tkach\.stmcufinder\plugins\mcufinder
2024-11-06 17:01:57,768 [WARN] DbFile:41 - Overriding database path with different value: C:\Users\tkach\.stmcufinder\plugins\mcufinder/ => C:\Users\tkach\.stmcufinder\plugins\mcufinder
2024-11-06 17:01:57,769 [INFO] CrossReferenceDbSqlite:203 - Set database path to: C:\Users\tkach\.stmcufinder\plugins\mcufinder//mcu/cs/
2024-11-06 17:01:57,786 [INFO] ApplicationProperties:184 - Using Application install path: C:\ST\STM32CubeIDE_1.14.1\STM32CubeIDE\plugins\com.st.stm32cube.common.mx_6.10.0.202311202037
2024-11-06 17:01:57,787 [INFO] PluginManage:196 - Search for loadable plugins [exclusion list=, ]
2024-11-06 17:01:57,789 [INFO] PluginManage:310 - Check plugin analytics
2024-11-06 17:01:57,920 [INFO] AnalyticsPlugin:253 - Accepted Software Licenses: 
2024-11-06 17:01:57,921 [INFO] AnalyticsPlugin:255 - Accepted CMSIS Pack Licenses: 
2024-11-06 17:01:57,921 [INFO] AnalyticsPlugin:257 - Accepted Firmware Licenses: 
2024-11-06 17:01:57,923 [INFO] PluginManage:359 - Loaded plugin analytics (category:tool,tabindex:-1)
2024-11-06 17:01:57,923 [INFO] PluginManage:310 - Check plugin cadmodel
2024-11-06 17:01:57,927 [INFO] CADModel:105 - Init CAD model plugin
2024-11-06 17:01:57,927 [INFO] PluginManage:359 - Loaded plugin cadmodel (category:power,tabindex:5)
2024-11-06 17:01:57,927 [INFO] PluginManage:310 - Check plugin clock
2024-11-06 17:01:57,935 [INFO] PluginManage:359 - Loaded plugin clock (category:base,tabindex:2)
2024-11-06 17:01:57,935 [INFO] PluginManage:310 - Check plugin ddr
2024-11-06 17:01:57,938 [INFO] PluginManage:359 - Loaded plugin ddr (category:tool,tabindex:6)
2024-11-06 17:01:57,938 [INFO] PluginManage:310 - Check plugin filemanager
2024-11-06 17:01:58,057 [INFO] PluginManage:359 - Loaded plugin filemanager (category:base,tabindex:10)
2024-11-06 17:01:58,057 [INFO] PluginManage:310 - Check plugin ipmanager
2024-11-06 17:01:58,064 [INFO] PluginManage:359 - Loaded plugin ipmanager (category:base,tabindex:5)
2024-11-06 17:01:58,064 [INFO] PluginManage:310 - Check plugin lpbam
2024-11-06 17:01:58,072 [INFO] PluginManage:359 - Loaded plugin lpbam (category:base,tabindex:0)
2024-11-06 17:01:58,072 [INFO] PluginManage:310 - Check plugin memorymap
2024-11-06 17:01:58,087 [INFO] PluginManage:359 - Loaded plugin memorymap (category:base,tabindex:4)
2024-11-06 17:01:58,087 [INFO] PluginManage:310 - Check plugin pinoutandconfiguration
2024-11-06 17:01:58,093 [INFO] PluginManage:359 - Loaded plugin pinoutandconfiguration (category:base,tabindex:1)
2024-11-06 17:01:58,093 [INFO] PluginManage:310 - Check plugin pinoutconfig
2024-11-06 17:01:58,180 [WARN] SupportedApi:132 - Cannot load RTOS API schema: s4s-elt-must-match.1: The content of 'definitions' must match (annotation?, (simpleType | complexType)?, (unique | key | keyref)*)). A problem was found starting at: attribute.
2024-11-06 17:01:58,315 [INFO] PluginManage:359 - Loaded plugin pinoutconfig (category:base,tabindex:0)
2024-11-06 17:01:58,316 [INFO] PluginManage:310 - Check plugin power
2024-11-06 17:01:58,327 [INFO] PluginManage:359 - Loaded plugin power (category:power,tabindex:4)
2024-11-06 17:01:58,327 [INFO] PluginManage:310 - Check plugin projectmanager
2024-11-06 17:01:58,347 [INFO] PluginManage:359 - Loaded plugin projectmanager (category:projectmanager,tabindex:3)
2024-11-06 17:01:58,347 [INFO] PluginManage:310 - Check plugin thirdparty
2024-11-06 17:01:58,476 [INFO] PluginManage:359 - Loaded plugin thirdparty (category:base,tabindex:-1)
2024-11-06 17:01:58,476 [INFO] PluginManage:310 - Check plugin tools
2024-11-06 17:01:58,476 [WARN] IntegrityCheckThread:84 - waiting for thirdparty lock release [integrity check]
2024-11-06 17:01:58,477 [INFO] IntegrityCheckThread:86 - entering critical section [integrity check]
2024-11-06 17:01:58,477 [INFO] ThirdPartyUpdaterWithRetryManager:70 - Updater plugin not ready yet. [1/15]
2024-11-06 17:01:58,479 [INFO] PluginManage:359 - Loaded plugin tools (category:base,tabindex:7)
2024-11-06 17:01:58,479 [INFO] PluginManage:310 - Check plugin tutovideos
2024-11-06 17:01:58,633 [INFO] PluginManage:359 - Loaded plugin tutovideos (category:base,tabindex:-1)
2024-11-06 17:01:58,633 [INFO] PluginManage:310 - Check plugin updater
2024-11-06 17:01:58,642 [INFO] PluginManage:359 - Loaded plugin updater (category:base,tabindex:12)
2024-11-06 17:01:58,642 [INFO] PluginManage:310 - Check plugin userauth
2024-11-06 17:01:58,647 [INFO] UserAuth:114 - Init User Auth plugin
2024-11-06 17:01:58,647 [INFO] PluginManage:359 - Loaded plugin userauth (category:base,tabindex:14)
2024-11-06 17:01:58,648 [INFO] PluginManage:283 - PluginManage : Loaded plugins [17]
2024-11-06 17:01:58,834 [INFO] PinOutPanel:1499 - setPackage(No Configuration,No Configuration)
2024-11-06 17:01:58,896 [INFO] CADModel:165 - CPN selected for project level
2024-11-06 17:01:58,896 [INFO] CADModel:114 - Register for checkConnection events
2024-11-06 17:01:58,913 [INFO] IPUIPlugin:80 - create IPUIPlugin
2024-11-06 17:01:58,913 [INFO] PluginManager:220 - loadIPPluginJar : add adc
2024-11-06 17:01:58,915 [INFO] IPUIPlugin:80 - create IPUIPlugin
2024-11-06 17:01:58,915 [INFO] PluginManager:220 - loadIPPluginJar : add aes
2024-11-06 17:01:58,918 [INFO] IPUIPlugin:80 - create IPUIPlugin
2024-11-06 17:01:58,918 [INFO] PluginManager:220 - loadIPPluginJar : add can
2024-11-06 17:01:58,919 [INFO] IPUIPlugin:80 - create IPUIPlugin
2024-11-06 17:01:58,919 [INFO] PluginManager:220 - loadIPPluginJar : add comp
2024-11-06 17:01:58,921 [INFO] IPUIPlugin:80 - create IPUIPlugin
2024-11-06 17:01:58,921 [INFO] PluginManager:220 - loadIPPluginJar : add cryp
2024-11-06 17:01:58,923 [INFO] IPUIPlugin:80 - create IPUIPlugin
2024-11-06 17:01:58,923 [INFO] PluginManager:220 - loadIPPluginJar : add dfsdm
2024-11-06 17:01:58,928 [INFO] IPUIPlugin:80 - create IPUIPlugin
2024-11-06 17:01:58,929 [INFO] PluginManager:220 - loadIPPluginJar : add dma
2024-11-06 17:01:58,932 [INFO] IPUIPlugin:80 - create IPUIPlugin
2024-11-06 17:01:58,932 [INFO] PluginManager:220 - loadIPPluginJar : add dma3
2024-11-06 17:01:58,933 [INFO] IPUIPlugin:80 - create IPUIPlugin
2024-11-06 17:01:58,933 [INFO] PluginManager:220 - loadIPPluginJar : add fatfs
2024-11-06 17:01:58,937 [INFO] IPUIPlugin:80 - create IPUIPlugin
2024-11-06 17:01:58,937 [INFO] PluginManager:220 - loadIPPluginJar : add fmc
2024-11-06 17:01:58,941 [INFO] IPUIPlugin:80 - create IPUIPlugin
2024-11-06 17:01:58,941 [INFO] PluginManager:220 - loadIPPluginJar : add freertos
2024-11-06 17:01:58,942 [INFO] IPUIPlugin:80 - create IPUIPlugin
2024-11-06 17:01:58,942 [INFO] PluginManager:220 - loadIPPluginJar : add genericplugin
2024-11-06 17:01:58,944 [INFO] IPUIPlugin:80 - create IPUIPlugin
2024-11-06 17:01:58,944 [INFO] PluginManager:220 - loadIPPluginJar : add gfxmmu
2024-11-06 17:01:58,948 [INFO] IPUIPlugin:80 - create IPUIPlugin
2024-11-06 17:01:58,948 [INFO] PluginManager:220 - loadIPPluginJar : add gic
2024-11-06 17:01:58,951 [INFO] IPUIPlugin:80 - create IPUIPlugin
2024-11-06 17:01:58,951 [INFO] PluginManager:220 - loadIPPluginJar : add gpio
2024-11-06 17:01:58,953 [INFO] IPUIPlugin:80 - create IPUIPlugin
2024-11-06 17:01:58,953 [INFO] PluginManager:220 - loadIPPluginJar : add gtzc
2024-11-06 17:01:58,954 [INFO] IPUIPlugin:80 - create IPUIPlugin
2024-11-06 17:01:58,954 [INFO] PluginManager:220 - loadIPPluginJar : add hash
2024-11-06 17:01:58,956 [INFO] IPUIPlugin:80 - create IPUIPlugin
2024-11-06 17:01:58,956 [INFO] PluginManager:220 - loadIPPluginJar : add i2c
2024-11-06 17:01:58,958 [INFO] IPUIPlugin:80 - create IPUIPlugin
2024-11-06 17:01:58,958 [INFO] PluginManager:220 - loadIPPluginJar : add i2s
2024-11-06 17:01:58,960 [INFO] IPUIPlugin:80 - create IPUIPlugin
2024-11-06 17:01:58,960 [INFO] PluginManager:220 - loadIPPluginJar : add i3c
2024-11-06 17:01:58,964 [INFO] IPUIPlugin:80 - create IPUIPlugin
2024-11-06 17:01:58,964 [INFO] PluginManager:220 - loadIPPluginJar : add ipddr
2024-11-06 17:01:58,969 [INFO] IPUIPlugin:80 - create IPUIPlugin
2024-11-06 17:01:58,969 [INFO] PluginManager:220 - loadIPPluginJar : add linkedlist
2024-11-06 17:01:58,970 [INFO] IPUIPlugin:80 - create IPUIPlugin
2024-11-06 17:01:58,970 [INFO] PluginManager:220 - loadIPPluginJar : add lorawan
2024-11-06 17:01:58,971 [INFO] IPUIPlugin:80 - create IPUIPlugin
2024-11-06 17:01:58,971 [INFO] PluginManager:220 - loadIPPluginJar : add ltdc
2024-11-06 17:01:58,975 [INFO] IPUIPlugin:80 - create IPUIPlugin
2024-11-06 17:01:58,975 [INFO] PluginManager:220 - loadIPPluginJar : add mdma
2024-11-06 17:01:58,977 [INFO] IPUIPlugin:80 - create IPUIPlugin
2024-11-06 17:01:58,977 [INFO] PluginManager:220 - loadIPPluginJar : add nvic
2024-11-06 17:01:58,979 [INFO] IPUIPlugin:80 - create IPUIPlugin
2024-11-06 17:01:58,979 [INFO] PluginManager:220 - loadIPPluginJar : add opamp
2024-11-06 17:01:58,981 [INFO] IPUIPlugin:80 - create IPUIPlugin
2024-11-06 17:01:58,981 [INFO] PluginManager:220 - loadIPPluginJar : add openamp
2024-11-06 17:01:58,983 [INFO] IPUIPlugin:80 - create IPUIPlugin
2024-11-06 17:01:58,983 [INFO] PluginManager:220 - loadIPPluginJar : add pdm2pcm
2024-11-06 17:01:58,987 [INFO] IPUIPlugin:80 - create IPUIPlugin
2024-11-06 17:01:58,989 [INFO] PluginManager:220 - loadIPPluginJar : add plateformsettings
2024-11-06 17:01:58,990 [INFO] IPUIPlugin:80 - create IPUIPlugin
2024-11-06 17:01:58,990 [INFO] PluginManager:220 - loadIPPluginJar : add quadspi
2024-11-06 17:01:58,992 [INFO] IPUIPlugin:80 - create IPUIPlugin
2024-11-06 17:01:58,992 [INFO] PluginManager:220 - loadIPPluginJar : add resmgrutility
2024-11-06 17:01:58,994 [INFO] IPUIPlugin:80 - create IPUIPlugin
2024-11-06 17:01:58,994 [INFO] PluginManager:220 - loadIPPluginJar : add sai
2024-11-06 17:01:58,995 [INFO] IPUIPlugin:80 - create IPUIPlugin
2024-11-06 17:01:58,995 [INFO] PluginManager:220 - loadIPPluginJar : add spi
2024-11-06 17:01:58,998 [INFO] IPUIPlugin:80 - create IPUIPlugin
2024-11-06 17:01:58,998 [INFO] PluginManager:220 - loadIPPluginJar : add stm32_wpan
2024-11-06 17:01:58,999 [INFO] IPUIPlugin:80 - create IPUIPlugin
2024-11-06 17:01:58,999 [INFO] PluginManager:220 - loadIPPluginJar : add tim
2024-11-06 17:01:59,002 [INFO] IPUIPlugin:80 - create IPUIPlugin
2024-11-06 17:01:59,002 [INFO] PluginManager:220 - loadIPPluginJar : add touchsensing
2024-11-06 17:01:59,003 [INFO] IPUIPlugin:80 - create IPUIPlugin
2024-11-06 17:01:59,003 [INFO] PluginManager:220 - loadIPPluginJar : add tracer_emb
2024-11-06 17:01:59,004 [INFO] IPUIPlugin:80 - create IPUIPlugin
2024-11-06 17:01:59,004 [INFO] PluginManager:220 - loadIPPluginJar : add ts
2024-11-06 17:01:59,005 [INFO] IPUIPlugin:80 - create IPUIPlugin
2024-11-06 17:01:59,005 [INFO] PluginManager:220 - loadIPPluginJar : add tsc
2024-11-06 17:01:59,006 [INFO] IPUIPlugin:80 - create IPUIPlugin
2024-11-06 17:01:59,006 [INFO] PluginManager:220 - loadIPPluginJar : add ucpd
2024-11-06 17:01:59,008 [INFO] IPUIPlugin:80 - create IPUIPlugin
2024-11-06 17:01:59,008 [INFO] PluginManager:220 - loadIPPluginJar : add usart
2024-11-06 17:01:59,011 [INFO] IPUIPlugin:80 - create IPUIPlugin
2024-11-06 17:01:59,011 [INFO] PluginManager:220 - loadIPPluginJar : add usbx
2024-11-06 17:01:59,132 [INFO] CADModel:165 - CPN selected for project level
2024-11-06 17:01:59,133 [INFO] CADModel:114 - Register for checkConnection events
2024-11-06 17:01:59,133 [FATAL] Updater:308 - Updater called before beeing initialized
2024-11-06 17:01:59,134 [ERROR] CADModel:125 - Updater not yet initialized, retry later 
2024-11-06 17:01:59,273 [INFO] CADModel:165 - CPN selected for project level
2024-11-06 17:01:59,273 [INFO] CADModel:114 - Register for checkConnection events
2024-11-06 17:01:59,273 [FATAL] Updater:308 - Updater called before beeing initialized
2024-11-06 17:01:59,273 [ERROR] CADModel:125 - Updater not yet initialized, retry later 
2024-11-06 17:01:59,275 [FATAL] Updater:308 - Updater called before beeing initialized
2024-11-06 17:01:59,353 [FATAL] Updater:308 - Updater called before beeing initialized
2024-11-06 17:01:59,356 [INFO] DbMcusAds:53 - JSON generation date=Fri Sep 20 16:04:23 EEST 2024 (1726837463113)
2024-11-06 17:01:59,356 [FATAL] Updater:308 - Updater called before beeing initialized
2024-11-06 17:01:59,389 [WARN] DetailPanel:346 - Failed to get advertising image, set to default
2024-11-06 17:01:59,465 [FATAL] Updater:308 - Updater called before beeing initialized
2024-11-06 17:01:59,466 [FATAL] Updater:308 - Updater called before beeing initialized
2024-11-06 17:01:59,466 [FATAL] Updater:308 - Updater called before beeing initialized
2024-11-06 17:01:59,466 [WARN] DetailPanel:346 - Failed to get advertising image, set to default
2024-11-06 17:01:59,466 [FATAL] Updater:308 - Updater called before beeing initialized
2024-11-06 17:01:59,506 [ERROR] Updater:1120 - MainUpdater not yet initialized. External WinMGr cannot be set.
2024-11-06 17:01:59,507 [INFO] Updater:1056 - Updater Version found : 6.10.0
2024-11-06 17:01:59,523 [INFO] ApplicationProperties:184 - Using Application install path: C:\ST\STM32CubeIDE_1.14.1\STM32CubeIDE\plugins\com.st.stm32cube.common.mx_6.10.0.202311202037
2024-11-06 17:01:59,815 [INFO] MainUpdater:2873 - connection check result : 10
2024-11-06 17:01:59,815 [INFO] MainUpdater:290 - Updater Check For Update Now.
2024-11-06 17:01:59,815 [INFO] MicroXplorer:498 - Change Database Version : DB.6.0.100
2024-11-06 17:01:59,831 [INFO] McuFinderGlobals:63 - Set McuFinder mode to 2 (CubeIDE integrated)
2024-11-06 17:01:59,840 [INFO] UserAuth:404 - Internet connection configuration mode: 1
2024-11-06 17:01:59,861 [INFO] JxBrowserEngine:152 - Initiate JxBrowser Engine with user profile folder
2024-11-06 17:01:59,990 [INFO] CheckServerUpdateThread:120 - End of CheckServer Thread
2024-11-06 17:02:00,398 [INFO] WebApp:161 - Instantiating new browser for Auth
2024-11-06 17:02:00,913 [INFO] WebApp:780 - Register for checkConnection events
2024-11-06 17:02:00,913 [INFO] WebApp:414 - Apply proxy settings
2024-11-06 17:02:00,913 [INFO] WebApp:499 - Chromium requires no authentication
2024-11-06 17:02:00,919 [INFO] WebApp:442 - Direct internet connection detected
2024-11-06 17:02:01,055 [INFO] WebApp:192 - Starting web application
2024-11-06 17:02:01,055 [INFO] WebApp:544 - Web application path used C:\ST\STM32CubeIDE_1.14.1\STM32CubeIDE\plugins\com.st.stm32cube.common.mx_6.10.0.202311202037\db\plugins\mcufinder\reactClient1\index.html
2024-11-06 17:02:01,657 [WARN] PackLoader:240 - Cannot read IP mode file for STMicroelectronics.FP-SNS-MOTENVWB1.1.4.0
2024-11-06 17:02:01,666 [WARN] PackLoader:240 - Cannot read IP mode file for STMicroelectronics.X-CUBE-SMBUS.2.1.0
2024-11-06 17:02:01,674 [WARN] PackLoader:240 - Cannot read IP mode file for STMicroelectronics.X-CUBE-WB05N.1.1.0
2024-11-06 17:02:01,680 [WARN] PackLoader:240 - Cannot read IP mode file for STMicroelectronics.X-CUBE-TOUCHGFX.4.23.0
2024-11-06 17:02:01,684 [WARN] PackLoader:240 - Cannot read IP mode file for STMicroelectronics.X-CUBE-TOUCHGFX.4.23.2
2024-11-06 17:02:01,709 [WARN] PackLoader:240 - Cannot read IP mode file for STMicroelectronics.X-CUBE-AZRTOS-F7.1.1.0
2024-11-06 17:02:01,719 [WARN] PackLoader:240 - Cannot read IP mode file for STMicroelectronics.FP-SNS-MOTENV1.4.3.2
2024-11-06 17:02:01,772 [WARN] PackLoader:240 - Cannot read IP mode file for STMicroelectronics.X-CUBE-MEMS1.11.0.0
2024-11-06 17:02:01,939 [WARN] PackLoader:240 - Cannot read IP mode file for STMicroelectronics.FP-SNS-FLIGHT1.5.0.2
2024-11-06 17:02:01,945 [WARN] PackLoader:240 - Cannot read IP mode file for STMicroelectronics.X-CUBE-DISPLAY.3.0.0
2024-11-06 17:02:01,952 [WARN] PackLoader:240 - Cannot read IP mode file for STMicroelectronics.X-CUBE-BLE1.7.0.0
2024-11-06 17:02:01,957 [WARN] PackLoader:240 - Cannot read IP mode file for STMicroelectronics.X-CUBE-NFC10.1.0.0
2024-11-06 17:02:01,962 [WARN] PackLoader:240 - Cannot read IP mode file for emotas.I-CUBE-CANOPEN.1.3.0
2024-11-06 17:02:01,971 [WARN] PackLoader:240 - Cannot read IP mode file for STMicroelectronics.X-CUBE-BLEMGR.3.1.0
2024-11-06 17:02:01,977 [WARN] PackLoader:240 - Cannot read IP mode file for STMicroelectronics.FP-SNS-SMARTAG2.1.2.0
2024-11-06 17:02:01,987 [INFO] LogOutputStream:77 - [STDOUT_REDIRECT] 1 : Invalid condition id : UX_CORESTACK_Condition cause : null
2024-11-06 17:02:01,988 [INFO] LogOutputStream:77 - [STDOUT_REDIRECT] 1 : Invalid condition id : UX_CORESTACK_Condition cause : null
2024-11-06 17:02:01,989 [INFO] LogOutputStream:77 - [STDOUT_REDIRECT] 1 : Invalid condition id : UX_CORESTACK_Condition cause : null
2024-11-06 17:02:01,990 [INFO] LogOutputStream:77 - [STDOUT_REDIRECT] 1 : Invalid condition id : UX_CORESTACK_Condition cause : null
2024-11-06 17:02:01,991 [INFO] LogOutputStream:77 - [STDOUT_REDIRECT] 1 : Invalid condition id : UX_CORESTACK_Condition cause : null
2024-11-06 17:02:01,994 [WARN] PackLoader:240 - Cannot read IP mode file for STMicroelectronics.X-CUBE-AZRTOS-WL.2.0.0
2024-11-06 17:02:01,999 [WARN] PackLoader:240 - Cannot read IP mode file for STMicroelectronics.FP-SNS-MOTENV1.5.0.0
2024-11-06 17:02:02,005 [WARN] PackLoader:240 - Cannot read IP mode file for wolfSSL.I-CUBE-wolfMQTT.1.19.0
2024-11-06 17:02:02,011 [WARN] PackLoader:240 - Cannot read IP mode file for WES.I-CUBE-Cesium.1.3.0
2024-11-06 17:02:02,015 [WARN] PackLoader:240 - Cannot read IP mode file for STMicroelectronics.X-CUBE-BLE2.3.3.0
2024-11-06 17:02:02,021 [WARN] PackLoader:240 - Cannot read IP mode file for STMicroelectronics.X-CUBE-NFC9.1.0.0
2024-11-06 17:02:02,026 [WARN] PackLoader:240 - Cannot read IP mode file for STMicroelectronics.X-CUBE-TCPP.4.1.0
2024-11-06 17:02:02,031 [WARN] PackLoader:240 - Cannot read IP mode file for STMicroelectronics.X-CUBE-ALGOBUILD.1.3.0
2024-11-06 17:02:02,043 [WARN] PackLoader:240 - Cannot read IP mode file for STMicroelectronics.X-CUBE-AZRTOS-G0.1.1.0
2024-11-06 17:02:02,050 [WARN] PackLoader:240 - Cannot read IP mode file for STMicroelectronics.X-CUBE-SAFEA1.1.2.2
2024-11-06 17:02:02,055 [WARN] PackLoader:240 - Cannot read IP mode file for STMicroelectronics.X-CUBE-NFC4.3.0.0
2024-11-06 17:02:02,069 [WARN] PackLoader:240 - Cannot read IP mode file for EmbeddedOffice.I-CUBE-FS-RTOS.1.0.1
2024-11-06 17:02:02,070 [ERROR] ConditionMgr:805 - Attr not supported : Dmpu
2024-11-06 17:02:02,070 [ERROR] ConditionMgr:805 - Attr not supported : Dmpu
2024-11-06 17:02:02,070 [ERROR] ConditionMgr:805 - Attr not supported : Dmpu
2024-11-06 17:02:02,070 [ERROR] ConditionMgr:805 - Attr not supported : Dmpu
2024-11-06 17:02:02,070 [ERROR] ConditionMgr:805 - Attr not supported : Dmpu
2024-11-06 17:02:02,070 [ERROR] ConditionMgr:805 - Attr not supported : Dmpu
2024-11-06 17:02:02,070 [ERROR] ConditionMgr:805 - Attr not supported : Dmpu
2024-11-06 17:02:02,070 [ERROR] ConditionMgr:805 - Attr not supported : Dmpu
2024-11-06 17:02:02,070 [ERROR] ConditionMgr:805 - Attr not supported : Dmpu
2024-11-06 17:02:02,070 [ERROR] ConditionMgr:805 - Attr not supported : Dmpu
2024-11-06 17:02:02,070 [ERROR] ConditionMgr:805 - Attr not supported : Dmpu
2024-11-06 17:02:02,070 [ERROR] ConditionMgr:805 - Attr not supported : Dmpu
2024-11-06 17:02:02,071 [ERROR] ConditionMgr:805 - Attr not supported : Dmpu
2024-11-06 17:02:02,071 [ERROR] ConditionMgr:805 - Attr not supported : Dmpu
2024-11-06 17:02:02,071 [ERROR] ConditionMgr:805 - Attr not supported : Dmpu
2024-11-06 17:02:02,071 [ERROR] ConditionMgr:805 - Attr not supported : Dmpu
2024-11-06 17:02:02,071 [ERROR] ConditionMgr:805 - Attr not supported : Dmpu
2024-11-06 17:02:02,071 [ERROR] ConditionMgr:805 - Attr not supported : Dmpu
2024-11-06 17:02:02,071 [ERROR] ConditionMgr:805 - Attr not supported : Dmpu
2024-11-06 17:02:02,071 [ERROR] ConditionMgr:805 - Attr not supported : Dmpu
2024-11-06 17:02:02,071 [ERROR] ConditionMgr:805 - Attr not supported : Dmpu
2024-11-06 17:02:02,071 [ERROR] ConditionMgr:805 - Attr not supported : Dmpu
2024-11-06 17:02:02,071 [ERROR] ConditionMgr:805 - Attr not supported : Dmpu
2024-11-06 17:02:02,071 [ERROR] ConditionMgr:805 - Attr not supported : Dmpu
2024-11-06 17:02:02,071 [ERROR] ConditionMgr:805 - Attr not supported : Dmpu
2024-11-06 17:02:02,071 [ERROR] ConditionMgr:805 - Attr not supported : Dmpu
2024-11-06 17:02:02,071 [ERROR] ConditionMgr:805 - Attr not supported : Dmpu
2024-11-06 17:02:02,071 [ERROR] ConditionMgr:805 - Attr not supported : Dmpu
2024-11-06 17:02:02,071 [ERROR] ConditionMgr:805 - Attr not supported : Dmpu
2024-11-06 17:02:02,071 [ERROR] ConditionMgr:805 - Attr not supported : Dmpu
2024-11-06 17:02:02,072 [ERROR] ConditionMgr:805 - Attr not supported : Dmpu
2024-11-06 17:02:02,072 [ERROR] ConditionMgr:805 - Attr not supported : Dmpu
2024-11-06 17:02:02,072 [ERROR] ConditionMgr:805 - Attr not supported : Dmpu
2024-11-06 17:02:02,072 [ERROR] ConditionMgr:805 - Attr not supported : Dmpu
2024-11-06 17:02:02,072 [ERROR] ConditionMgr:805 - Attr not supported : Dmpu
2024-11-06 17:02:02,072 [ERROR] ConditionMgr:805 - Attr not supported : Dmpu
2024-11-06 17:02:02,072 [ERROR] ConditionMgr:805 - Attr not supported : Dmpu
2024-11-06 17:02:02,072 [ERROR] ConditionMgr:805 - Attr not supported : Dmpu
2024-11-06 17:02:02,072 [ERROR] ConditionMgr:805 - Attr not supported : Dmpu
2024-11-06 17:02:02,072 [ERROR] ConditionMgr:805 - Attr not supported : Dmpu
2024-11-06 17:02:02,072 [ERROR] ConditionMgr:805 - Attr not supported : Dmpu
2024-11-06 17:02:02,072 [ERROR] ConditionMgr:805 - Attr not supported : Dmpu
2024-11-06 17:02:02,072 [ERROR] ConditionMgr:805 - Attr not supported : Dmpu
2024-11-06 17:02:02,072 [ERROR] ConditionMgr:805 - Attr not supported : Dmpu
2024-11-06 17:02:02,072 [ERROR] ConditionMgr:805 - Attr not supported : Dmpu
2024-11-06 17:02:02,072 [ERROR] ConditionMgr:805 - Attr not supported : Dmpu
2024-11-06 17:02:02,073 [ERROR] ConditionMgr:805 - Attr not supported : Dmpu
2024-11-06 17:02:02,073 [ERROR] ConditionMgr:805 - Attr not supported : Dmpu
2024-11-06 17:02:02,073 [ERROR] ConditionMgr:805 - Attr not supported : Dmpu
2024-11-06 17:02:02,073 [ERROR] ConditionMgr:805 - Attr not supported : Dmpu
2024-11-06 17:02:02,073 [ERROR] ConditionMgr:805 - Attr not supported : Dmpu
2024-11-06 17:02:02,073 [ERROR] ConditionMgr:805 - Attr not supported : Dmpu
2024-11-06 17:02:02,073 [ERROR] ConditionMgr:805 - Attr not supported : Dmpu
2024-11-06 17:02:02,073 [ERROR] ConditionMgr:805 - Attr not supported : Dmpu
2024-11-06 17:02:02,073 [ERROR] ConditionMgr:805 - Attr not supported : Dmpu
2024-11-06 17:02:02,073 [ERROR] ConditionMgr:805 - Attr not supported : Dmpu
2024-11-06 17:02:02,074 [ERROR] ConditionMgr:805 - Attr not supported : Dmpu
2024-11-06 17:02:02,074 [ERROR] ConditionMgr:805 - Attr not supported : Dmpu
2024-11-06 17:02:02,074 [ERROR] ConditionMgr:805 - Attr not supported : Dmpu
2024-11-06 17:02:02,074 [ERROR] ConditionMgr:805 - Attr not supported : Dmpu
2024-11-06 17:02:02,074 [ERROR] ConditionMgr:805 - Attr not supported : Dmpu
2024-11-06 17:02:02,074 [ERROR] ConditionMgr:805 - Attr not supported : Dmpu
2024-11-06 17:02:02,074 [ERROR] ConditionMgr:805 - Attr not supported : Dmpu
2024-11-06 17:02:02,074 [ERROR] ConditionMgr:805 - Attr not supported : Dmpu
2024-11-06 17:02:02,081 [WARN] PackLoader:240 - Cannot read IP mode file for STMicroelectronics.X-CUBE-BLEMGR.3.0.0
2024-11-06 17:02:02,089 [WARN] PackLoader:240 - Cannot read IP mode file for RealThread.X-CUBE-RT-Thread_Nano.4.1.1
2024-11-06 17:02:02,093 [WARN] PackLoader:240 - Cannot read IP mode file for STMicroelectronics.FP-ATR-SIGFOX1.3.2.0
2024-11-06 17:02:02,098 [WARN] PackLoader:240 - Cannot read IP mode file for STMicroelectronics.X-CUBE-EEPRMA1.5.1.0
2024-11-06 17:02:02,141 [WARN] PackLoader:240 - Cannot read IP mode file for SEGGER.I-CUBE-embOS.1.3.1
2024-11-06 17:02:02,241 [WARN] PackLoader:240 - Cannot read IP mode file for STMicroelectronics.X-CUBE-ALGOBUILD.1.4.0
2024-11-06 17:02:02,246 [WARN] PackLoader:240 - Cannot read IP mode file for STMicroelectronics.X-CUBE-AI.9.1.0
2024-11-06 17:02:02,250 [WARN] PackLoader:240 - Cannot read IP mode file for STMicroelectronics.X-CUBE-GNSS1.6.0.0
2024-11-06 17:02:02,265 [WARN] PackLoader:240 - Cannot read IP mode file for STMicroelectronics.X-CUBE-AZRTOS-F4.1.1.0
2024-11-06 17:02:02,273 [WARN] PackLoader:240 - Cannot read IP mode file for STMicroelectronics.X-CUBE-ISPU.2.1.0
2024-11-06 17:02:02,280 [WARN] PackLoader:240 - Cannot read IP mode file for STMicroelectronics.X-CUBE-FREERTOS.1.2.0
2024-11-06 17:02:02,285 [WARN] PackLoader:240 - Cannot read IP mode file for wolfSSL.I-CUBE-wolfSSL.5.6.6
2024-11-06 17:02:02,297 [WARN] PackLoader:240 - Cannot read IP mode file for STMicroelectronics.X-CUBE-AZRTOS-L5.2.0.0
2024-11-06 17:02:02,303 [WARN] PackLoader:240 - Cannot read IP mode file for STMicroelectronics.X-CUBE-EEPRMA1.4.2.0
2024-11-06 17:02:02,310 [WARN] PackLoader:240 - Cannot read IP mode file for STMicroelectronics.X-CUBE-NFC6.3.1.0
2024-11-06 17:02:02,318 [WARN] PackLoader:240 - Cannot read IP mode file for ITTIA_DB.I-CUBE-ITTIADB.8.8.0
2024-11-06 17:02:02,322 [WARN] PackLoader:240 - Cannot read IP mode file for STMicroelectronics.X-CUBE-DPower.1.2.0
2024-11-06 17:02:02,325 [WARN] PackLoader:240 - Cannot read IP mode file for STMicroelectronics.X-CUBE-AI.9.0.0
2024-11-06 17:02:02,329 [WARN] PackLoader:240 - Cannot read IP mode file for STMicroelectronics.X-CUBE-NFC7.1.0.1
2024-11-06 17:02:02,339 [WARN] PackLoader:240 - Cannot read IP mode file for STMicroelectronics.X-CUBE-NFC6.3.0.0
2024-11-06 17:02:02,343 [WARN] PackLoader:240 - Cannot read IP mode file for STMicroelectronics.X-CUBE-AI.8.1.0
2024-11-06 17:02:02,359 [WARN] ConditionMgr:438 - getConditionDescription Invalid condition id : LAN8742 Phy interface Condition cause : null
2024-11-06 17:02:02,363 [WARN] PackLoader:240 - Cannot read IP mode file for STMicroelectronics.X-CUBE-AZRTOS-L4.2.0.0
2024-11-06 17:02:02,365 [WARN] ConditionMgr:1039 - genDependencies : Invalid condition id : LAN8742 Phy interface Condition cause : null
2024-11-06 17:02:02,366 [WARN] ConditionMgr:1039 - genDependencies : Invalid condition id : LAN8742 Phy interface Condition cause : null
2024-11-06 17:02:02,367 [WARN] ConditionMgr:1039 - genDependencies : Invalid condition id : LAN8742 Phy interface Condition cause : null
2024-11-06 17:02:02,372 [WARN] PackLoader:240 - Cannot read IP mode file for STMicroelectronics.X-CUBE-SFXS2LP1.4.0.0
2024-11-06 17:02:02,387 [WARN] PackLoader:240 - Cannot read IP mode file for STMicroelectronics.X-CUBE-AZRTOS-H7.3.3.0
2024-11-06 17:02:02,397 [WARN] PackLoader:240 - Cannot read IP mode file for STMicroelectronics.X-CUBE-IPS.3.0.0
2024-11-06 17:02:02,410 [WARN] ConditionMgr:438 - getConditionDescription Invalid condition id : UX DEVICE CLASS RTOS Condition cause : null
2024-11-06 17:02:02,411 [WARN] ConditionMgr:438 - getConditionDescription Invalid condition id : UX DEVICE CLASS RTOS Condition cause : null
2024-11-06 17:02:02,412 [WARN] PackLoader:240 - Cannot read IP mode file for STMicroelectronics.X-CUBE-AZRTOS-WB.2.0.0
2024-11-06 17:02:02,413 [WARN] ConditionMgr:1039 - genDependencies : Invalid condition id : UX DEVICE CLASS RTOS Condition cause : null
2024-11-06 17:02:02,413 [WARN] ConditionMgr:1039 - genDependencies : Invalid condition id : UX DEVICE CLASS RTOS Condition cause : null
2024-11-06 17:02:02,413 [WARN] ConditionMgr:1039 - genDependencies : Invalid condition id : UX DEVICE CLASS RTOS Condition cause : null
2024-11-06 17:02:02,413 [WARN] ConditionMgr:1039 - genDependencies : Invalid condition id : UX DEVICE CLASS RTOS Condition cause : null
2024-11-06 17:02:02,413 [WARN] ConditionMgr:1039 - genDependencies : Invalid condition id : UX DEVICE CLASS RTOS Condition cause : null
2024-11-06 17:02:02,419 [WARN] PackLoader:240 - Cannot read IP mode file for STMicroelectronics.X-CUBE-GNSS1.7.0.0
2024-11-06 17:02:02,424 [WARN] PackLoader:240 - Cannot read IP mode file for STMicroelectronics.FP-SNS-STBOX1.2.0.0
2024-11-06 17:02:02,434 [WARN] PackLoader:240 - Cannot read IP mode file for STMicroelectronics.X-CUBE-SUBG2.5.0.0
2024-11-06 17:02:02,450 [WARN] PackLoader:240 - Cannot read IP mode file for STMicroelectronics.X-CUBE-AZRTOS-G4.2.0.0
2024-11-06 17:02:02,461 [WARN] PackLoader:240 - Cannot read IP mode file for Infineon.AIROC-Wi-Fi-Bluetooth-STM32.1.5.1
2024-11-06 17:02:02,467 [WARN] PackLoader:240 - Cannot read IP mode file for STMicroelectronics.FP-SNS-MOTENVWB1.1.3.1
2024-11-06 17:02:02,471 [WARN] PackLoader:240 - Cannot read IP mode file for STMicroelectronics.X-CUBE-ISPU.2.0.0
2024-11-06 17:02:02,475 [WARN] PackLoader:240 - Cannot read IP mode file for STMicroelectronics.X-CUBE-ALS.1.0.2
2024-11-06 17:02:02,510 [WARN] PackLoader:240 - Cannot read IP mode file for STMicroelectronics.X-CUBE-MEMS1.10.0.0
2024-11-06 17:02:02,671 [WARN] PackLoader:240 - Cannot read IP mode file for STMicroelectronics.X-CUBE-FREERTOS.1.1.0
2024-11-06 17:02:02,675 [WARN] PackLoader:240 - Cannot read IP mode file for STMicroelectronics.X-CUBE-TOUCHGFX.4.24.0
2024-11-06 17:02:02,678 [WARN] PackLoader:240 - Cannot read IP mode file for STMicroelectronics.X-CUBE-TOUCHGFX.4.24.1
2024-11-06 17:02:02,680 [WARN] PackLoader:240 - Cannot read IP mode file for wolfSSL.I-CUBE-wolfTPM.3.4.0
2024-11-06 17:02:02,686 [WARN] PackLoader:240 - Cannot read IP mode file for portGmbH.I-Cube-SoM-uGOAL.1.1.0
2024-11-06 17:02:02,690 [WARN] PackLoader:240 - Cannot read IP mode file for STMicroelectronics.X-CUBE-ALS.1.0.1
2024-11-06 17:02:02,703 [WARN] PackLoader:240 - Cannot read IP mode file for STMicroelectronics.X-CUBE-AZRTOS-H7RS.1.0.0
2024-11-06 17:02:02,708 [WARN] PackLoader:240 - Cannot read IP mode file for STMicroelectronics.FP-ATR-ASTRA1.2.0.0
2024-11-06 17:02:02,718 [WARN] PackLoader:240 - Cannot read IP mode file for STMicroelectronics.X-CUBE-TOF1.3.4.2
2024-11-06 17:02:02,733 [WARN] PackLoader:240 - Cannot read IP mode file for STMicroelectronics.X-CUBE-TOF1.3.4.0
2024-11-06 17:02:02,753 [WARN] PackLoader:240 - Cannot read IP mode file for STMicroelectronics.X-CUBE-TOF1.3.4.1
2024-11-06 17:02:02,777 [WARN] PackLoader:240 - Cannot read IP mode file for STMicroelectronics.X-CUBE-AZRTOS-H7.3.2.0
2024-11-06 17:02:02,783 [WARN] PackLoader:240 - Cannot read IP mode file for wolfSSL.I-CUBE-wolfSSH.1.4.17
2024-11-06 17:02:02,784 [INFO] ThirdParty:978 - Integrity check success = true
2024-11-06 17:02:02,784 [INFO] IntegrityCheckThread:100 - exiting critical section [integrity check]
2024-11-06 17:02:02,784 [INFO] IntegrityCheckThread:103 - End integrity checks thread
2024-11-06 17:02:21,654 [ERROR] LogOutputStream:75 - [STDERR_REDIRECT] SLF4J: Failed to load class "org.slf4j.impl.StaticLoggerBinder".
2024-11-06 17:02:21,655 [ERROR] LogOutputStream:75 - [STDERR_REDIRECT] SLF4J: Defaulting to no-operation (NOP) logger implementation
2024-11-06 17:02:21,657 [ERROR] LogOutputStream:75 - [STDERR_REDIRECT] SLF4J: See http://www.slf4j.org/codes.html#StaticLoggerBinder for further details.
