2024-02-23 01:10:12,588 [ERROR] LogOutputStream:75 - [STDERR_REDIRECT] Exception in thread "AWT-EventQueue-0" org.eclipse.swt.SWTException: Device is disposed
2024-02-23 01:10:12,595 [ERROR] LogOutputStream:75 - [STDERR_REDIRECT] 	at org.eclipse.swt.SWT.error(SWT.java:4918)
2024-02-23 01:10:12,596 [ERROR] LogOutputStream:75 - [STDERR_REDIRECT] 	at org.eclipse.swt.SWT.error(SWT.java:4833)
2024-02-23 01:10:12,598 [ERROR] LogOutputStream:75 - [STDERR_REDIRECT] 	at org.eclipse.swt.SWT.error(SWT.java:4804)
2024-02-23 01:10:12,600 [ERROR] LogOutputStream:75 - [STDERR_REDIRECT] 	at org.eclipse.swt.widgets.Display.error(Display.java:1278)
2024-02-23 01:10:12,603 [ERROR] LogOutputStream:75 - [STDERR_REDIRECT] 	at org.eclipse.swt.widgets.Display.asyncExec(Display.java:774)
2024-02-23 01:10:12,606 [ERROR] LogOutputStream:75 - [STDERR_REDIRECT] 	at com.st.stm32cube.common.mx.oss.core.awtswtbridge.AwtEnvironment$2.run(AwtEnvironment.java:168)
2024-02-23 01:10:12,608 [ERROR] LogOutputStream:75 - [STDERR_REDIRECT] 	at java.desktop/java.awt.event.InvocationEvent.dispatch(InvocationEvent.java:318)
2024-02-23 01:10:12,611 [ERROR] LogOutputStream:75 - [STDERR_REDIRECT] 	at java.desktop/java.awt.EventQueue.dispatchEventImpl(EventQueue.java:773)
2024-02-23 01:10:12,613 [ERROR] LogOutputStream:75 - [STDERR_REDIRECT] 	at java.desktop/java.awt.EventQueue$4.run(EventQueue.java:720)
2024-02-23 01:10:12,615 [ERROR] LogOutputStream:75 - [STDERR_REDIRECT] 	at java.desktop/java.awt.EventQueue$4.run(EventQueue.java:714)
2024-02-23 01:10:12,617 [ERROR] LogOutputStream:75 - [STDERR_REDIRECT] 	at java.base/java.security.AccessController.doPrivileged(AccessController.java:399)
2024-02-23 01:10:12,620 [ERROR] LogOutputStream:75 - [STDERR_REDIRECT] 	at java.base/java.security.ProtectionDomain$JavaSecurityAccessImpl.doIntersectionPrivilege(ProtectionDomain.java:86)
2024-02-23 01:10:12,623 [ERROR] LogOutputStream:75 - [STDERR_REDIRECT] 	at java.desktop/java.awt.EventQueue.dispatchEvent(EventQueue.java:742)
2024-02-23 01:10:12,625 [ERROR] LogOutputStream:75 - [STDERR_REDIRECT] 	at java.desktop/java.awt.EventDispatchThread.pumpOneEventForFilters(EventDispatchThread.java:203)
2024-02-23 01:10:12,627 [ERROR] LogOutputStream:75 - [STDERR_REDIRECT] 	at java.desktop/java.awt.EventDispatchThread.pumpEventsForFilter(EventDispatchThread.java:124)
2024-02-23 01:10:12,629 [ERROR] LogOutputStream:75 - [STDERR_REDIRECT] 	at java.desktop/java.awt.EventDispatchThread.pumpEventsForHierarchy(EventDispatchThread.java:113)
2024-02-23 01:10:12,631 [ERROR] LogOutputStream:75 - [STDERR_REDIRECT] 	at java.desktop/java.awt.EventDispatchThread.pumpEvents(EventDispatchThread.java:109)
2024-02-23 01:10:12,633 [ERROR] LogOutputStream:75 - [STDERR_REDIRECT] 	at java.desktop/java.awt.EventDispatchThread.pumpEvents(EventDispatchThread.java:101)
2024-02-23 01:10:12,635 [ERROR] LogOutputStream:75 - [STDERR_REDIRECT] 	at java.desktop/java.awt.EventDispatchThread.run(EventDispatchThread.java:90)
2024-02-23 01:10:12,644 [ERROR] LogOutputStream:75 - [STDERR_REDIRECT] 
2024-02-23 10:29:49,999 [INFO] Activator:176 - 


2024-02-23 10:29:50,002 [INFO] Activator:177 - !SESSION log4j initialized
2024-02-23 10:29:57,680 [INFO] LogOutputStream:77 - [STDOUT_REDIRECT] 
2024-02-23 10:30:03,546 [INFO] ApplicationProperties:184 - Using Application install path: C:\ST\STM32CubeIDE_1.14.1\STM32CubeIDE\plugins\com.st.stm32cube.common.mx_6.10.0.202311202037
2024-02-23 10:30:03,569 [INFO] DbMcusXml:78 - Set database path to: C:\ST\STM32CubeIDE_1.14.1\STM32CubeIDE\plugins\com.st.stm32cube.common.mx_6.10.0.202311202037\\db\/mcu/
2024-02-23 10:30:03,569 [INFO] ApiDb:274 - Set plugin database path to: C:\ST\STM32CubeIDE_1.14.1\STM32CubeIDE\plugins\com.st.stm32cube.common.mx_6.10.0.202311202037\\db\/plugins/boardmanager/
2024-02-23 10:30:03,569 [WARN] ApiDb:259 - Overriding images path with different value:  => C:\ST\STM32CubeIDE_1.14.1\STM32CubeIDE\plugins\com.st.stm32cube.common.mx_6.10.0.202311202037\\db\/plugins/mcufinder/images/
2024-02-23 10:30:03,578 [INFO] ApiDb:250 - Set database path to: C:\Users\tkach\.stmcufinder\plugins\mcufinder//mcu/
2024-02-23 10:30:03,580 [INFO] DbMcusAds:125 - Set database path to: C:\Users\tkach\.stmcufinder\plugins\mcufinder//mcu/
2024-02-23 10:30:03,581 [INFO] CrossReferenceDbSqlite:203 - Set database path to: C:\Users\tkach\.stmcufinder\plugins\mcufinder//mcu/cs/
2024-02-23 10:30:03,725 [INFO] RulesReader:64 - Compatibility file has been processed (297 Rules)
2024-02-23 10:30:03,843 [INFO] DbMcusXml:78 - Set database path to: C:\ST\STM32CubeIDE_1.14.1\STM32CubeIDE\plugins\com.st.stm32cube.common.mx_6.10.0.202311202037\\db\/mcu/
2024-02-23 10:30:03,843 [INFO] ApiDb:274 - Set plugin database path to: C:\ST\STM32CubeIDE_1.14.1\STM32CubeIDE\plugins\com.st.stm32cube.common.mx_6.10.0.202311202037\\db\/plugins/boardmanager/
2024-02-23 10:30:03,844 [INFO] ApiDb:261 - Set plugin images path to: C:\ST\STM32CubeIDE_1.14.1\STM32CubeIDE\plugins\com.st.stm32cube.common.mx_6.10.0.202311202037\\db\/plugins/mcufinder/images/
2024-02-23 10:30:03,844 [WARN] DbFile:41 - Overriding database path with different value: C:\Users\tkach\.stmcufinder\plugins\mcufinder/ => C:\Users\tkach\.stmcufinder\plugins\mcufinder
2024-02-23 10:30:03,844 [INFO] ApiDb:250 - Set database path to: C:\Users\tkach\.stmcufinder\plugins\mcufinder//mcu/
2024-02-23 10:30:03,844 [WARN] DbFile:41 - Overriding database path with different value: C:\Users\tkach\.stmcufinder\plugins\mcufinder/ => C:\Users\tkach\.stmcufinder\plugins\mcufinder
2024-02-23 10:30:03,844 [INFO] DbMcusAds:125 - Set database path to: C:\Users\tkach\.stmcufinder\plugins\mcufinder//mcu/
2024-02-23 10:30:03,844 [WARN] DbFile:41 - Overriding database path with different value: C:\Users\tkach\.stmcufinder\plugins\mcufinder/ => C:\Users\tkach\.stmcufinder\plugins\mcufinder
2024-02-23 10:30:03,844 [WARN] DbFile:41 - Overriding database path with different value: C:\Users\tkach\.stmcufinder\plugins\mcufinder/ => C:\Users\tkach\.stmcufinder\plugins\mcufinder
2024-02-23 10:30:03,844 [INFO] CrossReferenceDbSqlite:203 - Set database path to: C:\Users\tkach\.stmcufinder\plugins\mcufinder//mcu/cs/
2024-02-23 10:30:03,947 [INFO] MainPanel:264 - HeapMemory: 268435456
2024-02-23 10:30:04,131 [INFO] DbMcusXml:78 - Set database path to: C:\ST\STM32CubeIDE_1.14.1\STM32CubeIDE\plugins\com.st.stm32cube.common.mx_6.10.0.202311202037\\db\/mcu/
2024-02-23 10:30:04,131 [INFO] ApiDb:274 - Set plugin database path to: C:\ST\STM32CubeIDE_1.14.1\STM32CubeIDE\plugins\com.st.stm32cube.common.mx_6.10.0.202311202037\\db\/plugins/boardmanager/
2024-02-23 10:30:04,131 [INFO] ApiDb:261 - Set plugin images path to: C:\ST\STM32CubeIDE_1.14.1\STM32CubeIDE\plugins\com.st.stm32cube.common.mx_6.10.0.202311202037\\db\/plugins/mcufinder/images/
2024-02-23 10:30:04,132 [WARN] DbFile:41 - Overriding database path with different value: C:\Users\tkach\.stmcufinder\plugins\mcufinder/ => C:\Users\tkach\.stmcufinder\plugins\mcufinder
2024-02-23 10:30:04,132 [INFO] ApiDb:250 - Set database path to: C:\Users\tkach\.stmcufinder\plugins\mcufinder//mcu/
2024-02-23 10:30:04,132 [WARN] DbFile:41 - Overriding database path with different value: C:\Users\tkach\.stmcufinder\plugins\mcufinder/ => C:\Users\tkach\.stmcufinder\plugins\mcufinder
2024-02-23 10:30:04,132 [INFO] DbMcusAds:125 - Set database path to: C:\Users\tkach\.stmcufinder\plugins\mcufinder//mcu/
2024-02-23 10:30:04,132 [WARN] DbFile:41 - Overriding database path with different value: C:\Users\tkach\.stmcufinder\plugins\mcufinder/ => C:\Users\tkach\.stmcufinder\plugins\mcufinder
2024-02-23 10:30:04,132 [WARN] DbFile:41 - Overriding database path with different value: C:\Users\tkach\.stmcufinder\plugins\mcufinder/ => C:\Users\tkach\.stmcufinder\plugins\mcufinder
2024-02-23 10:30:04,132 [INFO] CrossReferenceDbSqlite:203 - Set database path to: C:\Users\tkach\.stmcufinder\plugins\mcufinder//mcu/cs/
2024-02-23 10:30:04,156 [INFO] ApplicationProperties:184 - Using Application install path: C:\ST\STM32CubeIDE_1.14.1\STM32CubeIDE\plugins\com.st.stm32cube.common.mx_6.10.0.202311202037
2024-02-23 10:30:04,158 [INFO] PluginManage:196 - Search for loadable plugins [exclusion list=, ]
2024-02-23 10:30:04,160 [INFO] PluginManage:310 - Check plugin analytics
2024-02-23 10:30:08,951 [INFO] AnalyticsPlugin:253 - Accepted Software Licenses: 
2024-02-23 10:30:08,951 [INFO] AnalyticsPlugin:255 - Accepted CMSIS Pack Licenses: 
2024-02-23 10:30:08,952 [INFO] AnalyticsPlugin:257 - Accepted Firmware Licenses: 
2024-02-23 10:30:08,954 [INFO] PluginManage:359 - Loaded plugin analytics (category:tool,tabindex:-1)
2024-02-23 10:30:08,955 [INFO] PluginManage:310 - Check plugin cadmodel
2024-02-23 10:30:08,963 [INFO] CADModel:105 - Init CAD model plugin
2024-02-23 10:30:08,963 [INFO] PluginManage:359 - Loaded plugin cadmodel (category:power,tabindex:5)
2024-02-23 10:30:08,963 [INFO] PluginManage:310 - Check plugin clock
2024-02-23 10:30:08,977 [INFO] PluginManage:359 - Loaded plugin clock (category:base,tabindex:2)
2024-02-23 10:30:08,977 [INFO] PluginManage:310 - Check plugin ddr
2024-02-23 10:30:08,980 [INFO] PluginManage:359 - Loaded plugin ddr (category:tool,tabindex:6)
2024-02-23 10:30:08,981 [INFO] PluginManage:310 - Check plugin filemanager
2024-02-23 10:30:09,134 [INFO] PluginManage:359 - Loaded plugin filemanager (category:base,tabindex:10)
2024-02-23 10:30:09,135 [INFO] PluginManage:310 - Check plugin ipmanager
2024-02-23 10:30:09,142 [INFO] PluginManage:359 - Loaded plugin ipmanager (category:base,tabindex:5)
2024-02-23 10:30:09,143 [INFO] PluginManage:310 - Check plugin lpbam
2024-02-23 10:30:09,154 [INFO] PluginManage:359 - Loaded plugin lpbam (category:base,tabindex:0)
2024-02-23 10:30:09,154 [INFO] PluginManage:310 - Check plugin memorymap
2024-02-23 10:30:09,173 [INFO] PluginManage:359 - Loaded plugin memorymap (category:base,tabindex:4)
2024-02-23 10:30:09,173 [INFO] PluginManage:310 - Check plugin pinoutandconfiguration
2024-02-23 10:30:09,184 [INFO] PluginManage:359 - Loaded plugin pinoutandconfiguration (category:base,tabindex:1)
2024-02-23 10:30:09,184 [INFO] PluginManage:310 - Check plugin pinoutconfig
2024-02-23 10:30:09,279 [WARN] SupportedApi:132 - Cannot load RTOS API schema: s4s-elt-must-match.1: The content of 'definitions' must match (annotation?, (simpleType | complexType)?, (unique | key | keyref)*)). A problem was found starting at: attribute.
2024-02-23 10:30:09,476 [INFO] PluginManage:359 - Loaded plugin pinoutconfig (category:base,tabindex:0)
2024-02-23 10:30:09,476 [INFO] PluginManage:310 - Check plugin power
2024-02-23 10:30:09,491 [INFO] PluginManage:359 - Loaded plugin power (category:power,tabindex:4)
2024-02-23 10:30:09,492 [INFO] PluginManage:310 - Check plugin projectmanager
2024-02-23 10:30:09,511 [INFO] PluginManage:359 - Loaded plugin projectmanager (category:projectmanager,tabindex:3)
2024-02-23 10:30:09,511 [INFO] PluginManage:310 - Check plugin thirdparty
2024-02-23 10:30:09,663 [INFO] PluginManage:359 - Loaded plugin thirdparty (category:base,tabindex:-1)
2024-02-23 10:30:09,663 [WARN] IntegrityCheckThread:84 - waiting for thirdparty lock release [integrity check]
2024-02-23 10:30:09,663 [INFO] PluginManage:310 - Check plugin tools
2024-02-23 10:30:09,663 [INFO] IntegrityCheckThread:86 - entering critical section [integrity check]
2024-02-23 10:30:09,664 [INFO] ThirdPartyUpdaterWithRetryManager:70 - Updater plugin not ready yet. [1/15]
2024-02-23 10:30:09,667 [INFO] PluginManage:359 - Loaded plugin tools (category:base,tabindex:7)
2024-02-23 10:30:09,667 [INFO] PluginManage:310 - Check plugin tutovideos
2024-02-23 10:30:09,887 [INFO] PluginManage:359 - Loaded plugin tutovideos (category:base,tabindex:-1)
2024-02-23 10:30:09,887 [INFO] PluginManage:310 - Check plugin updater
2024-02-23 10:30:09,900 [INFO] PluginManage:359 - Loaded plugin updater (category:base,tabindex:12)
2024-02-23 10:30:09,900 [INFO] PluginManage:310 - Check plugin userauth
2024-02-23 10:30:09,906 [INFO] UserAuth:114 - Init User Auth plugin
2024-02-23 10:30:09,906 [INFO] PluginManage:359 - Loaded plugin userauth (category:base,tabindex:14)
2024-02-23 10:30:09,907 [INFO] PluginManage:283 - PluginManage : Loaded plugins [17]
2024-02-23 10:30:10,139 [INFO] PinOutPanel:1499 - setPackage(No Configuration,No Configuration)
2024-02-23 10:30:10,216 [INFO] CADModel:165 - CPN selected for project level
2024-02-23 10:30:10,217 [INFO] CADModel:114 - Register for checkConnection events
2024-02-23 10:30:10,236 [INFO] IPUIPlugin:80 - create IPUIPlugin
2024-02-23 10:30:10,236 [INFO] PluginManager:220 - loadIPPluginJar : add adc
2024-02-23 10:30:10,239 [INFO] IPUIPlugin:80 - create IPUIPlugin
2024-02-23 10:30:10,239 [INFO] PluginManager:220 - loadIPPluginJar : add aes
2024-02-23 10:30:10,242 [INFO] IPUIPlugin:80 - create IPUIPlugin
2024-02-23 10:30:10,242 [INFO] PluginManager:220 - loadIPPluginJar : add can
2024-02-23 10:30:10,244 [INFO] IPUIPlugin:80 - create IPUIPlugin
2024-02-23 10:30:10,245 [INFO] PluginManager:220 - loadIPPluginJar : add comp
2024-02-23 10:30:10,247 [INFO] IPUIPlugin:80 - create IPUIPlugin
2024-02-23 10:30:10,247 [INFO] PluginManager:220 - loadIPPluginJar : add cryp
2024-02-23 10:30:10,249 [INFO] IPUIPlugin:80 - create IPUIPlugin
2024-02-23 10:30:10,250 [INFO] PluginManager:220 - loadIPPluginJar : add dfsdm
2024-02-23 10:30:10,256 [INFO] IPUIPlugin:80 - create IPUIPlugin
2024-02-23 10:30:10,256 [INFO] PluginManager:220 - loadIPPluginJar : add dma
2024-02-23 10:30:10,259 [INFO] IPUIPlugin:80 - create IPUIPlugin
2024-02-23 10:30:10,259 [INFO] PluginManager:220 - loadIPPluginJar : add dma3
2024-02-23 10:30:10,261 [INFO] IPUIPlugin:80 - create IPUIPlugin
2024-02-23 10:30:10,261 [INFO] PluginManager:220 - loadIPPluginJar : add fatfs
2024-02-23 10:30:10,265 [INFO] IPUIPlugin:80 - create IPUIPlugin
2024-02-23 10:30:10,265 [INFO] PluginManager:220 - loadIPPluginJar : add fmc
2024-02-23 10:30:10,272 [INFO] IPUIPlugin:80 - create IPUIPlugin
2024-02-23 10:30:10,273 [INFO] PluginManager:220 - loadIPPluginJar : add freertos
2024-02-23 10:30:10,274 [INFO] IPUIPlugin:80 - create IPUIPlugin
2024-02-23 10:30:10,274 [INFO] PluginManager:220 - loadIPPluginJar : add genericplugin
2024-02-23 10:30:10,277 [INFO] IPUIPlugin:80 - create IPUIPlugin
2024-02-23 10:30:10,277 [INFO] PluginManager:220 - loadIPPluginJar : add gfxmmu
2024-02-23 10:30:10,282 [INFO] IPUIPlugin:80 - create IPUIPlugin
2024-02-23 10:30:10,282 [INFO] PluginManager:220 - loadIPPluginJar : add gic
2024-02-23 10:30:10,286 [INFO] IPUIPlugin:80 - create IPUIPlugin
2024-02-23 10:30:10,286 [INFO] PluginManager:220 - loadIPPluginJar : add gpio
2024-02-23 10:30:10,290 [INFO] IPUIPlugin:80 - create IPUIPlugin
2024-02-23 10:30:10,290 [INFO] PluginManager:220 - loadIPPluginJar : add gtzc
2024-02-23 10:30:10,292 [INFO] IPUIPlugin:80 - create IPUIPlugin
2024-02-23 10:30:10,292 [INFO] PluginManager:220 - loadIPPluginJar : add hash
2024-02-23 10:30:10,295 [INFO] IPUIPlugin:80 - create IPUIPlugin
2024-02-23 10:30:10,295 [INFO] PluginManager:220 - loadIPPluginJar : add i2c
2024-02-23 10:30:10,296 [INFO] IPUIPlugin:80 - create IPUIPlugin
2024-02-23 10:30:10,296 [INFO] PluginManager:220 - loadIPPluginJar : add i2s
2024-02-23 10:30:10,299 [INFO] IPUIPlugin:80 - create IPUIPlugin
2024-02-23 10:30:10,300 [INFO] PluginManager:220 - loadIPPluginJar : add i3c
2024-02-23 10:30:10,303 [INFO] IPUIPlugin:80 - create IPUIPlugin
2024-02-23 10:30:10,303 [INFO] PluginManager:220 - loadIPPluginJar : add ipddr
2024-02-23 10:30:10,309 [INFO] IPUIPlugin:80 - create IPUIPlugin
2024-02-23 10:30:10,309 [INFO] PluginManager:220 - loadIPPluginJar : add linkedlist
2024-02-23 10:30:10,312 [INFO] IPUIPlugin:80 - create IPUIPlugin
2024-02-23 10:30:10,312 [INFO] PluginManager:220 - loadIPPluginJar : add lorawan
2024-02-23 10:30:10,313 [INFO] IPUIPlugin:80 - create IPUIPlugin
2024-02-23 10:30:10,313 [INFO] PluginManager:220 - loadIPPluginJar : add ltdc
2024-02-23 10:30:10,319 [INFO] IPUIPlugin:80 - create IPUIPlugin
2024-02-23 10:30:10,320 [INFO] PluginManager:220 - loadIPPluginJar : add mdma
2024-02-23 10:30:10,324 [INFO] IPUIPlugin:80 - create IPUIPlugin
2024-02-23 10:30:10,324 [INFO] PluginManager:220 - loadIPPluginJar : add nvic
2024-02-23 10:30:10,327 [INFO] IPUIPlugin:80 - create IPUIPlugin
2024-02-23 10:30:10,327 [INFO] PluginManager:220 - loadIPPluginJar : add opamp
2024-02-23 10:30:10,330 [INFO] IPUIPlugin:80 - create IPUIPlugin
2024-02-23 10:30:10,330 [INFO] PluginManager:220 - loadIPPluginJar : add openamp
2024-02-23 10:30:10,334 [INFO] IPUIPlugin:80 - create IPUIPlugin
2024-02-23 10:30:10,334 [INFO] PluginManager:220 - loadIPPluginJar : add pdm2pcm
2024-02-23 10:30:10,340 [INFO] IPUIPlugin:80 - create IPUIPlugin
2024-02-23 10:30:10,342 [INFO] PluginManager:220 - loadIPPluginJar : add plateformsettings
2024-02-23 10:30:10,344 [INFO] IPUIPlugin:80 - create IPUIPlugin
2024-02-23 10:30:10,344 [INFO] PluginManager:220 - loadIPPluginJar : add quadspi
2024-02-23 10:30:10,349 [INFO] IPUIPlugin:80 - create IPUIPlugin
2024-02-23 10:30:10,349 [INFO] PluginManager:220 - loadIPPluginJar : add resmgrutility
2024-02-23 10:30:10,351 [INFO] IPUIPlugin:80 - create IPUIPlugin
2024-02-23 10:30:10,351 [INFO] PluginManager:220 - loadIPPluginJar : add sai
2024-02-23 10:30:10,354 [INFO] IPUIPlugin:80 - create IPUIPlugin
2024-02-23 10:30:10,354 [INFO] PluginManager:220 - loadIPPluginJar : add spi
2024-02-23 10:30:10,360 [INFO] IPUIPlugin:80 - create IPUIPlugin
2024-02-23 10:30:10,360 [INFO] PluginManager:220 - loadIPPluginJar : add stm32_wpan
2024-02-23 10:30:10,363 [INFO] IPUIPlugin:80 - create IPUIPlugin
2024-02-23 10:30:10,363 [INFO] PluginManager:220 - loadIPPluginJar : add tim
2024-02-23 10:30:10,368 [INFO] IPUIPlugin:80 - create IPUIPlugin
2024-02-23 10:30:10,368 [INFO] PluginManager:220 - loadIPPluginJar : add touchsensing
2024-02-23 10:30:10,371 [INFO] IPUIPlugin:80 - create IPUIPlugin
2024-02-23 10:30:10,371 [INFO] PluginManager:220 - loadIPPluginJar : add tracer_emb
2024-02-23 10:30:10,373 [INFO] IPUIPlugin:80 - create IPUIPlugin
2024-02-23 10:30:10,373 [INFO] PluginManager:220 - loadIPPluginJar : add ts
2024-02-23 10:30:10,375 [INFO] IPUIPlugin:80 - create IPUIPlugin
2024-02-23 10:30:10,375 [INFO] PluginManager:220 - loadIPPluginJar : add tsc
2024-02-23 10:30:10,378 [INFO] IPUIPlugin:80 - create IPUIPlugin
2024-02-23 10:30:10,379 [INFO] PluginManager:220 - loadIPPluginJar : add ucpd
2024-02-23 10:30:10,381 [INFO] IPUIPlugin:80 - create IPUIPlugin
2024-02-23 10:30:10,382 [INFO] PluginManager:220 - loadIPPluginJar : add usart
2024-02-23 10:30:10,385 [INFO] IPUIPlugin:80 - create IPUIPlugin
2024-02-23 10:30:10,385 [INFO] PluginManager:220 - loadIPPluginJar : add usbx
2024-02-23 10:30:10,535 [INFO] CADModel:165 - CPN selected for project level
2024-02-23 10:30:10,535 [INFO] CADModel:114 - Register for checkConnection events
2024-02-23 10:30:10,536 [FATAL] Updater:308 - Updater called before beeing initialized
2024-02-23 10:30:10,537 [ERROR] CADModel:125 - Updater not yet initialized, retry later 
2024-02-23 10:30:10,741 [INFO] CADModel:165 - CPN selected for project level
2024-02-23 10:30:10,741 [INFO] CADModel:114 - Register for checkConnection events
2024-02-23 10:30:10,741 [FATAL] Updater:308 - Updater called before beeing initialized
2024-02-23 10:30:10,741 [ERROR] CADModel:125 - Updater not yet initialized, retry later 
2024-02-23 10:30:10,744 [FATAL] Updater:308 - Updater called before beeing initialized
2024-02-23 10:30:10,870 [FATAL] Updater:308 - Updater called before beeing initialized
2024-02-23 10:30:10,876 [INFO] DbMcusAds:53 - JSON generation date=Wed Nov 29 12:52:27 EET 2023 (1701255147349)
2024-02-23 10:30:10,876 [FATAL] Updater:308 - Updater called before beeing initialized
2024-02-23 10:30:10,931 [WARN] DetailPanel:346 - Failed to get advertising image, set to default
2024-02-23 10:30:11,028 [FATAL] Updater:308 - Updater called before beeing initialized
2024-02-23 10:30:11,030 [FATAL] Updater:308 - Updater called before beeing initialized
2024-02-23 10:30:11,030 [FATAL] Updater:308 - Updater called before beeing initialized
2024-02-23 10:30:11,030 [WARN] DetailPanel:346 - Failed to get advertising image, set to default
2024-02-23 10:30:11,031 [FATAL] Updater:308 - Updater called before beeing initialized
2024-02-23 10:30:11,087 [ERROR] Updater:1120 - MainUpdater not yet initialized. External WinMGr cannot be set.
2024-02-23 10:30:11,090 [INFO] Updater:1056 - Updater Version found : 6.10.0
2024-02-23 10:30:11,111 [INFO] ApplicationProperties:184 - Using Application install path: C:\ST\STM32CubeIDE_1.14.1\STM32CubeIDE\plugins\com.st.stm32cube.common.mx_6.10.0.202311202037
2024-02-23 10:30:12,664 [INFO] ThirdPartyUpdaterWithRetryManager:70 - Updater plugin not ready yet. [2/15]
2024-02-23 10:30:12,696 [ERROR] LogOutputStream:75 - [STDERR_REDIRECT] Feb 23, 2024 10:30:12 AM java.util.prefs.WindowsPreferences <init>
2024-02-23 10:30:12,700 [ERROR] LogOutputStream:75 - [STDERR_REDIRECT] WARNING: Could not open/create prefs root node Software\JavaSoft\Prefs at root 0xffffffff80000002. Windows RegCreateKeyEx(...) returned error code 5.
2024-02-23 10:30:12,700 [ERROR] LogOutputStream:75 - [STDERR_REDIRECT] 
2024-02-23 10:30:13,080 [INFO] MainUpdater:2873 - connection check result : 10
2024-02-23 10:30:13,083 [INFO] MainUpdater:290 - Updater Check For Update Now.
2024-02-23 10:30:13,083 [INFO] MicroXplorer:498 - Change Database Version : DB.6.0.100
2024-02-23 10:30:13,112 [INFO] McuFinderGlobals:63 - Set McuFinder mode to 2 (CubeIDE integrated)
2024-02-23 10:30:13,294 [INFO] CheckServerUpdateThread:120 - End of CheckServer Thread
2024-02-23 10:30:13,541 [INFO] UserAuth:404 - Internet connection configuration mode: 1
2024-02-23 10:30:13,595 [INFO] JxBrowserEngine:152 - Initiate JxBrowser Engine with user profile folder
2024-02-23 10:30:14,952 [INFO] WebApp:161 - Instantiating new browser for Auth
2024-02-23 10:30:15,683 [INFO] WebApp:780 - Register for checkConnection events
2024-02-23 10:30:15,683 [INFO] WebApp:414 - Apply proxy settings
2024-02-23 10:30:15,683 [INFO] WebApp:499 - Chromium requires no authentication
2024-02-23 10:30:15,693 [INFO] WebApp:442 - Direct internet connection detected
2024-02-23 10:30:15,855 [WARN] PackLoader:240 - Cannot read IP mode file for STMicroelectronics.X-CUBE-SMBUS.2.1.0
2024-02-23 10:30:15,863 [WARN] PackLoader:240 - Cannot read IP mode file for STMicroelectronics.X-CUBE-TOUCHGFX.4.23.0
2024-02-23 10:30:15,911 [WARN] PackLoader:240 - Cannot read IP mode file for STMicroelectronics.X-CUBE-AZRTOS-F7.1.1.0
2024-02-23 10:30:15,929 [WARN] PackLoader:240 - Cannot read IP mode file for STMicroelectronics.FP-SNS-MOTENV1.4.3.2
2024-02-23 10:30:15,939 [WARN] PackLoader:240 - Cannot read IP mode file for STMicroelectronics.FP-SNS-FLIGHT1.5.0.2
2024-02-23 10:30:15,954 [WARN] PackLoader:240 - Cannot read IP mode file for STMicroelectronics.X-CUBE-DISPLAY.3.0.0
2024-02-23 10:30:15,967 [INFO] WebApp:192 - Starting web application
2024-02-23 10:30:15,967 [INFO] WebApp:544 - Web application path used C:\ST\STM32CubeIDE_1.14.1\STM32CubeIDE\plugins\com.st.stm32cube.common.mx_6.10.0.202311202037\db\plugins\mcufinder\reactClient1\index.html
2024-02-23 10:30:15,975 [WARN] PackLoader:240 - Cannot read IP mode file for STMicroelectronics.X-CUBE-BLE1.7.0.0
2024-02-23 10:30:15,983 [WARN] PackLoader:240 - Cannot read IP mode file for emotas.I-CUBE-CANOPEN.1.3.0
2024-02-23 10:30:15,989 [WARN] PackLoader:240 - Cannot read IP mode file for STMicroelectronics.FP-SNS-SMARTAG2.1.2.0
2024-02-23 10:30:16,009 [INFO] LogOutputStream:77 - [STDOUT_REDIRECT] 1 : Invalid condition id : UX_CORESTACK_Condition cause : null
2024-02-23 10:30:16,010 [INFO] LogOutputStream:77 - [STDOUT_REDIRECT] 1 : Invalid condition id : UX_CORESTACK_Condition cause : null
2024-02-23 10:30:16,013 [INFO] LogOutputStream:77 - [STDOUT_REDIRECT] 1 : Invalid condition id : UX_CORESTACK_Condition cause : null
2024-02-23 10:30:16,015 [INFO] LogOutputStream:77 - [STDOUT_REDIRECT] 1 : Invalid condition id : UX_CORESTACK_Condition cause : null
2024-02-23 10:30:16,017 [INFO] LogOutputStream:77 - [STDOUT_REDIRECT] 1 : Invalid condition id : UX_CORESTACK_Condition cause : null
2024-02-23 10:30:16,025 [WARN] PackLoader:240 - Cannot read IP mode file for STMicroelectronics.X-CUBE-AZRTOS-WL.2.0.0
2024-02-23 10:30:16,038 [WARN] PackLoader:240 - Cannot read IP mode file for WES.I-CUBE-Cesium.1.3.0
2024-02-23 10:30:16,046 [WARN] PackLoader:240 - Cannot read IP mode file for STMicroelectronics.X-CUBE-BLE2.3.3.0
2024-02-23 10:30:16,057 [WARN] PackLoader:240 - Cannot read IP mode file for STMicroelectronics.X-CUBE-ALGOBUILD.1.3.0
2024-02-23 10:30:16,089 [WARN] PackLoader:240 - Cannot read IP mode file for STMicroelectronics.X-CUBE-AZRTOS-G0.1.1.0
2024-02-23 10:30:16,102 [WARN] PackLoader:240 - Cannot read IP mode file for STMicroelectronics.X-CUBE-NFC4.3.0.0
2024-02-23 10:30:16,124 [WARN] PackLoader:240 - Cannot read IP mode file for STMicroelectronics.X-CUBE-BLEMGR.3.0.0
2024-02-23 10:30:16,144 [WARN] PackLoader:240 - Cannot read IP mode file for STMicroelectronics.FP-ATR-SIGFOX1.3.2.0
2024-02-23 10:30:16,167 [WARN] PackLoader:240 - Cannot read IP mode file for STMicroelectronics.X-CUBE-EEPRMA1.5.1.0
2024-02-23 10:30:16,300 [WARN] PackLoader:240 - Cannot read IP mode file for SEGGER.I-CUBE-embOS.1.3.1
2024-02-23 10:30:16,374 [WARN] PackLoader:240 - Cannot read IP mode file for STMicroelectronics.X-CUBE-GNSS1.6.0.0
2024-02-23 10:30:16,408 [WARN] PackLoader:240 - Cannot read IP mode file for STMicroelectronics.X-CUBE-AZRTOS-F4.1.1.0
2024-02-23 10:30:16,419 [WARN] PackLoader:240 - Cannot read IP mode file for wolfSSL.I-CUBE-wolfSSL.5.6.6
2024-02-23 10:30:16,446 [WARN] PackLoader:240 - Cannot read IP mode file for STMicroelectronics.X-CUBE-AZRTOS-L5.2.0.0
2024-02-23 10:30:16,459 [WARN] PackLoader:240 - Cannot read IP mode file for STMicroelectronics.X-CUBE-EEPRMA1.4.2.0
2024-02-23 10:30:16,467 [WARN] PackLoader:240 - Cannot read IP mode file for ITTIA_DB.I-CUBE-ITTIADB.8.8.0
2024-02-23 10:30:16,474 [WARN] PackLoader:240 - Cannot read IP mode file for STMicroelectronics.X-CUBE-NFC7.1.0.1
2024-02-23 10:30:16,484 [WARN] PackLoader:240 - Cannot read IP mode file for STMicroelectronics.X-CUBE-NFC6.3.0.0
2024-02-23 10:30:16,493 [WARN] PackLoader:240 - Cannot read IP mode file for STMicroelectronics.X-CUBE-AI.8.1.0
2024-02-23 10:30:16,517 [WARN] ConditionMgr:438 - getConditionDescription Invalid condition id : LAN8742 Phy interface Condition cause : null
2024-02-23 10:30:16,519 [WARN] PackLoader:240 - Cannot read IP mode file for STMicroelectronics.X-CUBE-AZRTOS-L4.2.0.0
2024-02-23 10:30:16,521 [WARN] ConditionMgr:1039 - genDependencies : Invalid condition id : LAN8742 Phy interface Condition cause : null
2024-02-23 10:30:16,521 [WARN] ConditionMgr:1039 - genDependencies : Invalid condition id : LAN8742 Phy interface Condition cause : null
2024-02-23 10:30:16,522 [WARN] ConditionMgr:1039 - genDependencies : Invalid condition id : LAN8742 Phy interface Condition cause : null
2024-02-23 10:30:16,535 [WARN] PackLoader:240 - Cannot read IP mode file for STMicroelectronics.X-CUBE-SFXS2LP1.4.0.0
2024-02-23 10:30:16,556 [WARN] ConditionMgr:438 - getConditionDescription Invalid condition id : UX DEVICE CLASS RTOS Condition cause : null
2024-02-23 10:30:16,558 [WARN] ConditionMgr:438 - getConditionDescription Invalid condition id : UX DEVICE CLASS RTOS Condition cause : null
2024-02-23 10:30:16,562 [WARN] PackLoader:240 - Cannot read IP mode file for STMicroelectronics.X-CUBE-AZRTOS-WB.2.0.0
2024-02-23 10:30:16,563 [WARN] ConditionMgr:1039 - genDependencies : Invalid condition id : UX DEVICE CLASS RTOS Condition cause : null
2024-02-23 10:30:16,563 [WARN] ConditionMgr:1039 - genDependencies : Invalid condition id : UX DEVICE CLASS RTOS Condition cause : null
2024-02-23 10:30:16,564 [WARN] ConditionMgr:1039 - genDependencies : Invalid condition id : UX DEVICE CLASS RTOS Condition cause : null
2024-02-23 10:30:16,564 [WARN] ConditionMgr:1039 - genDependencies : Invalid condition id : UX DEVICE CLASS RTOS Condition cause : null
2024-02-23 10:30:16,564 [WARN] ConditionMgr:1039 - genDependencies : Invalid condition id : UX DEVICE CLASS RTOS Condition cause : null
2024-02-23 10:30:16,579 [WARN] PackLoader:240 - Cannot read IP mode file for STMicroelectronics.X-CUBE-SUBG2.5.0.0
2024-02-23 10:30:16,609 [WARN] PackLoader:240 - Cannot read IP mode file for STMicroelectronics.X-CUBE-AZRTOS-G4.2.0.0
2024-02-23 10:30:16,626 [WARN] PackLoader:240 - Cannot read IP mode file for Infineon.AIROC-Wi-Fi-Bluetooth-STM32.1.5.1
2024-02-23 10:30:16,636 [WARN] PackLoader:240 - Cannot read IP mode file for STMicroelectronics.FP-SNS-MOTENVWB1.1.3.1
2024-02-23 10:30:16,643 [WARN] PackLoader:240 - Cannot read IP mode file for STMicroelectronics.X-CUBE-ISPU.2.0.0
2024-02-23 10:30:16,707 [WARN] PackLoader:240 - Cannot read IP mode file for STMicroelectronics.X-CUBE-MEMS1.10.0.0
2024-02-23 10:30:17,003 [WARN] PackLoader:240 - Cannot read IP mode file for STMicroelectronics.X-CUBE-FREERTOS.1.1.0
2024-02-23 10:30:17,011 [WARN] PackLoader:240 - Cannot read IP mode file for portGmbH.I-Cube-SoM-uGOAL.1.1.0
2024-02-23 10:30:17,016 [WARN] PackLoader:240 - Cannot read IP mode file for STMicroelectronics.X-CUBE-ALS.1.0.1
2024-02-23 10:30:17,020 [WARN] PackLoader:240 - Cannot read IP mode file for STMicroelectronics.FP-ATR-ASTRA1.2.0.0
2024-02-23 10:30:17,031 [WARN] PackLoader:240 - Cannot read IP mode file for STMicroelectronics.X-CUBE-TOF1.3.4.0
2024-02-23 10:30:17,064 [WARN] PackLoader:240 - Cannot read IP mode file for STMicroelectronics.X-CUBE-AZRTOS-H7.3.2.0
2024-02-23 10:30:17,068 [INFO] ThirdParty:978 - Integrity check success = true
2024-02-23 10:30:17,068 [INFO] IntegrityCheckThread:100 - exiting critical section [integrity check]
2024-02-23 10:30:17,068 [INFO] IntegrityCheckThread:103 - End integrity checks thread
2024-02-23 10:30:36,914 [ERROR] LogOutputStream:75 - [STDERR_REDIRECT] SLF4J: Failed to load class "org.slf4j.impl.StaticLoggerBinder".
2024-02-23 10:30:36,915 [ERROR] LogOutputStream:75 - [STDERR_REDIRECT] SLF4J: Defaulting to no-operation (NOP) logger implementation
2024-02-23 10:30:36,917 [ERROR] LogOutputStream:75 - [STDERR_REDIRECT] SLF4J: See http://www.slf4j.org/codes.html#StaticLoggerBinder for further details.
2024-02-23 14:48:29,726 [ERROR] LogOutputStream:75 - [STDERR_REDIRECT] 
