2024-10-08 11:41:31,905 [INFO] Activator:176 - 


2024-10-08 11:41:31,915 [INFO] Activator:177 - !SESSION log4j initialized
2024-10-08 11:41:41,123 [INFO] LogOutputStream:77 - [STDOUT_REDIRECT] 
2024-10-08 11:41:47,269 [INFO] ApplicationProperties:184 - Using Application install path: C:\ST\STM32CubeIDE_1.14.1\STM32CubeIDE\plugins\com.st.stm32cube.common.mx_6.10.0.202311202037
2024-10-08 11:41:47,293 [INFO] DbMcusXml:78 - Set database path to: C:\ST\STM32CubeIDE_1.14.1\STM32CubeIDE\plugins\com.st.stm32cube.common.mx_6.10.0.202311202037\\db\/mcu/
2024-10-08 11:41:47,293 [INFO] ApiDb:274 - Set plugin database path to: C:\ST\STM32CubeIDE_1.14.1\STM32CubeIDE\plugins\com.st.stm32cube.common.mx_6.10.0.202311202037\\db\/plugins/boardmanager/
2024-10-08 11:41:47,294 [WARN] ApiDb:259 - Overriding images path with different value:  => C:\ST\STM32CubeIDE_1.14.1\STM32CubeIDE\plugins\com.st.stm32cube.common.mx_6.10.0.202311202037\\db\/plugins/mcufinder/images/
2024-10-08 11:41:47,309 [INFO] ApiDb:250 - Set database path to: C:\Users\tkach\.stmcufinder\plugins\mcufinder//mcu/
2024-10-08 11:41:47,311 [INFO] DbMcusAds:125 - Set database path to: C:\Users\tkach\.stmcufinder\plugins\mcufinder//mcu/
2024-10-08 11:41:47,314 [INFO] CrossReferenceDbSqlite:203 - Set database path to: C:\Users\tkach\.stmcufinder\plugins\mcufinder//mcu/cs/
2024-10-08 11:41:47,487 [INFO] RulesReader:64 - Compatibility file has been processed (297 Rules)
2024-10-08 11:41:47,628 [INFO] DbMcusXml:78 - Set database path to: C:\ST\STM32CubeIDE_1.14.1\STM32CubeIDE\plugins\com.st.stm32cube.common.mx_6.10.0.202311202037\\db\/mcu/
2024-10-08 11:41:47,628 [INFO] ApiDb:274 - Set plugin database path to: C:\ST\STM32CubeIDE_1.14.1\STM32CubeIDE\plugins\com.st.stm32cube.common.mx_6.10.0.202311202037\\db\/plugins/boardmanager/
2024-10-08 11:41:47,629 [INFO] ApiDb:261 - Set plugin images path to: C:\ST\STM32CubeIDE_1.14.1\STM32CubeIDE\plugins\com.st.stm32cube.common.mx_6.10.0.202311202037\\db\/plugins/mcufinder/images/
2024-10-08 11:41:47,629 [WARN] DbFile:41 - Overriding database path with different value: C:\Users\tkach\.stmcufinder\plugins\mcufinder/ => C:\Users\tkach\.stmcufinder\plugins\mcufinder
2024-10-08 11:41:47,629 [INFO] ApiDb:250 - Set database path to: C:\Users\tkach\.stmcufinder\plugins\mcufinder//mcu/
2024-10-08 11:41:47,629 [WARN] DbFile:41 - Overriding database path with different value: C:\Users\tkach\.stmcufinder\plugins\mcufinder/ => C:\Users\tkach\.stmcufinder\plugins\mcufinder
2024-10-08 11:41:47,630 [INFO] DbMcusAds:125 - Set database path to: C:\Users\tkach\.stmcufinder\plugins\mcufinder//mcu/
2024-10-08 11:41:47,630 [WARN] DbFile:41 - Overriding database path with different value: C:\Users\tkach\.stmcufinder\plugins\mcufinder/ => C:\Users\tkach\.stmcufinder\plugins\mcufinder
2024-10-08 11:41:47,630 [WARN] DbFile:41 - Overriding database path with different value: C:\Users\tkach\.stmcufinder\plugins\mcufinder/ => C:\Users\tkach\.stmcufinder\plugins\mcufinder
2024-10-08 11:41:47,630 [INFO] CrossReferenceDbSqlite:203 - Set database path to: C:\Users\tkach\.stmcufinder\plugins\mcufinder//mcu/cs/
2024-10-08 11:41:47,755 [INFO] MainPanel:264 - HeapMemory: 268435456
2024-10-08 11:41:47,906 [INFO] DbMcusXml:78 - Set database path to: C:\ST\STM32CubeIDE_1.14.1\STM32CubeIDE\plugins\com.st.stm32cube.common.mx_6.10.0.202311202037\\db\/mcu/
2024-10-08 11:41:47,906 [INFO] ApiDb:274 - Set plugin database path to: C:\ST\STM32CubeIDE_1.14.1\STM32CubeIDE\plugins\com.st.stm32cube.common.mx_6.10.0.202311202037\\db\/plugins/boardmanager/
2024-10-08 11:41:47,906 [INFO] ApiDb:261 - Set plugin images path to: C:\ST\STM32CubeIDE_1.14.1\STM32CubeIDE\plugins\com.st.stm32cube.common.mx_6.10.0.202311202037\\db\/plugins/mcufinder/images/
2024-10-08 11:41:47,907 [WARN] DbFile:41 - Overriding database path with different value: C:\Users\tkach\.stmcufinder\plugins\mcufinder/ => C:\Users\tkach\.stmcufinder\plugins\mcufinder
2024-10-08 11:41:47,907 [INFO] ApiDb:250 - Set database path to: C:\Users\tkach\.stmcufinder\plugins\mcufinder//mcu/
2024-10-08 11:41:47,907 [WARN] DbFile:41 - Overriding database path with different value: C:\Users\tkach\.stmcufinder\plugins\mcufinder/ => C:\Users\tkach\.stmcufinder\plugins\mcufinder
2024-10-08 11:41:47,907 [INFO] DbMcusAds:125 - Set database path to: C:\Users\tkach\.stmcufinder\plugins\mcufinder//mcu/
2024-10-08 11:41:47,907 [WARN] DbFile:41 - Overriding database path with different value: C:\Users\tkach\.stmcufinder\plugins\mcufinder/ => C:\Users\tkach\.stmcufinder\plugins\mcufinder
2024-10-08 11:41:47,908 [WARN] DbFile:41 - Overriding database path with different value: C:\Users\tkach\.stmcufinder\plugins\mcufinder/ => C:\Users\tkach\.stmcufinder\plugins\mcufinder
2024-10-08 11:41:47,908 [INFO] CrossReferenceDbSqlite:203 - Set database path to: C:\Users\tkach\.stmcufinder\plugins\mcufinder//mcu/cs/
2024-10-08 11:41:47,938 [INFO] ApplicationProperties:184 - Using Application install path: C:\ST\STM32CubeIDE_1.14.1\STM32CubeIDE\plugins\com.st.stm32cube.common.mx_6.10.0.202311202037
2024-10-08 11:41:47,940 [INFO] PluginManage:196 - Search for loadable plugins [exclusion list=, ]
2024-10-08 11:41:47,942 [INFO] PluginManage:310 - Check plugin analytics
2024-10-08 11:41:48,205 [INFO] AnalyticsPlugin:253 - Accepted Software Licenses: STM32CubeMX.6.12.1
2024-10-08 11:41:48,205 [INFO] AnalyticsPlugin:255 - Accepted CMSIS Pack Licenses: 
2024-10-08 11:41:48,206 [INFO] AnalyticsPlugin:257 - Accepted Firmware Licenses: 
2024-10-08 11:41:48,209 [INFO] PluginManage:359 - Loaded plugin analytics (category:tool,tabindex:-1)
2024-10-08 11:41:48,209 [INFO] PluginManage:310 - Check plugin cadmodel
2024-10-08 11:41:48,234 [INFO] CADModel:105 - Init CAD model plugin
2024-10-08 11:41:48,234 [INFO] PluginManage:359 - Loaded plugin cadmodel (category:power,tabindex:5)
2024-10-08 11:41:48,234 [INFO] PluginManage:310 - Check plugin clock
2024-10-08 11:41:48,261 [INFO] PluginManage:359 - Loaded plugin clock (category:base,tabindex:2)
2024-10-08 11:41:48,262 [INFO] PluginManage:310 - Check plugin ddr
2024-10-08 11:41:48,265 [INFO] PluginManage:359 - Loaded plugin ddr (category:tool,tabindex:6)
2024-10-08 11:41:48,266 [INFO] PluginManage:310 - Check plugin filemanager
2024-10-08 11:41:48,441 [INFO] PluginManage:359 - Loaded plugin filemanager (category:base,tabindex:10)
2024-10-08 11:41:48,442 [INFO] PluginManage:310 - Check plugin ipmanager
2024-10-08 11:41:48,453 [INFO] PluginManage:359 - Loaded plugin ipmanager (category:base,tabindex:5)
2024-10-08 11:41:48,454 [INFO] PluginManage:310 - Check plugin lpbam
2024-10-08 11:41:48,475 [INFO] PluginManage:359 - Loaded plugin lpbam (category:base,tabindex:0)
2024-10-08 11:41:48,475 [INFO] PluginManage:310 - Check plugin memorymap
2024-10-08 11:41:48,516 [INFO] PluginManage:359 - Loaded plugin memorymap (category:base,tabindex:4)
2024-10-08 11:41:48,516 [INFO] PluginManage:310 - Check plugin pinoutandconfiguration
2024-10-08 11:41:48,541 [INFO] PluginManage:359 - Loaded plugin pinoutandconfiguration (category:base,tabindex:1)
2024-10-08 11:41:48,541 [INFO] PluginManage:310 - Check plugin pinoutconfig
2024-10-08 11:41:48,696 [WARN] SupportedApi:132 - Cannot load RTOS API schema: s4s-elt-must-match.1: The content of 'definitions' must match (annotation?, (simpleType | complexType)?, (unique | key | keyref)*)). A problem was found starting at: attribute.
2024-10-08 11:41:48,900 [INFO] PluginManage:359 - Loaded plugin pinoutconfig (category:base,tabindex:0)
2024-10-08 11:41:48,900 [INFO] PluginManage:310 - Check plugin power
2024-10-08 11:41:48,924 [INFO] PluginManage:359 - Loaded plugin power (category:power,tabindex:4)
2024-10-08 11:41:48,924 [INFO] PluginManage:310 - Check plugin projectmanager
2024-10-08 11:41:48,945 [INFO] PluginManage:359 - Loaded plugin projectmanager (category:projectmanager,tabindex:3)
2024-10-08 11:41:48,946 [INFO] PluginManage:310 - Check plugin thirdparty
2024-10-08 11:41:49,368 [INFO] PluginManage:359 - Loaded plugin thirdparty (category:base,tabindex:-1)
2024-10-08 11:41:49,368 [WARN] IntegrityCheckThread:84 - waiting for thirdparty lock release [integrity check]
2024-10-08 11:41:49,369 [INFO] PluginManage:310 - Check plugin tools
2024-10-08 11:41:49,369 [INFO] IntegrityCheckThread:86 - entering critical section [integrity check]
2024-10-08 11:41:49,369 [INFO] ThirdPartyUpdaterWithRetryManager:70 - Updater plugin not ready yet. [1/15]
2024-10-08 11:41:49,423 [INFO] PluginManage:359 - Loaded plugin tools (category:base,tabindex:7)
2024-10-08 11:41:49,423 [INFO] PluginManage:310 - Check plugin tutovideos
2024-10-08 11:41:49,674 [INFO] PluginManage:359 - Loaded plugin tutovideos (category:base,tabindex:-1)
2024-10-08 11:41:49,674 [INFO] PluginManage:310 - Check plugin updater
2024-10-08 11:41:49,691 [INFO] PluginManage:359 - Loaded plugin updater (category:base,tabindex:12)
2024-10-08 11:41:49,691 [INFO] PluginManage:310 - Check plugin userauth
2024-10-08 11:41:49,699 [INFO] UserAuth:114 - Init User Auth plugin
2024-10-08 11:41:49,699 [INFO] PluginManage:359 - Loaded plugin userauth (category:base,tabindex:14)
2024-10-08 11:41:49,700 [INFO] PluginManage:283 - PluginManage : Loaded plugins [17]
2024-10-08 11:41:49,997 [INFO] PinOutPanel:1499 - setPackage(No Configuration,No Configuration)
2024-10-08 11:41:50,110 [INFO] CADModel:165 - CPN selected for project level
2024-10-08 11:41:50,111 [INFO] CADModel:114 - Register for checkConnection events
2024-10-08 11:41:50,147 [INFO] IPUIPlugin:80 - create IPUIPlugin
2024-10-08 11:41:50,147 [INFO] PluginManager:220 - loadIPPluginJar : add adc
2024-10-08 11:41:50,199 [INFO] IPUIPlugin:80 - create IPUIPlugin
2024-10-08 11:41:50,199 [INFO] PluginManager:220 - loadIPPluginJar : add aes
2024-10-08 11:41:50,255 [INFO] IPUIPlugin:80 - create IPUIPlugin
2024-10-08 11:41:50,255 [INFO] PluginManager:220 - loadIPPluginJar : add can
2024-10-08 11:41:50,293 [INFO] IPUIPlugin:80 - create IPUIPlugin
2024-10-08 11:41:50,293 [INFO] PluginManager:220 - loadIPPluginJar : add comp
2024-10-08 11:41:50,353 [INFO] IPUIPlugin:80 - create IPUIPlugin
2024-10-08 11:41:50,353 [INFO] PluginManager:220 - loadIPPluginJar : add cryp
2024-10-08 11:41:50,413 [INFO] IPUIPlugin:80 - create IPUIPlugin
2024-10-08 11:41:50,413 [INFO] PluginManager:220 - loadIPPluginJar : add dfsdm
2024-10-08 11:41:50,434 [INFO] IPUIPlugin:80 - create IPUIPlugin
2024-10-08 11:41:50,435 [INFO] PluginManager:220 - loadIPPluginJar : add dma
2024-10-08 11:41:50,523 [INFO] IPUIPlugin:80 - create IPUIPlugin
2024-10-08 11:41:50,523 [INFO] PluginManager:220 - loadIPPluginJar : add dma3
2024-10-08 11:41:50,567 [INFO] IPUIPlugin:80 - create IPUIPlugin
2024-10-08 11:41:50,567 [INFO] PluginManager:220 - loadIPPluginJar : add fatfs
2024-10-08 11:41:50,675 [INFO] IPUIPlugin:80 - create IPUIPlugin
2024-10-08 11:41:50,676 [INFO] PluginManager:220 - loadIPPluginJar : add fmc
2024-10-08 11:41:50,702 [INFO] IPUIPlugin:80 - create IPUIPlugin
2024-10-08 11:41:50,703 [INFO] PluginManager:220 - loadIPPluginJar : add freertos
2024-10-08 11:41:50,739 [INFO] IPUIPlugin:80 - create IPUIPlugin
2024-10-08 11:41:50,739 [INFO] PluginManager:220 - loadIPPluginJar : add genericplugin
2024-10-08 11:41:50,901 [INFO] IPUIPlugin:80 - create IPUIPlugin
2024-10-08 11:41:50,901 [INFO] PluginManager:220 - loadIPPluginJar : add gfxmmu
2024-10-08 11:41:51,143 [INFO] IPUIPlugin:80 - create IPUIPlugin
2024-10-08 11:41:51,143 [INFO] PluginManager:220 - loadIPPluginJar : add gic
2024-10-08 11:41:51,170 [INFO] IPUIPlugin:80 - create IPUIPlugin
2024-10-08 11:41:51,170 [INFO] PluginManager:220 - loadIPPluginJar : add gpio
2024-10-08 11:41:51,312 [INFO] IPUIPlugin:80 - create IPUIPlugin
2024-10-08 11:41:51,313 [INFO] PluginManager:220 - loadIPPluginJar : add gtzc
2024-10-08 11:41:51,356 [INFO] IPUIPlugin:80 - create IPUIPlugin
2024-10-08 11:41:51,356 [INFO] PluginManager:220 - loadIPPluginJar : add hash
2024-10-08 11:41:51,426 [INFO] IPUIPlugin:80 - create IPUIPlugin
2024-10-08 11:41:51,427 [INFO] PluginManager:220 - loadIPPluginJar : add i2c
2024-10-08 11:41:51,478 [INFO] IPUIPlugin:80 - create IPUIPlugin
2024-10-08 11:41:51,478 [INFO] PluginManager:220 - loadIPPluginJar : add i2s
2024-10-08 11:41:51,533 [INFO] IPUIPlugin:80 - create IPUIPlugin
2024-10-08 11:41:51,533 [INFO] PluginManager:220 - loadIPPluginJar : add i3c
2024-10-08 11:41:51,689 [INFO] IPUIPlugin:80 - create IPUIPlugin
2024-10-08 11:41:51,689 [INFO] PluginManager:220 - loadIPPluginJar : add ipddr
2024-10-08 11:41:51,816 [INFO] IPUIPlugin:80 - create IPUIPlugin
2024-10-08 11:41:51,816 [INFO] PluginManager:220 - loadIPPluginJar : add linkedlist
2024-10-08 11:41:51,879 [INFO] IPUIPlugin:80 - create IPUIPlugin
2024-10-08 11:41:51,879 [INFO] PluginManager:220 - loadIPPluginJar : add lorawan
2024-10-08 11:41:51,937 [INFO] IPUIPlugin:80 - create IPUIPlugin
2024-10-08 11:41:51,937 [INFO] PluginManager:220 - loadIPPluginJar : add ltdc
2024-10-08 11:41:51,954 [INFO] IPUIPlugin:80 - create IPUIPlugin
2024-10-08 11:41:51,954 [INFO] PluginManager:220 - loadIPPluginJar : add mdma
2024-10-08 11:41:51,970 [INFO] IPUIPlugin:80 - create IPUIPlugin
2024-10-08 11:41:51,970 [INFO] PluginManager:220 - loadIPPluginJar : add nvic
2024-10-08 11:41:52,019 [INFO] IPUIPlugin:80 - create IPUIPlugin
2024-10-08 11:41:52,020 [INFO] PluginManager:220 - loadIPPluginJar : add opamp
2024-10-08 11:41:52,118 [INFO] IPUIPlugin:80 - create IPUIPlugin
2024-10-08 11:41:52,118 [INFO] PluginManager:220 - loadIPPluginJar : add openamp
2024-10-08 11:41:52,180 [INFO] IPUIPlugin:80 - create IPUIPlugin
2024-10-08 11:41:52,180 [INFO] PluginManager:220 - loadIPPluginJar : add pdm2pcm
2024-10-08 11:41:52,200 [INFO] IPUIPlugin:80 - create IPUIPlugin
2024-10-08 11:41:52,203 [INFO] PluginManager:220 - loadIPPluginJar : add plateformsettings
2024-10-08 11:41:52,242 [INFO] IPUIPlugin:80 - create IPUIPlugin
2024-10-08 11:41:52,242 [INFO] PluginManager:220 - loadIPPluginJar : add quadspi
2024-10-08 11:41:52,260 [INFO] IPUIPlugin:80 - create IPUIPlugin
2024-10-08 11:41:52,260 [INFO] PluginManager:220 - loadIPPluginJar : add resmgrutility
2024-10-08 11:41:52,354 [INFO] IPUIPlugin:80 - create IPUIPlugin
2024-10-08 11:41:52,354 [INFO] PluginManager:220 - loadIPPluginJar : add sai
2024-10-08 11:41:52,372 [INFO] ThirdPartyUpdaterWithRetryManager:70 - Updater plugin not ready yet. [2/15]
2024-10-08 11:41:52,410 [INFO] IPUIPlugin:80 - create IPUIPlugin
2024-10-08 11:41:52,410 [INFO] PluginManager:220 - loadIPPluginJar : add spi
2024-10-08 11:41:52,508 [INFO] IPUIPlugin:80 - create IPUIPlugin
2024-10-08 11:41:52,508 [INFO] PluginManager:220 - loadIPPluginJar : add stm32_wpan
2024-10-08 11:41:52,560 [INFO] IPUIPlugin:80 - create IPUIPlugin
2024-10-08 11:41:52,560 [INFO] PluginManager:220 - loadIPPluginJar : add tim
2024-10-08 11:41:52,643 [INFO] IPUIPlugin:80 - create IPUIPlugin
2024-10-08 11:41:52,643 [INFO] PluginManager:220 - loadIPPluginJar : add touchsensing
2024-10-08 11:41:52,683 [INFO] IPUIPlugin:80 - create IPUIPlugin
2024-10-08 11:41:52,683 [INFO] PluginManager:220 - loadIPPluginJar : add tracer_emb
2024-10-08 11:41:52,713 [INFO] IPUIPlugin:80 - create IPUIPlugin
2024-10-08 11:41:52,714 [INFO] PluginManager:220 - loadIPPluginJar : add ts
2024-10-08 11:41:52,747 [INFO] IPUIPlugin:80 - create IPUIPlugin
2024-10-08 11:41:52,747 [INFO] PluginManager:220 - loadIPPluginJar : add tsc
2024-10-08 11:41:52,779 [INFO] IPUIPlugin:80 - create IPUIPlugin
2024-10-08 11:41:52,779 [INFO] PluginManager:220 - loadIPPluginJar : add ucpd
2024-10-08 11:41:52,843 [INFO] IPUIPlugin:80 - create IPUIPlugin
2024-10-08 11:41:52,843 [INFO] PluginManager:220 - loadIPPluginJar : add usart
2024-10-08 11:41:52,913 [INFO] IPUIPlugin:80 - create IPUIPlugin
2024-10-08 11:41:52,913 [INFO] PluginManager:220 - loadIPPluginJar : add usbx
2024-10-08 11:41:53,066 [INFO] CADModel:165 - CPN selected for project level
2024-10-08 11:41:53,066 [INFO] CADModel:114 - Register for checkConnection events
2024-10-08 11:41:53,066 [FATAL] Updater:308 - Updater called before beeing initialized
2024-10-08 11:41:53,066 [ERROR] CADModel:125 - Updater not yet initialized, retry later 
2024-10-08 11:41:53,248 [INFO] CADModel:165 - CPN selected for project level
2024-10-08 11:41:53,248 [INFO] CADModel:114 - Register for checkConnection events
2024-10-08 11:41:53,249 [FATAL] Updater:308 - Updater called before beeing initialized
2024-10-08 11:41:53,249 [ERROR] CADModel:125 - Updater not yet initialized, retry later 
2024-10-08 11:41:53,253 [FATAL] Updater:308 - Updater called before beeing initialized
2024-10-08 11:41:53,394 [FATAL] Updater:308 - Updater called before beeing initialized
2024-10-08 11:41:53,407 [INFO] DbMcusAds:53 - JSON generation date=Fri Sep 20 16:04:23 EEST 2024 (1726837463113)
2024-10-08 11:41:53,407 [FATAL] Updater:308 - Updater called before beeing initialized
2024-10-08 11:41:53,490 [WARN] DetailPanel:346 - Failed to get advertising image, set to default
2024-10-08 11:41:53,608 [FATAL] Updater:308 - Updater called before beeing initialized
2024-10-08 11:41:53,611 [FATAL] Updater:308 - Updater called before beeing initialized
2024-10-08 11:41:53,611 [FATAL] Updater:308 - Updater called before beeing initialized
2024-10-08 11:41:53,611 [WARN] DetailPanel:346 - Failed to get advertising image, set to default
2024-10-08 11:41:53,612 [FATAL] Updater:308 - Updater called before beeing initialized
2024-10-08 11:41:53,702 [ERROR] Updater:1120 - MainUpdater not yet initialized. External WinMGr cannot be set.
2024-10-08 11:41:53,717 [INFO] Updater:1056 - Updater Version found : 6.10.0
2024-10-08 11:41:53,744 [INFO] ApplicationProperties:184 - Using Application install path: C:\ST\STM32CubeIDE_1.14.1\STM32CubeIDE\plugins\com.st.stm32cube.common.mx_6.10.0.202311202037
2024-10-08 11:41:54,213 [INFO] MainUpdater:2873 - connection check result : 10
2024-10-08 11:41:54,215 [INFO] MainUpdater:290 - Updater Check For Update Now.
2024-10-08 11:41:54,215 [INFO] MicroXplorer:498 - Change Database Version : DB.6.0.100
2024-10-08 11:41:54,244 [INFO] McuFinderGlobals:63 - Set McuFinder mode to 2 (CubeIDE integrated)
2024-10-08 11:41:54,527 [INFO] CheckServerUpdateThread:120 - End of CheckServer Thread
2024-10-08 11:41:54,675 [INFO] MainUpdater:2873 - connection check result : 10
2024-10-08 11:41:54,686 [INFO] UserAuth:404 - Internet connection configuration mode: 1
2024-10-08 11:41:54,708 [INFO] McuFinderGlobals:76 - Set McuFinderConnectedMode to true
2024-10-08 11:41:54,718 [INFO] JxBrowserEngine:152 - Initiate JxBrowser Engine with user profile folder
2024-10-08 11:41:54,977 [INFO] ServerAccessManage:473 - Download File mcusAds.json._tmp_
2024-10-08 11:41:55,092 [INFO] LoadUrlFilesThread:156 - End of LoadUrlFiles Thread
2024-10-08 11:41:55,318 [INFO] ServerAccessManage:473 - Download File cube-finder-db.zip
2024-10-08 11:41:55,373 [WARN] MainUpdater:1194 - Updater busy. Cannot search thirdparties
2024-10-08 11:41:55,373 [INFO] ThirdPartyUpdaterWithRetryManager:96 - Updater plugin is busy. [1/15]
2024-10-08 11:41:58,375 [WARN] MainUpdater:1194 - Updater busy. Cannot search thirdparties
2024-10-08 11:41:58,375 [INFO] ThirdPartyUpdaterWithRetryManager:96 - Updater plugin is busy. [2/15]
2024-10-08 11:41:59,956 [INFO] FileExtend:240 - Unzip File : cube-finder-db.zip
2024-10-08 11:41:59,956 [INFO] FileExtend:255 - Standard Zip Deflate
2024-10-08 11:42:01,166 [INFO] LoadUrlFilesThread:156 - End of LoadUrlFiles Thread
2024-10-08 11:42:01,376 [WARN] MainUpdater:1194 - Updater busy. Cannot search thirdparties
2024-10-08 11:42:01,376 [INFO] ThirdPartyUpdaterWithRetryManager:96 - Updater plugin is busy. [3/15]
2024-10-08 11:42:01,475 [INFO] ServerAccessManage:473 - Download File crdb.zip
2024-10-08 11:42:01,815 [INFO] FileExtend:240 - Unzip File : crdb.zip
2024-10-08 11:42:01,816 [INFO] FileExtend:255 - Standard Zip Deflate
2024-10-08 11:42:01,955 [INFO] LoadUrlFilesThread:156 - End of LoadUrlFiles Thread
2024-10-08 11:42:02,268 [INFO] ServerAccessManage:473 - Download File tutoVideoDB.zip
2024-10-08 11:42:02,288 [INFO] FileExtend:240 - Unzip File : tutoVideoDB.zip
2024-10-08 11:42:02,289 [INFO] FileExtend:255 - Standard Zip Deflate
2024-10-08 11:42:02,411 [INFO] LoadUrlFilesThread:156 - End of LoadUrlFiles Thread
2024-10-08 11:42:02,413 [WARN] DbFile:41 - Overriding database path with different value: C:\Users\tkach\.stmcufinder\plugins\mcufinder/ => C:\Users\tkach\.stmcufinder\plugins\mcufinder
2024-10-08 11:42:02,635 [INFO] ServerAccessManage:473 - Download File api_config.json
2024-10-08 11:42:02,743 [INFO] LoadUrlFilesThread:156 - End of LoadUrlFiles Thread
2024-10-08 11:42:02,744 [INFO] DbMcusAds:53 - JSON generation date=Fri Sep 20 16:04:23 EEST 2024 (1726837463113)
2024-10-08 11:42:02,764 [INFO] LoadUrlFilesThread:185 - End of LoadServerUrlFiles without Thread
2024-10-08 11:42:02,764 [INFO] TargetSelectorAdapter:259 - Refresh data is successful
2024-10-08 11:42:03,046 [INFO] ApiDb:581 - Connected to CubeFinder SQLite database (C:\Users\tkach\.stmcufinder\plugins\mcufinder\mcu\cube-finder-db.db)
2024-10-08 11:42:03,162 [INFO] ApiDb:668 - CubeFinder database Data Model version=2.1
2024-10-08 11:42:03,163 [INFO] ApiDb:669 - CubeFinder database Configuration version=3.0.39
2024-10-08 11:42:03,163 [INFO] ApiDb:670 - CubeFinder database generation date=2024-09-16 (1726485674)
2024-10-08 11:42:03,163 [INFO] ApiDb:671 - CubeFinder database FW Pack versions=[FP-ATR-ASTRA1_V2.0.0, FP-SNS-FLIGHT1_V5.0.2, FP-SNS-MOTENV1_V5.0.0, FP-SNS-MOTENVWB1_V1.4.0, FP-SNS-SMARTAG2_V1.2.0, FP-SNS-STBOX1_V2.0.0, STM32Cube_FW_C0_V1.2.0, STM32Cube_FW_F4_V1.28.1, STM32Cube_FW_F7_V1.17.2, STM32Cube_FW_G0_V1.6.2, STM32Cube_FW_G4_V1.6.0, STM32Cube_FW_H5_V1.3.0, STM32Cube_FW_H7RS_V1.1.0, STM32Cube_FW_H7_V1.11.2, STM32Cube_FW_L0_V1.12.2, STM32Cube_FW_L5_V1.5.1, STM32Cube_FW_U0_V1.1.0, STM32Cube_FW_U5_V1.6.0, STM32Cube_FW_WB0_V1.0.0, STM32Cube_FW_WBA_V1.4.1, STM32Cube_FW_WB_V1.20.0, STM32Cube_FW_WL_V1.3.0, X-CUBE-ALGOBUILD_V1.4.0, X-CUBE-ALS_V1.0.2, X-CUBE-AZRTOS-F4_V1.1.0, X-CUBE-AZRTOS-F7_V1.1.0, X-CUBE-AZRTOS-G0_V1.1.0, X-CUBE-AZRTOS-G4_V2.0.0, X-CUBE-AZRTOS-H7RS_V1.0.0, X-CUBE-AZRTOS-H7_V3.2.0, X-CUBE-AZRTOS-L4_V2.0.0, X-CUBE-AZRTOS-L5_V2.0.0, X-CUBE-AZRTOS-WB_V2.0.0, X-CUBE-AZRTOS-WL_V2.0.0, X-CUBE-BLE1_V7.0.0, X-CUBE-BLE2_V3.3.0, X-CUBE-BLEMGR_V3.1.0, X-CUBE-EEPRMA1_V5.1.0, X-CUBE-FREERTOS_V1.2.0, X-CUBE-GNSS1_V6.0.0, X-CUBE-MEMS1_V11.0.0, X-CUBE-NFC4_V3.0.0, X-CUBE-NFC7_V1.0.1, X-CUBE-SFXS2LP1_V4.0.0, X-CUBE-SUBG2_V5.0.0, X-CUBE-TOF1_V3.4.2]
2024-10-08 11:42:04,044 [INFO] WebApp:161 - Instantiating new browser for Auth
2024-10-08 11:42:04,728 [WARN] PackLoader:240 - Cannot read IP mode file for STMicroelectronics.FP-SNS-MOTENVWB1.1.4.0
2024-10-08 11:42:04,756 [WARN] PackLoader:240 - Cannot read IP mode file for STMicroelectronics.X-CUBE-SMBUS.2.1.0
2024-10-08 11:42:04,782 [WARN] PackLoader:240 - Cannot read IP mode file for STMicroelectronics.X-CUBE-WB05N.1.1.0
2024-10-08 11:42:04,810 [WARN] PackLoader:240 - Cannot read IP mode file for STMicroelectronics.X-CUBE-TOUCHGFX.4.23.0
2024-10-08 11:42:04,829 [WARN] PackLoader:240 - Cannot read IP mode file for STMicroelectronics.X-CUBE-TOUCHGFX.4.23.2
2024-10-08 11:42:04,876 [INFO] WebApp:780 - Register for checkConnection events
2024-10-08 11:42:04,876 [INFO] WebApp:414 - Apply proxy settings
2024-10-08 11:42:04,876 [INFO] WebApp:499 - Chromium requires no authentication
2024-10-08 11:42:04,895 [INFO] WebApp:442 - Direct internet connection detected
2024-10-08 11:42:04,896 [WARN] PackLoader:240 - Cannot read IP mode file for STMicroelectronics.X-CUBE-AZRTOS-F7.1.1.0
2024-10-08 11:42:04,926 [WARN] PackLoader:240 - Cannot read IP mode file for STMicroelectronics.FP-SNS-MOTENV1.4.3.2
2024-10-08 11:42:05,083 [WARN] PackLoader:240 - Cannot read IP mode file for STMicroelectronics.X-CUBE-MEMS1.11.0.0
2024-10-08 11:42:05,269 [INFO] WebApp:192 - Starting web application
2024-10-08 11:42:05,270 [INFO] WebApp:544 - Web application path used C:\ST\STM32CubeIDE_1.14.1\STM32CubeIDE\plugins\com.st.stm32cube.common.mx_6.10.0.202311202037\db\plugins\mcufinder\reactClient1\index.html
2024-10-08 11:42:05,396 [WARN] PackLoader:240 - Cannot read IP mode file for STMicroelectronics.FP-SNS-FLIGHT1.5.0.2
2024-10-08 11:42:05,435 [WARN] PackLoader:240 - Cannot read IP mode file for STMicroelectronics.X-CUBE-DISPLAY.3.0.0
2024-10-08 11:42:05,464 [WARN] PackLoader:240 - Cannot read IP mode file for STMicroelectronics.X-CUBE-BLE1.7.0.0
2024-10-08 11:42:05,496 [WARN] PackLoader:240 - Cannot read IP mode file for STMicroelectronics.X-CUBE-NFC10.1.0.0
2024-10-08 11:42:05,525 [WARN] PackLoader:240 - Cannot read IP mode file for emotas.I-CUBE-CANOPEN.1.3.0
2024-10-08 11:42:05,574 [WARN] PackLoader:240 - Cannot read IP mode file for STMicroelectronics.X-CUBE-BLEMGR.3.1.0
2024-10-08 11:42:05,616 [WARN] PackLoader:240 - Cannot read IP mode file for STMicroelectronics.FP-SNS-SMARTAG2.1.2.0
2024-10-08 11:42:05,681 [INFO] LogOutputStream:77 - [STDOUT_REDIRECT] 1 : Invalid condition id : UX_CORESTACK_Condition cause : null
2024-10-08 11:42:05,687 [INFO] LogOutputStream:77 - [STDOUT_REDIRECT] 1 : Invalid condition id : UX_CORESTACK_Condition cause : null
2024-10-08 11:42:05,700 [INFO] LogOutputStream:77 - [STDOUT_REDIRECT] 1 : Invalid condition id : UX_CORESTACK_Condition cause : null
2024-10-08 11:42:05,706 [INFO] LogOutputStream:77 - [STDOUT_REDIRECT] 1 : Invalid condition id : UX_CORESTACK_Condition cause : null
2024-10-08 11:42:05,709 [INFO] LogOutputStream:77 - [STDOUT_REDIRECT] 1 : Invalid condition id : UX_CORESTACK_Condition cause : null
2024-10-08 11:42:05,728 [WARN] PackLoader:240 - Cannot read IP mode file for STMicroelectronics.X-CUBE-AZRTOS-WL.2.0.0
2024-10-08 11:42:05,774 [WARN] PackLoader:240 - Cannot read IP mode file for STMicroelectronics.FP-SNS-MOTENV1.5.0.0
2024-10-08 11:42:05,813 [WARN] PackLoader:240 - Cannot read IP mode file for wolfSSL.I-CUBE-wolfMQTT.1.19.0
2024-10-08 11:42:05,844 [WARN] PackLoader:240 - Cannot read IP mode file for WES.I-CUBE-Cesium.1.3.0
2024-10-08 11:42:05,867 [WARN] PackLoader:240 - Cannot read IP mode file for STMicroelectronics.X-CUBE-BLE2.3.3.0
2024-10-08 11:42:05,896 [WARN] PackLoader:240 - Cannot read IP mode file for STMicroelectronics.X-CUBE-NFC9.1.0.0
2024-10-08 11:42:05,928 [WARN] PackLoader:240 - Cannot read IP mode file for STMicroelectronics.X-CUBE-TCPP.4.1.0
2024-10-08 11:42:05,960 [WARN] PackLoader:240 - Cannot read IP mode file for STMicroelectronics.X-CUBE-ALGOBUILD.1.3.0
2024-10-08 11:42:06,013 [WARN] PackLoader:240 - Cannot read IP mode file for STMicroelectronics.X-CUBE-AZRTOS-G0.1.1.0
2024-10-08 11:42:06,051 [WARN] PackLoader:240 - Cannot read IP mode file for STMicroelectronics.X-CUBE-SAFEA1.1.2.2
2024-10-08 11:42:06,083 [WARN] PackLoader:240 - Cannot read IP mode file for STMicroelectronics.X-CUBE-NFC4.3.0.0
2024-10-08 11:42:06,125 [WARN] PackLoader:240 - Cannot read IP mode file for EmbeddedOffice.I-CUBE-FS-RTOS.1.0.1
2024-10-08 11:42:06,126 [ERROR] ConditionMgr:805 - Attr not supported : Dmpu
2024-10-08 11:42:06,126 [ERROR] ConditionMgr:805 - Attr not supported : Dmpu
2024-10-08 11:42:06,126 [ERROR] ConditionMgr:805 - Attr not supported : Dmpu
2024-10-08 11:42:06,126 [ERROR] ConditionMgr:805 - Attr not supported : Dmpu
2024-10-08 11:42:06,126 [ERROR] ConditionMgr:805 - Attr not supported : Dmpu
2024-10-08 11:42:06,126 [ERROR] ConditionMgr:805 - Attr not supported : Dmpu
2024-10-08 11:42:06,126 [ERROR] ConditionMgr:805 - Attr not supported : Dmpu
2024-10-08 11:42:06,126 [ERROR] ConditionMgr:805 - Attr not supported : Dmpu
2024-10-08 11:42:06,126 [ERROR] ConditionMgr:805 - Attr not supported : Dmpu
2024-10-08 11:42:06,127 [ERROR] ConditionMgr:805 - Attr not supported : Dmpu
2024-10-08 11:42:06,127 [ERROR] ConditionMgr:805 - Attr not supported : Dmpu
2024-10-08 11:42:06,127 [ERROR] ConditionMgr:805 - Attr not supported : Dmpu
2024-10-08 11:42:06,127 [ERROR] ConditionMgr:805 - Attr not supported : Dmpu
2024-10-08 11:42:06,127 [ERROR] ConditionMgr:805 - Attr not supported : Dmpu
2024-10-08 11:42:06,127 [ERROR] ConditionMgr:805 - Attr not supported : Dmpu
2024-10-08 11:42:06,127 [ERROR] ConditionMgr:805 - Attr not supported : Dmpu
2024-10-08 11:42:06,127 [ERROR] ConditionMgr:805 - Attr not supported : Dmpu
2024-10-08 11:42:06,127 [ERROR] ConditionMgr:805 - Attr not supported : Dmpu
2024-10-08 11:42:06,128 [ERROR] ConditionMgr:805 - Attr not supported : Dmpu
2024-10-08 11:42:06,128 [ERROR] ConditionMgr:805 - Attr not supported : Dmpu
2024-10-08 11:42:06,128 [ERROR] ConditionMgr:805 - Attr not supported : Dmpu
2024-10-08 11:42:06,128 [ERROR] ConditionMgr:805 - Attr not supported : Dmpu
2024-10-08 11:42:06,128 [ERROR] ConditionMgr:805 - Attr not supported : Dmpu
2024-10-08 11:42:06,128 [ERROR] ConditionMgr:805 - Attr not supported : Dmpu
2024-10-08 11:42:06,129 [ERROR] ConditionMgr:805 - Attr not supported : Dmpu
2024-10-08 11:42:06,129 [ERROR] ConditionMgr:805 - Attr not supported : Dmpu
2024-10-08 11:42:06,129 [ERROR] ConditionMgr:805 - Attr not supported : Dmpu
2024-10-08 11:42:06,129 [ERROR] ConditionMgr:805 - Attr not supported : Dmpu
2024-10-08 11:42:06,129 [ERROR] ConditionMgr:805 - Attr not supported : Dmpu
2024-10-08 11:42:06,129 [ERROR] ConditionMgr:805 - Attr not supported : Dmpu
2024-10-08 11:42:06,129 [ERROR] ConditionMgr:805 - Attr not supported : Dmpu
2024-10-08 11:42:06,129 [ERROR] ConditionMgr:805 - Attr not supported : Dmpu
2024-10-08 11:42:06,129 [ERROR] ConditionMgr:805 - Attr not supported : Dmpu
2024-10-08 11:42:06,130 [ERROR] ConditionMgr:805 - Attr not supported : Dmpu
2024-10-08 11:42:06,130 [ERROR] ConditionMgr:805 - Attr not supported : Dmpu
2024-10-08 11:42:06,130 [ERROR] ConditionMgr:805 - Attr not supported : Dmpu
2024-10-08 11:42:06,130 [ERROR] ConditionMgr:805 - Attr not supported : Dmpu
2024-10-08 11:42:06,130 [ERROR] ConditionMgr:805 - Attr not supported : Dmpu
2024-10-08 11:42:06,130 [ERROR] ConditionMgr:805 - Attr not supported : Dmpu
2024-10-08 11:42:06,130 [ERROR] ConditionMgr:805 - Attr not supported : Dmpu
2024-10-08 11:42:06,130 [ERROR] ConditionMgr:805 - Attr not supported : Dmpu
2024-10-08 11:42:06,131 [ERROR] ConditionMgr:805 - Attr not supported : Dmpu
2024-10-08 11:42:06,131 [ERROR] ConditionMgr:805 - Attr not supported : Dmpu
2024-10-08 11:42:06,131 [ERROR] ConditionMgr:805 - Attr not supported : Dmpu
2024-10-08 11:42:06,131 [ERROR] ConditionMgr:805 - Attr not supported : Dmpu
2024-10-08 11:42:06,131 [ERROR] ConditionMgr:805 - Attr not supported : Dmpu
2024-10-08 11:42:06,131 [ERROR] ConditionMgr:805 - Attr not supported : Dmpu
2024-10-08 11:42:06,132 [ERROR] ConditionMgr:805 - Attr not supported : Dmpu
2024-10-08 11:42:06,132 [ERROR] ConditionMgr:805 - Attr not supported : Dmpu
2024-10-08 11:42:06,132 [ERROR] ConditionMgr:805 - Attr not supported : Dmpu
2024-10-08 11:42:06,132 [ERROR] ConditionMgr:805 - Attr not supported : Dmpu
2024-10-08 11:42:06,132 [ERROR] ConditionMgr:805 - Attr not supported : Dmpu
2024-10-08 11:42:06,132 [ERROR] ConditionMgr:805 - Attr not supported : Dmpu
2024-10-08 11:42:06,133 [ERROR] ConditionMgr:805 - Attr not supported : Dmpu
2024-10-08 11:42:06,133 [ERROR] ConditionMgr:805 - Attr not supported : Dmpu
2024-10-08 11:42:06,133 [ERROR] ConditionMgr:805 - Attr not supported : Dmpu
2024-10-08 11:42:06,133 [ERROR] ConditionMgr:805 - Attr not supported : Dmpu
2024-10-08 11:42:06,133 [ERROR] ConditionMgr:805 - Attr not supported : Dmpu
2024-10-08 11:42:06,133 [ERROR] ConditionMgr:805 - Attr not supported : Dmpu
2024-10-08 11:42:06,133 [ERROR] ConditionMgr:805 - Attr not supported : Dmpu
2024-10-08 11:42:06,134 [ERROR] ConditionMgr:805 - Attr not supported : Dmpu
2024-10-08 11:42:06,134 [ERROR] ConditionMgr:805 - Attr not supported : Dmpu
2024-10-08 11:42:06,134 [ERROR] ConditionMgr:805 - Attr not supported : Dmpu
2024-10-08 11:42:06,134 [ERROR] ConditionMgr:805 - Attr not supported : Dmpu
2024-10-08 11:42:06,172 [WARN] PackLoader:240 - Cannot read IP mode file for STMicroelectronics.X-CUBE-BLEMGR.3.0.0
2024-10-08 11:42:06,207 [WARN] PackLoader:240 - Cannot read IP mode file for RealThread.X-CUBE-RT-Thread_Nano.4.1.1
2024-10-08 11:42:06,232 [WARN] PackLoader:240 - Cannot read IP mode file for STMicroelectronics.FP-ATR-SIGFOX1.3.2.0
2024-10-08 11:42:06,260 [WARN] PackLoader:240 - Cannot read IP mode file for STMicroelectronics.X-CUBE-EEPRMA1.5.1.0
2024-10-08 11:42:06,347 [WARN] PackLoader:240 - Cannot read IP mode file for SEGGER.I-CUBE-embOS.1.3.1
2024-10-08 11:42:06,426 [WARN] PackLoader:240 - Cannot read IP mode file for STMicroelectronics.X-CUBE-ALGOBUILD.1.4.0
2024-10-08 11:42:06,448 [WARN] PackLoader:240 - Cannot read IP mode file for STMicroelectronics.X-CUBE-AI.9.1.0
2024-10-08 11:42:06,473 [WARN] PackLoader:240 - Cannot read IP mode file for STMicroelectronics.X-CUBE-GNSS1.6.0.0
2024-10-08 11:42:06,518 [WARN] PackLoader:240 - Cannot read IP mode file for STMicroelectronics.X-CUBE-AZRTOS-F4.1.1.0
2024-10-08 11:42:06,544 [WARN] PackLoader:240 - Cannot read IP mode file for STMicroelectronics.X-CUBE-ISPU.2.1.0
2024-10-08 11:42:06,565 [WARN] PackLoader:240 - Cannot read IP mode file for STMicroelectronics.X-CUBE-FREERTOS.1.2.0
2024-10-08 11:42:06,585 [WARN] PackLoader:240 - Cannot read IP mode file for wolfSSL.I-CUBE-wolfSSL.5.6.6
2024-10-08 11:42:06,634 [WARN] PackLoader:240 - Cannot read IP mode file for STMicroelectronics.X-CUBE-AZRTOS-L5.2.0.0
2024-10-08 11:42:06,663 [WARN] PackLoader:240 - Cannot read IP mode file for STMicroelectronics.X-CUBE-EEPRMA1.4.2.0
2024-10-08 11:42:06,694 [WARN] PackLoader:240 - Cannot read IP mode file for STMicroelectronics.X-CUBE-NFC6.3.1.0
2024-10-08 11:42:06,716 [WARN] PackLoader:240 - Cannot read IP mode file for ITTIA_DB.I-CUBE-ITTIADB.8.8.0
2024-10-08 11:42:06,742 [WARN] PackLoader:240 - Cannot read IP mode file for STMicroelectronics.X-CUBE-DPower.1.2.0
2024-10-08 11:42:06,777 [WARN] PackLoader:240 - Cannot read IP mode file for STMicroelectronics.X-CUBE-AI.9.0.0
2024-10-08 11:42:06,821 [WARN] PackLoader:240 - Cannot read IP mode file for STMicroelectronics.X-CUBE-NFC7.1.0.1
2024-10-08 11:42:06,866 [WARN] PackLoader:240 - Cannot read IP mode file for STMicroelectronics.X-CUBE-NFC6.3.0.0
2024-10-08 11:42:06,900 [WARN] PackLoader:240 - Cannot read IP mode file for STMicroelectronics.X-CUBE-AI.8.1.0
2024-10-08 11:42:06,960 [WARN] ConditionMgr:438 - getConditionDescription Invalid condition id : LAN8742 Phy interface Condition cause : null
2024-10-08 11:42:06,962 [WARN] PackLoader:240 - Cannot read IP mode file for STMicroelectronics.X-CUBE-AZRTOS-L4.2.0.0
2024-10-08 11:42:06,964 [WARN] ConditionMgr:1039 - genDependencies : Invalid condition id : LAN8742 Phy interface Condition cause : null
2024-10-08 11:42:06,964 [WARN] ConditionMgr:1039 - genDependencies : Invalid condition id : LAN8742 Phy interface Condition cause : null
2024-10-08 11:42:06,965 [WARN] ConditionMgr:1039 - genDependencies : Invalid condition id : LAN8742 Phy interface Condition cause : null
2024-10-08 11:42:06,999 [WARN] PackLoader:240 - Cannot read IP mode file for STMicroelectronics.X-CUBE-SFXS2LP1.4.0.0
2024-10-08 11:42:07,084 [WARN] PackLoader:240 - Cannot read IP mode file for STMicroelectronics.X-CUBE-AZRTOS-H7.3.3.0
2024-10-08 11:42:07,129 [WARN] PackLoader:240 - Cannot read IP mode file for STMicroelectronics.X-CUBE-IPS.3.0.0
2024-10-08 11:42:07,178 [WARN] ConditionMgr:438 - getConditionDescription Invalid condition id : UX DEVICE CLASS RTOS Condition cause : null
2024-10-08 11:42:07,179 [WARN] ConditionMgr:438 - getConditionDescription Invalid condition id : UX DEVICE CLASS RTOS Condition cause : null
2024-10-08 11:42:07,183 [WARN] PackLoader:240 - Cannot read IP mode file for STMicroelectronics.X-CUBE-AZRTOS-WB.2.0.0
2024-10-08 11:42:07,184 [WARN] ConditionMgr:1039 - genDependencies : Invalid condition id : UX DEVICE CLASS RTOS Condition cause : null
2024-10-08 11:42:07,184 [WARN] ConditionMgr:1039 - genDependencies : Invalid condition id : UX DEVICE CLASS RTOS Condition cause : null
2024-10-08 11:42:07,185 [WARN] ConditionMgr:1039 - genDependencies : Invalid condition id : UX DEVICE CLASS RTOS Condition cause : null
2024-10-08 11:42:07,185 [WARN] ConditionMgr:1039 - genDependencies : Invalid condition id : UX DEVICE CLASS RTOS Condition cause : null
2024-10-08 11:42:07,186 [WARN] ConditionMgr:1039 - genDependencies : Invalid condition id : UX DEVICE CLASS RTOS Condition cause : null
2024-10-08 11:42:07,265 [WARN] PackLoader:240 - Cannot read IP mode file for STMicroelectronics.X-CUBE-GNSS1.7.0.0
2024-10-08 11:42:07,312 [WARN] PackLoader:240 - Cannot read IP mode file for STMicroelectronics.FP-SNS-STBOX1.2.0.0
2024-10-08 11:42:07,464 [WARN] PackLoader:240 - Cannot read IP mode file for STMicroelectronics.X-CUBE-SUBG2.5.0.0
2024-10-08 11:42:07,564 [WARN] PackLoader:240 - Cannot read IP mode file for STMicroelectronics.X-CUBE-AZRTOS-G4.2.0.0
2024-10-08 11:42:07,659 [WARN] PackLoader:240 - Cannot read IP mode file for Infineon.AIROC-Wi-Fi-Bluetooth-STM32.1.5.1
2024-10-08 11:42:07,748 [WARN] PackLoader:240 - Cannot read IP mode file for STMicroelectronics.FP-SNS-MOTENVWB1.1.3.1
2024-10-08 11:42:07,777 [WARN] PackLoader:240 - Cannot read IP mode file for STMicroelectronics.X-CUBE-ISPU.2.0.0
2024-10-08 11:42:07,809 [WARN] PackLoader:240 - Cannot read IP mode file for STMicroelectronics.X-CUBE-ALS.1.0.2
2024-10-08 11:42:08,026 [WARN] PackLoader:240 - Cannot read IP mode file for STMicroelectronics.X-CUBE-MEMS1.10.0.0
2024-10-08 11:42:08,385 [WARN] PackLoader:240 - Cannot read IP mode file for STMicroelectronics.X-CUBE-FREERTOS.1.1.0
2024-10-08 11:42:08,405 [WARN] PackLoader:240 - Cannot read IP mode file for STMicroelectronics.X-CUBE-TOUCHGFX.4.24.0
2024-10-08 11:42:08,427 [WARN] PackLoader:240 - Cannot read IP mode file for STMicroelectronics.X-CUBE-TOUCHGFX.4.24.1
2024-10-08 11:42:08,456 [WARN] PackLoader:240 - Cannot read IP mode file for wolfSSL.I-CUBE-wolfTPM.3.4.0
2024-10-08 11:42:08,479 [WARN] PackLoader:240 - Cannot read IP mode file for portGmbH.I-Cube-SoM-uGOAL.1.1.0
2024-10-08 11:42:08,499 [WARN] PackLoader:240 - Cannot read IP mode file for STMicroelectronics.X-CUBE-ALS.1.0.1
2024-10-08 11:42:08,555 [WARN] PackLoader:240 - Cannot read IP mode file for STMicroelectronics.X-CUBE-AZRTOS-H7RS.1.0.0
2024-10-08 11:42:08,566 [INFO] ApiDb:240 - Found 371 in-development CPN: [B-G473E-ZEST1S, B-WB1M-WPAN1, B-WL5M-SUBG1, NUCLEO-C031C6, NUCLEO-H503RB, NUCLEO-H563ZI, NUCLEO-U545RE-Q, NUCLEO-U5A5ZJ-Q, NUCLEO-WBA52CG, NUCLEO-WBA55CG, STEVAL-MKBOXPRO, STEVAL-PROTEUS1, STEVAL-STWINBX1, STM320518-EVAL, STM32C0116-DK, STM32C011D6Y3TR, STM32C011D6Y6TR, STM32C011F4P3, STM32C011F4P6, STM32C011F4U3, STM32C011F4U6TR, STM32C011F6P3, STM32C011F6P6, STM32C011F6U3, STM32C011F6U6TR, STM32C011J4M3, STM32C011J4M6, STM32C011J6M3, STM32C011J6M6, STM32C0316-DK, STM32C031C4T3, STM32C031C4T6, STM32C031C4U3, STM32C031C4U6, STM32C031C6T3, STM32C031C6T6, STM32C031C6U3, STM32C031C6U6, STM32C031F4P3, STM32C031F4P6, STM32C031F6P3, STM32C031F6P6, STM32C031G4U3, STM32C031G4U6, STM32C031G6U3, STM32C031G6U6, STM32C031K4T3, STM32C031K4T6, STM32C031K4U3, STM32C031K4U6, STM32C031K6T3, STM32C031K6T6, STM32C031K6U3, STM32C031K6U6, STM32G071K8TXN, STM32G071K8UXN, STM32G081GBU6N, STM32G081KBT6N, STM32G081KBUXN, STM32G0B1CCT6N, STM32G0B1KCT6, STM32G0B1NEY6TR, STM32G0B1RCT6N, STM32G0C1CCT6, STM32G0C1CCT6N, STM32G0C1CCU6N, STM32G0C1CET6N, STM32G0C1CEU6N, STM32G0C1KCT6, STM32G0C1NEY6TR, STM32G0C1RCI6N, STM32G0C1RCT6N, STM32G0C1REI6N, STM32G0C1RET6N, STM32G0C1VCI6, STM32G0C1VEI6, STM32G471CCT6, STM32G471CCU6, STM32G471CET3, STM32G471CET6, STM32G471CEU3, STM32G471CEU6, STM32G471MCT6, STM32G471MET3, STM32G471MET6, STM32G471MEY6TR, STM32G471QCT6, STM32G471QET3, STM32G471RCT6, STM32G471RET3, STM32G471RET6, STM32G471VCH6, STM32G471VCI6, STM32G471VCT6, STM32G471VEH3, STM32G471VEH6, STM32G471VEI3, STM32G471VEI6, STM32G471VET3, STM32G471VET6, STM32G474CCT6, STM32H503CBT6, STM32H503CBU6, STM32H503EBY6TR, STM32H503KBU6, STM32H503RBT6, STM32H562AGI6, STM32H562AII6, STM32H562IGK6, STM32H562IGT6, STM32H562IIK6, STM32H562IIT6, STM32H562RGT6, STM32H562RGV6, STM32H562RIT6, STM32H562RIV6, STM32H562VGT6, STM32H562VIT6, STM32H562ZGT6, STM32H562ZIT6, STM32H563AGI6, STM32H563AII3Q, STM32H563AII6, STM32H563IGK6, STM32H563IGT6, STM32H563IIK3Q, STM32H563IIK6, STM32H563IIT3Q, STM32H563IIT6, STM32H563MIY3QTR, STM32H563RGT6, STM32H563RGV6, STM32H563RIT6, STM32H563RIV6, STM32H563VGT6, STM32H563VIT3Q, STM32H563VIT6, STM32H563ZGT6, STM32H563ZIT3Q, STM32H563ZIT6, STM32H573AII3Q, STM32H573AII6, STM32H573I-DK, STM32H573IIK3Q, STM32H573IIK6, STM32H573IIT3Q, STM32H573IIT6, STM32H573MIY3QTR, STM32H573RIT6, STM32H573RIV6, STM32H573VIT3Q, STM32H573VIT6, STM32H573ZIT3Q, STM32H573ZIT6, STM32L4R5QGI6STR, STM32MP131AAE3, STM32MP131AAF3, STM32MP131AAG3, STM32MP131CAE3, STM32MP131CAF3, STM32MP131CAG3, STM32MP131DAE7, STM32MP131DAF7, STM32MP131DAG7, STM32MP131FAE7, STM32MP131FAF7, STM32MP131FAG7, STM32MP133AAE3, STM32MP133AAF3, STM32MP133AAG3, STM32MP133CAE3, STM32MP133CAF3, STM32MP133CAG3, STM32MP133DAE7, STM32MP133DAF7, STM32MP133DAG7, STM32MP133FAE7, STM32MP133FAF7, STM32MP133FAG7, STM32MP135AAE3, STM32MP135AAF3, STM32MP135AAG3, STM32MP135CAE3, STM32MP135CAF3, STM32MP135CAG3, STM32MP135DAE7, STM32MP135DAF7, STM32MP135DAG7, STM32MP135F-DK, STM32MP135FAE7, STM32MP135FAF7, STM32MP135FAF7T, STM32MP135FAF7U, STM32MP135FAG7, STM32U535CBT6, STM32U535CBT6Q, STM32U535CBU6, STM32U535CBU6Q, STM32U535CCT6, STM32U535CCT6Q, STM32U535CCU6, STM32U535CCU6Q, STM32U535CET6, STM32U535CET6Q, STM32U535CEU6, STM32U535CEU6Q, STM32U535JEY6QTR, STM32U535NCY6QTR, STM32U535NEY6QTR, STM32U535RBI6, STM32U535RBI6Q, STM32U535RBT6, STM32U535RBT6Q, STM32U535RCI6, STM32U535RCI6Q, STM32U535RCT6, STM32U535RCT6Q, STM32U535REI6, STM32U535REI6Q, STM32U535RET6, STM32U535RET6Q, STM32U535VCI6, STM32U535VCI6Q, STM32U535VCT6, STM32U535VCT6Q, STM32U535VEI6, STM32U535VEI6Q, STM32U535VET6, STM32U535VET6Q, STM32U545CET6, STM32U545CET6Q, STM32U545CEU6, STM32U545CEU6Q, STM32U545JEY6QTR, STM32U545NEY6QTR, STM32U545REI6, STM32U545REI6Q, STM32U545RET6, STM32U545RET6Q, STM32U545VEI6, STM32U545VEI6Q, STM32U545VET6, STM32U545VET6Q, STM32U595AIH6, STM32U595AIH6Q, STM32U595AJH6, STM32U595AJH6Q, STM32U595QII6, STM32U595QII6Q, STM32U595QJI6, STM32U595QJI6Q, STM32U595RIT6, STM32U595RIT6Q, STM32U595RJT6, STM32U595RJT6Q, STM32U595VIT6, STM32U595VIT6Q, STM32U595VJT6, STM32U595VJT6Q, STM32U595ZIT6, STM32U595ZIT6Q, STM32U595ZIY6QTR, STM32U595ZJT6, STM32U595ZJT6Q, STM32U595ZJY6QTR, STM32U599BJY6QTR, STM32U599NIH6Q, STM32U599NJH6Q, STM32U599VIT6Q, STM32U599VJT6, STM32U599VJT6Q, STM32U599ZIT6Q, STM32U599ZIY6QTR, STM32U599ZJT6Q, STM32U599ZJY6QTR, STM32U5A5AJH6, STM32U5A5AJH6Q, STM32U5A5QJI6, STM32U5A5QJI6Q, STM32U5A5RJT6, STM32U5A5RJT6Q, STM32U5A5VJT6, STM32U5A5VJT6Q, STM32U5A5ZJT6, STM32U5A5ZJT6Q, STM32U5A5ZJY6QTR, STM32U5A9BJY6QTR, STM32U5A9J-DK, STM32U5A9NJH6Q, STM32U5A9VJT6Q, STM32U5A9ZJT6Q, STM32U5A9ZJY6QTR, STM32U5F7VIT6, STM32U5F7VIT6Q, STM32U5F7VJT6, STM32U5F7VJT6Q, STM32U5F9BJY6QTR, STM32U5F9NJH6Q, STM32U5F9VIT6Q, STM32U5F9VJT6Q, STM32U5F9ZIJ6QTR, STM32U5F9ZIT6Q, STM32U5F9ZJJ6QTR, STM32U5F9ZJT6Q, STM32U5G7VJT6, STM32U5G7VJT6Q, STM32U5G9BJY6QTR, STM32U5G9J-DK1, STM32U5G9J-DK2, STM32U5G9NJH6Q, STM32U5G9VJT6Q, STM32U5G9ZJJ6QTR, STM32U5G9ZJT6Q, STM32WB1MMCH6, STM32WBA50KEU6, STM32WBA50KEU6TR, STM32WBA50KGU6, STM32WBA50KGU6TR, STM32WBA52CEU6, STM32WBA52CEU6TR, STM32WBA52CEU7, STM32WBA52CEU7TR, STM32WBA52CGU6, STM32WBA52CGU6TR, STM32WBA52CGU6U, STM32WBA52CGU7, STM32WBA52CGU7TR, STM32WBA52KEU6, STM32WBA52KEU6TR, STM32WBA52KGU6, STM32WBA52KGU6TR, STM32WBA54CEU6, STM32WBA54CEU6TR, STM32WBA54CEU7, STM32WBA54CEU7TR, STM32WBA54CGU6, STM32WBA54CGU6TR, STM32WBA54CGU7, STM32WBA54CGU7TR, STM32WBA54KEU6, STM32WBA54KEU6TR, STM32WBA54KEU7, STM32WBA54KEU7TR, STM32WBA54KGU6, STM32WBA54KGU6TR, STM32WBA54KGU7, STM32WBA54KGU7TR, STM32WBA55CEU6, STM32WBA55CEU6TR, STM32WBA55CEU7, STM32WBA55CEU7TR, STM32WBA55CGU6, STM32WBA55CGU6TR, STM32WBA55CGU6U, STM32WBA55CGU7, STM32WBA55CGU7TR, STM32WBA55G-DK1, STM32WBA55HEF6, STM32WBA55HEF7, STM32WBA55HGF6, STM32WBA55HGF7, STM32WBA55UEI6, STM32WBA55UEI6TR, STM32WBA55UEI7, STM32WBA55UEI7TR, STM32WBA55UGI6, STM32WBA55UGI6TR, STM32WBA55UGI7, STM32WBA55UGI7TR, STM32WL5MOCH6, STM32WL5MOCH6TR]
2024-10-08 11:42:08,577 [INFO] DbMcus:218 - Found 4204 MCUs, 4204 are supported
2024-10-08 11:42:08,578 [INFO] ApiDb:423 - Load user favorites file C:\Users\tkach/.stm32cubeide/favorites.mcus.txt: 0 item(s)
2024-10-08 11:42:08,579 [INFO] ApiDb:427 - User favorites MCUs=[]
2024-10-08 11:42:08,579 [INFO] DbMcus:224 - Set 0 / 0 favorites MCUs
2024-10-08 11:42:08,580 [WARN] PackLoader:240 - Cannot read IP mode file for STMicroelectronics.FP-ATR-ASTRA1.2.0.0
2024-10-08 11:42:08,621 [WARN] PackLoader:240 - Cannot read IP mode file for STMicroelectronics.X-CUBE-TOF1.3.4.2
2024-10-08 11:42:08,677 [WARN] PackLoader:240 - Cannot read IP mode file for STMicroelectronics.X-CUBE-TOF1.3.4.0
2024-10-08 11:42:08,741 [WARN] PackLoader:240 - Cannot read IP mode file for STMicroelectronics.X-CUBE-TOF1.3.4.1
2024-10-08 11:42:08,807 [WARN] PackLoader:240 - Cannot read IP mode file for STMicroelectronics.X-CUBE-AZRTOS-H7.3.2.0
2024-10-08 11:42:08,835 [WARN] PackLoader:240 - Cannot read IP mode file for wolfSSL.I-CUBE-wolfSSH.1.4.17
2024-10-08 11:42:08,838 [INFO] ThirdParty:978 - Integrity check success = true
2024-10-08 11:42:08,838 [INFO] IntegrityCheckThread:100 - exiting critical section [integrity check]
2024-10-08 11:42:08,839 [INFO] IntegrityCheckThread:103 - End integrity checks thread
2024-10-08 11:42:10,096 [INFO] ApiDb:668 - CubeFinder database Data Model version=2.1
2024-10-08 11:42:10,096 [INFO] ApiDb:669 - CubeFinder database Configuration version=3.0.39
2024-10-08 11:42:10,096 [INFO] ApiDb:670 - CubeFinder database generation date=2024-09-16 (1726485674)
2024-10-08 11:42:10,096 [INFO] ApiDb:671 - CubeFinder database FW Pack versions=[FP-ATR-ASTRA1_V2.0.0, FP-SNS-FLIGHT1_V5.0.2, FP-SNS-MOTENV1_V5.0.0, FP-SNS-MOTENVWB1_V1.4.0, FP-SNS-SMARTAG2_V1.2.0, FP-SNS-STBOX1_V2.0.0, STM32Cube_FW_C0_V1.2.0, STM32Cube_FW_F4_V1.28.1, STM32Cube_FW_F7_V1.17.2, STM32Cube_FW_G0_V1.6.2, STM32Cube_FW_G4_V1.6.0, STM32Cube_FW_H5_V1.3.0, STM32Cube_FW_H7RS_V1.1.0, STM32Cube_FW_H7_V1.11.2, STM32Cube_FW_L0_V1.12.2, STM32Cube_FW_L5_V1.5.1, STM32Cube_FW_U0_V1.1.0, STM32Cube_FW_U5_V1.6.0, STM32Cube_FW_WB0_V1.0.0, STM32Cube_FW_WBA_V1.4.1, STM32Cube_FW_WB_V1.20.0, STM32Cube_FW_WL_V1.3.0, X-CUBE-ALGOBUILD_V1.4.0, X-CUBE-ALS_V1.0.2, X-CUBE-AZRTOS-F4_V1.1.0, X-CUBE-AZRTOS-F7_V1.1.0, X-CUBE-AZRTOS-G0_V1.1.0, X-CUBE-AZRTOS-G4_V2.0.0, X-CUBE-AZRTOS-H7RS_V1.0.0, X-CUBE-AZRTOS-H7_V3.2.0, X-CUBE-AZRTOS-L4_V2.0.0, X-CUBE-AZRTOS-L5_V2.0.0, X-CUBE-AZRTOS-WB_V2.0.0, X-CUBE-AZRTOS-WL_V2.0.0, X-CUBE-BLE1_V7.0.0, X-CUBE-BLE2_V3.3.0, X-CUBE-BLEMGR_V3.1.0, X-CUBE-EEPRMA1_V5.1.0, X-CUBE-FREERTOS_V1.2.0, X-CUBE-GNSS1_V6.0.0, X-CUBE-MEMS1_V11.0.0, X-CUBE-NFC4_V3.0.0, X-CUBE-NFC7_V1.0.1, X-CUBE-SFXS2LP1_V4.0.0, X-CUBE-SUBG2_V5.0.0, X-CUBE-TOF1_V3.4.2]
2024-10-08 11:42:10,163 [INFO] DbBoardsSqlite:226 - include board P-NUCLEO-WB55-NUCLEO as a kit item of type 'Nucleo-64'
2024-10-08 11:42:10,163 [INFO] DbBoardsSqlite:226 - include board P-NUCLEO-WB55-USBDONGLE as a kit item of type 'Nucleo USB Dongle'
2024-10-08 11:42:10,164 [INFO] DbBoardsSqlite:226 - include board STEVAL-IDP005V1 as a kit item of type 'Evaluation Board'
2024-10-08 11:42:10,164 [INFO] DbBoardsSqlite:226 - include board STEVAL-IDP005V2 as a kit item of type 'Evaluation Board'
2024-10-08 11:42:10,242 [INFO] ApiDb:240 - Found 371 in-development CPN: [B-G473E-ZEST1S, B-WB1M-WPAN1, B-WL5M-SUBG1, NUCLEO-C031C6, NUCLEO-H503RB, NUCLEO-H563ZI, NUCLEO-U545RE-Q, NUCLEO-U5A5ZJ-Q, NUCLEO-WBA52CG, NUCLEO-WBA55CG, STEVAL-MKBOXPRO, STEVAL-PROTEUS1, STEVAL-STWINBX1, STM320518-EVAL, STM32C0116-DK, STM32C011D6Y3TR, STM32C011D6Y6TR, STM32C011F4P3, STM32C011F4P6, STM32C011F4U3, STM32C011F4U6TR, STM32C011F6P3, STM32C011F6P6, STM32C011F6U3, STM32C011F6U6TR, STM32C011J4M3, STM32C011J4M6, STM32C011J6M3, STM32C011J6M6, STM32C0316-DK, STM32C031C4T3, STM32C031C4T6, STM32C031C4U3, STM32C031C4U6, STM32C031C6T3, STM32C031C6T6, STM32C031C6U3, STM32C031C6U6, STM32C031F4P3, STM32C031F4P6, STM32C031F6P3, STM32C031F6P6, STM32C031G4U3, STM32C031G4U6, STM32C031G6U3, STM32C031G6U6, STM32C031K4T3, STM32C031K4T6, STM32C031K4U3, STM32C031K4U6, STM32C031K6T3, STM32C031K6T6, STM32C031K6U3, STM32C031K6U6, STM32G071K8TXN, STM32G071K8UXN, STM32G081GBU6N, STM32G081KBT6N, STM32G081KBUXN, STM32G0B1CCT6N, STM32G0B1KCT6, STM32G0B1NEY6TR, STM32G0B1RCT6N, STM32G0C1CCT6, STM32G0C1CCT6N, STM32G0C1CCU6N, STM32G0C1CET6N, STM32G0C1CEU6N, STM32G0C1KCT6, STM32G0C1NEY6TR, STM32G0C1RCI6N, STM32G0C1RCT6N, STM32G0C1REI6N, STM32G0C1RET6N, STM32G0C1VCI6, STM32G0C1VEI6, STM32G471CCT6, STM32G471CCU6, STM32G471CET3, STM32G471CET6, STM32G471CEU3, STM32G471CEU6, STM32G471MCT6, STM32G471MET3, STM32G471MET6, STM32G471MEY6TR, STM32G471QCT6, STM32G471QET3, STM32G471RCT6, STM32G471RET3, STM32G471RET6, STM32G471VCH6, STM32G471VCI6, STM32G471VCT6, STM32G471VEH3, STM32G471VEH6, STM32G471VEI3, STM32G471VEI6, STM32G471VET3, STM32G471VET6, STM32G474CCT6, STM32H503CBT6, STM32H503CBU6, STM32H503EBY6TR, STM32H503KBU6, STM32H503RBT6, STM32H562AGI6, STM32H562AII6, STM32H562IGK6, STM32H562IGT6, STM32H562IIK6, STM32H562IIT6, STM32H562RGT6, STM32H562RGV6, STM32H562RIT6, STM32H562RIV6, STM32H562VGT6, STM32H562VIT6, STM32H562ZGT6, STM32H562ZIT6, STM32H563AGI6, STM32H563AII3Q, STM32H563AII6, STM32H563IGK6, STM32H563IGT6, STM32H563IIK3Q, STM32H563IIK6, STM32H563IIT3Q, STM32H563IIT6, STM32H563MIY3QTR, STM32H563RGT6, STM32H563RGV6, STM32H563RIT6, STM32H563RIV6, STM32H563VGT6, STM32H563VIT3Q, STM32H563VIT6, STM32H563ZGT6, STM32H563ZIT3Q, STM32H563ZIT6, STM32H573AII3Q, STM32H573AII6, STM32H573I-DK, STM32H573IIK3Q, STM32H573IIK6, STM32H573IIT3Q, STM32H573IIT6, STM32H573MIY3QTR, STM32H573RIT6, STM32H573RIV6, STM32H573VIT3Q, STM32H573VIT6, STM32H573ZIT3Q, STM32H573ZIT6, STM32L4R5QGI6STR, STM32MP131AAE3, STM32MP131AAF3, STM32MP131AAG3, STM32MP131CAE3, STM32MP131CAF3, STM32MP131CAG3, STM32MP131DAE7, STM32MP131DAF7, STM32MP131DAG7, STM32MP131FAE7, STM32MP131FAF7, STM32MP131FAG7, STM32MP133AAE3, STM32MP133AAF3, STM32MP133AAG3, STM32MP133CAE3, STM32MP133CAF3, STM32MP133CAG3, STM32MP133DAE7, STM32MP133DAF7, STM32MP133DAG7, STM32MP133FAE7, STM32MP133FAF7, STM32MP133FAG7, STM32MP135AAE3, STM32MP135AAF3, STM32MP135AAG3, STM32MP135CAE3, STM32MP135CAF3, STM32MP135CAG3, STM32MP135DAE7, STM32MP135DAF7, STM32MP135DAG7, STM32MP135F-DK, STM32MP135FAE7, STM32MP135FAF7, STM32MP135FAF7T, STM32MP135FAF7U, STM32MP135FAG7, STM32U535CBT6, STM32U535CBT6Q, STM32U535CBU6, STM32U535CBU6Q, STM32U535CCT6, STM32U535CCT6Q, STM32U535CCU6, STM32U535CCU6Q, STM32U535CET6, STM32U535CET6Q, STM32U535CEU6, STM32U535CEU6Q, STM32U535JEY6QTR, STM32U535NCY6QTR, STM32U535NEY6QTR, STM32U535RBI6, STM32U535RBI6Q, STM32U535RBT6, STM32U535RBT6Q, STM32U535RCI6, STM32U535RCI6Q, STM32U535RCT6, STM32U535RCT6Q, STM32U535REI6, STM32U535REI6Q, STM32U535RET6, STM32U535RET6Q, STM32U535VCI6, STM32U535VCI6Q, STM32U535VCT6, STM32U535VCT6Q, STM32U535VEI6, STM32U535VEI6Q, STM32U535VET6, STM32U535VET6Q, STM32U545CET6, STM32U545CET6Q, STM32U545CEU6, STM32U545CEU6Q, STM32U545JEY6QTR, STM32U545NEY6QTR, STM32U545REI6, STM32U545REI6Q, STM32U545RET6, STM32U545RET6Q, STM32U545VEI6, STM32U545VEI6Q, STM32U545VET6, STM32U545VET6Q, STM32U595AIH6, STM32U595AIH6Q, STM32U595AJH6, STM32U595AJH6Q, STM32U595QII6, STM32U595QII6Q, STM32U595QJI6, STM32U595QJI6Q, STM32U595RIT6, STM32U595RIT6Q, STM32U595RJT6, STM32U595RJT6Q, STM32U595VIT6, STM32U595VIT6Q, STM32U595VJT6, STM32U595VJT6Q, STM32U595ZIT6, STM32U595ZIT6Q, STM32U595ZIY6QTR, STM32U595ZJT6, STM32U595ZJT6Q, STM32U595ZJY6QTR, STM32U599BJY6QTR, STM32U599NIH6Q, STM32U599NJH6Q, STM32U599VIT6Q, STM32U599VJT6, STM32U599VJT6Q, STM32U599ZIT6Q, STM32U599ZIY6QTR, STM32U599ZJT6Q, STM32U599ZJY6QTR, STM32U5A5AJH6, STM32U5A5AJH6Q, STM32U5A5QJI6, STM32U5A5QJI6Q, STM32U5A5RJT6, STM32U5A5RJT6Q, STM32U5A5VJT6, STM32U5A5VJT6Q, STM32U5A5ZJT6, STM32U5A5ZJT6Q, STM32U5A5ZJY6QTR, STM32U5A9BJY6QTR, STM32U5A9J-DK, STM32U5A9NJH6Q, STM32U5A9VJT6Q, STM32U5A9ZJT6Q, STM32U5A9ZJY6QTR, STM32U5F7VIT6, STM32U5F7VIT6Q, STM32U5F7VJT6, STM32U5F7VJT6Q, STM32U5F9BJY6QTR, STM32U5F9NJH6Q, STM32U5F9VIT6Q, STM32U5F9VJT6Q, STM32U5F9ZIJ6QTR, STM32U5F9ZIT6Q, STM32U5F9ZJJ6QTR, STM32U5F9ZJT6Q, STM32U5G7VJT6, STM32U5G7VJT6Q, STM32U5G9BJY6QTR, STM32U5G9J-DK1, STM32U5G9J-DK2, STM32U5G9NJH6Q, STM32U5G9VJT6Q, STM32U5G9ZJJ6QTR, STM32U5G9ZJT6Q, STM32WB1MMCH6, STM32WBA50KEU6, STM32WBA50KEU6TR, STM32WBA50KGU6, STM32WBA50KGU6TR, STM32WBA52CEU6, STM32WBA52CEU6TR, STM32WBA52CEU7, STM32WBA52CEU7TR, STM32WBA52CGU6, STM32WBA52CGU6TR, STM32WBA52CGU6U, STM32WBA52CGU7, STM32WBA52CGU7TR, STM32WBA52KEU6, STM32WBA52KEU6TR, STM32WBA52KGU6, STM32WBA52KGU6TR, STM32WBA54CEU6, STM32WBA54CEU6TR, STM32WBA54CEU7, STM32WBA54CEU7TR, STM32WBA54CGU6, STM32WBA54CGU6TR, STM32WBA54CGU7, STM32WBA54CGU7TR, STM32WBA54KEU6, STM32WBA54KEU6TR, STM32WBA54KEU7, STM32WBA54KEU7TR, STM32WBA54KGU6, STM32WBA54KGU6TR, STM32WBA54KGU7, STM32WBA54KGU7TR, STM32WBA55CEU6, STM32WBA55CEU6TR, STM32WBA55CEU7, STM32WBA55CEU7TR, STM32WBA55CGU6, STM32WBA55CGU6TR, STM32WBA55CGU6U, STM32WBA55CGU7, STM32WBA55CGU7TR, STM32WBA55G-DK1, STM32WBA55HEF6, STM32WBA55HEF7, STM32WBA55HGF6, STM32WBA55HGF7, STM32WBA55UEI6, STM32WBA55UEI6TR, STM32WBA55UEI7, STM32WBA55UEI7TR, STM32WBA55UGI6, STM32WBA55UGI6TR, STM32WBA55UGI7, STM32WBA55UGI7TR, STM32WL5MOCH6, STM32WL5MOCH6TR]
2024-10-08 11:42:10,399 [INFO] BoardInfo:889 - No configuration file found for board NUCLEO-H533RE
2024-10-08 11:42:10,400 [INFO] DbBoards:161 - Board is not supported: NUCLEO-H533RE
2024-10-08 11:42:10,429 [INFO] BoardInfo:889 - No configuration file found for board NUCLEO-H7S3L8
2024-10-08 11:42:10,432 [INFO] DbBoards:161 - Board is not supported: NUCLEO-H7S3L8
2024-10-08 11:42:10,500 [INFO] BoardInfo:889 - No configuration file found for board NUCLEO-U031R8
2024-10-08 11:42:10,500 [INFO] DbBoards:161 - Board is not supported: NUCLEO-U031R8
2024-10-08 11:42:10,503 [INFO] BoardInfo:889 - No configuration file found for board NUCLEO-U083RC
2024-10-08 11:42:10,504 [INFO] DbBoards:161 - Board is not supported: NUCLEO-U083RC
2024-10-08 11:42:10,515 [INFO] BoardInfo:889 - No configuration file found for board NUCLEO-WB05KZ
2024-10-08 11:42:10,515 [INFO] DbBoards:161 - Board is not supported: NUCLEO-WB05KZ
2024-10-08 11:42:10,518 [INFO] BoardInfo:889 - No configuration file found for board NUCLEO-WB07CC
2024-10-08 11:42:10,518 [INFO] DbBoards:161 - Board is not supported: NUCLEO-WB07CC
2024-10-08 11:42:10,521 [INFO] BoardInfo:889 - No configuration file found for board NUCLEO-WB09KE
2024-10-08 11:42:10,522 [INFO] DbBoards:161 - Board is not supported: NUCLEO-WB09KE
2024-10-08 11:42:10,548 [INFO] BoardInfo:889 - No configuration file found for board P-NUCLEO-WB55
2024-10-08 11:42:10,548 [INFO] DbBoards:161 - Kit is not supported: P-NUCLEO-WB55
2024-10-08 11:42:10,561 [INFO] BoardInfo:889 - No configuration file found for board STEVAL-BFA001V1B
2024-10-08 11:42:10,562 [INFO] DbBoards:161 - Kit is not supported: STEVAL-BFA001V1B
2024-10-08 11:42:10,565 [INFO] BoardInfo:889 - No configuration file found for board STEVAL-BFA001V2B
2024-10-08 11:42:10,565 [INFO] DbBoards:161 - Kit is not supported: STEVAL-BFA001V2B
2024-10-08 11:42:10,823 [INFO] BoardInfo:889 - No configuration file found for board STM32H7S78-DK
2024-10-08 11:42:10,825 [INFO] DbBoards:161 - Board is not supported: STM32H7S78-DK
2024-10-08 11:42:10,888 [INFO] BoardInfo:889 - No configuration file found for board STM32MP257F-DK
2024-10-08 11:42:10,889 [INFO] DbBoards:161 - Board is not supported: STM32MP257F-DK
2024-10-08 11:42:10,892 [INFO] BoardInfo:889 - No configuration file found for board STM32MP257F-EV1
2024-10-08 11:42:10,893 [INFO] DbBoards:161 - Board is not supported: STM32MP257F-EV1
2024-10-08 11:42:10,896 [INFO] BoardInfo:889 - No configuration file found for board STM32U083C-DK
2024-10-08 11:42:10,897 [INFO] DbBoards:161 - Board is not supported: STM32U083C-DK
2024-10-08 11:42:10,918 [INFO] DbBoards:168 - Found 200 boards, 186 are supported
2024-10-08 11:42:10,919 [INFO] DbBoards:169 - Found 200 boards, 3 of them is supported for  Bsp
2024-10-08 11:42:10,926 [INFO] ApiDb:423 - Load user favorites file C:\Users\tkach/.stm32cubeide/favorites.boards.txt: 0 item(s)
2024-10-08 11:42:10,927 [INFO] ApiDb:427 - User favorites Boards=[]
2024-10-08 11:42:10,927 [INFO] DbBoards:198 - Set 0 / 0 favorites Boards
2024-10-08 11:42:10,931 [INFO] ApiDb:668 - CubeFinder database Data Model version=2.1
2024-10-08 11:42:10,932 [INFO] ApiDb:669 - CubeFinder database Configuration version=3.0.39
2024-10-08 11:42:10,932 [INFO] ApiDb:670 - CubeFinder database generation date=2024-09-16 (1726485674)
2024-10-08 11:42:10,932 [INFO] ApiDb:671 - CubeFinder database FW Pack versions=[FP-ATR-ASTRA1_V2.0.0, FP-SNS-FLIGHT1_V5.0.2, FP-SNS-MOTENV1_V5.0.0, FP-SNS-MOTENVWB1_V1.4.0, FP-SNS-SMARTAG2_V1.2.0, FP-SNS-STBOX1_V2.0.0, STM32Cube_FW_C0_V1.2.0, STM32Cube_FW_F4_V1.28.1, STM32Cube_FW_F7_V1.17.2, STM32Cube_FW_G0_V1.6.2, STM32Cube_FW_G4_V1.6.0, STM32Cube_FW_H5_V1.3.0, STM32Cube_FW_H7RS_V1.1.0, STM32Cube_FW_H7_V1.11.2, STM32Cube_FW_L0_V1.12.2, STM32Cube_FW_L5_V1.5.1, STM32Cube_FW_U0_V1.1.0, STM32Cube_FW_U5_V1.6.0, STM32Cube_FW_WB0_V1.0.0, STM32Cube_FW_WBA_V1.4.1, STM32Cube_FW_WB_V1.20.0, STM32Cube_FW_WL_V1.3.0, X-CUBE-ALGOBUILD_V1.4.0, X-CUBE-ALS_V1.0.2, X-CUBE-AZRTOS-F4_V1.1.0, X-CUBE-AZRTOS-F7_V1.1.0, X-CUBE-AZRTOS-G0_V1.1.0, X-CUBE-AZRTOS-G4_V2.0.0, X-CUBE-AZRTOS-H7RS_V1.0.0, X-CUBE-AZRTOS-H7_V3.2.0, X-CUBE-AZRTOS-L4_V2.0.0, X-CUBE-AZRTOS-L5_V2.0.0, X-CUBE-AZRTOS-WB_V2.0.0, X-CUBE-AZRTOS-WL_V2.0.0, X-CUBE-BLE1_V7.0.0, X-CUBE-BLE2_V3.3.0, X-CUBE-BLEMGR_V3.1.0, X-CUBE-EEPRMA1_V5.1.0, X-CUBE-FREERTOS_V1.2.0, X-CUBE-GNSS1_V6.0.0, X-CUBE-MEMS1_V11.0.0, X-CUBE-NFC4_V3.0.0, X-CUBE-NFC7_V1.0.1, X-CUBE-SFXS2LP1_V4.0.0, X-CUBE-SUBG2_V5.0.0, X-CUBE-TOF1_V3.4.2]
2024-10-08 11:42:12,196 [ERROR] DbExamplesSqlite:437 - Missing JSON key: board_cpn
2024-10-08 11:42:12,196 [ERROR] DbExamplesSqlite:437 - Missing JSON key: board_cpn
2024-10-08 11:42:12,197 [ERROR] DbExamplesSqlite:437 - Missing JSON key: board_cpn
2024-10-08 11:42:12,197 [ERROR] DbExamplesSqlite:437 - Missing JSON key: board_cpn
2024-10-08 11:42:12,414 [ERROR] DbExamplesSqlite:437 - Missing JSON key: board_cpn
2024-10-08 11:42:12,415 [ERROR] DbExamplesSqlite:437 - Missing JSON key: board_cpn
2024-10-08 11:42:12,415 [ERROR] DbExamplesSqlite:437 - Missing JSON key: board_cpn
2024-10-08 11:42:12,415 [ERROR] DbExamplesSqlite:437 - Missing JSON key: board_cpn
2024-10-08 11:42:12,416 [ERROR] DbExamplesSqlite:437 - Missing JSON key: board_cpn
2024-10-08 11:42:12,416 [ERROR] DbExamplesSqlite:437 - Missing JSON key: board_cpn
2024-10-08 11:42:12,417 [ERROR] DbExamplesSqlite:437 - Missing JSON key: board_cpn
2024-10-08 11:42:12,417 [ERROR] DbExamplesSqlite:437 - Missing JSON key: board_cpn
2024-10-08 11:42:12,417 [ERROR] DbExamplesSqlite:437 - Missing JSON key: board_cpn
2024-10-08 11:42:12,419 [INFO] DbExamplesSqlite:395 - Ignored 28 examples not supported by CubeIDE
2024-10-08 11:42:12,420 [INFO] DbExamplesSqlite:396 - Found 8614 examples active
2024-10-08 11:42:12,420 [INFO] DbExamplesSqlite:397 - Found 0 examples obsolete
2024-10-08 11:42:12,420 [INFO] DbExamplesSqlite:398 - Found 0 examples under development
2024-10-08 11:42:12,421 [INFO] DbExamplesSqlite:399 - Found 10 examples not building
2024-10-08 11:42:12,424 [INFO] DbExamples:125 - Found 8596 examples
2024-10-08 11:42:12,680 [ERROR] DbExamples:208 - Found 206 examples with invalid data (board or MCU)
2024-10-08 11:42:12,680 [INFO] DbExamples:222 - Found 107 boards with related examples
2024-10-08 11:42:12,681 [INFO] DbExamples:235 - Found 87 MCUs with related examples
2024-10-08 11:42:12,715 [INFO] ApiDb:423 - Load user favorites file C:\Users\tkach/.stm32cubeide/favorites.examples.txt: 0 item(s)
2024-10-08 11:42:12,715 [INFO] ApiDb:427 - User favorites Examples=[]
2024-10-08 11:42:12,715 [INFO] DbExamples:250 - Set 0 / 0 favorites Examples
2024-10-08 11:42:13,212 [INFO] McuFinderGlobals:76 - Set McuFinderConnectedMode to true
2024-10-08 11:42:13,227 [INFO] MultiScanPanel:200 - Auto-refresh data requested => check proxy status ongoing
2024-10-08 11:42:13,231 [INFO] FinderPluginLoader:95 - Searching for filters in installed packs
2024-10-08 11:42:15,300 [INFO] LoadUrlFilesThread:185 - End of LoadServerUrlFiles without Thread
2024-10-08 11:42:15,351 [INFO] DetailPanel:341 - Set advertising image to C:/Users/tkach/STM32Cube/Repository/\en.prom-stm32c071-usb-memories-mcu-finder.png
2024-10-08 11:42:26,574 [ERROR] LogOutputStream:75 - [STDERR_REDIRECT] SLF4J: Failed to load class "org.slf4j.impl.StaticLoggerBinder".
2024-10-08 11:42:26,575 [ERROR] LogOutputStream:75 - [STDERR_REDIRECT] SLF4J: Defaulting to no-operation (NOP) logger implementation
2024-10-08 11:42:26,577 [ERROR] LogOutputStream:75 - [STDERR_REDIRECT] SLF4J: See http://www.slf4j.org/codes.html#StaticLoggerBinder for further details.
2024-10-08 11:43:33,196 [INFO] MainUpdater:2873 - connection check result : 10
2024-10-08 11:43:33,197 [INFO] MainUpdater:2873 - connection check result : 10
2024-10-08 11:43:33,243 [INFO] MicroXplorer:468 - Change Database Path : 
2024-10-08 11:43:33,243 [INFO] MicroXplorer:498 - Change Database Version : DB.6.0.100
2024-10-08 11:43:33,249 [WARN] ThirdParty:871 - waiting for thirdparty lock release [close project]
2024-10-08 11:43:33,249 [INFO] ThirdParty:873 - entering critical section [close project]
2024-10-08 11:43:33,250 [INFO] ThirdParty:883 - exiting critical section [close project]
2024-10-08 11:43:33,252 [INFO] PinOutPanel:1499 - setPackage(No Configuration,No Configuration)
2024-10-08 11:43:33,259 [INFO] UtilMem:75 - Begin LoadConfig() Used Memory: 677001720 Bytes (1073741824)
2024-10-08 11:43:33,260 [INFO] MicroXplorer:468 - Change Database Path : 
2024-10-08 11:43:33,260 [INFO] MicroXplorer:498 - Change Database Version : DB.6.0.100
2024-10-08 11:43:33,261 [INFO] OpenFileManager:312 - Change cursor
2024-10-08 11:43:33,332 [INFO] Mcu:2016 - Initializing MCU STM32F103C8Tx STM32F103C8Tx STM32F103C8T6
2024-10-08 11:43:34,728 [INFO] Context:659 - Trying to add GPIOservice into a context  which must be forbidden
2024-10-08 11:43:35,080 [INFO] ImportTextPane:194 - (OptionalMessage_ERROR) Unable to find key (Mcu.ThirdPartyNb) in loaded IOC file
2024-10-08 11:43:35,080 [INFO] ImportTextPane:194 - (OptionalMessage_ERROR) Unable to find key (Mcu.PinsNb) in loaded IOC file
2024-10-08 11:43:35,080 [INFO] ImportTextPane:194 - (OptionalMessage_ERROR) Unable to find key (Mcu.IPNb) in loaded IOC file
2024-10-08 11:43:35,366 [INFO] RtosManager:555 - Registered RTOS mode: class=CMSIS, group=RTOS, mode=CMSIS_V1, owner=FREERTOS
2024-10-08 11:43:35,367 [INFO] RtosManager:555 - Registered RTOS mode: class=CMSIS, group=RTOS2, mode=CMSIS_V2, owner=FREERTOS
2024-10-08 11:43:35,367 [INFO] RtosManager:555 - Registered RTOS mode: class=RTOS, group=Core, mode=CMSIS_V1, owner=FREERTOS
2024-10-08 11:43:35,367 [INFO] RtosManager:555 - Registered RTOS mode: class=RTOS, group=Core, mode=CMSIS_V2, owner=FREERTOS
2024-10-08 11:43:35,367 [WARN] ModelIntegratedComponent:184 - Missing modes for component STMicroelectronics:FreeRTOS:0.0.1:STMicroelectronics:RTOS:FreeRTOS:Core:::10.2.0:
2024-10-08 11:43:35,386 [WARN] ModelIntegratedComponent:63 - No mode defined for component null
2024-10-08 11:43:35,386 [WARN] ModelIntegratedComponent:63 - No mode defined for component null
2024-10-08 11:43:35,386 [WARN] ModelIntegratedComponent:63 - No mode defined for component null
2024-10-08 11:43:35,387 [WARN] ModelIntegratedComponent:63 - No mode defined for component null
2024-10-08 11:43:35,387 [WARN] ModelIntegratedComponent:63 - No mode defined for component null
2024-10-08 11:43:35,387 [WARN] ModelIntegratedComponent:63 - No mode defined for component null
2024-10-08 11:43:35,387 [WARN] ModelIntegratedComponent:63 - No mode defined for component null
2024-10-08 11:43:35,387 [WARN] ModelIntegratedComponent:63 - No mode defined for component null
2024-10-08 11:43:35,388 [WARN] ModelIntegratedComponent:63 - No mode defined for component null
2024-10-08 11:43:35,388 [WARN] ModelIntegratedComponent:63 - No mode defined for component null
2024-10-08 11:43:35,388 [WARN] ModelIntegratedComponent:63 - No mode defined for component null
2024-10-08 11:43:35,388 [WARN] ModelIntegratedComponent:63 - No mode defined for component null
2024-10-08 11:43:35,388 [WARN] ModelIntegratedComponent:63 - No mode defined for component null
2024-10-08 11:43:35,388 [WARN] ModelIntegratedComponent:63 - No mode defined for component null
2024-10-08 11:43:35,388 [WARN] ModelIntegratedComponent:63 - No mode defined for component null
2024-10-08 11:43:35,388 [WARN] ModelIntegratedComponent:63 - No mode defined for component null
2024-10-08 11:43:35,388 [WARN] ModelIntegratedComponent:63 - No mode defined for component null
2024-10-08 11:43:35,388 [WARN] ModelIntegratedComponent:63 - No mode defined for component null
2024-10-08 11:43:35,388 [WARN] ModelIntegratedComponent:63 - No mode defined for component null
2024-10-08 11:43:35,389 [WARN] ModelIntegratedComponent:63 - No mode defined for component null
2024-10-08 11:43:35,389 [WARN] ModelIntegratedComponent:63 - No mode defined for component null
2024-10-08 11:43:35,389 [WARN] ModelIntegratedComponent:63 - No mode defined for component null
2024-10-08 11:43:35,389 [WARN] ModelIntegratedComponent:63 - No mode defined for component null
2024-10-08 11:43:35,389 [WARN] ModelIntegratedComponent:63 - No mode defined for component null
2024-10-08 11:43:35,389 [WARN] ModelIntegratedComponent:63 - No mode defined for component null
2024-10-08 11:43:35,390 [WARN] ModelIntegratedComponent:63 - No mode defined for component null
2024-10-08 11:43:35,390 [WARN] ModelIntegratedComponent:63 - No mode defined for component null
2024-10-08 11:43:35,390 [WARN] ModelIntegratedComponent:63 - No mode defined for component null
2024-10-08 11:43:35,390 [WARN] ModelIntegratedComponent:63 - No mode defined for component null
2024-10-08 11:43:35,390 [WARN] ModelIntegratedComponent:63 - No mode defined for component null
2024-10-08 11:43:35,390 [WARN] ModelIntegratedComponent:63 - No mode defined for component null
2024-10-08 11:43:35,390 [WARN] ModelIntegratedComponent:63 - No mode defined for component null
2024-10-08 11:43:35,390 [WARN] ModelIntegratedComponent:63 - No mode defined for component null
2024-10-08 11:43:35,608 [INFO] ThirdPartyModel:298 - Start build external matchings
2024-10-08 11:43:37,528 [INFO] ThirdPartyModel:316 - End build external matchings
2024-10-08 11:43:37,946 [INFO] UtilMem:75 - End LoadConfig() Used Memory: 722021616 Bytes (1073741824)
2024-10-08 11:43:38,006 [INFO] MicroXplorer:468 - Change Database Path : 
2024-10-08 11:43:38,006 [INFO] MicroXplorer:498 - Change Database Version : DB.6.0.100
2024-10-08 11:43:38,007 [WARN] ThirdParty:833 - waiting for thirdparty lock release [change project]
2024-10-08 11:43:38,007 [INFO] ThirdParty:835 - entering critical section [change project]
2024-10-08 11:43:38,007 [INFO] ThirdParty:1030 - CMSIS Pack Vendor :STMicroelectronics USBPD 4.1
2024-10-08 11:43:38,007 [INFO] ThirdParty:1030 - CMSIS Pack Vendor :STMicroelectronics X-CUBE-AZRTOS-H7 3.3.0
2024-10-08 11:43:38,007 [INFO] ThirdParty:1030 - CMSIS Pack Vendor :STMicroelectronics X-CUBE-NFC9 1.0.0
2024-10-08 11:43:38,008 [INFO] ThirdParty:1030 - CMSIS Pack Vendor :STMicroelectronics X-CUBE-GNSS1 6.0.0
2024-10-08 11:43:38,008 [INFO] ThirdParty:1030 - CMSIS Pack Vendor :STMicroelectronics USB_HOST 2.0.0
2024-10-08 11:43:38,008 [INFO] ThirdParty:1030 - CMSIS Pack Vendor :STMicroelectronics FP-SNS-MOTENVWB1 1.4.0
2024-10-08 11:43:38,008 [INFO] ThirdParty:1030 - CMSIS Pack Vendor :STMicroelectronics X-CUBE-AZRTOS-F4 1.1.0
2024-10-08 11:43:38,008 [INFO] ThirdParty:1030 - CMSIS Pack Vendor :STMicroelectronics LIBJPEG 8.0.0
2024-10-08 11:43:38,008 [INFO] ThirdParty:1030 - CMSIS Pack Vendor :STMicroelectronics X-CUBE-SMBUS 2.1.0
2024-10-08 11:43:38,008 [INFO] ThirdParty:1030 - CMSIS Pack Vendor :STMicroelectronics X-CUBE-WB05N 1.1.0
2024-10-08 11:43:38,008 [INFO] ThirdParty:1030 - CMSIS Pack Vendor :STMicroelectronics USB_DEVICE 3.0.0
2024-10-08 11:43:38,008 [INFO] ThirdParty:1030 - CMSIS Pack Vendor :STMicroelectronics X-CUBE-TCPP 4.1.0
2024-10-08 11:43:38,008 [INFO] ThirdParty:1030 - CMSIS Pack Vendor :STMicroelectronics X-CUBE-ISPU 2.1.0
2024-10-08 11:43:38,008 [INFO] ThirdParty:1030 - CMSIS Pack Vendor :STMicroelectronics X-CUBE-FREERTOS 1.2.0
2024-10-08 11:43:38,008 [INFO] ThirdParty:1030 - CMSIS Pack Vendor :STMicroelectronics X-CUBE-IPS 3.0.0
2024-10-08 11:43:38,008 [INFO] ThirdParty:1030 - CMSIS Pack Vendor :STMicroelectronics X-CUBE-AZRTOS-WB 2.0.0
2024-10-08 11:43:38,008 [INFO] ThirdParty:1030 - CMSIS Pack Vendor :wolfSSL I-CUBE-wolfSSL 5.6.6
2024-10-08 11:43:38,008 [INFO] ThirdParty:1030 - CMSIS Pack Vendor :STMicroelectronics X-CUBE-GNSS1 7.0.0
2024-10-08 11:43:38,009 [INFO] ThirdParty:1030 - CMSIS Pack Vendor :STMicroelectronics X-CUBE-TOUCHGFX 4.23.0
2024-10-08 11:43:38,009 [INFO] ThirdParty:1030 - CMSIS Pack Vendor :STMicroelectronics X-CUBE-TOUCHGFX 4.23.2
2024-10-08 11:43:38,009 [INFO] ThirdParty:1030 - CMSIS Pack Vendor :STMicroelectronics X-CUBE-AZRTOS-F7 1.1.0
2024-10-08 11:43:38,009 [INFO] ThirdParty:1030 - CMSIS Pack Vendor :STMicroelectronics X-CUBE-AZRTOS-L5 2.0.0
2024-10-08 11:43:38,009 [INFO] ThirdParty:1030 - CMSIS Pack Vendor :STMicroelectronics USB_DEVICE 2.0.0
2024-10-08 11:43:38,009 [INFO] ThirdParty:1030 - CMSIS Pack Vendor :STMicroelectronics X-CUBE-EEPRMA1 4.2.0
2024-10-08 11:43:38,009 [INFO] ThirdParty:1030 - CMSIS Pack Vendor :STMicroelectronics X-CUBE-NFC6 3.1.0
2024-10-08 11:43:38,009 [INFO] ThirdParty:1030 - CMSIS Pack Vendor :ITTIA_DB I-CUBE-ITTIADB 8.8.0
2024-10-08 11:43:38,009 [INFO] ThirdParty:1030 - CMSIS Pack Vendor :STMicroelectronics FP-SNS-STBOX1 2.0.0
2024-10-08 11:43:38,009 [INFO] ThirdParty:1030 - CMSIS Pack Vendor :STMicroelectronics FP-SNS-MOTENV1 4.3.2
2024-10-08 11:43:38,009 [INFO] ThirdParty:1030 - CMSIS Pack Vendor :STMicroelectronics X-CUBE-ALGOBUILD 1.3.0
2024-10-08 11:43:38,009 [INFO] ThirdParty:1030 - CMSIS Pack Vendor :STMicroelectronics X-CUBE-MEMS1 11.0.0
2024-10-08 11:43:38,009 [INFO] ThirdParty:1030 - CMSIS Pack Vendor :STMicroelectronics FreeRTOS 0.0.1
2024-10-08 11:43:38,009 [INFO] ThirdParty:1030 - CMSIS Pack Vendor :STMicroelectronics X-CUBE-AZRTOS-G0 1.1.0
2024-10-08 11:43:38,009 [INFO] ThirdParty:1030 - CMSIS Pack Vendor :STMicroelectronics X-CUBE-SAFEA1 1.2.2
2024-10-08 11:43:38,010 [INFO] ThirdParty:1030 - CMSIS Pack Vendor :STMicroelectronics X-CUBE-NFC4 3.0.0
2024-10-08 11:43:38,010 [INFO] ThirdParty:1030 - CMSIS Pack Vendor :STMicroelectronics X-CUBE-DPower 1.2.0
2024-10-08 11:43:38,010 [INFO] ThirdParty:1030 - CMSIS Pack Vendor :STMicroelectronics X-CUBE-SUBG2 5.0.0
2024-10-08 11:43:38,010 [INFO] ThirdParty:1030 - CMSIS Pack Vendor :STMicroelectronics STM32_WPAN 1.0.0
2024-10-08 11:43:38,010 [INFO] ThirdParty:1030 - CMSIS Pack Vendor :EmbeddedOffice I-CUBE-FS-RTOS 1.0.1
2024-10-08 11:43:38,010 [INFO] ThirdParty:1030 - CMSIS Pack Vendor :STMicroelectronics lwIP 2.0.3
2024-10-08 11:43:38,010 [INFO] ThirdParty:1030 - CMSIS Pack Vendor :STMicroelectronics FP-SNS-FLIGHT1 5.0.2
2024-10-08 11:43:38,010 [INFO] ThirdParty:1030 - CMSIS Pack Vendor :STMicroelectronics USB_HOST 1.0.0
2024-10-08 11:43:38,010 [INFO] ThirdParty:1030 - CMSIS Pack Vendor :STMicroelectronics X-CUBE-AI 9.0.0
2024-10-08 11:43:38,010 [INFO] ThirdParty:1030 - CMSIS Pack Vendor :STMicroelectronics X-CUBE-AZRTOS-G4 2.0.0
2024-10-08 11:43:38,010 [INFO] ThirdParty:1030 - CMSIS Pack Vendor :STMicroelectronics PDM2PCM 3.1.0
2024-10-08 11:43:38,010 [INFO] ThirdParty:1030 - CMSIS Pack Vendor :Infineon AIROC-Wi-Fi-Bluetooth-STM32 1.5.1
2024-10-08 11:43:38,010 [INFO] ThirdParty:1030 - CMSIS Pack Vendor :STMicroelectronics X-CUBE-BLEMGR 3.0.0
2024-10-08 11:43:38,010 [INFO] ThirdParty:1030 - CMSIS Pack Vendor :STMicroelectronics PDM2PCM 3.3.0
2024-10-08 11:43:38,010 [INFO] ThirdParty:1030 - CMSIS Pack Vendor :STMicroelectronics X-CUBE-DISPLAY 3.0.0
2024-10-08 11:43:38,010 [INFO] ThirdParty:1030 - CMSIS Pack Vendor :RealThread X-CUBE-RT-Thread_Nano 4.1.1
2024-10-08 11:43:38,010 [INFO] ThirdParty:1030 - CMSIS Pack Vendor :STMicroelectronics FP-SNS-MOTENVWB1 1.3.1
2024-10-08 11:43:38,011 [INFO] ThirdParty:1030 - CMSIS Pack Vendor :STMicroelectronics X-CUBE-BLE1 7.0.0
2024-10-08 11:43:38,011 [INFO] ThirdParty:1030 - CMSIS Pack Vendor :STMicroelectronics FP-ATR-SIGFOX1 3.2.0
2024-10-08 11:43:38,011 [INFO] ThirdParty:1030 - CMSIS Pack Vendor :STMicroelectronics X-CUBE-NFC10 1.0.0
2024-10-08 11:43:38,011 [INFO] ThirdParty:1030 - CMSIS Pack Vendor :STMicroelectronics X-CUBE-ISPU 2.0.0
2024-10-08 11:43:38,011 [INFO] ThirdParty:1030 - CMSIS Pack Vendor :STMicroelectronics X-CUBE-EEPRMA1 5.1.0
2024-10-08 11:43:38,011 [INFO] ThirdParty:1030 - CMSIS Pack Vendor :STMicroelectronics HAL Drivers 0.0.0
2024-10-08 11:43:38,011 [INFO] ThirdParty:1030 - CMSIS Pack Vendor :STMicroelectronics MBEDTLS 2.16.2
2024-10-08 11:43:38,011 [INFO] ThirdParty:1030 - CMSIS Pack Vendor :STMicroelectronics X-CUBE-ALS 1.0.2
2024-10-08 11:43:38,011 [INFO] ThirdParty:1030 - CMSIS Pack Vendor :emotas I-CUBE-CANOPEN 1.3.0
2024-10-08 11:43:38,011 [INFO] ThirdParty:1030 - CMSIS Pack Vendor :STMicroelectronics X-CUBE-MEMS1 10.0.0
2024-10-08 11:43:38,011 [INFO] ThirdParty:1030 - CMSIS Pack Vendor :STMicroelectronics X-CUBE-FREERTOS 1.1.0
2024-10-08 11:43:38,011 [INFO] ThirdParty:1030 - CMSIS Pack Vendor :STMicroelectronics X-CUBE-NFC7 1.0.1
2024-10-08 11:43:38,011 [INFO] ThirdParty:1030 - CMSIS Pack Vendor :STMicroelectronics MBEDTLS 2.14.1
2024-10-08 11:43:38,011 [INFO] ThirdParty:1030 - CMSIS Pack Vendor :STMicroelectronics X-CUBE-TOUCHGFX 4.24.0
2024-10-08 11:43:38,011 [INFO] ThirdParty:1030 - CMSIS Pack Vendor :STMicroelectronics X-CUBE-TOUCHGFX 4.24.1
2024-10-08 11:43:38,011 [INFO] ThirdParty:1030 - CMSIS Pack Vendor :STMicroelectronics X-CUBE-NFC6 3.0.0
2024-10-08 11:43:38,012 [INFO] ThirdParty:1030 - CMSIS Pack Vendor :wolfSSL I-CUBE-wolfTPM 3.4.0
2024-10-08 11:43:38,012 [INFO] ThirdParty:1030 - CMSIS Pack Vendor :portGmbH I-Cube-SoM-uGOAL 1.1.0
2024-10-08 11:43:38,012 [INFO] ThirdParty:1030 - CMSIS Pack Vendor :STMicroelectronics X-CUBE-ALS 1.0.1
2024-10-08 11:43:38,012 [INFO] ThirdParty:1030 - CMSIS Pack Vendor :STMicroelectronics X-CUBE-BLEMGR 3.1.0
2024-10-08 11:43:38,012 [INFO] ThirdParty:1030 - CMSIS Pack Vendor :STMicroelectronics ThreadX 1.0.0
2024-10-08 11:43:38,012 [INFO] ThirdParty:1030 - CMSIS Pack Vendor :STMicroelectronics FP-SNS-SMARTAG2 1.2.0
2024-10-08 11:43:38,012 [INFO] ThirdParty:1030 - CMSIS Pack Vendor :STMicroelectronics X-CUBE-AZRTOS-WL 2.0.0
2024-10-08 11:43:38,012 [INFO] ThirdParty:1030 - CMSIS Pack Vendor :SEGGER I-CUBE-embOS 1.3.1
2024-10-08 11:43:38,012 [INFO] ThirdParty:1030 - CMSIS Pack Vendor :STMicroelectronics X-CUBE-ALGOBUILD 1.4.0
2024-10-08 11:43:38,012 [INFO] ThirdParty:1030 - CMSIS Pack Vendor :STMicroelectronics FP-SNS-MOTENV1 5.0.0
2024-10-08 11:43:38,012 [INFO] ThirdParty:1030 - CMSIS Pack Vendor :STMicroelectronics USB_DEVICE 1.0.0
2024-10-08 11:43:38,012 [INFO] ThirdParty:1030 - CMSIS Pack Vendor :STMicroelectronics X-CUBE-AI 8.1.0
2024-10-08 11:43:38,012 [INFO] ThirdParty:1030 - CMSIS Pack Vendor :STMicroelectronics X-CUBE-AZRTOS-H7RS 1.0.0
2024-10-08 11:43:38,013 [INFO] ThirdParty:1030 - CMSIS Pack Vendor :wolfSSL I-CUBE-wolfMQTT 1.19.0
2024-10-08 11:43:38,013 [INFO] ThirdParty:1030 - CMSIS Pack Vendor :STMicroelectronics X-CUBE-AZRTOS-L4 2.0.0
2024-10-08 11:43:38,013 [INFO] ThirdParty:1030 - CMSIS Pack Vendor :STMicroelectronics ThreadX 0.0.2
2024-10-08 11:43:38,013 [INFO] ThirdParty:1030 - CMSIS Pack Vendor :WES I-CUBE-Cesium 1.3.0
2024-10-08 11:43:38,013 [INFO] ThirdParty:1030 - CMSIS Pack Vendor :STMicroelectronics FP-ATR-ASTRA1 2.0.0
2024-10-08 11:43:38,013 [INFO] ThirdParty:1030 - CMSIS Pack Vendor :STMicroelectronics lwIP 2.1.2
2024-10-08 11:43:38,013 [INFO] ThirdParty:1030 - CMSIS Pack Vendor :STMicroelectronics X-CUBE-SFXS2LP1 4.0.0
2024-10-08 11:43:38,013 [INFO] ThirdParty:1030 - CMSIS Pack Vendor :STMicroelectronics X-CUBE-BLE2 3.3.0
2024-10-08 11:43:38,013 [INFO] ThirdParty:1030 - CMSIS Pack Vendor :STMicroelectronics X-CUBE-TOF1 3.4.2
2024-10-08 11:43:38,014 [INFO] ThirdParty:1030 - CMSIS Pack Vendor :STMicroelectronics X-CUBE-AI 9.1.0
2024-10-08 11:43:38,014 [INFO] ThirdParty:1030 - CMSIS Pack Vendor :STMicroelectronics X-CUBE-TOF1 3.4.0
2024-10-08 11:43:38,014 [INFO] ThirdParty:1030 - CMSIS Pack Vendor :STMicroelectronics X-CUBE-TOF1 3.4.1
2024-10-08 11:43:38,014 [INFO] ThirdParty:1030 - CMSIS Pack Vendor :STMicroelectronics X-CUBE-AZRTOS-H7 3.2.0
2024-10-08 11:43:38,014 [INFO] ThirdParty:1030 - CMSIS Pack Vendor :STMicroelectronics PDM2PCM 3.2.0
2024-10-08 11:43:38,014 [INFO] ThirdParty:1030 - CMSIS Pack Vendor :wolfSSL I-CUBE-wolfSSH 1.4.17
2024-10-08 11:43:38,014 [INFO] ThirdParty:841 - exiting critical section [change project]
2024-10-08 11:43:38,494 [INFO] PinOutPanel:1499 - setPackage(No Configuration,No Configuration)
2024-10-08 11:43:38,496 [INFO] PinOutPanel:1499 - setPackage(STM32F103C8Tx,LQFP48)
2024-10-08 11:43:39,067 [INFO] UtilMem:75 - Before build in PCC Used Memory: 838050960 Bytes (1073741824)
2024-10-08 11:43:39,952 [INFO] UtilMem:75 - After build in PCC Used Memory: 655332384 Bytes (1073741824)
2024-10-08 11:43:39,985 [INFO] IPUIPlugin:80 - create IPUIPlugin
2024-10-08 11:43:39,985 [INFO] IPUIPlugin:80 - create IPUIPlugin
2024-10-08 11:43:39,985 [INFO] IPUIPlugin:80 - create IPUIPlugin
2024-10-08 11:43:39,986 [INFO] IPUIPlugin:80 - create IPUIPlugin
2024-10-08 11:43:39,986 [INFO] IPUIPlugin:80 - create IPUIPlugin
2024-10-08 11:43:39,986 [INFO] IPUIPlugin:80 - create IPUIPlugin
2024-10-08 11:43:39,986 [INFO] IPUIPlugin:80 - create IPUIPlugin
2024-10-08 11:43:39,986 [INFO] IPUIPlugin:80 - create IPUIPlugin
2024-10-08 11:43:39,987 [INFO] IPUIPlugin:80 - create IPUIPlugin
2024-10-08 11:43:39,987 [INFO] IPUIPlugin:80 - create IPUIPlugin
2024-10-08 11:43:39,987 [INFO] IPUIPlugin:80 - create IPUIPlugin
2024-10-08 11:43:39,987 [INFO] IPUIPlugin:80 - create IPUIPlugin
2024-10-08 11:43:39,988 [INFO] IPUIPlugin:80 - create IPUIPlugin
2024-10-08 11:43:39,988 [INFO] IPUIPlugin:80 - create IPUIPlugin
2024-10-08 11:43:39,988 [INFO] IPUIPlugin:80 - create IPUIPlugin
2024-10-08 11:43:39,989 [INFO] IPUIPlugin:80 - create IPUIPlugin
2024-10-08 11:43:39,989 [INFO] IPUIPlugin:80 - create IPUIPlugin
2024-10-08 11:43:39,990 [INFO] IPUIPlugin:80 - create IPUIPlugin
2024-10-08 11:43:39,990 [INFO] IPUIPlugin:80 - create IPUIPlugin
2024-10-08 11:43:39,990 [INFO] IPUIPlugin:80 - create IPUIPlugin
2024-10-08 11:43:39,991 [INFO] IPUIPlugin:80 - create IPUIPlugin
2024-10-08 11:43:39,991 [INFO] IPUIPlugin:80 - create IPUIPlugin
2024-10-08 11:43:39,991 [INFO] IPUIPlugin:80 - create IPUIPlugin
2024-10-08 11:43:39,992 [INFO] IPUIPlugin:80 - create IPUIPlugin
2024-10-08 11:43:39,992 [INFO] IPUIPlugin:80 - create IPUIPlugin
2024-10-08 11:43:39,993 [INFO] IPUIPlugin:80 - create IPUIPlugin
2024-10-08 11:43:39,993 [INFO] IPUIPlugin:80 - create IPUIPlugin
2024-10-08 11:43:40,250 [INFO] CADModel:165 - CPN selected for project levelSTM32F103C8T6
2024-10-08 11:43:40,250 [INFO] CADModel:114 - Register for checkConnection events
2024-10-08 11:43:40,299 [INFO] OpenFileManager:343 - Restore cursor
2024-10-08 11:43:44,400 [INFO] UtilMem:75 - End SaveConfig() Used Memory: 706510864 Bytes (1073741824)
2024-10-08 11:43:44,498 [INFO] UtilMem:75 - End SaveConfig() Used Memory: 720671696 Bytes (1073741824)
2024-10-08 11:43:45,524 [INFO] BlockDiagram:2759 - set Specific Code input for plugin: NVIC
2024-10-08 11:43:45,524 [INFO] BlockDiagram:2759 - set Specific Code input for plugin: RCC
2024-10-08 11:43:45,526 [INFO] CodeGenerator:807 - code generatio: config db path: C:\ST\STM32CubeIDE_1.14.1\STM32CubeIDE\plugins\com.st.stm32cube.common.mx_6.10.0.202311202037\\db\
2024-10-08 11:43:46,035 [INFO] CodeEngine:255 - oldGeneratedFile, C:\Users\tkach\Embedded-C\My_workspace\target\UART1\MXTmpFiles\license.tmp_save
2024-10-08 11:43:46,521 [INFO] CodeEngine:279 - Generated code: C:\Users\tkach\Embedded-C\My_workspace\target\UART1\MXTmpFiles\license.tmp
2024-10-08 11:43:46,566 [INFO] CodeEngine:255 - oldGeneratedFile, C:\Users\tkach\Embedded-C\My_workspace\target\UART1\Core\Src\stm32f1xx_it.c_save
2024-10-08 11:43:46,781 [INFO] CodeEngine:279 - Generated code: C:\Users\tkach\Embedded-C\My_workspace\target\UART1\Core\Src\stm32f1xx_it.c
2024-10-08 11:43:46,799 [INFO] CodeEngine:255 - oldGeneratedFile, C:\Users\tkach\Embedded-C\My_workspace\target\UART1\Core\Inc\stm32f1xx_it.h_save
2024-10-08 11:43:46,966 [INFO] CodeEngine:279 - Generated code: C:\Users\tkach\Embedded-C\My_workspace\target\UART1\Core\Inc\stm32f1xx_it.h
2024-10-08 11:43:47,166 [INFO] CodeEngine:255 - oldGeneratedFile, C:\Users\tkach\Embedded-C\My_workspace\target\UART1\Core\Src\stm32f1xx_hal_msp.c_save
2024-10-08 11:43:47,394 [INFO] CodeEngine:279 - Generated code: C:\Users\tkach\Embedded-C\My_workspace\target\UART1\Core\Src\stm32f1xx_hal_msp.c
2024-10-08 11:43:47,409 [INFO] CodeEngine:255 - oldGeneratedFile, C:\Users\tkach\Embedded-C\My_workspace\target\UART1\MXTmpFiles\system.tmp_save
2024-10-08 11:43:47,527 [INFO] CodeEngine:279 - Generated code: C:\Users\tkach\Embedded-C\My_workspace\target\UART1\MXTmpFiles\system.tmp
2024-10-08 11:43:47,556 [INFO] CodeEngine:311 - oldGeneratedFile, C:\Users\tkach\Embedded-C\My_workspace\target\UART1\Core\Inc\stm32f1xx_hal_conf.h_save
2024-10-08 11:43:47,744 [INFO] CodeEngine:335 - Generated code: C:\Users\tkach\Embedded-C\My_workspace\target\UART1\Core\Inc\stm32f1xx_hal_conf.h
2024-10-08 11:43:47,831 [INFO] CodeEngine:255 - oldGeneratedFile, C:\Users\tkach\Embedded-C\My_workspace\target\UART1\Core\Inc\main.h_save
2024-10-08 11:43:48,007 [INFO] CodeEngine:279 - Generated code: C:\Users\tkach\Embedded-C\My_workspace\target\UART1\Core\Inc\main.h
2024-10-08 11:43:48,038 [INFO] CodeEngine:255 - oldGeneratedFile, C:\Users\tkach\Embedded-C\My_workspace\target\UART1\Core\Src\main.c_save
2024-10-08 11:43:48,294 [INFO] CodeEngine:279 - Generated code: C:\Users\tkach\Embedded-C\My_workspace\target\UART1\Core\Src\main.c
2024-10-08 11:43:49,477 [INFO] ProjectBuilder:3076 - Time for Copy HAL[1] : 229mS.
2024-10-08 11:43:49,488 [INFO] ProjectBuilder:4485 - Project Generator version: 4.2.0-B44
2024-10-08 11:43:50,019 [INFO] ConfigFileManager:1495 - The Die is : DIE410
2024-10-08 11:43:50,052 [INFO] ApiDbMcu:508 - Load IP Config File for FATFS
2024-10-08 11:43:50,074 [INFO] ApiDbMcu:508 - Load IP Config File for FREERTOS
2024-10-08 11:43:50,098 [INFO] ApiDbMcu:508 - Load IP Config File for USB_DEVICE
2024-10-08 11:43:52,300 [INFO] LogOutputStream:77 - [STDOUT_REDIRECT] 
2024-10-08 11:43:57,301 [INFO] ProjectBuilder:4747 - Time for Generating toolchain IDE Files: 7812mS.
2024-10-08 11:43:57,303 [INFO] ProjectBuilder:2947 - Time for Copy CMSIS : 2mS.
2024-10-08 11:43:57,306 [INFO] ProjectBuilder:2947 - Time for Copy CMSIS : 0mS.
2024-10-08 11:43:58,557 [INFO] McuFinderGlobals:76 - Set McuFinderConnectedMode to true
2024-10-08 11:43:58,564 [INFO] ApiDb:448 - Save user favorites file C:\Users\tkach/.stm32cubeide/favorites.mcus.txt: 0 item(s)
2024-10-08 11:43:58,564 [INFO] ApiDb:452 - User favorites MCUs=[]
2024-10-08 11:45:00,496 [INFO] NvicIntPanel:101 - NVIC parent = com.st.microxplorer.plugins.ip.nvic.MultiNvicIntPanel[,0,0,0x0,invalid,layout=javax.swing.BoxLayout,alignmentX=0.0,alignmentY=0.0,border=,flags=9,maximumSize=,minimumSize=,preferredSize=]
2024-10-08 11:48:23,622 [INFO] UtilMem:75 - End SaveConfig() Used Memory: 837794648 Bytes (1073741824)
2024-10-08 11:48:24,942 [INFO] UtilMem:75 - End SaveConfig() Used Memory: 877118296 Bytes (1073741824)
2024-10-08 11:48:25,357 [INFO] BlockDiagram:2759 - set Specific Code input for plugin: NVIC
2024-10-08 11:48:25,357 [INFO] BlockDiagram:2759 - set Specific Code input for plugin: USART
2024-10-08 11:48:25,357 [INFO] BlockDiagram:2759 - set Specific Code input for plugin: SYS
2024-10-08 11:48:25,357 [INFO] BlockDiagram:2759 - set Specific Code input for plugin: GPIO
2024-10-08 11:48:25,357 [INFO] BlockDiagram:2759 - set Specific Code input for plugin: RCC
2024-10-08 11:48:25,359 [INFO] CodeGenerator:807 - code generatio: config db path: C:\ST\STM32CubeIDE_1.14.1\STM32CubeIDE\plugins\com.st.stm32cube.common.mx_6.10.0.202311202037\\db\
2024-10-08 11:48:25,672 [INFO] CodeEngine:255 - oldGeneratedFile, C:\Users\tkach\Embedded-C\My_workspace\target\UART1\MXTmpFiles\license.tmp_save
2024-10-08 11:48:25,980 [INFO] CodeEngine:279 - Generated code: C:\Users\tkach\Embedded-C\My_workspace\target\UART1\MXTmpFiles\license.tmp
2024-10-08 11:48:26,134 [INFO] CodeEngine:255 - oldGeneratedFile, C:\Users\tkach\Embedded-C\My_workspace\target\UART1\MXTmpFiles\gpio.tmp_save
2024-10-08 11:48:26,388 [INFO] CodeEngine:279 - Generated code: C:\Users\tkach\Embedded-C\My_workspace\target\UART1\MXTmpFiles\gpio.tmp
2024-10-08 11:48:26,547 [INFO] CodeEngine:255 - oldGeneratedFile, C:\Users\tkach\Embedded-C\My_workspace\target\UART1\Core\Src\stm32f1xx_it.c_save
2024-10-08 11:48:26,935 [INFO] CodeEngine:279 - Generated code: C:\Users\tkach\Embedded-C\My_workspace\target\UART1\Core\Src\stm32f1xx_it.c
2024-10-08 11:48:26,944 [INFO] CodeEngine:255 - oldGeneratedFile, C:\Users\tkach\Embedded-C\My_workspace\target\UART1\Core\Inc\stm32f1xx_it.h_save
2024-10-08 11:48:27,049 [INFO] CodeEngine:279 - Generated code: C:\Users\tkach\Embedded-C\My_workspace\target\UART1\Core\Inc\stm32f1xx_it.h
2024-10-08 11:48:27,086 [INFO] CodeEngine:255 - oldGeneratedFile, C:\Users\tkach\Embedded-C\My_workspace\target\UART1\Core\Src\stm32f1xx_hal_msp.c_save
2024-10-08 11:48:27,289 [INFO] CodeEngine:279 - Generated code: C:\Users\tkach\Embedded-C\My_workspace\target\UART1\Core\Src\stm32f1xx_hal_msp.c
2024-10-08 11:48:27,296 [INFO] CodeEngine:255 - oldGeneratedFile, C:\Users\tkach\Embedded-C\My_workspace\target\UART1\MXTmpFiles\system.tmp_save
2024-10-08 11:48:27,392 [INFO] CodeEngine:279 - Generated code: C:\Users\tkach\Embedded-C\My_workspace\target\UART1\MXTmpFiles\system.tmp
2024-10-08 11:48:27,420 [INFO] CodeEngine:311 - oldGeneratedFile, C:\Users\tkach\Embedded-C\My_workspace\target\UART1\Core\Inc\stm32f1xx_hal_conf.h_save
2024-10-08 11:48:27,547 [INFO] CodeEngine:335 - Generated code: C:\Users\tkach\Embedded-C\My_workspace\target\UART1\Core\Inc\stm32f1xx_hal_conf.h
2024-10-08 11:48:27,610 [INFO] CodeEngine:255 - oldGeneratedFile, C:\Users\tkach\Embedded-C\My_workspace\target\UART1\Core\Inc\main.h_save
2024-10-08 11:48:27,772 [INFO] CodeEngine:279 - Generated code: C:\Users\tkach\Embedded-C\My_workspace\target\UART1\Core\Inc\main.h
2024-10-08 11:48:27,790 [INFO] CodeEngine:255 - oldGeneratedFile, C:\Users\tkach\Embedded-C\My_workspace\target\UART1\Core\Src\main.c_save
2024-10-08 11:48:27,974 [INFO] CodeEngine:279 - Generated code: C:\Users\tkach\Embedded-C\My_workspace\target\UART1\Core\Src\main.c
2024-10-08 11:48:28,755 [INFO] ProjectBuilder:3076 - Time for Copy HAL[1] : 194mS.
2024-10-08 11:48:28,759 [INFO] ProjectBuilder:4485 - Project Generator version: 4.2.0-B44
2024-10-08 11:48:29,161 [INFO] ConfigFileManager:1495 - The Die is : DIE410
2024-10-08 11:48:31,906 [INFO] ProjectBuilder:4747 - Time for Generating toolchain IDE Files: 3147mS.
2024-10-08 11:48:31,907 [INFO] ProjectBuilder:2947 - Time for Copy CMSIS : 1mS.
2024-10-08 11:48:31,909 [INFO] ProjectBuilder:2947 - Time for Copy CMSIS : 0mS.
