2024-09-24 12:01:01,217 [INFO] Activator:176 - 


2024-09-24 12:01:01,225 [INFO] Activator:177 - !SESSION log4j initialized
2024-09-24 12:01:08,978 [INFO] LogOutputStream:77 - [STDOUT_REDIRECT] 
2024-09-24 12:01:12,614 [INFO] ApplicationProperties:184 - Using Application install path: C:\ST\STM32CubeIDE_1.14.1\STM32CubeIDE\plugins\com.st.stm32cube.common.mx_6.10.0.202311202037
2024-09-24 12:01:12,636 [INFO] DbMcusXml:78 - Set database path to: C:\ST\STM32CubeIDE_1.14.1\STM32CubeIDE\plugins\com.st.stm32cube.common.mx_6.10.0.202311202037\\db\/mcu/
2024-09-24 12:01:12,636 [INFO] ApiDb:274 - Set plugin database path to: C:\ST\STM32CubeIDE_1.14.1\STM32CubeIDE\plugins\com.st.stm32cube.common.mx_6.10.0.202311202037\\db\/plugins/boardmanager/
2024-09-24 12:01:12,636 [WARN] ApiDb:259 - Overriding images path with different value:  => C:\ST\STM32CubeIDE_1.14.1\STM32CubeIDE\plugins\com.st.stm32cube.common.mx_6.10.0.202311202037\\db\/plugins/mcufinder/images/
2024-09-24 12:01:12,646 [INFO] ApiDb:250 - Set database path to: C:\Users\tkach\.stmcufinder\plugins\mcufinder//mcu/
2024-09-24 12:01:12,648 [INFO] DbMcusAds:125 - Set database path to: C:\Users\tkach\.stmcufinder\plugins\mcufinder//mcu/
2024-09-24 12:01:12,650 [INFO] CrossReferenceDbSqlite:203 - Set database path to: C:\Users\tkach\.stmcufinder\plugins\mcufinder//mcu/cs/
2024-09-24 12:01:12,772 [INFO] RulesReader:64 - Compatibility file has been processed (297 Rules)
2024-09-24 12:01:12,859 [INFO] DbMcusXml:78 - Set database path to: C:\ST\STM32CubeIDE_1.14.1\STM32CubeIDE\plugins\com.st.stm32cube.common.mx_6.10.0.202311202037\\db\/mcu/
2024-09-24 12:01:12,859 [INFO] ApiDb:274 - Set plugin database path to: C:\ST\STM32CubeIDE_1.14.1\STM32CubeIDE\plugins\com.st.stm32cube.common.mx_6.10.0.202311202037\\db\/plugins/boardmanager/
2024-09-24 12:01:12,859 [INFO] ApiDb:261 - Set plugin images path to: C:\ST\STM32CubeIDE_1.14.1\STM32CubeIDE\plugins\com.st.stm32cube.common.mx_6.10.0.202311202037\\db\/plugins/mcufinder/images/
2024-09-24 12:01:12,859 [WARN] DbFile:41 - Overriding database path with different value: C:\Users\tkach\.stmcufinder\plugins\mcufinder/ => C:\Users\tkach\.stmcufinder\plugins\mcufinder
2024-09-24 12:01:12,859 [INFO] ApiDb:250 - Set database path to: C:\Users\tkach\.stmcufinder\plugins\mcufinder//mcu/
2024-09-24 12:01:12,859 [WARN] DbFile:41 - Overriding database path with different value: C:\Users\tkach\.stmcufinder\plugins\mcufinder/ => C:\Users\tkach\.stmcufinder\plugins\mcufinder
2024-09-24 12:01:12,859 [INFO] DbMcusAds:125 - Set database path to: C:\Users\tkach\.stmcufinder\plugins\mcufinder//mcu/
2024-09-24 12:01:12,859 [WARN] DbFile:41 - Overriding database path with different value: C:\Users\tkach\.stmcufinder\plugins\mcufinder/ => C:\Users\tkach\.stmcufinder\plugins\mcufinder
2024-09-24 12:01:12,859 [WARN] DbFile:41 - Overriding database path with different value: C:\Users\tkach\.stmcufinder\plugins\mcufinder/ => C:\Users\tkach\.stmcufinder\plugins\mcufinder
2024-09-24 12:01:12,859 [INFO] CrossReferenceDbSqlite:203 - Set database path to: C:\Users\tkach\.stmcufinder\plugins\mcufinder//mcu/cs/
2024-09-24 12:01:12,939 [INFO] MainPanel:264 - HeapMemory: 268435456
2024-09-24 12:01:13,042 [INFO] DbMcusXml:78 - Set database path to: C:\ST\STM32CubeIDE_1.14.1\STM32CubeIDE\plugins\com.st.stm32cube.common.mx_6.10.0.202311202037\\db\/mcu/
2024-09-24 12:01:13,042 [INFO] ApiDb:274 - Set plugin database path to: C:\ST\STM32CubeIDE_1.14.1\STM32CubeIDE\plugins\com.st.stm32cube.common.mx_6.10.0.202311202037\\db\/plugins/boardmanager/
2024-09-24 12:01:13,042 [INFO] ApiDb:261 - Set plugin images path to: C:\ST\STM32CubeIDE_1.14.1\STM32CubeIDE\plugins\com.st.stm32cube.common.mx_6.10.0.202311202037\\db\/plugins/mcufinder/images/
2024-09-24 12:01:13,043 [WARN] DbFile:41 - Overriding database path with different value: C:\Users\tkach\.stmcufinder\plugins\mcufinder/ => C:\Users\tkach\.stmcufinder\plugins\mcufinder
2024-09-24 12:01:13,043 [INFO] ApiDb:250 - Set database path to: C:\Users\tkach\.stmcufinder\plugins\mcufinder//mcu/
2024-09-24 12:01:13,043 [WARN] DbFile:41 - Overriding database path with different value: C:\Users\tkach\.stmcufinder\plugins\mcufinder/ => C:\Users\tkach\.stmcufinder\plugins\mcufinder
2024-09-24 12:01:13,043 [INFO] DbMcusAds:125 - Set database path to: C:\Users\tkach\.stmcufinder\plugins\mcufinder//mcu/
2024-09-24 12:01:13,043 [WARN] DbFile:41 - Overriding database path with different value: C:\Users\tkach\.stmcufinder\plugins\mcufinder/ => C:\Users\tkach\.stmcufinder\plugins\mcufinder
2024-09-24 12:01:13,043 [WARN] DbFile:41 - Overriding database path with different value: C:\Users\tkach\.stmcufinder\plugins\mcufinder/ => C:\Users\tkach\.stmcufinder\plugins\mcufinder
2024-09-24 12:01:13,043 [INFO] CrossReferenceDbSqlite:203 - Set database path to: C:\Users\tkach\.stmcufinder\plugins\mcufinder//mcu/cs/
2024-09-24 12:01:13,061 [INFO] ApplicationProperties:184 - Using Application install path: C:\ST\STM32CubeIDE_1.14.1\STM32CubeIDE\plugins\com.st.stm32cube.common.mx_6.10.0.202311202037
2024-09-24 12:01:13,063 [INFO] PluginManage:196 - Search for loadable plugins [exclusion list=, ]
2024-09-24 12:01:13,065 [INFO] PluginManage:310 - Check plugin analytics
2024-09-24 12:01:13,248 [INFO] AnalyticsPlugin:253 - Accepted Software Licenses: 
2024-09-24 12:01:13,249 [INFO] AnalyticsPlugin:255 - Accepted CMSIS Pack Licenses: 
2024-09-24 12:01:13,249 [INFO] AnalyticsPlugin:257 - Accepted Firmware Licenses: 
2024-09-24 12:01:13,252 [INFO] PluginManage:359 - Loaded plugin analytics (category:tool,tabindex:-1)
2024-09-24 12:01:13,252 [INFO] PluginManage:310 - Check plugin cadmodel
2024-09-24 12:01:13,269 [INFO] CADModel:105 - Init CAD model plugin
2024-09-24 12:01:13,269 [INFO] PluginManage:359 - Loaded plugin cadmodel (category:power,tabindex:5)
2024-09-24 12:01:13,269 [INFO] PluginManage:310 - Check plugin clock
2024-09-24 12:01:13,294 [INFO] PluginManage:359 - Loaded plugin clock (category:base,tabindex:2)
2024-09-24 12:01:13,294 [INFO] PluginManage:310 - Check plugin ddr
2024-09-24 12:01:13,297 [INFO] PluginManage:359 - Loaded plugin ddr (category:tool,tabindex:6)
2024-09-24 12:01:13,298 [INFO] PluginManage:310 - Check plugin filemanager
2024-09-24 12:01:13,471 [INFO] PluginManage:359 - Loaded plugin filemanager (category:base,tabindex:10)
2024-09-24 12:01:13,471 [INFO] PluginManage:310 - Check plugin ipmanager
2024-09-24 12:01:13,478 [INFO] PluginManage:359 - Loaded plugin ipmanager (category:base,tabindex:5)
2024-09-24 12:01:13,479 [INFO] PluginManage:310 - Check plugin lpbam
2024-09-24 12:01:13,502 [INFO] PluginManage:359 - Loaded plugin lpbam (category:base,tabindex:0)
2024-09-24 12:01:13,502 [INFO] PluginManage:310 - Check plugin memorymap
2024-09-24 12:01:13,529 [INFO] PluginManage:359 - Loaded plugin memorymap (category:base,tabindex:4)
2024-09-24 12:01:13,529 [INFO] PluginManage:310 - Check plugin pinoutandconfiguration
2024-09-24 12:01:13,546 [INFO] PluginManage:359 - Loaded plugin pinoutandconfiguration (category:base,tabindex:1)
2024-09-24 12:01:13,546 [INFO] PluginManage:310 - Check plugin pinoutconfig
2024-09-24 12:01:13,649 [WARN] SupportedApi:132 - Cannot load RTOS API schema: s4s-elt-must-match.1: The content of 'definitions' must match (annotation?, (simpleType | complexType)?, (unique | key | keyref)*)). A problem was found starting at: attribute.
2024-09-24 12:01:13,783 [INFO] PluginManage:359 - Loaded plugin pinoutconfig (category:base,tabindex:0)
2024-09-24 12:01:13,783 [INFO] PluginManage:310 - Check plugin power
2024-09-24 12:01:13,805 [INFO] PluginManage:359 - Loaded plugin power (category:power,tabindex:4)
2024-09-24 12:01:13,805 [INFO] PluginManage:310 - Check plugin projectmanager
2024-09-24 12:01:13,823 [INFO] PluginManage:359 - Loaded plugin projectmanager (category:projectmanager,tabindex:3)
2024-09-24 12:01:13,823 [INFO] PluginManage:310 - Check plugin thirdparty
2024-09-24 12:01:14,252 [INFO] PluginManage:359 - Loaded plugin thirdparty (category:base,tabindex:-1)
2024-09-24 12:01:14,253 [INFO] PluginManage:310 - Check plugin tools
2024-09-24 12:01:14,253 [WARN] IntegrityCheckThread:84 - waiting for thirdparty lock release [integrity check]
2024-09-24 12:01:14,253 [INFO] IntegrityCheckThread:86 - entering critical section [integrity check]
2024-09-24 12:01:14,253 [INFO] ThirdPartyUpdaterWithRetryManager:70 - Updater plugin not ready yet. [1/15]
2024-09-24 12:01:14,302 [INFO] PluginManage:359 - Loaded plugin tools (category:base,tabindex:7)
2024-09-24 12:01:14,302 [INFO] PluginManage:310 - Check plugin tutovideos
2024-09-24 12:01:14,505 [INFO] PluginManage:359 - Loaded plugin tutovideos (category:base,tabindex:-1)
2024-09-24 12:01:14,505 [INFO] PluginManage:310 - Check plugin updater
2024-09-24 12:01:14,517 [INFO] PluginManage:359 - Loaded plugin updater (category:base,tabindex:12)
2024-09-24 12:01:14,518 [INFO] PluginManage:310 - Check plugin userauth
2024-09-24 12:01:14,523 [INFO] UserAuth:114 - Init User Auth plugin
2024-09-24 12:01:14,523 [INFO] PluginManage:359 - Loaded plugin userauth (category:base,tabindex:14)
2024-09-24 12:01:14,523 [INFO] PluginManage:283 - PluginManage : Loaded plugins [17]
2024-09-24 12:01:14,744 [INFO] PinOutPanel:1499 - setPackage(No Configuration,No Configuration)
2024-09-24 12:01:14,817 [INFO] CADModel:165 - CPN selected for project level
2024-09-24 12:01:14,818 [INFO] CADModel:114 - Register for checkConnection events
2024-09-24 12:01:14,842 [INFO] IPUIPlugin:80 - create IPUIPlugin
2024-09-24 12:01:14,842 [INFO] PluginManager:220 - loadIPPluginJar : add adc
2024-09-24 12:01:14,878 [INFO] IPUIPlugin:80 - create IPUIPlugin
2024-09-24 12:01:14,878 [INFO] PluginManager:220 - loadIPPluginJar : add aes
2024-09-24 12:01:14,925 [INFO] IPUIPlugin:80 - create IPUIPlugin
2024-09-24 12:01:14,925 [INFO] PluginManager:220 - loadIPPluginJar : add can
2024-09-24 12:01:14,950 [INFO] IPUIPlugin:80 - create IPUIPlugin
2024-09-24 12:01:14,950 [INFO] PluginManager:220 - loadIPPluginJar : add comp
2024-09-24 12:01:14,984 [INFO] IPUIPlugin:80 - create IPUIPlugin
2024-09-24 12:01:14,984 [INFO] PluginManager:220 - loadIPPluginJar : add cryp
2024-09-24 12:01:15,012 [INFO] IPUIPlugin:80 - create IPUIPlugin
2024-09-24 12:01:15,013 [INFO] PluginManager:220 - loadIPPluginJar : add dfsdm
2024-09-24 12:01:15,025 [INFO] IPUIPlugin:80 - create IPUIPlugin
2024-09-24 12:01:15,026 [INFO] PluginManager:220 - loadIPPluginJar : add dma
2024-09-24 12:01:15,069 [INFO] IPUIPlugin:80 - create IPUIPlugin
2024-09-24 12:01:15,069 [INFO] PluginManager:220 - loadIPPluginJar : add dma3
2024-09-24 12:01:15,088 [INFO] IPUIPlugin:80 - create IPUIPlugin
2024-09-24 12:01:15,088 [INFO] PluginManager:220 - loadIPPluginJar : add fatfs
2024-09-24 12:01:15,136 [INFO] IPUIPlugin:80 - create IPUIPlugin
2024-09-24 12:01:15,136 [INFO] PluginManager:220 - loadIPPluginJar : add fmc
2024-09-24 12:01:15,152 [INFO] IPUIPlugin:80 - create IPUIPlugin
2024-09-24 12:01:15,152 [INFO] PluginManager:220 - loadIPPluginJar : add freertos
2024-09-24 12:01:15,173 [INFO] IPUIPlugin:80 - create IPUIPlugin
2024-09-24 12:01:15,173 [INFO] PluginManager:220 - loadIPPluginJar : add genericplugin
2024-09-24 12:01:15,267 [INFO] IPUIPlugin:80 - create IPUIPlugin
2024-09-24 12:01:15,267 [INFO] PluginManager:220 - loadIPPluginJar : add gfxmmu
2024-09-24 12:01:15,423 [INFO] IPUIPlugin:80 - create IPUIPlugin
2024-09-24 12:01:15,423 [INFO] PluginManager:220 - loadIPPluginJar : add gic
2024-09-24 12:01:15,437 [INFO] IPUIPlugin:80 - create IPUIPlugin
2024-09-24 12:01:15,437 [INFO] PluginManager:220 - loadIPPluginJar : add gpio
2024-09-24 12:01:15,537 [INFO] IPUIPlugin:80 - create IPUIPlugin
2024-09-24 12:01:15,537 [INFO] PluginManager:220 - loadIPPluginJar : add gtzc
2024-09-24 12:01:15,579 [INFO] IPUIPlugin:80 - create IPUIPlugin
2024-09-24 12:01:15,579 [INFO] PluginManager:220 - loadIPPluginJar : add hash
2024-09-24 12:01:15,631 [INFO] IPUIPlugin:80 - create IPUIPlugin
2024-09-24 12:01:15,631 [INFO] PluginManager:220 - loadIPPluginJar : add i2c
2024-09-24 12:01:15,669 [INFO] IPUIPlugin:80 - create IPUIPlugin
2024-09-24 12:01:15,669 [INFO] PluginManager:220 - loadIPPluginJar : add i2s
2024-09-24 12:01:15,708 [INFO] IPUIPlugin:80 - create IPUIPlugin
2024-09-24 12:01:15,709 [INFO] PluginManager:220 - loadIPPluginJar : add i3c
2024-09-24 12:01:15,816 [INFO] IPUIPlugin:80 - create IPUIPlugin
2024-09-24 12:01:15,817 [INFO] PluginManager:220 - loadIPPluginJar : add ipddr
2024-09-24 12:01:15,908 [INFO] IPUIPlugin:80 - create IPUIPlugin
2024-09-24 12:01:15,908 [INFO] PluginManager:220 - loadIPPluginJar : add linkedlist
2024-09-24 12:01:15,941 [INFO] IPUIPlugin:80 - create IPUIPlugin
2024-09-24 12:01:15,942 [INFO] PluginManager:220 - loadIPPluginJar : add lorawan
2024-09-24 12:01:15,974 [INFO] IPUIPlugin:80 - create IPUIPlugin
2024-09-24 12:01:15,974 [INFO] PluginManager:220 - loadIPPluginJar : add ltdc
2024-09-24 12:01:15,989 [INFO] IPUIPlugin:80 - create IPUIPlugin
2024-09-24 12:01:15,989 [INFO] PluginManager:220 - loadIPPluginJar : add mdma
2024-09-24 12:01:15,999 [INFO] IPUIPlugin:80 - create IPUIPlugin
2024-09-24 12:01:15,999 [INFO] PluginManager:220 - loadIPPluginJar : add nvic
2024-09-24 12:01:16,032 [INFO] IPUIPlugin:80 - create IPUIPlugin
2024-09-24 12:01:16,032 [INFO] PluginManager:220 - loadIPPluginJar : add opamp
2024-09-24 12:01:16,085 [INFO] IPUIPlugin:80 - create IPUIPlugin
2024-09-24 12:01:16,085 [INFO] PluginManager:220 - loadIPPluginJar : add openamp
2024-09-24 12:01:16,124 [INFO] IPUIPlugin:80 - create IPUIPlugin
2024-09-24 12:01:16,124 [INFO] PluginManager:220 - loadIPPluginJar : add pdm2pcm
2024-09-24 12:01:16,137 [INFO] IPUIPlugin:80 - create IPUIPlugin
2024-09-24 12:01:16,139 [INFO] PluginManager:220 - loadIPPluginJar : add plateformsettings
2024-09-24 12:01:16,159 [INFO] IPUIPlugin:80 - create IPUIPlugin
2024-09-24 12:01:16,159 [INFO] PluginManager:220 - loadIPPluginJar : add quadspi
2024-09-24 12:01:16,170 [INFO] IPUIPlugin:80 - create IPUIPlugin
2024-09-24 12:01:16,170 [INFO] PluginManager:220 - loadIPPluginJar : add resmgrutility
2024-09-24 12:01:16,213 [INFO] IPUIPlugin:80 - create IPUIPlugin
2024-09-24 12:01:16,213 [INFO] PluginManager:220 - loadIPPluginJar : add sai
2024-09-24 12:01:16,245 [INFO] IPUIPlugin:80 - create IPUIPlugin
2024-09-24 12:01:16,245 [INFO] PluginManager:220 - loadIPPluginJar : add spi
2024-09-24 12:01:16,314 [INFO] IPUIPlugin:80 - create IPUIPlugin
2024-09-24 12:01:16,314 [INFO] PluginManager:220 - loadIPPluginJar : add stm32_wpan
2024-09-24 12:01:16,346 [INFO] IPUIPlugin:80 - create IPUIPlugin
2024-09-24 12:01:16,346 [INFO] PluginManager:220 - loadIPPluginJar : add tim
2024-09-24 12:01:16,404 [INFO] IPUIPlugin:80 - create IPUIPlugin
2024-09-24 12:01:16,404 [INFO] PluginManager:220 - loadIPPluginJar : add touchsensing
2024-09-24 12:01:16,426 [INFO] IPUIPlugin:80 - create IPUIPlugin
2024-09-24 12:01:16,426 [INFO] PluginManager:220 - loadIPPluginJar : add tracer_emb
2024-09-24 12:01:16,450 [INFO] IPUIPlugin:80 - create IPUIPlugin
2024-09-24 12:01:16,450 [INFO] PluginManager:220 - loadIPPluginJar : add ts
2024-09-24 12:01:16,470 [INFO] IPUIPlugin:80 - create IPUIPlugin
2024-09-24 12:01:16,470 [INFO] PluginManager:220 - loadIPPluginJar : add tsc
2024-09-24 12:01:16,488 [INFO] IPUIPlugin:80 - create IPUIPlugin
2024-09-24 12:01:16,488 [INFO] PluginManager:220 - loadIPPluginJar : add ucpd
2024-09-24 12:01:16,528 [INFO] IPUIPlugin:80 - create IPUIPlugin
2024-09-24 12:01:16,529 [INFO] PluginManager:220 - loadIPPluginJar : add usart
2024-09-24 12:01:16,569 [INFO] IPUIPlugin:80 - create IPUIPlugin
2024-09-24 12:01:16,569 [INFO] PluginManager:220 - loadIPPluginJar : add usbx
2024-09-24 12:01:16,702 [INFO] CADModel:165 - CPN selected for project level
2024-09-24 12:01:16,703 [INFO] CADModel:114 - Register for checkConnection events
2024-09-24 12:01:16,703 [FATAL] Updater:308 - Updater called before beeing initialized
2024-09-24 12:01:16,704 [ERROR] CADModel:125 - Updater not yet initialized, retry later 
2024-09-24 12:01:16,846 [INFO] CADModel:165 - CPN selected for project level
2024-09-24 12:01:16,846 [INFO] CADModel:114 - Register for checkConnection events
2024-09-24 12:01:16,846 [FATAL] Updater:308 - Updater called before beeing initialized
2024-09-24 12:01:16,846 [ERROR] CADModel:125 - Updater not yet initialized, retry later 
2024-09-24 12:01:16,849 [FATAL] Updater:308 - Updater called before beeing initialized
2024-09-24 12:01:16,943 [FATAL] Updater:308 - Updater called before beeing initialized
2024-09-24 12:01:16,951 [INFO] DbMcusAds:53 - JSON generation date=Mon Sep 16 17:40:22 EEST 2024 (1726497622318)
2024-09-24 12:01:16,951 [FATAL] Updater:308 - Updater called before beeing initialized
2024-09-24 12:01:17,029 [WARN] DetailPanel:346 - Failed to get advertising image, set to default
2024-09-24 12:01:17,106 [FATAL] Updater:308 - Updater called before beeing initialized
2024-09-24 12:01:17,108 [FATAL] Updater:308 - Updater called before beeing initialized
2024-09-24 12:01:17,108 [FATAL] Updater:308 - Updater called before beeing initialized
2024-09-24 12:01:17,108 [WARN] DetailPanel:346 - Failed to get advertising image, set to default
2024-09-24 12:01:17,108 [FATAL] Updater:308 - Updater called before beeing initialized
2024-09-24 12:01:17,164 [ERROR] Updater:1120 - MainUpdater not yet initialized. External WinMGr cannot be set.
2024-09-24 12:01:17,174 [INFO] Updater:1056 - Updater Version found : 6.10.0
2024-09-24 12:01:17,192 [INFO] ApplicationProperties:184 - Using Application install path: C:\ST\STM32CubeIDE_1.14.1\STM32CubeIDE\plugins\com.st.stm32cube.common.mx_6.10.0.202311202037
2024-09-24 12:01:17,254 [INFO] ThirdPartyUpdaterWithRetryManager:70 - Updater plugin not ready yet. [2/15]
2024-09-24 12:01:18,776 [ERROR] LogOutputStream:75 - [STDERR_REDIRECT] Sep 24, 2024 12:01:18 PM java.util.prefs.WindowsPreferences <init>
2024-09-24 12:01:18,778 [ERROR] LogOutputStream:75 - [STDERR_REDIRECT] WARNING: Could not open/create prefs root node Software\JavaSoft\Prefs at root 0xffffffff80000002. Windows RegCreateKeyEx(...) returned error code 5.
2024-09-24 12:01:18,778 [ERROR] LogOutputStream:75 - [STDERR_REDIRECT] 
2024-09-24 12:01:19,144 [INFO] MainUpdater:2873 - connection check result : 10
2024-09-24 12:01:19,144 [INFO] MainUpdater:3567 - Updater definition file requires update
2024-09-24 12:01:19,145 [INFO] MainUpdater:290 - Updater Check For Update Now.
2024-09-24 12:01:19,146 [INFO] MicroXplorer:498 - Change Database Version : DB.6.0.100
2024-09-24 12:01:19,173 [INFO] McuFinderGlobals:63 - Set McuFinder mode to 2 (CubeIDE integrated)
2024-09-24 12:01:19,201 [INFO] ServerAccessManage:473 - Download File updaters.zip
2024-09-24 12:01:19,275 [INFO] FileExtend:240 - Unzip File : updaters.zip
2024-09-24 12:01:19,275 [INFO] FileExtend:255 - Standard Zip Deflate
2024-09-24 12:01:19,659 [INFO] UserAuth:404 - Internet connection configuration mode: 1
2024-09-24 12:01:19,712 [INFO] JxBrowserEngine:152 - Initiate JxBrowser Engine with user profile folder
2024-09-24 12:01:19,841 [INFO] ServerAccessManage:473 - Download File PacksControlFlags.xml
2024-09-24 12:01:19,984 [INFO] ServerAccessManage:473 - Download File cubemx.pidx
2024-09-24 12:01:20,265 [WARN] MainUpdater:1194 - Updater busy. Cannot search thirdparties
2024-09-24 12:01:20,272 [INFO] ThirdPartyUpdaterWithRetryManager:96 - Updater plugin is busy. [1/15]
2024-09-24 12:01:21,680 [INFO] ServerAccessManage:473 - Download File STMicroelectronics.X-CUBE-TOUCHGFX.pdsc
2024-09-24 12:01:23,274 [WARN] MainUpdater:1194 - Updater busy. Cannot search thirdparties
2024-09-24 12:01:23,274 [INFO] ThirdPartyUpdaterWithRetryManager:96 - Updater plugin is busy. [2/15]
2024-09-24 12:01:24,070 [WARN] PackLoader:240 - Cannot read IP mode file for STMicroelectronics.X-CUBE-TOUCHGFX.4.24.1
2024-09-24 12:01:24,074 [INFO] PopulateThirdPartyThread:66 - Ending populate Thread
2024-09-24 12:01:24,076 [INFO] ThirdParty:1030 - CMSIS Pack Vendor :STMicroelectronics X-CUBE-TOUCHGFX 4.24.1
2024-09-24 12:01:24,076 [INFO] LoadServerUpdatesThread:375 - End of LoadServerUpdate Thread
2024-09-24 12:01:24,244 [INFO] CheckServerUpdateThread:120 - End of CheckServer Thread
2024-09-24 12:01:24,304 [INFO] WebApp:161 - Instantiating new browser for Auth
2024-09-24 12:01:25,028 [INFO] WebApp:780 - Register for checkConnection events
2024-09-24 12:01:25,028 [INFO] WebApp:414 - Apply proxy settings
2024-09-24 12:01:25,028 [INFO] WebApp:499 - Chromium requires no authentication
2024-09-24 12:01:25,038 [INFO] WebApp:442 - Direct internet connection detected
2024-09-24 12:01:25,213 [INFO] WebApp:192 - Starting web application
2024-09-24 12:01:25,214 [INFO] WebApp:544 - Web application path used C:\ST\STM32CubeIDE_1.14.1\STM32CubeIDE\plugins\com.st.stm32cube.common.mx_6.10.0.202311202037\db\plugins\mcufinder\reactClient1\index.html
2024-09-24 12:01:26,500 [WARN] PackLoader:240 - Cannot read IP mode file for STMicroelectronics.FP-SNS-MOTENVWB1.1.4.0
2024-09-24 12:01:26,516 [WARN] PackLoader:240 - Cannot read IP mode file for STMicroelectronics.X-CUBE-SMBUS.2.1.0
2024-09-24 12:01:26,531 [WARN] PackLoader:240 - Cannot read IP mode file for STMicroelectronics.X-CUBE-TOUCHGFX.4.23.0
2024-09-24 12:01:26,543 [WARN] PackLoader:240 - Cannot read IP mode file for STMicroelectronics.X-CUBE-TOUCHGFX.4.23.2
2024-09-24 12:01:26,592 [WARN] PackLoader:240 - Cannot read IP mode file for STMicroelectronics.X-CUBE-AZRTOS-F7.1.1.0
2024-09-24 12:01:26,623 [WARN] PackLoader:240 - Cannot read IP mode file for STMicroelectronics.FP-SNS-MOTENV1.4.3.2
2024-09-24 12:01:26,749 [WARN] PackLoader:240 - Cannot read IP mode file for STMicroelectronics.X-CUBE-MEMS1.11.0.0
2024-09-24 12:01:26,970 [WARN] PackLoader:240 - Cannot read IP mode file for STMicroelectronics.FP-SNS-FLIGHT1.5.0.2
2024-09-24 12:01:26,997 [WARN] PackLoader:240 - Cannot read IP mode file for STMicroelectronics.X-CUBE-DISPLAY.3.0.0
2024-09-24 12:01:27,026 [WARN] PackLoader:240 - Cannot read IP mode file for STMicroelectronics.X-CUBE-BLE1.7.0.0
2024-09-24 12:01:27,046 [WARN] PackLoader:240 - Cannot read IP mode file for emotas.I-CUBE-CANOPEN.1.3.0
2024-09-24 12:01:27,076 [WARN] PackLoader:240 - Cannot read IP mode file for STMicroelectronics.X-CUBE-BLEMGR.3.1.0
2024-09-24 12:01:27,100 [WARN] PackLoader:240 - Cannot read IP mode file for STMicroelectronics.FP-SNS-SMARTAG2.1.2.0
2024-09-24 12:01:27,131 [INFO] LogOutputStream:77 - [STDOUT_REDIRECT] 1 : Invalid condition id : UX_CORESTACK_Condition cause : null
2024-09-24 12:01:27,132 [INFO] LogOutputStream:77 - [STDOUT_REDIRECT] 1 : Invalid condition id : UX_CORESTACK_Condition cause : null
2024-09-24 12:01:27,134 [INFO] LogOutputStream:77 - [STDOUT_REDIRECT] 1 : Invalid condition id : UX_CORESTACK_Condition cause : null
2024-09-24 12:01:27,136 [INFO] LogOutputStream:77 - [STDOUT_REDIRECT] 1 : Invalid condition id : UX_CORESTACK_Condition cause : null
2024-09-24 12:01:27,140 [INFO] LogOutputStream:77 - [STDOUT_REDIRECT] 1 : Invalid condition id : UX_CORESTACK_Condition cause : null
2024-09-24 12:01:27,144 [WARN] PackLoader:240 - Cannot read IP mode file for STMicroelectronics.X-CUBE-AZRTOS-WL.2.0.0
2024-09-24 12:01:27,167 [WARN] PackLoader:240 - Cannot read IP mode file for STMicroelectronics.FP-SNS-MOTENV1.5.0.0
2024-09-24 12:01:27,177 [WARN] PackLoader:240 - Cannot read IP mode file for wolfSSL.I-CUBE-wolfMQTT.1.19.0
2024-09-24 12:01:27,198 [WARN] PackLoader:240 - Cannot read IP mode file for WES.I-CUBE-Cesium.1.3.0
2024-09-24 12:01:27,218 [WARN] PackLoader:240 - Cannot read IP mode file for STMicroelectronics.X-CUBE-BLE2.3.3.0
2024-09-24 12:01:27,241 [WARN] PackLoader:240 - Cannot read IP mode file for STMicroelectronics.X-CUBE-TCPP.4.1.0
2024-09-24 12:01:27,260 [WARN] PackLoader:240 - Cannot read IP mode file for STMicroelectronics.X-CUBE-ALGOBUILD.1.3.0
2024-09-24 12:01:27,298 [WARN] PackLoader:240 - Cannot read IP mode file for STMicroelectronics.X-CUBE-AZRTOS-G0.1.1.0
2024-09-24 12:01:27,324 [WARN] PackLoader:240 - Cannot read IP mode file for STMicroelectronics.X-CUBE-SAFEA1.1.2.2
2024-09-24 12:01:27,345 [WARN] PackLoader:240 - Cannot read IP mode file for STMicroelectronics.X-CUBE-NFC4.3.0.0
2024-09-24 12:01:27,370 [WARN] PackLoader:240 - Cannot read IP mode file for EmbeddedOffice.I-CUBE-FS-RTOS.1.0.1
2024-09-24 12:01:27,372 [ERROR] ConditionMgr:805 - Attr not supported : Dmpu
2024-09-24 12:01:27,372 [ERROR] ConditionMgr:805 - Attr not supported : Dmpu
2024-09-24 12:01:27,372 [ERROR] ConditionMgr:805 - Attr not supported : Dmpu
2024-09-24 12:01:27,372 [ERROR] ConditionMgr:805 - Attr not supported : Dmpu
2024-09-24 12:01:27,372 [ERROR] ConditionMgr:805 - Attr not supported : Dmpu
2024-09-24 12:01:27,373 [ERROR] ConditionMgr:805 - Attr not supported : Dmpu
2024-09-24 12:01:27,373 [ERROR] ConditionMgr:805 - Attr not supported : Dmpu
2024-09-24 12:01:27,373 [ERROR] ConditionMgr:805 - Attr not supported : Dmpu
2024-09-24 12:01:27,373 [ERROR] ConditionMgr:805 - Attr not supported : Dmpu
2024-09-24 12:01:27,373 [ERROR] ConditionMgr:805 - Attr not supported : Dmpu
2024-09-24 12:01:27,373 [ERROR] ConditionMgr:805 - Attr not supported : Dmpu
2024-09-24 12:01:27,373 [ERROR] ConditionMgr:805 - Attr not supported : Dmpu
2024-09-24 12:01:27,373 [ERROR] ConditionMgr:805 - Attr not supported : Dmpu
2024-09-24 12:01:27,373 [ERROR] ConditionMgr:805 - Attr not supported : Dmpu
2024-09-24 12:01:27,374 [ERROR] ConditionMgr:805 - Attr not supported : Dmpu
2024-09-24 12:01:27,374 [ERROR] ConditionMgr:805 - Attr not supported : Dmpu
2024-09-24 12:01:27,374 [ERROR] ConditionMgr:805 - Attr not supported : Dmpu
2024-09-24 12:01:27,374 [ERROR] ConditionMgr:805 - Attr not supported : Dmpu
2024-09-24 12:01:27,374 [ERROR] ConditionMgr:805 - Attr not supported : Dmpu
2024-09-24 12:01:27,374 [ERROR] ConditionMgr:805 - Attr not supported : Dmpu
2024-09-24 12:01:27,374 [ERROR] ConditionMgr:805 - Attr not supported : Dmpu
2024-09-24 12:01:27,374 [ERROR] ConditionMgr:805 - Attr not supported : Dmpu
2024-09-24 12:01:27,374 [ERROR] ConditionMgr:805 - Attr not supported : Dmpu
2024-09-24 12:01:27,374 [ERROR] ConditionMgr:805 - Attr not supported : Dmpu
2024-09-24 12:01:27,374 [ERROR] ConditionMgr:805 - Attr not supported : Dmpu
2024-09-24 12:01:27,374 [ERROR] ConditionMgr:805 - Attr not supported : Dmpu
2024-09-24 12:01:27,374 [ERROR] ConditionMgr:805 - Attr not supported : Dmpu
2024-09-24 12:01:27,374 [ERROR] ConditionMgr:805 - Attr not supported : Dmpu
2024-09-24 12:01:27,375 [ERROR] ConditionMgr:805 - Attr not supported : Dmpu
2024-09-24 12:01:27,375 [ERROR] ConditionMgr:805 - Attr not supported : Dmpu
2024-09-24 12:01:27,375 [ERROR] ConditionMgr:805 - Attr not supported : Dmpu
2024-09-24 12:01:27,375 [ERROR] ConditionMgr:805 - Attr not supported : Dmpu
2024-09-24 12:01:27,375 [ERROR] ConditionMgr:805 - Attr not supported : Dmpu
2024-09-24 12:01:27,375 [ERROR] ConditionMgr:805 - Attr not supported : Dmpu
2024-09-24 12:01:27,375 [ERROR] ConditionMgr:805 - Attr not supported : Dmpu
2024-09-24 12:01:27,375 [ERROR] ConditionMgr:805 - Attr not supported : Dmpu
2024-09-24 12:01:27,375 [ERROR] ConditionMgr:805 - Attr not supported : Dmpu
2024-09-24 12:01:27,375 [ERROR] ConditionMgr:805 - Attr not supported : Dmpu
2024-09-24 12:01:27,375 [ERROR] ConditionMgr:805 - Attr not supported : Dmpu
2024-09-24 12:01:27,375 [ERROR] ConditionMgr:805 - Attr not supported : Dmpu
2024-09-24 12:01:27,376 [ERROR] ConditionMgr:805 - Attr not supported : Dmpu
2024-09-24 12:01:27,376 [ERROR] ConditionMgr:805 - Attr not supported : Dmpu
2024-09-24 12:01:27,376 [ERROR] ConditionMgr:805 - Attr not supported : Dmpu
2024-09-24 12:01:27,376 [ERROR] ConditionMgr:805 - Attr not supported : Dmpu
2024-09-24 12:01:27,376 [ERROR] ConditionMgr:805 - Attr not supported : Dmpu
2024-09-24 12:01:27,376 [ERROR] ConditionMgr:805 - Attr not supported : Dmpu
2024-09-24 12:01:27,376 [ERROR] ConditionMgr:805 - Attr not supported : Dmpu
2024-09-24 12:01:27,376 [ERROR] ConditionMgr:805 - Attr not supported : Dmpu
2024-09-24 12:01:27,376 [ERROR] ConditionMgr:805 - Attr not supported : Dmpu
2024-09-24 12:01:27,376 [ERROR] ConditionMgr:805 - Attr not supported : Dmpu
2024-09-24 12:01:27,376 [ERROR] ConditionMgr:805 - Attr not supported : Dmpu
2024-09-24 12:01:27,376 [ERROR] ConditionMgr:805 - Attr not supported : Dmpu
2024-09-24 12:01:27,376 [ERROR] ConditionMgr:805 - Attr not supported : Dmpu
2024-09-24 12:01:27,377 [ERROR] ConditionMgr:805 - Attr not supported : Dmpu
2024-09-24 12:01:27,377 [ERROR] ConditionMgr:805 - Attr not supported : Dmpu
2024-09-24 12:01:27,377 [ERROR] ConditionMgr:805 - Attr not supported : Dmpu
2024-09-24 12:01:27,377 [ERROR] ConditionMgr:805 - Attr not supported : Dmpu
2024-09-24 12:01:27,377 [ERROR] ConditionMgr:805 - Attr not supported : Dmpu
2024-09-24 12:01:27,377 [ERROR] ConditionMgr:805 - Attr not supported : Dmpu
2024-09-24 12:01:27,377 [ERROR] ConditionMgr:805 - Attr not supported : Dmpu
2024-09-24 12:01:27,377 [ERROR] ConditionMgr:805 - Attr not supported : Dmpu
2024-09-24 12:01:27,377 [ERROR] ConditionMgr:805 - Attr not supported : Dmpu
2024-09-24 12:01:27,377 [ERROR] ConditionMgr:805 - Attr not supported : Dmpu
2024-09-24 12:01:27,377 [ERROR] ConditionMgr:805 - Attr not supported : Dmpu
2024-09-24 12:01:27,398 [WARN] PackLoader:240 - Cannot read IP mode file for STMicroelectronics.X-CUBE-BLEMGR.3.0.0
2024-09-24 12:01:27,422 [WARN] PackLoader:240 - Cannot read IP mode file for RealThread.X-CUBE-RT-Thread_Nano.4.1.1
2024-09-24 12:01:27,429 [WARN] PackLoader:240 - Cannot read IP mode file for STMicroelectronics.FP-ATR-SIGFOX1.3.2.0
2024-09-24 12:01:27,450 [WARN] PackLoader:240 - Cannot read IP mode file for STMicroelectronics.X-CUBE-EEPRMA1.5.1.0
2024-09-24 12:01:27,501 [WARN] PackLoader:240 - Cannot read IP mode file for SEGGER.I-CUBE-embOS.1.3.1
2024-09-24 12:01:27,551 [WARN] PackLoader:240 - Cannot read IP mode file for STMicroelectronics.X-CUBE-ALGOBUILD.1.4.0
2024-09-24 12:01:27,571 [WARN] PackLoader:240 - Cannot read IP mode file for STMicroelectronics.X-CUBE-GNSS1.6.0.0
2024-09-24 12:01:27,602 [WARN] PackLoader:240 - Cannot read IP mode file for STMicroelectronics.X-CUBE-AZRTOS-F4.1.1.0
2024-09-24 12:01:27,619 [WARN] PackLoader:240 - Cannot read IP mode file for STMicroelectronics.X-CUBE-ISPU.2.1.0
2024-09-24 12:01:27,634 [WARN] PackLoader:240 - Cannot read IP mode file for STMicroelectronics.X-CUBE-FREERTOS.1.2.0
2024-09-24 12:01:27,650 [WARN] PackLoader:240 - Cannot read IP mode file for wolfSSL.I-CUBE-wolfSSL.5.6.6
2024-09-24 12:01:27,684 [WARN] PackLoader:240 - Cannot read IP mode file for STMicroelectronics.X-CUBE-AZRTOS-L5.2.0.0
2024-09-24 12:01:27,704 [WARN] PackLoader:240 - Cannot read IP mode file for STMicroelectronics.X-CUBE-EEPRMA1.4.2.0
2024-09-24 12:01:27,725 [WARN] PackLoader:240 - Cannot read IP mode file for STMicroelectronics.X-CUBE-NFC6.3.1.0
2024-09-24 12:01:27,749 [WARN] PackLoader:240 - Cannot read IP mode file for ITTIA_DB.I-CUBE-ITTIADB.8.8.0
2024-09-24 12:01:27,768 [WARN] PackLoader:240 - Cannot read IP mode file for STMicroelectronics.X-CUBE-DPower.1.2.0
2024-09-24 12:01:27,783 [WARN] PackLoader:240 - Cannot read IP mode file for STMicroelectronics.X-CUBE-AI.9.0.0
2024-09-24 12:01:27,801 [WARN] PackLoader:240 - Cannot read IP mode file for STMicroelectronics.X-CUBE-NFC7.1.0.1
2024-09-24 12:01:27,822 [WARN] PackLoader:240 - Cannot read IP mode file for STMicroelectronics.X-CUBE-NFC6.3.0.0
2024-09-24 12:01:27,853 [WARN] PackLoader:240 - Cannot read IP mode file for STMicroelectronics.X-CUBE-AI.8.1.0
2024-09-24 12:01:27,897 [WARN] ConditionMgr:438 - getConditionDescription Invalid condition id : LAN8742 Phy interface Condition cause : null
2024-09-24 12:01:27,898 [WARN] PackLoader:240 - Cannot read IP mode file for STMicroelectronics.X-CUBE-AZRTOS-L4.2.0.0
2024-09-24 12:01:27,900 [WARN] ConditionMgr:1039 - genDependencies : Invalid condition id : LAN8742 Phy interface Condition cause : null
2024-09-24 12:01:27,901 [WARN] ConditionMgr:1039 - genDependencies : Invalid condition id : LAN8742 Phy interface Condition cause : null
2024-09-24 12:01:27,902 [WARN] ConditionMgr:1039 - genDependencies : Invalid condition id : LAN8742 Phy interface Condition cause : null
2024-09-24 12:01:27,934 [WARN] PackLoader:240 - Cannot read IP mode file for STMicroelectronics.X-CUBE-SFXS2LP1.4.0.0
2024-09-24 12:01:28,014 [WARN] PackLoader:240 - Cannot read IP mode file for STMicroelectronics.X-CUBE-AZRTOS-H7.3.3.0
2024-09-24 12:01:28,058 [WARN] ConditionMgr:438 - getConditionDescription Invalid condition id : UX DEVICE CLASS RTOS Condition cause : null
2024-09-24 12:01:28,059 [WARN] ConditionMgr:438 - getConditionDescription Invalid condition id : UX DEVICE CLASS RTOS Condition cause : null
2024-09-24 12:01:28,061 [WARN] PackLoader:240 - Cannot read IP mode file for STMicroelectronics.X-CUBE-AZRTOS-WB.2.0.0
2024-09-24 12:01:28,063 [WARN] ConditionMgr:1039 - genDependencies : Invalid condition id : UX DEVICE CLASS RTOS Condition cause : null
2024-09-24 12:01:28,063 [WARN] ConditionMgr:1039 - genDependencies : Invalid condition id : UX DEVICE CLASS RTOS Condition cause : null
2024-09-24 12:01:28,064 [WARN] ConditionMgr:1039 - genDependencies : Invalid condition id : UX DEVICE CLASS RTOS Condition cause : null
2024-09-24 12:01:28,064 [WARN] ConditionMgr:1039 - genDependencies : Invalid condition id : UX DEVICE CLASS RTOS Condition cause : null
2024-09-24 12:01:28,064 [WARN] ConditionMgr:1039 - genDependencies : Invalid condition id : UX DEVICE CLASS RTOS Condition cause : null
2024-09-24 12:01:28,084 [WARN] PackLoader:240 - Cannot read IP mode file for STMicroelectronics.X-CUBE-GNSS1.7.0.0
2024-09-24 12:01:28,109 [WARN] PackLoader:240 - Cannot read IP mode file for STMicroelectronics.FP-SNS-STBOX1.2.0.0
2024-09-24 12:01:28,144 [WARN] PackLoader:240 - Cannot read IP mode file for STMicroelectronics.X-CUBE-SUBG2.5.0.0
2024-09-24 12:01:28,189 [WARN] PackLoader:240 - Cannot read IP mode file for STMicroelectronics.X-CUBE-AZRTOS-G4.2.0.0
2024-09-24 12:01:28,226 [WARN] PackLoader:240 - Cannot read IP mode file for Infineon.AIROC-Wi-Fi-Bluetooth-STM32.1.5.1
2024-09-24 12:01:28,264 [WARN] PackLoader:240 - Cannot read IP mode file for STMicroelectronics.FP-SNS-MOTENVWB1.1.3.1
2024-09-24 12:01:28,296 [WARN] PackLoader:240 - Cannot read IP mode file for STMicroelectronics.X-CUBE-ISPU.2.0.0
2024-09-24 12:01:28,333 [WARN] PackLoader:240 - Cannot read IP mode file for STMicroelectronics.X-CUBE-ALS.1.0.2
2024-09-24 12:01:28,416 [WARN] PackLoader:240 - Cannot read IP mode file for STMicroelectronics.X-CUBE-MEMS1.10.0.0
2024-09-24 12:01:28,614 [WARN] PackLoader:240 - Cannot read IP mode file for STMicroelectronics.X-CUBE-FREERTOS.1.1.0
2024-09-24 12:01:28,697 [WARN] PackLoader:240 - Cannot read IP mode file for STMicroelectronics.X-CUBE-TOUCHGFX.4.24.0
2024-09-24 12:01:28,700 [WARN] PackLoader:240 - Cannot read IP mode file for STMicroelectronics.X-CUBE-TOUCHGFX.4.24.1
2024-09-24 12:01:28,708 [WARN] PackLoader:240 - Cannot read IP mode file for wolfSSL.I-CUBE-wolfTPM.3.4.0
2024-09-24 12:01:28,726 [WARN] PackLoader:240 - Cannot read IP mode file for portGmbH.I-Cube-SoM-uGOAL.1.1.0
2024-09-24 12:01:28,745 [WARN] PackLoader:240 - Cannot read IP mode file for STMicroelectronics.X-CUBE-ALS.1.0.1
2024-09-24 12:01:28,780 [WARN] PackLoader:240 - Cannot read IP mode file for STMicroelectronics.X-CUBE-AZRTOS-H7RS.1.0.0
2024-09-24 12:01:28,789 [WARN] PackLoader:240 - Cannot read IP mode file for STMicroelectronics.FP-ATR-ASTRA1.2.0.0
2024-09-24 12:01:28,811 [WARN] PackLoader:240 - Cannot read IP mode file for STMicroelectronics.X-CUBE-TOF1.3.4.2
2024-09-24 12:01:28,843 [WARN] PackLoader:240 - Cannot read IP mode file for STMicroelectronics.X-CUBE-TOF1.3.4.0
2024-09-24 12:01:28,877 [WARN] PackLoader:240 - Cannot read IP mode file for STMicroelectronics.X-CUBE-TOF1.3.4.1
2024-09-24 12:01:28,918 [WARN] PackLoader:240 - Cannot read IP mode file for STMicroelectronics.X-CUBE-AZRTOS-H7.3.2.0
2024-09-24 12:01:28,927 [WARN] PackLoader:240 - Cannot read IP mode file for wolfSSL.I-CUBE-wolfSSH.1.4.17
2024-09-24 12:01:28,928 [INFO] ThirdParty:978 - Integrity check success = true
2024-09-24 12:01:28,928 [INFO] IntegrityCheckThread:100 - exiting critical section [integrity check]
2024-09-24 12:01:28,928 [INFO] IntegrityCheckThread:103 - End integrity checks thread
2024-09-24 12:01:46,064 [ERROR] LogOutputStream:75 - [STDERR_REDIRECT] SLF4J: Failed to load class "org.slf4j.impl.StaticLoggerBinder".
2024-09-24 12:01:46,065 [ERROR] LogOutputStream:75 - [STDERR_REDIRECT] SLF4J: Defaulting to no-operation (NOP) logger implementation
2024-09-24 12:01:46,066 [ERROR] LogOutputStream:75 - [STDERR_REDIRECT] SLF4J: See http://www.slf4j.org/codes.html#StaticLoggerBinder for further details.
2024-09-24 12:02:22,563 [INFO] McuFinderGlobals:63 - Set McuFinder mode to 2 (CubeIDE integrated)
2024-09-24 12:02:22,587 [INFO] MainUpdater:2873 - connection check result : 10
2024-09-24 12:02:22,594 [INFO] MainUpdater:2873 - connection check result : 10
2024-09-24 12:02:22,745 [INFO] MicroXplorer:468 - Change Database Path : 
2024-09-24 12:02:22,745 [INFO] MicroXplorer:498 - Change Database Version : DB.6.0.100
2024-09-24 12:02:22,749 [WARN] ThirdParty:871 - waiting for thirdparty lock release [close project]
2024-09-24 12:02:22,749 [INFO] ThirdParty:873 - entering critical section [close project]
2024-09-24 12:02:22,749 [INFO] ThirdParty:883 - exiting critical section [close project]
2024-09-24 12:02:22,751 [INFO] PinOutPanel:1499 - setPackage(No Configuration,No Configuration)
2024-09-24 12:02:22,753 [INFO] UtilMem:75 - Begin LoadConfig() Used Memory: 687105448 Bytes (1003487232)
2024-09-24 12:02:22,754 [INFO] MicroXplorer:468 - Change Database Path : 
2024-09-24 12:02:22,754 [INFO] MicroXplorer:498 - Change Database Version : DB.6.0.100
2024-09-24 12:02:22,754 [INFO] OpenFileManager:312 - Change cursor
2024-09-24 12:02:22,781 [INFO] Mcu:2016 - Initializing MCU STM32F103C(8-B)Tx STM32F103C8Tx STM32F103C8T6
2024-09-24 12:02:23,741 [INFO] Context:659 - Trying to add GPIOservice into a context  which must be forbidden
2024-09-24 12:02:24,269 [INFO] RtosManager:555 - Registered RTOS mode: class=CMSIS, group=RTOS, mode=CMSIS_V1, owner=FREERTOS
2024-09-24 12:02:24,270 [INFO] RtosManager:555 - Registered RTOS mode: class=CMSIS, group=RTOS2, mode=CMSIS_V2, owner=FREERTOS
2024-09-24 12:02:24,270 [INFO] RtosManager:555 - Registered RTOS mode: class=RTOS, group=Core, mode=CMSIS_V1, owner=FREERTOS
2024-09-24 12:02:24,271 [INFO] RtosManager:555 - Registered RTOS mode: class=RTOS, group=Core, mode=CMSIS_V2, owner=FREERTOS
2024-09-24 12:02:24,271 [WARN] ModelIntegratedComponent:184 - Missing modes for component STMicroelectronics:FreeRTOS:0.0.1:STMicroelectronics:RTOS:FreeRTOS:Core:::10.2.0:
2024-09-24 12:02:24,290 [WARN] ModelIntegratedComponent:63 - No mode defined for component null
2024-09-24 12:02:24,290 [WARN] ModelIntegratedComponent:63 - No mode defined for component null
2024-09-24 12:02:24,290 [WARN] ModelIntegratedComponent:63 - No mode defined for component null
2024-09-24 12:02:24,290 [WARN] ModelIntegratedComponent:63 - No mode defined for component null
2024-09-24 12:02:24,290 [WARN] ModelIntegratedComponent:63 - No mode defined for component null
2024-09-24 12:02:24,290 [WARN] ModelIntegratedComponent:63 - No mode defined for component null
2024-09-24 12:02:24,291 [WARN] ModelIntegratedComponent:63 - No mode defined for component null
2024-09-24 12:02:24,291 [WARN] ModelIntegratedComponent:63 - No mode defined for component null
2024-09-24 12:02:24,291 [WARN] ModelIntegratedComponent:63 - No mode defined for component null
2024-09-24 12:02:24,291 [WARN] ModelIntegratedComponent:63 - No mode defined for component null
2024-09-24 12:02:24,291 [WARN] ModelIntegratedComponent:63 - No mode defined for component null
2024-09-24 12:02:24,291 [WARN] ModelIntegratedComponent:63 - No mode defined for component null
2024-09-24 12:02:24,292 [WARN] ModelIntegratedComponent:63 - No mode defined for component null
2024-09-24 12:02:24,292 [WARN] ModelIntegratedComponent:63 - No mode defined for component null
2024-09-24 12:02:24,292 [WARN] ModelIntegratedComponent:63 - No mode defined for component null
2024-09-24 12:02:24,292 [WARN] ModelIntegratedComponent:63 - No mode defined for component null
2024-09-24 12:02:24,292 [WARN] ModelIntegratedComponent:63 - No mode defined for component null
2024-09-24 12:02:24,292 [WARN] ModelIntegratedComponent:63 - No mode defined for component null
2024-09-24 12:02:24,292 [WARN] ModelIntegratedComponent:63 - No mode defined for component null
2024-09-24 12:02:24,292 [WARN] ModelIntegratedComponent:63 - No mode defined for component null
2024-09-24 12:02:24,292 [WARN] ModelIntegratedComponent:63 - No mode defined for component null
2024-09-24 12:02:24,292 [WARN] ModelIntegratedComponent:63 - No mode defined for component null
2024-09-24 12:02:24,292 [WARN] ModelIntegratedComponent:63 - No mode defined for component null
2024-09-24 12:02:24,292 [WARN] ModelIntegratedComponent:63 - No mode defined for component null
2024-09-24 12:02:24,293 [WARN] ModelIntegratedComponent:63 - No mode defined for component null
2024-09-24 12:02:24,293 [WARN] ModelIntegratedComponent:63 - No mode defined for component null
2024-09-24 12:02:24,293 [WARN] ModelIntegratedComponent:63 - No mode defined for component null
2024-09-24 12:02:24,293 [WARN] ModelIntegratedComponent:63 - No mode defined for component null
2024-09-24 12:02:24,293 [WARN] ModelIntegratedComponent:63 - No mode defined for component null
2024-09-24 12:02:24,293 [WARN] ModelIntegratedComponent:63 - No mode defined for component null
2024-09-24 12:02:24,293 [WARN] ModelIntegratedComponent:63 - No mode defined for component null
2024-09-24 12:02:24,293 [WARN] ModelIntegratedComponent:63 - No mode defined for component null
2024-09-24 12:02:24,293 [WARN] ModelIntegratedComponent:63 - No mode defined for component null
2024-09-24 12:02:24,447 [INFO] ThirdPartyModel:298 - Start build external matchings
2024-09-24 12:02:25,552 [INFO] ThirdPartyModel:316 - End build external matchings
2024-09-24 12:02:25,577 [INFO] ImportTextPane:194 - (OptionalMessage_ERROR) IP (RCC) : Parameter (ADCFreqValue) has invalid value (32000000)
2024-09-24 12:02:25,577 [INFO] ImportTextPane:194 - (OptionalMessage_ERROR) IP (RCC) : Invalid parameter (FamilyName)
2024-09-24 12:02:25,577 [INFO] ImportTextPane:194 - (OptionalMessage_ERROR) IP (RCC) : Parameter (MCOFreq_Value) has invalid value (64000000)
2024-09-24 12:02:25,578 [INFO] ImportTextPane:194 - (OptionalMessage_ERROR) IP (RCC) : Parameter (USBFreq_Value) has invalid value (64000000)
2024-09-24 12:02:26,042 [INFO] UtilMem:75 - End LoadConfig() Used Memory: 639661768 Bytes (1073741824)
2024-09-24 12:02:26,548 [INFO] ApiDb:581 - Connected to CubeFinder SQLite database (C:\Users\tkach\.stmcufinder\plugins\mcufinder\mcu\cube-finder-db.db)
2024-09-24 12:02:26,643 [INFO] ApiDb:668 - CubeFinder database Data Model version=2.1
2024-09-24 12:02:26,643 [INFO] ApiDb:669 - CubeFinder database Configuration version=3.0.39
2024-09-24 12:02:26,643 [INFO] ApiDb:670 - CubeFinder database generation date=2024-08-06 (1722941618)
2024-09-24 12:02:26,643 [INFO] ApiDb:671 - CubeFinder database FW Pack versions=[FP-ATR-ASTRA1_V2.0.0, FP-SNS-FLIGHT1_V5.0.2, FP-SNS-MOTENV1_V5.0.0, FP-SNS-MOTENVWB1_V1.4.0, FP-SNS-SMARTAG2_V1.2.0, FP-SNS-STBOX1_V2.0.0, STM32Cube_FW_C0_V1.2.0, STM32Cube_FW_F4_V1.28.0, STM32Cube_FW_F7_V1.17.2, STM32Cube_FW_G0_V1.6.2, STM32Cube_FW_G4_V1.6.0, STM32Cube_FW_H5_V1.3.0, STM32Cube_FW_H7RS_V1.1.0, STM32Cube_FW_H7_V1.11.2, STM32Cube_FW_L0_V1.12.2, STM32Cube_FW_L5_V1.5.1, STM32Cube_FW_U0_V1.1.0, STM32Cube_FW_U5_V1.6.0, STM32Cube_FW_WB0_V1.0.0, STM32Cube_FW_WBA_V1.4.1, STM32Cube_FW_WB_V1.20.0, STM32Cube_FW_WL_V1.3.0, X-CUBE-ALGOBUILD_V1.4.0, X-CUBE-ALS_V1.0.2, X-CUBE-AZRTOS-F4_V1.1.0, X-CUBE-AZRTOS-F7_V1.1.0, X-CUBE-AZRTOS-G0_V1.1.0, X-CUBE-AZRTOS-G4_V2.0.0, X-CUBE-AZRTOS-H7RS_V1.0.0, X-CUBE-AZRTOS-H7_V3.2.0, X-CUBE-AZRTOS-L4_V2.0.0, X-CUBE-AZRTOS-L5_V1.1.0, X-CUBE-AZRTOS-WB_V2.0.0, X-CUBE-AZRTOS-WL_V2.0.0, X-CUBE-BLE1_V7.0.0, X-CUBE-BLE2_V3.3.0, X-CUBE-BLEMGR_V3.1.0, X-CUBE-EEPRMA1_V5.1.0, X-CUBE-FREERTOS_V1.2.0, X-CUBE-GNSS1_V6.0.0, X-CUBE-MEMS1_V10.0.0, X-CUBE-NFC4_V3.0.0, X-CUBE-NFC7_V1.0.1, X-CUBE-SFXS2LP1_V4.0.0, X-CUBE-SUBG2_V5.0.0, X-CUBE-TOF1_V3.4.2]
2024-09-24 12:02:29,641 [INFO] ApiDb:240 - Found 371 in-development CPN: [B-G473E-ZEST1S, B-WB1M-WPAN1, B-WL5M-SUBG1, NUCLEO-C031C6, NUCLEO-H503RB, NUCLEO-H563ZI, NUCLEO-U545RE-Q, NUCLEO-U5A5ZJ-Q, NUCLEO-WBA52CG, NUCLEO-WBA55CG, STEVAL-MKBOXPRO, STEVAL-PROTEUS1, STEVAL-STWINBX1, STM320518-EVAL, STM32C0116-DK, STM32C011D6Y3TR, STM32C011D6Y6TR, STM32C011F4P3, STM32C011F4P6, STM32C011F4U3, STM32C011F4U6TR, STM32C011F6P3, STM32C011F6P6, STM32C011F6U3, STM32C011F6U6TR, STM32C011J4M3, STM32C011J4M6, STM32C011J6M3, STM32C011J6M6, STM32C0316-DK, STM32C031C4T3, STM32C031C4T6, STM32C031C4U3, STM32C031C4U6, STM32C031C6T3, STM32C031C6T6, STM32C031C6U3, STM32C031C6U6, STM32C031F4P3, STM32C031F4P6, STM32C031F6P3, STM32C031F6P6, STM32C031G4U3, STM32C031G4U6, STM32C031G6U3, STM32C031G6U6, STM32C031K4T3, STM32C031K4T6, STM32C031K4U3, STM32C031K4U6, STM32C031K6T3, STM32C031K6T6, STM32C031K6U3, STM32C031K6U6, STM32G071K8TXN, STM32G071K8UXN, STM32G081GBU6N, STM32G081KBT6N, STM32G081KBUXN, STM32G0B1CCT6N, STM32G0B1KCT6, STM32G0B1NEY6TR, STM32G0B1RCT6N, STM32G0C1CCT6, STM32G0C1CCT6N, STM32G0C1CCU6N, STM32G0C1CET6N, STM32G0C1CEU6N, STM32G0C1KCT6, STM32G0C1NEY6TR, STM32G0C1RCI6N, STM32G0C1RCT6N, STM32G0C1REI6N, STM32G0C1RET6N, STM32G0C1VCI6, STM32G0C1VEI6, STM32G471CCT6, STM32G471CCU6, STM32G471CET3, STM32G471CET6, STM32G471CEU3, STM32G471CEU6, STM32G471MCT6, STM32G471MET3, STM32G471MET6, STM32G471MEY6TR, STM32G471QCT6, STM32G471QET3, STM32G471RCT6, STM32G471RET3, STM32G471RET6, STM32G471VCH6, STM32G471VCI6, STM32G471VCT6, STM32G471VEH3, STM32G471VEH6, STM32G471VEI3, STM32G471VEI6, STM32G471VET3, STM32G471VET6, STM32G474CCT6, STM32H503CBT6, STM32H503CBU6, STM32H503EBY6TR, STM32H503KBU6, STM32H503RBT6, STM32H562AGI6, STM32H562AII6, STM32H562IGK6, STM32H562IGT6, STM32H562IIK6, STM32H562IIT6, STM32H562RGT6, STM32H562RGV6, STM32H562RIT6, STM32H562RIV6, STM32H562VGT6, STM32H562VIT6, STM32H562ZGT6, STM32H562ZIT6, STM32H563AGI6, STM32H563AII3Q, STM32H563AII6, STM32H563IGK6, STM32H563IGT6, STM32H563IIK3Q, STM32H563IIK6, STM32H563IIT3Q, STM32H563IIT6, STM32H563MIY3QTR, STM32H563RGT6, STM32H563RGV6, STM32H563RIT6, STM32H563RIV6, STM32H563VGT6, STM32H563VIT3Q, STM32H563VIT6, STM32H563ZGT6, STM32H563ZIT3Q, STM32H563ZIT6, STM32H573AII3Q, STM32H573AII6, STM32H573I-DK, STM32H573IIK3Q, STM32H573IIK6, STM32H573IIT3Q, STM32H573IIT6, STM32H573MIY3QTR, STM32H573RIT6, STM32H573RIV6, STM32H573VIT3Q, STM32H573VIT6, STM32H573ZIT3Q, STM32H573ZIT6, STM32L4R5QGI6STR, STM32MP131AAE3, STM32MP131AAF3, STM32MP131AAG3, STM32MP131CAE3, STM32MP131CAF3, STM32MP131CAG3, STM32MP131DAE7, STM32MP131DAF7, STM32MP131DAG7, STM32MP131FAE7, STM32MP131FAF7, STM32MP131FAG7, STM32MP133AAE3, STM32MP133AAF3, STM32MP133AAG3, STM32MP133CAE3, STM32MP133CAF3, STM32MP133CAG3, STM32MP133DAE7, STM32MP133DAF7, STM32MP133DAG7, STM32MP133FAE7, STM32MP133FAF7, STM32MP133FAG7, STM32MP135AAE3, STM32MP135AAF3, STM32MP135AAG3, STM32MP135CAE3, STM32MP135CAF3, STM32MP135CAG3, STM32MP135DAE7, STM32MP135DAF7, STM32MP135DAG7, STM32MP135F-DK, STM32MP135FAE7, STM32MP135FAF7, STM32MP135FAF7T, STM32MP135FAF7U, STM32MP135FAG7, STM32U535CBT6, STM32U535CBT6Q, STM32U535CBU6, STM32U535CBU6Q, STM32U535CCT6, STM32U535CCT6Q, STM32U535CCU6, STM32U535CCU6Q, STM32U535CET6, STM32U535CET6Q, STM32U535CEU6, STM32U535CEU6Q, STM32U535JEY6QTR, STM32U535NCY6QTR, STM32U535NEY6QTR, STM32U535RBI6, STM32U535RBI6Q, STM32U535RBT6, STM32U535RBT6Q, STM32U535RCI6, STM32U535RCI6Q, STM32U535RCT6, STM32U535RCT6Q, STM32U535REI6, STM32U535REI6Q, STM32U535RET6, STM32U535RET6Q, STM32U535VCI6, STM32U535VCI6Q, STM32U535VCT6, STM32U535VCT6Q, STM32U535VEI6, STM32U535VEI6Q, STM32U535VET6, STM32U535VET6Q, STM32U545CET6, STM32U545CET6Q, STM32U545CEU6, STM32U545CEU6Q, STM32U545JEY6QTR, STM32U545NEY6QTR, STM32U545REI6, STM32U545REI6Q, STM32U545RET6, STM32U545RET6Q, STM32U545VEI6, STM32U545VEI6Q, STM32U545VET6, STM32U545VET6Q, STM32U595AIH6, STM32U595AIH6Q, STM32U595AJH6, STM32U595AJH6Q, STM32U595QII6, STM32U595QII6Q, STM32U595QJI6, STM32U595QJI6Q, STM32U595RIT6, STM32U595RIT6Q, STM32U595RJT6, STM32U595RJT6Q, STM32U595VIT6, STM32U595VIT6Q, STM32U595VJT6, STM32U595VJT6Q, STM32U595ZIT6, STM32U595ZIT6Q, STM32U595ZIY6QTR, STM32U595ZJT6, STM32U595ZJT6Q, STM32U595ZJY6QTR, STM32U599BJY6QTR, STM32U599NIH6Q, STM32U599NJH6Q, STM32U599VIT6Q, STM32U599VJT6, STM32U599VJT6Q, STM32U599ZIT6Q, STM32U599ZIY6QTR, STM32U599ZJT6Q, STM32U599ZJY6QTR, STM32U5A5AJH6, STM32U5A5AJH6Q, STM32U5A5QJI6, STM32U5A5QJI6Q, STM32U5A5RJT6, STM32U5A5RJT6Q, STM32U5A5VJT6, STM32U5A5VJT6Q, STM32U5A5ZJT6, STM32U5A5ZJT6Q, STM32U5A5ZJY6QTR, STM32U5A9BJY6QTR, STM32U5A9J-DK, STM32U5A9NJH6Q, STM32U5A9VJT6Q, STM32U5A9ZJT6Q, STM32U5A9ZJY6QTR, STM32U5F7VIT6, STM32U5F7VIT6Q, STM32U5F7VJT6, STM32U5F7VJT6Q, STM32U5F9BJY6QTR, STM32U5F9NJH6Q, STM32U5F9VIT6Q, STM32U5F9VJT6Q, STM32U5F9ZIJ6QTR, STM32U5F9ZIT6Q, STM32U5F9ZJJ6QTR, STM32U5F9ZJT6Q, STM32U5G7VJT6, STM32U5G7VJT6Q, STM32U5G9BJY6QTR, STM32U5G9J-DK1, STM32U5G9J-DK2, STM32U5G9NJH6Q, STM32U5G9VJT6Q, STM32U5G9ZJJ6QTR, STM32U5G9ZJT6Q, STM32WB1MMCH6, STM32WBA50KEU6, STM32WBA50KEU6TR, STM32WBA50KGU6, STM32WBA50KGU6TR, STM32WBA52CEU6, STM32WBA52CEU6TR, STM32WBA52CEU7, STM32WBA52CEU7TR, STM32WBA52CGU6, STM32WBA52CGU6TR, STM32WBA52CGU6U, STM32WBA52CGU7, STM32WBA52CGU7TR, STM32WBA52KEU6, STM32WBA52KEU6TR, STM32WBA52KGU6, STM32WBA52KGU6TR, STM32WBA54CEU6, STM32WBA54CEU6TR, STM32WBA54CEU7, STM32WBA54CEU7TR, STM32WBA54CGU6, STM32WBA54CGU6TR, STM32WBA54CGU7, STM32WBA54CGU7TR, STM32WBA54KEU6, STM32WBA54KEU6TR, STM32WBA54KEU7, STM32WBA54KEU7TR, STM32WBA54KGU6, STM32WBA54KGU6TR, STM32WBA54KGU7, STM32WBA54KGU7TR, STM32WBA55CEU6, STM32WBA55CEU6TR, STM32WBA55CEU7, STM32WBA55CEU7TR, STM32WBA55CGU6, STM32WBA55CGU6TR, STM32WBA55CGU6U, STM32WBA55CGU7, STM32WBA55CGU7TR, STM32WBA55G-DK1, STM32WBA55HEF6, STM32WBA55HEF7, STM32WBA55HGF6, STM32WBA55HGF7, STM32WBA55UEI6, STM32WBA55UEI6TR, STM32WBA55UEI7, STM32WBA55UEI7TR, STM32WBA55UGI6, STM32WBA55UGI6TR, STM32WBA55UGI7, STM32WBA55UGI7TR, STM32WL5MOCH6, STM32WL5MOCH6TR]
2024-09-24 12:02:29,646 [INFO] DbMcus:218 - Found 4203 MCUs, 4203 are supported
2024-09-24 12:02:29,647 [INFO] ApiDb:423 - Load user favorites file C:\Users\tkach/.stm32cubeide/favorites.mcus.txt: 0 item(s)
2024-09-24 12:02:29,647 [INFO] ApiDb:427 - User favorites MCUs=[]
2024-09-24 12:02:29,647 [INFO] DbMcus:224 - Set 0 / 0 favorites MCUs
2024-09-24 12:02:30,159 [INFO] MicroXplorer:468 - Change Database Path : 
2024-09-24 12:02:30,160 [INFO] MicroXplorer:498 - Change Database Version : DB.6.0.100
2024-09-24 12:02:30,161 [WARN] ThirdParty:833 - waiting for thirdparty lock release [change project]
2024-09-24 12:02:30,161 [INFO] ThirdParty:835 - entering critical section [change project]
2024-09-24 12:02:30,161 [INFO] ThirdParty:1030 - CMSIS Pack Vendor :STMicroelectronics USBPD 4.1
2024-09-24 12:02:30,161 [INFO] ThirdParty:1030 - CMSIS Pack Vendor :STMicroelectronics X-CUBE-AZRTOS-H7 3.3.0
2024-09-24 12:02:30,161 [INFO] ThirdParty:1030 - CMSIS Pack Vendor :STMicroelectronics X-CUBE-GNSS1 6.0.0
2024-09-24 12:02:30,161 [INFO] ThirdParty:1030 - CMSIS Pack Vendor :STMicroelectronics USB_HOST 2.0.0
2024-09-24 12:02:30,161 [INFO] ThirdParty:1030 - CMSIS Pack Vendor :STMicroelectronics FP-SNS-MOTENVWB1 1.4.0
2024-09-24 12:02:30,161 [INFO] ThirdParty:1030 - CMSIS Pack Vendor :STMicroelectronics X-CUBE-AZRTOS-F4 1.1.0
2024-09-24 12:02:30,162 [INFO] ThirdParty:1030 - CMSIS Pack Vendor :STMicroelectronics LIBJPEG 8.0.0
2024-09-24 12:02:30,162 [INFO] ThirdParty:1030 - CMSIS Pack Vendor :STMicroelectronics X-CUBE-SMBUS 2.1.0
2024-09-24 12:02:30,162 [INFO] ThirdParty:1030 - CMSIS Pack Vendor :STMicroelectronics USB_DEVICE 3.0.0
2024-09-24 12:02:30,162 [INFO] ThirdParty:1030 - CMSIS Pack Vendor :STMicroelectronics X-CUBE-TCPP 4.1.0
2024-09-24 12:02:30,162 [INFO] ThirdParty:1030 - CMSIS Pack Vendor :STMicroelectronics X-CUBE-ISPU 2.1.0
2024-09-24 12:02:30,162 [INFO] ThirdParty:1030 - CMSIS Pack Vendor :STMicroelectronics X-CUBE-FREERTOS 1.2.0
2024-09-24 12:02:30,162 [INFO] ThirdParty:1030 - CMSIS Pack Vendor :STMicroelectronics X-CUBE-AZRTOS-WB 2.0.0
2024-09-24 12:02:30,162 [INFO] ThirdParty:1030 - CMSIS Pack Vendor :wolfSSL I-CUBE-wolfSSL 5.6.6
2024-09-24 12:02:30,162 [INFO] ThirdParty:1030 - CMSIS Pack Vendor :STMicroelectronics X-CUBE-GNSS1 7.0.0
2024-09-24 12:02:30,162 [INFO] ThirdParty:1030 - CMSIS Pack Vendor :STMicroelectronics X-CUBE-TOUCHGFX 4.23.0
2024-09-24 12:02:30,162 [INFO] ThirdParty:1030 - CMSIS Pack Vendor :STMicroelectronics X-CUBE-TOUCHGFX 4.23.2
2024-09-24 12:02:30,162 [INFO] ThirdParty:1030 - CMSIS Pack Vendor :STMicroelectronics X-CUBE-AZRTOS-F7 1.1.0
2024-09-24 12:02:30,162 [INFO] ThirdParty:1030 - CMSIS Pack Vendor :STMicroelectronics X-CUBE-AZRTOS-L5 2.0.0
2024-09-24 12:02:30,162 [INFO] ThirdParty:1030 - CMSIS Pack Vendor :STMicroelectronics USB_DEVICE 2.0.0
2024-09-24 12:02:30,162 [INFO] ThirdParty:1030 - CMSIS Pack Vendor :STMicroelectronics X-CUBE-EEPRMA1 4.2.0
2024-09-24 12:02:30,162 [INFO] ThirdParty:1030 - CMSIS Pack Vendor :STMicroelectronics X-CUBE-NFC6 3.1.0
2024-09-24 12:02:30,162 [INFO] ThirdParty:1030 - CMSIS Pack Vendor :ITTIA_DB I-CUBE-ITTIADB 8.8.0
2024-09-24 12:02:30,162 [INFO] ThirdParty:1030 - CMSIS Pack Vendor :STMicroelectronics FP-SNS-STBOX1 2.0.0
2024-09-24 12:02:30,163 [INFO] ThirdParty:1030 - CMSIS Pack Vendor :STMicroelectronics FP-SNS-MOTENV1 4.3.2
2024-09-24 12:02:30,163 [INFO] ThirdParty:1030 - CMSIS Pack Vendor :STMicroelectronics X-CUBE-ALGOBUILD 1.3.0
2024-09-24 12:02:30,163 [INFO] ThirdParty:1030 - CMSIS Pack Vendor :STMicroelectronics X-CUBE-MEMS1 11.0.0
2024-09-24 12:02:30,163 [INFO] ThirdParty:1030 - CMSIS Pack Vendor :STMicroelectronics FreeRTOS 0.0.1
2024-09-24 12:02:30,163 [INFO] ThirdParty:1030 - CMSIS Pack Vendor :STMicroelectronics X-CUBE-AZRTOS-G0 1.1.0
2024-09-24 12:02:30,163 [INFO] ThirdParty:1030 - CMSIS Pack Vendor :STMicroelectronics X-CUBE-SAFEA1 1.2.2
2024-09-24 12:02:30,163 [INFO] ThirdParty:1030 - CMSIS Pack Vendor :STMicroelectronics X-CUBE-NFC4 3.0.0
2024-09-24 12:02:30,163 [INFO] ThirdParty:1030 - CMSIS Pack Vendor :STMicroelectronics X-CUBE-DPower 1.2.0
2024-09-24 12:02:30,163 [INFO] ThirdParty:1030 - CMSIS Pack Vendor :STMicroelectronics X-CUBE-SUBG2 5.0.0
2024-09-24 12:02:30,163 [INFO] ThirdParty:1030 - CMSIS Pack Vendor :STMicroelectronics STM32_WPAN 1.0.0
2024-09-24 12:02:30,163 [INFO] ThirdParty:1030 - CMSIS Pack Vendor :EmbeddedOffice I-CUBE-FS-RTOS 1.0.1
2024-09-24 12:02:30,163 [INFO] ThirdParty:1030 - CMSIS Pack Vendor :STMicroelectronics lwIP 2.0.3
2024-09-24 12:02:30,163 [INFO] ThirdParty:1030 - CMSIS Pack Vendor :STMicroelectronics FP-SNS-FLIGHT1 5.0.2
2024-09-24 12:02:30,163 [INFO] ThirdParty:1030 - CMSIS Pack Vendor :STMicroelectronics USB_HOST 1.0.0
2024-09-24 12:02:30,163 [INFO] ThirdParty:1030 - CMSIS Pack Vendor :STMicroelectronics X-CUBE-AI 9.0.0
2024-09-24 12:02:30,163 [INFO] ThirdParty:1030 - CMSIS Pack Vendor :STMicroelectronics X-CUBE-AZRTOS-G4 2.0.0
2024-09-24 12:02:30,163 [INFO] ThirdParty:1030 - CMSIS Pack Vendor :STMicroelectronics PDM2PCM 3.1.0
2024-09-24 12:02:30,163 [INFO] ThirdParty:1030 - CMSIS Pack Vendor :Infineon AIROC-Wi-Fi-Bluetooth-STM32 1.5.1
2024-09-24 12:02:30,163 [INFO] ThirdParty:1030 - CMSIS Pack Vendor :STMicroelectronics X-CUBE-BLEMGR 3.0.0
2024-09-24 12:02:30,163 [INFO] ThirdParty:1030 - CMSIS Pack Vendor :STMicroelectronics PDM2PCM 3.3.0
2024-09-24 12:02:30,163 [INFO] ThirdParty:1030 - CMSIS Pack Vendor :STMicroelectronics X-CUBE-DISPLAY 3.0.0
2024-09-24 12:02:30,163 [INFO] ThirdParty:1030 - CMSIS Pack Vendor :RealThread X-CUBE-RT-Thread_Nano 4.1.1
2024-09-24 12:02:30,163 [INFO] ThirdParty:1030 - CMSIS Pack Vendor :STMicroelectronics FP-SNS-MOTENVWB1 1.3.1
2024-09-24 12:02:30,163 [INFO] ThirdParty:1030 - CMSIS Pack Vendor :STMicroelectronics X-CUBE-BLE1 7.0.0
2024-09-24 12:02:30,163 [INFO] ThirdParty:1030 - CMSIS Pack Vendor :STMicroelectronics FP-ATR-SIGFOX1 3.2.0
2024-09-24 12:02:30,164 [INFO] ThirdParty:1030 - CMSIS Pack Vendor :STMicroelectronics X-CUBE-ISPU 2.0.0
2024-09-24 12:02:30,164 [INFO] ThirdParty:1030 - CMSIS Pack Vendor :STMicroelectronics X-CUBE-EEPRMA1 5.1.0
2024-09-24 12:02:30,164 [INFO] ThirdParty:1030 - CMSIS Pack Vendor :STMicroelectronics HAL Drivers 0.0.0
2024-09-24 12:02:30,164 [INFO] ThirdParty:1030 - CMSIS Pack Vendor :STMicroelectronics MBEDTLS 2.16.2
2024-09-24 12:02:30,164 [INFO] ThirdParty:1030 - CMSIS Pack Vendor :STMicroelectronics X-CUBE-ALS 1.0.2
2024-09-24 12:02:30,164 [INFO] ThirdParty:1030 - CMSIS Pack Vendor :emotas I-CUBE-CANOPEN 1.3.0
2024-09-24 12:02:30,164 [INFO] ThirdParty:1030 - CMSIS Pack Vendor :STMicroelectronics X-CUBE-MEMS1 10.0.0
2024-09-24 12:02:30,164 [INFO] ThirdParty:1030 - CMSIS Pack Vendor :STMicroelectronics X-CUBE-FREERTOS 1.1.0
2024-09-24 12:02:30,164 [INFO] ThirdParty:1030 - CMSIS Pack Vendor :STMicroelectronics X-CUBE-NFC7 1.0.1
2024-09-24 12:02:30,164 [INFO] ThirdParty:1030 - CMSIS Pack Vendor :STMicroelectronics MBEDTLS 2.14.1
2024-09-24 12:02:30,164 [INFO] ThirdParty:1030 - CMSIS Pack Vendor :STMicroelectronics X-CUBE-TOUCHGFX 4.24.0
2024-09-24 12:02:30,164 [INFO] ThirdParty:1030 - CMSIS Pack Vendor :STMicroelectronics X-CUBE-TOUCHGFX 4.24.1
2024-09-24 12:02:30,164 [INFO] ThirdParty:1030 - CMSIS Pack Vendor :STMicroelectronics X-CUBE-NFC6 3.0.0
2024-09-24 12:02:30,164 [INFO] ThirdParty:1030 - CMSIS Pack Vendor :wolfSSL I-CUBE-wolfTPM 3.4.0
2024-09-24 12:02:30,164 [INFO] ThirdParty:1030 - CMSIS Pack Vendor :portGmbH I-Cube-SoM-uGOAL 1.1.0
2024-09-24 12:02:30,164 [INFO] ThirdParty:1030 - CMSIS Pack Vendor :STMicroelectronics X-CUBE-ALS 1.0.1
2024-09-24 12:02:30,164 [INFO] ThirdParty:1030 - CMSIS Pack Vendor :STMicroelectronics X-CUBE-BLEMGR 3.1.0
2024-09-24 12:02:30,164 [INFO] ThirdParty:1030 - CMSIS Pack Vendor :STMicroelectronics ThreadX 1.0.0
2024-09-24 12:02:30,164 [INFO] ThirdParty:1030 - CMSIS Pack Vendor :STMicroelectronics FP-SNS-SMARTAG2 1.2.0
2024-09-24 12:02:30,164 [INFO] ThirdParty:1030 - CMSIS Pack Vendor :STMicroelectronics X-CUBE-AZRTOS-WL 2.0.0
2024-09-24 12:02:30,164 [INFO] ThirdParty:1030 - CMSIS Pack Vendor :SEGGER I-CUBE-embOS 1.3.1
2024-09-24 12:02:30,164 [INFO] ThirdParty:1030 - CMSIS Pack Vendor :STMicroelectronics X-CUBE-ALGOBUILD 1.4.0
2024-09-24 12:02:30,164 [INFO] ThirdParty:1030 - CMSIS Pack Vendor :STMicroelectronics FP-SNS-MOTENV1 5.0.0
2024-09-24 12:02:30,164 [INFO] ThirdParty:1030 - CMSIS Pack Vendor :STMicroelectronics USB_DEVICE 1.0.0
2024-09-24 12:02:30,164 [INFO] ThirdParty:1030 - CMSIS Pack Vendor :STMicroelectronics X-CUBE-AI 8.1.0
2024-09-24 12:02:30,165 [INFO] ThirdParty:1030 - CMSIS Pack Vendor :STMicroelectronics X-CUBE-AZRTOS-H7RS 1.0.0
2024-09-24 12:02:30,165 [INFO] ThirdParty:1030 - CMSIS Pack Vendor :wolfSSL I-CUBE-wolfMQTT 1.19.0
2024-09-24 12:02:30,165 [INFO] ThirdParty:1030 - CMSIS Pack Vendor :STMicroelectronics X-CUBE-AZRTOS-L4 2.0.0
2024-09-24 12:02:30,165 [INFO] ThirdParty:1030 - CMSIS Pack Vendor :STMicroelectronics ThreadX 0.0.2
2024-09-24 12:02:30,165 [INFO] ThirdParty:1030 - CMSIS Pack Vendor :WES I-CUBE-Cesium 1.3.0
2024-09-24 12:02:30,165 [INFO] ThirdParty:1030 - CMSIS Pack Vendor :STMicroelectronics FP-ATR-ASTRA1 2.0.0
2024-09-24 12:02:30,165 [INFO] ThirdParty:1030 - CMSIS Pack Vendor :STMicroelectronics lwIP 2.1.2
2024-09-24 12:02:30,165 [INFO] ThirdParty:1030 - CMSIS Pack Vendor :STMicroelectronics X-CUBE-SFXS2LP1 4.0.0
2024-09-24 12:02:30,165 [INFO] ThirdParty:1030 - CMSIS Pack Vendor :STMicroelectronics X-CUBE-BLE2 3.3.0
2024-09-24 12:02:30,165 [INFO] ThirdParty:1030 - CMSIS Pack Vendor :STMicroelectronics X-CUBE-TOF1 3.4.2
2024-09-24 12:02:30,165 [INFO] ThirdParty:1030 - CMSIS Pack Vendor :STMicroelectronics X-CUBE-TOF1 3.4.0
2024-09-24 12:02:30,165 [INFO] ThirdParty:1030 - CMSIS Pack Vendor :STMicroelectronics X-CUBE-TOF1 3.4.1
2024-09-24 12:02:30,166 [INFO] ThirdParty:1030 - CMSIS Pack Vendor :STMicroelectronics X-CUBE-AZRTOS-H7 3.2.0
2024-09-24 12:02:30,166 [INFO] ThirdParty:1030 - CMSIS Pack Vendor :STMicroelectronics PDM2PCM 3.2.0
2024-09-24 12:02:30,166 [INFO] ThirdParty:1030 - CMSIS Pack Vendor :wolfSSL I-CUBE-wolfSSH 1.4.17
2024-09-24 12:02:30,166 [INFO] ThirdParty:841 - exiting critical section [change project]
2024-09-24 12:02:30,550 [INFO] PinOutPanel:1499 - setPackage(No Configuration,No Configuration)
2024-09-24 12:02:30,552 [INFO] PinOutPanel:1499 - setPackage(STM32F103C8Tx,LQFP48)
2024-09-24 12:02:31,031 [INFO] UtilMem:75 - Before build in PCC Used Memory: 815755424 Bytes (1073741824)
2024-09-24 12:02:31,905 [INFO] UtilMem:75 - After build in PCC Used Memory: 760333064 Bytes (1073741824)
2024-09-24 12:02:31,938 [INFO] IPUIPlugin:80 - create IPUIPlugin
2024-09-24 12:02:31,939 [INFO] IPUIPlugin:80 - create IPUIPlugin
2024-09-24 12:02:31,939 [INFO] IPUIPlugin:80 - create IPUIPlugin
2024-09-24 12:02:31,939 [INFO] IPUIPlugin:80 - create IPUIPlugin
2024-09-24 12:02:31,939 [INFO] IPUIPlugin:80 - create IPUIPlugin
2024-09-24 12:02:31,939 [INFO] IPUIPlugin:80 - create IPUIPlugin
2024-09-24 12:02:31,939 [INFO] IPUIPlugin:80 - create IPUIPlugin
2024-09-24 12:02:31,939 [INFO] IPUIPlugin:80 - create IPUIPlugin
2024-09-24 12:02:31,940 [INFO] IPUIPlugin:80 - create IPUIPlugin
2024-09-24 12:02:31,940 [INFO] IPUIPlugin:80 - create IPUIPlugin
2024-09-24 12:02:31,940 [INFO] IPUIPlugin:80 - create IPUIPlugin
2024-09-24 12:02:31,940 [INFO] IPUIPlugin:80 - create IPUIPlugin
2024-09-24 12:02:31,940 [INFO] IPUIPlugin:80 - create IPUIPlugin
2024-09-24 12:02:31,941 [INFO] IPUIPlugin:80 - create IPUIPlugin
2024-09-24 12:02:31,941 [INFO] IPUIPlugin:80 - create IPUIPlugin
2024-09-24 12:02:31,941 [INFO] IPUIPlugin:80 - create IPUIPlugin
2024-09-24 12:02:31,941 [INFO] IPUIPlugin:80 - create IPUIPlugin
2024-09-24 12:02:31,941 [INFO] IPUIPlugin:80 - create IPUIPlugin
2024-09-24 12:02:31,941 [INFO] IPUIPlugin:80 - create IPUIPlugin
2024-09-24 12:02:31,942 [INFO] IPUIPlugin:80 - create IPUIPlugin
2024-09-24 12:02:31,942 [INFO] IPUIPlugin:80 - create IPUIPlugin
2024-09-24 12:02:31,942 [INFO] IPUIPlugin:80 - create IPUIPlugin
2024-09-24 12:02:31,943 [INFO] IPUIPlugin:80 - create IPUIPlugin
2024-09-24 12:02:31,943 [INFO] IPUIPlugin:80 - create IPUIPlugin
2024-09-24 12:02:31,943 [INFO] IPUIPlugin:80 - create IPUIPlugin
2024-09-24 12:02:31,943 [INFO] IPUIPlugin:80 - create IPUIPlugin
2024-09-24 12:02:31,943 [INFO] IPUIPlugin:80 - create IPUIPlugin
2024-09-24 12:02:32,156 [INFO] CADModel:165 - CPN selected for project levelSTM32F103C8T6
2024-09-24 12:02:32,156 [INFO] CADModel:114 - Register for checkConnection events
2024-09-24 12:02:32,196 [INFO] OpenFileManager:343 - Restore cursor
2024-09-24 12:02:39,066 [INFO] UtilMem:75 - End SaveConfig() Used Memory: 742669792 Bytes (1073741824)
2024-09-24 12:02:39,564 [INFO] BlockDiagram:2759 - set Specific Code input for plugin: NVIC
2024-09-24 12:02:39,564 [INFO] BlockDiagram:2759 - set Specific Code input for plugin: TIM1_8F1
2024-09-24 12:02:39,564 [INFO] BlockDiagram:2759 - set Specific Code input for plugin: SYS
2024-09-24 12:02:39,565 [INFO] BlockDiagram:2759 - set Specific Code input for plugin: GPIO
2024-09-24 12:02:39,565 [INFO] BlockDiagram:2759 - set Specific Code input for plugin: RCC
2024-09-24 12:02:39,567 [INFO] CodeGenerator:807 - code generatio: config db path: C:\ST\STM32CubeIDE_1.14.1\STM32CubeIDE\plugins\com.st.stm32cube.common.mx_6.10.0.202311202037\\db\
2024-09-24 12:02:39,962 [INFO] CodeEngine:255 - oldGeneratedFile, C:\Users\tkach\Embedded-C\My_workspace\target\Lab1\MXTmpFiles\license.tmp_save
2024-09-24 12:02:40,386 [INFO] CodeEngine:279 - Generated code: C:\Users\tkach\Embedded-C\My_workspace\target\Lab1\MXTmpFiles\license.tmp
2024-09-24 12:02:40,485 [INFO] CodeEngine:255 - oldGeneratedFile, C:\Users\tkach\Embedded-C\My_workspace\target\Lab1\MXTmpFiles\gpio.tmp_save
2024-09-24 12:02:40,649 [INFO] CodeEngine:279 - Generated code: C:\Users\tkach\Embedded-C\My_workspace\target\Lab1\MXTmpFiles\gpio.tmp
2024-09-24 12:02:40,805 [INFO] CodeEngine:255 - oldGeneratedFile, C:\Users\tkach\Embedded-C\My_workspace\target\Lab1\Core\Src\stm32f1xx_it.c_save
2024-09-24 12:02:40,960 [INFO] CodeEngine:279 - Generated code: C:\Users\tkach\Embedded-C\My_workspace\target\Lab1\Core\Src\stm32f1xx_it.c
2024-09-24 12:02:40,984 [INFO] CodeEngine:255 - oldGeneratedFile, C:\Users\tkach\Embedded-C\My_workspace\target\Lab1\Core\Inc\stm32f1xx_it.h_save
2024-09-24 12:02:41,095 [INFO] CodeEngine:279 - Generated code: C:\Users\tkach\Embedded-C\My_workspace\target\Lab1\Core\Inc\stm32f1xx_it.h
2024-09-24 12:02:41,144 [INFO] CodeEngine:255 - oldGeneratedFile, C:\Users\tkach\Embedded-C\My_workspace\target\Lab1\Core\Src\stm32f1xx_hal_msp.c_save
2024-09-24 12:02:41,294 [INFO] CodeEngine:279 - Generated code: C:\Users\tkach\Embedded-C\My_workspace\target\Lab1\Core\Src\stm32f1xx_hal_msp.c
2024-09-24 12:02:41,318 [INFO] CodeEngine:255 - oldGeneratedFile, C:\Users\tkach\Embedded-C\My_workspace\target\Lab1\MXTmpFiles\system.tmp_save
2024-09-24 12:02:41,401 [INFO] CodeEngine:279 - Generated code: C:\Users\tkach\Embedded-C\My_workspace\target\Lab1\MXTmpFiles\system.tmp
2024-09-24 12:02:41,443 [INFO] CodeEngine:311 - oldGeneratedFile, C:\Users\tkach\Embedded-C\My_workspace\target\Lab1\Core\Inc\stm32f1xx_hal_conf.h_save
2024-09-24 12:02:41,555 [INFO] CodeEngine:335 - Generated code: C:\Users\tkach\Embedded-C\My_workspace\target\Lab1\Core\Inc\stm32f1xx_hal_conf.h
2024-09-24 12:02:41,587 [WARN] IPConfigManager:3440 - IP not found : TIM
2024-09-24 12:02:41,588 [WARN] CodeGenerator:3939 - IP not found : null
2024-09-24 12:02:41,619 [INFO] CodeEngine:255 - oldGeneratedFile, C:\Users\tkach\Embedded-C\My_workspace\target\Lab1\Core\Inc\main.h_save
2024-09-24 12:02:41,743 [INFO] CodeEngine:279 - Generated code: C:\Users\tkach\Embedded-C\My_workspace\target\Lab1\Core\Inc\main.h
2024-09-24 12:02:41,761 [INFO] CodeEngine:255 - oldGeneratedFile, C:\Users\tkach\Embedded-C\My_workspace\target\Lab1\Core\Src\main.c_save
2024-09-24 12:02:41,926 [INFO] CodeEngine:279 - Generated code: C:\Users\tkach\Embedded-C\My_workspace\target\Lab1\Core\Src\main.c
2024-09-24 12:02:42,699 [INFO] ProjectBuilder:3076 - Time for Copy HAL[1] : 212mS.
2024-09-24 12:02:42,705 [INFO] ProjectBuilder:4485 - Project Generator version: 4.2.0-B44
2024-09-24 12:02:43,000 [INFO] ConfigFileManager:1495 - The Die is : DIE410
2024-09-24 12:02:43,014 [INFO] ApiDbMcu:508 - Load IP Config File for FATFS
2024-09-24 12:02:43,026 [INFO] ApiDbMcu:508 - Load IP Config File for FREERTOS
2024-09-24 12:02:43,040 [INFO] ApiDbMcu:508 - Load IP Config File for USB_DEVICE
2024-09-24 12:02:44,332 [INFO] LogOutputStream:77 - [STDOUT_REDIRECT] 
2024-09-24 12:02:46,456 [INFO] ProjectBuilder:4747 - Time for Generating toolchain IDE Files: 3751mS.
2024-09-24 12:02:46,457 [INFO] ProjectBuilder:2947 - Time for Copy CMSIS : 1mS.
2024-09-24 12:02:46,460 [INFO] ProjectBuilder:2947 - Time for Copy CMSIS : 0mS.
2024-09-24 22:18:37,807 [INFO] RtosManager:919 - Current active RTOS is FREERTOS [Cortex-M3NS]
2024-09-24 22:18:38,013 [WARN] FreeRTOS:563 - Case being investigated as it may cause exception (when called to early by set config state
2024-09-24 22:18:38,233 [ERROR] RtosPanel:558 - Can not restore the selected Tab for FREERTOS(A reason can be that the tab is no more available.)
2024-09-24 22:18:38,306 [ERROR] RtosPanel:558 - Can not restore the selected Tab for FREERTOS(A reason can be that the tab is no more available.)
2024-09-24 22:19:29,809 [INFO] UtilMem:75 - End SaveConfig() Used Memory: 828406696 Bytes (1073741824)
2024-09-24 22:19:38,332 [INFO] UtilMem:75 - End SaveConfig() Used Memory: 938137656 Bytes (1073741824)
2024-09-24 22:19:50,317 [INFO] BlockDiagram:2759 - set Specific Code input for plugin: NVIC
2024-09-24 22:19:50,318 [INFO] BlockDiagram:2759 - set Specific Code input for plugin: FREERTOS
2024-09-24 22:19:50,318 [INFO] BlockDiagram:2759 - set Specific Code input for plugin: TIM1_8F1
2024-09-24 22:19:50,318 [INFO] BlockDiagram:2759 - set Specific Code input for plugin: SYS
2024-09-24 22:19:50,318 [INFO] BlockDiagram:2759 - set Specific Code input for plugin: GPIO
2024-09-24 22:19:50,318 [INFO] BlockDiagram:2759 - set Specific Code input for plugin: RCC
2024-09-24 22:19:50,319 [INFO] CodeGenerator:807 - code generatio: config db path: C:\ST\STM32CubeIDE_1.14.1\STM32CubeIDE\plugins\com.st.stm32cube.common.mx_6.10.0.202311202037\\db\
2024-09-24 22:19:50,475 [INFO] CodeEngine:255 - oldGeneratedFile, C:\Users\tkach\Embedded-C\My_workspace\target\Lab1\MXTmpFiles\license.tmp_save
2024-09-24 22:19:50,582 [INFO] CodeEngine:279 - Generated code: C:\Users\tkach\Embedded-C\My_workspace\target\Lab1\MXTmpFiles\license.tmp
2024-09-24 22:19:50,619 [INFO] CodeEngine:255 - oldGeneratedFile, C:\Users\tkach\Embedded-C\My_workspace\target\Lab1\MXTmpFiles\gpio.tmp_save
2024-09-24 22:19:50,718 [INFO] CodeEngine:279 - Generated code: C:\Users\tkach\Embedded-C\My_workspace\target\Lab1\MXTmpFiles\gpio.tmp
2024-09-24 22:19:50,857 [INFO] Middleware:1439 - No code input for Bsp Dependency
2024-09-24 22:19:50,870 [INFO] CodeEngine:255 - oldGeneratedFile, C:\Users\tkach\Embedded-C\My_workspace\target\Lab1\MXTmpFiles\rtos_inc.tmp_save
2024-09-24 22:19:50,953 [INFO] CodeEngine:279 - Generated code: C:\Users\tkach\Embedded-C\My_workspace\target\Lab1\MXTmpFiles\rtos_inc.tmp
2024-09-24 22:19:50,976 [INFO] CodeEngine:255 - oldGeneratedFile, C:\Users\tkach\Embedded-C\My_workspace\target\Lab1\MXTmpFiles\rtos_kernelInit.tmp_save
2024-09-24 22:19:51,045 [INFO] CodeEngine:279 - Generated code: C:\Users\tkach\Embedded-C\My_workspace\target\Lab1\MXTmpFiles\rtos_kernelInit.tmp
2024-09-24 22:19:51,053 [INFO] CodeEngine:255 - oldGeneratedFile, C:\Users\tkach\Embedded-C\My_workspace\target\Lab1\MXTmpFiles\rtos_kernelStart.tmp_save
2024-09-24 22:19:51,116 [INFO] CodeEngine:279 - Generated code: C:\Users\tkach\Embedded-C\My_workspace\target\Lab1\MXTmpFiles\rtos_kernelStart.tmp
2024-09-24 22:19:51,136 [INFO] CodeEngine:255 - oldGeneratedFile, C:\Users\tkach\Embedded-C\My_workspace\target\Lab1\MXTmpFiles\rtos_typedefs.tmp_save
2024-09-24 22:19:51,190 [INFO] CodeEngine:279 - Generated code: C:\Users\tkach\Embedded-C\My_workspace\target\Lab1\MXTmpFiles\rtos_typedefs.tmp
2024-09-24 22:19:51,201 [INFO] CodeEngine:255 - oldGeneratedFile, C:\Users\tkach\Embedded-C\My_workspace\target\Lab1\MXTmpFiles\rtos_vars.tmp_save
2024-09-24 22:19:51,275 [INFO] CodeEngine:279 - Generated code: C:\Users\tkach\Embedded-C\My_workspace\target\Lab1\MXTmpFiles\rtos_vars.tmp
2024-09-24 22:19:51,284 [INFO] CodeEngine:255 - oldGeneratedFile, C:\Users\tkach\Embedded-C\My_workspace\target\Lab1\MXTmpFiles\rtos_pfp.tmp_save
2024-09-24 22:19:51,361 [INFO] CodeEngine:279 - Generated code: C:\Users\tkach\Embedded-C\My_workspace\target\Lab1\MXTmpFiles\rtos_pfp.tmp
2024-09-24 22:19:51,396 [INFO] CodeEngine:255 - oldGeneratedFile, C:\Users\tkach\Embedded-C\My_workspace\target\Lab1\MXTmpFiles\rtos_obj_creat.tmp_save
2024-09-24 22:19:51,487 [INFO] CodeEngine:279 - Generated code: C:\Users\tkach\Embedded-C\My_workspace\target\Lab1\MXTmpFiles\rtos_obj_creat.tmp
2024-09-24 22:19:51,501 [INFO] CodeEngine:255 - oldGeneratedFile, C:\Users\tkach\Embedded-C\My_workspace\target\Lab1\MXTmpFiles\rtos_default_thread.tmp_save
2024-09-24 22:19:51,563 [INFO] CodeEngine:279 - Generated code: C:\Users\tkach\Embedded-C\My_workspace\target\Lab1\MXTmpFiles\rtos_default_thread.tmp
2024-09-24 22:19:51,599 [INFO] CodeEngine:255 - oldGeneratedFile, C:\Users\tkach\Embedded-C\My_workspace\target\Lab1\MXTmpFiles\rtos_threads.tmp_save
2024-09-24 22:19:51,647 [INFO] CodeEngine:279 - Generated code: C:\Users\tkach\Embedded-C\My_workspace\target\Lab1\MXTmpFiles\rtos_threads.tmp
2024-09-24 22:19:51,655 [INFO] Middleware:1439 - No code input for Bsp Dependency
2024-09-24 22:19:51,663 [INFO] CodeEngine:255 - oldGeneratedFile, C:\Users\tkach\Embedded-C\My_workspace\target\Lab1\MXTmpFiles\rtos_inc.tmp_save
2024-09-24 22:19:51,722 [INFO] CodeEngine:279 - Generated code: C:\Users\tkach\Embedded-C\My_workspace\target\Lab1\MXTmpFiles\rtos_inc.tmp
2024-09-24 22:19:51,726 [INFO] CodeEngine:255 - oldGeneratedFile, C:\Users\tkach\Embedded-C\My_workspace\target\Lab1\MXTmpFiles\rtos_kernelInit.tmp_save
2024-09-24 22:19:51,914 [INFO] CodeEngine:279 - Generated code: C:\Users\tkach\Embedded-C\My_workspace\target\Lab1\MXTmpFiles\rtos_kernelInit.tmp
2024-09-24 22:19:51,918 [INFO] CodeEngine:255 - oldGeneratedFile, C:\Users\tkach\Embedded-C\My_workspace\target\Lab1\MXTmpFiles\rtos_kernelStart.tmp_save
2024-09-24 22:19:52,014 [INFO] CodeEngine:279 - Generated code: C:\Users\tkach\Embedded-C\My_workspace\target\Lab1\MXTmpFiles\rtos_kernelStart.tmp
2024-09-24 22:19:52,018 [INFO] CodeEngine:255 - oldGeneratedFile, C:\Users\tkach\Embedded-C\My_workspace\target\Lab1\MXTmpFiles\rtos_typedefs.tmp_save
2024-09-24 22:19:52,064 [INFO] CodeEngine:279 - Generated code: C:\Users\tkach\Embedded-C\My_workspace\target\Lab1\MXTmpFiles\rtos_typedefs.tmp
2024-09-24 22:19:52,074 [INFO] CodeEngine:255 - oldGeneratedFile, C:\Users\tkach\Embedded-C\My_workspace\target\Lab1\MXTmpFiles\rtos_vars.tmp_save
2024-09-24 22:19:52,126 [INFO] CodeEngine:279 - Generated code: C:\Users\tkach\Embedded-C\My_workspace\target\Lab1\MXTmpFiles\rtos_vars.tmp
2024-09-24 22:19:52,131 [INFO] CodeEngine:255 - oldGeneratedFile, C:\Users\tkach\Embedded-C\My_workspace\target\Lab1\MXTmpFiles\rtos_pfp.tmp_save
2024-09-24 22:19:52,181 [INFO] CodeEngine:279 - Generated code: C:\Users\tkach\Embedded-C\My_workspace\target\Lab1\MXTmpFiles\rtos_pfp.tmp
2024-09-24 22:19:52,193 [INFO] CodeEngine:255 - oldGeneratedFile, C:\Users\tkach\Embedded-C\My_workspace\target\Lab1\MXTmpFiles\rtos_obj_creat.tmp_save
2024-09-24 22:19:52,244 [INFO] CodeEngine:279 - Generated code: C:\Users\tkach\Embedded-C\My_workspace\target\Lab1\MXTmpFiles\rtos_obj_creat.tmp
2024-09-24 22:19:52,248 [INFO] CodeEngine:255 - oldGeneratedFile, C:\Users\tkach\Embedded-C\My_workspace\target\Lab1\MXTmpFiles\rtos_default_thread.tmp_save
2024-09-24 22:19:52,294 [INFO] CodeEngine:279 - Generated code: C:\Users\tkach\Embedded-C\My_workspace\target\Lab1\MXTmpFiles\rtos_default_thread.tmp
2024-09-24 22:19:52,299 [INFO] CodeEngine:255 - oldGeneratedFile, C:\Users\tkach\Embedded-C\My_workspace\target\Lab1\MXTmpFiles\rtos_threads.tmp_save
2024-09-24 22:19:52,343 [INFO] CodeEngine:279 - Generated code: C:\Users\tkach\Embedded-C\My_workspace\target\Lab1\MXTmpFiles\rtos_threads.tmp
2024-09-24 22:19:52,353 [INFO] CodeEngine:255 - oldGeneratedFile, C:\Users\tkach\Embedded-C\My_workspace\target\Lab1\Core\Inc\FreeRTOSConfig.h_save
2024-09-24 22:19:52,436 [INFO] CodeEngine:279 - Generated code: C:\Users\tkach\Embedded-C\My_workspace\target\Lab1\Core\Inc\FreeRTOSConfig.h
2024-09-24 22:19:52,458 [INFO] CodeEngine:255 - oldGeneratedFile, C:\Users\tkach\Embedded-C\My_workspace\target\Lab1\Core\Src\freertos.c_save
2024-09-24 22:19:52,529 [INFO] CodeEngine:279 - Generated code: C:\Users\tkach\Embedded-C\My_workspace\target\Lab1\Core\Src\freertos.c
2024-09-24 22:19:52,562 [INFO] CodeEngine:255 - oldGeneratedFile, C:\Users\tkach\Embedded-C\My_workspace\target\Lab1\Core\Src\stm32f1xx_it.c_save
2024-09-24 22:19:52,718 [INFO] CodeEngine:279 - Generated code: C:\Users\tkach\Embedded-C\My_workspace\target\Lab1\Core\Src\stm32f1xx_it.c
2024-09-24 22:19:52,736 [INFO] CodeEngine:255 - oldGeneratedFile, C:\Users\tkach\Embedded-C\My_workspace\target\Lab1\Core\Inc\stm32f1xx_it.h_save
2024-09-24 22:19:52,824 [INFO] CodeEngine:279 - Generated code: C:\Users\tkach\Embedded-C\My_workspace\target\Lab1\Core\Inc\stm32f1xx_it.h
2024-09-24 22:19:52,867 [INFO] CodeEngine:255 - oldGeneratedFile, C:\Users\tkach\Embedded-C\My_workspace\target\Lab1\Core\Src\stm32f1xx_hal_msp.c_save
2024-09-24 22:19:52,996 [INFO] CodeEngine:279 - Generated code: C:\Users\tkach\Embedded-C\My_workspace\target\Lab1\Core\Src\stm32f1xx_hal_msp.c
2024-09-24 22:19:53,009 [INFO] CodeEngine:255 - oldGeneratedFile, C:\Users\tkach\Embedded-C\My_workspace\target\Lab1\MXTmpFiles\system.tmp_save
2024-09-24 22:19:53,074 [INFO] CodeEngine:279 - Generated code: C:\Users\tkach\Embedded-C\My_workspace\target\Lab1\MXTmpFiles\system.tmp
2024-09-24 22:19:53,098 [INFO] CodeEngine:311 - oldGeneratedFile, C:\Users\tkach\Embedded-C\My_workspace\target\Lab1\Core\Inc\stm32f1xx_hal_conf.h_save
2024-09-24 22:19:53,195 [INFO] CodeEngine:335 - Generated code: C:\Users\tkach\Embedded-C\My_workspace\target\Lab1\Core\Inc\stm32f1xx_hal_conf.h
2024-09-24 22:19:53,228 [WARN] IPConfigManager:3440 - IP not found : TIM
2024-09-24 22:19:53,229 [WARN] CodeGenerator:3939 - IP not found : null
2024-09-24 22:19:53,254 [INFO] CodeEngine:255 - oldGeneratedFile, C:\Users\tkach\Embedded-C\My_workspace\target\Lab1\Core\Inc\main.h_save
2024-09-24 22:19:53,347 [INFO] CodeEngine:279 - Generated code: C:\Users\tkach\Embedded-C\My_workspace\target\Lab1\Core\Inc\main.h
2024-09-24 22:19:53,372 [INFO] CodeEngine:255 - oldGeneratedFile, C:\Users\tkach\Embedded-C\My_workspace\target\Lab1\Core\Src\main.c_save
2024-09-24 22:19:53,489 [INFO] CodeEngine:279 - Generated code: C:\Users\tkach\Embedded-C\My_workspace\target\Lab1\Core\Src\main.c
2024-09-24 22:19:54,262 [INFO] ProjectBuilder:3076 - Time for Copy HAL[1] : 348mS.
2024-09-24 22:19:54,267 [INFO] ProjectBuilder:4485 - Project Generator version: 4.2.0-B44
2024-09-24 22:19:54,534 [INFO] ConfigFileManager:1495 - The Die is : DIE410
2024-09-24 22:19:56,137 [INFO] ProjectBuilder:4747 - Time for Generating toolchain IDE Files: 1870mS.
2024-09-24 22:19:56,138 [INFO] ProjectBuilder:2947 - Time for Copy CMSIS : 1mS.
2024-09-24 22:19:56,153 [INFO] ProjectBuilder:2947 - Time for Copy CMSIS : 0mS.
2024-09-24 23:04:36,829 [ERROR] RtosPanel:558 - Can not restore the selected Tab for FREERTOS(A reason can be that the tab is no more available.)
2024-09-24 23:04:38,768 [INFO] RtosManager:930 - There is no active RTOS [Cortex-M3NS]
2024-09-24 23:04:41,215 [INFO] UtilMem:75 - End SaveConfig() Used Memory: 695755296 Bytes (1073741824)
2024-09-24 23:04:42,396 [INFO] UtilMem:75 - End SaveConfig() Used Memory: 715678240 Bytes (1073741824)
2024-09-24 23:04:43,936 [INFO] UtilMem:75 - End SaveConfig() Used Memory: 752900640 Bytes (1073741824)
2024-09-24 23:04:44,161 [INFO] BlockDiagram:2759 - set Specific Code input for plugin: NVIC
2024-09-24 23:04:44,162 [INFO] BlockDiagram:2759 - set Specific Code input for plugin: TIM1_8F1
2024-09-24 23:04:44,162 [INFO] BlockDiagram:2759 - set Specific Code input for plugin: SYS
2024-09-24 23:04:44,162 [INFO] BlockDiagram:2759 - set Specific Code input for plugin: GPIO
2024-09-24 23:04:44,162 [INFO] BlockDiagram:2759 - set Specific Code input for plugin: RCC
2024-09-24 23:04:44,164 [INFO] CodeGenerator:807 - code generatio: config db path: C:\ST\STM32CubeIDE_1.14.1\STM32CubeIDE\plugins\com.st.stm32cube.common.mx_6.10.0.202311202037\\db\
2024-09-24 23:04:44,333 [INFO] CodeEngine:255 - oldGeneratedFile, C:\Users\tkach\Embedded-C\My_workspace\target\Lab1\MXTmpFiles\license.tmp_save
2024-09-24 23:04:44,426 [INFO] CodeEngine:279 - Generated code: C:\Users\tkach\Embedded-C\My_workspace\target\Lab1\MXTmpFiles\license.tmp
2024-09-24 23:04:44,444 [INFO] CodeEngine:255 - oldGeneratedFile, C:\Users\tkach\Embedded-C\My_workspace\target\Lab1\MXTmpFiles\gpio.tmp_save
2024-09-24 23:04:44,597 [INFO] CodeEngine:279 - Generated code: C:\Users\tkach\Embedded-C\My_workspace\target\Lab1\MXTmpFiles\gpio.tmp
2024-09-24 23:04:44,695 [INFO] CodeEngine:255 - oldGeneratedFile, C:\Users\tkach\Embedded-C\My_workspace\target\Lab1\Core\Src\stm32f1xx_it.c_save
2024-09-24 23:04:44,883 [INFO] CodeEngine:279 - Generated code: C:\Users\tkach\Embedded-C\My_workspace\target\Lab1\Core\Src\stm32f1xx_it.c
2024-09-24 23:04:44,891 [INFO] CodeEngine:255 - oldGeneratedFile, C:\Users\tkach\Embedded-C\My_workspace\target\Lab1\Core\Inc\stm32f1xx_it.h_save
2024-09-24 23:04:44,967 [INFO] CodeEngine:279 - Generated code: C:\Users\tkach\Embedded-C\My_workspace\target\Lab1\Core\Inc\stm32f1xx_it.h
2024-09-24 23:04:44,988 [INFO] CodeEngine:255 - oldGeneratedFile, C:\Users\tkach\Embedded-C\My_workspace\target\Lab1\Core\Src\stm32f1xx_hal_msp.c_save
2024-09-24 23:04:45,161 [INFO] CodeEngine:279 - Generated code: C:\Users\tkach\Embedded-C\My_workspace\target\Lab1\Core\Src\stm32f1xx_hal_msp.c
2024-09-24 23:04:45,167 [INFO] CodeEngine:255 - oldGeneratedFile, C:\Users\tkach\Embedded-C\My_workspace\target\Lab1\MXTmpFiles\system.tmp_save
2024-09-24 23:04:45,257 [INFO] CodeEngine:279 - Generated code: C:\Users\tkach\Embedded-C\My_workspace\target\Lab1\MXTmpFiles\system.tmp
2024-09-24 23:04:45,280 [INFO] CodeEngine:311 - oldGeneratedFile, C:\Users\tkach\Embedded-C\My_workspace\target\Lab1\Core\Inc\stm32f1xx_hal_conf.h_save
2024-09-24 23:04:45,403 [INFO] CodeEngine:335 - Generated code: C:\Users\tkach\Embedded-C\My_workspace\target\Lab1\Core\Inc\stm32f1xx_hal_conf.h
2024-09-24 23:04:45,432 [WARN] IPConfigManager:3440 - IP not found : TIM
2024-09-24 23:04:45,433 [WARN] CodeGenerator:3939 - IP not found : null
2024-09-24 23:04:45,455 [INFO] CodeEngine:255 - oldGeneratedFile, C:\Users\tkach\Embedded-C\My_workspace\target\Lab1\Core\Inc\main.h_save
2024-09-24 23:04:45,574 [INFO] CodeEngine:279 - Generated code: C:\Users\tkach\Embedded-C\My_workspace\target\Lab1\Core\Inc\main.h
2024-09-24 23:04:45,590 [INFO] CodeEngine:255 - oldGeneratedFile, C:\Users\tkach\Embedded-C\My_workspace\target\Lab1\Core\Src\main.c_save
2024-09-24 23:04:45,742 [INFO] CodeEngine:279 - Generated code: C:\Users\tkach\Embedded-C\My_workspace\target\Lab1\Core\Src\main.c
2024-09-24 23:04:46,343 [INFO] ProjectBuilder:3076 - Time for Copy HAL[1] : 177mS.
2024-09-24 23:04:46,346 [INFO] ProjectBuilder:4485 - Project Generator version: 4.2.0-B44
2024-09-24 23:04:46,751 [INFO] ConfigFileManager:1495 - The Die is : DIE410
2024-09-24 23:04:49,019 [INFO] ProjectBuilder:4747 - Time for Generating toolchain IDE Files: 2673mS.
2024-09-24 23:04:49,020 [INFO] ProjectBuilder:2947 - Time for Copy CMSIS : 0mS.
2024-09-24 23:04:49,024 [INFO] ProjectBuilder:2947 - Time for Copy CMSIS : 0mS.
2024-09-24 23:11:05,050 [INFO] UtilMem:75 - End SaveConfig() Used Memory: 819433168 Bytes (1073741824)
2024-09-24 23:11:06,269 [INFO] UtilMem:75 - End SaveConfig() Used Memory: 840404688 Bytes (1073741824)
2024-09-24 23:11:08,355 [INFO] UtilMem:75 - End SaveConfig() Used Memory: 881059840 Bytes (1073741824)
2024-09-24 23:11:08,616 [INFO] BlockDiagram:2759 - set Specific Code input for plugin: NVIC
2024-09-24 23:11:08,616 [INFO] BlockDiagram:2759 - set Specific Code input for plugin: TIM1_8F1
2024-09-24 23:11:08,616 [INFO] BlockDiagram:2759 - set Specific Code input for plugin: SYS
2024-09-24 23:11:08,616 [INFO] BlockDiagram:2759 - set Specific Code input for plugin: GPIO
2024-09-24 23:11:08,616 [INFO] BlockDiagram:2759 - set Specific Code input for plugin: RCC
2024-09-24 23:11:08,618 [INFO] CodeGenerator:807 - code generatio: config db path: C:\ST\STM32CubeIDE_1.14.1\STM32CubeIDE\plugins\com.st.stm32cube.common.mx_6.10.0.202311202037\\db\
2024-09-24 23:11:08,802 [INFO] CodeEngine:255 - oldGeneratedFile, C:\Users\tkach\Embedded-C\My_workspace\target\Lab1\MXTmpFiles\license.tmp_save
2024-09-24 23:11:08,907 [INFO] CodeEngine:279 - Generated code: C:\Users\tkach\Embedded-C\My_workspace\target\Lab1\MXTmpFiles\license.tmp
2024-09-24 23:11:08,931 [INFO] CodeEngine:255 - oldGeneratedFile, C:\Users\tkach\Embedded-C\My_workspace\target\Lab1\MXTmpFiles\gpio.tmp_save
2024-09-24 23:11:09,061 [INFO] CodeEngine:279 - Generated code: C:\Users\tkach\Embedded-C\My_workspace\target\Lab1\MXTmpFiles\gpio.tmp
2024-09-24 23:11:09,164 [INFO] CodeEngine:255 - oldGeneratedFile, C:\Users\tkach\Embedded-C\My_workspace\target\Lab1\Core\Src\stm32f1xx_it.c_save
2024-09-24 23:11:09,471 [INFO] CodeEngine:279 - Generated code: C:\Users\tkach\Embedded-C\My_workspace\target\Lab1\Core\Src\stm32f1xx_it.c
2024-09-24 23:11:09,478 [INFO] CodeEngine:255 - oldGeneratedFile, C:\Users\tkach\Embedded-C\My_workspace\target\Lab1\Core\Inc\stm32f1xx_it.h_save
2024-09-24 23:11:09,555 [INFO] CodeEngine:279 - Generated code: C:\Users\tkach\Embedded-C\My_workspace\target\Lab1\Core\Inc\stm32f1xx_it.h
2024-09-24 23:11:09,575 [INFO] CodeEngine:255 - oldGeneratedFile, C:\Users\tkach\Embedded-C\My_workspace\target\Lab1\Core\Src\stm32f1xx_hal_msp.c_save
2024-09-24 23:11:09,682 [INFO] CodeEngine:279 - Generated code: C:\Users\tkach\Embedded-C\My_workspace\target\Lab1\Core\Src\stm32f1xx_hal_msp.c
2024-09-24 23:11:09,688 [INFO] CodeEngine:255 - oldGeneratedFile, C:\Users\tkach\Embedded-C\My_workspace\target\Lab1\MXTmpFiles\system.tmp_save
2024-09-24 23:11:09,752 [INFO] CodeEngine:279 - Generated code: C:\Users\tkach\Embedded-C\My_workspace\target\Lab1\MXTmpFiles\system.tmp
2024-09-24 23:11:09,772 [INFO] CodeEngine:311 - oldGeneratedFile, C:\Users\tkach\Embedded-C\My_workspace\target\Lab1\Core\Inc\stm32f1xx_hal_conf.h_save
2024-09-24 23:11:09,874 [INFO] CodeEngine:335 - Generated code: C:\Users\tkach\Embedded-C\My_workspace\target\Lab1\Core\Inc\stm32f1xx_hal_conf.h
2024-09-24 23:11:09,895 [WARN] IPConfigManager:3440 - IP not found : TIM
2024-09-24 23:11:09,896 [WARN] CodeGenerator:3939 - IP not found : null
2024-09-24 23:11:09,916 [INFO] CodeEngine:255 - oldGeneratedFile, C:\Users\tkach\Embedded-C\My_workspace\target\Lab1\Core\Inc\main.h_save
2024-09-24 23:11:10,022 [INFO] CodeEngine:279 - Generated code: C:\Users\tkach\Embedded-C\My_workspace\target\Lab1\Core\Inc\main.h
2024-09-24 23:11:10,041 [INFO] CodeEngine:255 - oldGeneratedFile, C:\Users\tkach\Embedded-C\My_workspace\target\Lab1\Core\Src\main.c_save
2024-09-24 23:11:10,155 [INFO] CodeEngine:279 - Generated code: C:\Users\tkach\Embedded-C\My_workspace\target\Lab1\Core\Src\main.c
2024-09-24 23:11:10,910 [INFO] ProjectBuilder:3076 - Time for Copy HAL[1] : 191mS.
2024-09-24 23:11:10,913 [INFO] ProjectBuilder:4485 - Project Generator version: 4.2.0-B44
2024-09-24 23:11:11,381 [INFO] ConfigFileManager:1495 - The Die is : DIE410
2024-09-24 23:11:13,091 [INFO] ProjectBuilder:4747 - Time for Generating toolchain IDE Files: 2177mS.
2024-09-24 23:11:13,092 [INFO] ProjectBuilder:2947 - Time for Copy CMSIS : 1mS.
2024-09-24 23:11:13,095 [INFO] ProjectBuilder:2947 - Time for Copy CMSIS : 0mS.
2024-09-24 23:45:48,585 [INFO] UtilMem:75 - End SaveConfig() Used Memory: 821374368 Bytes (1073741824)
2024-09-24 23:45:53,004 [INFO] UtilMem:75 - End SaveConfig() Used Memory: 947935232 Bytes (1073741824)
2024-09-24 23:45:53,207 [INFO] BlockDiagram:2759 - set Specific Code input for plugin: NVIC
2024-09-24 23:45:53,207 [INFO] BlockDiagram:2759 - set Specific Code input for plugin: SYS
2024-09-24 23:45:53,207 [INFO] BlockDiagram:2759 - set Specific Code input for plugin: GPIO
2024-09-24 23:45:53,207 [INFO] BlockDiagram:2759 - set Specific Code input for plugin: RCC
2024-09-24 23:45:53,208 [INFO] CodeGenerator:807 - code generatio: config db path: C:\ST\STM32CubeIDE_1.14.1\STM32CubeIDE\plugins\com.st.stm32cube.common.mx_6.10.0.202311202037\\db\
2024-09-24 23:45:53,399 [INFO] CodeEngine:255 - oldGeneratedFile, C:\Users\tkach\Embedded-C\My_workspace\target\Lab1\MXTmpFiles\license.tmp_save
2024-09-24 23:45:53,467 [INFO] CodeEngine:279 - Generated code: C:\Users\tkach\Embedded-C\My_workspace\target\Lab1\MXTmpFiles\license.tmp
2024-09-24 23:45:53,509 [INFO] CodeEngine:255 - oldGeneratedFile, C:\Users\tkach\Embedded-C\My_workspace\target\Lab1\MXTmpFiles\gpio.tmp_save
2024-09-24 23:45:53,617 [INFO] CodeEngine:279 - Generated code: C:\Users\tkach\Embedded-C\My_workspace\target\Lab1\MXTmpFiles\gpio.tmp
2024-09-24 23:45:53,667 [INFO] CodeEngine:255 - oldGeneratedFile, C:\Users\tkach\Embedded-C\My_workspace\target\Lab1\Core\Src\stm32f1xx_it.c_save
2024-09-24 23:45:53,809 [INFO] CodeEngine:279 - Generated code: C:\Users\tkach\Embedded-C\My_workspace\target\Lab1\Core\Src\stm32f1xx_it.c
2024-09-24 23:45:53,820 [INFO] CodeEngine:255 - oldGeneratedFile, C:\Users\tkach\Embedded-C\My_workspace\target\Lab1\Core\Inc\stm32f1xx_it.h_save
2024-09-24 23:45:53,931 [INFO] CodeEngine:279 - Generated code: C:\Users\tkach\Embedded-C\My_workspace\target\Lab1\Core\Inc\stm32f1xx_it.h
2024-09-24 23:45:53,965 [INFO] CodeEngine:255 - oldGeneratedFile, C:\Users\tkach\Embedded-C\My_workspace\target\Lab1\Core\Src\stm32f1xx_hal_msp.c_save
2024-09-24 23:45:54,094 [INFO] CodeEngine:279 - Generated code: C:\Users\tkach\Embedded-C\My_workspace\target\Lab1\Core\Src\stm32f1xx_hal_msp.c
2024-09-24 23:45:54,098 [INFO] CodeEngine:255 - oldGeneratedFile, C:\Users\tkach\Embedded-C\My_workspace\target\Lab1\MXTmpFiles\system.tmp_save
2024-09-24 23:45:54,143 [INFO] CodeEngine:279 - Generated code: C:\Users\tkach\Embedded-C\My_workspace\target\Lab1\MXTmpFiles\system.tmp
2024-09-24 23:45:54,164 [INFO] CodeEngine:311 - oldGeneratedFile, C:\Users\tkach\Embedded-C\My_workspace\target\Lab1\Core\Inc\stm32f1xx_hal_conf.h_save
2024-09-24 23:45:54,235 [INFO] CodeEngine:335 - Generated code: C:\Users\tkach\Embedded-C\My_workspace\target\Lab1\Core\Inc\stm32f1xx_hal_conf.h
2024-09-24 23:45:54,291 [INFO] CodeEngine:255 - oldGeneratedFile, C:\Users\tkach\Embedded-C\My_workspace\target\Lab1\Core\Inc\main.h_save
2024-09-24 23:45:54,370 [INFO] CodeEngine:279 - Generated code: C:\Users\tkach\Embedded-C\My_workspace\target\Lab1\Core\Inc\main.h
2024-09-24 23:45:54,401 [INFO] CodeEngine:255 - oldGeneratedFile, C:\Users\tkach\Embedded-C\My_workspace\target\Lab1\Core\Src\main.c_save
2024-09-24 23:45:54,488 [INFO] CodeEngine:279 - Generated code: C:\Users\tkach\Embedded-C\My_workspace\target\Lab1\Core\Src\main.c
2024-09-24 23:45:55,017 [INFO] ProjectBuilder:3076 - Time for Copy HAL[1] : 161mS.
2024-09-24 23:45:55,019 [INFO] ProjectBuilder:4485 - Project Generator version: 4.2.0-B44
2024-09-24 23:45:55,302 [INFO] ConfigFileManager:1495 - The Die is : DIE410
2024-09-24 23:45:56,631 [INFO] ProjectBuilder:4747 - Time for Generating toolchain IDE Files: 1611mS.
2024-09-24 23:45:56,632 [INFO] ProjectBuilder:2947 - Time for Copy CMSIS : 1mS.
2024-09-24 23:45:56,634 [INFO] ProjectBuilder:2947 - Time for Copy CMSIS : 0mS.
2024-09-24 23:49:48,310 [ERROR] LogOutputStream:75 - [STDERR_REDIRECT] 
