2025-02-20 21:14:00,840 [INFO] Activator:176 - 


2025-02-20 21:14:00,845 [INFO] Activator:177 - !SESSION log4j initialized
2025-02-20 21:14:07,654 [INFO] LogOutputStream:77 - [STDOUT_REDIRECT] 
2025-02-20 21:14:14,336 [INFO] ApplicationProperties:184 - Using Application install path: C:\ST\STM32CubeIDE_1.14.1\STM32CubeIDE\plugins\com.st.stm32cube.common.mx_6.10.0.202311202037
2025-02-20 21:14:14,353 [INFO] DbMcusXml:78 - Set database path to: C:\ST\STM32CubeIDE_1.14.1\STM32CubeIDE\plugins\com.st.stm32cube.common.mx_6.10.0.202311202037\\db\/mcu/
2025-02-20 21:14:14,353 [INFO] ApiDb:274 - Set plugin database path to: C:\ST\STM32CubeIDE_1.14.1\STM32CubeIDE\plugins\com.st.stm32cube.common.mx_6.10.0.202311202037\\db\/plugins/boardmanager/
2025-02-20 21:14:14,353 [WARN] ApiDb:259 - Overriding images path with different value:  => C:\ST\STM32CubeIDE_1.14.1\STM32CubeIDE\plugins\com.st.stm32cube.common.mx_6.10.0.202311202037\\db\/plugins/mcufinder/images/
2025-02-20 21:14:14,366 [INFO] ApiDb:250 - Set database path to: C:\Users\tkach\.stmcufinder\plugins\mcufinder//mcu/
2025-02-20 21:14:14,367 [INFO] DbMcusAds:125 - Set database path to: C:\Users\tkach\.stmcufinder\plugins\mcufinder//mcu/
2025-02-20 21:14:14,369 [INFO] CrossReferenceDbSqlite:203 - Set database path to: C:\Users\tkach\.stmcufinder\plugins\mcufinder//mcu/cs/
2025-02-20 21:14:14,470 [INFO] RulesReader:64 - Compatibility file has been processed (297 Rules)
2025-02-20 21:14:14,541 [INFO] DbMcusXml:78 - Set database path to: C:\ST\STM32CubeIDE_1.14.1\STM32CubeIDE\plugins\com.st.stm32cube.common.mx_6.10.0.202311202037\\db\/mcu/
2025-02-20 21:14:14,541 [INFO] ApiDb:274 - Set plugin database path to: C:\ST\STM32CubeIDE_1.14.1\STM32CubeIDE\plugins\com.st.stm32cube.common.mx_6.10.0.202311202037\\db\/plugins/boardmanager/
2025-02-20 21:14:14,541 [INFO] ApiDb:261 - Set plugin images path to: C:\ST\STM32CubeIDE_1.14.1\STM32CubeIDE\plugins\com.st.stm32cube.common.mx_6.10.0.202311202037\\db\/plugins/mcufinder/images/
2025-02-20 21:14:14,542 [WARN] DbFile:41 - Overriding database path with different value: C:\Users\tkach\.stmcufinder\plugins\mcufinder/ => C:\Users\tkach\.stmcufinder\plugins\mcufinder
2025-02-20 21:14:14,542 [INFO] ApiDb:250 - Set database path to: C:\Users\tkach\.stmcufinder\plugins\mcufinder//mcu/
2025-02-20 21:14:14,542 [WARN] DbFile:41 - Overriding database path with different value: C:\Users\tkach\.stmcufinder\plugins\mcufinder/ => C:\Users\tkach\.stmcufinder\plugins\mcufinder
2025-02-20 21:14:14,542 [INFO] DbMcusAds:125 - Set database path to: C:\Users\tkach\.stmcufinder\plugins\mcufinder//mcu/
2025-02-20 21:14:14,542 [WARN] DbFile:41 - Overriding database path with different value: C:\Users\tkach\.stmcufinder\plugins\mcufinder/ => C:\Users\tkach\.stmcufinder\plugins\mcufinder
2025-02-20 21:14:14,542 [WARN] DbFile:41 - Overriding database path with different value: C:\Users\tkach\.stmcufinder\plugins\mcufinder/ => C:\Users\tkach\.stmcufinder\plugins\mcufinder
2025-02-20 21:14:14,542 [INFO] CrossReferenceDbSqlite:203 - Set database path to: C:\Users\tkach\.stmcufinder\plugins\mcufinder//mcu/cs/
2025-02-20 21:14:14,614 [INFO] MainPanel:264 - HeapMemory: 268435456
2025-02-20 21:14:14,709 [INFO] DbMcusXml:78 - Set database path to: C:\ST\STM32CubeIDE_1.14.1\STM32CubeIDE\plugins\com.st.stm32cube.common.mx_6.10.0.202311202037\\db\/mcu/
2025-02-20 21:14:14,709 [INFO] ApiDb:274 - Set plugin database path to: C:\ST\STM32CubeIDE_1.14.1\STM32CubeIDE\plugins\com.st.stm32cube.common.mx_6.10.0.202311202037\\db\/plugins/boardmanager/
2025-02-20 21:14:14,710 [INFO] ApiDb:261 - Set plugin images path to: C:\ST\STM32CubeIDE_1.14.1\STM32CubeIDE\plugins\com.st.stm32cube.common.mx_6.10.0.202311202037\\db\/plugins/mcufinder/images/
2025-02-20 21:14:14,710 [WARN] DbFile:41 - Overriding database path with different value: C:\Users\tkach\.stmcufinder\plugins\mcufinder/ => C:\Users\tkach\.stmcufinder\plugins\mcufinder
2025-02-20 21:14:14,710 [INFO] ApiDb:250 - Set database path to: C:\Users\tkach\.stmcufinder\plugins\mcufinder//mcu/
2025-02-20 21:14:14,710 [WARN] DbFile:41 - Overriding database path with different value: C:\Users\tkach\.stmcufinder\plugins\mcufinder/ => C:\Users\tkach\.stmcufinder\plugins\mcufinder
2025-02-20 21:14:14,710 [INFO] DbMcusAds:125 - Set database path to: C:\Users\tkach\.stmcufinder\plugins\mcufinder//mcu/
2025-02-20 21:14:14,710 [WARN] DbFile:41 - Overriding database path with different value: C:\Users\tkach\.stmcufinder\plugins\mcufinder/ => C:\Users\tkach\.stmcufinder\plugins\mcufinder
2025-02-20 21:14:14,710 [WARN] DbFile:41 - Overriding database path with different value: C:\Users\tkach\.stmcufinder\plugins\mcufinder/ => C:\Users\tkach\.stmcufinder\plugins\mcufinder
2025-02-20 21:14:14,710 [INFO] CrossReferenceDbSqlite:203 - Set database path to: C:\Users\tkach\.stmcufinder\plugins\mcufinder//mcu/cs/
2025-02-20 21:14:14,726 [INFO] ApplicationProperties:184 - Using Application install path: C:\ST\STM32CubeIDE_1.14.1\STM32CubeIDE\plugins\com.st.stm32cube.common.mx_6.10.0.202311202037
2025-02-20 21:14:14,727 [INFO] PluginManage:196 - Search for loadable plugins [exclusion list=, ]
2025-02-20 21:14:14,729 [INFO] PluginManage:310 - Check plugin analytics
2025-02-20 21:14:14,876 [INFO] AnalyticsPlugin:253 - Accepted Software Licenses: 
2025-02-20 21:14:14,876 [INFO] AnalyticsPlugin:255 - Accepted CMSIS Pack Licenses: 
2025-02-20 21:14:14,876 [INFO] AnalyticsPlugin:257 - Accepted Firmware Licenses: 
2025-02-20 21:14:14,878 [INFO] PluginManage:359 - Loaded plugin analytics (category:tool,tabindex:-1)
2025-02-20 21:14:14,878 [INFO] PluginManage:310 - Check plugin cadmodel
2025-02-20 21:14:14,895 [INFO] CADModel:105 - Init CAD model plugin
2025-02-20 21:14:14,895 [INFO] PluginManage:359 - Loaded plugin cadmodel (category:power,tabindex:5)
2025-02-20 21:14:14,895 [INFO] PluginManage:310 - Check plugin clock
2025-02-20 21:14:14,917 [INFO] PluginManage:359 - Loaded plugin clock (category:base,tabindex:2)
2025-02-20 21:14:14,918 [INFO] PluginManage:310 - Check plugin ddr
2025-02-20 21:14:14,919 [INFO] PluginManage:359 - Loaded plugin ddr (category:tool,tabindex:6)
2025-02-20 21:14:14,920 [INFO] PluginManage:310 - Check plugin filemanager
2025-02-20 21:14:15,041 [INFO] PluginManage:359 - Loaded plugin filemanager (category:base,tabindex:10)
2025-02-20 21:14:15,041 [INFO] PluginManage:310 - Check plugin ipmanager
2025-02-20 21:14:15,048 [INFO] PluginManage:359 - Loaded plugin ipmanager (category:base,tabindex:5)
2025-02-20 21:14:15,048 [INFO] PluginManage:310 - Check plugin lpbam
2025-02-20 21:14:15,065 [INFO] PluginManage:359 - Loaded plugin lpbam (category:base,tabindex:0)
2025-02-20 21:14:15,065 [INFO] PluginManage:310 - Check plugin memorymap
2025-02-20 21:14:15,087 [INFO] PluginManage:359 - Loaded plugin memorymap (category:base,tabindex:4)
2025-02-20 21:14:15,087 [INFO] PluginManage:310 - Check plugin pinoutandconfiguration
2025-02-20 21:14:15,104 [INFO] PluginManage:359 - Loaded plugin pinoutandconfiguration (category:base,tabindex:1)
2025-02-20 21:14:15,104 [INFO] PluginManage:310 - Check plugin pinoutconfig
2025-02-20 21:14:15,183 [WARN] SupportedApi:132 - Cannot load RTOS API schema: s4s-elt-must-match.1: The content of 'definitions' must match (annotation?, (simpleType | complexType)?, (unique | key | keyref)*)). A problem was found starting at: attribute.
2025-02-20 21:14:15,296 [INFO] PluginManage:359 - Loaded plugin pinoutconfig (category:base,tabindex:0)
2025-02-20 21:14:15,296 [INFO] PluginManage:310 - Check plugin power
2025-02-20 21:14:15,318 [INFO] PluginManage:359 - Loaded plugin power (category:power,tabindex:4)
2025-02-20 21:14:15,318 [INFO] PluginManage:310 - Check plugin projectmanager
2025-02-20 21:14:15,332 [INFO] PluginManage:359 - Loaded plugin projectmanager (category:projectmanager,tabindex:3)
2025-02-20 21:14:15,332 [INFO] PluginManage:310 - Check plugin thirdparty
2025-02-20 21:14:15,592 [INFO] PluginManage:359 - Loaded plugin thirdparty (category:base,tabindex:-1)
2025-02-20 21:14:15,592 [WARN] IntegrityCheckThread:84 - waiting for thirdparty lock release [integrity check]
2025-02-20 21:14:15,592 [INFO] PluginManage:310 - Check plugin tools
2025-02-20 21:14:15,592 [INFO] IntegrityCheckThread:86 - entering critical section [integrity check]
2025-02-20 21:14:15,593 [INFO] ThirdPartyUpdaterWithRetryManager:70 - Updater plugin not ready yet. [1/15]
2025-02-20 21:14:15,626 [INFO] PluginManage:359 - Loaded plugin tools (category:base,tabindex:7)
2025-02-20 21:14:15,626 [INFO] PluginManage:310 - Check plugin tutovideos
2025-02-20 21:14:15,816 [INFO] PluginManage:359 - Loaded plugin tutovideos (category:base,tabindex:-1)
2025-02-20 21:14:15,816 [INFO] PluginManage:310 - Check plugin updater
2025-02-20 21:14:15,827 [INFO] PluginManage:359 - Loaded plugin updater (category:base,tabindex:12)
2025-02-20 21:14:15,827 [INFO] PluginManage:310 - Check plugin userauth
2025-02-20 21:14:15,832 [INFO] UserAuth:114 - Init User Auth plugin
2025-02-20 21:14:15,833 [INFO] PluginManage:359 - Loaded plugin userauth (category:base,tabindex:14)
2025-02-20 21:14:15,833 [INFO] PluginManage:283 - PluginManage : Loaded plugins [17]
2025-02-20 21:14:16,005 [INFO] PinOutPanel:1499 - setPackage(No Configuration,No Configuration)
2025-02-20 21:14:16,069 [INFO] CADModel:165 - CPN selected for project level
2025-02-20 21:14:16,069 [INFO] CADModel:114 - Register for checkConnection events
2025-02-20 21:14:16,094 [INFO] IPUIPlugin:80 - create IPUIPlugin
2025-02-20 21:14:16,094 [INFO] PluginManager:220 - loadIPPluginJar : add adc
2025-02-20 21:14:16,128 [INFO] IPUIPlugin:80 - create IPUIPlugin
2025-02-20 21:14:16,128 [INFO] PluginManager:220 - loadIPPluginJar : add aes
2025-02-20 21:14:16,174 [INFO] IPUIPlugin:80 - create IPUIPlugin
2025-02-20 21:14:16,174 [INFO] PluginManager:220 - loadIPPluginJar : add can
2025-02-20 21:14:16,200 [INFO] IPUIPlugin:80 - create IPUIPlugin
2025-02-20 21:14:16,200 [INFO] PluginManager:220 - loadIPPluginJar : add comp
2025-02-20 21:14:16,233 [INFO] IPUIPlugin:80 - create IPUIPlugin
2025-02-20 21:14:16,233 [INFO] PluginManager:220 - loadIPPluginJar : add cryp
2025-02-20 21:14:16,261 [INFO] IPUIPlugin:80 - create IPUIPlugin
2025-02-20 21:14:16,261 [INFO] PluginManager:220 - loadIPPluginJar : add dfsdm
2025-02-20 21:14:16,275 [INFO] IPUIPlugin:80 - create IPUIPlugin
2025-02-20 21:14:16,275 [INFO] PluginManager:220 - loadIPPluginJar : add dma
2025-02-20 21:14:16,319 [INFO] IPUIPlugin:80 - create IPUIPlugin
2025-02-20 21:14:16,319 [INFO] PluginManager:220 - loadIPPluginJar : add dma3
2025-02-20 21:14:16,340 [INFO] IPUIPlugin:80 - create IPUIPlugin
2025-02-20 21:14:16,340 [INFO] PluginManager:220 - loadIPPluginJar : add fatfs
2025-02-20 21:14:16,385 [INFO] IPUIPlugin:80 - create IPUIPlugin
2025-02-20 21:14:16,385 [INFO] PluginManager:220 - loadIPPluginJar : add fmc
2025-02-20 21:14:16,401 [INFO] IPUIPlugin:80 - create IPUIPlugin
2025-02-20 21:14:16,401 [INFO] PluginManager:220 - loadIPPluginJar : add freertos
2025-02-20 21:14:16,421 [INFO] IPUIPlugin:80 - create IPUIPlugin
2025-02-20 21:14:16,421 [INFO] PluginManager:220 - loadIPPluginJar : add genericplugin
2025-02-20 21:14:16,507 [INFO] IPUIPlugin:80 - create IPUIPlugin
2025-02-20 21:14:16,507 [INFO] PluginManager:220 - loadIPPluginJar : add gfxmmu
2025-02-20 21:14:16,637 [INFO] IPUIPlugin:80 - create IPUIPlugin
2025-02-20 21:14:16,637 [INFO] PluginManager:220 - loadIPPluginJar : add gic
2025-02-20 21:14:16,653 [INFO] IPUIPlugin:80 - create IPUIPlugin
2025-02-20 21:14:16,653 [INFO] PluginManager:220 - loadIPPluginJar : add gpio
2025-02-20 21:14:16,739 [INFO] IPUIPlugin:80 - create IPUIPlugin
2025-02-20 21:14:16,739 [INFO] PluginManager:220 - loadIPPluginJar : add gtzc
2025-02-20 21:14:16,770 [INFO] IPUIPlugin:80 - create IPUIPlugin
2025-02-20 21:14:16,770 [INFO] PluginManager:220 - loadIPPluginJar : add hash
2025-02-20 21:14:16,818 [INFO] IPUIPlugin:80 - create IPUIPlugin
2025-02-20 21:14:16,818 [INFO] PluginManager:220 - loadIPPluginJar : add i2c
2025-02-20 21:14:16,854 [INFO] IPUIPlugin:80 - create IPUIPlugin
2025-02-20 21:14:16,854 [INFO] PluginManager:220 - loadIPPluginJar : add i2s
2025-02-20 21:14:16,893 [INFO] IPUIPlugin:80 - create IPUIPlugin
2025-02-20 21:14:16,893 [INFO] PluginManager:220 - loadIPPluginJar : add i3c
2025-02-20 21:14:16,992 [INFO] IPUIPlugin:80 - create IPUIPlugin
2025-02-20 21:14:16,992 [INFO] PluginManager:220 - loadIPPluginJar : add ipddr
2025-02-20 21:14:17,079 [INFO] IPUIPlugin:80 - create IPUIPlugin
2025-02-20 21:14:17,080 [INFO] PluginManager:220 - loadIPPluginJar : add linkedlist
2025-02-20 21:14:17,112 [INFO] IPUIPlugin:80 - create IPUIPlugin
2025-02-20 21:14:17,113 [INFO] PluginManager:220 - loadIPPluginJar : add lorawan
2025-02-20 21:14:17,148 [INFO] IPUIPlugin:80 - create IPUIPlugin
2025-02-20 21:14:17,148 [INFO] PluginManager:220 - loadIPPluginJar : add ltdc
2025-02-20 21:14:17,162 [INFO] IPUIPlugin:80 - create IPUIPlugin
2025-02-20 21:14:17,162 [INFO] PluginManager:220 - loadIPPluginJar : add mdma
2025-02-20 21:14:17,174 [INFO] IPUIPlugin:80 - create IPUIPlugin
2025-02-20 21:14:17,174 [INFO] PluginManager:220 - loadIPPluginJar : add nvic
2025-02-20 21:14:17,210 [INFO] IPUIPlugin:80 - create IPUIPlugin
2025-02-20 21:14:17,210 [INFO] PluginManager:220 - loadIPPluginJar : add opamp
2025-02-20 21:14:17,267 [INFO] IPUIPlugin:80 - create IPUIPlugin
2025-02-20 21:14:17,267 [INFO] PluginManager:220 - loadIPPluginJar : add openamp
2025-02-20 21:14:17,308 [INFO] IPUIPlugin:80 - create IPUIPlugin
2025-02-20 21:14:17,308 [INFO] PluginManager:220 - loadIPPluginJar : add pdm2pcm
2025-02-20 21:14:17,321 [INFO] IPUIPlugin:80 - create IPUIPlugin
2025-02-20 21:14:17,323 [INFO] PluginManager:220 - loadIPPluginJar : add plateformsettings
2025-02-20 21:14:17,345 [INFO] IPUIPlugin:80 - create IPUIPlugin
2025-02-20 21:14:17,345 [INFO] PluginManager:220 - loadIPPluginJar : add quadspi
2025-02-20 21:14:17,358 [INFO] IPUIPlugin:80 - create IPUIPlugin
2025-02-20 21:14:17,358 [INFO] PluginManager:220 - loadIPPluginJar : add resmgrutility
2025-02-20 21:14:17,402 [INFO] IPUIPlugin:80 - create IPUIPlugin
2025-02-20 21:14:17,402 [INFO] PluginManager:220 - loadIPPluginJar : add sai
2025-02-20 21:14:17,438 [INFO] IPUIPlugin:80 - create IPUIPlugin
2025-02-20 21:14:17,439 [INFO] PluginManager:220 - loadIPPluginJar : add spi
2025-02-20 21:14:17,502 [INFO] IPUIPlugin:80 - create IPUIPlugin
2025-02-20 21:14:17,502 [INFO] PluginManager:220 - loadIPPluginJar : add stm32_wpan
2025-02-20 21:14:17,529 [INFO] IPUIPlugin:80 - create IPUIPlugin
2025-02-20 21:14:17,530 [INFO] PluginManager:220 - loadIPPluginJar : add tim
2025-02-20 21:14:17,581 [INFO] IPUIPlugin:80 - create IPUIPlugin
2025-02-20 21:14:17,582 [INFO] PluginManager:220 - loadIPPluginJar : add touchsensing
2025-02-20 21:14:17,606 [INFO] IPUIPlugin:80 - create IPUIPlugin
2025-02-20 21:14:17,606 [INFO] PluginManager:220 - loadIPPluginJar : add tracer_emb
2025-02-20 21:14:17,630 [INFO] IPUIPlugin:80 - create IPUIPlugin
2025-02-20 21:14:17,630 [INFO] PluginManager:220 - loadIPPluginJar : add ts
2025-02-20 21:14:17,652 [INFO] IPUIPlugin:80 - create IPUIPlugin
2025-02-20 21:14:17,652 [INFO] PluginManager:220 - loadIPPluginJar : add tsc
2025-02-20 21:14:17,673 [INFO] IPUIPlugin:80 - create IPUIPlugin
2025-02-20 21:14:17,673 [INFO] PluginManager:220 - loadIPPluginJar : add ucpd
2025-02-20 21:14:17,714 [INFO] IPUIPlugin:80 - create IPUIPlugin
2025-02-20 21:14:17,714 [INFO] PluginManager:220 - loadIPPluginJar : add usart
2025-02-20 21:14:17,754 [INFO] IPUIPlugin:80 - create IPUIPlugin
2025-02-20 21:14:17,754 [INFO] PluginManager:220 - loadIPPluginJar : add usbx
2025-02-20 21:14:17,870 [INFO] CADModel:165 - CPN selected for project level
2025-02-20 21:14:17,870 [INFO] CADModel:114 - Register for checkConnection events
2025-02-20 21:14:17,870 [FATAL] Updater:308 - Updater called before beeing initialized
2025-02-20 21:14:17,870 [ERROR] CADModel:125 - Updater not yet initialized, retry later 
2025-02-20 21:14:17,998 [INFO] CADModel:165 - CPN selected for project level
2025-02-20 21:14:17,998 [INFO] CADModel:114 - Register for checkConnection events
2025-02-20 21:14:17,998 [FATAL] Updater:308 - Updater called before beeing initialized
2025-02-20 21:14:17,998 [ERROR] CADModel:125 - Updater not yet initialized, retry later 
2025-02-20 21:14:18,001 [FATAL] Updater:308 - Updater called before beeing initialized
2025-02-20 21:14:18,091 [FATAL] Updater:308 - Updater called before beeing initialized
2025-02-20 21:14:18,100 [INFO] DbMcusAds:53 - JSON generation date=Tue Dec 17 18:01:15 EET 2024 (1734451275111)
2025-02-20 21:14:18,100 [FATAL] Updater:308 - Updater called before beeing initialized
2025-02-20 21:14:18,142 [WARN] DetailPanel:346 - Failed to get advertising image, set to default
2025-02-20 21:14:18,218 [FATAL] Updater:308 - Updater called before beeing initialized
2025-02-20 21:14:18,219 [FATAL] Updater:308 - Updater called before beeing initialized
2025-02-20 21:14:18,219 [FATAL] Updater:308 - Updater called before beeing initialized
2025-02-20 21:14:18,219 [WARN] DetailPanel:346 - Failed to get advertising image, set to default
2025-02-20 21:14:18,219 [FATAL] Updater:308 - Updater called before beeing initialized
2025-02-20 21:14:18,274 [ERROR] Updater:1120 - MainUpdater not yet initialized. External WinMGr cannot be set.
2025-02-20 21:14:18,285 [INFO] Updater:1056 - Updater Version found : 6.10.0
2025-02-20 21:14:18,302 [INFO] ApplicationProperties:184 - Using Application install path: C:\ST\STM32CubeIDE_1.14.1\STM32CubeIDE\plugins\com.st.stm32cube.common.mx_6.10.0.202311202037
2025-02-20 21:14:18,595 [INFO] ThirdPartyUpdaterWithRetryManager:70 - Updater plugin not ready yet. [2/15]
2025-02-20 21:14:19,193 [INFO] MainUpdater:2873 - connection check result : 10
2025-02-20 21:14:19,194 [INFO] MainUpdater:290 - Updater Check For Update Now.
2025-02-20 21:14:19,194 [INFO] MicroXplorer:498 - Change Database Version : DB.6.0.100
2025-02-20 21:14:19,218 [INFO] McuFinderGlobals:63 - Set McuFinder mode to 2 (CubeIDE integrated)
2025-02-20 21:14:19,234 [INFO] UserAuth:404 - Internet connection configuration mode: 1
2025-02-20 21:14:19,266 [INFO] JxBrowserEngine:152 - Initiate JxBrowser Engine with user profile folder
2025-02-20 21:14:19,404 [INFO] CheckServerUpdateThread:120 - End of CheckServer Thread
2025-02-20 21:14:22,135 [WARN] PackLoader:240 - Cannot read IP mode file for STMicroelectronics.FP-SNS-MOTENVWB1.1.4.0
2025-02-20 21:14:22,140 [INFO] WebApp:161 - Instantiating new browser for Auth
2025-02-20 21:14:22,158 [WARN] PackLoader:240 - Cannot read IP mode file for STMicroelectronics.FP-ATR-ASTRA1.2.0.1
2025-02-20 21:14:22,181 [WARN] PackLoader:240 - Cannot read IP mode file for STMicroelectronics.X-CUBE-SMBUS.2.1.0
2025-02-20 21:14:22,208 [WARN] PackLoader:240 - Cannot read IP mode file for STMicroelectronics.X-CUBE-WB05N.1.1.0
2025-02-20 21:14:22,230 [WARN] PackLoader:240 - Cannot read IP mode file for STMicroelectronics.X-CUBE-TOUCHGFX.4.23.0
2025-02-20 21:14:22,247 [WARN] PackLoader:240 - Cannot read IP mode file for STMicroelectronics.X-CUBE-TOUCHGFX.4.23.2
2025-02-20 21:14:22,298 [WARN] PackLoader:240 - Cannot read IP mode file for STMicroelectronics.X-CUBE-AZRTOS-F7.1.1.0
2025-02-20 21:14:22,322 [WARN] PackLoader:240 - Cannot read IP mode file for STMicroelectronics.FP-SNS-MOTENV1.4.3.2
2025-02-20 21:14:22,401 [WARN] PackLoader:240 - Cannot read IP mode file for STMicroelectronics.X-CUBE-MEMS1.11.0.0
2025-02-20 21:14:22,631 [WARN] PackLoader:240 - Cannot read IP mode file for STMicroelectronics.FP-SNS-FLIGHT1.5.0.2
2025-02-20 21:14:22,654 [WARN] PackLoader:240 - Cannot read IP mode file for STMicroelectronics.X-CUBE-DISPLAY.3.0.0
2025-02-20 21:14:22,675 [WARN] PackLoader:240 - Cannot read IP mode file for STMicroelectronics.X-CUBE-BLE1.7.0.0
2025-02-20 21:14:22,700 [WARN] PackLoader:240 - Cannot read IP mode file for STMicroelectronics.X-CUBE-NFC10.1.0.0
2025-02-20 21:14:22,732 [WARN] PackLoader:240 - Cannot read IP mode file for STMicroelectronics.X-CUBE-BLEMGR.4.0.0
2025-02-20 21:14:22,757 [WARN] PackLoader:240 - Cannot read IP mode file for emotas.I-CUBE-CANOPEN.1.3.0
2025-02-20 21:14:22,778 [WARN] PackLoader:240 - Cannot read IP mode file for STMicroelectronics.X-CUBE-BLEMGR.3.1.0
2025-02-20 21:14:22,797 [WARN] PackLoader:240 - Cannot read IP mode file for STMicroelectronics.X-CUBE-AI.10.0.0
2025-02-20 21:14:22,815 [WARN] PackLoader:240 - Cannot read IP mode file for STMicroelectronics.FP-SNS-SMARTAG2.1.2.0
2025-02-20 21:14:22,899 [WARN] PackLoader:240 - Cannot read IP mode file for STMicroelectronics.X-CUBE-MEMS1.11.1.0
2025-02-20 21:14:22,918 [INFO] WebApp:780 - Register for checkConnection events
2025-02-20 21:14:22,918 [INFO] WebApp:414 - Apply proxy settings
2025-02-20 21:14:22,918 [INFO] WebApp:499 - Chromium requires no authentication
2025-02-20 21:14:22,929 [INFO] WebApp:442 - Direct internet connection detected
2025-02-20 21:14:23,033 [INFO] LogOutputStream:77 - [STDOUT_REDIRECT] 1 : Invalid condition id : UX_CORESTACK_Condition cause : null
2025-02-20 21:14:23,034 [INFO] LogOutputStream:77 - [STDOUT_REDIRECT] 1 : Invalid condition id : UX_CORESTACK_Condition cause : null
2025-02-20 21:14:23,035 [INFO] LogOutputStream:77 - [STDOUT_REDIRECT] 1 : Invalid condition id : UX_CORESTACK_Condition cause : null
2025-02-20 21:14:23,036 [INFO] LogOutputStream:77 - [STDOUT_REDIRECT] 1 : Invalid condition id : UX_CORESTACK_Condition cause : null
2025-02-20 21:14:23,038 [INFO] LogOutputStream:77 - [STDOUT_REDIRECT] 1 : Invalid condition id : UX_CORESTACK_Condition cause : null
2025-02-20 21:14:23,041 [WARN] PackLoader:240 - Cannot read IP mode file for STMicroelectronics.X-CUBE-AZRTOS-WL.2.0.0
2025-02-20 21:14:23,072 [WARN] PackLoader:240 - Cannot read IP mode file for STMicroelectronics.FP-SNS-MOTENV1.5.0.0
2025-02-20 21:14:23,086 [WARN] PackLoader:240 - Cannot read IP mode file for wolfSSL.I-CUBE-wolfMQTT.1.19.0
2025-02-20 21:14:23,102 [WARN] PackLoader:240 - Cannot read IP mode file for WES.I-CUBE-Cesium.1.3.0
2025-02-20 21:14:23,117 [WARN] PackLoader:240 - Cannot read IP mode file for STMicroelectronics.X-CUBE-BLE2.3.3.0
2025-02-20 21:14:23,140 [WARN] PackLoader:240 - Cannot read IP mode file for STMicroelectronics.X-CUBE-NFC9.1.0.0
2025-02-20 21:14:23,164 [WARN] PackLoader:240 - Cannot read IP mode file for STMicroelectronics.X-CUBE-TCPP.4.1.0
2025-02-20 21:14:23,173 [INFO] WebApp:192 - Starting web application
2025-02-20 21:14:23,173 [INFO] WebApp:544 - Web application path used C:\ST\STM32CubeIDE_1.14.1\STM32CubeIDE\plugins\com.st.stm32cube.common.mx_6.10.0.202311202037\db\plugins\mcufinder\reactClient1\index.html
2025-02-20 21:14:23,186 [WARN] PackLoader:240 - Cannot read IP mode file for STMicroelectronics.X-CUBE-ALGOBUILD.1.3.0
2025-02-20 21:14:23,227 [WARN] PackLoader:240 - Cannot read IP mode file for STMicroelectronics.X-CUBE-AZRTOS-G0.1.1.0
2025-02-20 21:14:23,254 [WARN] PackLoader:240 - Cannot read IP mode file for STMicroelectronics.X-CUBE-SAFEA1.1.2.2
2025-02-20 21:14:23,275 [WARN] PackLoader:240 - Cannot read IP mode file for STMicroelectronics.X-CUBE-NFC4.3.0.0
2025-02-20 21:14:23,302 [WARN] PackLoader:240 - Cannot read IP mode file for EmbeddedOffice.I-CUBE-FS-RTOS.1.0.1
2025-02-20 21:14:23,302 [ERROR] ConditionMgr:805 - Attr not supported : Dmpu
2025-02-20 21:14:23,302 [ERROR] ConditionMgr:805 - Attr not supported : Dmpu
2025-02-20 21:14:23,302 [ERROR] ConditionMgr:805 - Attr not supported : Dmpu
2025-02-20 21:14:23,303 [ERROR] ConditionMgr:805 - Attr not supported : Dmpu
2025-02-20 21:14:23,303 [ERROR] ConditionMgr:805 - Attr not supported : Dmpu
2025-02-20 21:14:23,303 [ERROR] ConditionMgr:805 - Attr not supported : Dmpu
2025-02-20 21:14:23,303 [ERROR] ConditionMgr:805 - Attr not supported : Dmpu
2025-02-20 21:14:23,303 [ERROR] ConditionMgr:805 - Attr not supported : Dmpu
2025-02-20 21:14:23,303 [ERROR] ConditionMgr:805 - Attr not supported : Dmpu
2025-02-20 21:14:23,303 [ERROR] ConditionMgr:805 - Attr not supported : Dmpu
2025-02-20 21:14:23,303 [ERROR] ConditionMgr:805 - Attr not supported : Dmpu
2025-02-20 21:14:23,303 [ERROR] ConditionMgr:805 - Attr not supported : Dmpu
2025-02-20 21:14:23,303 [ERROR] ConditionMgr:805 - Attr not supported : Dmpu
2025-02-20 21:14:23,303 [ERROR] ConditionMgr:805 - Attr not supported : Dmpu
2025-02-20 21:14:23,303 [ERROR] ConditionMgr:805 - Attr not supported : Dmpu
2025-02-20 21:14:23,303 [ERROR] ConditionMgr:805 - Attr not supported : Dmpu
2025-02-20 21:14:23,304 [ERROR] ConditionMgr:805 - Attr not supported : Dmpu
2025-02-20 21:14:23,304 [ERROR] ConditionMgr:805 - Attr not supported : Dmpu
2025-02-20 21:14:23,304 [ERROR] ConditionMgr:805 - Attr not supported : Dmpu
2025-02-20 21:14:23,304 [ERROR] ConditionMgr:805 - Attr not supported : Dmpu
2025-02-20 21:14:23,304 [ERROR] ConditionMgr:805 - Attr not supported : Dmpu
2025-02-20 21:14:23,304 [ERROR] ConditionMgr:805 - Attr not supported : Dmpu
2025-02-20 21:14:23,304 [ERROR] ConditionMgr:805 - Attr not supported : Dmpu
2025-02-20 21:14:23,304 [ERROR] ConditionMgr:805 - Attr not supported : Dmpu
2025-02-20 21:14:23,304 [ERROR] ConditionMgr:805 - Attr not supported : Dmpu
2025-02-20 21:14:23,304 [ERROR] ConditionMgr:805 - Attr not supported : Dmpu
2025-02-20 21:14:23,304 [ERROR] ConditionMgr:805 - Attr not supported : Dmpu
2025-02-20 21:14:23,304 [ERROR] ConditionMgr:805 - Attr not supported : Dmpu
2025-02-20 21:14:23,304 [ERROR] ConditionMgr:805 - Attr not supported : Dmpu
2025-02-20 21:14:23,304 [ERROR] ConditionMgr:805 - Attr not supported : Dmpu
2025-02-20 21:14:23,305 [ERROR] ConditionMgr:805 - Attr not supported : Dmpu
2025-02-20 21:14:23,305 [ERROR] ConditionMgr:805 - Attr not supported : Dmpu
2025-02-20 21:14:23,305 [ERROR] ConditionMgr:805 - Attr not supported : Dmpu
2025-02-20 21:14:23,305 [ERROR] ConditionMgr:805 - Attr not supported : Dmpu
2025-02-20 21:14:23,305 [ERROR] ConditionMgr:805 - Attr not supported : Dmpu
2025-02-20 21:14:23,305 [ERROR] ConditionMgr:805 - Attr not supported : Dmpu
2025-02-20 21:14:23,305 [ERROR] ConditionMgr:805 - Attr not supported : Dmpu
2025-02-20 21:14:23,305 [ERROR] ConditionMgr:805 - Attr not supported : Dmpu
2025-02-20 21:14:23,305 [ERROR] ConditionMgr:805 - Attr not supported : Dmpu
2025-02-20 21:14:23,305 [ERROR] ConditionMgr:805 - Attr not supported : Dmpu
2025-02-20 21:14:23,305 [ERROR] ConditionMgr:805 - Attr not supported : Dmpu
2025-02-20 21:14:23,305 [ERROR] ConditionMgr:805 - Attr not supported : Dmpu
2025-02-20 21:14:23,306 [ERROR] ConditionMgr:805 - Attr not supported : Dmpu
2025-02-20 21:14:23,306 [ERROR] ConditionMgr:805 - Attr not supported : Dmpu
2025-02-20 21:14:23,306 [ERROR] ConditionMgr:805 - Attr not supported : Dmpu
2025-02-20 21:14:23,306 [ERROR] ConditionMgr:805 - Attr not supported : Dmpu
2025-02-20 21:14:23,306 [ERROR] ConditionMgr:805 - Attr not supported : Dmpu
2025-02-20 21:14:23,306 [ERROR] ConditionMgr:805 - Attr not supported : Dmpu
2025-02-20 21:14:23,306 [ERROR] ConditionMgr:805 - Attr not supported : Dmpu
2025-02-20 21:14:23,306 [ERROR] ConditionMgr:805 - Attr not supported : Dmpu
2025-02-20 21:14:23,306 [ERROR] ConditionMgr:805 - Attr not supported : Dmpu
2025-02-20 21:14:23,306 [ERROR] ConditionMgr:805 - Attr not supported : Dmpu
2025-02-20 21:14:23,306 [ERROR] ConditionMgr:805 - Attr not supported : Dmpu
2025-02-20 21:14:23,306 [ERROR] ConditionMgr:805 - Attr not supported : Dmpu
2025-02-20 21:14:23,306 [ERROR] ConditionMgr:805 - Attr not supported : Dmpu
2025-02-20 21:14:23,307 [ERROR] ConditionMgr:805 - Attr not supported : Dmpu
2025-02-20 21:14:23,307 [ERROR] ConditionMgr:805 - Attr not supported : Dmpu
2025-02-20 21:14:23,307 [ERROR] ConditionMgr:805 - Attr not supported : Dmpu
2025-02-20 21:14:23,307 [ERROR] ConditionMgr:805 - Attr not supported : Dmpu
2025-02-20 21:14:23,307 [ERROR] ConditionMgr:805 - Attr not supported : Dmpu
2025-02-20 21:14:23,307 [ERROR] ConditionMgr:805 - Attr not supported : Dmpu
2025-02-20 21:14:23,307 [ERROR] ConditionMgr:805 - Attr not supported : Dmpu
2025-02-20 21:14:23,307 [ERROR] ConditionMgr:805 - Attr not supported : Dmpu
2025-02-20 21:14:23,307 [ERROR] ConditionMgr:805 - Attr not supported : Dmpu
2025-02-20 21:14:23,327 [WARN] PackLoader:240 - Cannot read IP mode file for STMicroelectronics.X-CUBE-BLEMGR.3.0.0
2025-02-20 21:14:23,341 [ERROR] Engine:466 - C:\Users\tkach\.stm32cubemx\thirdparties\pdsc\STMicroelectronics.X-CUBE-TCPP.4.2.0.pdsc: PDSC version is not supported
2025-02-20 21:14:23,354 [WARN] PackLoader:240 - Cannot read IP mode file for RealThread.X-CUBE-RT-Thread_Nano.4.1.1
2025-02-20 21:14:23,372 [WARN] PackLoader:240 - Cannot read IP mode file for STMicroelectronics.FP-ATR-SIGFOX1.3.2.0
2025-02-20 21:14:23,389 [WARN] ConditionMgr:438 - getConditionDescription Invalid condition id : Cortex-A Device cause : null
2025-02-20 21:14:23,419 [WARN] ConditionMgr:1039 - genDependencies : Invalid condition id : Cortex-A Device cause : null
2025-02-20 21:14:23,420 [WARN] ConditionMgr:1039 - genDependencies : Invalid condition id : Cortex-A Device cause : null
2025-02-20 21:14:23,420 [WARN] ConditionMgr:1039 - genDependencies : Invalid condition id : Cortex-A Device cause : null
2025-02-20 21:14:23,439 [WARN] PackLoader:240 - Cannot read IP mode file for STMicroelectronics.X-CUBE-EEPRMA1.5.1.0
2025-02-20 21:14:23,495 [WARN] PackLoader:240 - Cannot read IP mode file for SEGGER.I-CUBE-embOS.1.3.1
2025-02-20 21:14:23,571 [WARN] PackLoader:240 - Cannot read IP mode file for STMicroelectronics.X-CUBE-ALGOBUILD.1.4.0
2025-02-20 21:14:23,588 [WARN] PackLoader:240 - Cannot read IP mode file for STMicroelectronics.X-CUBE-AI.9.1.0
2025-02-20 21:14:23,606 [WARN] PackLoader:240 - Cannot read IP mode file for STMicroelectronics.X-CUBE-GNSS1.6.0.0
2025-02-20 21:14:23,636 [WARN] PackLoader:240 - Cannot read IP mode file for STMicroelectronics.X-CUBE-AZRTOS-F4.1.1.0
2025-02-20 21:14:23,653 [WARN] PackLoader:240 - Cannot read IP mode file for STMicroelectronics.X-CUBE-ISPU.2.1.0
2025-02-20 21:14:23,669 [WARN] PackLoader:240 - Cannot read IP mode file for STMicroelectronics.X-CUBE-FREERTOS.1.2.0
2025-02-20 21:14:23,686 [WARN] PackLoader:240 - Cannot read IP mode file for wolfSSL.I-CUBE-wolfSSL.5.6.6
2025-02-20 21:14:23,720 [WARN] PackLoader:240 - Cannot read IP mode file for STMicroelectronics.X-CUBE-AZRTOS-L5.2.0.0
2025-02-20 21:14:23,737 [WARN] PackLoader:240 - Cannot read IP mode file for STMicroelectronics.X-CUBE-EEPRMA1.4.2.0
2025-02-20 21:14:23,754 [WARN] PackLoader:240 - Cannot read IP mode file for STMicroelectronics.X-CUBE-NFC6.3.1.0
2025-02-20 21:14:23,770 [WARN] PackLoader:240 - Cannot read IP mode file for ITTIA_DB.I-CUBE-ITTIADB.8.8.0
2025-02-20 21:14:23,786 [WARN] PackLoader:240 - Cannot read IP mode file for STMicroelectronics.X-CUBE-DPower.1.2.0
2025-02-20 21:14:23,801 [WARN] PackLoader:240 - Cannot read IP mode file for STMicroelectronics.X-CUBE-AI.9.0.0
2025-02-20 21:14:23,816 [WARN] PackLoader:240 - Cannot read IP mode file for STMicroelectronics.X-CUBE-FREERTOS.1.3.0
2025-02-20 21:14:23,830 [WARN] PackLoader:240 - Cannot read IP mode file for STMicroelectronics.X-CUBE-NFC7.1.0.1
2025-02-20 21:14:23,846 [WARN] PackLoader:240 - Cannot read IP mode file for STMicroelectronics.X-CUBE-NFC6.3.0.0
2025-02-20 21:14:23,865 [WARN] PackLoader:240 - Cannot read IP mode file for STMicroelectronics.X-CUBE-AI.8.1.0
2025-02-20 21:14:23,895 [WARN] ConditionMgr:438 - getConditionDescription Invalid condition id : LAN8742 Phy interface Condition cause : null
2025-02-20 21:14:23,895 [WARN] PackLoader:240 - Cannot read IP mode file for STMicroelectronics.X-CUBE-AZRTOS-L4.2.0.0
2025-02-20 21:14:23,897 [WARN] ConditionMgr:1039 - genDependencies : Invalid condition id : LAN8742 Phy interface Condition cause : null
2025-02-20 21:14:23,897 [WARN] ConditionMgr:1039 - genDependencies : Invalid condition id : LAN8742 Phy interface Condition cause : null
2025-02-20 21:14:23,898 [WARN] ConditionMgr:1039 - genDependencies : Invalid condition id : LAN8742 Phy interface Condition cause : null
2025-02-20 21:14:23,914 [WARN] PackLoader:240 - Cannot read IP mode file for STMicroelectronics.X-CUBE-SFXS2LP1.4.0.0
2025-02-20 21:14:23,945 [WARN] PackLoader:240 - Cannot read IP mode file for STMicroelectronics.X-CUBE-AZRTOS-H7.3.3.0
2025-02-20 21:14:23,973 [WARN] PackLoader:240 - Cannot read IP mode file for STMicroelectronics.X-CUBE-IPS.3.0.0
2025-02-20 21:14:24,000 [WARN] ConditionMgr:438 - getConditionDescription Invalid condition id : UX DEVICE CLASS RTOS Condition cause : null
2025-02-20 21:14:24,001 [WARN] ConditionMgr:438 - getConditionDescription Invalid condition id : UX DEVICE CLASS RTOS Condition cause : null
2025-02-20 21:14:24,002 [WARN] PackLoader:240 - Cannot read IP mode file for STMicroelectronics.X-CUBE-AZRTOS-WB.2.0.0
2025-02-20 21:14:24,002 [WARN] ConditionMgr:1039 - genDependencies : Invalid condition id : UX DEVICE CLASS RTOS Condition cause : null
2025-02-20 21:14:24,003 [WARN] ConditionMgr:1039 - genDependencies : Invalid condition id : UX DEVICE CLASS RTOS Condition cause : null
2025-02-20 21:14:24,003 [WARN] ConditionMgr:1039 - genDependencies : Invalid condition id : UX DEVICE CLASS RTOS Condition cause : null
2025-02-20 21:14:24,003 [WARN] ConditionMgr:1039 - genDependencies : Invalid condition id : UX DEVICE CLASS RTOS Condition cause : null
2025-02-20 21:14:24,003 [WARN] ConditionMgr:1039 - genDependencies : Invalid condition id : UX DEVICE CLASS RTOS Condition cause : null
2025-02-20 21:14:24,019 [WARN] PackLoader:240 - Cannot read IP mode file for STMicroelectronics.X-CUBE-GNSS1.7.0.0
2025-02-20 21:14:24,034 [WARN] PackLoader:240 - Cannot read IP mode file for STMicroelectronics.X-CUBE-GNSS1.7.0.1
2025-02-20 21:14:24,049 [WARN] PackLoader:240 - Cannot read IP mode file for STMicroelectronics.FP-SNS-STBOX1.2.0.0
2025-02-20 21:14:24,075 [WARN] PackLoader:240 - Cannot read IP mode file for STMicroelectronics.X-CUBE-SUBG2.5.0.0
2025-02-20 21:14:24,112 [WARN] PackLoader:240 - Cannot read IP mode file for STMicroelectronics.X-CUBE-AZRTOS-G4.2.0.0
2025-02-20 21:14:24,140 [WARN] PackLoader:240 - Cannot read IP mode file for Infineon.AIROC-Wi-Fi-Bluetooth-STM32.1.5.1
2025-02-20 21:14:24,161 [WARN] PackLoader:240 - Cannot read IP mode file for STMicroelectronics.FP-SNS-MOTENVWB1.1.3.1
2025-02-20 21:14:24,182 [WARN] PackLoader:240 - Cannot read IP mode file for STMicroelectronics.X-CUBE-ISPU.2.0.0
2025-02-20 21:14:24,201 [ERROR] Engine:466 - C:\Users\tkach\.stm32cubemx\thirdparties\pdsc\STMicroelectronics.X-CUBE-IPS.3.1.0.pdsc: PDSC version is not supported
2025-02-20 21:14:24,218 [WARN] PackLoader:240 - Cannot read IP mode file for STMicroelectronics.X-CUBE-ALS.1.0.2
2025-02-20 21:14:24,258 [WARN] PackLoader:240 - Cannot read IP mode file for STMicroelectronics.X-CUBE-MEMS1.10.0.0
2025-02-20 21:14:24,374 [WARN] PackLoader:240 - Cannot read IP mode file for STMicroelectronics.X-CUBE-FREERTOS.1.1.0
2025-02-20 21:14:24,387 [WARN] PackLoader:240 - Cannot read IP mode file for STMicroelectronics.X-CUBE-TOUCHGFX.4.24.0
2025-02-20 21:14:24,400 [WARN] PackLoader:240 - Cannot read IP mode file for STMicroelectronics.X-CUBE-TOUCHGFX.4.24.2
2025-02-20 21:14:24,413 [WARN] PackLoader:240 - Cannot read IP mode file for STMicroelectronics.X-CUBE-TOUCHGFX.4.24.1
2025-02-20 21:14:24,427 [WARN] PackLoader:240 - Cannot read IP mode file for wolfSSL.I-CUBE-wolfTPM.3.4.0
2025-02-20 21:14:24,441 [WARN] PackLoader:240 - Cannot read IP mode file for portGmbH.I-Cube-SoM-uGOAL.1.1.0
2025-02-20 21:14:24,454 [WARN] PackLoader:240 - Cannot read IP mode file for STMicroelectronics.X-CUBE-ALS.1.0.1
2025-02-20 21:14:24,485 [WARN] PackLoader:240 - Cannot read IP mode file for STMicroelectronics.X-CUBE-AZRTOS-H7RS.1.0.0
2025-02-20 21:14:24,502 [WARN] PackLoader:240 - Cannot read IP mode file for STMicroelectronics.FP-ATR-ASTRA1.2.0.0
2025-02-20 21:14:24,521 [WARN] PackLoader:240 - Cannot read IP mode file for STMicroelectronics.X-CUBE-TOF1.3.4.2
2025-02-20 21:14:24,549 [WARN] PackLoader:240 - Cannot read IP mode file for STMicroelectronics.X-CUBE-TOF1.3.4.0
2025-02-20 21:14:24,575 [WARN] PackLoader:240 - Cannot read IP mode file for STMicroelectronics.X-CUBE-TOF1.3.4.1
2025-02-20 21:14:24,607 [WARN] PackLoader:240 - Cannot read IP mode file for STMicroelectronics.X-CUBE-AZRTOS-H7.3.2.0
2025-02-20 21:14:24,622 [WARN] PackLoader:240 - Cannot read IP mode file for wolfSSL.I-CUBE-wolfSSH.1.4.17
2025-02-20 21:14:24,622 [INFO] ThirdParty:978 - Integrity check success = true
2025-02-20 21:14:24,623 [INFO] IntegrityCheckThread:100 - exiting critical section [integrity check]
2025-02-20 21:14:24,623 [INFO] IntegrityCheckThread:103 - End integrity checks thread
2025-02-20 21:14:44,178 [ERROR] LogOutputStream:75 - [STDERR_REDIRECT] SLF4J: Failed to load class "org.slf4j.impl.StaticLoggerBinder".
2025-02-20 21:14:44,178 [ERROR] LogOutputStream:75 - [STDERR_REDIRECT] SLF4J: Defaulting to no-operation (NOP) logger implementation
2025-02-20 21:14:44,180 [ERROR] LogOutputStream:75 - [STDERR_REDIRECT] SLF4J: See http://www.slf4j.org/codes.html#StaticLoggerBinder for further details.
2025-02-20 21:33:14,153 [INFO] McuFinderGlobals:63 - Set McuFinder mode to 2 (CubeIDE integrated)
2025-02-20 21:33:14,181 [INFO] MainUpdater:2873 - connection check result : 10
2025-02-20 21:33:14,188 [INFO] MainUpdater:2873 - connection check result : 10
2025-02-20 21:33:14,384 [INFO] MicroXplorer:468 - Change Database Path : 
2025-02-20 21:33:14,384 [INFO] MicroXplorer:498 - Change Database Version : DB.6.0.100
2025-02-20 21:33:14,387 [WARN] ThirdParty:871 - waiting for thirdparty lock release [close project]
2025-02-20 21:33:14,388 [INFO] ThirdParty:873 - entering critical section [close project]
2025-02-20 21:33:14,389 [INFO] ThirdParty:883 - exiting critical section [close project]
2025-02-20 21:33:14,390 [INFO] PinOutPanel:1499 - setPackage(No Configuration,No Configuration)
2025-02-20 21:33:14,394 [INFO] UtilMem:75 - Begin LoadConfig() Used Memory: 636783304 Bytes (1073741824)
2025-02-20 21:33:14,395 [INFO] MicroXplorer:468 - Change Database Path : 
2025-02-20 21:33:14,395 [INFO] MicroXplorer:498 - Change Database Version : DB.6.0.100
2025-02-20 21:33:14,395 [INFO] OpenFileManager:312 - Change cursor
2025-02-20 21:33:14,437 [INFO] Mcu:2016 - Initializing MCU STM32F429ZITx STM32F429ZITx STM32F429ZIT6
2025-02-20 21:33:16,600 [INFO] Context:659 - Trying to add GPIOservice into a context  which must be forbidden
2025-02-20 21:33:17,379 [INFO] RtosManager:555 - Registered RTOS mode: class=CMSIS, group=RTOS, mode=CMSIS_V1, owner=FREERTOS
2025-02-20 21:33:17,379 [INFO] RtosManager:555 - Registered RTOS mode: class=CMSIS, group=RTOS2, mode=CMSIS_V2, owner=FREERTOS
2025-02-20 21:33:17,379 [INFO] RtosManager:555 - Registered RTOS mode: class=RTOS, group=Core, mode=CMSIS_V1, owner=FREERTOS
2025-02-20 21:33:17,379 [INFO] RtosManager:555 - Registered RTOS mode: class=RTOS, group=Core, mode=CMSIS_V2, owner=FREERTOS
2025-02-20 21:33:17,380 [WARN] ModelIntegratedComponent:184 - Missing modes for component STMicroelectronics:FreeRTOS:0.0.1:STMicroelectronics:RTOS:FreeRTOS:Core:::10.2.0:
2025-02-20 21:33:17,384 [WARN] ModelIntegratedComponent:63 - No mode defined for component null
2025-02-20 21:33:17,384 [WARN] ModelIntegratedComponent:63 - No mode defined for component null
2025-02-20 21:33:17,385 [WARN] ModelIntegratedComponent:63 - No mode defined for component null
2025-02-20 21:33:17,385 [WARN] ModelIntegratedComponent:63 - No mode defined for component null
2025-02-20 21:33:17,385 [WARN] ModelIntegratedComponent:63 - No mode defined for component null
2025-02-20 21:33:17,385 [WARN] ModelIntegratedComponent:63 - No mode defined for component null
2025-02-20 21:33:17,385 [WARN] ModelIntegratedComponent:63 - No mode defined for component null
2025-02-20 21:33:17,385 [WARN] ModelIntegratedComponent:63 - No mode defined for component null
2025-02-20 21:33:17,385 [WARN] ModelIntegratedComponent:63 - No mode defined for component null
2025-02-20 21:33:17,385 [WARN] ModelIntegratedComponent:63 - No mode defined for component null
2025-02-20 21:33:17,385 [WARN] ModelIntegratedComponent:63 - No mode defined for component null
2025-02-20 21:33:17,385 [WARN] ModelIntegratedComponent:63 - No mode defined for component null
2025-02-20 21:33:17,385 [WARN] ModelIntegratedComponent:63 - No mode defined for component null
2025-02-20 21:33:17,385 [WARN] ModelIntegratedComponent:63 - No mode defined for component null
2025-02-20 21:33:17,385 [WARN] ModelIntegratedComponent:63 - No mode defined for component null
2025-02-20 21:33:17,385 [WARN] ModelIntegratedComponent:63 - No mode defined for component null
2025-02-20 21:33:17,385 [WARN] ModelIntegratedComponent:63 - No mode defined for component null
2025-02-20 21:33:17,385 [WARN] ModelIntegratedComponent:63 - No mode defined for component null
2025-02-20 21:33:17,385 [WARN] ModelIntegratedComponent:63 - No mode defined for component null
2025-02-20 21:33:17,385 [WARN] ModelIntegratedComponent:63 - No mode defined for component null
2025-02-20 21:33:17,385 [WARN] ModelIntegratedComponent:63 - No mode defined for component null
2025-02-20 21:33:17,385 [WARN] ModelIntegratedComponent:63 - No mode defined for component null
2025-02-20 21:33:17,385 [WARN] ModelIntegratedComponent:63 - No mode defined for component null
2025-02-20 21:33:17,385 [WARN] ModelIntegratedComponent:63 - No mode defined for component null
2025-02-20 21:33:17,386 [WARN] ModelIntegratedComponent:63 - No mode defined for component null
2025-02-20 21:33:17,386 [WARN] ModelIntegratedComponent:63 - No mode defined for component null
2025-02-20 21:33:17,386 [WARN] ModelIntegratedComponent:63 - No mode defined for component null
2025-02-20 21:33:17,386 [WARN] ModelIntegratedComponent:63 - No mode defined for component null
2025-02-20 21:33:17,386 [WARN] ModelIntegratedComponent:63 - No mode defined for component null
2025-02-20 21:33:17,386 [WARN] ModelIntegratedComponent:63 - No mode defined for component null
2025-02-20 21:33:17,386 [WARN] ModelIntegratedComponent:63 - No mode defined for component null
2025-02-20 21:33:17,386 [WARN] ModelIntegratedComponent:63 - No mode defined for component null
2025-02-20 21:33:17,386 [WARN] ModelIntegratedComponent:63 - No mode defined for component null
2025-02-20 21:33:17,585 [INFO] ThirdPartyModel:298 - Start build external matchings
2025-02-20 21:33:18,680 [INFO] ThirdPartyModel:316 - End build external matchings
2025-02-20 21:33:18,715 [INFO] ImportTextPane:194 - (OptionalMessage_ERROR) IP (RCC) : Invalid parameter (FamilyName)
2025-02-20 21:33:18,715 [INFO] ImportTextPane:194 - (OptionalMessage_ERROR) IP (RCC) : Parameter (MCO2PinFreq_Value) has invalid value (168000000)
2025-02-20 21:33:18,715 [INFO] ImportTextPane:194 - (OptionalMessage_ERROR) IP (RCC) : Parameter (RTCHSEDivFreq_Value) has invalid value (4000000)
2025-02-20 21:33:18,716 [WARN] IP:2119 - DEVICE_SERIAL0_CDC_FS not found: check if there is a RefParameter without a condition.
2025-02-20 21:33:18,716 [WARN] IP:2119 - DEVICE_SERIAL1_CDC_FS not found: check if there is a RefParameter without a condition.
2025-02-20 21:33:18,716 [WARN] IP:2119 - DEVICE_SERIAL2_CDC_FS not found: check if there is a RefParameter without a condition.
2025-02-20 21:33:19,047 [INFO] UtilMem:75 - End LoadConfig() Used Memory: 799269632 Bytes (1073741824)
2025-02-20 21:33:19,411 [INFO] ApiDb:581 - Connected to CubeFinder SQLite database (C:\Users\tkach\.stmcufinder\plugins\mcufinder\mcu\cube-finder-db.db)
2025-02-20 21:33:19,531 [INFO] ApiDb:668 - CubeFinder database Data Model version=2.1
2025-02-20 21:33:19,531 [INFO] ApiDb:669 - CubeFinder database Configuration version=3.0.39
2025-02-20 21:33:19,533 [INFO] ApiDb:670 - CubeFinder database generation date=2024-12-31 (1735638994)
2025-02-20 21:33:19,533 [INFO] ApiDb:671 - CubeFinder database FW Pack versions=[FP-ATR-ASTRA1_V2.0.0, FP-SNS-FLIGHT1_V5.0.2, FP-SNS-MOTENV1_V5.0.0, FP-SNS-MOTENVWB1_V1.4.0, FP-SNS-SMARTAG2_V1.2.0, FP-SNS-STBOX1_V2.0.0, STM32Cube_FW_C0_V1.3.0, STM32Cube_FW_F4_V1.28.1, STM32Cube_FW_F7_V1.17.2, STM32Cube_FW_G0_V1.6.2, STM32Cube_FW_G4_V1.6.1, STM32Cube_FW_H5_V1.4.0, STM32Cube_FW_H7RS_V1.1.0, STM32Cube_FW_H7_V1.12.0, STM32Cube_FW_L0_V1.12.2, STM32Cube_FW_L4_V1.18.1, STM32Cube_FW_L5_V1.5.1, STM32Cube_FW_N6_V1.0.0, STM32Cube_FW_U0_V1.2.0, STM32Cube_FW_U3_V1.0.0, STM32Cube_FW_U5_V1.7.0, STM32Cube_FW_WB0_V1.1.0, STM32Cube_FW_WBA_V1.5.0, STM32Cube_FW_WB_V1.21.0, STM32Cube_FW_WL3_V1.0.0, STM32Cube_FW_WL_V1.3.0, X-CUBE-ALGOBUILD_V1.4.0, X-CUBE-ALS_V1.0.2, X-CUBE-AZRTOS-F4_V1.1.0, X-CUBE-AZRTOS-F7_V1.1.0, X-CUBE-AZRTOS-G0_V1.1.0, X-CUBE-AZRTOS-G4_V2.0.0, X-CUBE-AZRTOS-H7RS_V1.0.0, X-CUBE-AZRTOS-H7_V3.3.0, X-CUBE-AZRTOS-L4_V2.0.0, X-CUBE-AZRTOS-L5_V2.0.0, X-CUBE-AZRTOS-WB_V2.0.0, X-CUBE-AZRTOS-WL_V2.0.0, X-CUBE-BLE1_V7.0.0, X-CUBE-BLE2_V3.3.0, X-CUBE-BLEMGR_V4.0.0, X-CUBE-EEPRMA1_V5.1.0, X-CUBE-FREERTOS_V1.2.0, X-CUBE-GNSS1_V6.0.0, X-CUBE-MEMS1_V11.1.0, X-CUBE-NFC4_V3.0.0, X-CUBE-NFC7_V1.0.1, X-CUBE-SFXS2LP1_V4.0.0, X-CUBE-SUBG2_V5.0.0, X-CUBE-TOF1_V3.4.2]
2025-02-20 21:33:22,437 [INFO] ApiDb:240 - Found 371 in-development CPN: [B-G473E-ZEST1S, B-WB1M-WPAN1, B-WL5M-SUBG1, NUCLEO-C031C6, NUCLEO-H503RB, NUCLEO-H563ZI, NUCLEO-U545RE-Q, NUCLEO-U5A5ZJ-Q, NUCLEO-WBA52CG, NUCLEO-WBA55CG, STEVAL-MKBOXPRO, STEVAL-PROTEUS1, STEVAL-STWINBX1, STM320518-EVAL, STM32C0116-DK, STM32C011D6Y3TR, STM32C011D6Y6TR, STM32C011F4P3, STM32C011F4P6, STM32C011F4U3, STM32C011F4U6TR, STM32C011F6P3, STM32C011F6P6, STM32C011F6U3, STM32C011F6U6TR, STM32C011J4M3, STM32C011J4M6, STM32C011J6M3, STM32C011J6M6, STM32C0316-DK, STM32C031C4T3, STM32C031C4T6, STM32C031C4U3, STM32C031C4U6, STM32C031C6T3, STM32C031C6T6, STM32C031C6U3, STM32C031C6U6, STM32C031F4P3, STM32C031F4P6, STM32C031F6P3, STM32C031F6P6, STM32C031G4U3, STM32C031G4U6, STM32C031G6U3, STM32C031G6U6, STM32C031K4T3, STM32C031K4T6, STM32C031K4U3, STM32C031K4U6, STM32C031K6T3, STM32C031K6T6, STM32C031K6U3, STM32C031K6U6, STM32G071K8TXN, STM32G071K8UXN, STM32G081GBU6N, STM32G081KBT6N, STM32G081KBUXN, STM32G0B1CCT6N, STM32G0B1KCT6, STM32G0B1NEY6TR, STM32G0B1RCT6N, STM32G0C1CCT6, STM32G0C1CCT6N, STM32G0C1CCU6N, STM32G0C1CET6N, STM32G0C1CEU6N, STM32G0C1KCT6, STM32G0C1NEY6TR, STM32G0C1RCI6N, STM32G0C1RCT6N, STM32G0C1REI6N, STM32G0C1RET6N, STM32G0C1VCI6, STM32G0C1VEI6, STM32G471CCT6, STM32G471CCU6, STM32G471CET3, STM32G471CET6, STM32G471CEU3, STM32G471CEU6, STM32G471MCT6, STM32G471MET3, STM32G471MET6, STM32G471MEY6TR, STM32G471QCT6, STM32G471QET3, STM32G471RCT6, STM32G471RET3, STM32G471RET6, STM32G471VCH6, STM32G471VCI6, STM32G471VCT6, STM32G471VEH3, STM32G471VEH6, STM32G471VEI3, STM32G471VEI6, STM32G471VET3, STM32G471VET6, STM32G474CCT6, STM32H503CBT6, STM32H503CBU6, STM32H503EBY6TR, STM32H503KBU6, STM32H503RBT6, STM32H562AGI6, STM32H562AII6, STM32H562IGK6, STM32H562IGT6, STM32H562IIK6, STM32H562IIT6, STM32H562RGT6, STM32H562RGV6, STM32H562RIT6, STM32H562RIV6, STM32H562VGT6, STM32H562VIT6, STM32H562ZGT6, STM32H562ZIT6, STM32H563AGI6, STM32H563AII3Q, STM32H563AII6, STM32H563IGK6, STM32H563IGT6, STM32H563IIK3Q, STM32H563IIK6, STM32H563IIT3Q, STM32H563IIT6, STM32H563MIY3QTR, STM32H563RGT6, STM32H563RGV6, STM32H563RIT6, STM32H563RIV6, STM32H563VGT6, STM32H563VIT3Q, STM32H563VIT6, STM32H563ZGT6, STM32H563ZIT3Q, STM32H563ZIT6, STM32H573AII3Q, STM32H573AII6, STM32H573I-DK, STM32H573IIK3Q, STM32H573IIK6, STM32H573IIT3Q, STM32H573IIT6, STM32H573MIY3QTR, STM32H573RIT6, STM32H573RIV6, STM32H573VIT3Q, STM32H573VIT6, STM32H573ZIT3Q, STM32H573ZIT6, STM32L4R5QGI6STR, STM32MP131AAE3, STM32MP131AAF3, STM32MP131AAG3, STM32MP131CAE3, STM32MP131CAF3, STM32MP131CAG3, STM32MP131DAE7, STM32MP131DAF7, STM32MP131DAG7, STM32MP131FAE7, STM32MP131FAF7, STM32MP131FAG7, STM32MP133AAE3, STM32MP133AAF3, STM32MP133AAG3, STM32MP133CAE3, STM32MP133CAF3, STM32MP133CAG3, STM32MP133DAE7, STM32MP133DAF7, STM32MP133DAG7, STM32MP133FAE7, STM32MP133FAF7, STM32MP133FAG7, STM32MP135AAE3, STM32MP135AAF3, STM32MP135AAG3, STM32MP135CAE3, STM32MP135CAF3, STM32MP135CAG3, STM32MP135DAE7, STM32MP135DAF7, STM32MP135DAG7, STM32MP135F-DK, STM32MP135FAE7, STM32MP135FAF7, STM32MP135FAF7T, STM32MP135FAF7U, STM32MP135FAG7, STM32U535CBT6, STM32U535CBT6Q, STM32U535CBU6, STM32U535CBU6Q, STM32U535CCT6, STM32U535CCT6Q, STM32U535CCU6, STM32U535CCU6Q, STM32U535CET6, STM32U535CET6Q, STM32U535CEU6, STM32U535CEU6Q, STM32U535JEY6QTR, STM32U535NCY6QTR, STM32U535NEY6QTR, STM32U535RBI6, STM32U535RBI6Q, STM32U535RBT6, STM32U535RBT6Q, STM32U535RCI6, STM32U535RCI6Q, STM32U535RCT6, STM32U535RCT6Q, STM32U535REI6, STM32U535REI6Q, STM32U535RET6, STM32U535RET6Q, STM32U535VCI6, STM32U535VCI6Q, STM32U535VCT6, STM32U535VCT6Q, STM32U535VEI6, STM32U535VEI6Q, STM32U535VET6, STM32U535VET6Q, STM32U545CET6, STM32U545CET6Q, STM32U545CEU6, STM32U545CEU6Q, STM32U545JEY6QTR, STM32U545NEY6QTR, STM32U545REI6, STM32U545REI6Q, STM32U545RET6, STM32U545RET6Q, STM32U545VEI6, STM32U545VEI6Q, STM32U545VET6, STM32U545VET6Q, STM32U595AIH6, STM32U595AIH6Q, STM32U595AJH6, STM32U595AJH6Q, STM32U595QII6, STM32U595QII6Q, STM32U595QJI6, STM32U595QJI6Q, STM32U595RIT6, STM32U595RIT6Q, STM32U595RJT6, STM32U595RJT6Q, STM32U595VIT6, STM32U595VIT6Q, STM32U595VJT6, STM32U595VJT6Q, STM32U595ZIT6, STM32U595ZIT6Q, STM32U595ZIY6QTR, STM32U595ZJT6, STM32U595ZJT6Q, STM32U595ZJY6QTR, STM32U599BJY6QTR, STM32U599NIH6Q, STM32U599NJH6Q, STM32U599VIT6Q, STM32U599VJT6, STM32U599VJT6Q, STM32U599ZIT6Q, STM32U599ZIY6QTR, STM32U599ZJT6Q, STM32U599ZJY6QTR, STM32U5A5AJH6, STM32U5A5AJH6Q, STM32U5A5QJI6, STM32U5A5QJI6Q, STM32U5A5RJT6, STM32U5A5RJT6Q, STM32U5A5VJT6, STM32U5A5VJT6Q, STM32U5A5ZJT6, STM32U5A5ZJT6Q, STM32U5A5ZJY6QTR, STM32U5A9BJY6QTR, STM32U5A9J-DK, STM32U5A9NJH6Q, STM32U5A9VJT6Q, STM32U5A9ZJT6Q, STM32U5A9ZJY6QTR, STM32U5F7VIT6, STM32U5F7VIT6Q, STM32U5F7VJT6, STM32U5F7VJT6Q, STM32U5F9BJY6QTR, STM32U5F9NJH6Q, STM32U5F9VIT6Q, STM32U5F9VJT6Q, STM32U5F9ZIJ6QTR, STM32U5F9ZIT6Q, STM32U5F9ZJJ6QTR, STM32U5F9ZJT6Q, STM32U5G7VJT6, STM32U5G7VJT6Q, STM32U5G9BJY6QTR, STM32U5G9J-DK1, STM32U5G9J-DK2, STM32U5G9NJH6Q, STM32U5G9VJT6Q, STM32U5G9ZJJ6QTR, STM32U5G9ZJT6Q, STM32WB1MMCH6, STM32WBA50KEU6, STM32WBA50KEU6TR, STM32WBA50KGU6, STM32WBA50KGU6TR, STM32WBA52CEU6, STM32WBA52CEU6TR, STM32WBA52CEU7, STM32WBA52CEU7TR, STM32WBA52CGU6, STM32WBA52CGU6TR, STM32WBA52CGU6U, STM32WBA52CGU7, STM32WBA52CGU7TR, STM32WBA52KEU6, STM32WBA52KEU6TR, STM32WBA52KGU6, STM32WBA52KGU6TR, STM32WBA54CEU6, STM32WBA54CEU6TR, STM32WBA54CEU7, STM32WBA54CEU7TR, STM32WBA54CGU6, STM32WBA54CGU6TR, STM32WBA54CGU7, STM32WBA54CGU7TR, STM32WBA54KEU6, STM32WBA54KEU6TR, STM32WBA54KEU7, STM32WBA54KEU7TR, STM32WBA54KGU6, STM32WBA54KGU6TR, STM32WBA54KGU7, STM32WBA54KGU7TR, STM32WBA55CEU6, STM32WBA55CEU6TR, STM32WBA55CEU7, STM32WBA55CEU7TR, STM32WBA55CGU6, STM32WBA55CGU6TR, STM32WBA55CGU6U, STM32WBA55CGU7, STM32WBA55CGU7TR, STM32WBA55G-DK1, STM32WBA55HEF6, STM32WBA55HEF7, STM32WBA55HGF6, STM32WBA55HGF7, STM32WBA55UEI6, STM32WBA55UEI6TR, STM32WBA55UEI7, STM32WBA55UEI7TR, STM32WBA55UGI6, STM32WBA55UGI6TR, STM32WBA55UGI7, STM32WBA55UGI7TR, STM32WL5MOCH6, STM32WL5MOCH6TR]
2025-02-20 21:33:22,440 [INFO] DbMcus:218 - Found 4440 MCUs, 4440 are supported
2025-02-20 21:33:22,441 [INFO] ApiDb:423 - Load user favorites file C:\Users\tkach/.stm32cubeide/favorites.mcus.txt: 0 item(s)
2025-02-20 21:33:22,441 [INFO] ApiDb:427 - User favorites MCUs=[]
2025-02-20 21:33:22,441 [INFO] DbMcus:224 - Set 0 / 0 favorites MCUs
2025-02-20 21:33:22,945 [INFO] MicroXplorer:468 - Change Database Path : 
2025-02-20 21:33:22,945 [INFO] MicroXplorer:498 - Change Database Version : DB.6.0.100
2025-02-20 21:33:22,945 [WARN] ThirdParty:833 - waiting for thirdparty lock release [change project]
2025-02-20 21:33:22,945 [INFO] ThirdParty:835 - entering critical section [change project]
2025-02-20 21:33:22,946 [INFO] ThirdParty:1030 - CMSIS Pack Vendor :STMicroelectronics USBPD 4.1
2025-02-20 21:33:22,946 [INFO] ThirdParty:1030 - CMSIS Pack Vendor :STMicroelectronics X-CUBE-GNSS1 6.0.0
2025-02-20 21:33:22,946 [INFO] ThirdParty:1030 - CMSIS Pack Vendor :STMicroelectronics USB_HOST 2.0.0
2025-02-20 21:33:22,946 [INFO] ThirdParty:1030 - CMSIS Pack Vendor :STMicroelectronics FP-SNS-MOTENVWB1 1.4.0
2025-02-20 21:33:22,946 [INFO] ThirdParty:1030 - CMSIS Pack Vendor :STMicroelectronics X-CUBE-AZRTOS-F4 1.1.0
2025-02-20 21:33:22,946 [INFO] ThirdParty:1030 - CMSIS Pack Vendor :STMicroelectronics LIBJPEG 8.0.0
2025-02-20 21:33:22,946 [INFO] ThirdParty:1030 - CMSIS Pack Vendor :STMicroelectronics FP-ATR-ASTRA1 2.0.1
2025-02-20 21:33:22,946 [INFO] ThirdParty:1030 - CMSIS Pack Vendor :STMicroelectronics X-CUBE-SMBUS 2.1.0
2025-02-20 21:33:22,946 [INFO] ThirdParty:1030 - CMSIS Pack Vendor :STMicroelectronics X-CUBE-WB05N 1.1.0
2025-02-20 21:33:22,946 [INFO] ThirdParty:1030 - CMSIS Pack Vendor :STMicroelectronics X-CUBE-ISPU 2.1.0
2025-02-20 21:33:22,946 [INFO] ThirdParty:1030 - CMSIS Pack Vendor :STMicroelectronics X-CUBE-FREERTOS 1.2.0
2025-02-20 21:33:22,946 [INFO] ThirdParty:1030 - CMSIS Pack Vendor :wolfSSL I-CUBE-wolfSSL 5.6.6
2025-02-20 21:33:22,946 [INFO] ThirdParty:1030 - CMSIS Pack Vendor :STMicroelectronics X-CUBE-TOUCHGFX 4.23.0
2025-02-20 21:33:22,946 [INFO] ThirdParty:1030 - CMSIS Pack Vendor :STMicroelectronics X-CUBE-TOUCHGFX 4.23.2
2025-02-20 21:33:22,946 [INFO] ThirdParty:1030 - CMSIS Pack Vendor :STMicroelectronics X-CUBE-AZRTOS-F7 1.1.0
2025-02-20 21:33:22,946 [INFO] ThirdParty:1030 - CMSIS Pack Vendor :STMicroelectronics X-CUBE-AZRTOS-L5 2.0.0
2025-02-20 21:33:22,946 [INFO] ThirdParty:1030 - CMSIS Pack Vendor :STMicroelectronics USB_DEVICE 2.0.0
2025-02-20 21:33:22,946 [INFO] ThirdParty:1030 - CMSIS Pack Vendor :STMicroelectronics X-CUBE-EEPRMA1 4.2.0
2025-02-20 21:33:22,946 [INFO] ThirdParty:1030 - CMSIS Pack Vendor :STMicroelectronics X-CUBE-NFC6 3.1.0
2025-02-20 21:33:22,946 [INFO] ThirdParty:1030 - CMSIS Pack Vendor :ITTIA_DB I-CUBE-ITTIADB 8.8.0
2025-02-20 21:33:22,946 [INFO] ThirdParty:1030 - CMSIS Pack Vendor :STMicroelectronics FP-SNS-MOTENV1 4.3.2
2025-02-20 21:33:22,946 [INFO] ThirdParty:1030 - CMSIS Pack Vendor :STMicroelectronics X-CUBE-MEMS1 11.0.0
2025-02-20 21:33:22,946 [INFO] ThirdParty:1030 - CMSIS Pack Vendor :STMicroelectronics FreeRTOS 0.0.1
2025-02-20 21:33:22,946 [INFO] ThirdParty:1030 - CMSIS Pack Vendor :STMicroelectronics X-CUBE-DPower 1.2.0
2025-02-20 21:33:22,946 [INFO] ThirdParty:1030 - CMSIS Pack Vendor :STMicroelectronics FP-SNS-FLIGHT1 5.0.2
2025-02-20 21:33:22,947 [INFO] ThirdParty:1030 - CMSIS Pack Vendor :STMicroelectronics X-CUBE-AI 9.0.0
2025-02-20 21:33:22,947 [INFO] ThirdParty:1030 - CMSIS Pack Vendor :STMicroelectronics PDM2PCM 3.3.0
2025-02-20 21:33:22,947 [INFO] ThirdParty:1030 - CMSIS Pack Vendor :STMicroelectronics X-CUBE-DISPLAY 3.0.0
2025-02-20 21:33:22,947 [INFO] ThirdParty:1030 - CMSIS Pack Vendor :STMicroelectronics X-CUBE-BLE1 7.0.0
2025-02-20 21:33:22,947 [INFO] ThirdParty:1030 - CMSIS Pack Vendor :STMicroelectronics X-CUBE-NFC10 1.0.0
2025-02-20 21:33:22,947 [INFO] ThirdParty:1030 - CMSIS Pack Vendor :STMicroelectronics X-CUBE-BLEMGR 4.0.0
2025-02-20 21:33:22,947 [INFO] ThirdParty:1030 - CMSIS Pack Vendor :STMicroelectronics HAL Drivers 0.0.0
2025-02-20 21:33:22,947 [INFO] ThirdParty:1030 - CMSIS Pack Vendor :emotas I-CUBE-CANOPEN 1.3.0
2025-02-20 21:33:22,947 [INFO] ThirdParty:1030 - CMSIS Pack Vendor :STMicroelectronics X-CUBE-FREERTOS 1.3.0
2025-02-20 21:33:22,947 [INFO] ThirdParty:1030 - CMSIS Pack Vendor :STMicroelectronics X-CUBE-NFC7 1.0.1
2025-02-20 21:33:22,947 [INFO] ThirdParty:1030 - CMSIS Pack Vendor :STMicroelectronics MBEDTLS 2.14.1
2025-02-20 21:33:22,947 [INFO] ThirdParty:1030 - CMSIS Pack Vendor :STMicroelectronics X-CUBE-NFC6 3.0.0
2025-02-20 21:33:22,947 [INFO] ThirdParty:1030 - CMSIS Pack Vendor :STMicroelectronics X-CUBE-BLEMGR 3.1.0
2025-02-20 21:33:22,947 [INFO] ThirdParty:1030 - CMSIS Pack Vendor :STMicroelectronics X-CUBE-AI 10.0.0
2025-02-20 21:33:22,947 [INFO] ThirdParty:1030 - CMSIS Pack Vendor :STMicroelectronics FP-SNS-SMARTAG2 1.2.0
2025-02-20 21:33:22,947 [INFO] ThirdParty:1030 - CMSIS Pack Vendor :STMicroelectronics X-CUBE-MEMS1 11.1.0
2025-02-20 21:33:22,947 [INFO] ThirdParty:1030 - CMSIS Pack Vendor :STMicroelectronics X-CUBE-AZRTOS-WL 2.0.0
2025-02-20 21:33:22,947 [INFO] ThirdParty:1030 - CMSIS Pack Vendor :STMicroelectronics FP-SNS-MOTENV1 5.0.0
2025-02-20 21:33:22,947 [INFO] ThirdParty:1030 - CMSIS Pack Vendor :STMicroelectronics USB_DEVICE 1.0.0
2025-02-20 21:33:22,947 [INFO] ThirdParty:1030 - CMSIS Pack Vendor :STMicroelectronics X-CUBE-AI 8.1.0
2025-02-20 21:33:22,947 [INFO] ThirdParty:1030 - CMSIS Pack Vendor :wolfSSL I-CUBE-wolfMQTT 1.19.0
2025-02-20 21:33:22,947 [INFO] ThirdParty:1030 - CMSIS Pack Vendor :STMicroelectronics X-CUBE-AZRTOS-L4 2.0.0
2025-02-20 21:33:22,947 [INFO] ThirdParty:1030 - CMSIS Pack Vendor :STMicroelectronics ThreadX 0.0.2
2025-02-20 21:33:22,947 [INFO] ThirdParty:1030 - CMSIS Pack Vendor :WES I-CUBE-Cesium 1.3.0
2025-02-20 21:33:22,947 [INFO] ThirdParty:1030 - CMSIS Pack Vendor :STMicroelectronics lwIP 2.1.2
2025-02-20 21:33:22,947 [INFO] ThirdParty:1030 - CMSIS Pack Vendor :STMicroelectronics X-CUBE-SFXS2LP1 4.0.0
2025-02-20 21:33:22,947 [INFO] ThirdParty:1030 - CMSIS Pack Vendor :STMicroelectronics X-CUBE-BLE2 3.3.0
2025-02-20 21:33:22,947 [INFO] ThirdParty:1030 - CMSIS Pack Vendor :STMicroelectronics PDM2PCM 3.2.0
2025-02-20 21:33:22,947 [INFO] ThirdParty:1030 - CMSIS Pack Vendor :STMicroelectronics X-CUBE-AZRTOS-H7 3.3.0
2025-02-20 21:33:22,947 [INFO] ThirdParty:1030 - CMSIS Pack Vendor :STMicroelectronics X-CUBE-NFC9 1.0.0
2025-02-20 21:33:22,947 [INFO] ThirdParty:1030 - CMSIS Pack Vendor :STMicroelectronics USB_DEVICE 3.0.0
2025-02-20 21:33:22,947 [INFO] ThirdParty:1030 - CMSIS Pack Vendor :STMicroelectronics X-CUBE-TCPP 4.1.0
2025-02-20 21:33:22,948 [INFO] ThirdParty:1030 - CMSIS Pack Vendor :STMicroelectronics X-CUBE-IPS 3.0.0
2025-02-20 21:33:22,948 [INFO] ThirdParty:1030 - CMSIS Pack Vendor :STMicroelectronics X-CUBE-AZRTOS-WB 2.0.0
2025-02-20 21:33:22,948 [INFO] ThirdParty:1030 - CMSIS Pack Vendor :STMicroelectronics X-CUBE-GNSS1 7.0.0
2025-02-20 21:33:22,948 [INFO] ThirdParty:1030 - CMSIS Pack Vendor :STMicroelectronics X-CUBE-GNSS1 7.0.1
2025-02-20 21:33:22,948 [INFO] ThirdParty:1030 - CMSIS Pack Vendor :STMicroelectronics FP-SNS-STBOX1 2.0.0
2025-02-20 21:33:22,948 [INFO] ThirdParty:1030 - CMSIS Pack Vendor :STMicroelectronics X-CUBE-ALGOBUILD 1.3.0
2025-02-20 21:33:22,948 [INFO] ThirdParty:1030 - CMSIS Pack Vendor :STMicroelectronics X-CUBE-AZRTOS-G0 1.1.0
2025-02-20 21:33:22,948 [INFO] ThirdParty:1030 - CMSIS Pack Vendor :STMicroelectronics X-CUBE-SAFEA1 1.2.2
2025-02-20 21:33:22,948 [INFO] ThirdParty:1030 - CMSIS Pack Vendor :STMicroelectronics X-CUBE-NFC4 3.0.0
2025-02-20 21:33:22,948 [INFO] ThirdParty:1030 - CMSIS Pack Vendor :STMicroelectronics X-CUBE-SUBG2 5.0.0
2025-02-20 21:33:22,948 [INFO] ThirdParty:1030 - CMSIS Pack Vendor :STMicroelectronics STM32_WPAN 1.0.0
2025-02-20 21:33:22,948 [INFO] ThirdParty:1030 - CMSIS Pack Vendor :EmbeddedOffice I-CUBE-FS-RTOS 1.0.1
2025-02-20 21:33:22,948 [INFO] ThirdParty:1030 - CMSIS Pack Vendor :STMicroelectronics lwIP 2.0.3
2025-02-20 21:33:22,948 [INFO] ThirdParty:1030 - CMSIS Pack Vendor :STMicroelectronics USB_HOST 1.0.0
2025-02-20 21:33:22,948 [INFO] ThirdParty:1030 - CMSIS Pack Vendor :STMicroelectronics X-CUBE-AZRTOS-G4 2.0.0
2025-02-20 21:33:22,948 [INFO] ThirdParty:1030 - CMSIS Pack Vendor :STMicroelectronics PDM2PCM 3.1.0
2025-02-20 21:33:22,948 [INFO] ThirdParty:1030 - CMSIS Pack Vendor :Infineon AIROC-Wi-Fi-Bluetooth-STM32 1.5.1
2025-02-20 21:33:22,948 [INFO] ThirdParty:1030 - CMSIS Pack Vendor :STMicroelectronics X-CUBE-BLEMGR 3.0.0
2025-02-20 21:33:22,948 [INFO] ThirdParty:1030 - CMSIS Pack Vendor :RealThread X-CUBE-RT-Thread_Nano 4.1.1
2025-02-20 21:33:22,948 [INFO] ThirdParty:1030 - CMSIS Pack Vendor :STMicroelectronics FP-SNS-MOTENVWB1 1.3.1
2025-02-20 21:33:22,948 [INFO] ThirdParty:1030 - CMSIS Pack Vendor :STMicroelectronics FP-ATR-SIGFOX1 3.2.0
2025-02-20 21:33:22,948 [INFO] ThirdParty:1030 - CMSIS Pack Vendor :quantropi X-CUBE-qispace-sdk-base 1.9.3
2025-02-20 21:33:22,949 [INFO] ThirdParty:1030 - CMSIS Pack Vendor :STMicroelectronics X-CUBE-ISPU 2.0.0
2025-02-20 21:33:22,949 [INFO] ThirdParty:1030 - CMSIS Pack Vendor :STMicroelectronics X-CUBE-EEPRMA1 5.1.0
2025-02-20 21:33:22,949 [INFO] ThirdParty:1030 - CMSIS Pack Vendor :STMicroelectronics MBEDTLS 2.16.2
2025-02-20 21:33:22,949 [INFO] ThirdParty:1030 - CMSIS Pack Vendor :STMicroelectronics X-CUBE-ALS 1.0.2
2025-02-20 21:33:22,949 [INFO] ThirdParty:1030 - CMSIS Pack Vendor :STMicroelectronics X-CUBE-MEMS1 10.0.0
2025-02-20 21:33:22,949 [INFO] ThirdParty:1030 - CMSIS Pack Vendor :STMicroelectronics X-CUBE-FREERTOS 1.1.0
2025-02-20 21:33:22,949 [INFO] ThirdParty:1030 - CMSIS Pack Vendor :STMicroelectronics X-CUBE-TOUCHGFX 4.24.0
2025-02-20 21:33:22,949 [INFO] ThirdParty:1030 - CMSIS Pack Vendor :STMicroelectronics X-CUBE-TOUCHGFX 4.24.2
2025-02-20 21:33:22,949 [INFO] ThirdParty:1030 - CMSIS Pack Vendor :STMicroelectronics X-CUBE-TOUCHGFX 4.24.1
2025-02-20 21:33:22,949 [INFO] ThirdParty:1030 - CMSIS Pack Vendor :wolfSSL I-CUBE-wolfTPM 3.4.0
2025-02-20 21:33:22,949 [INFO] ThirdParty:1030 - CMSIS Pack Vendor :portGmbH I-Cube-SoM-uGOAL 1.1.0
2025-02-20 21:33:22,949 [INFO] ThirdParty:1030 - CMSIS Pack Vendor :STMicroelectronics X-CUBE-ALS 1.0.1
2025-02-20 21:33:22,949 [INFO] ThirdParty:1030 - CMSIS Pack Vendor :STMicroelectronics ThreadX 1.0.0
2025-02-20 21:33:22,949 [INFO] ThirdParty:1030 - CMSIS Pack Vendor :SEGGER I-CUBE-embOS 1.3.1
2025-02-20 21:33:22,949 [INFO] ThirdParty:1030 - CMSIS Pack Vendor :STMicroelectronics X-CUBE-ALGOBUILD 1.4.0
2025-02-20 21:33:22,949 [INFO] ThirdParty:1030 - CMSIS Pack Vendor :STMicroelectronics X-CUBE-AZRTOS-H7RS 1.0.0
2025-02-20 21:33:22,949 [INFO] ThirdParty:1030 - CMSIS Pack Vendor :STMicroelectronics FP-ATR-ASTRA1 2.0.0
2025-02-20 21:33:22,949 [INFO] ThirdParty:1030 - CMSIS Pack Vendor :STMicroelectronics X-CUBE-TOF1 3.4.2
2025-02-20 21:33:22,949 [INFO] ThirdParty:1030 - CMSIS Pack Vendor :STMicroelectronics X-CUBE-AI 9.1.0
2025-02-20 21:33:22,949 [INFO] ThirdParty:1030 - CMSIS Pack Vendor :STMicroelectronics X-CUBE-TOF1 3.4.0
2025-02-20 21:33:22,949 [INFO] ThirdParty:1030 - CMSIS Pack Vendor :STMicroelectronics X-CUBE-TOF1 3.4.1
2025-02-20 21:33:22,949 [INFO] ThirdParty:1030 - CMSIS Pack Vendor :STMicroelectronics X-CUBE-AZRTOS-H7 3.2.0
2025-02-20 21:33:22,949 [INFO] ThirdParty:1030 - CMSIS Pack Vendor :wolfSSL I-CUBE-wolfSSH 1.4.17
2025-02-20 21:33:22,949 [INFO] ThirdParty:841 - exiting critical section [change project]
2025-02-20 21:33:23,485 [INFO] PinOutPanel:1499 - setPackage(No Configuration,No Configuration)
2025-02-20 21:33:23,486 [INFO] PinOutPanel:1499 - setPackage(STM32F429ZITx,LQFP144)
2025-02-20 21:33:24,008 [INFO] UtilMem:75 - Before build in PCC Used Memory: 670771264 Bytes (1073741824)
2025-02-20 21:33:24,983 [INFO] UtilMem:75 - After build in PCC Used Memory: 778774608 Bytes (1073741824)
2025-02-20 21:33:25,110 [INFO] ApiDbMcu:508 - Load IP Config File for USB_DEVICE
2025-02-20 21:33:25,149 [INFO] IPUIPlugin:80 - create IPUIPlugin
2025-02-20 21:33:25,149 [INFO] IPUIPlugin:80 - create IPUIPlugin
2025-02-20 21:33:25,149 [INFO] IPUIPlugin:80 - create IPUIPlugin
2025-02-20 21:33:25,149 [INFO] IPUIPlugin:80 - create IPUIPlugin
2025-02-20 21:33:25,149 [INFO] IPUIPlugin:80 - create IPUIPlugin
2025-02-20 21:33:25,149 [INFO] IPUIPlugin:80 - create IPUIPlugin
2025-02-20 21:33:25,150 [INFO] IPUIPlugin:80 - create IPUIPlugin
2025-02-20 21:33:25,150 [INFO] IPUIPlugin:80 - create IPUIPlugin
2025-02-20 21:33:25,150 [INFO] IPUIPlugin:80 - create IPUIPlugin
2025-02-20 21:33:25,150 [INFO] IPUIPlugin:80 - create IPUIPlugin
2025-02-20 21:33:25,150 [INFO] IPUIPlugin:80 - create IPUIPlugin
2025-02-20 21:33:25,151 [INFO] IPUIPlugin:80 - create IPUIPlugin
2025-02-20 21:33:25,151 [INFO] IPUIPlugin:80 - create IPUIPlugin
2025-02-20 21:33:25,151 [INFO] IPUIPlugin:80 - create IPUIPlugin
2025-02-20 21:33:25,151 [INFO] IPUIPlugin:80 - create IPUIPlugin
2025-02-20 21:33:25,151 [INFO] IPUIPlugin:80 - create IPUIPlugin
2025-02-20 21:33:25,151 [INFO] IPUIPlugin:80 - create IPUIPlugin
2025-02-20 21:33:25,151 [INFO] IPUIPlugin:80 - create IPUIPlugin
2025-02-20 21:33:25,152 [INFO] IPUIPlugin:80 - create IPUIPlugin
2025-02-20 21:33:25,152 [INFO] IPUIPlugin:80 - create IPUIPlugin
2025-02-20 21:33:25,152 [INFO] IPUIPlugin:80 - create IPUIPlugin
2025-02-20 21:33:25,152 [INFO] IPUIPlugin:80 - create IPUIPlugin
2025-02-20 21:33:25,153 [INFO] IPUIPlugin:80 - create IPUIPlugin
2025-02-20 21:33:25,153 [INFO] IPUIPlugin:80 - create IPUIPlugin
2025-02-20 21:33:25,153 [INFO] IPUIPlugin:80 - create IPUIPlugin
2025-02-20 21:33:25,154 [INFO] IPUIPlugin:80 - create IPUIPlugin
2025-02-20 21:33:25,154 [INFO] IPUIPlugin:80 - create IPUIPlugin
2025-02-20 21:33:25,154 [INFO] IPUIPlugin:80 - create IPUIPlugin
2025-02-20 21:33:25,154 [INFO] IPUIPlugin:80 - create IPUIPlugin
2025-02-20 21:33:25,155 [INFO] IPUIPlugin:80 - create IPUIPlugin
2025-02-20 21:33:25,155 [INFO] IPUIPlugin:80 - create IPUIPlugin
2025-02-20 21:33:25,155 [INFO] IPUIPlugin:80 - create IPUIPlugin
2025-02-20 21:33:25,155 [INFO] IPUIPlugin:80 - create IPUIPlugin
2025-02-20 21:33:25,156 [INFO] IPUIPlugin:80 - create IPUIPlugin
2025-02-20 21:33:25,156 [INFO] IPUIPlugin:80 - create IPUIPlugin
2025-02-20 21:33:25,156 [INFO] IPUIPlugin:80 - create IPUIPlugin
2025-02-20 21:33:25,156 [INFO] IPUIPlugin:80 - create IPUIPlugin
2025-02-20 21:33:25,157 [INFO] IPUIPlugin:80 - create IPUIPlugin
2025-02-20 21:33:25,157 [INFO] IPUIPlugin:80 - create IPUIPlugin
2025-02-20 21:33:25,157 [INFO] IPUIPlugin:80 - create IPUIPlugin
2025-02-20 21:33:25,157 [INFO] IPUIPlugin:80 - create IPUIPlugin
2025-02-20 21:33:25,158 [INFO] IPUIPlugin:80 - create IPUIPlugin
2025-02-20 21:33:25,158 [INFO] IPUIPlugin:80 - create IPUIPlugin
2025-02-20 21:33:25,158 [INFO] IPUIPlugin:80 - create IPUIPlugin
2025-02-20 21:33:25,158 [INFO] IPUIPlugin:80 - create IPUIPlugin
2025-02-20 21:33:25,159 [INFO] IPUIPlugin:80 - create IPUIPlugin
2025-02-20 21:33:25,159 [INFO] IPUIPlugin:80 - create IPUIPlugin
2025-02-20 21:33:25,159 [INFO] IPUIPlugin:80 - create IPUIPlugin
2025-02-20 21:33:25,160 [INFO] IPUIPlugin:80 - create IPUIPlugin
2025-02-20 21:33:25,160 [INFO] IPUIPlugin:80 - create IPUIPlugin
2025-02-20 21:33:25,161 [INFO] IPUIPlugin:80 - create IPUIPlugin
2025-02-20 21:33:25,161 [INFO] IPUIPlugin:80 - create IPUIPlugin
2025-02-20 21:33:25,161 [INFO] IPUIPlugin:80 - create IPUIPlugin
2025-02-20 21:33:25,163 [INFO] IPUIPlugin:80 - create IPUIPlugin
2025-02-20 21:33:25,164 [INFO] IPUIPlugin:80 - create IPUIPlugin
2025-02-20 21:33:25,165 [INFO] IPUIPlugin:80 - create IPUIPlugin
2025-02-20 21:33:25,165 [INFO] IPUIPlugin:80 - create IPUIPlugin
2025-02-20 21:33:25,166 [INFO] IPUIPlugin:80 - create IPUIPlugin
2025-02-20 21:33:25,166 [INFO] IPUIPlugin:80 - create IPUIPlugin
2025-02-20 21:33:25,166 [INFO] IPUIPlugin:80 - create IPUIPlugin
2025-02-20 21:33:25,167 [INFO] IPUIPlugin:80 - create IPUIPlugin
2025-02-20 21:33:25,168 [INFO] IPUIPlugin:80 - create IPUIPlugin
2025-02-20 21:33:25,168 [INFO] IPUIPlugin:80 - create IPUIPlugin
2025-02-20 21:33:25,169 [INFO] IPUIPlugin:80 - create IPUIPlugin
2025-02-20 21:33:25,169 [INFO] IPUIPlugin:80 - create IPUIPlugin
2025-02-20 21:33:25,170 [INFO] IPUIPlugin:80 - create IPUIPlugin
2025-02-20 21:33:25,199 [INFO] ApiDbMcu:508 - Load IP Config File for PDM2PCM
2025-02-20 21:33:25,436 [INFO] CADModel:165 - CPN selected for project levelSTM32F429ZIT6
2025-02-20 21:33:25,436 [INFO] CADModel:114 - Register for checkConnection events
2025-02-20 21:33:25,475 [INFO] OpenFileManager:343 - Restore cursor
2025-02-20 21:33:25,617 [WARN] IP:2119 - DEVICE_SERIAL0_CDC_FS not found: check if there is a RefParameter without a condition.
2025-02-20 21:33:25,617 [WARN] IP:2119 - DEVICE_SERIAL1_CDC_FS not found: check if there is a RefParameter without a condition.
2025-02-20 21:33:25,617 [WARN] IP:2119 - DEVICE_SERIAL2_CDC_FS not found: check if there is a RefParameter without a condition.
2025-02-20 21:33:25,618 [WARN] IP:2119 - DEVICE_SERIAL0_CDC_FS not found: check if there is a RefParameter without a condition.
2025-02-20 21:33:25,618 [WARN] IP:2119 - DEVICE_SERIAL1_CDC_FS not found: check if there is a RefParameter without a condition.
2025-02-20 21:33:25,618 [WARN] IP:2119 - DEVICE_SERIAL2_CDC_FS not found: check if there is a RefParameter without a condition.
2025-02-20 21:34:22,063 [INFO] NvicIntPanel:101 - NVIC parent = com.st.microxplorer.plugins.ip.nvic.MultiNvicIntPanel[,0,0,0x0,invalid,layout=javax.swing.BoxLayout,alignmentX=0.0,alignmentY=0.0,border=,flags=9,maximumSize=,minimumSize=,preferredSize=]
2025-02-20 21:34:44,513 [WARN] IP:2119 - DEVICE_SERIAL0_CDC_FS not found: check if there is a RefParameter without a condition.
2025-02-20 21:34:44,513 [WARN] IP:2119 - DEVICE_SERIAL1_CDC_FS not found: check if there is a RefParameter without a condition.
2025-02-20 21:34:44,513 [WARN] IP:2119 - DEVICE_SERIAL2_CDC_FS not found: check if there is a RefParameter without a condition.
2025-02-20 22:48:28,514 [WARN] IP:2119 - DEVICE_SERIAL0_CDC_FS not found: check if there is a RefParameter without a condition.
2025-02-20 22:48:28,514 [WARN] IP:2119 - DEVICE_SERIAL1_CDC_FS not found: check if there is a RefParameter without a condition.
2025-02-20 22:48:28,514 [WARN] IP:2119 - DEVICE_SERIAL2_CDC_FS not found: check if there is a RefParameter without a condition.
2025-02-20 22:48:28,515 [WARN] IP:2119 - DEVICE_SERIAL0_CDC_FS not found: check if there is a RefParameter without a condition.
2025-02-20 22:48:28,515 [WARN] IP:2119 - DEVICE_SERIAL1_CDC_FS not found: check if there is a RefParameter without a condition.
2025-02-20 22:48:28,515 [WARN] IP:2119 - DEVICE_SERIAL2_CDC_FS not found: check if there is a RefParameter without a condition.
2025-02-20 22:48:28,555 [WARN] IP:2119 - DEVICE_SERIAL0_CDC_FS not found: check if there is a RefParameter without a condition.
2025-02-20 22:48:28,555 [WARN] IP:2119 - DEVICE_SERIAL1_CDC_FS not found: check if there is a RefParameter without a condition.
2025-02-20 22:48:28,556 [WARN] IP:2119 - DEVICE_SERIAL2_CDC_FS not found: check if there is a RefParameter without a condition.
2025-02-20 22:48:28,581 [WARN] IP:2119 - DEVICE_SERIAL0_CDC_FS not found: check if there is a RefParameter without a condition.
2025-02-20 22:48:28,581 [WARN] IP:2119 - DEVICE_SERIAL1_CDC_FS not found: check if there is a RefParameter without a condition.
2025-02-20 22:48:28,581 [WARN] IP:2119 - DEVICE_SERIAL2_CDC_FS not found: check if there is a RefParameter without a condition.
2025-02-20 22:48:41,860 [INFO] UtilMem:75 - End SaveConfig() Used Memory: 859587568 Bytes (1073741824)
2025-02-20 22:48:43,426 [INFO] UtilMem:75 - End SaveConfig() Used Memory: 931685848 Bytes (1073741824)
2025-02-20 22:48:43,952 [INFO] BlockDiagram:2759 - set Specific Code input for plugin: USB_DEVICE
2025-02-20 22:48:43,952 [INFO] BlockDiagram:2759 - set Specific Code input for plugin: SYS
2025-02-20 22:48:43,952 [INFO] BlockDiagram:2759 - set Specific Code input for plugin: RCC
2025-02-20 22:48:43,952 [INFO] BlockDiagram:2759 - set Specific Code input for plugin: USB_OTG_FS
2025-02-20 22:48:43,952 [INFO] BlockDiagram:2759 - set Specific Code input for plugin: NVIC
2025-02-20 22:48:43,953 [INFO] BlockDiagram:2759 - set Specific Code input for plugin: GPIO
2025-02-20 22:48:43,955 [INFO] CodeGenerator:807 - code generatio: config db path: C:\ST\STM32CubeIDE_1.14.1\STM32CubeIDE\plugins\com.st.stm32cube.common.mx_6.10.0.202311202037\\db\
2025-02-20 22:48:43,975 [WARN] IP:2119 - DEVICE_SERIAL0_CDC_FS not found: check if there is a RefParameter without a condition.
2025-02-20 22:48:43,975 [WARN] IP:2119 - DEVICE_SERIAL1_CDC_FS not found: check if there is a RefParameter without a condition.
2025-02-20 22:48:43,975 [WARN] IP:2119 - DEVICE_SERIAL2_CDC_FS not found: check if there is a RefParameter without a condition.
2025-02-20 22:48:44,294 [INFO] CodeEngine:255 - oldGeneratedFile, C:\Users\tkach\Embedded-C\My_workspace\target\USB\MXTmpFiles\license.tmp_save
2025-02-20 22:48:44,775 [INFO] CodeEngine:279 - Generated code: C:\Users\tkach\Embedded-C\My_workspace\target\USB\MXTmpFiles\license.tmp
2025-02-20 22:48:44,837 [INFO] CodeEngine:255 - oldGeneratedFile, C:\Users\tkach\Embedded-C\My_workspace\target\USB\MXTmpFiles\gpio.tmp_save
2025-02-20 22:48:44,985 [INFO] CodeEngine:279 - Generated code: C:\Users\tkach\Embedded-C\My_workspace\target\USB\MXTmpFiles\gpio.tmp
2025-02-20 22:48:45,048 [WARN] IPConfigManager:2946 - Warning: the RefConfig PWREx_EnableUSBVoltageDetector is not available in your config.xml file
2025-02-20 22:48:45,065 [INFO] CodeEngine:255 - oldGeneratedFile, C:\Users\tkach\Embedded-C\My_workspace\target\USB\MXTmpFiles\usb_otg_fs_vars.tmp_save
2025-02-20 22:48:45,177 [INFO] CodeEngine:279 - Generated code: C:\Users\tkach\Embedded-C\My_workspace\target\USB\MXTmpFiles\usb_otg_fs_vars.tmp
2025-02-20 22:48:45,187 [INFO] CodeEngine:255 - oldGeneratedFile, C:\Users\tkach\Embedded-C\My_workspace\target\USB\MXTmpFiles\usb_otg_fs_inc.tmp_save
2025-02-20 22:48:45,271 [INFO] CodeEngine:279 - Generated code: C:\Users\tkach\Embedded-C\My_workspace\target\USB\MXTmpFiles\usb_otg_fs_inc.tmp
2025-02-20 22:48:45,308 [INFO] CodeEngine:255 - oldGeneratedFile, C:\Users\tkach\Embedded-C\My_workspace\target\USB\MXTmpFiles\usb_otg_fs_HalInit.tmp_save
2025-02-20 22:48:45,454 [INFO] CodeEngine:279 - Generated code: C:\Users\tkach\Embedded-C\My_workspace\target\USB\MXTmpFiles\usb_otg_fs_HalInit.tmp
2025-02-20 22:48:45,477 [INFO] CodeEngine:255 - oldGeneratedFile, C:\Users\tkach\Embedded-C\My_workspace\target\USB\MXTmpFiles\usb_otg_fs_Msp.tmp_save
2025-02-20 22:48:45,674 [INFO] CodeEngine:279 - Generated code: C:\Users\tkach\Embedded-C\My_workspace\target\USB\MXTmpFiles\usb_otg_fs_Msp.tmp
2025-02-20 22:48:45,772 [INFO] Middleware:1439 - No code input for Bsp Dependency
2025-02-20 22:48:45,821 [INFO] Middleware:1439 - No code input for Bsp Dependency
2025-02-20 22:48:45,876 [INFO] CodeEngine:255 - oldGeneratedFile, C:\Users\tkach\Embedded-C\My_workspace\target\USB\USB_DEVICE\App\usb_device.c_save
2025-02-20 22:48:45,988 [INFO] CodeEngine:279 - Generated code: C:\Users\tkach\Embedded-C\My_workspace\target\USB\USB_DEVICE\App\usb_device.c
2025-02-20 22:48:46,011 [INFO] CodeEngine:255 - oldGeneratedFile, C:\Users\tkach\Embedded-C\My_workspace\target\USB\USB_DEVICE\App\usb_device.h_save
2025-02-20 22:48:46,085 [INFO] CodeEngine:279 - Generated code: C:\Users\tkach\Embedded-C\My_workspace\target\USB\USB_DEVICE\App\usb_device.h
2025-02-20 22:48:46,116 [INFO] CodeEngine:255 - oldGeneratedFile, C:\Users\tkach\Embedded-C\My_workspace\target\USB\USB_DEVICE\Target\usbd_conf.h_save
2025-02-20 22:48:46,193 [INFO] CodeEngine:279 - Generated code: C:\Users\tkach\Embedded-C\My_workspace\target\USB\USB_DEVICE\Target\usbd_conf.h
2025-02-20 22:48:46,216 [INFO] CodeEngine:255 - oldGeneratedFile, C:\Users\tkach\Embedded-C\My_workspace\target\USB\USB_DEVICE\Target\usbd_conf.c_save
2025-02-20 22:48:46,308 [INFO] CodeEngine:279 - Generated code: C:\Users\tkach\Embedded-C\My_workspace\target\USB\USB_DEVICE\Target\usbd_conf.c
2025-02-20 22:48:46,329 [INFO] CodeEngine:255 - oldGeneratedFile, C:\Users\tkach\Embedded-C\My_workspace\target\USB\USB_DEVICE\App\usbd_desc.h_save
2025-02-20 22:48:46,392 [INFO] CodeEngine:279 - Generated code: C:\Users\tkach\Embedded-C\My_workspace\target\USB\USB_DEVICE\App\usbd_desc.h
2025-02-20 22:48:46,426 [INFO] CodeEngine:255 - oldGeneratedFile, C:\Users\tkach\Embedded-C\My_workspace\target\USB\USB_DEVICE\App\usbd_desc.c_save
2025-02-20 22:48:46,506 [INFO] CodeEngine:279 - Generated code: C:\Users\tkach\Embedded-C\My_workspace\target\USB\USB_DEVICE\App\usbd_desc.c
2025-02-20 22:48:46,539 [INFO] CodeEngine:255 - oldGeneratedFile, C:\Users\tkach\Embedded-C\My_workspace\target\USB\USB_DEVICE\App\usbd_cdc_if.h_save
2025-02-20 22:48:46,599 [INFO] CodeEngine:279 - Generated code: C:\Users\tkach\Embedded-C\My_workspace\target\USB\USB_DEVICE\App\usbd_cdc_if.h
2025-02-20 22:48:46,623 [INFO] CodeEngine:255 - oldGeneratedFile, C:\Users\tkach\Embedded-C\My_workspace\target\USB\USB_DEVICE\App\usbd_cdc_if.c_save
2025-02-20 22:48:46,704 [INFO] CodeEngine:279 - Generated code: C:\Users\tkach\Embedded-C\My_workspace\target\USB\USB_DEVICE\App\usbd_cdc_if.c
2025-02-20 22:48:46,742 [INFO] CodeEngine:255 - oldGeneratedFile, C:\Users\tkach\Embedded-C\My_workspace\target\USB\Core\Src\stm32f4xx_it.c_save
2025-02-20 22:48:46,836 [INFO] CodeEngine:279 - Generated code: C:\Users\tkach\Embedded-C\My_workspace\target\USB\Core\Src\stm32f4xx_it.c
2025-02-20 22:48:46,868 [INFO] CodeEngine:255 - oldGeneratedFile, C:\Users\tkach\Embedded-C\My_workspace\target\USB\Core\Inc\stm32f4xx_it.h_save
2025-02-20 22:48:46,935 [INFO] CodeEngine:279 - Generated code: C:\Users\tkach\Embedded-C\My_workspace\target\USB\Core\Inc\stm32f4xx_it.h
2025-02-20 22:48:46,968 [INFO] CodeEngine:255 - oldGeneratedFile, C:\Users\tkach\Embedded-C\My_workspace\target\USB\Core\Src\stm32f4xx_hal_msp.c_save
2025-02-20 22:48:47,080 [INFO] CodeEngine:279 - Generated code: C:\Users\tkach\Embedded-C\My_workspace\target\USB\Core\Src\stm32f4xx_hal_msp.c
2025-02-20 22:48:47,091 [INFO] CodeEngine:255 - oldGeneratedFile, C:\Users\tkach\Embedded-C\My_workspace\target\USB\MXTmpFiles\system.tmp_save
2025-02-20 22:48:47,148 [INFO] CodeEngine:279 - Generated code: C:\Users\tkach\Embedded-C\My_workspace\target\USB\MXTmpFiles\system.tmp
2025-02-20 22:48:47,185 [INFO] CodeEngine:311 - oldGeneratedFile, C:\Users\tkach\Embedded-C\My_workspace\target\USB\Core\Inc\stm32f4xx_hal_conf.h_save
2025-02-20 22:48:47,273 [INFO] CodeEngine:335 - Generated code: C:\Users\tkach\Embedded-C\My_workspace\target\USB\Core\Inc\stm32f4xx_hal_conf.h
2025-02-20 22:48:47,401 [INFO] CodeEngine:255 - oldGeneratedFile, C:\Users\tkach\Embedded-C\My_workspace\target\USB\Core\Inc\main.h_save
2025-02-20 22:48:47,522 [INFO] CodeEngine:279 - Generated code: C:\Users\tkach\Embedded-C\My_workspace\target\USB\Core\Inc\main.h
2025-02-20 22:48:47,559 [INFO] CodeEngine:255 - oldGeneratedFile, C:\Users\tkach\Embedded-C\My_workspace\target\USB\Core\Src\main.c_save
2025-02-20 22:48:47,721 [INFO] CodeEngine:279 - Generated code: C:\Users\tkach\Embedded-C\My_workspace\target\USB\Core\Src\main.c
2025-02-20 22:48:48,640 [INFO] ProjectBuilder:3076 - Time for Copy HAL[1] : 271mS.
2025-02-20 22:48:48,651 [INFO] ProjectBuilder:4485 - Project Generator version: 4.2.0-B44
2025-02-20 22:48:48,995 [INFO] ConfigFileManager:1495 - The Die is : DIE419
2025-02-20 22:48:49,016 [INFO] ApiDbMcu:508 - Load IP Config File for FATFS
2025-02-20 22:48:49,044 [INFO] ApiDbMcu:508 - Load IP Config File for FREERTOS
2025-02-20 22:48:49,061 [INFO] ApiDbMcu:508 - Load IP Config File for LIBJPEG
2025-02-20 22:48:49,079 [INFO] ApiDbMcu:508 - Load IP Config File for LWIP
2025-02-20 22:48:49,098 [INFO] ApiDbMcu:508 - Load IP Config File for MBEDTLS
2025-02-20 22:48:49,116 [INFO] ApiDbMcu:508 - Load IP Config File for USB_HOST
2025-02-20 22:48:50,413 [INFO] LogOutputStream:77 - [STDOUT_REDIRECT] 
2025-02-20 22:48:52,253 [INFO] ProjectBuilder:4747 - Time for Generating toolchain IDE Files: 3602mS.
2025-02-20 22:48:52,254 [INFO] ProjectBuilder:2947 - Time for Copy CMSIS : 1mS.
2025-02-20 22:48:52,261 [INFO] ProjectBuilder:2947 - Time for Copy CMSIS : 0mS.
2025-02-20 22:52:15,050 [INFO] UtilMem:75 - End SaveConfig() Used Memory: 839089856 Bytes (1073741824)
2025-02-20 22:52:15,261 [INFO] BlockDiagram:2759 - set Specific Code input for plugin: USB_DEVICE
2025-02-20 22:52:15,262 [INFO] BlockDiagram:2759 - set Specific Code input for plugin: SYS
2025-02-20 22:52:15,262 [INFO] BlockDiagram:2759 - set Specific Code input for plugin: RCC
2025-02-20 22:52:15,262 [INFO] BlockDiagram:2759 - set Specific Code input for plugin: USB_OTG_FS
2025-02-20 22:52:15,262 [INFO] BlockDiagram:2759 - set Specific Code input for plugin: NVIC
2025-02-20 22:52:15,262 [INFO] BlockDiagram:2759 - set Specific Code input for plugin: GPIO
2025-02-20 22:52:15,263 [INFO] CodeGenerator:807 - code generatio: config db path: C:\ST\STM32CubeIDE_1.14.1\STM32CubeIDE\plugins\com.st.stm32cube.common.mx_6.10.0.202311202037\\db\
2025-02-20 22:52:15,279 [WARN] IP:2119 - DEVICE_SERIAL0_CDC_FS not found: check if there is a RefParameter without a condition.
2025-02-20 22:52:15,279 [WARN] IP:2119 - DEVICE_SERIAL1_CDC_FS not found: check if there is a RefParameter without a condition.
2025-02-20 22:52:15,279 [WARN] IP:2119 - DEVICE_SERIAL2_CDC_FS not found: check if there is a RefParameter without a condition.
2025-02-20 22:52:15,478 [INFO] CodeEngine:255 - oldGeneratedFile, C:\Users\tkach\Embedded-C\My_workspace\target\USB\MXTmpFiles\license.tmp_save
2025-02-20 22:52:15,568 [INFO] CodeEngine:279 - Generated code: C:\Users\tkach\Embedded-C\My_workspace\target\USB\MXTmpFiles\license.tmp
2025-02-20 22:52:15,583 [INFO] CodeEngine:255 - oldGeneratedFile, C:\Users\tkach\Embedded-C\My_workspace\target\USB\MXTmpFiles\gpio.tmp_save
2025-02-20 22:52:15,700 [INFO] CodeEngine:279 - Generated code: C:\Users\tkach\Embedded-C\My_workspace\target\USB\MXTmpFiles\gpio.tmp
2025-02-20 22:52:15,724 [WARN] IPConfigManager:2946 - Warning: the RefConfig PWREx_EnableUSBVoltageDetector is not available in your config.xml file
2025-02-20 22:52:15,732 [INFO] CodeEngine:255 - oldGeneratedFile, C:\Users\tkach\Embedded-C\My_workspace\target\USB\MXTmpFiles\usb_otg_fs_vars.tmp_save
2025-02-20 22:52:15,817 [INFO] CodeEngine:279 - Generated code: C:\Users\tkach\Embedded-C\My_workspace\target\USB\MXTmpFiles\usb_otg_fs_vars.tmp
2025-02-20 22:52:15,821 [INFO] CodeEngine:255 - oldGeneratedFile, C:\Users\tkach\Embedded-C\My_workspace\target\USB\MXTmpFiles\usb_otg_fs_inc.tmp_save
2025-02-20 22:52:15,898 [INFO] CodeEngine:279 - Generated code: C:\Users\tkach\Embedded-C\My_workspace\target\USB\MXTmpFiles\usb_otg_fs_inc.tmp
2025-02-20 22:52:15,901 [INFO] CodeEngine:255 - oldGeneratedFile, C:\Users\tkach\Embedded-C\My_workspace\target\USB\MXTmpFiles\usb_otg_fs_HalInit.tmp_save
2025-02-20 22:52:15,998 [INFO] CodeEngine:279 - Generated code: C:\Users\tkach\Embedded-C\My_workspace\target\USB\MXTmpFiles\usb_otg_fs_HalInit.tmp
2025-02-20 22:52:16,002 [INFO] CodeEngine:255 - oldGeneratedFile, C:\Users\tkach\Embedded-C\My_workspace\target\USB\MXTmpFiles\usb_otg_fs_Msp.tmp_save
2025-02-20 22:52:16,092 [INFO] CodeEngine:279 - Generated code: C:\Users\tkach\Embedded-C\My_workspace\target\USB\MXTmpFiles\usb_otg_fs_Msp.tmp
2025-02-20 22:52:16,148 [INFO] Middleware:1439 - No code input for Bsp Dependency
2025-02-20 22:52:16,159 [INFO] Middleware:1439 - No code input for Bsp Dependency
2025-02-20 22:52:16,183 [INFO] CodeEngine:255 - oldGeneratedFile, C:\Users\tkach\Embedded-C\My_workspace\target\USB\USB_DEVICE\App\usb_device.c_save
2025-02-20 22:52:16,283 [INFO] CodeEngine:279 - Generated code: C:\Users\tkach\Embedded-C\My_workspace\target\USB\USB_DEVICE\App\usb_device.c
2025-02-20 22:52:16,288 [INFO] CodeEngine:255 - oldGeneratedFile, C:\Users\tkach\Embedded-C\My_workspace\target\USB\USB_DEVICE\App\usb_device.h_save
2025-02-20 22:52:16,340 [INFO] CodeEngine:279 - Generated code: C:\Users\tkach\Embedded-C\My_workspace\target\USB\USB_DEVICE\App\usb_device.h
2025-02-20 22:52:16,344 [INFO] CodeEngine:255 - oldGeneratedFile, C:\Users\tkach\Embedded-C\My_workspace\target\USB\USB_DEVICE\Target\usbd_conf.h_save
2025-02-20 22:52:16,401 [INFO] CodeEngine:279 - Generated code: C:\Users\tkach\Embedded-C\My_workspace\target\USB\USB_DEVICE\Target\usbd_conf.h
2025-02-20 22:52:16,413 [INFO] CodeEngine:255 - oldGeneratedFile, C:\Users\tkach\Embedded-C\My_workspace\target\USB\USB_DEVICE\Target\usbd_conf.c_save
2025-02-20 22:52:16,496 [INFO] CodeEngine:279 - Generated code: C:\Users\tkach\Embedded-C\My_workspace\target\USB\USB_DEVICE\Target\usbd_conf.c
2025-02-20 22:52:16,501 [INFO] CodeEngine:255 - oldGeneratedFile, C:\Users\tkach\Embedded-C\My_workspace\target\USB\USB_DEVICE\App\usbd_desc.h_save
2025-02-20 22:52:16,549 [INFO] CodeEngine:279 - Generated code: C:\Users\tkach\Embedded-C\My_workspace\target\USB\USB_DEVICE\App\usbd_desc.h
2025-02-20 22:52:16,563 [INFO] CodeEngine:255 - oldGeneratedFile, C:\Users\tkach\Embedded-C\My_workspace\target\USB\USB_DEVICE\App\usbd_desc.c_save
2025-02-20 22:52:16,641 [INFO] CodeEngine:279 - Generated code: C:\Users\tkach\Embedded-C\My_workspace\target\USB\USB_DEVICE\App\usbd_desc.c
2025-02-20 22:52:16,645 [INFO] CodeEngine:255 - oldGeneratedFile, C:\Users\tkach\Embedded-C\My_workspace\target\USB\USB_DEVICE\App\usbd_cdc_if.h_save
2025-02-20 22:52:16,693 [INFO] CodeEngine:279 - Generated code: C:\Users\tkach\Embedded-C\My_workspace\target\USB\USB_DEVICE\App\usbd_cdc_if.h
2025-02-20 22:52:16,706 [INFO] CodeEngine:255 - oldGeneratedFile, C:\Users\tkach\Embedded-C\My_workspace\target\USB\USB_DEVICE\App\usbd_cdc_if.c_save
2025-02-20 22:52:16,787 [INFO] CodeEngine:279 - Generated code: C:\Users\tkach\Embedded-C\My_workspace\target\USB\USB_DEVICE\App\usbd_cdc_if.c
2025-02-20 22:52:16,807 [INFO] CodeEngine:255 - oldGeneratedFile, C:\Users\tkach\Embedded-C\My_workspace\target\USB\Core\Src\stm32f4xx_it.c_save
2025-02-20 22:52:16,880 [INFO] CodeEngine:279 - Generated code: C:\Users\tkach\Embedded-C\My_workspace\target\USB\Core\Src\stm32f4xx_it.c
2025-02-20 22:52:16,884 [INFO] CodeEngine:255 - oldGeneratedFile, C:\Users\tkach\Embedded-C\My_workspace\target\USB\Core\Inc\stm32f4xx_it.h_save
2025-02-20 22:52:16,932 [INFO] CodeEngine:279 - Generated code: C:\Users\tkach\Embedded-C\My_workspace\target\USB\Core\Inc\stm32f4xx_it.h
2025-02-20 22:52:16,954 [INFO] CodeEngine:255 - oldGeneratedFile, C:\Users\tkach\Embedded-C\My_workspace\target\USB\Core\Src\stm32f4xx_hal_msp.c_save
2025-02-20 22:52:17,017 [INFO] CodeEngine:279 - Generated code: C:\Users\tkach\Embedded-C\My_workspace\target\USB\Core\Src\stm32f4xx_hal_msp.c
2025-02-20 22:52:17,020 [INFO] CodeEngine:255 - oldGeneratedFile, C:\Users\tkach\Embedded-C\My_workspace\target\USB\MXTmpFiles\system.tmp_save
2025-02-20 22:52:17,064 [INFO] CodeEngine:279 - Generated code: C:\Users\tkach\Embedded-C\My_workspace\target\USB\MXTmpFiles\system.tmp
2025-02-20 22:52:17,082 [INFO] CodeEngine:311 - oldGeneratedFile, C:\Users\tkach\Embedded-C\My_workspace\target\USB\Core\Inc\stm32f4xx_hal_conf.h_save
2025-02-20 22:52:17,159 [INFO] CodeEngine:335 - Generated code: C:\Users\tkach\Embedded-C\My_workspace\target\USB\Core\Inc\stm32f4xx_hal_conf.h
2025-02-20 22:52:17,201 [INFO] CodeEngine:255 - oldGeneratedFile, C:\Users\tkach\Embedded-C\My_workspace\target\USB\Core\Inc\main.h_save
2025-02-20 22:52:17,261 [INFO] CodeEngine:279 - Generated code: C:\Users\tkach\Embedded-C\My_workspace\target\USB\Core\Inc\main.h
2025-02-20 22:52:17,279 [INFO] CodeEngine:255 - oldGeneratedFile, C:\Users\tkach\Embedded-C\My_workspace\target\USB\Core\Src\main.c_save
2025-02-20 22:52:17,359 [INFO] CodeEngine:279 - Generated code: C:\Users\tkach\Embedded-C\My_workspace\target\USB\Core\Src\main.c
2025-02-20 22:52:17,926 [INFO] ProjectBuilder:3076 - Time for Copy HAL[1] : 175mS.
2025-02-20 22:52:17,944 [INFO] ProjectBuilder:4485 - Project Generator version: 4.2.0-B44
2025-02-20 22:52:18,241 [INFO] ConfigFileManager:1495 - The Die is : DIE419
2025-02-20 22:52:20,061 [INFO] ProjectBuilder:4747 - Time for Generating toolchain IDE Files: 2117mS.
2025-02-20 22:52:20,062 [INFO] ProjectBuilder:2947 - Time for Copy CMSIS : 0mS.
2025-02-20 22:52:20,070 [INFO] ProjectBuilder:2947 - Time for Copy CMSIS : 0mS.
2025-02-20 23:32:46,879 [ERROR] LogOutputStream:75 - [STDERR_REDIRECT] 
