2025-02-19 13:51:08,298 [INFO] Activator:176 - 


2025-02-19 13:51:08,306 [INFO] Activator:177 - !SESSION log4j initialized
2025-02-19 13:51:18,392 [INFO] LogOutputStream:77 - [STDOUT_REDIRECT] 
2025-02-19 13:51:30,974 [INFO] ApplicationProperties:184 - Using Application install path: C:\ST\STM32CubeIDE_1.14.1\STM32CubeIDE\plugins\com.st.stm32cube.common.mx_6.10.0.202311202037
2025-02-19 13:51:31,001 [INFO] DbMcusXml:78 - Set database path to: C:\ST\STM32CubeIDE_1.14.1\STM32CubeIDE\plugins\com.st.stm32cube.common.mx_6.10.0.202311202037\\db\/mcu/
2025-02-19 13:51:31,002 [INFO] ApiDb:274 - Set plugin database path to: C:\ST\STM32CubeIDE_1.14.1\STM32CubeIDE\plugins\com.st.stm32cube.common.mx_6.10.0.202311202037\\db\/plugins/boardmanager/
2025-02-19 13:51:31,002 [WARN] ApiDb:259 - Overriding images path with different value:  => C:\ST\STM32CubeIDE_1.14.1\STM32CubeIDE\plugins\com.st.stm32cube.common.mx_6.10.0.202311202037\\db\/plugins/mcufinder/images/
2025-02-19 13:51:31,024 [INFO] ApiDb:250 - Set database path to: C:\Users\tkach\.stmcufinder\plugins\mcufinder//mcu/
2025-02-19 13:51:31,026 [INFO] DbMcusAds:125 - Set database path to: C:\Users\tkach\.stmcufinder\plugins\mcufinder//mcu/
2025-02-19 13:51:31,035 [INFO] CrossReferenceDbSqlite:203 - Set database path to: C:\Users\tkach\.stmcufinder\plugins\mcufinder//mcu/cs/
2025-02-19 13:51:31,227 [INFO] RulesReader:64 - Compatibility file has been processed (297 Rules)
2025-02-19 13:51:31,366 [INFO] DbMcusXml:78 - Set database path to: C:\ST\STM32CubeIDE_1.14.1\STM32CubeIDE\plugins\com.st.stm32cube.common.mx_6.10.0.202311202037\\db\/mcu/
2025-02-19 13:51:31,366 [INFO] ApiDb:274 - Set plugin database path to: C:\ST\STM32CubeIDE_1.14.1\STM32CubeIDE\plugins\com.st.stm32cube.common.mx_6.10.0.202311202037\\db\/plugins/boardmanager/
2025-02-19 13:51:31,367 [INFO] ApiDb:261 - Set plugin images path to: C:\ST\STM32CubeIDE_1.14.1\STM32CubeIDE\plugins\com.st.stm32cube.common.mx_6.10.0.202311202037\\db\/plugins/mcufinder/images/
2025-02-19 13:51:31,367 [WARN] DbFile:41 - Overriding database path with different value: C:\Users\tkach\.stmcufinder\plugins\mcufinder/ => C:\Users\tkach\.stmcufinder\plugins\mcufinder
2025-02-19 13:51:31,367 [INFO] ApiDb:250 - Set database path to: C:\Users\tkach\.stmcufinder\plugins\mcufinder//mcu/
2025-02-19 13:51:31,367 [WARN] DbFile:41 - Overriding database path with different value: C:\Users\tkach\.stmcufinder\plugins\mcufinder/ => C:\Users\tkach\.stmcufinder\plugins\mcufinder
2025-02-19 13:51:31,368 [INFO] DbMcusAds:125 - Set database path to: C:\Users\tkach\.stmcufinder\plugins\mcufinder//mcu/
2025-02-19 13:51:31,368 [WARN] DbFile:41 - Overriding database path with different value: C:\Users\tkach\.stmcufinder\plugins\mcufinder/ => C:\Users\tkach\.stmcufinder\plugins\mcufinder
2025-02-19 13:51:31,368 [WARN] DbFile:41 - Overriding database path with different value: C:\Users\tkach\.stmcufinder\plugins\mcufinder/ => C:\Users\tkach\.stmcufinder\plugins\mcufinder
2025-02-19 13:51:31,368 [INFO] CrossReferenceDbSqlite:203 - Set database path to: C:\Users\tkach\.stmcufinder\plugins\mcufinder//mcu/cs/
2025-02-19 13:51:31,521 [INFO] MainPanel:264 - HeapMemory: 268435456
2025-02-19 13:51:31,680 [INFO] DbMcusXml:78 - Set database path to: C:\ST\STM32CubeIDE_1.14.1\STM32CubeIDE\plugins\com.st.stm32cube.common.mx_6.10.0.202311202037\\db\/mcu/
2025-02-19 13:51:31,680 [INFO] ApiDb:274 - Set plugin database path to: C:\ST\STM32CubeIDE_1.14.1\STM32CubeIDE\plugins\com.st.stm32cube.common.mx_6.10.0.202311202037\\db\/plugins/boardmanager/
2025-02-19 13:51:31,680 [INFO] ApiDb:261 - Set plugin images path to: C:\ST\STM32CubeIDE_1.14.1\STM32CubeIDE\plugins\com.st.stm32cube.common.mx_6.10.0.202311202037\\db\/plugins/mcufinder/images/
2025-02-19 13:51:31,680 [WARN] DbFile:41 - Overriding database path with different value: C:\Users\tkach\.stmcufinder\plugins\mcufinder/ => C:\Users\tkach\.stmcufinder\plugins\mcufinder
2025-02-19 13:51:31,680 [INFO] ApiDb:250 - Set database path to: C:\Users\tkach\.stmcufinder\plugins\mcufinder//mcu/
2025-02-19 13:51:31,680 [WARN] DbFile:41 - Overriding database path with different value: C:\Users\tkach\.stmcufinder\plugins\mcufinder/ => C:\Users\tkach\.stmcufinder\plugins\mcufinder
2025-02-19 13:51:31,681 [INFO] DbMcusAds:125 - Set database path to: C:\Users\tkach\.stmcufinder\plugins\mcufinder//mcu/
2025-02-19 13:51:31,681 [WARN] DbFile:41 - Overriding database path with different value: C:\Users\tkach\.stmcufinder\plugins\mcufinder/ => C:\Users\tkach\.stmcufinder\plugins\mcufinder
2025-02-19 13:51:31,681 [WARN] DbFile:41 - Overriding database path with different value: C:\Users\tkach\.stmcufinder\plugins\mcufinder/ => C:\Users\tkach\.stmcufinder\plugins\mcufinder
2025-02-19 13:51:31,681 [INFO] CrossReferenceDbSqlite:203 - Set database path to: C:\Users\tkach\.stmcufinder\plugins\mcufinder//mcu/cs/
2025-02-19 13:51:31,709 [INFO] ApplicationProperties:184 - Using Application install path: C:\ST\STM32CubeIDE_1.14.1\STM32CubeIDE\plugins\com.st.stm32cube.common.mx_6.10.0.202311202037
2025-02-19 13:51:31,711 [INFO] PluginManage:196 - Search for loadable plugins [exclusion list=, ]
2025-02-19 13:51:31,713 [INFO] PluginManage:310 - Check plugin analytics
2025-02-19 13:51:32,086 [INFO] AnalyticsPlugin:253 - Accepted Software Licenses: 
2025-02-19 13:51:32,086 [INFO] AnalyticsPlugin:255 - Accepted CMSIS Pack Licenses: 
2025-02-19 13:51:32,087 [INFO] AnalyticsPlugin:257 - Accepted Firmware Licenses: 
2025-02-19 13:51:32,091 [INFO] PluginManage:359 - Loaded plugin analytics (category:tool,tabindex:-1)
2025-02-19 13:51:32,091 [INFO] PluginManage:310 - Check plugin cadmodel
2025-02-19 13:51:32,127 [INFO] CADModel:105 - Init CAD model plugin
2025-02-19 13:51:32,127 [INFO] PluginManage:359 - Loaded plugin cadmodel (category:power,tabindex:5)
2025-02-19 13:51:32,128 [INFO] PluginManage:310 - Check plugin clock
2025-02-19 13:51:32,167 [INFO] PluginManage:359 - Loaded plugin clock (category:base,tabindex:2)
2025-02-19 13:51:32,167 [INFO] PluginManage:310 - Check plugin ddr
2025-02-19 13:51:32,171 [INFO] PluginManage:359 - Loaded plugin ddr (category:tool,tabindex:6)
2025-02-19 13:51:32,171 [INFO] PluginManage:310 - Check plugin filemanager
2025-02-19 13:51:32,420 [INFO] PluginManage:359 - Loaded plugin filemanager (category:base,tabindex:10)
2025-02-19 13:51:32,420 [INFO] PluginManage:310 - Check plugin ipmanager
2025-02-19 13:51:32,433 [INFO] PluginManage:359 - Loaded plugin ipmanager (category:base,tabindex:5)
2025-02-19 13:51:32,433 [INFO] PluginManage:310 - Check plugin lpbam
2025-02-19 13:51:32,462 [INFO] PluginManage:359 - Loaded plugin lpbam (category:base,tabindex:0)
2025-02-19 13:51:32,463 [INFO] PluginManage:310 - Check plugin memorymap
2025-02-19 13:51:32,506 [INFO] PluginManage:359 - Loaded plugin memorymap (category:base,tabindex:4)
2025-02-19 13:51:32,506 [INFO] PluginManage:310 - Check plugin pinoutandconfiguration
2025-02-19 13:51:32,568 [INFO] PluginManage:359 - Loaded plugin pinoutandconfiguration (category:base,tabindex:1)
2025-02-19 13:51:32,568 [INFO] PluginManage:310 - Check plugin pinoutconfig
2025-02-19 13:51:32,920 [WARN] SupportedApi:132 - Cannot load RTOS API schema: s4s-elt-must-match.1: The content of 'definitions' must match (annotation?, (simpleType | complexType)?, (unique | key | keyref)*)). A problem was found starting at: attribute.
2025-02-19 13:51:33,262 [INFO] PluginManage:359 - Loaded plugin pinoutconfig (category:base,tabindex:0)
2025-02-19 13:51:33,263 [INFO] PluginManage:310 - Check plugin power
2025-02-19 13:51:33,299 [INFO] PluginManage:359 - Loaded plugin power (category:power,tabindex:4)
2025-02-19 13:51:33,299 [INFO] PluginManage:310 - Check plugin projectmanager
2025-02-19 13:51:33,327 [INFO] PluginManage:359 - Loaded plugin projectmanager (category:projectmanager,tabindex:3)
2025-02-19 13:51:33,327 [INFO] PluginManage:310 - Check plugin thirdparty
2025-02-19 13:51:33,821 [INFO] PluginManage:359 - Loaded plugin thirdparty (category:base,tabindex:-1)
2025-02-19 13:51:33,821 [WARN] IntegrityCheckThread:84 - waiting for thirdparty lock release [integrity check]
2025-02-19 13:51:33,821 [INFO] PluginManage:310 - Check plugin tools
2025-02-19 13:51:33,821 [INFO] IntegrityCheckThread:86 - entering critical section [integrity check]
2025-02-19 13:51:33,821 [INFO] ThirdPartyUpdaterWithRetryManager:70 - Updater plugin not ready yet. [1/15]
2025-02-19 13:51:33,891 [INFO] PluginManage:359 - Loaded plugin tools (category:base,tabindex:7)
2025-02-19 13:51:33,892 [INFO] PluginManage:310 - Check plugin tutovideos
2025-02-19 13:51:34,266 [INFO] PluginManage:359 - Loaded plugin tutovideos (category:base,tabindex:-1)
2025-02-19 13:51:34,267 [INFO] PluginManage:310 - Check plugin updater
2025-02-19 13:51:34,286 [INFO] PluginManage:359 - Loaded plugin updater (category:base,tabindex:12)
2025-02-19 13:51:34,286 [INFO] PluginManage:310 - Check plugin userauth
2025-02-19 13:51:34,297 [INFO] UserAuth:114 - Init User Auth plugin
2025-02-19 13:51:34,298 [INFO] PluginManage:359 - Loaded plugin userauth (category:base,tabindex:14)
2025-02-19 13:51:34,299 [INFO] PluginManage:283 - PluginManage : Loaded plugins [17]
2025-02-19 13:51:34,622 [INFO] PinOutPanel:1499 - setPackage(No Configuration,No Configuration)
2025-02-19 13:51:34,743 [INFO] CADModel:165 - CPN selected for project level
2025-02-19 13:51:34,743 [INFO] CADModel:114 - Register for checkConnection events
2025-02-19 13:51:34,790 [INFO] IPUIPlugin:80 - create IPUIPlugin
2025-02-19 13:51:34,790 [INFO] PluginManager:220 - loadIPPluginJar : add adc
2025-02-19 13:51:34,868 [INFO] IPUIPlugin:80 - create IPUIPlugin
2025-02-19 13:51:34,869 [INFO] PluginManager:220 - loadIPPluginJar : add aes
2025-02-19 13:51:34,957 [INFO] IPUIPlugin:80 - create IPUIPlugin
2025-02-19 13:51:34,957 [INFO] PluginManager:220 - loadIPPluginJar : add can
2025-02-19 13:51:35,008 [INFO] IPUIPlugin:80 - create IPUIPlugin
2025-02-19 13:51:35,008 [INFO] PluginManager:220 - loadIPPluginJar : add comp
2025-02-19 13:51:35,074 [INFO] IPUIPlugin:80 - create IPUIPlugin
2025-02-19 13:51:35,074 [INFO] PluginManager:220 - loadIPPluginJar : add cryp
2025-02-19 13:51:35,130 [INFO] IPUIPlugin:80 - create IPUIPlugin
2025-02-19 13:51:35,131 [INFO] PluginManager:220 - loadIPPluginJar : add dfsdm
2025-02-19 13:51:35,155 [INFO] IPUIPlugin:80 - create IPUIPlugin
2025-02-19 13:51:35,156 [INFO] PluginManager:220 - loadIPPluginJar : add dma
2025-02-19 13:51:35,247 [INFO] IPUIPlugin:80 - create IPUIPlugin
2025-02-19 13:51:35,247 [INFO] PluginManager:220 - loadIPPluginJar : add dma3
2025-02-19 13:51:35,290 [INFO] IPUIPlugin:80 - create IPUIPlugin
2025-02-19 13:51:35,291 [INFO] PluginManager:220 - loadIPPluginJar : add fatfs
2025-02-19 13:51:35,388 [INFO] IPUIPlugin:80 - create IPUIPlugin
2025-02-19 13:51:35,388 [INFO] PluginManager:220 - loadIPPluginJar : add fmc
2025-02-19 13:51:35,416 [INFO] IPUIPlugin:80 - create IPUIPlugin
2025-02-19 13:51:35,416 [INFO] PluginManager:220 - loadIPPluginJar : add freertos
2025-02-19 13:51:35,457 [INFO] IPUIPlugin:80 - create IPUIPlugin
2025-02-19 13:51:35,457 [INFO] PluginManager:220 - loadIPPluginJar : add genericplugin
2025-02-19 13:51:35,659 [INFO] IPUIPlugin:80 - create IPUIPlugin
2025-02-19 13:51:35,659 [INFO] PluginManager:220 - loadIPPluginJar : add gfxmmu
2025-02-19 13:51:35,915 [INFO] IPUIPlugin:80 - create IPUIPlugin
2025-02-19 13:51:35,915 [INFO] PluginManager:220 - loadIPPluginJar : add gic
2025-02-19 13:51:35,938 [INFO] IPUIPlugin:80 - create IPUIPlugin
2025-02-19 13:51:35,939 [INFO] PluginManager:220 - loadIPPluginJar : add gpio
2025-02-19 13:51:36,112 [INFO] IPUIPlugin:80 - create IPUIPlugin
2025-02-19 13:51:36,112 [INFO] PluginManager:220 - loadIPPluginJar : add gtzc
2025-02-19 13:51:36,173 [INFO] IPUIPlugin:80 - create IPUIPlugin
2025-02-19 13:51:36,173 [INFO] PluginManager:220 - loadIPPluginJar : add hash
2025-02-19 13:51:36,281 [INFO] IPUIPlugin:80 - create IPUIPlugin
2025-02-19 13:51:36,282 [INFO] PluginManager:220 - loadIPPluginJar : add i2c
2025-02-19 13:51:36,360 [INFO] IPUIPlugin:80 - create IPUIPlugin
2025-02-19 13:51:36,360 [INFO] PluginManager:220 - loadIPPluginJar : add i2s
2025-02-19 13:51:36,438 [INFO] IPUIPlugin:80 - create IPUIPlugin
2025-02-19 13:51:36,438 [INFO] PluginManager:220 - loadIPPluginJar : add i3c
2025-02-19 13:51:36,622 [INFO] IPUIPlugin:80 - create IPUIPlugin
2025-02-19 13:51:36,622 [INFO] PluginManager:220 - loadIPPluginJar : add ipddr
2025-02-19 13:51:36,796 [INFO] IPUIPlugin:80 - create IPUIPlugin
2025-02-19 13:51:36,796 [INFO] PluginManager:220 - loadIPPluginJar : add linkedlist
2025-02-19 13:51:36,822 [INFO] ThirdPartyUpdaterWithRetryManager:70 - Updater plugin not ready yet. [2/15]
2025-02-19 13:51:36,872 [INFO] IPUIPlugin:80 - create IPUIPlugin
2025-02-19 13:51:36,873 [INFO] PluginManager:220 - loadIPPluginJar : add lorawan
2025-02-19 13:51:36,951 [INFO] IPUIPlugin:80 - create IPUIPlugin
2025-02-19 13:51:36,951 [INFO] PluginManager:220 - loadIPPluginJar : add ltdc
2025-02-19 13:51:36,978 [INFO] IPUIPlugin:80 - create IPUIPlugin
2025-02-19 13:51:36,978 [INFO] PluginManager:220 - loadIPPluginJar : add mdma
2025-02-19 13:51:37,002 [INFO] IPUIPlugin:80 - create IPUIPlugin
2025-02-19 13:51:37,002 [INFO] PluginManager:220 - loadIPPluginJar : add nvic
2025-02-19 13:51:37,083 [INFO] IPUIPlugin:80 - create IPUIPlugin
2025-02-19 13:51:37,083 [INFO] PluginManager:220 - loadIPPluginJar : add opamp
2025-02-19 13:51:37,209 [INFO] IPUIPlugin:80 - create IPUIPlugin
2025-02-19 13:51:37,210 [INFO] PluginManager:220 - loadIPPluginJar : add openamp
2025-02-19 13:51:37,301 [INFO] IPUIPlugin:80 - create IPUIPlugin
2025-02-19 13:51:37,301 [INFO] PluginManager:220 - loadIPPluginJar : add pdm2pcm
2025-02-19 13:51:37,330 [INFO] IPUIPlugin:80 - create IPUIPlugin
2025-02-19 13:51:37,333 [INFO] PluginManager:220 - loadIPPluginJar : add plateformsettings
2025-02-19 13:51:37,381 [INFO] IPUIPlugin:80 - create IPUIPlugin
2025-02-19 13:51:37,381 [INFO] PluginManager:220 - loadIPPluginJar : add quadspi
2025-02-19 13:51:37,406 [INFO] IPUIPlugin:80 - create IPUIPlugin
2025-02-19 13:51:37,407 [INFO] PluginManager:220 - loadIPPluginJar : add resmgrutility
2025-02-19 13:51:37,508 [INFO] IPUIPlugin:80 - create IPUIPlugin
2025-02-19 13:51:37,508 [INFO] PluginManager:220 - loadIPPluginJar : add sai
2025-02-19 13:51:37,586 [INFO] IPUIPlugin:80 - create IPUIPlugin
2025-02-19 13:51:37,586 [INFO] PluginManager:220 - loadIPPluginJar : add spi
2025-02-19 13:51:37,715 [INFO] IPUIPlugin:80 - create IPUIPlugin
2025-02-19 13:51:37,715 [INFO] PluginManager:220 - loadIPPluginJar : add stm32_wpan
2025-02-19 13:51:37,758 [INFO] IPUIPlugin:80 - create IPUIPlugin
2025-02-19 13:51:37,758 [INFO] PluginManager:220 - loadIPPluginJar : add tim
2025-02-19 13:51:37,862 [INFO] IPUIPlugin:80 - create IPUIPlugin
2025-02-19 13:51:37,863 [INFO] PluginManager:220 - loadIPPluginJar : add touchsensing
2025-02-19 13:51:37,907 [INFO] IPUIPlugin:80 - create IPUIPlugin
2025-02-19 13:51:37,907 [INFO] PluginManager:220 - loadIPPluginJar : add tracer_emb
2025-02-19 13:51:37,955 [INFO] IPUIPlugin:80 - create IPUIPlugin
2025-02-19 13:51:37,955 [INFO] PluginManager:220 - loadIPPluginJar : add ts
2025-02-19 13:51:37,999 [INFO] IPUIPlugin:80 - create IPUIPlugin
2025-02-19 13:51:38,000 [INFO] PluginManager:220 - loadIPPluginJar : add tsc
2025-02-19 13:51:38,044 [INFO] IPUIPlugin:80 - create IPUIPlugin
2025-02-19 13:51:38,044 [INFO] PluginManager:220 - loadIPPluginJar : add ucpd
2025-02-19 13:51:38,124 [INFO] IPUIPlugin:80 - create IPUIPlugin
2025-02-19 13:51:38,125 [INFO] PluginManager:220 - loadIPPluginJar : add usart
2025-02-19 13:51:38,211 [INFO] IPUIPlugin:80 - create IPUIPlugin
2025-02-19 13:51:38,211 [INFO] PluginManager:220 - loadIPPluginJar : add usbx
2025-02-19 13:51:38,361 [INFO] CADModel:165 - CPN selected for project level
2025-02-19 13:51:38,361 [INFO] CADModel:114 - Register for checkConnection events
2025-02-19 13:51:38,362 [FATAL] Updater:308 - Updater called before beeing initialized
2025-02-19 13:51:38,362 [ERROR] CADModel:125 - Updater not yet initialized, retry later 
2025-02-19 13:51:38,697 [INFO] CADModel:165 - CPN selected for project level
2025-02-19 13:51:38,698 [INFO] CADModel:114 - Register for checkConnection events
2025-02-19 13:51:38,698 [FATAL] Updater:308 - Updater called before beeing initialized
2025-02-19 13:51:38,698 [ERROR] CADModel:125 - Updater not yet initialized, retry later 
2025-02-19 13:51:38,703 [FATAL] Updater:308 - Updater called before beeing initialized
2025-02-19 13:51:38,857 [FATAL] Updater:308 - Updater called before beeing initialized
2025-02-19 13:51:38,873 [INFO] DbMcusAds:53 - JSON generation date=Tue Dec 17 18:01:15 EET 2024 (1734451275111)
2025-02-19 13:51:38,873 [FATAL] Updater:308 - Updater called before beeing initialized
2025-02-19 13:51:38,942 [WARN] DetailPanel:346 - Failed to get advertising image, set to default
2025-02-19 13:51:39,080 [FATAL] Updater:308 - Updater called before beeing initialized
2025-02-19 13:51:39,083 [FATAL] Updater:308 - Updater called before beeing initialized
2025-02-19 13:51:39,083 [FATAL] Updater:308 - Updater called before beeing initialized
2025-02-19 13:51:39,083 [WARN] DetailPanel:346 - Failed to get advertising image, set to default
2025-02-19 13:51:39,084 [FATAL] Updater:308 - Updater called before beeing initialized
2025-02-19 13:51:39,186 [ERROR] Updater:1120 - MainUpdater not yet initialized. External WinMGr cannot be set.
2025-02-19 13:51:39,204 [INFO] Updater:1056 - Updater Version found : 6.10.0
2025-02-19 13:51:39,259 [INFO] ApplicationProperties:184 - Using Application install path: C:\ST\STM32CubeIDE_1.14.1\STM32CubeIDE\plugins\com.st.stm32cube.common.mx_6.10.0.202311202037
2025-02-19 13:51:39,824 [INFO] ThirdPartyUpdaterWithRetryManager:70 - Updater plugin not ready yet. [3/15]
2025-02-19 13:51:40,131 [INFO] MainUpdater:2873 - connection check result : 10
2025-02-19 13:51:40,131 [INFO] MainUpdater:3567 - Updater definition file requires update
2025-02-19 13:51:40,134 [INFO] MainUpdater:290 - Updater Check For Update Now.
2025-02-19 13:51:40,135 [INFO] MicroXplorer:498 - Change Database Version : DB.6.0.100
2025-02-19 13:51:40,188 [INFO] McuFinderGlobals:63 - Set McuFinder mode to 2 (CubeIDE integrated)
2025-02-19 13:51:40,226 [INFO] UserAuth:404 - Internet connection configuration mode: 1
2025-02-19 13:51:40,299 [INFO] JxBrowserEngine:152 - Initiate JxBrowser Engine with user profile folder
2025-02-19 13:51:40,403 [INFO] ServerAccessManage:473 - Download File updaters.zip
2025-02-19 13:51:40,575 [INFO] FileExtend:240 - Unzip File : updaters.zip
2025-02-19 13:51:40,575 [INFO] FileExtend:255 - Standard Zip Deflate
2025-02-19 13:51:41,734 [INFO] ServerAccessManage:473 - Download File PacksControlFlags.xml
2025-02-19 13:51:41,950 [INFO] ServerAccessManage:473 - Download File cubemx.pidx
2025-02-19 13:51:42,279 [INFO] LoadServerUpdatesThread:375 - End of LoadServerUpdate Thread
2025-02-19 13:51:42,597 [INFO] CheckServerUpdateThread:120 - End of CheckServer Thread
2025-02-19 13:51:43,295 [WARN] PackLoader:240 - Cannot read IP mode file for STMicroelectronics.FP-SNS-MOTENVWB1.1.4.0
2025-02-19 13:51:43,320 [WARN] PackLoader:240 - Cannot read IP mode file for STMicroelectronics.FP-ATR-ASTRA1.2.0.1
2025-02-19 13:51:43,341 [WARN] PackLoader:240 - Cannot read IP mode file for STMicroelectronics.X-CUBE-SMBUS.2.1.0
2025-02-19 13:51:43,364 [WARN] PackLoader:240 - Cannot read IP mode file for STMicroelectronics.X-CUBE-WB05N.1.1.0
2025-02-19 13:51:43,385 [WARN] PackLoader:240 - Cannot read IP mode file for STMicroelectronics.X-CUBE-TOUCHGFX.4.23.0
2025-02-19 13:51:43,403 [WARN] PackLoader:240 - Cannot read IP mode file for STMicroelectronics.X-CUBE-TOUCHGFX.4.23.2
2025-02-19 13:51:43,464 [WARN] PackLoader:240 - Cannot read IP mode file for STMicroelectronics.X-CUBE-AZRTOS-F7.1.1.0
2025-02-19 13:51:43,494 [WARN] PackLoader:240 - Cannot read IP mode file for STMicroelectronics.FP-SNS-MOTENV1.4.3.2
2025-02-19 13:51:43,606 [WARN] PackLoader:240 - Cannot read IP mode file for STMicroelectronics.X-CUBE-MEMS1.11.0.0
2025-02-19 13:51:43,821 [WARN] PackLoader:240 - Cannot read IP mode file for STMicroelectronics.FP-SNS-FLIGHT1.5.0.2
2025-02-19 13:51:43,847 [WARN] PackLoader:240 - Cannot read IP mode file for STMicroelectronics.X-CUBE-DISPLAY.3.0.0
2025-02-19 13:51:43,874 [WARN] PackLoader:240 - Cannot read IP mode file for STMicroelectronics.X-CUBE-BLE1.7.0.0
2025-02-19 13:51:43,902 [WARN] PackLoader:240 - Cannot read IP mode file for STMicroelectronics.X-CUBE-NFC10.1.0.0
2025-02-19 13:51:43,941 [WARN] PackLoader:240 - Cannot read IP mode file for STMicroelectronics.X-CUBE-BLEMGR.4.0.0
2025-02-19 13:51:43,970 [WARN] PackLoader:240 - Cannot read IP mode file for emotas.I-CUBE-CANOPEN.1.3.0
2025-02-19 13:51:43,998 [WARN] PackLoader:240 - Cannot read IP mode file for STMicroelectronics.X-CUBE-BLEMGR.3.1.0
2025-02-19 13:51:44,028 [WARN] PackLoader:240 - Cannot read IP mode file for STMicroelectronics.X-CUBE-AI.10.0.0
2025-02-19 13:51:44,053 [WARN] PackLoader:240 - Cannot read IP mode file for STMicroelectronics.FP-SNS-SMARTAG2.1.2.0
2025-02-19 13:51:44,126 [WARN] PackLoader:240 - Cannot read IP mode file for STMicroelectronics.X-CUBE-MEMS1.11.1.0
2025-02-19 13:51:44,285 [INFO] LogOutputStream:77 - [STDOUT_REDIRECT] 1 : Invalid condition id : UX_CORESTACK_Condition cause : null
2025-02-19 13:51:44,286 [INFO] LogOutputStream:77 - [STDOUT_REDIRECT] 1 : Invalid condition id : UX_CORESTACK_Condition cause : null
2025-02-19 13:51:44,288 [INFO] LogOutputStream:77 - [STDOUT_REDIRECT] 1 : Invalid condition id : UX_CORESTACK_Condition cause : null
2025-02-19 13:51:44,290 [INFO] LogOutputStream:77 - [STDOUT_REDIRECT] 1 : Invalid condition id : UX_CORESTACK_Condition cause : null
2025-02-19 13:51:44,292 [INFO] LogOutputStream:77 - [STDOUT_REDIRECT] 1 : Invalid condition id : UX_CORESTACK_Condition cause : null
2025-02-19 13:51:44,298 [WARN] PackLoader:240 - Cannot read IP mode file for STMicroelectronics.X-CUBE-AZRTOS-WL.2.0.0
2025-02-19 13:51:44,320 [WARN] PackLoader:240 - Cannot read IP mode file for STMicroelectronics.FP-SNS-MOTENV1.5.0.0
2025-02-19 13:51:44,342 [WARN] PackLoader:240 - Cannot read IP mode file for wolfSSL.I-CUBE-wolfMQTT.1.19.0
2025-02-19 13:51:44,366 [WARN] PackLoader:240 - Cannot read IP mode file for WES.I-CUBE-Cesium.1.3.0
2025-02-19 13:51:44,385 [WARN] PackLoader:240 - Cannot read IP mode file for STMicroelectronics.X-CUBE-BLE2.3.3.0
2025-02-19 13:51:44,405 [WARN] PackLoader:240 - Cannot read IP mode file for STMicroelectronics.X-CUBE-NFC9.1.0.0
2025-02-19 13:51:44,424 [WARN] PackLoader:240 - Cannot read IP mode file for STMicroelectronics.X-CUBE-TCPP.4.1.0
2025-02-19 13:51:44,443 [WARN] PackLoader:240 - Cannot read IP mode file for STMicroelectronics.X-CUBE-ALGOBUILD.1.3.0
2025-02-19 13:51:44,486 [WARN] PackLoader:240 - Cannot read IP mode file for STMicroelectronics.X-CUBE-AZRTOS-G0.1.1.0
2025-02-19 13:51:44,510 [WARN] PackLoader:240 - Cannot read IP mode file for STMicroelectronics.X-CUBE-SAFEA1.1.2.2
2025-02-19 13:51:44,528 [WARN] PackLoader:240 - Cannot read IP mode file for STMicroelectronics.X-CUBE-NFC4.3.0.0
2025-02-19 13:51:44,551 [WARN] PackLoader:240 - Cannot read IP mode file for EmbeddedOffice.I-CUBE-FS-RTOS.1.0.1
2025-02-19 13:51:44,551 [ERROR] ConditionMgr:805 - Attr not supported : Dmpu
2025-02-19 13:51:44,551 [ERROR] ConditionMgr:805 - Attr not supported : Dmpu
2025-02-19 13:51:44,551 [ERROR] ConditionMgr:805 - Attr not supported : Dmpu
2025-02-19 13:51:44,551 [ERROR] ConditionMgr:805 - Attr not supported : Dmpu
2025-02-19 13:51:44,552 [ERROR] ConditionMgr:805 - Attr not supported : Dmpu
2025-02-19 13:51:44,552 [ERROR] ConditionMgr:805 - Attr not supported : Dmpu
2025-02-19 13:51:44,552 [ERROR] ConditionMgr:805 - Attr not supported : Dmpu
2025-02-19 13:51:44,552 [ERROR] ConditionMgr:805 - Attr not supported : Dmpu
2025-02-19 13:51:44,552 [ERROR] ConditionMgr:805 - Attr not supported : Dmpu
2025-02-19 13:51:44,552 [ERROR] ConditionMgr:805 - Attr not supported : Dmpu
2025-02-19 13:51:44,552 [ERROR] ConditionMgr:805 - Attr not supported : Dmpu
2025-02-19 13:51:44,552 [ERROR] ConditionMgr:805 - Attr not supported : Dmpu
2025-02-19 13:51:44,552 [ERROR] ConditionMgr:805 - Attr not supported : Dmpu
2025-02-19 13:51:44,552 [ERROR] ConditionMgr:805 - Attr not supported : Dmpu
2025-02-19 13:51:44,552 [ERROR] ConditionMgr:805 - Attr not supported : Dmpu
2025-02-19 13:51:44,552 [ERROR] ConditionMgr:805 - Attr not supported : Dmpu
2025-02-19 13:51:44,553 [ERROR] ConditionMgr:805 - Attr not supported : Dmpu
2025-02-19 13:51:44,553 [ERROR] ConditionMgr:805 - Attr not supported : Dmpu
2025-02-19 13:51:44,553 [ERROR] ConditionMgr:805 - Attr not supported : Dmpu
2025-02-19 13:51:44,553 [ERROR] ConditionMgr:805 - Attr not supported : Dmpu
2025-02-19 13:51:44,553 [ERROR] ConditionMgr:805 - Attr not supported : Dmpu
2025-02-19 13:51:44,553 [ERROR] ConditionMgr:805 - Attr not supported : Dmpu
2025-02-19 13:51:44,553 [ERROR] ConditionMgr:805 - Attr not supported : Dmpu
2025-02-19 13:51:44,553 [ERROR] ConditionMgr:805 - Attr not supported : Dmpu
2025-02-19 13:51:44,554 [ERROR] ConditionMgr:805 - Attr not supported : Dmpu
2025-02-19 13:51:44,554 [ERROR] ConditionMgr:805 - Attr not supported : Dmpu
2025-02-19 13:51:44,554 [ERROR] ConditionMgr:805 - Attr not supported : Dmpu
2025-02-19 13:51:44,554 [ERROR] ConditionMgr:805 - Attr not supported : Dmpu
2025-02-19 13:51:44,554 [ERROR] ConditionMgr:805 - Attr not supported : Dmpu
2025-02-19 13:51:44,554 [ERROR] ConditionMgr:805 - Attr not supported : Dmpu
2025-02-19 13:51:44,554 [ERROR] ConditionMgr:805 - Attr not supported : Dmpu
2025-02-19 13:51:44,555 [ERROR] ConditionMgr:805 - Attr not supported : Dmpu
2025-02-19 13:51:44,555 [ERROR] ConditionMgr:805 - Attr not supported : Dmpu
2025-02-19 13:51:44,555 [ERROR] ConditionMgr:805 - Attr not supported : Dmpu
2025-02-19 13:51:44,555 [ERROR] ConditionMgr:805 - Attr not supported : Dmpu
2025-02-19 13:51:44,555 [ERROR] ConditionMgr:805 - Attr not supported : Dmpu
2025-02-19 13:51:44,555 [ERROR] ConditionMgr:805 - Attr not supported : Dmpu
2025-02-19 13:51:44,555 [ERROR] ConditionMgr:805 - Attr not supported : Dmpu
2025-02-19 13:51:44,556 [ERROR] ConditionMgr:805 - Attr not supported : Dmpu
2025-02-19 13:51:44,556 [ERROR] ConditionMgr:805 - Attr not supported : Dmpu
2025-02-19 13:51:44,556 [ERROR] ConditionMgr:805 - Attr not supported : Dmpu
2025-02-19 13:51:44,556 [ERROR] ConditionMgr:805 - Attr not supported : Dmpu
2025-02-19 13:51:44,556 [ERROR] ConditionMgr:805 - Attr not supported : Dmpu
2025-02-19 13:51:44,556 [ERROR] ConditionMgr:805 - Attr not supported : Dmpu
2025-02-19 13:51:44,556 [ERROR] ConditionMgr:805 - Attr not supported : Dmpu
2025-02-19 13:51:44,556 [ERROR] ConditionMgr:805 - Attr not supported : Dmpu
2025-02-19 13:51:44,556 [ERROR] ConditionMgr:805 - Attr not supported : Dmpu
2025-02-19 13:51:44,556 [ERROR] ConditionMgr:805 - Attr not supported : Dmpu
2025-02-19 13:51:44,556 [ERROR] ConditionMgr:805 - Attr not supported : Dmpu
2025-02-19 13:51:44,557 [ERROR] ConditionMgr:805 - Attr not supported : Dmpu
2025-02-19 13:51:44,557 [ERROR] ConditionMgr:805 - Attr not supported : Dmpu
2025-02-19 13:51:44,557 [ERROR] ConditionMgr:805 - Attr not supported : Dmpu
2025-02-19 13:51:44,557 [ERROR] ConditionMgr:805 - Attr not supported : Dmpu
2025-02-19 13:51:44,557 [ERROR] ConditionMgr:805 - Attr not supported : Dmpu
2025-02-19 13:51:44,557 [ERROR] ConditionMgr:805 - Attr not supported : Dmpu
2025-02-19 13:51:44,557 [ERROR] ConditionMgr:805 - Attr not supported : Dmpu
2025-02-19 13:51:44,557 [ERROR] ConditionMgr:805 - Attr not supported : Dmpu
2025-02-19 13:51:44,557 [ERROR] ConditionMgr:805 - Attr not supported : Dmpu
2025-02-19 13:51:44,557 [ERROR] ConditionMgr:805 - Attr not supported : Dmpu
2025-02-19 13:51:44,557 [ERROR] ConditionMgr:805 - Attr not supported : Dmpu
2025-02-19 13:51:44,557 [ERROR] ConditionMgr:805 - Attr not supported : Dmpu
2025-02-19 13:51:44,558 [ERROR] ConditionMgr:805 - Attr not supported : Dmpu
2025-02-19 13:51:44,558 [ERROR] ConditionMgr:805 - Attr not supported : Dmpu
2025-02-19 13:51:44,558 [ERROR] ConditionMgr:805 - Attr not supported : Dmpu
2025-02-19 13:51:44,584 [WARN] PackLoader:240 - Cannot read IP mode file for STMicroelectronics.X-CUBE-BLEMGR.3.0.0
2025-02-19 13:51:44,602 [ERROR] Engine:466 - C:\Users\tkach\.stm32cubemx\thirdparties\pdsc\STMicroelectronics.X-CUBE-TCPP.4.2.0.pdsc: PDSC version is not supported
2025-02-19 13:51:44,622 [WARN] PackLoader:240 - Cannot read IP mode file for RealThread.X-CUBE-RT-Thread_Nano.4.1.1
2025-02-19 13:51:44,641 [WARN] PackLoader:240 - Cannot read IP mode file for STMicroelectronics.FP-ATR-SIGFOX1.3.2.0
2025-02-19 13:51:44,660 [WARN] ConditionMgr:438 - getConditionDescription Invalid condition id : Cortex-A Device cause : null
2025-02-19 13:51:44,695 [WARN] ConditionMgr:1039 - genDependencies : Invalid condition id : Cortex-A Device cause : null
2025-02-19 13:51:44,696 [WARN] ConditionMgr:1039 - genDependencies : Invalid condition id : Cortex-A Device cause : null
2025-02-19 13:51:44,696 [WARN] ConditionMgr:1039 - genDependencies : Invalid condition id : Cortex-A Device cause : null
2025-02-19 13:51:44,719 [WARN] PackLoader:240 - Cannot read IP mode file for STMicroelectronics.X-CUBE-EEPRMA1.5.1.0
2025-02-19 13:51:44,782 [WARN] PackLoader:240 - Cannot read IP mode file for SEGGER.I-CUBE-embOS.1.3.1
2025-02-19 13:51:44,844 [WARN] PackLoader:240 - Cannot read IP mode file for STMicroelectronics.X-CUBE-ALGOBUILD.1.4.0
2025-02-19 13:51:44,865 [WARN] PackLoader:240 - Cannot read IP mode file for STMicroelectronics.X-CUBE-AI.9.1.0
2025-02-19 13:51:44,886 [WARN] PackLoader:240 - Cannot read IP mode file for STMicroelectronics.X-CUBE-GNSS1.6.0.0
2025-02-19 13:51:44,931 [WARN] PackLoader:240 - Cannot read IP mode file for STMicroelectronics.X-CUBE-AZRTOS-F4.1.1.0
2025-02-19 13:51:44,954 [WARN] PackLoader:240 - Cannot read IP mode file for STMicroelectronics.X-CUBE-ISPU.2.1.0
2025-02-19 13:51:44,972 [WARN] PackLoader:240 - Cannot read IP mode file for STMicroelectronics.X-CUBE-FREERTOS.1.2.0
2025-02-19 13:51:44,989 [WARN] PackLoader:240 - Cannot read IP mode file for wolfSSL.I-CUBE-wolfSSL.5.6.6
2025-02-19 13:51:45,030 [WARN] PackLoader:240 - Cannot read IP mode file for STMicroelectronics.X-CUBE-AZRTOS-L5.2.0.0
2025-02-19 13:51:45,059 [WARN] PackLoader:240 - Cannot read IP mode file for STMicroelectronics.X-CUBE-EEPRMA1.4.2.0
2025-02-19 13:51:45,089 [WARN] PackLoader:240 - Cannot read IP mode file for STMicroelectronics.X-CUBE-NFC6.3.1.0
2025-02-19 13:51:45,110 [WARN] PackLoader:240 - Cannot read IP mode file for ITTIA_DB.I-CUBE-ITTIADB.8.8.0
2025-02-19 13:51:45,131 [WARN] PackLoader:240 - Cannot read IP mode file for STMicroelectronics.X-CUBE-DPower.1.2.0
2025-02-19 13:51:45,153 [WARN] PackLoader:240 - Cannot read IP mode file for STMicroelectronics.X-CUBE-AI.9.0.0
2025-02-19 13:51:45,178 [WARN] PackLoader:240 - Cannot read IP mode file for STMicroelectronics.X-CUBE-FREERTOS.1.3.0
2025-02-19 13:51:45,199 [WARN] PackLoader:240 - Cannot read IP mode file for STMicroelectronics.X-CUBE-NFC7.1.0.1
2025-02-19 13:51:45,231 [WARN] PackLoader:240 - Cannot read IP mode file for STMicroelectronics.X-CUBE-NFC6.3.0.0
2025-02-19 13:51:45,257 [WARN] PackLoader:240 - Cannot read IP mode file for STMicroelectronics.X-CUBE-AI.8.1.0
2025-02-19 13:51:45,307 [WARN] ConditionMgr:438 - getConditionDescription Invalid condition id : LAN8742 Phy interface Condition cause : null
2025-02-19 13:51:45,308 [WARN] PackLoader:240 - Cannot read IP mode file for STMicroelectronics.X-CUBE-AZRTOS-L4.2.0.0
2025-02-19 13:51:45,310 [WARN] ConditionMgr:1039 - genDependencies : Invalid condition id : LAN8742 Phy interface Condition cause : null
2025-02-19 13:51:45,310 [WARN] ConditionMgr:1039 - genDependencies : Invalid condition id : LAN8742 Phy interface Condition cause : null
2025-02-19 13:51:45,311 [WARN] ConditionMgr:1039 - genDependencies : Invalid condition id : LAN8742 Phy interface Condition cause : null
2025-02-19 13:51:45,334 [WARN] PackLoader:240 - Cannot read IP mode file for STMicroelectronics.X-CUBE-SFXS2LP1.4.0.0
2025-02-19 13:51:45,398 [WARN] PackLoader:240 - Cannot read IP mode file for STMicroelectronics.X-CUBE-AZRTOS-H7.3.3.0
2025-02-19 13:51:45,441 [WARN] PackLoader:240 - Cannot read IP mode file for STMicroelectronics.X-CUBE-IPS.3.0.0
2025-02-19 13:51:45,491 [WARN] ConditionMgr:438 - getConditionDescription Invalid condition id : UX DEVICE CLASS RTOS Condition cause : null
2025-02-19 13:51:45,492 [WARN] ConditionMgr:438 - getConditionDescription Invalid condition id : UX DEVICE CLASS RTOS Condition cause : null
2025-02-19 13:51:45,496 [WARN] PackLoader:240 - Cannot read IP mode file for STMicroelectronics.X-CUBE-AZRTOS-WB.2.0.0
2025-02-19 13:51:45,497 [WARN] ConditionMgr:1039 - genDependencies : Invalid condition id : UX DEVICE CLASS RTOS Condition cause : null
2025-02-19 13:51:45,497 [WARN] ConditionMgr:1039 - genDependencies : Invalid condition id : UX DEVICE CLASS RTOS Condition cause : null
2025-02-19 13:51:45,498 [WARN] ConditionMgr:1039 - genDependencies : Invalid condition id : UX DEVICE CLASS RTOS Condition cause : null
2025-02-19 13:51:45,498 [WARN] ConditionMgr:1039 - genDependencies : Invalid condition id : UX DEVICE CLASS RTOS Condition cause : null
2025-02-19 13:51:45,498 [WARN] ConditionMgr:1039 - genDependencies : Invalid condition id : UX DEVICE CLASS RTOS Condition cause : null
2025-02-19 13:51:45,522 [WARN] PackLoader:240 - Cannot read IP mode file for STMicroelectronics.X-CUBE-GNSS1.7.0.0
2025-02-19 13:51:45,552 [WARN] PackLoader:240 - Cannot read IP mode file for STMicroelectronics.X-CUBE-GNSS1.7.0.1
2025-02-19 13:51:45,584 [WARN] PackLoader:240 - Cannot read IP mode file for STMicroelectronics.FP-SNS-STBOX1.2.0.0
2025-02-19 13:51:45,623 [WARN] PackLoader:240 - Cannot read IP mode file for STMicroelectronics.X-CUBE-SUBG2.5.0.0
2025-02-19 13:51:45,668 [WARN] PackLoader:240 - Cannot read IP mode file for STMicroelectronics.X-CUBE-AZRTOS-G4.2.0.0
2025-02-19 13:51:45,711 [WARN] PackLoader:240 - Cannot read IP mode file for Infineon.AIROC-Wi-Fi-Bluetooth-STM32.1.5.1
2025-02-19 13:51:45,739 [WARN] PackLoader:240 - Cannot read IP mode file for STMicroelectronics.FP-SNS-MOTENVWB1.1.3.1
2025-02-19 13:51:45,761 [WARN] PackLoader:240 - Cannot read IP mode file for STMicroelectronics.X-CUBE-ISPU.2.0.0
2025-02-19 13:51:45,792 [ERROR] Engine:466 - C:\Users\tkach\.stm32cubemx\thirdparties\pdsc\STMicroelectronics.X-CUBE-IPS.3.1.0.pdsc: PDSC version is not supported
2025-02-19 13:51:45,815 [WARN] PackLoader:240 - Cannot read IP mode file for STMicroelectronics.X-CUBE-ALS.1.0.2
2025-02-19 13:51:45,890 [WARN] PackLoader:240 - Cannot read IP mode file for STMicroelectronics.X-CUBE-MEMS1.10.0.0
2025-02-19 13:51:46,102 [WARN] PackLoader:240 - Cannot read IP mode file for STMicroelectronics.X-CUBE-FREERTOS.1.1.0
2025-02-19 13:51:46,126 [WARN] PackLoader:240 - Cannot read IP mode file for STMicroelectronics.X-CUBE-TOUCHGFX.4.24.0
2025-02-19 13:51:46,151 [WARN] PackLoader:240 - Cannot read IP mode file for STMicroelectronics.X-CUBE-TOUCHGFX.4.24.2
2025-02-19 13:51:46,174 [WARN] PackLoader:240 - Cannot read IP mode file for STMicroelectronics.X-CUBE-TOUCHGFX.4.24.1
2025-02-19 13:51:46,195 [WARN] PackLoader:240 - Cannot read IP mode file for wolfSSL.I-CUBE-wolfTPM.3.4.0
2025-02-19 13:51:46,228 [WARN] PackLoader:240 - Cannot read IP mode file for portGmbH.I-Cube-SoM-uGOAL.1.1.0
2025-02-19 13:51:46,435 [WARN] PackLoader:240 - Cannot read IP mode file for STMicroelectronics.X-CUBE-ALS.1.0.1
2025-02-19 13:51:46,544 [WARN] PackLoader:240 - Cannot read IP mode file for STMicroelectronics.X-CUBE-AZRTOS-H7RS.1.0.0
2025-02-19 13:51:46,590 [WARN] PackLoader:240 - Cannot read IP mode file for STMicroelectronics.FP-ATR-ASTRA1.2.0.0
2025-02-19 13:51:46,657 [WARN] PackLoader:240 - Cannot read IP mode file for STMicroelectronics.X-CUBE-TOF1.3.4.2
2025-02-19 13:51:46,727 [WARN] PackLoader:240 - Cannot read IP mode file for STMicroelectronics.X-CUBE-TOF1.3.4.0
2025-02-19 13:51:46,736 [INFO] WebApp:161 - Instantiating new browser for Auth
2025-02-19 13:51:46,836 [WARN] PackLoader:240 - Cannot read IP mode file for STMicroelectronics.X-CUBE-TOF1.3.4.1
2025-02-19 13:51:46,951 [WARN] PackLoader:240 - Cannot read IP mode file for STMicroelectronics.X-CUBE-AZRTOS-H7.3.2.0
2025-02-19 13:51:46,992 [WARN] PackLoader:240 - Cannot read IP mode file for wolfSSL.I-CUBE-wolfSSH.1.4.17
2025-02-19 13:51:46,993 [INFO] ThirdParty:978 - Integrity check success = true
2025-02-19 13:51:46,993 [INFO] IntegrityCheckThread:100 - exiting critical section [integrity check]
2025-02-19 13:51:46,993 [INFO] IntegrityCheckThread:103 - End integrity checks thread
2025-02-19 13:51:47,703 [INFO] WebApp:780 - Register for checkConnection events
2025-02-19 13:51:47,703 [INFO] WebApp:414 - Apply proxy settings
2025-02-19 13:51:47,704 [INFO] WebApp:499 - Chromium requires no authentication
2025-02-19 13:51:47,713 [INFO] WebApp:442 - Direct internet connection detected
2025-02-19 13:51:47,932 [INFO] WebApp:192 - Starting web application
2025-02-19 13:51:47,932 [INFO] WebApp:544 - Web application path used C:\ST\STM32CubeIDE_1.14.1\STM32CubeIDE\plugins\com.st.stm32cube.common.mx_6.10.0.202311202037\db\plugins\mcufinder\reactClient1\index.html
2025-02-19 13:52:09,458 [ERROR] LogOutputStream:75 - [STDERR_REDIRECT] SLF4J: Failed to load class "org.slf4j.impl.StaticLoggerBinder".
2025-02-19 13:52:09,458 [ERROR] LogOutputStream:75 - [STDERR_REDIRECT] SLF4J: Defaulting to no-operation (NOP) logger implementation
2025-02-19 13:52:09,460 [ERROR] LogOutputStream:75 - [STDERR_REDIRECT] SLF4J: See http://www.slf4j.org/codes.html#StaticLoggerBinder for further details.
2025-02-19 14:59:49,904 [INFO] WebApp:354 - JxBrowser engine has been closed 
