2024-09-11 08:02:29,996 [ERROR] ConfigurationRetriever:142 - IOException on connection: sw-center.st.com
2024-09-11 08:02:30,011 [ERROR] ConfigurationRetriever:142 - IOException on connection: sw-center.st.com
2024-09-11 08:02:30,011 [ERROR] ConfigurationRetriever:142 - IOException on connection: sw-center.st.com
2024-09-11 08:02:31,165 [ERROR] LogOutputStream:75 - [STDERR_REDIRECT] 
2024-09-11 08:02:31,180 [ERROR] LogOutputStream:75 - [STDERR_REDIRECT] 
2024-09-11 14:39:14,923 [INFO] Activator:176 - 


2024-09-11 14:39:14,925 [INFO] Activator:177 - !SESSION log4j initialized
2024-09-11 14:39:21,451 [INFO] LogOutputStream:77 - [STDOUT_REDIRECT] 
2024-09-11 14:39:29,650 [INFO] ApplicationProperties:184 - Using Application install path: C:\ST\STM32CubeIDE_1.14.1\STM32CubeIDE\plugins\com.st.stm32cube.common.mx_6.10.0.202311202037
2024-09-11 14:39:29,676 [INFO] DbMcusXml:78 - Set database path to: C:\ST\STM32CubeIDE_1.14.1\STM32CubeIDE\plugins\com.st.stm32cube.common.mx_6.10.0.202311202037\\db\/mcu/
2024-09-11 14:39:29,677 [INFO] ApiDb:274 - Set plugin database path to: C:\ST\STM32CubeIDE_1.14.1\STM32CubeIDE\plugins\com.st.stm32cube.common.mx_6.10.0.202311202037\\db\/plugins/boardmanager/
2024-09-11 14:39:29,677 [WARN] ApiDb:259 - Overriding images path with different value:  => C:\ST\STM32CubeIDE_1.14.1\STM32CubeIDE\plugins\com.st.stm32cube.common.mx_6.10.0.202311202037\\db\/plugins/mcufinder/images/
2024-09-11 14:39:29,689 [INFO] ApiDb:250 - Set database path to: C:\Users\tkach\.stmcufinder\plugins\mcufinder//mcu/
2024-09-11 14:39:29,690 [INFO] DbMcusAds:125 - Set database path to: C:\Users\tkach\.stmcufinder\plugins\mcufinder//mcu/
2024-09-11 14:39:29,693 [INFO] CrossReferenceDbSqlite:203 - Set database path to: C:\Users\tkach\.stmcufinder\plugins\mcufinder//mcu/cs/
2024-09-11 14:39:29,831 [INFO] RulesReader:64 - Compatibility file has been processed (297 Rules)
2024-09-11 14:39:29,940 [INFO] DbMcusXml:78 - Set database path to: C:\ST\STM32CubeIDE_1.14.1\STM32CubeIDE\plugins\com.st.stm32cube.common.mx_6.10.0.202311202037\\db\/mcu/
2024-09-11 14:39:29,941 [INFO] ApiDb:274 - Set plugin database path to: C:\ST\STM32CubeIDE_1.14.1\STM32CubeIDE\plugins\com.st.stm32cube.common.mx_6.10.0.202311202037\\db\/plugins/boardmanager/
2024-09-11 14:39:29,941 [INFO] ApiDb:261 - Set plugin images path to: C:\ST\STM32CubeIDE_1.14.1\STM32CubeIDE\plugins\com.st.stm32cube.common.mx_6.10.0.202311202037\\db\/plugins/mcufinder/images/
2024-09-11 14:39:29,941 [WARN] DbFile:41 - Overriding database path with different value: C:\Users\tkach\.stmcufinder\plugins\mcufinder/ => C:\Users\tkach\.stmcufinder\plugins\mcufinder
2024-09-11 14:39:29,941 [INFO] ApiDb:250 - Set database path to: C:\Users\tkach\.stmcufinder\plugins\mcufinder//mcu/
2024-09-11 14:39:29,941 [WARN] DbFile:41 - Overriding database path with different value: C:\Users\tkach\.stmcufinder\plugins\mcufinder/ => C:\Users\tkach\.stmcufinder\plugins\mcufinder
2024-09-11 14:39:29,942 [INFO] DbMcusAds:125 - Set database path to: C:\Users\tkach\.stmcufinder\plugins\mcufinder//mcu/
2024-09-11 14:39:29,942 [WARN] DbFile:41 - Overriding database path with different value: C:\Users\tkach\.stmcufinder\plugins\mcufinder/ => C:\Users\tkach\.stmcufinder\plugins\mcufinder
2024-09-11 14:39:29,942 [WARN] DbFile:41 - Overriding database path with different value: C:\Users\tkach\.stmcufinder\plugins\mcufinder/ => C:\Users\tkach\.stmcufinder\plugins\mcufinder
2024-09-11 14:39:29,942 [INFO] CrossReferenceDbSqlite:203 - Set database path to: C:\Users\tkach\.stmcufinder\plugins\mcufinder//mcu/cs/
2024-09-11 14:39:30,061 [INFO] MainPanel:264 - HeapMemory: 268435456
2024-09-11 14:39:30,202 [INFO] DbMcusXml:78 - Set database path to: C:\ST\STM32CubeIDE_1.14.1\STM32CubeIDE\plugins\com.st.stm32cube.common.mx_6.10.0.202311202037\\db\/mcu/
2024-09-11 14:39:30,202 [INFO] ApiDb:274 - Set plugin database path to: C:\ST\STM32CubeIDE_1.14.1\STM32CubeIDE\plugins\com.st.stm32cube.common.mx_6.10.0.202311202037\\db\/plugins/boardmanager/
2024-09-11 14:39:30,202 [INFO] ApiDb:261 - Set plugin images path to: C:\ST\STM32CubeIDE_1.14.1\STM32CubeIDE\plugins\com.st.stm32cube.common.mx_6.10.0.202311202037\\db\/plugins/mcufinder/images/
2024-09-11 14:39:30,203 [WARN] DbFile:41 - Overriding database path with different value: C:\Users\tkach\.stmcufinder\plugins\mcufinder/ => C:\Users\tkach\.stmcufinder\plugins\mcufinder
2024-09-11 14:39:30,203 [INFO] ApiDb:250 - Set database path to: C:\Users\tkach\.stmcufinder\plugins\mcufinder//mcu/
2024-09-11 14:39:30,203 [WARN] DbFile:41 - Overriding database path with different value: C:\Users\tkach\.stmcufinder\plugins\mcufinder/ => C:\Users\tkach\.stmcufinder\plugins\mcufinder
2024-09-11 14:39:30,204 [INFO] DbMcusAds:125 - Set database path to: C:\Users\tkach\.stmcufinder\plugins\mcufinder//mcu/
2024-09-11 14:39:30,204 [WARN] DbFile:41 - Overriding database path with different value: C:\Users\tkach\.stmcufinder\plugins\mcufinder/ => C:\Users\tkach\.stmcufinder\plugins\mcufinder
2024-09-11 14:39:30,204 [WARN] DbFile:41 - Overriding database path with different value: C:\Users\tkach\.stmcufinder\plugins\mcufinder/ => C:\Users\tkach\.stmcufinder\plugins\mcufinder
2024-09-11 14:39:30,204 [INFO] CrossReferenceDbSqlite:203 - Set database path to: C:\Users\tkach\.stmcufinder\plugins\mcufinder//mcu/cs/
2024-09-11 14:39:30,236 [INFO] ApplicationProperties:184 - Using Application install path: C:\ST\STM32CubeIDE_1.14.1\STM32CubeIDE\plugins\com.st.stm32cube.common.mx_6.10.0.202311202037
2024-09-11 14:39:30,241 [INFO] PluginManage:196 - Search for loadable plugins [exclusion list=, ]
2024-09-11 14:39:30,243 [INFO] PluginManage:310 - Check plugin analytics
2024-09-11 14:39:35,054 [INFO] AnalyticsPlugin:253 - Accepted Software Licenses: 
2024-09-11 14:39:35,054 [INFO] AnalyticsPlugin:255 - Accepted CMSIS Pack Licenses: 
2024-09-11 14:39:35,054 [INFO] AnalyticsPlugin:257 - Accepted Firmware Licenses: 
2024-09-11 14:39:35,057 [INFO] PluginManage:359 - Loaded plugin analytics (category:tool,tabindex:-1)
2024-09-11 14:39:35,058 [INFO] PluginManage:310 - Check plugin cadmodel
2024-09-11 14:39:35,076 [INFO] CADModel:105 - Init CAD model plugin
2024-09-11 14:39:35,076 [INFO] PluginManage:359 - Loaded plugin cadmodel (category:power,tabindex:5)
2024-09-11 14:39:35,076 [INFO] PluginManage:310 - Check plugin clock
2024-09-11 14:39:35,099 [INFO] PluginManage:359 - Loaded plugin clock (category:base,tabindex:2)
2024-09-11 14:39:35,099 [INFO] PluginManage:310 - Check plugin ddr
2024-09-11 14:39:35,105 [INFO] PluginManage:359 - Loaded plugin ddr (category:tool,tabindex:6)
2024-09-11 14:39:35,105 [INFO] PluginManage:310 - Check plugin filemanager
2024-09-11 14:39:35,278 [INFO] PluginManage:359 - Loaded plugin filemanager (category:base,tabindex:10)
2024-09-11 14:39:35,279 [INFO] PluginManage:310 - Check plugin ipmanager
2024-09-11 14:39:35,286 [INFO] PluginManage:359 - Loaded plugin ipmanager (category:base,tabindex:5)
2024-09-11 14:39:35,287 [INFO] PluginManage:310 - Check plugin lpbam
2024-09-11 14:39:35,306 [INFO] PluginManage:359 - Loaded plugin lpbam (category:base,tabindex:0)
2024-09-11 14:39:35,306 [INFO] PluginManage:310 - Check plugin memorymap
2024-09-11 14:39:35,339 [INFO] PluginManage:359 - Loaded plugin memorymap (category:base,tabindex:4)
2024-09-11 14:39:35,339 [INFO] PluginManage:310 - Check plugin pinoutandconfiguration
2024-09-11 14:39:35,359 [INFO] PluginManage:359 - Loaded plugin pinoutandconfiguration (category:base,tabindex:1)
2024-09-11 14:39:35,360 [INFO] PluginManage:310 - Check plugin pinoutconfig
2024-09-11 14:39:35,470 [WARN] SupportedApi:132 - Cannot load RTOS API schema: s4s-elt-must-match.1: The content of 'definitions' must match (annotation?, (simpleType | complexType)?, (unique | key | keyref)*)). A problem was found starting at: attribute.
2024-09-11 14:39:35,634 [INFO] PluginManage:359 - Loaded plugin pinoutconfig (category:base,tabindex:0)
2024-09-11 14:39:35,634 [INFO] PluginManage:310 - Check plugin power
2024-09-11 14:39:35,656 [INFO] PluginManage:359 - Loaded plugin power (category:power,tabindex:4)
2024-09-11 14:39:35,656 [INFO] PluginManage:310 - Check plugin projectmanager
2024-09-11 14:39:35,676 [INFO] PluginManage:359 - Loaded plugin projectmanager (category:projectmanager,tabindex:3)
2024-09-11 14:39:35,676 [INFO] PluginManage:310 - Check plugin thirdparty
2024-09-11 14:39:36,034 [INFO] PluginManage:359 - Loaded plugin thirdparty (category:base,tabindex:-1)
2024-09-11 14:39:36,034 [INFO] PluginManage:310 - Check plugin tools
2024-09-11 14:39:36,034 [WARN] IntegrityCheckThread:84 - waiting for thirdparty lock release [integrity check]
2024-09-11 14:39:36,034 [INFO] IntegrityCheckThread:86 - entering critical section [integrity check]
2024-09-11 14:39:36,035 [INFO] ThirdPartyUpdaterWithRetryManager:70 - Updater plugin not ready yet. [1/15]
2024-09-11 14:39:36,079 [INFO] PluginManage:359 - Loaded plugin tools (category:base,tabindex:7)
2024-09-11 14:39:36,079 [INFO] PluginManage:310 - Check plugin tutovideos
2024-09-11 14:39:36,362 [INFO] PluginManage:359 - Loaded plugin tutovideos (category:base,tabindex:-1)
2024-09-11 14:39:36,363 [INFO] PluginManage:310 - Check plugin updater
2024-09-11 14:39:36,381 [INFO] PluginManage:359 - Loaded plugin updater (category:base,tabindex:12)
2024-09-11 14:39:36,381 [INFO] PluginManage:310 - Check plugin userauth
2024-09-11 14:39:36,388 [INFO] UserAuth:114 - Init User Auth plugin
2024-09-11 14:39:36,388 [INFO] PluginManage:359 - Loaded plugin userauth (category:base,tabindex:14)
2024-09-11 14:39:36,388 [INFO] PluginManage:283 - PluginManage : Loaded plugins [17]
2024-09-11 14:39:36,687 [INFO] PinOutPanel:1499 - setPackage(No Configuration,No Configuration)
2024-09-11 14:39:36,800 [INFO] CADModel:165 - CPN selected for project level
2024-09-11 14:39:36,800 [INFO] CADModel:114 - Register for checkConnection events
2024-09-11 14:39:36,846 [INFO] IPUIPlugin:80 - create IPUIPlugin
2024-09-11 14:39:36,846 [INFO] PluginManager:220 - loadIPPluginJar : add adc
2024-09-11 14:39:36,913 [INFO] IPUIPlugin:80 - create IPUIPlugin
2024-09-11 14:39:36,913 [INFO] PluginManager:220 - loadIPPluginJar : add aes
2024-09-11 14:39:37,020 [INFO] IPUIPlugin:80 - create IPUIPlugin
2024-09-11 14:39:37,020 [INFO] PluginManager:220 - loadIPPluginJar : add can
2024-09-11 14:39:37,079 [INFO] IPUIPlugin:80 - create IPUIPlugin
2024-09-11 14:39:37,079 [INFO] PluginManager:220 - loadIPPluginJar : add comp
2024-09-11 14:39:37,134 [INFO] IPUIPlugin:80 - create IPUIPlugin
2024-09-11 14:39:37,134 [INFO] PluginManager:220 - loadIPPluginJar : add cryp
2024-09-11 14:39:37,180 [INFO] IPUIPlugin:80 - create IPUIPlugin
2024-09-11 14:39:37,180 [INFO] PluginManager:220 - loadIPPluginJar : add dfsdm
2024-09-11 14:39:37,202 [INFO] IPUIPlugin:80 - create IPUIPlugin
2024-09-11 14:39:37,202 [INFO] PluginManager:220 - loadIPPluginJar : add dma
2024-09-11 14:39:37,264 [INFO] IPUIPlugin:80 - create IPUIPlugin
2024-09-11 14:39:37,264 [INFO] PluginManager:220 - loadIPPluginJar : add dma3
2024-09-11 14:39:37,300 [INFO] IPUIPlugin:80 - create IPUIPlugin
2024-09-11 14:39:37,300 [INFO] PluginManager:220 - loadIPPluginJar : add fatfs
2024-09-11 14:39:37,365 [INFO] IPUIPlugin:80 - create IPUIPlugin
2024-09-11 14:39:37,365 [INFO] PluginManager:220 - loadIPPluginJar : add fmc
2024-09-11 14:39:37,386 [INFO] IPUIPlugin:80 - create IPUIPlugin
2024-09-11 14:39:37,386 [INFO] PluginManager:220 - loadIPPluginJar : add freertos
2024-09-11 14:39:37,409 [INFO] IPUIPlugin:80 - create IPUIPlugin
2024-09-11 14:39:37,409 [INFO] PluginManager:220 - loadIPPluginJar : add genericplugin
2024-09-11 14:39:37,578 [INFO] IPUIPlugin:80 - create IPUIPlugin
2024-09-11 14:39:37,578 [INFO] PluginManager:220 - loadIPPluginJar : add gfxmmu
2024-09-11 14:39:37,872 [INFO] IPUIPlugin:80 - create IPUIPlugin
2024-09-11 14:39:37,873 [INFO] PluginManager:220 - loadIPPluginJar : add gic
2024-09-11 14:39:37,893 [INFO] IPUIPlugin:80 - create IPUIPlugin
2024-09-11 14:39:37,893 [INFO] PluginManager:220 - loadIPPluginJar : add gpio
2024-09-11 14:39:38,070 [INFO] IPUIPlugin:80 - create IPUIPlugin
2024-09-11 14:39:38,070 [INFO] PluginManager:220 - loadIPPluginJar : add gtzc
2024-09-11 14:39:38,133 [INFO] IPUIPlugin:80 - create IPUIPlugin
2024-09-11 14:39:38,133 [INFO] PluginManager:220 - loadIPPluginJar : add hash
2024-09-11 14:39:38,224 [INFO] IPUIPlugin:80 - create IPUIPlugin
2024-09-11 14:39:38,224 [INFO] PluginManager:220 - loadIPPluginJar : add i2c
2024-09-11 14:39:38,307 [INFO] IPUIPlugin:80 - create IPUIPlugin
2024-09-11 14:39:38,307 [INFO] PluginManager:220 - loadIPPluginJar : add i2s
2024-09-11 14:39:38,381 [INFO] IPUIPlugin:80 - create IPUIPlugin
2024-09-11 14:39:38,381 [INFO] PluginManager:220 - loadIPPluginJar : add i3c
2024-09-11 14:39:38,513 [INFO] IPUIPlugin:80 - create IPUIPlugin
2024-09-11 14:39:38,513 [INFO] PluginManager:220 - loadIPPluginJar : add ipddr
2024-09-11 14:39:38,646 [INFO] IPUIPlugin:80 - create IPUIPlugin
2024-09-11 14:39:38,646 [INFO] PluginManager:220 - loadIPPluginJar : add linkedlist
2024-09-11 14:39:38,697 [INFO] IPUIPlugin:80 - create IPUIPlugin
2024-09-11 14:39:38,697 [INFO] PluginManager:220 - loadIPPluginJar : add lorawan
2024-09-11 14:39:38,747 [INFO] IPUIPlugin:80 - create IPUIPlugin
2024-09-11 14:39:38,747 [INFO] PluginManager:220 - loadIPPluginJar : add ltdc
2024-09-11 14:39:38,766 [INFO] IPUIPlugin:80 - create IPUIPlugin
2024-09-11 14:39:38,766 [INFO] PluginManager:220 - loadIPPluginJar : add mdma
2024-09-11 14:39:38,782 [INFO] IPUIPlugin:80 - create IPUIPlugin
2024-09-11 14:39:38,782 [INFO] PluginManager:220 - loadIPPluginJar : add nvic
2024-09-11 14:39:38,830 [INFO] IPUIPlugin:80 - create IPUIPlugin
2024-09-11 14:39:38,830 [INFO] PluginManager:220 - loadIPPluginJar : add opamp
2024-09-11 14:39:38,916 [INFO] IPUIPlugin:80 - create IPUIPlugin
2024-09-11 14:39:38,916 [INFO] PluginManager:220 - loadIPPluginJar : add openamp
2024-09-11 14:39:38,987 [INFO] IPUIPlugin:80 - create IPUIPlugin
2024-09-11 14:39:38,987 [INFO] PluginManager:220 - loadIPPluginJar : add pdm2pcm
2024-09-11 14:39:39,005 [INFO] IPUIPlugin:80 - create IPUIPlugin
2024-09-11 14:39:39,008 [INFO] PluginManager:220 - loadIPPluginJar : add plateformsettings
2024-09-11 14:39:39,038 [INFO] IPUIPlugin:80 - create IPUIPlugin
2024-09-11 14:39:39,039 [INFO] PluginManager:220 - loadIPPluginJar : add quadspi
2024-09-11 14:39:39,039 [INFO] ThirdPartyUpdaterWithRetryManager:70 - Updater plugin not ready yet. [2/15]
2024-09-11 14:39:39,055 [INFO] IPUIPlugin:80 - create IPUIPlugin
2024-09-11 14:39:39,055 [INFO] PluginManager:220 - loadIPPluginJar : add resmgrutility
2024-09-11 14:39:39,118 [INFO] IPUIPlugin:80 - create IPUIPlugin
2024-09-11 14:39:39,118 [INFO] PluginManager:220 - loadIPPluginJar : add sai
2024-09-11 14:39:39,170 [INFO] IPUIPlugin:80 - create IPUIPlugin
2024-09-11 14:39:39,170 [INFO] PluginManager:220 - loadIPPluginJar : add spi
2024-09-11 14:39:39,269 [INFO] IPUIPlugin:80 - create IPUIPlugin
2024-09-11 14:39:39,269 [INFO] PluginManager:220 - loadIPPluginJar : add stm32_wpan
2024-09-11 14:39:39,349 [INFO] IPUIPlugin:80 - create IPUIPlugin
2024-09-11 14:39:39,349 [INFO] PluginManager:220 - loadIPPluginJar : add tim
2024-09-11 14:39:39,423 [INFO] IPUIPlugin:80 - create IPUIPlugin
2024-09-11 14:39:39,423 [INFO] PluginManager:220 - loadIPPluginJar : add touchsensing
2024-09-11 14:39:39,464 [INFO] IPUIPlugin:80 - create IPUIPlugin
2024-09-11 14:39:39,465 [INFO] PluginManager:220 - loadIPPluginJar : add tracer_emb
2024-09-11 14:39:39,500 [INFO] IPUIPlugin:80 - create IPUIPlugin
2024-09-11 14:39:39,500 [INFO] PluginManager:220 - loadIPPluginJar : add ts
2024-09-11 14:39:39,539 [INFO] IPUIPlugin:80 - create IPUIPlugin
2024-09-11 14:39:39,540 [INFO] PluginManager:220 - loadIPPluginJar : add tsc
2024-09-11 14:39:39,569 [INFO] IPUIPlugin:80 - create IPUIPlugin
2024-09-11 14:39:39,569 [INFO] PluginManager:220 - loadIPPluginJar : add ucpd
2024-09-11 14:39:39,626 [INFO] IPUIPlugin:80 - create IPUIPlugin
2024-09-11 14:39:39,627 [INFO] PluginManager:220 - loadIPPluginJar : add usart
2024-09-11 14:39:39,678 [INFO] IPUIPlugin:80 - create IPUIPlugin
2024-09-11 14:39:39,678 [INFO] PluginManager:220 - loadIPPluginJar : add usbx
2024-09-11 14:39:39,835 [INFO] CADModel:165 - CPN selected for project level
2024-09-11 14:39:39,836 [INFO] CADModel:114 - Register for checkConnection events
2024-09-11 14:39:39,836 [FATAL] Updater:308 - Updater called before beeing initialized
2024-09-11 14:39:39,836 [ERROR] CADModel:125 - Updater not yet initialized, retry later 
2024-09-11 14:39:40,063 [INFO] CADModel:165 - CPN selected for project level
2024-09-11 14:39:40,063 [INFO] CADModel:114 - Register for checkConnection events
2024-09-11 14:39:40,063 [FATAL] Updater:308 - Updater called before beeing initialized
2024-09-11 14:39:40,063 [ERROR] CADModel:125 - Updater not yet initialized, retry later 
2024-09-11 14:39:40,066 [FATAL] Updater:308 - Updater called before beeing initialized
2024-09-11 14:39:40,222 [FATAL] Updater:308 - Updater called before beeing initialized
2024-09-11 14:39:40,233 [INFO] DbMcusAds:53 - JSON generation date=Thu May 16 12:22:00 EEST 2024 (1715851320667)
2024-09-11 14:39:40,233 [FATAL] Updater:308 - Updater called before beeing initialized
2024-09-11 14:39:40,336 [WARN] DetailPanel:346 - Failed to get advertising image, set to default
2024-09-11 14:39:40,453 [FATAL] Updater:308 - Updater called before beeing initialized
2024-09-11 14:39:40,456 [FATAL] Updater:308 - Updater called before beeing initialized
2024-09-11 14:39:40,456 [FATAL] Updater:308 - Updater called before beeing initialized
2024-09-11 14:39:40,456 [WARN] DetailPanel:346 - Failed to get advertising image, set to default
2024-09-11 14:39:40,457 [FATAL] Updater:308 - Updater called before beeing initialized
2024-09-11 14:39:40,558 [ERROR] Updater:1120 - MainUpdater not yet initialized. External WinMGr cannot be set.
2024-09-11 14:39:40,573 [INFO] Updater:1056 - Updater Version found : 6.10.0
2024-09-11 14:39:40,597 [INFO] ApplicationProperties:184 - Using Application install path: C:\ST\STM32CubeIDE_1.14.1\STM32CubeIDE\plugins\com.st.stm32cube.common.mx_6.10.0.202311202037
2024-09-11 14:39:42,054 [INFO] ThirdPartyUpdaterWithRetryManager:70 - Updater plugin not ready yet. [3/15]
2024-09-11 14:39:42,214 [ERROR] LogOutputStream:75 - [STDERR_REDIRECT] Sep 11, 2024 2:39:42 PM java.util.prefs.WindowsPreferences <init>
2024-09-11 14:39:42,216 [ERROR] LogOutputStream:75 - [STDERR_REDIRECT] WARNING: Could not open/create prefs root node Software\JavaSoft\Prefs at root 0xffffffff80000002. Windows RegCreateKeyEx(...) returned error code 5.
2024-09-11 14:39:42,217 [ERROR] LogOutputStream:75 - [STDERR_REDIRECT] 
2024-09-11 14:39:42,650 [INFO] MainUpdater:2873 - connection check result : 10
2024-09-11 14:39:42,653 [INFO] MainUpdater:290 - Updater Check For Update Now.
2024-09-11 14:39:42,653 [INFO] MicroXplorer:498 - Change Database Version : DB.6.0.100
2024-09-11 14:39:42,719 [INFO] McuFinderGlobals:63 - Set McuFinder mode to 2 (CubeIDE integrated)
2024-09-11 14:39:42,980 [INFO] CheckServerUpdateThread:120 - End of CheckServer Thread
2024-09-11 14:39:43,272 [INFO] UserAuth:404 - Internet connection configuration mode: 1
2024-09-11 14:39:43,321 [INFO] JxBrowserEngine:152 - Initiate JxBrowser Engine with user profile folder
2024-09-11 14:39:45,289 [WARN] PackLoader:240 - Cannot read IP mode file for STMicroelectronics.FP-SNS-MOTENVWB1.1.4.0
2024-09-11 14:39:45,310 [WARN] PackLoader:240 - Cannot read IP mode file for STMicroelectronics.X-CUBE-SMBUS.2.1.0
2024-09-11 14:39:45,325 [WARN] PackLoader:240 - Cannot read IP mode file for STMicroelectronics.X-CUBE-TOUCHGFX.4.23.0
2024-09-11 14:39:45,337 [WARN] PackLoader:240 - Cannot read IP mode file for STMicroelectronics.X-CUBE-TOUCHGFX.4.23.2
2024-09-11 14:39:45,387 [WARN] PackLoader:240 - Cannot read IP mode file for STMicroelectronics.X-CUBE-AZRTOS-F7.1.1.0
2024-09-11 14:39:45,414 [WARN] PackLoader:240 - Cannot read IP mode file for STMicroelectronics.FP-SNS-MOTENV1.4.3.2
2024-09-11 14:39:45,509 [WARN] PackLoader:240 - Cannot read IP mode file for STMicroelectronics.X-CUBE-MEMS1.11.0.0
2024-09-11 14:39:45,784 [WARN] PackLoader:240 - Cannot read IP mode file for STMicroelectronics.FP-SNS-FLIGHT1.5.0.2
2024-09-11 14:39:45,803 [WARN] PackLoader:240 - Cannot read IP mode file for STMicroelectronics.X-CUBE-DISPLAY.3.0.0
2024-09-11 14:39:45,821 [WARN] PackLoader:240 - Cannot read IP mode file for STMicroelectronics.X-CUBE-BLE1.7.0.0
2024-09-11 14:39:45,836 [WARN] PackLoader:240 - Cannot read IP mode file for emotas.I-CUBE-CANOPEN.1.3.0
2024-09-11 14:39:45,859 [WARN] PackLoader:240 - Cannot read IP mode file for STMicroelectronics.X-CUBE-BLEMGR.3.1.0
2024-09-11 14:39:45,877 [WARN] PackLoader:240 - Cannot read IP mode file for STMicroelectronics.FP-SNS-SMARTAG2.1.2.0
2024-09-11 14:39:45,900 [INFO] LogOutputStream:77 - [STDOUT_REDIRECT] 1 : Invalid condition id : UX_CORESTACK_Condition cause : null
2024-09-11 14:39:45,900 [INFO] LogOutputStream:77 - [STDOUT_REDIRECT] 1 : Invalid condition id : UX_CORESTACK_Condition cause : null
2024-09-11 14:39:45,902 [INFO] LogOutputStream:77 - [STDOUT_REDIRECT] 1 : Invalid condition id : UX_CORESTACK_Condition cause : null
2024-09-11 14:39:45,904 [INFO] LogOutputStream:77 - [STDOUT_REDIRECT] 1 : Invalid condition id : UX_CORESTACK_Condition cause : null
2024-09-11 14:39:45,905 [INFO] LogOutputStream:77 - [STDOUT_REDIRECT] 1 : Invalid condition id : UX_CORESTACK_Condition cause : null
2024-09-11 14:39:45,909 [WARN] PackLoader:240 - Cannot read IP mode file for STMicroelectronics.X-CUBE-AZRTOS-WL.2.0.0
2024-09-11 14:39:45,926 [WARN] PackLoader:240 - Cannot read IP mode file for STMicroelectronics.FP-SNS-MOTENV1.5.0.0
2024-09-11 14:39:45,944 [WARN] PackLoader:240 - Cannot read IP mode file for wolfSSL.I-CUBE-wolfMQTT.1.19.0
2024-09-11 14:39:45,967 [WARN] PackLoader:240 - Cannot read IP mode file for WES.I-CUBE-Cesium.1.3.0
2024-09-11 14:39:45,982 [WARN] PackLoader:240 - Cannot read IP mode file for STMicroelectronics.X-CUBE-BLE2.3.3.0
2024-09-11 14:39:46,000 [WARN] PackLoader:240 - Cannot read IP mode file for STMicroelectronics.X-CUBE-TCPP.4.1.0
2024-09-11 14:39:46,023 [WARN] PackLoader:240 - Cannot read IP mode file for STMicroelectronics.X-CUBE-ALGOBUILD.1.3.0
2024-09-11 14:39:46,054 [WARN] PackLoader:240 - Cannot read IP mode file for STMicroelectronics.X-CUBE-AZRTOS-G0.1.1.0
2024-09-11 14:39:46,075 [WARN] PackLoader:240 - Cannot read IP mode file for STMicroelectronics.X-CUBE-SAFEA1.1.2.2
2024-09-11 14:39:46,101 [WARN] PackLoader:240 - Cannot read IP mode file for STMicroelectronics.X-CUBE-NFC4.3.0.0
2024-09-11 14:39:46,128 [WARN] PackLoader:240 - Cannot read IP mode file for EmbeddedOffice.I-CUBE-FS-RTOS.1.0.1
2024-09-11 14:39:46,128 [ERROR] ConditionMgr:805 - Attr not supported : Dmpu
2024-09-11 14:39:46,128 [ERROR] ConditionMgr:805 - Attr not supported : Dmpu
2024-09-11 14:39:46,128 [ERROR] ConditionMgr:805 - Attr not supported : Dmpu
2024-09-11 14:39:46,129 [ERROR] ConditionMgr:805 - Attr not supported : Dmpu
2024-09-11 14:39:46,129 [ERROR] ConditionMgr:805 - Attr not supported : Dmpu
2024-09-11 14:39:46,129 [ERROR] ConditionMgr:805 - Attr not supported : Dmpu
2024-09-11 14:39:46,129 [ERROR] ConditionMgr:805 - Attr not supported : Dmpu
2024-09-11 14:39:46,129 [ERROR] ConditionMgr:805 - Attr not supported : Dmpu
2024-09-11 14:39:46,129 [ERROR] ConditionMgr:805 - Attr not supported : Dmpu
2024-09-11 14:39:46,129 [ERROR] ConditionMgr:805 - Attr not supported : Dmpu
2024-09-11 14:39:46,129 [ERROR] ConditionMgr:805 - Attr not supported : Dmpu
2024-09-11 14:39:46,129 [ERROR] ConditionMgr:805 - Attr not supported : Dmpu
2024-09-11 14:39:46,129 [ERROR] ConditionMgr:805 - Attr not supported : Dmpu
2024-09-11 14:39:46,129 [ERROR] ConditionMgr:805 - Attr not supported : Dmpu
2024-09-11 14:39:46,129 [ERROR] ConditionMgr:805 - Attr not supported : Dmpu
2024-09-11 14:39:46,130 [ERROR] ConditionMgr:805 - Attr not supported : Dmpu
2024-09-11 14:39:46,130 [ERROR] ConditionMgr:805 - Attr not supported : Dmpu
2024-09-11 14:39:46,130 [ERROR] ConditionMgr:805 - Attr not supported : Dmpu
2024-09-11 14:39:46,130 [ERROR] ConditionMgr:805 - Attr not supported : Dmpu
2024-09-11 14:39:46,130 [ERROR] ConditionMgr:805 - Attr not supported : Dmpu
2024-09-11 14:39:46,130 [ERROR] ConditionMgr:805 - Attr not supported : Dmpu
2024-09-11 14:39:46,130 [ERROR] ConditionMgr:805 - Attr not supported : Dmpu
2024-09-11 14:39:46,130 [ERROR] ConditionMgr:805 - Attr not supported : Dmpu
2024-09-11 14:39:46,130 [ERROR] ConditionMgr:805 - Attr not supported : Dmpu
2024-09-11 14:39:46,130 [ERROR] ConditionMgr:805 - Attr not supported : Dmpu
2024-09-11 14:39:46,130 [ERROR] ConditionMgr:805 - Attr not supported : Dmpu
2024-09-11 14:39:46,130 [ERROR] ConditionMgr:805 - Attr not supported : Dmpu
2024-09-11 14:39:46,131 [ERROR] ConditionMgr:805 - Attr not supported : Dmpu
2024-09-11 14:39:46,131 [ERROR] ConditionMgr:805 - Attr not supported : Dmpu
2024-09-11 14:39:46,131 [ERROR] ConditionMgr:805 - Attr not supported : Dmpu
2024-09-11 14:39:46,131 [ERROR] ConditionMgr:805 - Attr not supported : Dmpu
2024-09-11 14:39:46,131 [ERROR] ConditionMgr:805 - Attr not supported : Dmpu
2024-09-11 14:39:46,131 [ERROR] ConditionMgr:805 - Attr not supported : Dmpu
2024-09-11 14:39:46,131 [ERROR] ConditionMgr:805 - Attr not supported : Dmpu
2024-09-11 14:39:46,131 [ERROR] ConditionMgr:805 - Attr not supported : Dmpu
2024-09-11 14:39:46,131 [ERROR] ConditionMgr:805 - Attr not supported : Dmpu
2024-09-11 14:39:46,132 [ERROR] ConditionMgr:805 - Attr not supported : Dmpu
2024-09-11 14:39:46,132 [ERROR] ConditionMgr:805 - Attr not supported : Dmpu
2024-09-11 14:39:46,132 [ERROR] ConditionMgr:805 - Attr not supported : Dmpu
2024-09-11 14:39:46,132 [ERROR] ConditionMgr:805 - Attr not supported : Dmpu
2024-09-11 14:39:46,132 [ERROR] ConditionMgr:805 - Attr not supported : Dmpu
2024-09-11 14:39:46,132 [ERROR] ConditionMgr:805 - Attr not supported : Dmpu
2024-09-11 14:39:46,132 [ERROR] ConditionMgr:805 - Attr not supported : Dmpu
2024-09-11 14:39:46,133 [ERROR] ConditionMgr:805 - Attr not supported : Dmpu
2024-09-11 14:39:46,133 [ERROR] ConditionMgr:805 - Attr not supported : Dmpu
2024-09-11 14:39:46,133 [ERROR] ConditionMgr:805 - Attr not supported : Dmpu
2024-09-11 14:39:46,133 [ERROR] ConditionMgr:805 - Attr not supported : Dmpu
2024-09-11 14:39:46,133 [ERROR] ConditionMgr:805 - Attr not supported : Dmpu
2024-09-11 14:39:46,133 [ERROR] ConditionMgr:805 - Attr not supported : Dmpu
2024-09-11 14:39:46,133 [ERROR] ConditionMgr:805 - Attr not supported : Dmpu
2024-09-11 14:39:46,133 [ERROR] ConditionMgr:805 - Attr not supported : Dmpu
2024-09-11 14:39:46,133 [ERROR] ConditionMgr:805 - Attr not supported : Dmpu
2024-09-11 14:39:46,134 [ERROR] ConditionMgr:805 - Attr not supported : Dmpu
2024-09-11 14:39:46,134 [ERROR] ConditionMgr:805 - Attr not supported : Dmpu
2024-09-11 14:39:46,134 [ERROR] ConditionMgr:805 - Attr not supported : Dmpu
2024-09-11 14:39:46,134 [ERROR] ConditionMgr:805 - Attr not supported : Dmpu
2024-09-11 14:39:46,134 [ERROR] ConditionMgr:805 - Attr not supported : Dmpu
2024-09-11 14:39:46,134 [ERROR] ConditionMgr:805 - Attr not supported : Dmpu
2024-09-11 14:39:46,135 [ERROR] ConditionMgr:805 - Attr not supported : Dmpu
2024-09-11 14:39:46,135 [ERROR] ConditionMgr:805 - Attr not supported : Dmpu
2024-09-11 14:39:46,135 [ERROR] ConditionMgr:805 - Attr not supported : Dmpu
2024-09-11 14:39:46,135 [ERROR] ConditionMgr:805 - Attr not supported : Dmpu
2024-09-11 14:39:46,135 [ERROR] ConditionMgr:805 - Attr not supported : Dmpu
2024-09-11 14:39:46,135 [ERROR] ConditionMgr:805 - Attr not supported : Dmpu
2024-09-11 14:39:46,161 [WARN] PackLoader:240 - Cannot read IP mode file for STMicroelectronics.X-CUBE-BLEMGR.3.0.0
2024-09-11 14:39:46,179 [WARN] PackLoader:240 - Cannot read IP mode file for RealThread.X-CUBE-RT-Thread_Nano.4.1.1
2024-09-11 14:39:46,195 [WARN] PackLoader:240 - Cannot read IP mode file for STMicroelectronics.FP-ATR-SIGFOX1.3.2.0
2024-09-11 14:39:46,211 [WARN] PackLoader:240 - Cannot read IP mode file for STMicroelectronics.X-CUBE-EEPRMA1.5.1.0
2024-09-11 14:39:46,249 [WARN] PackLoader:240 - Cannot read IP mode file for SEGGER.I-CUBE-embOS.1.3.1
2024-09-11 14:39:46,287 [WARN] PackLoader:240 - Cannot read IP mode file for STMicroelectronics.X-CUBE-ALGOBUILD.1.4.0
2024-09-11 14:39:46,302 [WARN] PackLoader:240 - Cannot read IP mode file for STMicroelectronics.X-CUBE-GNSS1.6.0.0
2024-09-11 14:39:46,340 [WARN] PackLoader:240 - Cannot read IP mode file for STMicroelectronics.X-CUBE-AZRTOS-F4.1.1.0
2024-09-11 14:39:46,360 [WARN] PackLoader:240 - Cannot read IP mode file for STMicroelectronics.X-CUBE-FREERTOS.1.2.0
2024-09-11 14:39:46,374 [WARN] PackLoader:240 - Cannot read IP mode file for wolfSSL.I-CUBE-wolfSSL.5.6.6
2024-09-11 14:39:46,412 [WARN] PackLoader:240 - Cannot read IP mode file for STMicroelectronics.X-CUBE-AZRTOS-L5.2.0.0
2024-09-11 14:39:46,432 [WARN] PackLoader:240 - Cannot read IP mode file for STMicroelectronics.X-CUBE-EEPRMA1.4.2.0
2024-09-11 14:39:46,453 [WARN] PackLoader:240 - Cannot read IP mode file for STMicroelectronics.X-CUBE-NFC6.3.1.0
2024-09-11 14:39:46,472 [WARN] PackLoader:240 - Cannot read IP mode file for ITTIA_DB.I-CUBE-ITTIADB.8.8.0
2024-09-11 14:39:46,487 [WARN] PackLoader:240 - Cannot read IP mode file for STMicroelectronics.X-CUBE-DPower.1.2.0
2024-09-11 14:39:46,505 [WARN] PackLoader:240 - Cannot read IP mode file for STMicroelectronics.X-CUBE-AI.9.0.0
2024-09-11 14:39:46,526 [WARN] PackLoader:240 - Cannot read IP mode file for STMicroelectronics.X-CUBE-NFC7.1.0.1
2024-09-11 14:39:46,541 [WARN] PackLoader:240 - Cannot read IP mode file for STMicroelectronics.X-CUBE-NFC6.3.0.0
2024-09-11 14:39:46,559 [WARN] PackLoader:240 - Cannot read IP mode file for STMicroelectronics.X-CUBE-AI.8.1.0
2024-09-11 14:39:46,689 [WARN] ConditionMgr:438 - getConditionDescription Invalid condition id : LAN8742 Phy interface Condition cause : null
2024-09-11 14:39:46,690 [WARN] PackLoader:240 - Cannot read IP mode file for STMicroelectronics.X-CUBE-AZRTOS-L4.2.0.0
2024-09-11 14:39:46,692 [WARN] ConditionMgr:1039 - genDependencies : Invalid condition id : LAN8742 Phy interface Condition cause : null
2024-09-11 14:39:46,693 [WARN] ConditionMgr:1039 - genDependencies : Invalid condition id : LAN8742 Phy interface Condition cause : null
2024-09-11 14:39:46,694 [WARN] ConditionMgr:1039 - genDependencies : Invalid condition id : LAN8742 Phy interface Condition cause : null
2024-09-11 14:39:46,720 [WARN] PackLoader:240 - Cannot read IP mode file for STMicroelectronics.X-CUBE-SFXS2LP1.4.0.0
2024-09-11 14:39:46,940 [WARN] PackLoader:240 - Cannot read IP mode file for STMicroelectronics.X-CUBE-AZRTOS-H7.3.3.0
2024-09-11 14:39:46,973 [WARN] ConditionMgr:438 - getConditionDescription Invalid condition id : UX DEVICE CLASS RTOS Condition cause : null
2024-09-11 14:39:46,974 [WARN] ConditionMgr:438 - getConditionDescription Invalid condition id : UX DEVICE CLASS RTOS Condition cause : null
2024-09-11 14:39:46,976 [WARN] PackLoader:240 - Cannot read IP mode file for STMicroelectronics.X-CUBE-AZRTOS-WB.2.0.0
2024-09-11 14:39:46,977 [WARN] ConditionMgr:1039 - genDependencies : Invalid condition id : UX DEVICE CLASS RTOS Condition cause : null
2024-09-11 14:39:46,978 [WARN] ConditionMgr:1039 - genDependencies : Invalid condition id : UX DEVICE CLASS RTOS Condition cause : null
2024-09-11 14:39:46,978 [WARN] ConditionMgr:1039 - genDependencies : Invalid condition id : UX DEVICE CLASS RTOS Condition cause : null
2024-09-11 14:39:46,978 [WARN] ConditionMgr:1039 - genDependencies : Invalid condition id : UX DEVICE CLASS RTOS Condition cause : null
2024-09-11 14:39:46,979 [WARN] ConditionMgr:1039 - genDependencies : Invalid condition id : UX DEVICE CLASS RTOS Condition cause : null
2024-09-11 14:39:46,998 [WARN] PackLoader:240 - Cannot read IP mode file for STMicroelectronics.X-CUBE-GNSS1.7.0.0
2024-09-11 14:39:47,019 [WARN] PackLoader:240 - Cannot read IP mode file for STMicroelectronics.FP-SNS-STBOX1.2.0.0
2024-09-11 14:39:47,061 [WARN] PackLoader:240 - Cannot read IP mode file for STMicroelectronics.X-CUBE-SUBG2.5.0.0
2024-09-11 14:39:47,198 [WARN] PackLoader:240 - Cannot read IP mode file for STMicroelectronics.X-CUBE-AZRTOS-G4.2.0.0
2024-09-11 14:39:47,277 [WARN] PackLoader:240 - Cannot read IP mode file for Infineon.AIROC-Wi-Fi-Bluetooth-STM32.1.5.1
2024-09-11 14:39:47,315 [WARN] PackLoader:240 - Cannot read IP mode file for STMicroelectronics.FP-SNS-MOTENVWB1.1.3.1
2024-09-11 14:39:47,338 [WARN] PackLoader:240 - Cannot read IP mode file for STMicroelectronics.X-CUBE-ISPU.2.0.0
2024-09-11 14:39:47,361 [WARN] PackLoader:240 - Cannot read IP mode file for STMicroelectronics.X-CUBE-ALS.1.0.2
2024-09-11 14:39:47,380 [INFO] WebApp:161 - Instantiating new browser for Auth
2024-09-11 14:39:47,432 [WARN] PackLoader:240 - Cannot read IP mode file for STMicroelectronics.X-CUBE-MEMS1.10.0.0
2024-09-11 14:39:47,666 [WARN] PackLoader:240 - Cannot read IP mode file for STMicroelectronics.X-CUBE-FREERTOS.1.1.0
2024-09-11 14:39:47,685 [WARN] PackLoader:240 - Cannot read IP mode file for STMicroelectronics.X-CUBE-TOUCHGFX.4.24.0
2024-09-11 14:39:47,703 [WARN] PackLoader:240 - Cannot read IP mode file for wolfSSL.I-CUBE-wolfTPM.3.4.0
2024-09-11 14:39:47,722 [WARN] PackLoader:240 - Cannot read IP mode file for portGmbH.I-Cube-SoM-uGOAL.1.1.0
2024-09-11 14:39:47,740 [WARN] PackLoader:240 - Cannot read IP mode file for STMicroelectronics.X-CUBE-ALS.1.0.1
2024-09-11 14:39:47,776 [WARN] PackLoader:240 - Cannot read IP mode file for STMicroelectronics.X-CUBE-AZRTOS-H7RS.1.0.0
2024-09-11 14:39:47,798 [WARN] PackLoader:240 - Cannot read IP mode file for STMicroelectronics.FP-ATR-ASTRA1.2.0.0
2024-09-11 14:39:47,825 [WARN] PackLoader:240 - Cannot read IP mode file for STMicroelectronics.X-CUBE-TOF1.3.4.2
2024-09-11 14:39:47,870 [WARN] PackLoader:240 - Cannot read IP mode file for STMicroelectronics.X-CUBE-TOF1.3.4.0
2024-09-11 14:39:47,920 [WARN] PackLoader:240 - Cannot read IP mode file for STMicroelectronics.X-CUBE-TOF1.3.4.1
2024-09-11 14:39:48,060 [WARN] PackLoader:240 - Cannot read IP mode file for STMicroelectronics.X-CUBE-AZRTOS-H7.3.2.0
2024-09-11 14:39:48,131 [WARN] PackLoader:240 - Cannot read IP mode file for wolfSSL.I-CUBE-wolfSSH.1.4.17
2024-09-11 14:39:48,135 [INFO] ThirdParty:978 - Integrity check success = true
2024-09-11 14:39:48,135 [INFO] IntegrityCheckThread:100 - exiting critical section [integrity check]
2024-09-11 14:39:48,135 [INFO] IntegrityCheckThread:103 - End integrity checks thread
2024-09-11 14:39:48,388 [INFO] WebApp:780 - Register for checkConnection events
2024-09-11 14:39:48,388 [INFO] WebApp:414 - Apply proxy settings
2024-09-11 14:39:48,389 [INFO] WebApp:499 - Chromium requires no authentication
2024-09-11 14:39:48,401 [INFO] WebApp:442 - Direct internet connection detected
2024-09-11 14:39:48,654 [INFO] WebApp:192 - Starting web application
2024-09-11 14:39:48,654 [INFO] WebApp:544 - Web application path used C:\ST\STM32CubeIDE_1.14.1\STM32CubeIDE\plugins\com.st.stm32cube.common.mx_6.10.0.202311202037\db\plugins\mcufinder\reactClient1\index.html
2024-09-11 14:40:09,960 [ERROR] LogOutputStream:75 - [STDERR_REDIRECT] SLF4J: Failed to load class "org.slf4j.impl.StaticLoggerBinder".
2024-09-11 14:40:09,962 [ERROR] LogOutputStream:75 - [STDERR_REDIRECT] SLF4J: Defaulting to no-operation (NOP) logger implementation
2024-09-11 14:40:09,963 [ERROR] LogOutputStream:75 - [STDERR_REDIRECT] SLF4J: See http://www.slf4j.org/codes.html#StaticLoggerBinder for further details.
2024-09-11 15:56:47,834 [ERROR] LogOutputStream:75 - [STDERR_REDIRECT] 
2024-09-11 15:56:47,835 [ERROR] LogOutputStream:75 - [STDERR_REDIRECT] 
2024-09-11 22:05:23,858 [INFO] Activator:176 - 


2024-09-11 22:05:23,860 [INFO] Activator:177 - !SESSION log4j initialized
2024-09-11 22:05:28,997 [INFO] LogOutputStream:77 - [STDOUT_REDIRECT] 
2024-09-11 22:05:36,234 [INFO] ApplicationProperties:184 - Using Application install path: C:\ST\STM32CubeIDE_1.14.1\STM32CubeIDE\plugins\com.st.stm32cube.common.mx_6.10.0.202311202037
2024-09-11 22:05:36,250 [INFO] DbMcusXml:78 - Set database path to: C:\ST\STM32CubeIDE_1.14.1\STM32CubeIDE\plugins\com.st.stm32cube.common.mx_6.10.0.202311202037\\db\/mcu/
2024-09-11 22:05:36,250 [INFO] ApiDb:274 - Set plugin database path to: C:\ST\STM32CubeIDE_1.14.1\STM32CubeIDE\plugins\com.st.stm32cube.common.mx_6.10.0.202311202037\\db\/plugins/boardmanager/
2024-09-11 22:05:36,251 [WARN] ApiDb:259 - Overriding images path with different value:  => C:\ST\STM32CubeIDE_1.14.1\STM32CubeIDE\plugins\com.st.stm32cube.common.mx_6.10.0.202311202037\\db\/plugins/mcufinder/images/
2024-09-11 22:05:36,260 [INFO] ApiDb:250 - Set database path to: C:\Users\tkach\.stmcufinder\plugins\mcufinder//mcu/
2024-09-11 22:05:36,261 [INFO] DbMcusAds:125 - Set database path to: C:\Users\tkach\.stmcufinder\plugins\mcufinder//mcu/
2024-09-11 22:05:36,263 [INFO] CrossReferenceDbSqlite:203 - Set database path to: C:\Users\tkach\.stmcufinder\plugins\mcufinder//mcu/cs/
2024-09-11 22:05:36,367 [INFO] RulesReader:64 - Compatibility file has been processed (297 Rules)
2024-09-11 22:05:36,456 [INFO] DbMcusXml:78 - Set database path to: C:\ST\STM32CubeIDE_1.14.1\STM32CubeIDE\plugins\com.st.stm32cube.common.mx_6.10.0.202311202037\\db\/mcu/
2024-09-11 22:05:36,456 [INFO] ApiDb:274 - Set plugin database path to: C:\ST\STM32CubeIDE_1.14.1\STM32CubeIDE\plugins\com.st.stm32cube.common.mx_6.10.0.202311202037\\db\/plugins/boardmanager/
2024-09-11 22:05:36,456 [INFO] ApiDb:261 - Set plugin images path to: C:\ST\STM32CubeIDE_1.14.1\STM32CubeIDE\plugins\com.st.stm32cube.common.mx_6.10.0.202311202037\\db\/plugins/mcufinder/images/
2024-09-11 22:05:36,456 [WARN] DbFile:41 - Overriding database path with different value: C:\Users\tkach\.stmcufinder\plugins\mcufinder/ => C:\Users\tkach\.stmcufinder\plugins\mcufinder
2024-09-11 22:05:36,456 [INFO] ApiDb:250 - Set database path to: C:\Users\tkach\.stmcufinder\plugins\mcufinder//mcu/
2024-09-11 22:05:36,456 [WARN] DbFile:41 - Overriding database path with different value: C:\Users\tkach\.stmcufinder\plugins\mcufinder/ => C:\Users\tkach\.stmcufinder\plugins\mcufinder
2024-09-11 22:05:36,456 [INFO] DbMcusAds:125 - Set database path to: C:\Users\tkach\.stmcufinder\plugins\mcufinder//mcu/
2024-09-11 22:05:36,456 [WARN] DbFile:41 - Overriding database path with different value: C:\Users\tkach\.stmcufinder\plugins\mcufinder/ => C:\Users\tkach\.stmcufinder\plugins\mcufinder
2024-09-11 22:05:36,456 [WARN] DbFile:41 - Overriding database path with different value: C:\Users\tkach\.stmcufinder\plugins\mcufinder/ => C:\Users\tkach\.stmcufinder\plugins\mcufinder
2024-09-11 22:05:36,457 [INFO] CrossReferenceDbSqlite:203 - Set database path to: C:\Users\tkach\.stmcufinder\plugins\mcufinder//mcu/cs/
2024-09-11 22:05:36,530 [INFO] MainPanel:264 - HeapMemory: 268435456
2024-09-11 22:05:36,625 [INFO] DbMcusXml:78 - Set database path to: C:\ST\STM32CubeIDE_1.14.1\STM32CubeIDE\plugins\com.st.stm32cube.common.mx_6.10.0.202311202037\\db\/mcu/
2024-09-11 22:05:36,625 [INFO] ApiDb:274 - Set plugin database path to: C:\ST\STM32CubeIDE_1.14.1\STM32CubeIDE\plugins\com.st.stm32cube.common.mx_6.10.0.202311202037\\db\/plugins/boardmanager/
2024-09-11 22:05:36,625 [INFO] ApiDb:261 - Set plugin images path to: C:\ST\STM32CubeIDE_1.14.1\STM32CubeIDE\plugins\com.st.stm32cube.common.mx_6.10.0.202311202037\\db\/plugins/mcufinder/images/
2024-09-11 22:05:36,625 [WARN] DbFile:41 - Overriding database path with different value: C:\Users\tkach\.stmcufinder\plugins\mcufinder/ => C:\Users\tkach\.stmcufinder\plugins\mcufinder
2024-09-11 22:05:36,625 [INFO] ApiDb:250 - Set database path to: C:\Users\tkach\.stmcufinder\plugins\mcufinder//mcu/
2024-09-11 22:05:36,626 [WARN] DbFile:41 - Overriding database path with different value: C:\Users\tkach\.stmcufinder\plugins\mcufinder/ => C:\Users\tkach\.stmcufinder\plugins\mcufinder
2024-09-11 22:05:36,626 [INFO] DbMcusAds:125 - Set database path to: C:\Users\tkach\.stmcufinder\plugins\mcufinder//mcu/
2024-09-11 22:05:36,626 [WARN] DbFile:41 - Overriding database path with different value: C:\Users\tkach\.stmcufinder\plugins\mcufinder/ => C:\Users\tkach\.stmcufinder\plugins\mcufinder
2024-09-11 22:05:36,626 [WARN] DbFile:41 - Overriding database path with different value: C:\Users\tkach\.stmcufinder\plugins\mcufinder/ => C:\Users\tkach\.stmcufinder\plugins\mcufinder
2024-09-11 22:05:36,626 [INFO] CrossReferenceDbSqlite:203 - Set database path to: C:\Users\tkach\.stmcufinder\plugins\mcufinder//mcu/cs/
2024-09-11 22:05:36,641 [INFO] ApplicationProperties:184 - Using Application install path: C:\ST\STM32CubeIDE_1.14.1\STM32CubeIDE\plugins\com.st.stm32cube.common.mx_6.10.0.202311202037
2024-09-11 22:05:36,643 [INFO] PluginManage:196 - Search for loadable plugins [exclusion list=, ]
2024-09-11 22:05:36,644 [INFO] PluginManage:310 - Check plugin analytics
2024-09-11 22:05:41,338 [INFO] AnalyticsPlugin:253 - Accepted Software Licenses: 
2024-09-11 22:05:41,338 [INFO] AnalyticsPlugin:255 - Accepted CMSIS Pack Licenses: 
2024-09-11 22:05:41,338 [INFO] AnalyticsPlugin:257 - Accepted Firmware Licenses: 
2024-09-11 22:05:41,341 [INFO] PluginManage:359 - Loaded plugin analytics (category:tool,tabindex:-1)
2024-09-11 22:05:41,341 [INFO] PluginManage:310 - Check plugin cadmodel
2024-09-11 22:05:41,354 [INFO] CADModel:105 - Init CAD model plugin
2024-09-11 22:05:41,354 [INFO] PluginManage:359 - Loaded plugin cadmodel (category:power,tabindex:5)
2024-09-11 22:05:41,355 [INFO] PluginManage:310 - Check plugin clock
2024-09-11 22:05:41,374 [INFO] PluginManage:359 - Loaded plugin clock (category:base,tabindex:2)
2024-09-11 22:05:41,374 [INFO] PluginManage:310 - Check plugin ddr
2024-09-11 22:05:41,376 [INFO] PluginManage:359 - Loaded plugin ddr (category:tool,tabindex:6)
2024-09-11 22:05:41,376 [INFO] PluginManage:310 - Check plugin filemanager
2024-09-11 22:05:41,510 [INFO] PluginManage:359 - Loaded plugin filemanager (category:base,tabindex:10)
2024-09-11 22:05:41,510 [INFO] PluginManage:310 - Check plugin ipmanager
2024-09-11 22:05:41,517 [INFO] PluginManage:359 - Loaded plugin ipmanager (category:base,tabindex:5)
2024-09-11 22:05:41,517 [INFO] PluginManage:310 - Check plugin lpbam
2024-09-11 22:05:41,532 [INFO] PluginManage:359 - Loaded plugin lpbam (category:base,tabindex:0)
2024-09-11 22:05:41,532 [INFO] PluginManage:310 - Check plugin memorymap
2024-09-11 22:05:41,553 [INFO] PluginManage:359 - Loaded plugin memorymap (category:base,tabindex:4)
2024-09-11 22:05:41,553 [INFO] PluginManage:310 - Check plugin pinoutandconfiguration
2024-09-11 22:05:41,568 [INFO] PluginManage:359 - Loaded plugin pinoutandconfiguration (category:base,tabindex:1)
2024-09-11 22:05:41,568 [INFO] PluginManage:310 - Check plugin pinoutconfig
2024-09-11 22:05:41,666 [WARN] SupportedApi:132 - Cannot load RTOS API schema: s4s-elt-must-match.1: The content of 'definitions' must match (annotation?, (simpleType | complexType)?, (unique | key | keyref)*)). A problem was found starting at: attribute.
2024-09-11 22:05:41,787 [INFO] PluginManage:359 - Loaded plugin pinoutconfig (category:base,tabindex:0)
2024-09-11 22:05:41,787 [INFO] PluginManage:310 - Check plugin power
2024-09-11 22:05:41,806 [INFO] PluginManage:359 - Loaded plugin power (category:power,tabindex:4)
2024-09-11 22:05:41,806 [INFO] PluginManage:310 - Check plugin projectmanager
2024-09-11 22:05:41,820 [INFO] PluginManage:359 - Loaded plugin projectmanager (category:projectmanager,tabindex:3)
2024-09-11 22:05:41,820 [INFO] PluginManage:310 - Check plugin thirdparty
2024-09-11 22:05:42,079 [INFO] PluginManage:359 - Loaded plugin thirdparty (category:base,tabindex:-1)
2024-09-11 22:05:42,079 [WARN] IntegrityCheckThread:84 - waiting for thirdparty lock release [integrity check]
2024-09-11 22:05:42,079 [INFO] PluginManage:310 - Check plugin tools
2024-09-11 22:05:42,079 [INFO] IntegrityCheckThread:86 - entering critical section [integrity check]
2024-09-11 22:05:42,079 [INFO] ThirdPartyUpdaterWithRetryManager:70 - Updater plugin not ready yet. [1/15]
2024-09-11 22:05:42,112 [INFO] PluginManage:359 - Loaded plugin tools (category:base,tabindex:7)
2024-09-11 22:05:42,112 [INFO] PluginManage:310 - Check plugin tutovideos
2024-09-11 22:05:42,307 [INFO] PluginManage:359 - Loaded plugin tutovideos (category:base,tabindex:-1)
2024-09-11 22:05:42,307 [INFO] PluginManage:310 - Check plugin updater
2024-09-11 22:05:42,317 [INFO] PluginManage:359 - Loaded plugin updater (category:base,tabindex:12)
2024-09-11 22:05:42,317 [INFO] PluginManage:310 - Check plugin userauth
2024-09-11 22:05:42,323 [INFO] UserAuth:114 - Init User Auth plugin
2024-09-11 22:05:42,323 [INFO] PluginManage:359 - Loaded plugin userauth (category:base,tabindex:14)
2024-09-11 22:05:42,323 [INFO] PluginManage:283 - PluginManage : Loaded plugins [17]
2024-09-11 22:05:42,564 [INFO] PinOutPanel:1499 - setPackage(No Configuration,No Configuration)
2024-09-11 22:05:42,636 [INFO] CADModel:165 - CPN selected for project level
2024-09-11 22:05:42,636 [INFO] CADModel:114 - Register for checkConnection events
2024-09-11 22:05:42,659 [INFO] IPUIPlugin:80 - create IPUIPlugin
2024-09-11 22:05:42,660 [INFO] PluginManager:220 - loadIPPluginJar : add adc
2024-09-11 22:05:42,701 [INFO] IPUIPlugin:80 - create IPUIPlugin
2024-09-11 22:05:42,701 [INFO] PluginManager:220 - loadIPPluginJar : add aes
2024-09-11 22:05:42,744 [INFO] IPUIPlugin:80 - create IPUIPlugin
2024-09-11 22:05:42,744 [INFO] PluginManager:220 - loadIPPluginJar : add can
2024-09-11 22:05:42,767 [INFO] IPUIPlugin:80 - create IPUIPlugin
2024-09-11 22:05:42,767 [INFO] PluginManager:220 - loadIPPluginJar : add comp
2024-09-11 22:05:42,796 [INFO] IPUIPlugin:80 - create IPUIPlugin
2024-09-11 22:05:42,796 [INFO] PluginManager:220 - loadIPPluginJar : add cryp
2024-09-11 22:05:42,822 [INFO] IPUIPlugin:80 - create IPUIPlugin
2024-09-11 22:05:42,822 [INFO] PluginManager:220 - loadIPPluginJar : add dfsdm
2024-09-11 22:05:42,835 [INFO] IPUIPlugin:80 - create IPUIPlugin
2024-09-11 22:05:42,836 [INFO] PluginManager:220 - loadIPPluginJar : add dma
2024-09-11 22:05:42,874 [INFO] IPUIPlugin:80 - create IPUIPlugin
2024-09-11 22:05:42,874 [INFO] PluginManager:220 - loadIPPluginJar : add dma3
2024-09-11 22:05:42,892 [INFO] IPUIPlugin:80 - create IPUIPlugin
2024-09-11 22:05:42,892 [INFO] PluginManager:220 - loadIPPluginJar : add fatfs
2024-09-11 22:05:42,932 [INFO] IPUIPlugin:80 - create IPUIPlugin
2024-09-11 22:05:42,932 [INFO] PluginManager:220 - loadIPPluginJar : add fmc
2024-09-11 22:05:42,946 [INFO] IPUIPlugin:80 - create IPUIPlugin
2024-09-11 22:05:42,946 [INFO] PluginManager:220 - loadIPPluginJar : add freertos
2024-09-11 22:05:42,965 [INFO] IPUIPlugin:80 - create IPUIPlugin
2024-09-11 22:05:42,965 [INFO] PluginManager:220 - loadIPPluginJar : add genericplugin
2024-09-11 22:05:43,050 [INFO] IPUIPlugin:80 - create IPUIPlugin
2024-09-11 22:05:43,050 [INFO] PluginManager:220 - loadIPPluginJar : add gfxmmu
2024-09-11 22:05:43,175 [INFO] IPUIPlugin:80 - create IPUIPlugin
2024-09-11 22:05:43,175 [INFO] PluginManager:220 - loadIPPluginJar : add gic
2024-09-11 22:05:43,197 [INFO] IPUIPlugin:80 - create IPUIPlugin
2024-09-11 22:05:43,198 [INFO] PluginManager:220 - loadIPPluginJar : add gpio
2024-09-11 22:05:43,278 [INFO] IPUIPlugin:80 - create IPUIPlugin
2024-09-11 22:05:43,278 [INFO] PluginManager:220 - loadIPPluginJar : add gtzc
2024-09-11 22:05:43,316 [INFO] IPUIPlugin:80 - create IPUIPlugin
2024-09-11 22:05:43,316 [INFO] PluginManager:220 - loadIPPluginJar : add hash
2024-09-11 22:05:43,361 [INFO] IPUIPlugin:80 - create IPUIPlugin
2024-09-11 22:05:43,361 [INFO] PluginManager:220 - loadIPPluginJar : add i2c
2024-09-11 22:05:43,396 [INFO] IPUIPlugin:80 - create IPUIPlugin
2024-09-11 22:05:43,396 [INFO] PluginManager:220 - loadIPPluginJar : add i2s
2024-09-11 22:05:43,431 [INFO] IPUIPlugin:80 - create IPUIPlugin
2024-09-11 22:05:43,431 [INFO] PluginManager:220 - loadIPPluginJar : add i3c
2024-09-11 22:05:43,531 [INFO] IPUIPlugin:80 - create IPUIPlugin
2024-09-11 22:05:43,531 [INFO] PluginManager:220 - loadIPPluginJar : add ipddr
2024-09-11 22:05:43,621 [INFO] IPUIPlugin:80 - create IPUIPlugin
2024-09-11 22:05:43,621 [INFO] PluginManager:220 - loadIPPluginJar : add linkedlist
2024-09-11 22:05:43,652 [INFO] IPUIPlugin:80 - create IPUIPlugin
2024-09-11 22:05:43,652 [INFO] PluginManager:220 - loadIPPluginJar : add lorawan
2024-09-11 22:05:43,698 [INFO] IPUIPlugin:80 - create IPUIPlugin
2024-09-11 22:05:43,698 [INFO] PluginManager:220 - loadIPPluginJar : add ltdc
2024-09-11 22:05:43,716 [INFO] IPUIPlugin:80 - create IPUIPlugin
2024-09-11 22:05:43,716 [INFO] PluginManager:220 - loadIPPluginJar : add mdma
2024-09-11 22:05:43,733 [INFO] IPUIPlugin:80 - create IPUIPlugin
2024-09-11 22:05:43,733 [INFO] PluginManager:220 - loadIPPluginJar : add nvic
2024-09-11 22:05:43,781 [INFO] IPUIPlugin:80 - create IPUIPlugin
2024-09-11 22:05:43,781 [INFO] PluginManager:220 - loadIPPluginJar : add opamp
2024-09-11 22:05:43,843 [INFO] IPUIPlugin:80 - create IPUIPlugin
2024-09-11 22:05:43,844 [INFO] PluginManager:220 - loadIPPluginJar : add openamp
2024-09-11 22:05:43,891 [INFO] IPUIPlugin:80 - create IPUIPlugin
2024-09-11 22:05:43,891 [INFO] PluginManager:220 - loadIPPluginJar : add pdm2pcm
2024-09-11 22:05:43,904 [INFO] IPUIPlugin:80 - create IPUIPlugin
2024-09-11 22:05:43,906 [INFO] PluginManager:220 - loadIPPluginJar : add plateformsettings
2024-09-11 22:05:43,926 [INFO] IPUIPlugin:80 - create IPUIPlugin
2024-09-11 22:05:43,926 [INFO] PluginManager:220 - loadIPPluginJar : add quadspi
2024-09-11 22:05:43,938 [INFO] IPUIPlugin:80 - create IPUIPlugin
2024-09-11 22:05:43,938 [INFO] PluginManager:220 - loadIPPluginJar : add resmgrutility
2024-09-11 22:05:43,983 [INFO] IPUIPlugin:80 - create IPUIPlugin
2024-09-11 22:05:43,983 [INFO] PluginManager:220 - loadIPPluginJar : add sai
2024-09-11 22:05:44,027 [INFO] IPUIPlugin:80 - create IPUIPlugin
2024-09-11 22:05:44,028 [INFO] PluginManager:220 - loadIPPluginJar : add spi
2024-09-11 22:05:44,096 [INFO] IPUIPlugin:80 - create IPUIPlugin
2024-09-11 22:05:44,096 [INFO] PluginManager:220 - loadIPPluginJar : add stm32_wpan
2024-09-11 22:05:44,122 [INFO] IPUIPlugin:80 - create IPUIPlugin
2024-09-11 22:05:44,123 [INFO] PluginManager:220 - loadIPPluginJar : add tim
2024-09-11 22:05:44,175 [INFO] IPUIPlugin:80 - create IPUIPlugin
2024-09-11 22:05:44,176 [INFO] PluginManager:220 - loadIPPluginJar : add touchsensing
2024-09-11 22:05:44,196 [INFO] IPUIPlugin:80 - create IPUIPlugin
2024-09-11 22:05:44,196 [INFO] PluginManager:220 - loadIPPluginJar : add tracer_emb
2024-09-11 22:05:44,217 [INFO] IPUIPlugin:80 - create IPUIPlugin
2024-09-11 22:05:44,218 [INFO] PluginManager:220 - loadIPPluginJar : add ts
2024-09-11 22:05:44,238 [INFO] IPUIPlugin:80 - create IPUIPlugin
2024-09-11 22:05:44,238 [INFO] PluginManager:220 - loadIPPluginJar : add tsc
2024-09-11 22:05:44,257 [INFO] IPUIPlugin:80 - create IPUIPlugin
2024-09-11 22:05:44,257 [INFO] PluginManager:220 - loadIPPluginJar : add ucpd
2024-09-11 22:05:44,296 [INFO] IPUIPlugin:80 - create IPUIPlugin
2024-09-11 22:05:44,296 [INFO] PluginManager:220 - loadIPPluginJar : add usart
2024-09-11 22:05:44,336 [INFO] IPUIPlugin:80 - create IPUIPlugin
2024-09-11 22:05:44,336 [INFO] PluginManager:220 - loadIPPluginJar : add usbx
2024-09-11 22:05:44,455 [INFO] CADModel:165 - CPN selected for project level
2024-09-11 22:05:44,455 [INFO] CADModel:114 - Register for checkConnection events
2024-09-11 22:05:44,455 [FATAL] Updater:308 - Updater called before beeing initialized
2024-09-11 22:05:44,455 [ERROR] CADModel:125 - Updater not yet initialized, retry later 
2024-09-11 22:05:44,574 [INFO] CADModel:165 - CPN selected for project level
2024-09-11 22:05:44,574 [INFO] CADModel:114 - Register for checkConnection events
2024-09-11 22:05:44,575 [FATAL] Updater:308 - Updater called before beeing initialized
2024-09-11 22:05:44,575 [ERROR] CADModel:125 - Updater not yet initialized, retry later 
2024-09-11 22:05:44,577 [FATAL] Updater:308 - Updater called before beeing initialized
2024-09-11 22:05:44,707 [FATAL] Updater:308 - Updater called before beeing initialized
2024-09-11 22:05:44,716 [INFO] DbMcusAds:53 - JSON generation date=Thu May 16 12:22:00 EEST 2024 (1715851320667)
2024-09-11 22:05:44,716 [FATAL] Updater:308 - Updater called before beeing initialized
2024-09-11 22:05:44,795 [WARN] DetailPanel:346 - Failed to get advertising image, set to default
2024-09-11 22:05:44,877 [FATAL] Updater:308 - Updater called before beeing initialized
2024-09-11 22:05:44,878 [FATAL] Updater:308 - Updater called before beeing initialized
2024-09-11 22:05:44,879 [FATAL] Updater:308 - Updater called before beeing initialized
2024-09-11 22:05:44,879 [WARN] DetailPanel:346 - Failed to get advertising image, set to default
2024-09-11 22:05:44,879 [FATAL] Updater:308 - Updater called before beeing initialized
2024-09-11 22:05:44,932 [ERROR] Updater:1120 - MainUpdater not yet initialized. External WinMGr cannot be set.
2024-09-11 22:05:44,941 [INFO] Updater:1056 - Updater Version found : 6.10.0
2024-09-11 22:05:44,959 [INFO] ApplicationProperties:184 - Using Application install path: C:\ST\STM32CubeIDE_1.14.1\STM32CubeIDE\plugins\com.st.stm32cube.common.mx_6.10.0.202311202037
2024-09-11 22:05:45,084 [INFO] ThirdPartyUpdaterWithRetryManager:70 - Updater plugin not ready yet. [2/15]
2024-09-11 22:05:46,579 [ERROR] LogOutputStream:75 - [STDERR_REDIRECT] Sep 11, 2024 10:05:46 PM java.util.prefs.WindowsPreferences <init>
2024-09-11 22:05:46,581 [ERROR] LogOutputStream:75 - [STDERR_REDIRECT] WARNING: Could not open/create prefs root node Software\JavaSoft\Prefs at root 0xffffffff80000002. Windows RegCreateKeyEx(...) returned error code 5.
2024-09-11 22:05:46,581 [ERROR] LogOutputStream:75 - [STDERR_REDIRECT] 
2024-09-11 22:05:46,857 [INFO] MainUpdater:2873 - connection check result : 10
2024-09-11 22:05:46,857 [INFO] MainUpdater:290 - Updater Check For Update Now.
2024-09-11 22:05:46,858 [INFO] MicroXplorer:498 - Change Database Version : DB.6.0.100
2024-09-11 22:05:46,883 [INFO] McuFinderGlobals:63 - Set McuFinder mode to 2 (CubeIDE integrated)
2024-09-11 22:05:47,069 [INFO] CheckServerUpdateThread:120 - End of CheckServer Thread
2024-09-11 22:05:47,296 [INFO] UserAuth:404 - Internet connection configuration mode: 1
2024-09-11 22:05:47,340 [INFO] JxBrowserEngine:152 - Initiate JxBrowser Engine with user profile folder
2024-09-11 22:05:48,313 [WARN] PackLoader:240 - Cannot read IP mode file for STMicroelectronics.FP-SNS-MOTENVWB1.1.4.0
2024-09-11 22:05:48,334 [WARN] PackLoader:240 - Cannot read IP mode file for STMicroelectronics.X-CUBE-SMBUS.2.1.0
2024-09-11 22:05:48,349 [WARN] PackLoader:240 - Cannot read IP mode file for STMicroelectronics.X-CUBE-TOUCHGFX.4.23.0
2024-09-11 22:05:48,363 [WARN] PackLoader:240 - Cannot read IP mode file for STMicroelectronics.X-CUBE-TOUCHGFX.4.23.2
2024-09-11 22:05:48,427 [WARN] PackLoader:240 - Cannot read IP mode file for STMicroelectronics.X-CUBE-AZRTOS-F7.1.1.0
2024-09-11 22:05:48,462 [WARN] PackLoader:240 - Cannot read IP mode file for STMicroelectronics.FP-SNS-MOTENV1.4.3.2
2024-09-11 22:05:48,534 [WARN] PackLoader:240 - Cannot read IP mode file for STMicroelectronics.X-CUBE-MEMS1.11.0.0
2024-09-11 22:05:48,717 [WARN] PackLoader:240 - Cannot read IP mode file for STMicroelectronics.FP-SNS-FLIGHT1.5.0.2
2024-09-11 22:05:48,738 [WARN] PackLoader:240 - Cannot read IP mode file for STMicroelectronics.X-CUBE-DISPLAY.3.0.0
2024-09-11 22:05:48,762 [WARN] PackLoader:240 - Cannot read IP mode file for STMicroelectronics.X-CUBE-BLE1.7.0.0
2024-09-11 22:05:48,780 [WARN] PackLoader:240 - Cannot read IP mode file for emotas.I-CUBE-CANOPEN.1.3.0
2024-09-11 22:05:48,802 [WARN] PackLoader:240 - Cannot read IP mode file for STMicroelectronics.X-CUBE-BLEMGR.3.1.0
2024-09-11 22:05:48,819 [WARN] PackLoader:240 - Cannot read IP mode file for STMicroelectronics.FP-SNS-SMARTAG2.1.2.0
2024-09-11 22:05:48,842 [INFO] LogOutputStream:77 - [STDOUT_REDIRECT] 1 : Invalid condition id : UX_CORESTACK_Condition cause : null
2024-09-11 22:05:48,842 [INFO] LogOutputStream:77 - [STDOUT_REDIRECT] 1 : Invalid condition id : UX_CORESTACK_Condition cause : null
2024-09-11 22:05:48,843 [INFO] LogOutputStream:77 - [STDOUT_REDIRECT] 1 : Invalid condition id : UX_CORESTACK_Condition cause : null
2024-09-11 22:05:48,844 [INFO] LogOutputStream:77 - [STDOUT_REDIRECT] 1 : Invalid condition id : UX_CORESTACK_Condition cause : null
2024-09-11 22:05:48,846 [INFO] LogOutputStream:77 - [STDOUT_REDIRECT] 1 : Invalid condition id : UX_CORESTACK_Condition cause : null
2024-09-11 22:05:48,848 [WARN] PackLoader:240 - Cannot read IP mode file for STMicroelectronics.X-CUBE-AZRTOS-WL.2.0.0
2024-09-11 22:05:48,864 [WARN] PackLoader:240 - Cannot read IP mode file for STMicroelectronics.FP-SNS-MOTENV1.5.0.0
2024-09-11 22:05:48,876 [WARN] PackLoader:240 - Cannot read IP mode file for wolfSSL.I-CUBE-wolfMQTT.1.19.0
2024-09-11 22:05:48,891 [WARN] PackLoader:240 - Cannot read IP mode file for WES.I-CUBE-Cesium.1.3.0
2024-09-11 22:05:48,904 [WARN] PackLoader:240 - Cannot read IP mode file for STMicroelectronics.X-CUBE-BLE2.3.3.0
2024-09-11 22:05:48,917 [WARN] PackLoader:240 - Cannot read IP mode file for STMicroelectronics.X-CUBE-TCPP.4.1.0
2024-09-11 22:05:48,932 [WARN] PackLoader:240 - Cannot read IP mode file for STMicroelectronics.X-CUBE-ALGOBUILD.1.3.0
2024-09-11 22:05:48,963 [WARN] PackLoader:240 - Cannot read IP mode file for STMicroelectronics.X-CUBE-AZRTOS-G0.1.1.0
2024-09-11 22:05:48,984 [WARN] PackLoader:240 - Cannot read IP mode file for STMicroelectronics.X-CUBE-SAFEA1.1.2.2
2024-09-11 22:05:49,000 [WARN] PackLoader:240 - Cannot read IP mode file for STMicroelectronics.X-CUBE-NFC4.3.0.0
2024-09-11 22:05:49,015 [WARN] PackLoader:240 - Cannot read IP mode file for EmbeddedOffice.I-CUBE-FS-RTOS.1.0.1
2024-09-11 22:05:49,016 [ERROR] ConditionMgr:805 - Attr not supported : Dmpu
2024-09-11 22:05:49,016 [ERROR] ConditionMgr:805 - Attr not supported : Dmpu
2024-09-11 22:05:49,016 [ERROR] ConditionMgr:805 - Attr not supported : Dmpu
2024-09-11 22:05:49,016 [ERROR] ConditionMgr:805 - Attr not supported : Dmpu
2024-09-11 22:05:49,016 [ERROR] ConditionMgr:805 - Attr not supported : Dmpu
2024-09-11 22:05:49,016 [ERROR] ConditionMgr:805 - Attr not supported : Dmpu
2024-09-11 22:05:49,016 [ERROR] ConditionMgr:805 - Attr not supported : Dmpu
2024-09-11 22:05:49,016 [ERROR] ConditionMgr:805 - Attr not supported : Dmpu
2024-09-11 22:05:49,016 [ERROR] ConditionMgr:805 - Attr not supported : Dmpu
2024-09-11 22:05:49,016 [ERROR] ConditionMgr:805 - Attr not supported : Dmpu
2024-09-11 22:05:49,016 [ERROR] ConditionMgr:805 - Attr not supported : Dmpu
2024-09-11 22:05:49,016 [ERROR] ConditionMgr:805 - Attr not supported : Dmpu
2024-09-11 22:05:49,016 [ERROR] ConditionMgr:805 - Attr not supported : Dmpu
2024-09-11 22:05:49,016 [ERROR] ConditionMgr:805 - Attr not supported : Dmpu
2024-09-11 22:05:49,017 [ERROR] ConditionMgr:805 - Attr not supported : Dmpu
2024-09-11 22:05:49,017 [ERROR] ConditionMgr:805 - Attr not supported : Dmpu
2024-09-11 22:05:49,017 [ERROR] ConditionMgr:805 - Attr not supported : Dmpu
2024-09-11 22:05:49,017 [ERROR] ConditionMgr:805 - Attr not supported : Dmpu
2024-09-11 22:05:49,017 [ERROR] ConditionMgr:805 - Attr not supported : Dmpu
2024-09-11 22:05:49,017 [ERROR] ConditionMgr:805 - Attr not supported : Dmpu
2024-09-11 22:05:49,017 [ERROR] ConditionMgr:805 - Attr not supported : Dmpu
2024-09-11 22:05:49,017 [ERROR] ConditionMgr:805 - Attr not supported : Dmpu
2024-09-11 22:05:49,017 [ERROR] ConditionMgr:805 - Attr not supported : Dmpu
2024-09-11 22:05:49,017 [ERROR] ConditionMgr:805 - Attr not supported : Dmpu
2024-09-11 22:05:49,017 [ERROR] ConditionMgr:805 - Attr not supported : Dmpu
2024-09-11 22:05:49,017 [ERROR] ConditionMgr:805 - Attr not supported : Dmpu
2024-09-11 22:05:49,017 [ERROR] ConditionMgr:805 - Attr not supported : Dmpu
2024-09-11 22:05:49,018 [ERROR] ConditionMgr:805 - Attr not supported : Dmpu
2024-09-11 22:05:49,018 [ERROR] ConditionMgr:805 - Attr not supported : Dmpu
2024-09-11 22:05:49,018 [ERROR] ConditionMgr:805 - Attr not supported : Dmpu
2024-09-11 22:05:49,018 [ERROR] ConditionMgr:805 - Attr not supported : Dmpu
2024-09-11 22:05:49,018 [ERROR] ConditionMgr:805 - Attr not supported : Dmpu
2024-09-11 22:05:49,018 [ERROR] ConditionMgr:805 - Attr not supported : Dmpu
2024-09-11 22:05:49,018 [ERROR] ConditionMgr:805 - Attr not supported : Dmpu
2024-09-11 22:05:49,018 [ERROR] ConditionMgr:805 - Attr not supported : Dmpu
2024-09-11 22:05:49,018 [ERROR] ConditionMgr:805 - Attr not supported : Dmpu
2024-09-11 22:05:49,018 [ERROR] ConditionMgr:805 - Attr not supported : Dmpu
2024-09-11 22:05:49,018 [ERROR] ConditionMgr:805 - Attr not supported : Dmpu
2024-09-11 22:05:49,018 [ERROR] ConditionMgr:805 - Attr not supported : Dmpu
2024-09-11 22:05:49,019 [ERROR] ConditionMgr:805 - Attr not supported : Dmpu
2024-09-11 22:05:49,019 [ERROR] ConditionMgr:805 - Attr not supported : Dmpu
2024-09-11 22:05:49,019 [ERROR] ConditionMgr:805 - Attr not supported : Dmpu
2024-09-11 22:05:49,019 [ERROR] ConditionMgr:805 - Attr not supported : Dmpu
2024-09-11 22:05:49,019 [ERROR] ConditionMgr:805 - Attr not supported : Dmpu
2024-09-11 22:05:49,019 [ERROR] ConditionMgr:805 - Attr not supported : Dmpu
2024-09-11 22:05:49,019 [ERROR] ConditionMgr:805 - Attr not supported : Dmpu
2024-09-11 22:05:49,019 [ERROR] ConditionMgr:805 - Attr not supported : Dmpu
2024-09-11 22:05:49,019 [ERROR] ConditionMgr:805 - Attr not supported : Dmpu
2024-09-11 22:05:49,019 [ERROR] ConditionMgr:805 - Attr not supported : Dmpu
2024-09-11 22:05:49,019 [ERROR] ConditionMgr:805 - Attr not supported : Dmpu
2024-09-11 22:05:49,019 [ERROR] ConditionMgr:805 - Attr not supported : Dmpu
2024-09-11 22:05:49,019 [ERROR] ConditionMgr:805 - Attr not supported : Dmpu
2024-09-11 22:05:49,019 [ERROR] ConditionMgr:805 - Attr not supported : Dmpu
2024-09-11 22:05:49,019 [ERROR] ConditionMgr:805 - Attr not supported : Dmpu
2024-09-11 22:05:49,019 [ERROR] ConditionMgr:805 - Attr not supported : Dmpu
2024-09-11 22:05:49,019 [ERROR] ConditionMgr:805 - Attr not supported : Dmpu
2024-09-11 22:05:49,020 [ERROR] ConditionMgr:805 - Attr not supported : Dmpu
2024-09-11 22:05:49,020 [ERROR] ConditionMgr:805 - Attr not supported : Dmpu
2024-09-11 22:05:49,020 [ERROR] ConditionMgr:805 - Attr not supported : Dmpu
2024-09-11 22:05:49,020 [ERROR] ConditionMgr:805 - Attr not supported : Dmpu
2024-09-11 22:05:49,020 [ERROR] ConditionMgr:805 - Attr not supported : Dmpu
2024-09-11 22:05:49,020 [ERROR] ConditionMgr:805 - Attr not supported : Dmpu
2024-09-11 22:05:49,020 [ERROR] ConditionMgr:805 - Attr not supported : Dmpu
2024-09-11 22:05:49,020 [ERROR] ConditionMgr:805 - Attr not supported : Dmpu
2024-09-11 22:05:49,036 [WARN] PackLoader:240 - Cannot read IP mode file for STMicroelectronics.X-CUBE-BLEMGR.3.0.0
2024-09-11 22:05:49,050 [WARN] PackLoader:240 - Cannot read IP mode file for RealThread.X-CUBE-RT-Thread_Nano.4.1.1
2024-09-11 22:05:49,062 [WARN] PackLoader:240 - Cannot read IP mode file for STMicroelectronics.FP-ATR-SIGFOX1.3.2.0
2024-09-11 22:05:49,078 [WARN] PackLoader:240 - Cannot read IP mode file for STMicroelectronics.X-CUBE-EEPRMA1.5.1.0
2024-09-11 22:05:49,112 [WARN] PackLoader:240 - Cannot read IP mode file for SEGGER.I-CUBE-embOS.1.3.1
2024-09-11 22:05:49,177 [WARN] PackLoader:240 - Cannot read IP mode file for STMicroelectronics.X-CUBE-ALGOBUILD.1.4.0
2024-09-11 22:05:49,196 [WARN] PackLoader:240 - Cannot read IP mode file for STMicroelectronics.X-CUBE-GNSS1.6.0.0
2024-09-11 22:05:49,259 [WARN] PackLoader:240 - Cannot read IP mode file for STMicroelectronics.X-CUBE-AZRTOS-F4.1.1.0
2024-09-11 22:05:49,279 [WARN] PackLoader:240 - Cannot read IP mode file for STMicroelectronics.X-CUBE-FREERTOS.1.2.0
2024-09-11 22:05:49,291 [WARN] PackLoader:240 - Cannot read IP mode file for wolfSSL.I-CUBE-wolfSSL.5.6.6
2024-09-11 22:05:49,319 [WARN] PackLoader:240 - Cannot read IP mode file for STMicroelectronics.X-CUBE-AZRTOS-L5.2.0.0
2024-09-11 22:05:49,334 [WARN] PackLoader:240 - Cannot read IP mode file for STMicroelectronics.X-CUBE-EEPRMA1.4.2.0
2024-09-11 22:05:49,348 [WARN] PackLoader:240 - Cannot read IP mode file for STMicroelectronics.X-CUBE-NFC6.3.1.0
2024-09-11 22:05:49,364 [WARN] PackLoader:240 - Cannot read IP mode file for ITTIA_DB.I-CUBE-ITTIADB.8.8.0
2024-09-11 22:05:49,379 [WARN] PackLoader:240 - Cannot read IP mode file for STMicroelectronics.X-CUBE-DPower.1.2.0
2024-09-11 22:05:49,393 [WARN] PackLoader:240 - Cannot read IP mode file for STMicroelectronics.X-CUBE-AI.9.0.0
2024-09-11 22:05:49,411 [WARN] PackLoader:240 - Cannot read IP mode file for STMicroelectronics.X-CUBE-NFC7.1.0.1
2024-09-11 22:05:49,426 [WARN] PackLoader:240 - Cannot read IP mode file for STMicroelectronics.X-CUBE-NFC6.3.0.0
2024-09-11 22:05:49,441 [WARN] PackLoader:240 - Cannot read IP mode file for STMicroelectronics.X-CUBE-AI.8.1.0
2024-09-11 22:05:49,469 [WARN] ConditionMgr:438 - getConditionDescription Invalid condition id : LAN8742 Phy interface Condition cause : null
2024-09-11 22:05:49,470 [WARN] PackLoader:240 - Cannot read IP mode file for STMicroelectronics.X-CUBE-AZRTOS-L4.2.0.0
2024-09-11 22:05:49,471 [WARN] ConditionMgr:1039 - genDependencies : Invalid condition id : LAN8742 Phy interface Condition cause : null
2024-09-11 22:05:49,471 [WARN] ConditionMgr:1039 - genDependencies : Invalid condition id : LAN8742 Phy interface Condition cause : null
2024-09-11 22:05:49,471 [WARN] ConditionMgr:1039 - genDependencies : Invalid condition id : LAN8742 Phy interface Condition cause : null
2024-09-11 22:05:49,487 [WARN] PackLoader:240 - Cannot read IP mode file for STMicroelectronics.X-CUBE-SFXS2LP1.4.0.0
2024-09-11 22:05:49,522 [WARN] PackLoader:240 - Cannot read IP mode file for STMicroelectronics.X-CUBE-AZRTOS-H7.3.3.0
2024-09-11 22:05:49,554 [WARN] ConditionMgr:438 - getConditionDescription Invalid condition id : UX DEVICE CLASS RTOS Condition cause : null
2024-09-11 22:05:49,555 [WARN] ConditionMgr:438 - getConditionDescription Invalid condition id : UX DEVICE CLASS RTOS Condition cause : null
2024-09-11 22:05:49,557 [WARN] PackLoader:240 - Cannot read IP mode file for STMicroelectronics.X-CUBE-AZRTOS-WB.2.0.0
2024-09-11 22:05:49,558 [WARN] ConditionMgr:1039 - genDependencies : Invalid condition id : UX DEVICE CLASS RTOS Condition cause : null
2024-09-11 22:05:49,558 [WARN] ConditionMgr:1039 - genDependencies : Invalid condition id : UX DEVICE CLASS RTOS Condition cause : null
2024-09-11 22:05:49,558 [WARN] ConditionMgr:1039 - genDependencies : Invalid condition id : UX DEVICE CLASS RTOS Condition cause : null
2024-09-11 22:05:49,558 [WARN] ConditionMgr:1039 - genDependencies : Invalid condition id : UX DEVICE CLASS RTOS Condition cause : null
2024-09-11 22:05:49,558 [WARN] ConditionMgr:1039 - genDependencies : Invalid condition id : UX DEVICE CLASS RTOS Condition cause : null
2024-09-11 22:05:49,570 [WARN] PackLoader:240 - Cannot read IP mode file for STMicroelectronics.X-CUBE-GNSS1.7.0.0
2024-09-11 22:05:49,584 [WARN] PackLoader:240 - Cannot read IP mode file for STMicroelectronics.FP-SNS-STBOX1.2.0.0
2024-09-11 22:05:49,603 [WARN] PackLoader:240 - Cannot read IP mode file for STMicroelectronics.X-CUBE-SUBG2.5.0.0
2024-09-11 22:05:49,636 [WARN] PackLoader:240 - Cannot read IP mode file for STMicroelectronics.X-CUBE-AZRTOS-G4.2.0.0
2024-09-11 22:05:49,659 [WARN] PackLoader:240 - Cannot read IP mode file for Infineon.AIROC-Wi-Fi-Bluetooth-STM32.1.5.1
2024-09-11 22:05:49,675 [WARN] PackLoader:240 - Cannot read IP mode file for STMicroelectronics.FP-SNS-MOTENVWB1.1.3.1
2024-09-11 22:05:49,689 [WARN] PackLoader:240 - Cannot read IP mode file for STMicroelectronics.X-CUBE-ISPU.2.0.0
2024-09-11 22:05:49,701 [WARN] PackLoader:240 - Cannot read IP mode file for STMicroelectronics.X-CUBE-ALS.1.0.2
2024-09-11 22:05:49,746 [WARN] PackLoader:240 - Cannot read IP mode file for STMicroelectronics.X-CUBE-MEMS1.10.0.0
2024-09-11 22:05:49,877 [WARN] PackLoader:240 - Cannot read IP mode file for STMicroelectronics.X-CUBE-FREERTOS.1.1.0
2024-09-11 22:05:49,894 [WARN] PackLoader:240 - Cannot read IP mode file for STMicroelectronics.X-CUBE-TOUCHGFX.4.24.0
2024-09-11 22:05:49,908 [WARN] PackLoader:240 - Cannot read IP mode file for wolfSSL.I-CUBE-wolfTPM.3.4.0
2024-09-11 22:05:49,927 [WARN] PackLoader:240 - Cannot read IP mode file for portGmbH.I-Cube-SoM-uGOAL.1.1.0
2024-09-11 22:05:49,942 [WARN] PackLoader:240 - Cannot read IP mode file for STMicroelectronics.X-CUBE-ALS.1.0.1
2024-09-11 22:05:49,979 [WARN] PackLoader:240 - Cannot read IP mode file for STMicroelectronics.X-CUBE-AZRTOS-H7RS.1.0.0
2024-09-11 22:05:50,000 [WARN] PackLoader:240 - Cannot read IP mode file for STMicroelectronics.FP-ATR-ASTRA1.2.0.0
2024-09-11 22:05:50,020 [WARN] PackLoader:240 - Cannot read IP mode file for STMicroelectronics.X-CUBE-TOF1.3.4.2
2024-09-11 22:05:50,048 [WARN] PackLoader:240 - Cannot read IP mode file for STMicroelectronics.X-CUBE-TOF1.3.4.0
2024-09-11 22:05:50,084 [WARN] PackLoader:240 - Cannot read IP mode file for STMicroelectronics.X-CUBE-TOF1.3.4.1
2024-09-11 22:05:50,126 [WARN] PackLoader:240 - Cannot read IP mode file for STMicroelectronics.X-CUBE-AZRTOS-H7.3.2.0
2024-09-11 22:05:50,144 [WARN] PackLoader:240 - Cannot read IP mode file for wolfSSL.I-CUBE-wolfSSH.1.4.17
2024-09-11 22:05:50,144 [INFO] ThirdParty:978 - Integrity check success = true
2024-09-11 22:05:50,144 [INFO] IntegrityCheckThread:100 - exiting critical section [integrity check]
2024-09-11 22:05:50,144 [INFO] IntegrityCheckThread:103 - End integrity checks thread
2024-09-11 22:05:50,869 [INFO] WebApp:161 - Instantiating new browser for Auth
2024-09-11 22:05:51,385 [INFO] WebApp:780 - Register for checkConnection events
2024-09-11 22:05:51,385 [INFO] WebApp:414 - Apply proxy settings
2024-09-11 22:05:51,385 [INFO] WebApp:499 - Chromium requires no authentication
2024-09-11 22:05:51,390 [INFO] WebApp:442 - Direct internet connection detected
2024-09-11 22:05:51,521 [INFO] WebApp:192 - Starting web application
2024-09-11 22:05:51,521 [INFO] WebApp:544 - Web application path used C:\ST\STM32CubeIDE_1.14.1\STM32CubeIDE\plugins\com.st.stm32cube.common.mx_6.10.0.202311202037\db\plugins\mcufinder\reactClient1\index.html
2024-09-11 22:06:12,334 [ERROR] LogOutputStream:75 - [STDERR_REDIRECT] SLF4J: Failed to load class "org.slf4j.impl.StaticLoggerBinder".
2024-09-11 22:06:12,335 [ERROR] LogOutputStream:75 - [STDERR_REDIRECT] SLF4J: Defaulting to no-operation (NOP) logger implementation
2024-09-11 22:06:12,336 [ERROR] LogOutputStream:75 - [STDERR_REDIRECT] SLF4J: See http://www.slf4j.org/codes.html#StaticLoggerBinder for further details.
2024-09-11 22:07:40,312 [INFO] McuFinderGlobals:63 - Set McuFinder mode to 2 (CubeIDE integrated)
2024-09-11 22:07:40,329 [INFO] MainUpdater:2873 - connection check result : 10
2024-09-11 22:07:40,336 [INFO] MainUpdater:2873 - connection check result : 10
2024-09-11 22:07:40,490 [INFO] MicroXplorer:468 - Change Database Path : 
2024-09-11 22:07:40,490 [INFO] MicroXplorer:498 - Change Database Version : DB.6.0.100
2024-09-11 22:07:40,493 [WARN] ThirdParty:871 - waiting for thirdparty lock release [close project]
2024-09-11 22:07:40,493 [INFO] ThirdParty:873 - entering critical section [close project]
2024-09-11 22:07:40,494 [INFO] ThirdParty:883 - exiting critical section [close project]
2024-09-11 22:07:40,495 [INFO] PinOutPanel:1499 - setPackage(No Configuration,No Configuration)
2024-09-11 22:07:40,497 [INFO] UtilMem:75 - Begin LoadConfig() Used Memory: 629604552 Bytes (1073741824)
2024-09-11 22:07:40,498 [INFO] MicroXplorer:468 - Change Database Path : 
2024-09-11 22:07:40,498 [INFO] MicroXplorer:498 - Change Database Version : DB.6.0.100
2024-09-11 22:07:40,498 [INFO] OpenFileManager:312 - Change cursor
2024-09-11 22:07:40,524 [INFO] Mcu:2016 - Initializing MCU STM32F103C(8-B)Tx STM32F103C8Tx STM32F103C8T6
2024-09-11 22:07:41,336 [INFO] Context:659 - Trying to add GPIOservice into a context  which must be forbidden
2024-09-11 22:07:41,711 [INFO] RtosManager:555 - Registered RTOS mode: class=CMSIS, group=RTOS, mode=CMSIS_V1, owner=FREERTOS
2024-09-11 22:07:41,711 [INFO] RtosManager:555 - Registered RTOS mode: class=CMSIS, group=RTOS2, mode=CMSIS_V2, owner=FREERTOS
2024-09-11 22:07:41,711 [INFO] RtosManager:555 - Registered RTOS mode: class=RTOS, group=Core, mode=CMSIS_V1, owner=FREERTOS
2024-09-11 22:07:41,711 [INFO] RtosManager:555 - Registered RTOS mode: class=RTOS, group=Core, mode=CMSIS_V2, owner=FREERTOS
2024-09-11 22:07:41,711 [WARN] ModelIntegratedComponent:184 - Missing modes for component STMicroelectronics:FreeRTOS:0.0.1:STMicroelectronics:RTOS:FreeRTOS:Core:::10.2.0:
2024-09-11 22:07:41,722 [WARN] ModelIntegratedComponent:63 - No mode defined for component null
2024-09-11 22:07:41,723 [WARN] ModelIntegratedComponent:63 - No mode defined for component null
2024-09-11 22:07:41,723 [WARN] ModelIntegratedComponent:63 - No mode defined for component null
2024-09-11 22:07:41,723 [WARN] ModelIntegratedComponent:63 - No mode defined for component null
2024-09-11 22:07:41,723 [WARN] ModelIntegratedComponent:63 - No mode defined for component null
2024-09-11 22:07:41,723 [WARN] ModelIntegratedComponent:63 - No mode defined for component null
2024-09-11 22:07:41,723 [WARN] ModelIntegratedComponent:63 - No mode defined for component null
2024-09-11 22:07:41,723 [WARN] ModelIntegratedComponent:63 - No mode defined for component null
2024-09-11 22:07:41,723 [WARN] ModelIntegratedComponent:63 - No mode defined for component null
2024-09-11 22:07:41,723 [WARN] ModelIntegratedComponent:63 - No mode defined for component null
2024-09-11 22:07:41,723 [WARN] ModelIntegratedComponent:63 - No mode defined for component null
2024-09-11 22:07:41,723 [WARN] ModelIntegratedComponent:63 - No mode defined for component null
2024-09-11 22:07:41,723 [WARN] ModelIntegratedComponent:63 - No mode defined for component null
2024-09-11 22:07:41,723 [WARN] ModelIntegratedComponent:63 - No mode defined for component null
2024-09-11 22:07:41,723 [WARN] ModelIntegratedComponent:63 - No mode defined for component null
2024-09-11 22:07:41,723 [WARN] ModelIntegratedComponent:63 - No mode defined for component null
2024-09-11 22:07:41,723 [WARN] ModelIntegratedComponent:63 - No mode defined for component null
2024-09-11 22:07:41,723 [WARN] ModelIntegratedComponent:63 - No mode defined for component null
2024-09-11 22:07:41,724 [WARN] ModelIntegratedComponent:63 - No mode defined for component null
2024-09-11 22:07:41,724 [WARN] ModelIntegratedComponent:63 - No mode defined for component null
2024-09-11 22:07:41,724 [WARN] ModelIntegratedComponent:63 - No mode defined for component null
2024-09-11 22:07:41,724 [WARN] ModelIntegratedComponent:63 - No mode defined for component null
2024-09-11 22:07:41,724 [WARN] ModelIntegratedComponent:63 - No mode defined for component null
2024-09-11 22:07:41,724 [WARN] ModelIntegratedComponent:63 - No mode defined for component null
2024-09-11 22:07:41,724 [WARN] ModelIntegratedComponent:63 - No mode defined for component null
2024-09-11 22:07:41,724 [WARN] ModelIntegratedComponent:63 - No mode defined for component null
2024-09-11 22:07:41,724 [WARN] ModelIntegratedComponent:63 - No mode defined for component null
2024-09-11 22:07:41,724 [WARN] ModelIntegratedComponent:63 - No mode defined for component null
2024-09-11 22:07:41,724 [WARN] ModelIntegratedComponent:63 - No mode defined for component null
2024-09-11 22:07:41,724 [WARN] ModelIntegratedComponent:63 - No mode defined for component null
2024-09-11 22:07:41,724 [WARN] ModelIntegratedComponent:63 - No mode defined for component null
2024-09-11 22:07:41,724 [WARN] ModelIntegratedComponent:63 - No mode defined for component null
2024-09-11 22:07:41,724 [WARN] ModelIntegratedComponent:63 - No mode defined for component null
2024-09-11 22:07:41,815 [INFO] ThirdPartyModel:298 - Start build external matchings
2024-09-11 22:07:42,443 [INFO] ThirdPartyModel:316 - End build external matchings
2024-09-11 22:07:42,618 [INFO] UtilMem:75 - End LoadConfig() Used Memory: 601096400 Bytes (1073741824)
2024-09-11 22:07:42,958 [INFO] ApiDb:581 - Connected to CubeFinder SQLite database (C:\Users\tkach\.stmcufinder\plugins\mcufinder\mcu\cube-finder-db.db)
2024-09-11 22:07:43,046 [INFO] ApiDb:668 - CubeFinder database Data Model version=2.1
2024-09-11 22:07:43,046 [INFO] ApiDb:669 - CubeFinder database Configuration version=3.0.39
2024-09-11 22:07:43,046 [INFO] ApiDb:670 - CubeFinder database generation date=2024-08-06 (1722941618)
2024-09-11 22:07:43,047 [INFO] ApiDb:671 - CubeFinder database FW Pack versions=[FP-ATR-ASTRA1_V2.0.0, FP-SNS-FLIGHT1_V5.0.2, FP-SNS-MOTENV1_V5.0.0, FP-SNS-MOTENVWB1_V1.4.0, FP-SNS-SMARTAG2_V1.2.0, FP-SNS-STBOX1_V2.0.0, STM32Cube_FW_C0_V1.2.0, STM32Cube_FW_F4_V1.28.0, STM32Cube_FW_F7_V1.17.2, STM32Cube_FW_G0_V1.6.2, STM32Cube_FW_G4_V1.6.0, STM32Cube_FW_H5_V1.3.0, STM32Cube_FW_H7RS_V1.1.0, STM32Cube_FW_H7_V1.11.2, STM32Cube_FW_L0_V1.12.2, STM32Cube_FW_L5_V1.5.1, STM32Cube_FW_U0_V1.1.0, STM32Cube_FW_U5_V1.6.0, STM32Cube_FW_WB0_V1.0.0, STM32Cube_FW_WBA_V1.4.1, STM32Cube_FW_WB_V1.20.0, STM32Cube_FW_WL_V1.3.0, X-CUBE-ALGOBUILD_V1.4.0, X-CUBE-ALS_V1.0.2, X-CUBE-AZRTOS-F4_V1.1.0, X-CUBE-AZRTOS-F7_V1.1.0, X-CUBE-AZRTOS-G0_V1.1.0, X-CUBE-AZRTOS-G4_V2.0.0, X-CUBE-AZRTOS-H7RS_V1.0.0, X-CUBE-AZRTOS-H7_V3.2.0, X-CUBE-AZRTOS-L4_V2.0.0, X-CUBE-AZRTOS-L5_V1.1.0, X-CUBE-AZRTOS-WB_V2.0.0, X-CUBE-AZRTOS-WL_V2.0.0, X-CUBE-BLE1_V7.0.0, X-CUBE-BLE2_V3.3.0, X-CUBE-BLEMGR_V3.1.0, X-CUBE-EEPRMA1_V5.1.0, X-CUBE-FREERTOS_V1.2.0, X-CUBE-GNSS1_V6.0.0, X-CUBE-MEMS1_V10.0.0, X-CUBE-NFC4_V3.0.0, X-CUBE-NFC7_V1.0.1, X-CUBE-SFXS2LP1_V4.0.0, X-CUBE-SUBG2_V5.0.0, X-CUBE-TOF1_V3.4.2]
2024-09-11 22:07:45,406 [INFO] ApiDb:240 - Found 371 in-development CPN: [B-G473E-ZEST1S, B-WB1M-WPAN1, B-WL5M-SUBG1, NUCLEO-C031C6, NUCLEO-H503RB, NUCLEO-H563ZI, NUCLEO-U545RE-Q, NUCLEO-U5A5ZJ-Q, NUCLEO-WBA52CG, NUCLEO-WBA55CG, STEVAL-MKBOXPRO, STEVAL-PROTEUS1, STEVAL-STWINBX1, STM320518-EVAL, STM32C0116-DK, STM32C011D6Y3TR, STM32C011D6Y6TR, STM32C011F4P3, STM32C011F4P6, STM32C011F4U3, STM32C011F4U6TR, STM32C011F6P3, STM32C011F6P6, STM32C011F6U3, STM32C011F6U6TR, STM32C011J4M3, STM32C011J4M6, STM32C011J6M3, STM32C011J6M6, STM32C0316-DK, STM32C031C4T3, STM32C031C4T6, STM32C031C4U3, STM32C031C4U6, STM32C031C6T3, STM32C031C6T6, STM32C031C6U3, STM32C031C6U6, STM32C031F4P3, STM32C031F4P6, STM32C031F6P3, STM32C031F6P6, STM32C031G4U3, STM32C031G4U6, STM32C031G6U3, STM32C031G6U6, STM32C031K4T3, STM32C031K4T6, STM32C031K4U3, STM32C031K4U6, STM32C031K6T3, STM32C031K6T6, STM32C031K6U3, STM32C031K6U6, STM32G071K8TXN, STM32G071K8UXN, STM32G081GBU6N, STM32G081KBT6N, STM32G081KBUXN, STM32G0B1CCT6N, STM32G0B1KCT6, STM32G0B1NEY6TR, STM32G0B1RCT6N, STM32G0C1CCT6, STM32G0C1CCT6N, STM32G0C1CCU6N, STM32G0C1CET6N, STM32G0C1CEU6N, STM32G0C1KCT6, STM32G0C1NEY6TR, STM32G0C1RCI6N, STM32G0C1RCT6N, STM32G0C1REI6N, STM32G0C1RET6N, STM32G0C1VCI6, STM32G0C1VEI6, STM32G471CCT6, STM32G471CCU6, STM32G471CET3, STM32G471CET6, STM32G471CEU3, STM32G471CEU6, STM32G471MCT6, STM32G471MET3, STM32G471MET6, STM32G471MEY6TR, STM32G471QCT6, STM32G471QET3, STM32G471RCT6, STM32G471RET3, STM32G471RET6, STM32G471VCH6, STM32G471VCI6, STM32G471VCT6, STM32G471VEH3, STM32G471VEH6, STM32G471VEI3, STM32G471VEI6, STM32G471VET3, STM32G471VET6, STM32G474CCT6, STM32H503CBT6, STM32H503CBU6, STM32H503EBY6TR, STM32H503KBU6, STM32H503RBT6, STM32H562AGI6, STM32H562AII6, STM32H562IGK6, STM32H562IGT6, STM32H562IIK6, STM32H562IIT6, STM32H562RGT6, STM32H562RGV6, STM32H562RIT6, STM32H562RIV6, STM32H562VGT6, STM32H562VIT6, STM32H562ZGT6, STM32H562ZIT6, STM32H563AGI6, STM32H563AII3Q, STM32H563AII6, STM32H563IGK6, STM32H563IGT6, STM32H563IIK3Q, STM32H563IIK6, STM32H563IIT3Q, STM32H563IIT6, STM32H563MIY3QTR, STM32H563RGT6, STM32H563RGV6, STM32H563RIT6, STM32H563RIV6, STM32H563VGT6, STM32H563VIT3Q, STM32H563VIT6, STM32H563ZGT6, STM32H563ZIT3Q, STM32H563ZIT6, STM32H573AII3Q, STM32H573AII6, STM32H573I-DK, STM32H573IIK3Q, STM32H573IIK6, STM32H573IIT3Q, STM32H573IIT6, STM32H573MIY3QTR, STM32H573RIT6, STM32H573RIV6, STM32H573VIT3Q, STM32H573VIT6, STM32H573ZIT3Q, STM32H573ZIT6, STM32L4R5QGI6STR, STM32MP131AAE3, STM32MP131AAF3, STM32MP131AAG3, STM32MP131CAE3, STM32MP131CAF3, STM32MP131CAG3, STM32MP131DAE7, STM32MP131DAF7, STM32MP131DAG7, STM32MP131FAE7, STM32MP131FAF7, STM32MP131FAG7, STM32MP133AAE3, STM32MP133AAF3, STM32MP133AAG3, STM32MP133CAE3, STM32MP133CAF3, STM32MP133CAG3, STM32MP133DAE7, STM32MP133DAF7, STM32MP133DAG7, STM32MP133FAE7, STM32MP133FAF7, STM32MP133FAG7, STM32MP135AAE3, STM32MP135AAF3, STM32MP135AAG3, STM32MP135CAE3, STM32MP135CAF3, STM32MP135CAG3, STM32MP135DAE7, STM32MP135DAF7, STM32MP135DAG7, STM32MP135F-DK, STM32MP135FAE7, STM32MP135FAF7, STM32MP135FAF7T, STM32MP135FAF7U, STM32MP135FAG7, STM32U535CBT6, STM32U535CBT6Q, STM32U535CBU6, STM32U535CBU6Q, STM32U535CCT6, STM32U535CCT6Q, STM32U535CCU6, STM32U535CCU6Q, STM32U535CET6, STM32U535CET6Q, STM32U535CEU6, STM32U535CEU6Q, STM32U535JEY6QTR, STM32U535NCY6QTR, STM32U535NEY6QTR, STM32U535RBI6, STM32U535RBI6Q, STM32U535RBT6, STM32U535RBT6Q, STM32U535RCI6, STM32U535RCI6Q, STM32U535RCT6, STM32U535RCT6Q, STM32U535REI6, STM32U535REI6Q, STM32U535RET6, STM32U535RET6Q, STM32U535VCI6, STM32U535VCI6Q, STM32U535VCT6, STM32U535VCT6Q, STM32U535VEI6, STM32U535VEI6Q, STM32U535VET6, STM32U535VET6Q, STM32U545CET6, STM32U545CET6Q, STM32U545CEU6, STM32U545CEU6Q, STM32U545JEY6QTR, STM32U545NEY6QTR, STM32U545REI6, STM32U545REI6Q, STM32U545RET6, STM32U545RET6Q, STM32U545VEI6, STM32U545VEI6Q, STM32U545VET6, STM32U545VET6Q, STM32U595AIH6, STM32U595AIH6Q, STM32U595AJH6, STM32U595AJH6Q, STM32U595QII6, STM32U595QII6Q, STM32U595QJI6, STM32U595QJI6Q, STM32U595RIT6, STM32U595RIT6Q, STM32U595RJT6, STM32U595RJT6Q, STM32U595VIT6, STM32U595VIT6Q, STM32U595VJT6, STM32U595VJT6Q, STM32U595ZIT6, STM32U595ZIT6Q, STM32U595ZIY6QTR, STM32U595ZJT6, STM32U595ZJT6Q, STM32U595ZJY6QTR, STM32U599BJY6QTR, STM32U599NIH6Q, STM32U599NJH6Q, STM32U599VIT6Q, STM32U599VJT6, STM32U599VJT6Q, STM32U599ZIT6Q, STM32U599ZIY6QTR, STM32U599ZJT6Q, STM32U599ZJY6QTR, STM32U5A5AJH6, STM32U5A5AJH6Q, STM32U5A5QJI6, STM32U5A5QJI6Q, STM32U5A5RJT6, STM32U5A5RJT6Q, STM32U5A5VJT6, STM32U5A5VJT6Q, STM32U5A5ZJT6, STM32U5A5ZJT6Q, STM32U5A5ZJY6QTR, STM32U5A9BJY6QTR, STM32U5A9J-DK, STM32U5A9NJH6Q, STM32U5A9VJT6Q, STM32U5A9ZJT6Q, STM32U5A9ZJY6QTR, STM32U5F7VIT6, STM32U5F7VIT6Q, STM32U5F7VJT6, STM32U5F7VJT6Q, STM32U5F9BJY6QTR, STM32U5F9NJH6Q, STM32U5F9VIT6Q, STM32U5F9VJT6Q, STM32U5F9ZIJ6QTR, STM32U5F9ZIT6Q, STM32U5F9ZJJ6QTR, STM32U5F9ZJT6Q, STM32U5G7VJT6, STM32U5G7VJT6Q, STM32U5G9BJY6QTR, STM32U5G9J-DK1, STM32U5G9J-DK2, STM32U5G9NJH6Q, STM32U5G9VJT6Q, STM32U5G9ZJJ6QTR, STM32U5G9ZJT6Q, STM32WB1MMCH6, STM32WBA50KEU6, STM32WBA50KEU6TR, STM32WBA50KGU6, STM32WBA50KGU6TR, STM32WBA52CEU6, STM32WBA52CEU6TR, STM32WBA52CEU7, STM32WBA52CEU7TR, STM32WBA52CGU6, STM32WBA52CGU6TR, STM32WBA52CGU6U, STM32WBA52CGU7, STM32WBA52CGU7TR, STM32WBA52KEU6, STM32WBA52KEU6TR, STM32WBA52KGU6, STM32WBA52KGU6TR, STM32WBA54CEU6, STM32WBA54CEU6TR, STM32WBA54CEU7, STM32WBA54CEU7TR, STM32WBA54CGU6, STM32WBA54CGU6TR, STM32WBA54CGU7, STM32WBA54CGU7TR, STM32WBA54KEU6, STM32WBA54KEU6TR, STM32WBA54KEU7, STM32WBA54KEU7TR, STM32WBA54KGU6, STM32WBA54KGU6TR, STM32WBA54KGU7, STM32WBA54KGU7TR, STM32WBA55CEU6, STM32WBA55CEU6TR, STM32WBA55CEU7, STM32WBA55CEU7TR, STM32WBA55CGU6, STM32WBA55CGU6TR, STM32WBA55CGU6U, STM32WBA55CGU7, STM32WBA55CGU7TR, STM32WBA55G-DK1, STM32WBA55HEF6, STM32WBA55HEF7, STM32WBA55HGF6, STM32WBA55HGF7, STM32WBA55UEI6, STM32WBA55UEI6TR, STM32WBA55UEI7, STM32WBA55UEI7TR, STM32WBA55UGI6, STM32WBA55UGI6TR, STM32WBA55UGI7, STM32WBA55UGI7TR, STM32WL5MOCH6, STM32WL5MOCH6TR]
2024-09-11 22:07:45,411 [INFO] DbMcus:218 - Found 4203 MCUs, 4203 are supported
2024-09-11 22:07:45,411 [INFO] ApiDb:423 - Load user favorites file C:\Users\tkach/.stm32cubeide/favorites.mcus.txt: 0 item(s)
2024-09-11 22:07:45,411 [INFO] ApiDb:427 - User favorites MCUs=[]
2024-09-11 22:07:45,411 [INFO] DbMcus:224 - Set 0 / 0 favorites MCUs
2024-09-11 22:07:45,809 [INFO] MicroXplorer:468 - Change Database Path : 
2024-09-11 22:07:45,809 [INFO] MicroXplorer:498 - Change Database Version : DB.6.0.100
2024-09-11 22:07:45,809 [WARN] ThirdParty:833 - waiting for thirdparty lock release [change project]
2024-09-11 22:07:45,809 [INFO] ThirdParty:835 - entering critical section [change project]
2024-09-11 22:07:45,809 [INFO] ThirdParty:1030 - CMSIS Pack Vendor :STMicroelectronics USBPD 4.1
2024-09-11 22:07:45,809 [INFO] ThirdParty:1030 - CMSIS Pack Vendor :STMicroelectronics X-CUBE-AZRTOS-H7 3.3.0
2024-09-11 22:07:45,809 [INFO] ThirdParty:1030 - CMSIS Pack Vendor :STMicroelectronics X-CUBE-GNSS1 6.0.0
2024-09-11 22:07:45,809 [INFO] ThirdParty:1030 - CMSIS Pack Vendor :STMicroelectronics USB_HOST 2.0.0
2024-09-11 22:07:45,809 [INFO] ThirdParty:1030 - CMSIS Pack Vendor :STMicroelectronics FP-SNS-MOTENVWB1 1.4.0
2024-09-11 22:07:45,809 [INFO] ThirdParty:1030 - CMSIS Pack Vendor :STMicroelectronics X-CUBE-AZRTOS-F4 1.1.0
2024-09-11 22:07:45,809 [INFO] ThirdParty:1030 - CMSIS Pack Vendor :STMicroelectronics LIBJPEG 8.0.0
2024-09-11 22:07:45,809 [INFO] ThirdParty:1030 - CMSIS Pack Vendor :STMicroelectronics X-CUBE-SMBUS 2.1.0
2024-09-11 22:07:45,809 [INFO] ThirdParty:1030 - CMSIS Pack Vendor :STMicroelectronics USB_DEVICE 3.0.0
2024-09-11 22:07:45,809 [INFO] ThirdParty:1030 - CMSIS Pack Vendor :STMicroelectronics X-CUBE-TCPP 4.1.0
2024-09-11 22:07:45,810 [INFO] ThirdParty:1030 - CMSIS Pack Vendor :STMicroelectronics X-CUBE-FREERTOS 1.2.0
2024-09-11 22:07:45,810 [INFO] ThirdParty:1030 - CMSIS Pack Vendor :STMicroelectronics X-CUBE-AZRTOS-WB 2.0.0
2024-09-11 22:07:45,810 [INFO] ThirdParty:1030 - CMSIS Pack Vendor :wolfSSL I-CUBE-wolfSSL 5.6.6
2024-09-11 22:07:45,810 [INFO] ThirdParty:1030 - CMSIS Pack Vendor :STMicroelectronics X-CUBE-GNSS1 7.0.0
2024-09-11 22:07:45,810 [INFO] ThirdParty:1030 - CMSIS Pack Vendor :STMicroelectronics X-CUBE-TOUCHGFX 4.23.0
2024-09-11 22:07:45,810 [INFO] ThirdParty:1030 - CMSIS Pack Vendor :STMicroelectronics X-CUBE-TOUCHGFX 4.23.2
2024-09-11 22:07:45,810 [INFO] ThirdParty:1030 - CMSIS Pack Vendor :STMicroelectronics X-CUBE-AZRTOS-F7 1.1.0
2024-09-11 22:07:45,810 [INFO] ThirdParty:1030 - CMSIS Pack Vendor :STMicroelectronics X-CUBE-AZRTOS-L5 2.0.0
2024-09-11 22:07:45,810 [INFO] ThirdParty:1030 - CMSIS Pack Vendor :STMicroelectronics USB_DEVICE 2.0.0
2024-09-11 22:07:45,810 [INFO] ThirdParty:1030 - CMSIS Pack Vendor :STMicroelectronics X-CUBE-EEPRMA1 4.2.0
2024-09-11 22:07:45,810 [INFO] ThirdParty:1030 - CMSIS Pack Vendor :STMicroelectronics X-CUBE-NFC6 3.1.0
2024-09-11 22:07:45,810 [INFO] ThirdParty:1030 - CMSIS Pack Vendor :ITTIA_DB I-CUBE-ITTIADB 8.8.0
2024-09-11 22:07:45,810 [INFO] ThirdParty:1030 - CMSIS Pack Vendor :STMicroelectronics FP-SNS-STBOX1 2.0.0
2024-09-11 22:07:45,810 [INFO] ThirdParty:1030 - CMSIS Pack Vendor :STMicroelectronics FP-SNS-MOTENV1 4.3.2
2024-09-11 22:07:45,810 [INFO] ThirdParty:1030 - CMSIS Pack Vendor :STMicroelectronics X-CUBE-ALGOBUILD 1.3.0
2024-09-11 22:07:45,810 [INFO] ThirdParty:1030 - CMSIS Pack Vendor :STMicroelectronics X-CUBE-MEMS1 11.0.0
2024-09-11 22:07:45,810 [INFO] ThirdParty:1030 - CMSIS Pack Vendor :STMicroelectronics FreeRTOS 0.0.1
2024-09-11 22:07:45,810 [INFO] ThirdParty:1030 - CMSIS Pack Vendor :STMicroelectronics X-CUBE-AZRTOS-G0 1.1.0
2024-09-11 22:07:45,810 [INFO] ThirdParty:1030 - CMSIS Pack Vendor :STMicroelectronics X-CUBE-SAFEA1 1.2.2
2024-09-11 22:07:45,810 [INFO] ThirdParty:1030 - CMSIS Pack Vendor :STMicroelectronics X-CUBE-NFC4 3.0.0
2024-09-11 22:07:45,810 [INFO] ThirdParty:1030 - CMSIS Pack Vendor :STMicroelectronics X-CUBE-DPower 1.2.0
2024-09-11 22:07:45,810 [INFO] ThirdParty:1030 - CMSIS Pack Vendor :STMicroelectronics X-CUBE-SUBG2 5.0.0
2024-09-11 22:07:45,810 [INFO] ThirdParty:1030 - CMSIS Pack Vendor :STMicroelectronics STM32_WPAN 1.0.0
2024-09-11 22:07:45,810 [INFO] ThirdParty:1030 - CMSIS Pack Vendor :EmbeddedOffice I-CUBE-FS-RTOS 1.0.1
2024-09-11 22:07:45,810 [INFO] ThirdParty:1030 - CMSIS Pack Vendor :STMicroelectronics lwIP 2.0.3
2024-09-11 22:07:45,810 [INFO] ThirdParty:1030 - CMSIS Pack Vendor :STMicroelectronics FP-SNS-FLIGHT1 5.0.2
2024-09-11 22:07:45,810 [INFO] ThirdParty:1030 - CMSIS Pack Vendor :STMicroelectronics USB_HOST 1.0.0
2024-09-11 22:07:45,810 [INFO] ThirdParty:1030 - CMSIS Pack Vendor :STMicroelectronics X-CUBE-AI 9.0.0
2024-09-11 22:07:45,811 [INFO] ThirdParty:1030 - CMSIS Pack Vendor :STMicroelectronics X-CUBE-AZRTOS-G4 2.0.0
2024-09-11 22:07:45,811 [INFO] ThirdParty:1030 - CMSIS Pack Vendor :STMicroelectronics PDM2PCM 3.1.0
2024-09-11 22:07:45,811 [INFO] ThirdParty:1030 - CMSIS Pack Vendor :Infineon AIROC-Wi-Fi-Bluetooth-STM32 1.5.1
2024-09-11 22:07:45,811 [INFO] ThirdParty:1030 - CMSIS Pack Vendor :STMicroelectronics X-CUBE-BLEMGR 3.0.0
2024-09-11 22:07:45,811 [INFO] ThirdParty:1030 - CMSIS Pack Vendor :STMicroelectronics PDM2PCM 3.3.0
2024-09-11 22:07:45,811 [INFO] ThirdParty:1030 - CMSIS Pack Vendor :STMicroelectronics X-CUBE-DISPLAY 3.0.0
2024-09-11 22:07:45,811 [INFO] ThirdParty:1030 - CMSIS Pack Vendor :RealThread X-CUBE-RT-Thread_Nano 4.1.1
2024-09-11 22:07:45,811 [INFO] ThirdParty:1030 - CMSIS Pack Vendor :STMicroelectronics FP-SNS-MOTENVWB1 1.3.1
2024-09-11 22:07:45,811 [INFO] ThirdParty:1030 - CMSIS Pack Vendor :STMicroelectronics X-CUBE-BLE1 7.0.0
2024-09-11 22:07:45,811 [INFO] ThirdParty:1030 - CMSIS Pack Vendor :STMicroelectronics FP-ATR-SIGFOX1 3.2.0
2024-09-11 22:07:45,811 [INFO] ThirdParty:1030 - CMSIS Pack Vendor :STMicroelectronics X-CUBE-ISPU 2.0.0
2024-09-11 22:07:45,811 [INFO] ThirdParty:1030 - CMSIS Pack Vendor :STMicroelectronics X-CUBE-EEPRMA1 5.1.0
2024-09-11 22:07:45,811 [INFO] ThirdParty:1030 - CMSIS Pack Vendor :STMicroelectronics HAL Drivers 0.0.0
2024-09-11 22:07:45,811 [INFO] ThirdParty:1030 - CMSIS Pack Vendor :STMicroelectronics MBEDTLS 2.16.2
2024-09-11 22:07:45,811 [INFO] ThirdParty:1030 - CMSIS Pack Vendor :STMicroelectronics X-CUBE-ALS 1.0.2
2024-09-11 22:07:45,811 [INFO] ThirdParty:1030 - CMSIS Pack Vendor :emotas I-CUBE-CANOPEN 1.3.0
2024-09-11 22:07:45,811 [INFO] ThirdParty:1030 - CMSIS Pack Vendor :STMicroelectronics X-CUBE-MEMS1 10.0.0
2024-09-11 22:07:45,811 [INFO] ThirdParty:1030 - CMSIS Pack Vendor :STMicroelectronics X-CUBE-FREERTOS 1.1.0
2024-09-11 22:07:45,811 [INFO] ThirdParty:1030 - CMSIS Pack Vendor :STMicroelectronics X-CUBE-NFC7 1.0.1
2024-09-11 22:07:45,811 [INFO] ThirdParty:1030 - CMSIS Pack Vendor :STMicroelectronics MBEDTLS 2.14.1
2024-09-11 22:07:45,811 [INFO] ThirdParty:1030 - CMSIS Pack Vendor :STMicroelectronics X-CUBE-TOUCHGFX 4.24.0
2024-09-11 22:07:45,811 [INFO] ThirdParty:1030 - CMSIS Pack Vendor :STMicroelectronics X-CUBE-NFC6 3.0.0
2024-09-11 22:07:45,811 [INFO] ThirdParty:1030 - CMSIS Pack Vendor :wolfSSL I-CUBE-wolfTPM 3.4.0
2024-09-11 22:07:45,811 [INFO] ThirdParty:1030 - CMSIS Pack Vendor :portGmbH I-Cube-SoM-uGOAL 1.1.0
2024-09-11 22:07:45,811 [INFO] ThirdParty:1030 - CMSIS Pack Vendor :STMicroelectronics X-CUBE-ALS 1.0.1
2024-09-11 22:07:45,811 [INFO] ThirdParty:1030 - CMSIS Pack Vendor :STMicroelectronics X-CUBE-BLEMGR 3.1.0
2024-09-11 22:07:45,811 [INFO] ThirdParty:1030 - CMSIS Pack Vendor :STMicroelectronics ThreadX 1.0.0
2024-09-11 22:07:45,811 [INFO] ThirdParty:1030 - CMSIS Pack Vendor :STMicroelectronics FP-SNS-SMARTAG2 1.2.0
2024-09-11 22:07:45,812 [INFO] ThirdParty:1030 - CMSIS Pack Vendor :STMicroelectronics X-CUBE-AZRTOS-WL 2.0.0
2024-09-11 22:07:45,812 [INFO] ThirdParty:1030 - CMSIS Pack Vendor :SEGGER I-CUBE-embOS 1.3.1
2024-09-11 22:07:45,812 [INFO] ThirdParty:1030 - CMSIS Pack Vendor :STMicroelectronics X-CUBE-ALGOBUILD 1.4.0
2024-09-11 22:07:45,812 [INFO] ThirdParty:1030 - CMSIS Pack Vendor :STMicroelectronics FP-SNS-MOTENV1 5.0.0
2024-09-11 22:07:45,812 [INFO] ThirdParty:1030 - CMSIS Pack Vendor :STMicroelectronics USB_DEVICE 1.0.0
2024-09-11 22:07:45,812 [INFO] ThirdParty:1030 - CMSIS Pack Vendor :STMicroelectronics X-CUBE-AI 8.1.0
2024-09-11 22:07:45,812 [INFO] ThirdParty:1030 - CMSIS Pack Vendor :STMicroelectronics X-CUBE-AZRTOS-H7RS 1.0.0
2024-09-11 22:07:45,812 [INFO] ThirdParty:1030 - CMSIS Pack Vendor :wolfSSL I-CUBE-wolfMQTT 1.19.0
2024-09-11 22:07:45,812 [INFO] ThirdParty:1030 - CMSIS Pack Vendor :STMicroelectronics X-CUBE-AZRTOS-L4 2.0.0
2024-09-11 22:07:45,812 [INFO] ThirdParty:1030 - CMSIS Pack Vendor :STMicroelectronics ThreadX 0.0.2
2024-09-11 22:07:45,812 [INFO] ThirdParty:1030 - CMSIS Pack Vendor :WES I-CUBE-Cesium 1.3.0
2024-09-11 22:07:45,812 [INFO] ThirdParty:1030 - CMSIS Pack Vendor :STMicroelectronics FP-ATR-ASTRA1 2.0.0
2024-09-11 22:07:45,812 [INFO] ThirdParty:1030 - CMSIS Pack Vendor :STMicroelectronics lwIP 2.1.2
2024-09-11 22:07:45,812 [INFO] ThirdParty:1030 - CMSIS Pack Vendor :STMicroelectronics X-CUBE-SFXS2LP1 4.0.0
2024-09-11 22:07:45,812 [INFO] ThirdParty:1030 - CMSIS Pack Vendor :STMicroelectronics X-CUBE-BLE2 3.3.0
2024-09-11 22:07:45,812 [INFO] ThirdParty:1030 - CMSIS Pack Vendor :STMicroelectronics X-CUBE-TOF1 3.4.2
2024-09-11 22:07:45,812 [INFO] ThirdParty:1030 - CMSIS Pack Vendor :STMicroelectronics X-CUBE-TOF1 3.4.0
2024-09-11 22:07:45,812 [INFO] ThirdParty:1030 - CMSIS Pack Vendor :STMicroelectronics X-CUBE-TOF1 3.4.1
2024-09-11 22:07:45,812 [INFO] ThirdParty:1030 - CMSIS Pack Vendor :STMicroelectronics X-CUBE-AZRTOS-H7 3.2.0
2024-09-11 22:07:45,812 [INFO] ThirdParty:1030 - CMSIS Pack Vendor :STMicroelectronics PDM2PCM 3.2.0
2024-09-11 22:07:45,812 [INFO] ThirdParty:1030 - CMSIS Pack Vendor :wolfSSL I-CUBE-wolfSSH 1.4.17
2024-09-11 22:07:45,812 [INFO] ThirdParty:841 - exiting critical section [change project]
2024-09-11 22:07:46,052 [INFO] PinOutPanel:1499 - setPackage(No Configuration,No Configuration)
2024-09-11 22:07:46,053 [INFO] PinOutPanel:1499 - setPackage(STM32F103C8Tx,LQFP48)
2024-09-11 22:07:46,439 [INFO] UtilMem:75 - Before build in PCC Used Memory: 812451200 Bytes (1073741824)
2024-09-11 22:07:47,228 [INFO] UtilMem:75 - After build in PCC Used Memory: 614941696 Bytes (1073741824)
2024-09-11 22:07:47,255 [INFO] IPUIPlugin:80 - create IPUIPlugin
2024-09-11 22:07:47,255 [INFO] IPUIPlugin:80 - create IPUIPlugin
2024-09-11 22:07:47,255 [INFO] IPUIPlugin:80 - create IPUIPlugin
2024-09-11 22:07:47,255 [INFO] IPUIPlugin:80 - create IPUIPlugin
2024-09-11 22:07:47,256 [INFO] IPUIPlugin:80 - create IPUIPlugin
2024-09-11 22:07:47,256 [INFO] IPUIPlugin:80 - create IPUIPlugin
2024-09-11 22:07:47,256 [INFO] IPUIPlugin:80 - create IPUIPlugin
2024-09-11 22:07:47,256 [INFO] IPUIPlugin:80 - create IPUIPlugin
2024-09-11 22:07:47,256 [INFO] IPUIPlugin:80 - create IPUIPlugin
2024-09-11 22:07:47,256 [INFO] IPUIPlugin:80 - create IPUIPlugin
2024-09-11 22:07:47,257 [INFO] IPUIPlugin:80 - create IPUIPlugin
2024-09-11 22:07:47,257 [INFO] IPUIPlugin:80 - create IPUIPlugin
2024-09-11 22:07:47,257 [INFO] IPUIPlugin:80 - create IPUIPlugin
2024-09-11 22:07:47,257 [INFO] IPUIPlugin:80 - create IPUIPlugin
2024-09-11 22:07:47,258 [INFO] IPUIPlugin:80 - create IPUIPlugin
2024-09-11 22:07:47,258 [INFO] IPUIPlugin:80 - create IPUIPlugin
2024-09-11 22:07:47,258 [INFO] IPUIPlugin:80 - create IPUIPlugin
2024-09-11 22:07:47,258 [INFO] IPUIPlugin:80 - create IPUIPlugin
2024-09-11 22:07:47,259 [INFO] IPUIPlugin:80 - create IPUIPlugin
2024-09-11 22:07:47,259 [INFO] IPUIPlugin:80 - create IPUIPlugin
2024-09-11 22:07:47,259 [INFO] IPUIPlugin:80 - create IPUIPlugin
2024-09-11 22:07:47,259 [INFO] IPUIPlugin:80 - create IPUIPlugin
2024-09-11 22:07:47,260 [INFO] IPUIPlugin:80 - create IPUIPlugin
2024-09-11 22:07:47,260 [INFO] IPUIPlugin:80 - create IPUIPlugin
2024-09-11 22:07:47,260 [INFO] IPUIPlugin:80 - create IPUIPlugin
2024-09-11 22:07:47,260 [INFO] IPUIPlugin:80 - create IPUIPlugin
2024-09-11 22:07:47,261 [INFO] IPUIPlugin:80 - create IPUIPlugin
2024-09-11 22:07:47,418 [INFO] CADModel:165 - CPN selected for project levelSTM32F103C8T6
2024-09-11 22:07:47,418 [INFO] CADModel:114 - Register for checkConnection events
2024-09-11 22:07:47,469 [INFO] OpenFileManager:343 - Restore cursor
