2024-10-01 00:09:40,975 [INFO] UtilMem:75 - End SaveConfig() Used Memory: 728962216 Bytes (1073741824)
2024-10-01 00:09:56,463 [INFO] UtilMem:75 - End SaveConfig() Used Memory: 836319744 Bytes (1073741824)
2024-10-01 00:09:56,580 [INFO] BlockDiagram:2759 - set Specific Code input for plugin: NVIC
2024-10-01 00:09:56,580 [INFO] BlockDiagram:2759 - set Specific Code input for plugin: SYS
2024-10-01 00:09:56,580 [INFO] BlockDiagram:2759 - set Specific Code input for plugin: GPIO
2024-10-01 00:09:56,580 [INFO] BlockDiagram:2759 - set Specific Code input for plugin: ADC
2024-10-01 00:09:56,580 [INFO] BlockDiagram:2759 - set Specific Code input for plugin: USART
2024-10-01 00:09:56,580 [INFO] BlockDiagram:2759 - set Specific Code input for plugin: RCC
2024-10-01 00:09:56,581 [INFO] CodeGenerator:807 - code generatio: config db path: C:\ST\STM32CubeIDE_1.14.1\STM32CubeIDE\plugins\com.st.stm32cube.common.mx_6.10.0.202311202037\\db\
2024-10-01 00:09:56,713 [INFO] CodeEngine:255 - oldGeneratedFile, C:\Users\tkach\Embedded-C\My_workspace\target\Project_1\MXTmpFiles\license.tmp_save
2024-10-01 00:09:56,829 [INFO] CodeEngine:279 - Generated code: C:\Users\tkach\Embedded-C\My_workspace\target\Project_1\MXTmpFiles\license.tmp
2024-10-01 00:09:56,843 [INFO] CodeEngine:255 - oldGeneratedFile, C:\Users\tkach\Embedded-C\My_workspace\target\Project_1\MXTmpFiles\gpio.tmp_save
2024-10-01 00:09:56,932 [INFO] CodeEngine:279 - Generated code: C:\Users\tkach\Embedded-C\My_workspace\target\Project_1\MXTmpFiles\gpio.tmp
2024-10-01 00:09:56,986 [INFO] CodeEngine:255 - oldGeneratedFile, C:\Users\tkach\Embedded-C\My_workspace\target\Project_1\Core\Src\stm32f1xx_it.c_save
2024-10-01 00:09:57,166 [INFO] CodeEngine:279 - Generated code: C:\Users\tkach\Embedded-C\My_workspace\target\Project_1\Core\Src\stm32f1xx_it.c
2024-10-01 00:09:57,178 [INFO] CodeEngine:255 - oldGeneratedFile, C:\Users\tkach\Embedded-C\My_workspace\target\Project_1\Core\Inc\stm32f1xx_it.h_save
2024-10-01 00:09:57,242 [INFO] CodeEngine:279 - Generated code: C:\Users\tkach\Embedded-C\My_workspace\target\Project_1\Core\Inc\stm32f1xx_it.h
2024-10-01 00:09:57,261 [INFO] CodeEngine:255 - oldGeneratedFile, C:\Users\tkach\Embedded-C\My_workspace\target\Project_1\Core\Src\stm32f1xx_hal_msp.c_save
2024-10-01 00:09:57,364 [INFO] CodeEngine:279 - Generated code: C:\Users\tkach\Embedded-C\My_workspace\target\Project_1\Core\Src\stm32f1xx_hal_msp.c
2024-10-01 00:09:57,369 [INFO] CodeEngine:255 - oldGeneratedFile, C:\Users\tkach\Embedded-C\My_workspace\target\Project_1\MXTmpFiles\system.tmp_save
2024-10-01 00:09:57,437 [INFO] CodeEngine:279 - Generated code: C:\Users\tkach\Embedded-C\My_workspace\target\Project_1\MXTmpFiles\system.tmp
2024-10-01 00:09:57,455 [INFO] CodeEngine:311 - oldGeneratedFile, C:\Users\tkach\Embedded-C\My_workspace\target\Project_1\Core\Inc\stm32f1xx_hal_conf.h_save
2024-10-01 00:09:57,565 [INFO] CodeEngine:335 - Generated code: C:\Users\tkach\Embedded-C\My_workspace\target\Project_1\Core\Inc\stm32f1xx_hal_conf.h
2024-10-01 00:09:57,609 [INFO] CodeEngine:255 - oldGeneratedFile, C:\Users\tkach\Embedded-C\My_workspace\target\Project_1\Core\Inc\main.h_save
2024-10-01 00:09:57,716 [INFO] CodeEngine:279 - Generated code: C:\Users\tkach\Embedded-C\My_workspace\target\Project_1\Core\Inc\main.h
2024-10-01 00:09:57,730 [INFO] CodeEngine:255 - oldGeneratedFile, C:\Users\tkach\Embedded-C\My_workspace\target\Project_1\Core\Src\main.c_save
2024-10-01 00:09:57,851 [INFO] CodeEngine:279 - Generated code: C:\Users\tkach\Embedded-C\My_workspace\target\Project_1\Core\Src\main.c
2024-10-01 00:09:58,237 [INFO] ProjectBuilder:3076 - Time for Copy HAL[1] : 101mS.
2024-10-01 00:09:58,240 [INFO] ProjectBuilder:4485 - Project Generator version: 4.2.0-B44
2024-10-01 00:09:58,547 [INFO] ConfigFileManager:1495 - The Die is : DIE412
2024-10-01 00:10:00,343 [INFO] ProjectBuilder:4747 - Time for Generating toolchain IDE Files: 2103mS.
2024-10-01 00:10:00,344 [INFO] ProjectBuilder:2947 - Time for Copy CMSIS : 1mS.
2024-10-01 00:10:00,347 [INFO] ProjectBuilder:2947 - Time for Copy CMSIS : 1mS.
2024-10-01 00:15:38,128 [INFO] UtilMem:75 - End SaveConfig() Used Memory: 775018800 Bytes (1073741824)
2024-10-01 00:15:38,725 [INFO] UtilMem:75 - End SaveConfig() Used Memory: 793893168 Bytes (1073741824)
2024-10-01 00:15:38,831 [INFO] UtilMem:75 - End SaveConfig() Used Memory: 811718960 Bytes (1073741824)
2024-10-01 00:15:38,966 [INFO] BlockDiagram:2759 - set Specific Code input for plugin: NVIC
2024-10-01 00:15:38,966 [INFO] BlockDiagram:2759 - set Specific Code input for plugin: SYS
2024-10-01 00:15:38,966 [INFO] BlockDiagram:2759 - set Specific Code input for plugin: GPIO
2024-10-01 00:15:38,966 [INFO] BlockDiagram:2759 - set Specific Code input for plugin: ADC
2024-10-01 00:15:38,966 [INFO] BlockDiagram:2759 - set Specific Code input for plugin: USART
2024-10-01 00:15:38,966 [INFO] BlockDiagram:2759 - set Specific Code input for plugin: RCC
2024-10-01 00:15:38,967 [INFO] CodeGenerator:807 - code generatio: config db path: C:\ST\STM32CubeIDE_1.14.1\STM32CubeIDE\plugins\com.st.stm32cube.common.mx_6.10.0.202311202037\\db\
2024-10-01 00:15:39,117 [INFO] CodeEngine:255 - oldGeneratedFile, C:\Users\tkach\Embedded-C\My_workspace\target\Project_1\MXTmpFiles\license.tmp_save
2024-10-01 00:15:39,235 [INFO] CodeEngine:279 - Generated code: C:\Users\tkach\Embedded-C\My_workspace\target\Project_1\MXTmpFiles\license.tmp
2024-10-01 00:15:39,253 [INFO] CodeEngine:255 - oldGeneratedFile, C:\Users\tkach\Embedded-C\My_workspace\target\Project_1\MXTmpFiles\gpio.tmp_save
2024-10-01 00:15:39,358 [INFO] CodeEngine:279 - Generated code: C:\Users\tkach\Embedded-C\My_workspace\target\Project_1\MXTmpFiles\gpio.tmp
2024-10-01 00:15:39,434 [INFO] CodeEngine:255 - oldGeneratedFile, C:\Users\tkach\Embedded-C\My_workspace\target\Project_1\Core\Src\stm32f1xx_it.c_save
2024-10-01 00:15:39,608 [INFO] CodeEngine:279 - Generated code: C:\Users\tkach\Embedded-C\My_workspace\target\Project_1\Core\Src\stm32f1xx_it.c
2024-10-01 00:15:39,620 [INFO] CodeEngine:255 - oldGeneratedFile, C:\Users\tkach\Embedded-C\My_workspace\target\Project_1\Core\Inc\stm32f1xx_it.h_save
2024-10-01 00:15:39,679 [INFO] CodeEngine:279 - Generated code: C:\Users\tkach\Embedded-C\My_workspace\target\Project_1\Core\Inc\stm32f1xx_it.h
2024-10-01 00:15:39,698 [INFO] CodeEngine:255 - oldGeneratedFile, C:\Users\tkach\Embedded-C\My_workspace\target\Project_1\Core\Src\stm32f1xx_hal_msp.c_save
2024-10-01 00:15:39,776 [INFO] CodeEngine:279 - Generated code: C:\Users\tkach\Embedded-C\My_workspace\target\Project_1\Core\Src\stm32f1xx_hal_msp.c
2024-10-01 00:15:39,779 [INFO] CodeEngine:255 - oldGeneratedFile, C:\Users\tkach\Embedded-C\My_workspace\target\Project_1\MXTmpFiles\system.tmp_save
2024-10-01 00:15:39,825 [INFO] CodeEngine:279 - Generated code: C:\Users\tkach\Embedded-C\My_workspace\target\Project_1\MXTmpFiles\system.tmp
2024-10-01 00:15:39,840 [INFO] CodeEngine:311 - oldGeneratedFile, C:\Users\tkach\Embedded-C\My_workspace\target\Project_1\Core\Inc\stm32f1xx_hal_conf.h_save
2024-10-01 00:15:39,915 [INFO] CodeEngine:335 - Generated code: C:\Users\tkach\Embedded-C\My_workspace\target\Project_1\Core\Inc\stm32f1xx_hal_conf.h
2024-10-01 00:15:39,945 [INFO] CodeEngine:255 - oldGeneratedFile, C:\Users\tkach\Embedded-C\My_workspace\target\Project_1\Core\Inc\main.h_save
2024-10-01 00:15:40,016 [INFO] CodeEngine:279 - Generated code: C:\Users\tkach\Embedded-C\My_workspace\target\Project_1\Core\Inc\main.h
2024-10-01 00:15:40,030 [INFO] CodeEngine:255 - oldGeneratedFile, C:\Users\tkach\Embedded-C\My_workspace\target\Project_1\Core\Src\main.c_save
2024-10-01 00:15:40,140 [INFO] CodeEngine:279 - Generated code: C:\Users\tkach\Embedded-C\My_workspace\target\Project_1\Core\Src\main.c
2024-10-01 00:15:40,678 [INFO] ProjectBuilder:3076 - Time for Copy HAL[1] : 127mS.
2024-10-01 00:15:40,681 [INFO] ProjectBuilder:4485 - Project Generator version: 4.2.0-B44
2024-10-01 00:15:40,995 [INFO] ConfigFileManager:1495 - The Die is : DIE412
2024-10-01 00:15:42,450 [INFO] ProjectBuilder:4747 - Time for Generating toolchain IDE Files: 1769mS.
2024-10-01 00:15:42,451 [INFO] ProjectBuilder:2947 - Time for Copy CMSIS : 1mS.
2024-10-01 00:15:42,455 [INFO] ProjectBuilder:2947 - Time for Copy CMSIS : 0mS.
2024-10-01 00:15:42,806 [INFO] MainUpdater:2873 - connection check result : 10
2024-10-01 00:15:42,806 [INFO] MainUpdater:2873 - connection check result : 10
2024-10-01 00:15:42,859 [INFO] MicroXplorer:468 - Change Database Path : 
2024-10-01 00:15:42,860 [INFO] MicroXplorer:498 - Change Database Version : DB.6.0.100
2024-10-01 00:15:42,867 [ERROR] ProjectManagerView:394 - 
java.lang.NullPointerException: Cannot invoke "javax.swing.JTextField.getText()" because the return value of "java.util.List.get(int)" is null
	at com.st.microxplorer.plugins.projectmanager.gui.ProjectChoiceTab$10.caretUpdate(ProjectChoiceTab.java:2493) ~[filemanager.jar:?]
	at javax.swing.text.JTextComponent.fireCaretUpdate(JTextComponent.java:412) ~[?:?]
	at javax.swing.text.JTextComponent$MutableCaretEvent.fire(JTextComponent.java:4491) ~[?:?]
	at javax.swing.text.JTextComponent$MutableCaretEvent.stateChanged(JTextComponent.java:4513) ~[?:?]
	at javax.swing.text.DefaultCaret.fireStateChanged(DefaultCaret.java:842) ~[?:?]
	at javax.swing.text.DefaultCaret.changeCaretPosition(DefaultCaret.java:1313) ~[?:?]
	at javax.swing.text.DefaultCaret.handleSetDot(DefaultCaret.java:1212) ~[?:?]
	at javax.swing.text.DefaultCaret.setDot(DefaultCaret.java:1193) ~[?:?]
	at javax.swing.text.DefaultCaret$Handler.insertUpdate(DefaultCaret.java:1789) ~[?:?]
	at javax.swing.text.AbstractDocument.fireInsertUpdate(AbstractDocument.java:226) ~[?:?]
	at javax.swing.text.AbstractDocument.handleInsertString(AbstractDocument.java:780) ~[?:?]
	at javax.swing.text.AbstractDocument.insertString(AbstractDocument.java:739) ~[?:?]
	at javax.swing.text.PlainDocument.insertString(PlainDocument.java:131) ~[?:?]
	at javax.swing.text.AbstractDocument.replace(AbstractDocument.java:698) ~[?:?]
	at javax.swing.text.JTextComponent.setText(JTextComponent.java:1729) ~[?:?]
	at com.st.microxplorer.plugins.projectmanager.gui.ProjectChoiceTab.createHeapStackFields(ProjectChoiceTab.java:933) ~[filemanager.jar:?]
	at com.st.microxplorer.plugins.projectmanager.gui.ProjectChoiceTab.buildLinkSettingsPanel(ProjectChoiceTab.java:3426) ~[filemanager.jar:?]
	at com.st.microxplorer.plugins.projectmanager.gui.ProjectChoiceTab.defineWindowsFields(ProjectChoiceTab.java:1813) ~[filemanager.jar:?]
	at com.st.microxplorer.plugins.projectmanager.gui.ProjectChoiceTab.updateSettings(ProjectChoiceTab.java:533) ~[filemanager.jar:?]
	at com.st.microxplorer.plugins.projectmanager.gui.ProjectSettingsPanel.UpdateDialog(ProjectSettingsPanel.java:244) ~[filemanager.jar:?]
	at com.st.microxplorer.plugins.projectmanager.ProjectManagerView.propertyChange(ProjectManagerView.java:391) ~[filemanager.jar:?]
	at java.beans.PropertyChangeSupport.fire(PropertyChangeSupport.java:343) ~[?:?]
	at java.beans.PropertyChangeSupport.firePropertyChange(PropertyChangeSupport.java:335) ~[?:?]
	at java.beans.PropertyChangeSupport.firePropertyChange(PropertyChangeSupport.java:268) ~[?:?]
	at com.st.microxplorer.util.MXPropertyChangeSupport.firePropertyChange(MXPropertyChangeSupport.java:54) ~[STM32CubeMX.jar:?]
	at com.st.microxplorer.mxsystem.MxSystem.closeConfig(MxSystem.java:900) ~[STM32CubeMX.jar:?]
	at com.st.microxplorer.maingui.MainPanel.closeConfig(MainPanel.java:776) ~[STM32CubeMX.jar:?]
	at com.st.microxplorer.plugins.filemanager.engine.OpenFileManager.loadConfigurationFile(OpenFileManager.java:245) ~[filemanager.jar:?]
	at com.st.microxplorer.plugins.filemanager.engine.MainFileManager.userLoadConfig(MainFileManager.java:290) ~[filemanager.jar:?]
	at com.st.microxplorer.plugins.filemanager.FileManagerView.getSpecificTask(FileManagerView.java:247) ~[filemanager.jar:?]
	at com.st.stm32cube.common.mx.editor.CubeMxEditor.getMxTabbedPaneInstance(CubeMxEditor.java:1184) ~[com.st.stm32cube.common.mx_6.10.0.202311202037/:?]
	at com.st.stm32cube.common.mx.editor.CubeMxEditor$12$1.createSwingComponent(CubeMxEditor.java:1065) ~[com.st.stm32cube.common.mx_6.10.0.202311202037/:?]
	at com.st.stm32cube.common.mx.oss.core.awtswtbridge.EmbeddedSwingComposite.doComponentCreation(EmbeddedSwingComposite.java:492) ~[com.st.stm32cube.common.mx.oss_6.10.0.202311202037/:?]
	at com.st.stm32cube.common.mx.oss.core.awtswtbridge.EmbeddedSwingComposite$4.run(EmbeddedSwingComposite.java:291) ~[com.st.stm32cube.common.mx.oss_6.10.0.202311202037/:?]
	at com.st.stm32cube.common.mx.oss.core.awtswtbridge.AwtEnvironment$2.run(AwtEnvironment.java:166) ~[com.st.stm32cube.common.mx.oss_6.10.0.202311202037/:?]
	at java.awt.event.InvocationEvent.dispatch(InvocationEvent.java:318) ~[?:?]
	at java.awt.EventQueue.dispatchEventImpl(EventQueue.java:773) ~[?:?]
	at java.awt.EventQueue$4.run(EventQueue.java:720) ~[?:?]
	at java.awt.EventQueue$4.run(EventQueue.java:714) ~[?:?]
	at java.security.AccessController.doPrivileged(AccessController.java:399) ~[?:?]
	at java.security.ProtectionDomain$JavaSecurityAccessImpl.doIntersectionPrivilege(ProtectionDomain.java:86) ~[?:?]
	at java.awt.EventQueue.dispatchEvent(EventQueue.java:742) ~[?:?]
	at java.awt.EventDispatchThread.pumpOneEventForFilters(EventDispatchThread.java:203) ~[?:?]
	at java.awt.EventDispatchThread.pumpEventsForFilter(EventDispatchThread.java:124) ~[?:?]
	at java.awt.EventDispatchThread.pumpEventsForHierarchy(EventDispatchThread.java:113) ~[?:?]
	at java.awt.EventDispatchThread.pumpEvents(EventDispatchThread.java:109) ~[?:?]
	at java.awt.EventDispatchThread.pumpEvents(EventDispatchThread.java:101) ~[?:?]
	at java.awt.EventDispatchThread.run(EventDispatchThread.java:90) ~[?:?]
2024-10-01 00:15:42,869 [WARN] ThirdParty:871 - waiting for thirdparty lock release [close project]
2024-10-01 00:15:42,869 [INFO] ThirdParty:873 - entering critical section [close project]
2024-10-01 00:15:42,871 [INFO] ThirdParty:883 - exiting critical section [close project]
2024-10-01 00:15:42,872 [INFO] PinOutPanel:1499 - setPackage(No Configuration,No Configuration)
2024-10-01 00:15:42,877 [INFO] UtilMem:75 - Begin LoadConfig() Used Memory: 723007160 Bytes (1073741824)
2024-10-01 00:15:42,878 [INFO] MicroXplorer:468 - Change Database Path : 
2024-10-01 00:15:42,878 [INFO] MicroXplorer:498 - Change Database Version : DB.6.0.100
2024-10-01 00:15:42,878 [INFO] OpenFileManager:312 - Change cursor
2024-10-01 00:15:42,889 [INFO] RulesReader:64 - Compatibility file has been processed (297 Rules)
2024-10-01 00:15:42,892 [INFO] Mcu:2016 - Initializing MCU STM32F103C(4-6)Tx STM32F103C6Tx STM32F103C6T6A
2024-10-01 00:15:43,191 [INFO] Context:659 - Trying to add GPIOservice into a context  which must be forbidden
2024-10-01 00:15:43,428 [INFO] RtosManager:555 - Registered RTOS mode: class=CMSIS, group=RTOS, mode=CMSIS_V1, owner=FREERTOS
2024-10-01 00:15:43,429 [INFO] RtosManager:555 - Registered RTOS mode: class=CMSIS, group=RTOS2, mode=CMSIS_V2, owner=FREERTOS
2024-10-01 00:15:43,429 [INFO] RtosManager:555 - Registered RTOS mode: class=RTOS, group=Core, mode=CMSIS_V1, owner=FREERTOS
2024-10-01 00:15:43,429 [INFO] RtosManager:555 - Registered RTOS mode: class=RTOS, group=Core, mode=CMSIS_V2, owner=FREERTOS
2024-10-01 00:15:43,429 [WARN] ModelIntegratedComponent:184 - Missing modes for component STMicroelectronics:FreeRTOS:0.0.1:STMicroelectronics:RTOS:FreeRTOS:Core:::10.2.0:
2024-10-01 00:15:43,444 [WARN] ModelIntegratedComponent:63 - No mode defined for component null
2024-10-01 00:15:43,444 [WARN] ModelIntegratedComponent:63 - No mode defined for component null
2024-10-01 00:15:43,444 [WARN] ModelIntegratedComponent:63 - No mode defined for component null
2024-10-01 00:15:43,444 [WARN] ModelIntegratedComponent:63 - No mode defined for component null
2024-10-01 00:15:43,444 [WARN] ModelIntegratedComponent:63 - No mode defined for component null
2024-10-01 00:15:43,444 [WARN] ModelIntegratedComponent:63 - No mode defined for component null
2024-10-01 00:15:43,444 [WARN] ModelIntegratedComponent:63 - No mode defined for component null
2024-10-01 00:15:43,444 [WARN] ModelIntegratedComponent:63 - No mode defined for component null
2024-10-01 00:15:43,444 [WARN] ModelIntegratedComponent:63 - No mode defined for component null
2024-10-01 00:15:43,444 [WARN] ModelIntegratedComponent:63 - No mode defined for component null
2024-10-01 00:15:43,444 [WARN] ModelIntegratedComponent:63 - No mode defined for component null
2024-10-01 00:15:43,444 [WARN] ModelIntegratedComponent:63 - No mode defined for component null
2024-10-01 00:15:43,445 [WARN] ModelIntegratedComponent:63 - No mode defined for component null
2024-10-01 00:15:43,445 [WARN] ModelIntegratedComponent:63 - No mode defined for component null
2024-10-01 00:15:43,445 [WARN] ModelIntegratedComponent:63 - No mode defined for component null
2024-10-01 00:15:43,445 [WARN] ModelIntegratedComponent:63 - No mode defined for component null
2024-10-01 00:15:43,445 [WARN] ModelIntegratedComponent:63 - No mode defined for component null
2024-10-01 00:15:43,445 [WARN] ModelIntegratedComponent:63 - No mode defined for component null
2024-10-01 00:15:43,445 [WARN] ModelIntegratedComponent:63 - No mode defined for component null
2024-10-01 00:15:43,445 [WARN] ModelIntegratedComponent:63 - No mode defined for component null
2024-10-01 00:15:43,445 [WARN] ModelIntegratedComponent:63 - No mode defined for component null
2024-10-01 00:15:43,445 [WARN] ModelIntegratedComponent:63 - No mode defined for component null
2024-10-01 00:15:43,445 [WARN] ModelIntegratedComponent:63 - No mode defined for component null
2024-10-01 00:15:43,445 [WARN] ModelIntegratedComponent:63 - No mode defined for component null
2024-10-01 00:15:43,445 [WARN] ModelIntegratedComponent:63 - No mode defined for component null
2024-10-01 00:15:43,445 [WARN] ModelIntegratedComponent:63 - No mode defined for component null
2024-10-01 00:15:43,445 [WARN] ModelIntegratedComponent:63 - No mode defined for component null
2024-10-01 00:15:43,445 [WARN] ModelIntegratedComponent:63 - No mode defined for component null
2024-10-01 00:15:43,445 [WARN] ModelIntegratedComponent:63 - No mode defined for component null
2024-10-01 00:15:43,445 [WARN] ModelIntegratedComponent:63 - No mode defined for component null
2024-10-01 00:15:43,445 [WARN] ModelIntegratedComponent:63 - No mode defined for component null
2024-10-01 00:15:43,445 [WARN] ModelIntegratedComponent:63 - No mode defined for component null
2024-10-01 00:15:43,445 [WARN] ModelIntegratedComponent:63 - No mode defined for component null
2024-10-01 00:15:43,568 [INFO] ThirdPartyModel:298 - Start build external matchings
2024-10-01 00:15:44,467 [INFO] ThirdPartyModel:316 - End build external matchings
2024-10-01 00:15:44,556 [INFO] UtilMem:75 - End LoadConfig() Used Memory: 797760464 Bytes (1073741824)
2024-10-01 00:15:44,563 [INFO] MicroXplorer:468 - Change Database Path : 
2024-10-01 00:15:44,563 [INFO] MicroXplorer:498 - Change Database Version : DB.6.0.100
2024-10-01 00:15:44,563 [WARN] ThirdParty:833 - waiting for thirdparty lock release [change project]
2024-10-01 00:15:44,563 [INFO] ThirdParty:835 - entering critical section [change project]
2024-10-01 00:15:44,563 [INFO] ThirdParty:1030 - CMSIS Pack Vendor :STMicroelectronics USBPD 4.1
2024-10-01 00:15:44,563 [INFO] ThirdParty:1030 - CMSIS Pack Vendor :STMicroelectronics X-CUBE-AZRTOS-H7 3.3.0
2024-10-01 00:15:44,563 [INFO] ThirdParty:1030 - CMSIS Pack Vendor :STMicroelectronics X-CUBE-NFC9 1.0.0
2024-10-01 00:15:44,563 [INFO] ThirdParty:1030 - CMSIS Pack Vendor :STMicroelectronics X-CUBE-GNSS1 6.0.0
2024-10-01 00:15:44,563 [INFO] ThirdParty:1030 - CMSIS Pack Vendor :STMicroelectronics USB_HOST 2.0.0
2024-10-01 00:15:44,563 [INFO] ThirdParty:1030 - CMSIS Pack Vendor :STMicroelectronics FP-SNS-MOTENVWB1 1.4.0
2024-10-01 00:15:44,563 [INFO] ThirdParty:1030 - CMSIS Pack Vendor :STMicroelectronics X-CUBE-AZRTOS-F4 1.1.0
2024-10-01 00:15:44,563 [INFO] ThirdParty:1030 - CMSIS Pack Vendor :STMicroelectronics LIBJPEG 8.0.0
2024-10-01 00:15:44,563 [INFO] ThirdParty:1030 - CMSIS Pack Vendor :STMicroelectronics X-CUBE-SMBUS 2.1.0
2024-10-01 00:15:44,563 [INFO] ThirdParty:1030 - CMSIS Pack Vendor :STMicroelectronics USB_DEVICE 3.0.0
2024-10-01 00:15:44,563 [INFO] ThirdParty:1030 - CMSIS Pack Vendor :STMicroelectronics X-CUBE-TCPP 4.1.0
2024-10-01 00:15:44,563 [INFO] ThirdParty:1030 - CMSIS Pack Vendor :STMicroelectronics X-CUBE-ISPU 2.1.0
2024-10-01 00:15:44,564 [INFO] ThirdParty:1030 - CMSIS Pack Vendor :STMicroelectronics X-CUBE-FREERTOS 1.2.0
2024-10-01 00:15:44,564 [INFO] ThirdParty:1030 - CMSIS Pack Vendor :STMicroelectronics X-CUBE-AZRTOS-WB 2.0.0
2024-10-01 00:15:44,564 [INFO] ThirdParty:1030 - CMSIS Pack Vendor :wolfSSL I-CUBE-wolfSSL 5.6.6
2024-10-01 00:15:44,564 [INFO] ThirdParty:1030 - CMSIS Pack Vendor :STMicroelectronics X-CUBE-GNSS1 7.0.0
2024-10-01 00:15:44,564 [INFO] ThirdParty:1030 - CMSIS Pack Vendor :STMicroelectronics X-CUBE-TOUCHGFX 4.23.0
2024-10-01 00:15:44,564 [INFO] ThirdParty:1030 - CMSIS Pack Vendor :STMicroelectronics X-CUBE-TOUCHGFX 4.23.2
2024-10-01 00:15:44,564 [INFO] ThirdParty:1030 - CMSIS Pack Vendor :STMicroelectronics X-CUBE-AZRTOS-F7 1.1.0
2024-10-01 00:15:44,564 [INFO] ThirdParty:1030 - CMSIS Pack Vendor :STMicroelectronics X-CUBE-AZRTOS-L5 2.0.0
2024-10-01 00:15:44,564 [INFO] ThirdParty:1030 - CMSIS Pack Vendor :STMicroelectronics USB_DEVICE 2.0.0
2024-10-01 00:15:44,564 [INFO] ThirdParty:1030 - CMSIS Pack Vendor :STMicroelectronics X-CUBE-EEPRMA1 4.2.0
2024-10-01 00:15:44,564 [INFO] ThirdParty:1030 - CMSIS Pack Vendor :STMicroelectronics X-CUBE-NFC6 3.1.0
2024-10-01 00:15:44,564 [INFO] ThirdParty:1030 - CMSIS Pack Vendor :ITTIA_DB I-CUBE-ITTIADB 8.8.0
2024-10-01 00:15:44,564 [INFO] ThirdParty:1030 - CMSIS Pack Vendor :STMicroelectronics FP-SNS-STBOX1 2.0.0
2024-10-01 00:15:44,564 [INFO] ThirdParty:1030 - CMSIS Pack Vendor :STMicroelectronics FP-SNS-MOTENV1 4.3.2
2024-10-01 00:15:44,564 [INFO] ThirdParty:1030 - CMSIS Pack Vendor :STMicroelectronics X-CUBE-ALGOBUILD 1.3.0
2024-10-01 00:15:44,564 [INFO] ThirdParty:1030 - CMSIS Pack Vendor :STMicroelectronics X-CUBE-MEMS1 11.0.0
2024-10-01 00:15:44,564 [INFO] ThirdParty:1030 - CMSIS Pack Vendor :STMicroelectronics FreeRTOS 0.0.1
2024-10-01 00:15:44,564 [INFO] ThirdParty:1030 - CMSIS Pack Vendor :STMicroelectronics X-CUBE-AZRTOS-G0 1.1.0
2024-10-01 00:15:44,564 [INFO] ThirdParty:1030 - CMSIS Pack Vendor :STMicroelectronics X-CUBE-SAFEA1 1.2.2
2024-10-01 00:15:44,564 [INFO] ThirdParty:1030 - CMSIS Pack Vendor :STMicroelectronics X-CUBE-NFC4 3.0.0
2024-10-01 00:15:44,564 [INFO] ThirdParty:1030 - CMSIS Pack Vendor :STMicroelectronics X-CUBE-DPower 1.2.0
2024-10-01 00:15:44,564 [INFO] ThirdParty:1030 - CMSIS Pack Vendor :STMicroelectronics X-CUBE-SUBG2 5.0.0
2024-10-01 00:15:44,564 [INFO] ThirdParty:1030 - CMSIS Pack Vendor :STMicroelectronics STM32_WPAN 1.0.0
2024-10-01 00:15:44,564 [INFO] ThirdParty:1030 - CMSIS Pack Vendor :EmbeddedOffice I-CUBE-FS-RTOS 1.0.1
2024-10-01 00:15:44,564 [INFO] ThirdParty:1030 - CMSIS Pack Vendor :STMicroelectronics lwIP 2.0.3
2024-10-01 00:15:44,564 [INFO] ThirdParty:1030 - CMSIS Pack Vendor :STMicroelectronics FP-SNS-FLIGHT1 5.0.2
2024-10-01 00:15:44,564 [INFO] ThirdParty:1030 - CMSIS Pack Vendor :STMicroelectronics USB_HOST 1.0.0
2024-10-01 00:15:44,564 [INFO] ThirdParty:1030 - CMSIS Pack Vendor :STMicroelectronics X-CUBE-AI 9.0.0
2024-10-01 00:15:44,564 [INFO] ThirdParty:1030 - CMSIS Pack Vendor :STMicroelectronics X-CUBE-AZRTOS-G4 2.0.0
2024-10-01 00:15:44,564 [INFO] ThirdParty:1030 - CMSIS Pack Vendor :STMicroelectronics PDM2PCM 3.1.0
2024-10-01 00:15:44,564 [INFO] ThirdParty:1030 - CMSIS Pack Vendor :Infineon AIROC-Wi-Fi-Bluetooth-STM32 1.5.1
2024-10-01 00:15:44,564 [INFO] ThirdParty:1030 - CMSIS Pack Vendor :STMicroelectronics X-CUBE-BLEMGR 3.0.0
2024-10-01 00:15:44,564 [INFO] ThirdParty:1030 - CMSIS Pack Vendor :STMicroelectronics PDM2PCM 3.3.0
2024-10-01 00:15:44,564 [INFO] ThirdParty:1030 - CMSIS Pack Vendor :STMicroelectronics X-CUBE-DISPLAY 3.0.0
2024-10-01 00:15:44,564 [INFO] ThirdParty:1030 - CMSIS Pack Vendor :RealThread X-CUBE-RT-Thread_Nano 4.1.1
2024-10-01 00:15:44,564 [INFO] ThirdParty:1030 - CMSIS Pack Vendor :STMicroelectronics FP-SNS-MOTENVWB1 1.3.1
2024-10-01 00:15:44,564 [INFO] ThirdParty:1030 - CMSIS Pack Vendor :STMicroelectronics X-CUBE-BLE1 7.0.0
2024-10-01 00:15:44,564 [INFO] ThirdParty:1030 - CMSIS Pack Vendor :STMicroelectronics FP-ATR-SIGFOX1 3.2.0
2024-10-01 00:15:44,564 [INFO] ThirdParty:1030 - CMSIS Pack Vendor :STMicroelectronics X-CUBE-NFC10 1.0.0
2024-10-01 00:15:44,564 [INFO] ThirdParty:1030 - CMSIS Pack Vendor :STMicroelectronics X-CUBE-ISPU 2.0.0
2024-10-01 00:15:44,564 [INFO] ThirdParty:1030 - CMSIS Pack Vendor :STMicroelectronics X-CUBE-EEPRMA1 5.1.0
2024-10-01 00:15:44,564 [INFO] ThirdParty:1030 - CMSIS Pack Vendor :STMicroelectronics HAL Drivers 0.0.0
2024-10-01 00:15:44,564 [INFO] ThirdParty:1030 - CMSIS Pack Vendor :STMicroelectronics MBEDTLS 2.16.2
2024-10-01 00:15:44,564 [INFO] ThirdParty:1030 - CMSIS Pack Vendor :STMicroelectronics X-CUBE-ALS 1.0.2
2024-10-01 00:15:44,564 [INFO] ThirdParty:1030 - CMSIS Pack Vendor :emotas I-CUBE-CANOPEN 1.3.0
2024-10-01 00:15:44,564 [INFO] ThirdParty:1030 - CMSIS Pack Vendor :STMicroelectronics X-CUBE-MEMS1 10.0.0
2024-10-01 00:15:44,564 [INFO] ThirdParty:1030 - CMSIS Pack Vendor :STMicroelectronics X-CUBE-FREERTOS 1.1.0
2024-10-01 00:15:44,564 [INFO] ThirdParty:1030 - CMSIS Pack Vendor :STMicroelectronics X-CUBE-NFC7 1.0.1
2024-10-01 00:15:44,564 [INFO] ThirdParty:1030 - CMSIS Pack Vendor :STMicroelectronics MBEDTLS 2.14.1
2024-10-01 00:15:44,564 [INFO] ThirdParty:1030 - CMSIS Pack Vendor :STMicroelectronics X-CUBE-TOUCHGFX 4.24.0
2024-10-01 00:15:44,564 [INFO] ThirdParty:1030 - CMSIS Pack Vendor :STMicroelectronics X-CUBE-TOUCHGFX 4.24.1
2024-10-01 00:15:44,564 [INFO] ThirdParty:1030 - CMSIS Pack Vendor :STMicroelectronics X-CUBE-NFC6 3.0.0
2024-10-01 00:15:44,564 [INFO] ThirdParty:1030 - CMSIS Pack Vendor :wolfSSL I-CUBE-wolfTPM 3.4.0
2024-10-01 00:15:44,564 [INFO] ThirdParty:1030 - CMSIS Pack Vendor :portGmbH I-Cube-SoM-uGOAL 1.1.0
2024-10-01 00:15:44,564 [INFO] ThirdParty:1030 - CMSIS Pack Vendor :STMicroelectronics X-CUBE-ALS 1.0.1
2024-10-01 00:15:44,564 [INFO] ThirdParty:1030 - CMSIS Pack Vendor :STMicroelectronics X-CUBE-BLEMGR 3.1.0
2024-10-01 00:15:44,564 [INFO] ThirdParty:1030 - CMSIS Pack Vendor :STMicroelectronics ThreadX 1.0.0
2024-10-01 00:15:44,564 [INFO] ThirdParty:1030 - CMSIS Pack Vendor :STMicroelectronics FP-SNS-SMARTAG2 1.2.0
2024-10-01 00:15:44,565 [INFO] ThirdParty:1030 - CMSIS Pack Vendor :STMicroelectronics X-CUBE-AZRTOS-WL 2.0.0
2024-10-01 00:15:44,565 [INFO] ThirdParty:1030 - CMSIS Pack Vendor :SEGGER I-CUBE-embOS 1.3.1
2024-10-01 00:15:44,565 [INFO] ThirdParty:1030 - CMSIS Pack Vendor :STMicroelectronics X-CUBE-ALGOBUILD 1.4.0
2024-10-01 00:15:44,565 [INFO] ThirdParty:1030 - CMSIS Pack Vendor :STMicroelectronics FP-SNS-MOTENV1 5.0.0
2024-10-01 00:15:44,565 [INFO] ThirdParty:1030 - CMSIS Pack Vendor :STMicroelectronics USB_DEVICE 1.0.0
2024-10-01 00:15:44,565 [INFO] ThirdParty:1030 - CMSIS Pack Vendor :STMicroelectronics X-CUBE-AI 8.1.0
2024-10-01 00:15:44,565 [INFO] ThirdParty:1030 - CMSIS Pack Vendor :STMicroelectronics X-CUBE-AZRTOS-H7RS 1.0.0
2024-10-01 00:15:44,565 [INFO] ThirdParty:1030 - CMSIS Pack Vendor :wolfSSL I-CUBE-wolfMQTT 1.19.0
2024-10-01 00:15:44,565 [INFO] ThirdParty:1030 - CMSIS Pack Vendor :STMicroelectronics X-CUBE-AZRTOS-L4 2.0.0
2024-10-01 00:15:44,565 [INFO] ThirdParty:1030 - CMSIS Pack Vendor :STMicroelectronics ThreadX 0.0.2
2024-10-01 00:15:44,565 [INFO] ThirdParty:1030 - CMSIS Pack Vendor :WES I-CUBE-Cesium 1.3.0
2024-10-01 00:15:44,565 [INFO] ThirdParty:1030 - CMSIS Pack Vendor :STMicroelectronics FP-ATR-ASTRA1 2.0.0
2024-10-01 00:15:44,565 [INFO] ThirdParty:1030 - CMSIS Pack Vendor :STMicroelectronics lwIP 2.1.2
2024-10-01 00:15:44,565 [INFO] ThirdParty:1030 - CMSIS Pack Vendor :STMicroelectronics X-CUBE-SFXS2LP1 4.0.0
2024-10-01 00:15:44,565 [INFO] ThirdParty:1030 - CMSIS Pack Vendor :STMicroelectronics X-CUBE-BLE2 3.3.0
2024-10-01 00:15:44,565 [INFO] ThirdParty:1030 - CMSIS Pack Vendor :STMicroelectronics X-CUBE-TOF1 3.4.2
2024-10-01 00:15:44,565 [INFO] ThirdParty:1030 - CMSIS Pack Vendor :STMicroelectronics X-CUBE-TOF1 3.4.0
2024-10-01 00:15:44,565 [INFO] ThirdParty:1030 - CMSIS Pack Vendor :STMicroelectronics X-CUBE-TOF1 3.4.1
2024-10-01 00:15:44,565 [INFO] ThirdParty:1030 - CMSIS Pack Vendor :STMicroelectronics X-CUBE-AZRTOS-H7 3.2.0
2024-10-01 00:15:44,565 [INFO] ThirdParty:1030 - CMSIS Pack Vendor :STMicroelectronics PDM2PCM 3.2.0
2024-10-01 00:15:44,565 [INFO] ThirdParty:1030 - CMSIS Pack Vendor :wolfSSL I-CUBE-wolfSSH 1.4.17
2024-10-01 00:15:44,565 [INFO] ThirdParty:841 - exiting critical section [change project]
2024-10-01 00:15:44,643 [INFO] PinOutPanel:1499 - setPackage(No Configuration,No Configuration)
2024-10-01 00:15:44,643 [INFO] PinOutPanel:1499 - setPackage(STM32F103C6Tx,LQFP48)
2024-10-01 00:15:44,783 [INFO] UtilMem:75 - Before build in PCC Used Memory: 675130816 Bytes (1073741824)
2024-10-01 00:15:44,932 [INFO] UtilMem:75 - After build in PCC Used Memory: 716676952 Bytes (1073741824)
2024-10-01 00:15:44,943 [INFO] IPUIPlugin:80 - create IPUIPlugin
2024-10-01 00:15:44,943 [INFO] IPUIPlugin:80 - create IPUIPlugin
2024-10-01 00:15:44,943 [INFO] IPUIPlugin:80 - create IPUIPlugin
2024-10-01 00:15:44,943 [INFO] IPUIPlugin:80 - create IPUIPlugin
2024-10-01 00:15:44,943 [INFO] IPUIPlugin:80 - create IPUIPlugin
2024-10-01 00:15:44,943 [INFO] IPUIPlugin:80 - create IPUIPlugin
2024-10-01 00:15:44,944 [INFO] IPUIPlugin:80 - create IPUIPlugin
2024-10-01 00:15:44,944 [INFO] IPUIPlugin:80 - create IPUIPlugin
2024-10-01 00:15:44,944 [INFO] IPUIPlugin:80 - create IPUIPlugin
2024-10-01 00:15:44,944 [INFO] IPUIPlugin:80 - create IPUIPlugin
2024-10-01 00:15:44,944 [INFO] IPUIPlugin:80 - create IPUIPlugin
2024-10-01 00:15:44,944 [INFO] IPUIPlugin:80 - create IPUIPlugin
2024-10-01 00:15:44,944 [INFO] IPUIPlugin:80 - create IPUIPlugin
2024-10-01 00:15:44,944 [INFO] IPUIPlugin:80 - create IPUIPlugin
2024-10-01 00:15:44,944 [INFO] IPUIPlugin:80 - create IPUIPlugin
2024-10-01 00:15:44,944 [INFO] IPUIPlugin:80 - create IPUIPlugin
2024-10-01 00:15:44,944 [INFO] IPUIPlugin:80 - create IPUIPlugin
2024-10-01 00:15:44,944 [INFO] IPUIPlugin:80 - create IPUIPlugin
2024-10-01 00:15:44,945 [INFO] IPUIPlugin:80 - create IPUIPlugin
2024-10-01 00:15:44,945 [INFO] IPUIPlugin:80 - create IPUIPlugin
2024-10-01 00:15:44,945 [INFO] IPUIPlugin:80 - create IPUIPlugin
2024-10-01 00:15:44,945 [INFO] IPUIPlugin:80 - create IPUIPlugin
2024-10-01 00:15:44,945 [INFO] IPUIPlugin:80 - create IPUIPlugin
2024-10-01 00:15:44,958 [INFO] CADModel:165 - CPN selected for project levelSTM32F103C6T6A
2024-10-01 00:15:44,958 [INFO] CADModel:114 - Register for checkConnection events
2024-10-01 00:15:44,995 [INFO] OpenFileManager:343 - Restore cursor
2024-10-01 00:19:26,996 [INFO] UtilMem:75 - End SaveConfig() Used Memory: 781334248 Bytes (1073741824)
2024-10-01 00:19:28,056 [INFO] UtilMem:75 - End SaveConfig() Used Memory: 828926152 Bytes (1073741824)
2024-10-01 00:19:28,178 [INFO] BlockDiagram:2759 - set Specific Code input for plugin: NVIC
2024-10-01 00:19:28,178 [INFO] BlockDiagram:2759 - set Specific Code input for plugin: GPIO
2024-10-01 00:19:28,178 [INFO] BlockDiagram:2759 - set Specific Code input for plugin: RCC
2024-10-01 00:19:28,179 [INFO] CodeGenerator:807 - code generatio: config db path: C:\ST\STM32CubeIDE_1.14.1\STM32CubeIDE\plugins\com.st.stm32cube.common.mx_6.10.0.202311202037\\db\
2024-10-01 00:19:28,265 [INFO] CodeEngine:255 - oldGeneratedFile, C:\Users\tkach\Embedded-C\My_workspace\target\Example1\MXTmpFiles\license.tmp_save
2024-10-01 00:19:28,362 [INFO] CodeEngine:279 - Generated code: C:\Users\tkach\Embedded-C\My_workspace\target\Example1\MXTmpFiles\license.tmp
2024-10-01 00:19:28,409 [INFO] CodeEngine:255 - oldGeneratedFile, C:\Users\tkach\Embedded-C\My_workspace\target\Example1\MXTmpFiles\gpio.tmp_save
2024-10-01 00:19:28,508 [INFO] CodeEngine:279 - Generated code: C:\Users\tkach\Embedded-C\My_workspace\target\Example1\MXTmpFiles\gpio.tmp
2024-10-01 00:19:28,526 [INFO] CodeEngine:255 - oldGeneratedFile, C:\Users\tkach\Embedded-C\My_workspace\target\Example1\Core\Src\stm32f1xx_it.c_save
2024-10-01 00:19:28,650 [INFO] CodeEngine:279 - Generated code: C:\Users\tkach\Embedded-C\My_workspace\target\Example1\Core\Src\stm32f1xx_it.c
2024-10-01 00:19:28,663 [INFO] CodeEngine:255 - oldGeneratedFile, C:\Users\tkach\Embedded-C\My_workspace\target\Example1\Core\Inc\stm32f1xx_it.h_save
2024-10-01 00:19:28,735 [INFO] CodeEngine:279 - Generated code: C:\Users\tkach\Embedded-C\My_workspace\target\Example1\Core\Inc\stm32f1xx_it.h
2024-10-01 00:19:28,756 [INFO] CodeEngine:255 - oldGeneratedFile, C:\Users\tkach\Embedded-C\My_workspace\target\Example1\Core\Src\stm32f1xx_hal_msp.c_save
2024-10-01 00:19:28,852 [INFO] CodeEngine:279 - Generated code: C:\Users\tkach\Embedded-C\My_workspace\target\Example1\Core\Src\stm32f1xx_hal_msp.c
2024-10-01 00:19:28,855 [INFO] CodeEngine:255 - oldGeneratedFile, C:\Users\tkach\Embedded-C\My_workspace\target\Example1\MXTmpFiles\system.tmp_save
2024-10-01 00:19:28,926 [INFO] CodeEngine:279 - Generated code: C:\Users\tkach\Embedded-C\My_workspace\target\Example1\MXTmpFiles\system.tmp
2024-10-01 00:19:28,946 [INFO] CodeEngine:311 - oldGeneratedFile, C:\Users\tkach\Embedded-C\My_workspace\target\Example1\Core\Inc\stm32f1xx_hal_conf.h_save
2024-10-01 00:19:29,057 [INFO] CodeEngine:335 - Generated code: C:\Users\tkach\Embedded-C\My_workspace\target\Example1\Core\Inc\stm32f1xx_hal_conf.h
2024-10-01 00:19:29,103 [INFO] CodeEngine:255 - oldGeneratedFile, C:\Users\tkach\Embedded-C\My_workspace\target\Example1\Core\Inc\main.h_save
2024-10-01 00:19:29,210 [INFO] CodeEngine:279 - Generated code: C:\Users\tkach\Embedded-C\My_workspace\target\Example1\Core\Inc\main.h
2024-10-01 00:19:29,225 [INFO] CodeEngine:255 - oldGeneratedFile, C:\Users\tkach\Embedded-C\My_workspace\target\Example1\Core\Src\main.c_save
2024-10-01 00:19:29,358 [INFO] CodeEngine:279 - Generated code: C:\Users\tkach\Embedded-C\My_workspace\target\Example1\Core\Src\main.c
2024-10-01 00:19:29,789 [INFO] ProjectBuilder:3076 - Time for Copy HAL[1] : 113mS.
2024-10-01 00:19:29,791 [INFO] ProjectBuilder:4485 - Project Generator version: 4.2.0-B44
2024-10-01 00:19:30,089 [INFO] ConfigFileManager:1495 - The Die is : DIE412
2024-10-01 00:19:30,091 [INFO] ApiDbMcu:508 - Load IP Config File for FATFS
2024-10-01 00:19:30,095 [INFO] ApiDbMcu:508 - Load IP Config File for FREERTOS
2024-10-01 00:19:30,099 [INFO] ApiDbMcu:508 - Load IP Config File for USB_DEVICE
2024-10-01 00:19:31,945 [INFO] ProjectBuilder:4747 - Time for Generating toolchain IDE Files: 2154mS.
2024-10-01 00:19:31,946 [INFO] ProjectBuilder:2947 - Time for Copy CMSIS : 1mS.
2024-10-01 00:19:31,948 [INFO] ProjectBuilder:2947 - Time for Copy CMSIS : 0mS.
2024-10-01 00:20:30,960 [WARN] IP:2119 - FLatency not found: check if there is a RefParameter without a condition.
2024-10-01 00:22:00,270 [INFO] UtilMem:75 - End SaveConfig() Used Memory: 903926312 Bytes (1073741824)
2024-10-01 00:22:01,149 [INFO] UtilMem:75 - End SaveConfig() Used Memory: 661520880 Bytes (1073741824)
2024-10-01 00:22:01,290 [INFO] UtilMem:75 - End SaveConfig() Used Memory: 705079040 Bytes (1073741824)
2024-10-01 00:22:01,484 [INFO] BlockDiagram:2759 - set Specific Code input for plugin: NVIC
2024-10-01 00:22:01,484 [INFO] BlockDiagram:2759 - set Specific Code input for plugin: SYS
2024-10-01 00:22:01,484 [INFO] BlockDiagram:2759 - set Specific Code input for plugin: GPIO
2024-10-01 00:22:01,484 [INFO] BlockDiagram:2759 - set Specific Code input for plugin: RCC
2024-10-01 00:22:01,485 [INFO] CodeGenerator:807 - code generatio: config db path: C:\ST\STM32CubeIDE_1.14.1\STM32CubeIDE\plugins\com.st.stm32cube.common.mx_6.10.0.202311202037\\db\
2024-10-01 00:22:01,603 [INFO] CodeEngine:255 - oldGeneratedFile, C:\Users\tkach\Embedded-C\My_workspace\target\Example1\MXTmpFiles\license.tmp_save
2024-10-01 00:22:01,673 [INFO] CodeEngine:279 - Generated code: C:\Users\tkach\Embedded-C\My_workspace\target\Example1\MXTmpFiles\license.tmp
2024-10-01 00:22:01,683 [INFO] CodeEngine:255 - oldGeneratedFile, C:\Users\tkach\Embedded-C\My_workspace\target\Example1\MXTmpFiles\gpio.tmp_save
2024-10-01 00:22:01,767 [INFO] CodeEngine:279 - Generated code: C:\Users\tkach\Embedded-C\My_workspace\target\Example1\MXTmpFiles\gpio.tmp
2024-10-01 00:22:01,793 [INFO] CodeEngine:255 - oldGeneratedFile, C:\Users\tkach\Embedded-C\My_workspace\target\Example1\Core\Src\stm32f1xx_it.c_save
2024-10-01 00:22:01,976 [INFO] CodeEngine:279 - Generated code: C:\Users\tkach\Embedded-C\My_workspace\target\Example1\Core\Src\stm32f1xx_it.c
2024-10-01 00:22:01,980 [INFO] CodeEngine:255 - oldGeneratedFile, C:\Users\tkach\Embedded-C\My_workspace\target\Example1\Core\Inc\stm32f1xx_it.h_save
2024-10-01 00:22:02,029 [INFO] CodeEngine:279 - Generated code: C:\Users\tkach\Embedded-C\My_workspace\target\Example1\Core\Inc\stm32f1xx_it.h
2024-10-01 00:22:02,045 [INFO] CodeEngine:255 - oldGeneratedFile, C:\Users\tkach\Embedded-C\My_workspace\target\Example1\Core\Src\stm32f1xx_hal_msp.c_save
2024-10-01 00:22:02,137 [INFO] CodeEngine:279 - Generated code: C:\Users\tkach\Embedded-C\My_workspace\target\Example1\Core\Src\stm32f1xx_hal_msp.c
2024-10-01 00:22:02,140 [INFO] CodeEngine:255 - oldGeneratedFile, C:\Users\tkach\Embedded-C\My_workspace\target\Example1\MXTmpFiles\system.tmp_save
2024-10-01 00:22:02,183 [INFO] CodeEngine:279 - Generated code: C:\Users\tkach\Embedded-C\My_workspace\target\Example1\MXTmpFiles\system.tmp
2024-10-01 00:22:02,198 [INFO] CodeEngine:311 - oldGeneratedFile, C:\Users\tkach\Embedded-C\My_workspace\target\Example1\Core\Inc\stm32f1xx_hal_conf.h_save
2024-10-01 00:22:02,275 [INFO] CodeEngine:335 - Generated code: C:\Users\tkach\Embedded-C\My_workspace\target\Example1\Core\Inc\stm32f1xx_hal_conf.h
2024-10-01 00:22:02,303 [INFO] CodeEngine:255 - oldGeneratedFile, C:\Users\tkach\Embedded-C\My_workspace\target\Example1\Core\Inc\main.h_save
2024-10-01 00:22:02,372 [INFO] CodeEngine:279 - Generated code: C:\Users\tkach\Embedded-C\My_workspace\target\Example1\Core\Inc\main.h
2024-10-01 00:22:02,385 [INFO] CodeEngine:255 - oldGeneratedFile, C:\Users\tkach\Embedded-C\My_workspace\target\Example1\Core\Src\main.c_save
2024-10-01 00:22:02,476 [INFO] CodeEngine:279 - Generated code: C:\Users\tkach\Embedded-C\My_workspace\target\Example1\Core\Src\main.c
2024-10-01 00:22:02,962 [INFO] ProjectBuilder:3076 - Time for Copy HAL[1] : 114mS.
2024-10-01 00:22:02,965 [INFO] ProjectBuilder:4485 - Project Generator version: 4.2.0-B44
2024-10-01 00:22:03,310 [INFO] ConfigFileManager:1495 - The Die is : DIE412
2024-10-01 00:22:04,843 [INFO] ProjectBuilder:4747 - Time for Generating toolchain IDE Files: 1878mS.
2024-10-01 00:22:04,844 [INFO] ProjectBuilder:2947 - Time for Copy CMSIS : 0mS.
2024-10-01 00:22:04,847 [INFO] ProjectBuilder:2947 - Time for Copy CMSIS : 0mS.
2024-10-01 00:33:36,100 [INFO] UtilMem:75 - End SaveConfig() Used Memory: 655795840 Bytes (1073741824)
2024-10-01 00:33:37,207 [INFO] UtilMem:75 - End SaveConfig() Used Memory: 655475736 Bytes (1073741824)
2024-10-01 00:33:37,348 [INFO] BlockDiagram:2759 - set Specific Code input for plugin: NVIC
2024-10-01 00:33:37,348 [INFO] BlockDiagram:2759 - set Specific Code input for plugin: SYS
2024-10-01 00:33:37,348 [INFO] BlockDiagram:2759 - set Specific Code input for plugin: GPIO
2024-10-01 00:33:37,348 [INFO] BlockDiagram:2759 - set Specific Code input for plugin: RCC
2024-10-01 00:33:37,349 [INFO] CodeGenerator:807 - code generatio: config db path: C:\ST\STM32CubeIDE_1.14.1\STM32CubeIDE\plugins\com.st.stm32cube.common.mx_6.10.0.202311202037\\db\
2024-10-01 00:33:37,468 [INFO] CodeEngine:255 - oldGeneratedFile, C:\Users\tkach\Embedded-C\My_workspace\target\Example1\MXTmpFiles\license.tmp_save
2024-10-01 00:33:37,540 [INFO] CodeEngine:279 - Generated code: C:\Users\tkach\Embedded-C\My_workspace\target\Example1\MXTmpFiles\license.tmp
2024-10-01 00:33:37,552 [INFO] CodeEngine:255 - oldGeneratedFile, C:\Users\tkach\Embedded-C\My_workspace\target\Example1\MXTmpFiles\gpio.tmp_save
2024-10-01 00:33:37,666 [INFO] CodeEngine:279 - Generated code: C:\Users\tkach\Embedded-C\My_workspace\target\Example1\MXTmpFiles\gpio.tmp
2024-10-01 00:33:37,691 [INFO] CodeEngine:255 - oldGeneratedFile, C:\Users\tkach\Embedded-C\My_workspace\target\Example1\Core\Src\stm32f1xx_it.c_save
2024-10-01 00:33:37,846 [INFO] CodeEngine:279 - Generated code: C:\Users\tkach\Embedded-C\My_workspace\target\Example1\Core\Src\stm32f1xx_it.c
2024-10-01 00:33:37,851 [INFO] CodeEngine:255 - oldGeneratedFile, C:\Users\tkach\Embedded-C\My_workspace\target\Example1\Core\Inc\stm32f1xx_it.h_save
2024-10-01 00:33:37,904 [INFO] CodeEngine:279 - Generated code: C:\Users\tkach\Embedded-C\My_workspace\target\Example1\Core\Inc\stm32f1xx_it.h
2024-10-01 00:33:37,920 [INFO] CodeEngine:255 - oldGeneratedFile, C:\Users\tkach\Embedded-C\My_workspace\target\Example1\Core\Src\stm32f1xx_hal_msp.c_save
2024-10-01 00:33:38,036 [INFO] CodeEngine:279 - Generated code: C:\Users\tkach\Embedded-C\My_workspace\target\Example1\Core\Src\stm32f1xx_hal_msp.c
2024-10-01 00:33:38,039 [INFO] CodeEngine:255 - oldGeneratedFile, C:\Users\tkach\Embedded-C\My_workspace\target\Example1\MXTmpFiles\system.tmp_save
2024-10-01 00:33:38,083 [INFO] CodeEngine:279 - Generated code: C:\Users\tkach\Embedded-C\My_workspace\target\Example1\MXTmpFiles\system.tmp
2024-10-01 00:33:38,098 [INFO] CodeEngine:311 - oldGeneratedFile, C:\Users\tkach\Embedded-C\My_workspace\target\Example1\Core\Inc\stm32f1xx_hal_conf.h_save
2024-10-01 00:33:38,179 [INFO] CodeEngine:335 - Generated code: C:\Users\tkach\Embedded-C\My_workspace\target\Example1\Core\Inc\stm32f1xx_hal_conf.h
2024-10-01 00:33:38,211 [INFO] CodeEngine:255 - oldGeneratedFile, C:\Users\tkach\Embedded-C\My_workspace\target\Example1\Core\Inc\main.h_save
2024-10-01 00:33:38,275 [INFO] CodeEngine:279 - Generated code: C:\Users\tkach\Embedded-C\My_workspace\target\Example1\Core\Inc\main.h
2024-10-01 00:33:38,287 [INFO] CodeEngine:255 - oldGeneratedFile, C:\Users\tkach\Embedded-C\My_workspace\target\Example1\Core\Src\main.c_save
2024-10-01 00:33:38,371 [INFO] CodeEngine:279 - Generated code: C:\Users\tkach\Embedded-C\My_workspace\target\Example1\Core\Src\main.c
2024-10-01 00:33:38,856 [INFO] ProjectBuilder:3076 - Time for Copy HAL[1] : 123mS.
2024-10-01 00:33:38,859 [INFO] ProjectBuilder:4485 - Project Generator version: 4.2.0-B44
2024-10-01 00:33:39,146 [INFO] ConfigFileManager:1495 - The Die is : DIE412
2024-10-01 00:33:40,732 [INFO] ProjectBuilder:4747 - Time for Generating toolchain IDE Files: 1874mS.
2024-10-01 00:33:40,733 [INFO] ProjectBuilder:2947 - Time for Copy CMSIS : 0mS.
2024-10-01 00:33:40,736 [INFO] ProjectBuilder:2947 - Time for Copy CMSIS : 0mS.
2024-10-01 00:45:00,474 [INFO] UtilMem:75 - End SaveConfig() Used Memory: 1053706728 Bytes (1073741824)
2024-10-01 00:45:02,605 [INFO] UtilMem:75 - End SaveConfig() Used Memory: 776288992 Bytes (1073741824)
2024-10-01 00:45:02,843 [INFO] BlockDiagram:2759 - set Specific Code input for plugin: NVIC
2024-10-01 00:45:02,843 [INFO] BlockDiagram:2759 - set Specific Code input for plugin: SYS
2024-10-01 00:45:02,843 [INFO] BlockDiagram:2759 - set Specific Code input for plugin: GPIO
2024-10-01 00:45:02,843 [INFO] BlockDiagram:2759 - set Specific Code input for plugin: RCC
2024-10-01 00:45:02,845 [INFO] CodeGenerator:807 - code generatio: config db path: C:\ST\STM32CubeIDE_1.14.1\STM32CubeIDE\plugins\com.st.stm32cube.common.mx_6.10.0.202311202037\\db\
2024-10-01 00:45:03,012 [INFO] CodeEngine:255 - oldGeneratedFile, C:\Users\tkach\Embedded-C\My_workspace\target\Example1\MXTmpFiles\license.tmp_save
2024-10-01 00:45:03,127 [INFO] CodeEngine:279 - Generated code: C:\Users\tkach\Embedded-C\My_workspace\target\Example1\MXTmpFiles\license.tmp
2024-10-01 00:45:03,143 [INFO] CodeEngine:255 - oldGeneratedFile, C:\Users\tkach\Embedded-C\My_workspace\target\Example1\MXTmpFiles\gpio.tmp_save
2024-10-01 00:45:03,291 [INFO] CodeEngine:279 - Generated code: C:\Users\tkach\Embedded-C\My_workspace\target\Example1\MXTmpFiles\gpio.tmp
2024-10-01 00:45:03,330 [INFO] CodeEngine:255 - oldGeneratedFile, C:\Users\tkach\Embedded-C\My_workspace\target\Example1\Core\Src\stm32f1xx_it.c_save
2024-10-01 00:45:03,571 [INFO] CodeEngine:279 - Generated code: C:\Users\tkach\Embedded-C\My_workspace\target\Example1\Core\Src\stm32f1xx_it.c
2024-10-01 00:45:03,578 [INFO] CodeEngine:255 - oldGeneratedFile, C:\Users\tkach\Embedded-C\My_workspace\target\Example1\Core\Inc\stm32f1xx_it.h_save
2024-10-01 00:45:03,664 [INFO] CodeEngine:279 - Generated code: C:\Users\tkach\Embedded-C\My_workspace\target\Example1\Core\Inc\stm32f1xx_it.h
2024-10-01 00:45:03,687 [INFO] CodeEngine:255 - oldGeneratedFile, C:\Users\tkach\Embedded-C\My_workspace\target\Example1\Core\Src\stm32f1xx_hal_msp.c_save
2024-10-01 00:45:03,794 [INFO] CodeEngine:279 - Generated code: C:\Users\tkach\Embedded-C\My_workspace\target\Example1\Core\Src\stm32f1xx_hal_msp.c
2024-10-01 00:45:03,800 [INFO] CodeEngine:255 - oldGeneratedFile, C:\Users\tkach\Embedded-C\My_workspace\target\Example1\MXTmpFiles\system.tmp_save
2024-10-01 00:45:03,908 [INFO] CodeEngine:279 - Generated code: C:\Users\tkach\Embedded-C\My_workspace\target\Example1\MXTmpFiles\system.tmp
2024-10-01 00:45:03,934 [INFO] CodeEngine:311 - oldGeneratedFile, C:\Users\tkach\Embedded-C\My_workspace\target\Example1\Core\Inc\stm32f1xx_hal_conf.h_save
2024-10-01 00:45:04,050 [INFO] CodeEngine:335 - Generated code: C:\Users\tkach\Embedded-C\My_workspace\target\Example1\Core\Inc\stm32f1xx_hal_conf.h
2024-10-01 00:45:04,090 [INFO] CodeEngine:255 - oldGeneratedFile, C:\Users\tkach\Embedded-C\My_workspace\target\Example1\Core\Inc\main.h_save
2024-10-01 00:45:04,209 [INFO] CodeEngine:279 - Generated code: C:\Users\tkach\Embedded-C\My_workspace\target\Example1\Core\Inc\main.h
2024-10-01 00:45:04,225 [INFO] CodeEngine:255 - oldGeneratedFile, C:\Users\tkach\Embedded-C\My_workspace\target\Example1\Core\Src\main.c_save
2024-10-01 00:45:04,375 [INFO] CodeEngine:279 - Generated code: C:\Users\tkach\Embedded-C\My_workspace\target\Example1\Core\Src\main.c
2024-10-01 00:45:05,110 [INFO] ProjectBuilder:3076 - Time for Copy HAL[1] : 186mS.
2024-10-01 00:45:05,114 [INFO] ProjectBuilder:4485 - Project Generator version: 4.2.0-B44
2024-10-01 00:45:05,514 [INFO] ConfigFileManager:1495 - The Die is : DIE412
2024-10-01 00:45:07,655 [INFO] ProjectBuilder:4747 - Time for Generating toolchain IDE Files: 2541mS.
2024-10-01 00:45:07,656 [INFO] ProjectBuilder:2947 - Time for Copy CMSIS : 1mS.
2024-10-01 00:45:07,659 [INFO] ProjectBuilder:2947 - Time for Copy CMSIS : 0mS.
2024-10-01 01:05:55,776 [INFO] WebApp:354 - JxBrowser engine has been closed 
