2024-05-13 18:25:23,581 [INFO] Activator:176 - 


2024-05-13 18:25:23,588 [INFO] Activator:177 - !SESSION log4j initialized
2024-05-13 18:25:32,631 [INFO] LogOutputStream:77 - [STDOUT_REDIRECT] 
2024-05-13 18:25:39,571 [INFO] ApplicationProperties:184 - Using Application install path: C:\ST\STM32CubeIDE_1.14.1\STM32CubeIDE\plugins\com.st.stm32cube.common.mx_6.10.0.202311202037
2024-05-13 18:25:39,620 [INFO] DbMcusXml:78 - Set database path to: C:\ST\STM32CubeIDE_1.14.1\STM32CubeIDE\plugins\com.st.stm32cube.common.mx_6.10.0.202311202037\\db\/mcu/
2024-05-13 18:25:39,621 [INFO] ApiDb:274 - Set plugin database path to: C:\ST\STM32CubeIDE_1.14.1\STM32CubeIDE\plugins\com.st.stm32cube.common.mx_6.10.0.202311202037\\db\/plugins/boardmanager/
2024-05-13 18:25:39,622 [WARN] ApiDb:259 - Overriding images path with different value:  => C:\ST\STM32CubeIDE_1.14.1\STM32CubeIDE\plugins\com.st.stm32cube.common.mx_6.10.0.202311202037\\db\/plugins/mcufinder/images/
2024-05-13 18:25:39,648 [INFO] ApiDb:250 - Set database path to: C:\Users\tkach\.stmcufinder\plugins\mcufinder//mcu/
2024-05-13 18:25:39,651 [INFO] DbMcusAds:125 - Set database path to: C:\Users\tkach\.stmcufinder\plugins\mcufinder//mcu/
2024-05-13 18:25:39,654 [INFO] CrossReferenceDbSqlite:203 - Set database path to: C:\Users\tkach\.stmcufinder\plugins\mcufinder//mcu/cs/
2024-05-13 18:25:39,864 [INFO] RulesReader:64 - Compatibility file has been processed (297 Rules)
2024-05-13 18:25:40,051 [INFO] DbMcusXml:78 - Set database path to: C:\ST\STM32CubeIDE_1.14.1\STM32CubeIDE\plugins\com.st.stm32cube.common.mx_6.10.0.202311202037\\db\/mcu/
2024-05-13 18:25:40,051 [INFO] ApiDb:274 - Set plugin database path to: C:\ST\STM32CubeIDE_1.14.1\STM32CubeIDE\plugins\com.st.stm32cube.common.mx_6.10.0.202311202037\\db\/plugins/boardmanager/
2024-05-13 18:25:40,051 [INFO] ApiDb:261 - Set plugin images path to: C:\ST\STM32CubeIDE_1.14.1\STM32CubeIDE\plugins\com.st.stm32cube.common.mx_6.10.0.202311202037\\db\/plugins/mcufinder/images/
2024-05-13 18:25:40,051 [WARN] DbFile:41 - Overriding database path with different value: C:\Users\tkach\.stmcufinder\plugins\mcufinder/ => C:\Users\tkach\.stmcufinder\plugins\mcufinder
2024-05-13 18:25:40,051 [INFO] ApiDb:250 - Set database path to: C:\Users\tkach\.stmcufinder\plugins\mcufinder//mcu/
2024-05-13 18:25:40,052 [WARN] DbFile:41 - Overriding database path with different value: C:\Users\tkach\.stmcufinder\plugins\mcufinder/ => C:\Users\tkach\.stmcufinder\plugins\mcufinder
2024-05-13 18:25:40,052 [INFO] DbMcusAds:125 - Set database path to: C:\Users\tkach\.stmcufinder\plugins\mcufinder//mcu/
2024-05-13 18:25:40,052 [WARN] DbFile:41 - Overriding database path with different value: C:\Users\tkach\.stmcufinder\plugins\mcufinder/ => C:\Users\tkach\.stmcufinder\plugins\mcufinder
2024-05-13 18:25:40,052 [WARN] DbFile:41 - Overriding database path with different value: C:\Users\tkach\.stmcufinder\plugins\mcufinder/ => C:\Users\tkach\.stmcufinder\plugins\mcufinder
2024-05-13 18:25:40,052 [INFO] CrossReferenceDbSqlite:203 - Set database path to: C:\Users\tkach\.stmcufinder\plugins\mcufinder//mcu/cs/
2024-05-13 18:25:40,233 [INFO] MainPanel:264 - HeapMemory: 268435456
2024-05-13 18:25:40,515 [INFO] DbMcusXml:78 - Set database path to: C:\ST\STM32CubeIDE_1.14.1\STM32CubeIDE\plugins\com.st.stm32cube.common.mx_6.10.0.202311202037\\db\/mcu/
2024-05-13 18:25:40,515 [INFO] ApiDb:274 - Set plugin database path to: C:\ST\STM32CubeIDE_1.14.1\STM32CubeIDE\plugins\com.st.stm32cube.common.mx_6.10.0.202311202037\\db\/plugins/boardmanager/
2024-05-13 18:25:40,516 [INFO] ApiDb:261 - Set plugin images path to: C:\ST\STM32CubeIDE_1.14.1\STM32CubeIDE\plugins\com.st.stm32cube.common.mx_6.10.0.202311202037\\db\/plugins/mcufinder/images/
2024-05-13 18:25:40,516 [WARN] DbFile:41 - Overriding database path with different value: C:\Users\tkach\.stmcufinder\plugins\mcufinder/ => C:\Users\tkach\.stmcufinder\plugins\mcufinder
2024-05-13 18:25:40,516 [INFO] ApiDb:250 - Set database path to: C:\Users\tkach\.stmcufinder\plugins\mcufinder//mcu/
2024-05-13 18:25:40,516 [WARN] DbFile:41 - Overriding database path with different value: C:\Users\tkach\.stmcufinder\plugins\mcufinder/ => C:\Users\tkach\.stmcufinder\plugins\mcufinder
2024-05-13 18:25:40,517 [INFO] DbMcusAds:125 - Set database path to: C:\Users\tkach\.stmcufinder\plugins\mcufinder//mcu/
2024-05-13 18:25:40,517 [WARN] DbFile:41 - Overriding database path with different value: C:\Users\tkach\.stmcufinder\plugins\mcufinder/ => C:\Users\tkach\.stmcufinder\plugins\mcufinder
2024-05-13 18:25:40,517 [WARN] DbFile:41 - Overriding database path with different value: C:\Users\tkach\.stmcufinder\plugins\mcufinder/ => C:\Users\tkach\.stmcufinder\plugins\mcufinder
2024-05-13 18:25:40,517 [INFO] CrossReferenceDbSqlite:203 - Set database path to: C:\Users\tkach\.stmcufinder\plugins\mcufinder//mcu/cs/
2024-05-13 18:25:40,562 [INFO] ApplicationProperties:184 - Using Application install path: C:\ST\STM32CubeIDE_1.14.1\STM32CubeIDE\plugins\com.st.stm32cube.common.mx_6.10.0.202311202037
2024-05-13 18:25:40,566 [INFO] PluginManage:196 - Search for loadable plugins [exclusion list=, ]
2024-05-13 18:25:40,569 [INFO] PluginManage:310 - Check plugin analytics
2024-05-13 18:25:45,411 [INFO] AnalyticsPlugin:253 - Accepted Software Licenses: 
2024-05-13 18:25:45,411 [INFO] AnalyticsPlugin:255 - Accepted CMSIS Pack Licenses: 
2024-05-13 18:25:45,412 [INFO] AnalyticsPlugin:257 - Accepted Firmware Licenses: 
2024-05-13 18:25:45,417 [INFO] PluginManage:359 - Loaded plugin analytics (category:tool,tabindex:-1)
2024-05-13 18:25:45,417 [INFO] PluginManage:310 - Check plugin cadmodel
2024-05-13 18:25:45,424 [INFO] CADModel:105 - Init CAD model plugin
2024-05-13 18:25:45,424 [INFO] PluginManage:359 - Loaded plugin cadmodel (category:power,tabindex:5)
2024-05-13 18:25:45,424 [INFO] PluginManage:310 - Check plugin clock
2024-05-13 18:25:45,442 [INFO] PluginManage:359 - Loaded plugin clock (category:base,tabindex:2)
2024-05-13 18:25:45,442 [INFO] PluginManage:310 - Check plugin ddr
2024-05-13 18:25:45,446 [INFO] PluginManage:359 - Loaded plugin ddr (category:tool,tabindex:6)
2024-05-13 18:25:45,446 [INFO] PluginManage:310 - Check plugin filemanager
2024-05-13 18:25:45,629 [INFO] PluginManage:359 - Loaded plugin filemanager (category:base,tabindex:10)
2024-05-13 18:25:45,629 [INFO] PluginManage:310 - Check plugin ipmanager
2024-05-13 18:25:45,638 [INFO] PluginManage:359 - Loaded plugin ipmanager (category:base,tabindex:5)
2024-05-13 18:25:45,639 [INFO] PluginManage:310 - Check plugin lpbam
2024-05-13 18:25:45,648 [INFO] PluginManage:359 - Loaded plugin lpbam (category:base,tabindex:0)
2024-05-13 18:25:45,649 [INFO] PluginManage:310 - Check plugin memorymap
2024-05-13 18:25:45,678 [INFO] PluginManage:359 - Loaded plugin memorymap (category:base,tabindex:4)
2024-05-13 18:25:45,678 [INFO] PluginManage:310 - Check plugin pinoutandconfiguration
2024-05-13 18:25:45,689 [INFO] PluginManage:359 - Loaded plugin pinoutandconfiguration (category:base,tabindex:1)
2024-05-13 18:25:45,689 [INFO] PluginManage:310 - Check plugin pinoutconfig
2024-05-13 18:25:45,817 [WARN] SupportedApi:132 - Cannot load RTOS API schema: s4s-elt-must-match.1: The content of 'definitions' must match (annotation?, (simpleType | complexType)?, (unique | key | keyref)*)). A problem was found starting at: attribute.
2024-05-13 18:25:45,994 [INFO] PluginManage:359 - Loaded plugin pinoutconfig (category:base,tabindex:0)
2024-05-13 18:25:45,994 [INFO] PluginManage:310 - Check plugin power
2024-05-13 18:25:46,017 [INFO] PluginManage:359 - Loaded plugin power (category:power,tabindex:4)
2024-05-13 18:25:46,017 [INFO] PluginManage:310 - Check plugin projectmanager
2024-05-13 18:25:46,047 [INFO] PluginManage:359 - Loaded plugin projectmanager (category:projectmanager,tabindex:3)
2024-05-13 18:25:46,048 [INFO] PluginManage:310 - Check plugin thirdparty
2024-05-13 18:25:46,319 [INFO] PluginManage:359 - Loaded plugin thirdparty (category:base,tabindex:-1)
2024-05-13 18:25:46,319 [WARN] IntegrityCheckThread:84 - waiting for thirdparty lock release [integrity check]
2024-05-13 18:25:46,320 [INFO] PluginManage:310 - Check plugin tools
2024-05-13 18:25:46,320 [INFO] IntegrityCheckThread:86 - entering critical section [integrity check]
2024-05-13 18:25:46,321 [INFO] ThirdPartyUpdaterWithRetryManager:70 - Updater plugin not ready yet. [1/15]
2024-05-13 18:25:46,324 [INFO] PluginManage:359 - Loaded plugin tools (category:base,tabindex:7)
2024-05-13 18:25:46,325 [INFO] PluginManage:310 - Check plugin tutovideos
2024-05-13 18:25:46,692 [INFO] PluginManage:359 - Loaded plugin tutovideos (category:base,tabindex:-1)
2024-05-13 18:25:46,692 [INFO] PluginManage:310 - Check plugin updater
2024-05-13 18:25:46,708 [INFO] PluginManage:359 - Loaded plugin updater (category:base,tabindex:12)
2024-05-13 18:25:46,708 [INFO] PluginManage:310 - Check plugin userauth
2024-05-13 18:25:46,716 [INFO] UserAuth:114 - Init User Auth plugin
2024-05-13 18:25:46,716 [INFO] PluginManage:359 - Loaded plugin userauth (category:base,tabindex:14)
2024-05-13 18:25:46,716 [INFO] PluginManage:283 - PluginManage : Loaded plugins [17]
2024-05-13 18:25:47,076 [INFO] PinOutPanel:1499 - setPackage(No Configuration,No Configuration)
2024-05-13 18:25:47,257 [INFO] CADModel:165 - CPN selected for project level
2024-05-13 18:25:47,257 [INFO] CADModel:114 - Register for checkConnection events
2024-05-13 18:25:47,299 [INFO] IPUIPlugin:80 - create IPUIPlugin
2024-05-13 18:25:47,299 [INFO] PluginManager:220 - loadIPPluginJar : add adc
2024-05-13 18:25:47,306 [INFO] IPUIPlugin:80 - create IPUIPlugin
2024-05-13 18:25:47,306 [INFO] PluginManager:220 - loadIPPluginJar : add aes
2024-05-13 18:25:47,315 [INFO] IPUIPlugin:80 - create IPUIPlugin
2024-05-13 18:25:47,316 [INFO] PluginManager:220 - loadIPPluginJar : add can
2024-05-13 18:25:47,321 [INFO] IPUIPlugin:80 - create IPUIPlugin
2024-05-13 18:25:47,322 [INFO] PluginManager:220 - loadIPPluginJar : add comp
2024-05-13 18:25:47,329 [INFO] IPUIPlugin:80 - create IPUIPlugin
2024-05-13 18:25:47,329 [INFO] PluginManager:220 - loadIPPluginJar : add cryp
2024-05-13 18:25:47,336 [INFO] IPUIPlugin:80 - create IPUIPlugin
2024-05-13 18:25:47,337 [INFO] PluginManager:220 - loadIPPluginJar : add dfsdm
2024-05-13 18:25:47,352 [INFO] IPUIPlugin:80 - create IPUIPlugin
2024-05-13 18:25:47,353 [INFO] PluginManager:220 - loadIPPluginJar : add dma
2024-05-13 18:25:47,361 [INFO] IPUIPlugin:80 - create IPUIPlugin
2024-05-13 18:25:47,361 [INFO] PluginManager:220 - loadIPPluginJar : add dma3
2024-05-13 18:25:47,365 [INFO] IPUIPlugin:80 - create IPUIPlugin
2024-05-13 18:25:47,366 [INFO] PluginManager:220 - loadIPPluginJar : add fatfs
2024-05-13 18:25:47,378 [INFO] IPUIPlugin:80 - create IPUIPlugin
2024-05-13 18:25:47,378 [INFO] PluginManager:220 - loadIPPluginJar : add fmc
2024-05-13 18:25:47,391 [INFO] IPUIPlugin:80 - create IPUIPlugin
2024-05-13 18:25:47,391 [INFO] PluginManager:220 - loadIPPluginJar : add freertos
2024-05-13 18:25:47,396 [INFO] IPUIPlugin:80 - create IPUIPlugin
2024-05-13 18:25:47,397 [INFO] PluginManager:220 - loadIPPluginJar : add genericplugin
2024-05-13 18:25:47,404 [INFO] IPUIPlugin:80 - create IPUIPlugin
2024-05-13 18:25:47,404 [INFO] PluginManager:220 - loadIPPluginJar : add gfxmmu
2024-05-13 18:25:47,418 [INFO] IPUIPlugin:80 - create IPUIPlugin
2024-05-13 18:25:47,419 [INFO] PluginManager:220 - loadIPPluginJar : add gic
2024-05-13 18:25:47,428 [INFO] IPUIPlugin:80 - create IPUIPlugin
2024-05-13 18:25:47,428 [INFO] PluginManager:220 - loadIPPluginJar : add gpio
2024-05-13 18:25:47,435 [INFO] IPUIPlugin:80 - create IPUIPlugin
2024-05-13 18:25:47,436 [INFO] PluginManager:220 - loadIPPluginJar : add gtzc
2024-05-13 18:25:47,441 [INFO] IPUIPlugin:80 - create IPUIPlugin
2024-05-13 18:25:47,441 [INFO] PluginManager:220 - loadIPPluginJar : add hash
2024-05-13 18:25:47,448 [INFO] IPUIPlugin:80 - create IPUIPlugin
2024-05-13 18:25:47,448 [INFO] PluginManager:220 - loadIPPluginJar : add i2c
2024-05-13 18:25:47,455 [INFO] IPUIPlugin:80 - create IPUIPlugin
2024-05-13 18:25:47,455 [INFO] PluginManager:220 - loadIPPluginJar : add i2s
2024-05-13 18:25:47,462 [INFO] IPUIPlugin:80 - create IPUIPlugin
2024-05-13 18:25:47,463 [INFO] PluginManager:220 - loadIPPluginJar : add i3c
2024-05-13 18:25:47,470 [INFO] IPUIPlugin:80 - create IPUIPlugin
2024-05-13 18:25:47,470 [INFO] PluginManager:220 - loadIPPluginJar : add ipddr
2024-05-13 18:25:47,487 [INFO] IPUIPlugin:80 - create IPUIPlugin
2024-05-13 18:25:47,487 [INFO] PluginManager:220 - loadIPPluginJar : add linkedlist
2024-05-13 18:25:47,495 [INFO] IPUIPlugin:80 - create IPUIPlugin
2024-05-13 18:25:47,495 [INFO] PluginManager:220 - loadIPPluginJar : add lorawan
2024-05-13 18:25:47,500 [INFO] IPUIPlugin:80 - create IPUIPlugin
2024-05-13 18:25:47,500 [INFO] PluginManager:220 - loadIPPluginJar : add ltdc
2024-05-13 18:25:47,515 [INFO] IPUIPlugin:80 - create IPUIPlugin
2024-05-13 18:25:47,515 [INFO] PluginManager:220 - loadIPPluginJar : add mdma
2024-05-13 18:25:47,525 [INFO] IPUIPlugin:80 - create IPUIPlugin
2024-05-13 18:25:47,526 [INFO] PluginManager:220 - loadIPPluginJar : add nvic
2024-05-13 18:25:47,534 [INFO] IPUIPlugin:80 - create IPUIPlugin
2024-05-13 18:25:47,534 [INFO] PluginManager:220 - loadIPPluginJar : add opamp
2024-05-13 18:25:47,544 [INFO] IPUIPlugin:80 - create IPUIPlugin
2024-05-13 18:25:47,544 [INFO] PluginManager:220 - loadIPPluginJar : add openamp
2024-05-13 18:25:47,554 [INFO] IPUIPlugin:80 - create IPUIPlugin
2024-05-13 18:25:47,554 [INFO] PluginManager:220 - loadIPPluginJar : add pdm2pcm
2024-05-13 18:25:47,570 [INFO] IPUIPlugin:80 - create IPUIPlugin
2024-05-13 18:25:47,575 [INFO] PluginManager:220 - loadIPPluginJar : add plateformsettings
2024-05-13 18:25:47,580 [INFO] IPUIPlugin:80 - create IPUIPlugin
2024-05-13 18:25:47,581 [INFO] PluginManager:220 - loadIPPluginJar : add quadspi
2024-05-13 18:25:47,591 [INFO] IPUIPlugin:80 - create IPUIPlugin
2024-05-13 18:25:47,591 [INFO] PluginManager:220 - loadIPPluginJar : add resmgrutility
2024-05-13 18:25:47,599 [INFO] IPUIPlugin:80 - create IPUIPlugin
2024-05-13 18:25:47,599 [INFO] PluginManager:220 - loadIPPluginJar : add sai
2024-05-13 18:25:47,606 [INFO] IPUIPlugin:80 - create IPUIPlugin
2024-05-13 18:25:47,607 [INFO] PluginManager:220 - loadIPPluginJar : add spi
2024-05-13 18:25:47,620 [INFO] IPUIPlugin:80 - create IPUIPlugin
2024-05-13 18:25:47,620 [INFO] PluginManager:220 - loadIPPluginJar : add stm32_wpan
2024-05-13 18:25:47,625 [INFO] IPUIPlugin:80 - create IPUIPlugin
2024-05-13 18:25:47,625 [INFO] PluginManager:220 - loadIPPluginJar : add tim
2024-05-13 18:25:47,632 [INFO] IPUIPlugin:80 - create IPUIPlugin
2024-05-13 18:25:47,632 [INFO] PluginManager:220 - loadIPPluginJar : add touchsensing
2024-05-13 18:25:47,637 [INFO] IPUIPlugin:80 - create IPUIPlugin
2024-05-13 18:25:47,637 [INFO] PluginManager:220 - loadIPPluginJar : add tracer_emb
2024-05-13 18:25:47,643 [INFO] IPUIPlugin:80 - create IPUIPlugin
2024-05-13 18:25:47,644 [INFO] PluginManager:220 - loadIPPluginJar : add ts
2024-05-13 18:25:47,649 [INFO] IPUIPlugin:80 - create IPUIPlugin
2024-05-13 18:25:47,650 [INFO] PluginManager:220 - loadIPPluginJar : add tsc
2024-05-13 18:25:47,656 [INFO] IPUIPlugin:80 - create IPUIPlugin
2024-05-13 18:25:47,656 [INFO] PluginManager:220 - loadIPPluginJar : add ucpd
2024-05-13 18:25:47,663 [INFO] IPUIPlugin:80 - create IPUIPlugin
2024-05-13 18:25:47,663 [INFO] PluginManager:220 - loadIPPluginJar : add usart
2024-05-13 18:25:47,671 [INFO] IPUIPlugin:80 - create IPUIPlugin
2024-05-13 18:25:47,671 [INFO] PluginManager:220 - loadIPPluginJar : add usbx
2024-05-13 18:25:47,876 [INFO] CADModel:165 - CPN selected for project level
2024-05-13 18:25:47,876 [INFO] CADModel:114 - Register for checkConnection events
2024-05-13 18:25:47,877 [FATAL] Updater:308 - Updater called before beeing initialized
2024-05-13 18:25:47,877 [ERROR] CADModel:125 - Updater not yet initialized, retry later 
2024-05-13 18:25:48,087 [INFO] CADModel:165 - CPN selected for project level
2024-05-13 18:25:48,087 [INFO] CADModel:114 - Register for checkConnection events
2024-05-13 18:25:48,087 [FATAL] Updater:308 - Updater called before beeing initialized
2024-05-13 18:25:48,088 [ERROR] CADModel:125 - Updater not yet initialized, retry later 
2024-05-13 18:25:48,093 [FATAL] Updater:308 - Updater called before beeing initialized
2024-05-13 18:25:48,261 [FATAL] Updater:308 - Updater called before beeing initialized
2024-05-13 18:25:48,266 [INFO] DbMcusAds:53 - JSON generation date=Thu May 02 11:37:29 EEST 2024 (1714639049318)
2024-05-13 18:25:48,266 [FATAL] Updater:308 - Updater called before beeing initialized
2024-05-13 18:25:48,320 [WARN] DetailPanel:346 - Failed to get advertising image, set to default
2024-05-13 18:25:48,438 [FATAL] Updater:308 - Updater called before beeing initialized
2024-05-13 18:25:48,441 [FATAL] Updater:308 - Updater called before beeing initialized
2024-05-13 18:25:48,441 [FATAL] Updater:308 - Updater called before beeing initialized
2024-05-13 18:25:48,441 [WARN] DetailPanel:346 - Failed to get advertising image, set to default
2024-05-13 18:25:48,442 [FATAL] Updater:308 - Updater called before beeing initialized
2024-05-13 18:25:48,505 [ERROR] Updater:1120 - MainUpdater not yet initialized. External WinMGr cannot be set.
2024-05-13 18:25:48,508 [INFO] Updater:1056 - Updater Version found : 6.10.0
2024-05-13 18:25:48,533 [INFO] ApplicationProperties:184 - Using Application install path: C:\ST\STM32CubeIDE_1.14.1\STM32CubeIDE\plugins\com.st.stm32cube.common.mx_6.10.0.202311202037
2024-05-13 18:25:49,322 [INFO] ThirdPartyUpdaterWithRetryManager:70 - Updater plugin not ready yet. [2/15]
2024-05-13 18:25:50,134 [ERROR] LogOutputStream:75 - [STDERR_REDIRECT] May 13, 2024 6:25:50 PM java.util.prefs.WindowsPreferences <init>
2024-05-13 18:25:50,145 [ERROR] LogOutputStream:75 - [STDERR_REDIRECT] WARNING: Could not open/create prefs root node Software\JavaSoft\Prefs at root 0xffffffff80000002. Windows RegCreateKeyEx(...) returned error code 5.
2024-05-13 18:25:50,145 [ERROR] LogOutputStream:75 - [STDERR_REDIRECT] 
2024-05-13 18:25:50,470 [INFO] MainUpdater:2873 - connection check result : 10
2024-05-13 18:25:50,471 [INFO] MainUpdater:3567 - Updater definition file requires update
2024-05-13 18:25:50,472 [INFO] MainUpdater:290 - Updater Check For Update Now.
2024-05-13 18:25:50,473 [INFO] MicroXplorer:498 - Change Database Version : DB.6.0.100
2024-05-13 18:25:50,488 [INFO] McuFinderGlobals:63 - Set McuFinder mode to 2 (CubeIDE integrated)
2024-05-13 18:25:50,498 [INFO] ServerAccessManage:473 - Download File updaters.zip
2024-05-13 18:25:50,599 [INFO] FileExtend:240 - Unzip File : updaters.zip
2024-05-13 18:25:50,600 [INFO] FileExtend:255 - Standard Zip Deflate
2024-05-13 18:25:50,986 [INFO] UserAuth:404 - Internet connection configuration mode: 1
2024-05-13 18:25:51,021 [INFO] JxBrowserEngine:152 - Initiate JxBrowser Engine with user profile folder
2024-05-13 18:25:51,256 [INFO] ServerAccessManage:473 - Download File PacksControlFlags.xml
2024-05-13 18:25:51,341 [INFO] ServerAccessManage:473 - Download File cubemx.pidx
2024-05-13 18:25:51,539 [INFO] LoadServerUpdatesThread:375 - End of LoadServerUpdate Thread
2024-05-13 18:25:51,804 [INFO] CheckServerUpdateThread:120 - End of CheckServer Thread
2024-05-13 18:25:52,512 [INFO] WebApp:161 - Instantiating new browser for Auth
2024-05-13 18:25:52,786 [WARN] PackLoader:240 - Cannot read IP mode file for STMicroelectronics.FP-SNS-MOTENVWB1.1.4.0
2024-05-13 18:25:52,819 [WARN] PackLoader:240 - Cannot read IP mode file for STMicroelectronics.X-CUBE-SMBUS.2.1.0
2024-05-13 18:25:52,829 [WARN] PackLoader:240 - Cannot read IP mode file for STMicroelectronics.X-CUBE-TOUCHGFX.4.23.0
2024-05-13 18:25:52,838 [WARN] PackLoader:240 - Cannot read IP mode file for STMicroelectronics.X-CUBE-TOUCHGFX.4.23.2
2024-05-13 18:25:52,919 [WARN] PackLoader:240 - Cannot read IP mode file for STMicroelectronics.X-CUBE-AZRTOS-F7.1.1.0
2024-05-13 18:25:52,943 [WARN] PackLoader:240 - Cannot read IP mode file for STMicroelectronics.FP-SNS-MOTENV1.4.3.2
2024-05-13 18:25:52,959 [WARN] PackLoader:240 - Cannot read IP mode file for STMicroelectronics.FP-SNS-FLIGHT1.5.0.2
2024-05-13 18:25:52,974 [WARN] PackLoader:240 - Cannot read IP mode file for STMicroelectronics.X-CUBE-DISPLAY.3.0.0
2024-05-13 18:25:53,005 [WARN] PackLoader:240 - Cannot read IP mode file for STMicroelectronics.X-CUBE-BLE1.7.0.0
2024-05-13 18:25:53,019 [WARN] PackLoader:240 - Cannot read IP mode file for emotas.I-CUBE-CANOPEN.1.3.0
2024-05-13 18:25:53,044 [WARN] PackLoader:240 - Cannot read IP mode file for STMicroelectronics.X-CUBE-BLEMGR.3.1.0
2024-05-13 18:25:53,071 [WARN] PackLoader:240 - Cannot read IP mode file for STMicroelectronics.FP-SNS-SMARTAG2.1.2.0
2024-05-13 18:25:53,099 [INFO] LogOutputStream:77 - [STDOUT_REDIRECT] 1 : Invalid condition id : UX_CORESTACK_Condition cause : null
2024-05-13 18:25:53,101 [INFO] LogOutputStream:77 - [STDOUT_REDIRECT] 1 : Invalid condition id : UX_CORESTACK_Condition cause : null
2024-05-13 18:25:53,104 [INFO] LogOutputStream:77 - [STDOUT_REDIRECT] 1 : Invalid condition id : UX_CORESTACK_Condition cause : null
2024-05-13 18:25:53,106 [INFO] LogOutputStream:77 - [STDOUT_REDIRECT] 1 : Invalid condition id : UX_CORESTACK_Condition cause : null
2024-05-13 18:25:53,109 [INFO] LogOutputStream:77 - [STDOUT_REDIRECT] 1 : Invalid condition id : UX_CORESTACK_Condition cause : null
2024-05-13 18:25:53,114 [WARN] PackLoader:240 - Cannot read IP mode file for STMicroelectronics.X-CUBE-AZRTOS-WL.2.0.0
2024-05-13 18:25:53,131 [WARN] PackLoader:240 - Cannot read IP mode file for STMicroelectronics.FP-SNS-MOTENV1.5.0.0
2024-05-13 18:25:53,160 [WARN] PackLoader:240 - Cannot read IP mode file for WES.I-CUBE-Cesium.1.3.0
2024-05-13 18:25:53,171 [WARN] PackLoader:240 - Cannot read IP mode file for STMicroelectronics.X-CUBE-BLE2.3.3.0
2024-05-13 18:25:53,186 [WARN] PackLoader:240 - Cannot read IP mode file for STMicroelectronics.X-CUBE-TCPP.4.1.0
2024-05-13 18:25:53,202 [WARN] PackLoader:240 - Cannot read IP mode file for STMicroelectronics.X-CUBE-ALGOBUILD.1.3.0
2024-05-13 18:25:53,239 [WARN] PackLoader:240 - Cannot read IP mode file for STMicroelectronics.X-CUBE-AZRTOS-G0.1.1.0
2024-05-13 18:25:53,257 [WARN] PackLoader:240 - Cannot read IP mode file for STMicroelectronics.X-CUBE-SAFEA1.1.2.2
2024-05-13 18:25:53,267 [WARN] PackLoader:240 - Cannot read IP mode file for STMicroelectronics.X-CUBE-NFC4.3.0.0
2024-05-13 18:25:53,289 [WARN] PackLoader:240 - Cannot read IP mode file for STMicroelectronics.X-CUBE-BLEMGR.3.0.0
2024-05-13 18:25:53,303 [WARN] PackLoader:240 - Cannot read IP mode file for STMicroelectronics.FP-ATR-SIGFOX1.3.2.0
2024-05-13 18:25:53,316 [WARN] PackLoader:240 - Cannot read IP mode file for STMicroelectronics.X-CUBE-EEPRMA1.5.1.0
2024-05-13 18:25:53,393 [WARN] PackLoader:240 - Cannot read IP mode file for SEGGER.I-CUBE-embOS.1.3.1
2024-05-13 18:25:53,502 [WARN] PackLoader:240 - Cannot read IP mode file for STMicroelectronics.X-CUBE-ALGOBUILD.1.4.0
2024-05-13 18:25:53,514 [WARN] PackLoader:240 - Cannot read IP mode file for STMicroelectronics.X-CUBE-GNSS1.6.0.0
2024-05-13 18:25:53,559 [WARN] PackLoader:240 - Cannot read IP mode file for STMicroelectronics.X-CUBE-AZRTOS-F4.1.1.0
2024-05-13 18:25:53,575 [WARN] PackLoader:240 - Cannot read IP mode file for STMicroelectronics.X-CUBE-FREERTOS.1.2.0
2024-05-13 18:25:53,585 [WARN] PackLoader:240 - Cannot read IP mode file for wolfSSL.I-CUBE-wolfSSL.5.6.6
2024-05-13 18:25:53,639 [WARN] PackLoader:240 - Cannot read IP mode file for STMicroelectronics.X-CUBE-AZRTOS-L5.2.0.0
2024-05-13 18:25:53,664 [WARN] PackLoader:240 - Cannot read IP mode file for STMicroelectronics.X-CUBE-EEPRMA1.4.2.0
2024-05-13 18:25:53,684 [WARN] PackLoader:240 - Cannot read IP mode file for STMicroelectronics.X-CUBE-NFC6.3.1.0
2024-05-13 18:25:53,697 [WARN] PackLoader:240 - Cannot read IP mode file for ITTIA_DB.I-CUBE-ITTIADB.8.8.0
2024-05-13 18:25:53,706 [WARN] PackLoader:240 - Cannot read IP mode file for STMicroelectronics.X-CUBE-AI.9.0.0
2024-05-13 18:25:53,715 [WARN] PackLoader:240 - Cannot read IP mode file for STMicroelectronics.X-CUBE-NFC7.1.0.1
2024-05-13 18:25:53,727 [WARN] PackLoader:240 - Cannot read IP mode file for STMicroelectronics.X-CUBE-NFC6.3.0.0
2024-05-13 18:25:53,739 [WARN] PackLoader:240 - Cannot read IP mode file for STMicroelectronics.X-CUBE-AI.8.1.0
2024-05-13 18:25:53,771 [WARN] ConditionMgr:438 - getConditionDescription Invalid condition id : LAN8742 Phy interface Condition cause : null
2024-05-13 18:25:53,772 [WARN] PackLoader:240 - Cannot read IP mode file for STMicroelectronics.X-CUBE-AZRTOS-L4.2.0.0
2024-05-13 18:25:53,775 [WARN] ConditionMgr:1039 - genDependencies : Invalid condition id : LAN8742 Phy interface Condition cause : null
2024-05-13 18:25:53,776 [WARN] ConditionMgr:1039 - genDependencies : Invalid condition id : LAN8742 Phy interface Condition cause : null
2024-05-13 18:25:53,777 [WARN] ConditionMgr:1039 - genDependencies : Invalid condition id : LAN8742 Phy interface Condition cause : null
2024-05-13 18:25:53,792 [WARN] PackLoader:240 - Cannot read IP mode file for STMicroelectronics.X-CUBE-SFXS2LP1.4.0.0
2024-05-13 18:25:53,815 [WARN] ConditionMgr:438 - getConditionDescription Invalid condition id : UX DEVICE CLASS RTOS Condition cause : null
2024-05-13 18:25:53,816 [WARN] ConditionMgr:438 - getConditionDescription Invalid condition id : UX DEVICE CLASS RTOS Condition cause : null
2024-05-13 18:25:53,820 [WARN] PackLoader:240 - Cannot read IP mode file for STMicroelectronics.X-CUBE-AZRTOS-WB.2.0.0
2024-05-13 18:25:53,821 [WARN] ConditionMgr:1039 - genDependencies : Invalid condition id : UX DEVICE CLASS RTOS Condition cause : null
2024-05-13 18:25:53,822 [WARN] ConditionMgr:1039 - genDependencies : Invalid condition id : UX DEVICE CLASS RTOS Condition cause : null
2024-05-13 18:25:53,822 [WARN] ConditionMgr:1039 - genDependencies : Invalid condition id : UX DEVICE CLASS RTOS Condition cause : null
2024-05-13 18:25:53,823 [WARN] ConditionMgr:1039 - genDependencies : Invalid condition id : UX DEVICE CLASS RTOS Condition cause : null
2024-05-13 18:25:53,823 [WARN] ConditionMgr:1039 - genDependencies : Invalid condition id : UX DEVICE CLASS RTOS Condition cause : null
2024-05-13 18:25:53,841 [WARN] PackLoader:240 - Cannot read IP mode file for STMicroelectronics.X-CUBE-SUBG2.5.0.0
2024-05-13 18:25:53,878 [WARN] PackLoader:240 - Cannot read IP mode file for STMicroelectronics.X-CUBE-AZRTOS-G4.2.0.0
2024-05-13 18:25:53,905 [WARN] PackLoader:240 - Cannot read IP mode file for Infineon.AIROC-Wi-Fi-Bluetooth-STM32.1.5.1
2024-05-13 18:25:53,926 [WARN] PackLoader:240 - Cannot read IP mode file for STMicroelectronics.FP-SNS-MOTENVWB1.1.3.1
2024-05-13 18:25:53,946 [WARN] PackLoader:240 - Cannot read IP mode file for STMicroelectronics.X-CUBE-ISPU.2.0.0
2024-05-13 18:25:54,030 [INFO] WebApp:780 - Register for checkConnection events
2024-05-13 18:25:54,031 [INFO] WebApp:414 - Apply proxy settings
2024-05-13 18:25:54,033 [INFO] WebApp:499 - Chromium requires no authentication
2024-05-13 18:25:54,056 [INFO] WebApp:442 - Direct internet connection detected
2024-05-13 18:25:54,064 [WARN] PackLoader:240 - Cannot read IP mode file for STMicroelectronics.X-CUBE-MEMS1.10.0.0
2024-05-13 18:25:54,363 [WARN] PackLoader:240 - Cannot read IP mode file for STMicroelectronics.X-CUBE-FREERTOS.1.1.0
2024-05-13 18:25:54,376 [WARN] PackLoader:240 - Cannot read IP mode file for portGmbH.I-Cube-SoM-uGOAL.1.1.0
2024-05-13 18:25:54,394 [WARN] PackLoader:240 - Cannot read IP mode file for STMicroelectronics.X-CUBE-ALS.1.0.1
2024-05-13 18:25:54,435 [WARN] PackLoader:240 - Cannot read IP mode file for STMicroelectronics.X-CUBE-AZRTOS-H7RS.1.0.0
2024-05-13 18:25:54,448 [WARN] PackLoader:240 - Cannot read IP mode file for STMicroelectronics.FP-ATR-ASTRA1.2.0.0
2024-05-13 18:25:54,468 [WARN] PackLoader:240 - Cannot read IP mode file for STMicroelectronics.X-CUBE-TOF1.3.4.0
2024-05-13 18:25:54,505 [WARN] PackLoader:240 - Cannot read IP mode file for STMicroelectronics.X-CUBE-TOF1.3.4.1
2024-05-13 18:25:54,558 [WARN] PackLoader:240 - Cannot read IP mode file for STMicroelectronics.X-CUBE-AZRTOS-H7.3.2.0
2024-05-13 18:25:54,559 [INFO] WebApp:192 - Starting web application
2024-05-13 18:25:54,560 [INFO] WebApp:544 - Web application path used C:\ST\STM32CubeIDE_1.14.1\STM32CubeIDE\plugins\com.st.stm32cube.common.mx_6.10.0.202311202037\db\plugins\mcufinder\reactClient1\index.html
2024-05-13 18:25:54,565 [INFO] ThirdParty:978 - Integrity check success = true
2024-05-13 18:25:54,566 [INFO] IntegrityCheckThread:100 - exiting critical section [integrity check]
2024-05-13 18:25:54,566 [INFO] IntegrityCheckThread:103 - End integrity checks thread
2024-05-13 18:26:15,697 [ERROR] LogOutputStream:75 - [STDERR_REDIRECT] SLF4J: Failed to load class "org.slf4j.impl.StaticLoggerBinder".
2024-05-13 18:26:15,699 [ERROR] LogOutputStream:75 - [STDERR_REDIRECT] SLF4J: Defaulting to no-operation (NOP) logger implementation
2024-05-13 18:26:15,701 [ERROR] LogOutputStream:75 - [STDERR_REDIRECT] SLF4J: See http://www.slf4j.org/codes.html#StaticLoggerBinder for further details.
2024-05-13 22:54:28,149 [INFO] McuFinderGlobals:63 - Set McuFinder mode to 2 (CubeIDE integrated)
2024-05-13 22:54:28,153 [INFO] MainUpdater:2873 - connection check result : 10
2024-05-13 22:54:28,156 [INFO] McuFinderGlobals:76 - Set McuFinderConnectedMode to true
2024-05-13 22:54:28,760 [INFO] ServerAccessManage:473 - Download File mcusAds.json._tmp_
2024-05-13 22:54:28,870 [INFO] LoadUrlFilesThread:156 - End of LoadUrlFiles Thread
2024-05-13 22:54:29,435 [INFO] ServerAccessManage:473 - Download File cube-finder-db.zip
2024-05-13 22:54:35,112 [INFO] FileExtend:240 - Unzip File : cube-finder-db.zip
2024-05-13 22:54:35,113 [INFO] FileExtend:255 - Standard Zip Deflate
2024-05-13 22:54:35,797 [INFO] LoadUrlFilesThread:156 - End of LoadUrlFiles Thread
2024-05-13 22:54:36,285 [INFO] ServerAccessManage:473 - Download File crdb.zip
2024-05-13 22:54:36,693 [INFO] FileExtend:240 - Unzip File : crdb.zip
2024-05-13 22:54:36,694 [INFO] FileExtend:255 - Standard Zip Deflate
2024-05-13 22:54:36,820 [INFO] LoadUrlFilesThread:156 - End of LoadUrlFiles Thread
2024-05-13 22:54:36,946 [INFO] ServerAccessManage:473 - Download File tutoVideoDB.zip
2024-05-13 22:54:36,970 [INFO] FileExtend:240 - Unzip File : tutoVideoDB.zip
2024-05-13 22:54:36,971 [INFO] FileExtend:255 - Standard Zip Deflate
2024-05-13 22:54:37,078 [INFO] LoadUrlFilesThread:156 - End of LoadUrlFiles Thread
2024-05-13 22:54:37,079 [WARN] DbFile:41 - Overriding database path with different value: C:\Users\tkach\.stmcufinder\plugins\mcufinder/ => C:\Users\tkach\.stmcufinder\plugins\mcufinder
2024-05-13 22:54:37,201 [INFO] ServerAccessManage:473 - Download File api_config.json
2024-05-13 22:54:37,315 [INFO] LoadUrlFilesThread:156 - End of LoadUrlFiles Thread
2024-05-13 22:54:37,316 [INFO] DbMcusAds:53 - JSON generation date=Thu May 02 11:37:29 EEST 2024 (1714639049318)
2024-05-13 22:54:37,348 [INFO] LoadUrlFilesThread:185 - End of LoadServerUrlFiles without Thread
2024-05-13 22:54:37,349 [INFO] TargetSelectorAdapter:259 - Refresh data is successful
2024-05-13 22:54:37,546 [INFO] ApiDb:581 - Connected to CubeFinder SQLite database (C:\Users\tkach\.stmcufinder\plugins\mcufinder\mcu\cube-finder-db.db)
2024-05-13 22:54:37,601 [INFO] ApiDb:668 - CubeFinder database Data Model version=2.1
2024-05-13 22:54:37,601 [INFO] ApiDb:669 - CubeFinder database Configuration version=3.0.39
2024-05-13 22:54:37,602 [INFO] ApiDb:670 - CubeFinder database generation date=2024-04-15 (1713193726)
2024-05-13 22:54:37,602 [INFO] ApiDb:671 - CubeFinder database FW Pack versions=[FP-ATR-ASTRA1_V2.0.0, FP-SNS-FLIGHT1_V5.0.1, FP-SNS-FLIGHT1_V5.0.2, FP-SNS-MOTENV1_V4.3.1, FP-SNS-MOTENV1_V4.3.2, FP-SNS-MOTENVWB1_V1.3.1, FP-SNS-SMARTAG2_V1.2.0, STM32Cube_FW_C0_V1.1.0, STM32Cube_FW_F4_V1.28.0, STM32Cube_FW_F7_V1.17.0, STM32Cube_FW_G0_V1.6.2, STM32Cube_FW_G4_V1.5.2, STM32Cube_FW_H5_V0.5.1, STM32Cube_FW_H5_V1.1.1, STM32Cube_FW_H5_V1.2.0, STM32Cube_FW_H5_V1.2.0RC4, STM32Cube_FW_H7RS_V1.0.0, STM32Cube_FW_H7RS_V1.0.0RC4, STM32Cube_FW_H7_V1.11.0, STM32Cube_FW_L0_V1.12.2, STM32Cube_FW_L5_V1.5.1, STM32Cube_FW_U0_V1.0.0, STM32Cube_FW_U0_V1.0.0RC1, STM32Cube_FW_U5_V1.3.0RC4, STM32Cube_FW_U5_V1.5.0, STM32Cube_FW_U5_V1.5.0RC1, STM32Cube_FW_WBA_V1.0.0RC1, STM32Cube_FW_WBA_V1.2.0, STM32Cube_FW_WBA_V1.2.0RC2, STM32Cube_FW_WBA_V1.3.0, STM32Cube_FW_WBA_V1.3.0RC1, STM32Cube_FW_WB_V1.15.0RC1, STM32Cube_FW_WB_V1.16.0, STM32Cube_FW_WB_V1.16.0RC2, STM32Cube_FW_WB_V1.18.0, STM32Cube_FW_WB_V1.19.0, STM32Cube_FW_WL_V1.3.0, X-CUBE-ALGOBUILD_V1.3.0, X-CUBE-ALS_V1.0.1, X-CUBE-AZRTOS-F4_V1.1.0, X-CUBE-AZRTOS-F7_V1.1.0, X-CUBE-AZRTOS-G0_V1.1.0, X-CUBE-AZRTOS-G4_V2.0.0, X-CUBE-AZRTOS-H7_V3.2.0, X-CUBE-AZRTOS-L4_V1.0.0, X-CUBE-AZRTOS-L4_V2.0.0, X-CUBE-AZRTOS-L5_V1.1.0, X-CUBE-AZRTOS-WB_V2.0.0, X-CUBE-AZRTOS-WL_V2.0.0, X-CUBE-BLE1_V7.0.0, X-CUBE-BLE2_V3.3.0, X-CUBE-BLEMGR_V3.1.0, X-CUBE-EEPRMA1_V4.1.0, X-CUBE-EEPRMA1_V5.1.0, X-CUBE-FREERTOS_V1.1.0, X-CUBE-GNSS1_V6.0.0, X-CUBE-MEMS1_V10.0.0, X-CUBE-MEMS1_V9.1.0, X-CUBE-MEMS1_V9.4.0, X-CUBE-MEMS1_V9.6.0, X-CUBE-NFC4_V3.0.0, X-CUBE-NFC7_V1.0.1, X-CUBE-SFXS2LP1_V4.0.0, X-CUBE-SUBG2_V5.0.0, X-CUBE-TOF1_V3.4.0]
2024-05-13 22:54:39,455 [INFO] ApiDb:240 - Found 371 in-development CPN: [B-G473E-ZEST1S, B-WB1M-WPAN1, B-WL5M-SUBG1, NUCLEO-C031C6, NUCLEO-H503RB, NUCLEO-H563ZI, NUCLEO-U545RE-Q, NUCLEO-U5A5ZJ-Q, NUCLEO-WBA52CG, NUCLEO-WBA55CG, STEVAL-MKBOXPRO, STEVAL-PROTEUS1, STEVAL-STWINBX1, STM320518-EVAL, STM32C0116-DK, STM32C011D6Y3TR, STM32C011D6Y6TR, STM32C011F4P3, STM32C011F4P6, STM32C011F4U3, STM32C011F4U6TR, STM32C011F6P3, STM32C011F6P6, STM32C011F6U3, STM32C011F6U6TR, STM32C011J4M3, STM32C011J4M6, STM32C011J6M3, STM32C011J6M6, STM32C0316-DK, STM32C031C4T3, STM32C031C4T6, STM32C031C4U3, STM32C031C4U6, STM32C031C6T3, STM32C031C6T6, STM32C031C6U3, STM32C031C6U6, STM32C031F4P3, STM32C031F4P6, STM32C031F6P3, STM32C031F6P6, STM32C031G4U3, STM32C031G4U6, STM32C031G6U3, STM32C031G6U6, STM32C031K4T3, STM32C031K4T6, STM32C031K4U3, STM32C031K4U6, STM32C031K6T3, STM32C031K6T6, STM32C031K6U3, STM32C031K6U6, STM32G071K8TXN, STM32G071K8UXN, STM32G081GBU6N, STM32G081KBT6N, STM32G081KBUXN, STM32G0B1CCT6N, STM32G0B1KCT6, STM32G0B1NEY6TR, STM32G0B1RCT6N, STM32G0C1CCT6, STM32G0C1CCT6N, STM32G0C1CCU6N, STM32G0C1CET6N, STM32G0C1CEU6N, STM32G0C1KCT6, STM32G0C1NEY6TR, STM32G0C1RCI6N, STM32G0C1RCT6N, STM32G0C1REI6N, STM32G0C1RET6N, STM32G0C1VCI6, STM32G0C1VEI6, STM32G471CCT6, STM32G471CCU6, STM32G471CET3, STM32G471CET6, STM32G471CEU3, STM32G471CEU6, STM32G471MCT6, STM32G471MET3, STM32G471MET6, STM32G471MEY6TR, STM32G471QCT6, STM32G471QET3, STM32G471RCT6, STM32G471RET3, STM32G471RET6, STM32G471VCH6, STM32G471VCI6, STM32G471VCT6, STM32G471VEH3, STM32G471VEH6, STM32G471VEI3, STM32G471VEI6, STM32G471VET3, STM32G471VET6, STM32G474CCT6, STM32H503CBT6, STM32H503CBU6, STM32H503EBY6TR, STM32H503KBU6, STM32H503RBT6, STM32H562AGI6, STM32H562AII6, STM32H562IGK6, STM32H562IGT6, STM32H562IIK6, STM32H562IIT6, STM32H562RGT6, STM32H562RGV6, STM32H562RIT6, STM32H562RIV6, STM32H562VGT6, STM32H562VIT6, STM32H562ZGT6, STM32H562ZIT6, STM32H563AGI6, STM32H563AII3Q, STM32H563AII6, STM32H563IGK6, STM32H563IGT6, STM32H563IIK3Q, STM32H563IIK6, STM32H563IIT3Q, STM32H563IIT6, STM32H563MIY3QTR, STM32H563RGT6, STM32H563RGV6, STM32H563RIT6, STM32H563RIV6, STM32H563VGT6, STM32H563VIT3Q, STM32H563VIT6, STM32H563ZGT6, STM32H563ZIT3Q, STM32H563ZIT6, STM32H573AII3Q, STM32H573AII6, STM32H573I-DK, STM32H573IIK3Q, STM32H573IIK6, STM32H573IIT3Q, STM32H573IIT6, STM32H573MIY3QTR, STM32H573RIT6, STM32H573RIV6, STM32H573VIT3Q, STM32H573VIT6, STM32H573ZIT3Q, STM32H573ZIT6, STM32L4R5QGI6STR, STM32MP131AAE3, STM32MP131AAF3, STM32MP131AAG3, STM32MP131CAE3, STM32MP131CAF3, STM32MP131CAG3, STM32MP131DAE7, STM32MP131DAF7, STM32MP131DAG7, STM32MP131FAE7, STM32MP131FAF7, STM32MP131FAG7, STM32MP133AAE3, STM32MP133AAF3, STM32MP133AAG3, STM32MP133CAE3, STM32MP133CAF3, STM32MP133CAG3, STM32MP133DAE7, STM32MP133DAF7, STM32MP133DAG7, STM32MP133FAE7, STM32MP133FAF7, STM32MP133FAG7, STM32MP135AAE3, STM32MP135AAF3, STM32MP135AAG3, STM32MP135CAE3, STM32MP135CAF3, STM32MP135CAG3, STM32MP135DAE7, STM32MP135DAF7, STM32MP135DAG7, STM32MP135F-DK, STM32MP135FAE7, STM32MP135FAF7, STM32MP135FAF7T, STM32MP135FAF7U, STM32MP135FAG7, STM32U535CBT6, STM32U535CBT6Q, STM32U535CBU6, STM32U535CBU6Q, STM32U535CCT6, STM32U535CCT6Q, STM32U535CCU6, STM32U535CCU6Q, STM32U535CET6, STM32U535CET6Q, STM32U535CEU6, STM32U535CEU6Q, STM32U535JEY6QTR, STM32U535NCY6QTR, STM32U535NEY6QTR, STM32U535RBI6, STM32U535RBI6Q, STM32U535RBT6, STM32U535RBT6Q, STM32U535RCI6, STM32U535RCI6Q, STM32U535RCT6, STM32U535RCT6Q, STM32U535REI6, STM32U535REI6Q, STM32U535RET6, STM32U535RET6Q, STM32U535VCI6, STM32U535VCI6Q, STM32U535VCT6, STM32U535VCT6Q, STM32U535VEI6, STM32U535VEI6Q, STM32U535VET6, STM32U535VET6Q, STM32U545CET6, STM32U545CET6Q, STM32U545CEU6, STM32U545CEU6Q, STM32U545JEY6QTR, STM32U545NEY6QTR, STM32U545REI6, STM32U545REI6Q, STM32U545RET6, STM32U545RET6Q, STM32U545VEI6, STM32U545VEI6Q, STM32U545VET6, STM32U545VET6Q, STM32U595AIH6, STM32U595AIH6Q, STM32U595AJH6, STM32U595AJH6Q, STM32U595QII6, STM32U595QII6Q, STM32U595QJI6, STM32U595QJI6Q, STM32U595RIT6, STM32U595RIT6Q, STM32U595RJT6, STM32U595RJT6Q, STM32U595VIT6, STM32U595VIT6Q, STM32U595VJT6, STM32U595VJT6Q, STM32U595ZIT6, STM32U595ZIT6Q, STM32U595ZIY6QTR, STM32U595ZJT6, STM32U595ZJT6Q, STM32U595ZJY6QTR, STM32U599BJY6QTR, STM32U599NIH6Q, STM32U599NJH6Q, STM32U599VIT6Q, STM32U599VJT6, STM32U599VJT6Q, STM32U599ZIT6Q, STM32U599ZIY6QTR, STM32U599ZJT6Q, STM32U599ZJY6QTR, STM32U5A5AJH6, STM32U5A5AJH6Q, STM32U5A5QJI6, STM32U5A5QJI6Q, STM32U5A5RJT6, STM32U5A5RJT6Q, STM32U5A5VJT6, STM32U5A5VJT6Q, STM32U5A5ZJT6, STM32U5A5ZJT6Q, STM32U5A5ZJY6QTR, STM32U5A9BJY6QTR, STM32U5A9J-DK, STM32U5A9NJH6Q, STM32U5A9VJT6Q, STM32U5A9ZJT6Q, STM32U5A9ZJY6QTR, STM32U5F7VIT6, STM32U5F7VIT6Q, STM32U5F7VJT6, STM32U5F7VJT6Q, STM32U5F9BJY6QTR, STM32U5F9NJH6Q, STM32U5F9VIT6Q, STM32U5F9VJT6Q, STM32U5F9ZIJ6QTR, STM32U5F9ZIT6Q, STM32U5F9ZJJ6QTR, STM32U5F9ZJT6Q, STM32U5G7VJT6, STM32U5G7VJT6Q, STM32U5G9BJY6QTR, STM32U5G9J-DK1, STM32U5G9J-DK2, STM32U5G9NJH6Q, STM32U5G9VJT6Q, STM32U5G9ZJJ6QTR, STM32U5G9ZJT6Q, STM32WB1MMCH6, STM32WBA50KEU6, STM32WBA50KEU6TR, STM32WBA50KGU6, STM32WBA50KGU6TR, STM32WBA52CEU6, STM32WBA52CEU6TR, STM32WBA52CEU7, STM32WBA52CEU7TR, STM32WBA52CGU6, STM32WBA52CGU6TR, STM32WBA52CGU6U, STM32WBA52CGU7, STM32WBA52CGU7TR, STM32WBA52KEU6, STM32WBA52KEU6TR, STM32WBA52KGU6, STM32WBA52KGU6TR, STM32WBA54CEU6, STM32WBA54CEU6TR, STM32WBA54CEU7, STM32WBA54CEU7TR, STM32WBA54CGU6, STM32WBA54CGU6TR, STM32WBA54CGU7, STM32WBA54CGU7TR, STM32WBA54KEU6, STM32WBA54KEU6TR, STM32WBA54KEU7, STM32WBA54KEU7TR, STM32WBA54KGU6, STM32WBA54KGU6TR, STM32WBA54KGU7, STM32WBA54KGU7TR, STM32WBA55CEU6, STM32WBA55CEU6TR, STM32WBA55CEU7, STM32WBA55CEU7TR, STM32WBA55CGU6, STM32WBA55CGU6TR, STM32WBA55CGU6U, STM32WBA55CGU7, STM32WBA55CGU7TR, STM32WBA55G-DK1, STM32WBA55HEF6, STM32WBA55HEF7, STM32WBA55HGF6, STM32WBA55HGF7, STM32WBA55UEI6, STM32WBA55UEI6TR, STM32WBA55UEI7, STM32WBA55UEI7TR, STM32WBA55UGI6, STM32WBA55UGI6TR, STM32WBA55UGI7, STM32WBA55UGI7TR, STM32WL5MOCH6, STM32WL5MOCH6TR]
2024-05-13 22:54:39,460 [INFO] DbMcus:218 - Found 4092 MCUs, 4092 are supported
2024-05-13 22:54:39,473 [INFO] ApiDb:423 - Load user favorites file C:\Users\tkach/.stm32cubeide/favorites.mcus.txt: 0 item(s)
2024-05-13 22:54:39,474 [INFO] ApiDb:427 - User favorites MCUs=[]
2024-05-13 22:54:39,474 [INFO] DbMcus:224 - Set 0 / 0 favorites MCUs
2024-05-13 22:54:39,746 [INFO] ApiDb:668 - CubeFinder database Data Model version=2.1
2024-05-13 22:54:39,746 [INFO] ApiDb:669 - CubeFinder database Configuration version=3.0.39
2024-05-13 22:54:39,747 [INFO] ApiDb:670 - CubeFinder database generation date=2024-04-15 (1713193726)
2024-05-13 22:54:39,747 [INFO] ApiDb:671 - CubeFinder database FW Pack versions=[FP-ATR-ASTRA1_V2.0.0, FP-SNS-FLIGHT1_V5.0.1, FP-SNS-FLIGHT1_V5.0.2, FP-SNS-MOTENV1_V4.3.1, FP-SNS-MOTENV1_V4.3.2, FP-SNS-MOTENVWB1_V1.3.1, FP-SNS-SMARTAG2_V1.2.0, STM32Cube_FW_C0_V1.1.0, STM32Cube_FW_F4_V1.28.0, STM32Cube_FW_F7_V1.17.0, STM32Cube_FW_G0_V1.6.2, STM32Cube_FW_G4_V1.5.2, STM32Cube_FW_H5_V0.5.1, STM32Cube_FW_H5_V1.1.1, STM32Cube_FW_H5_V1.2.0, STM32Cube_FW_H5_V1.2.0RC4, STM32Cube_FW_H7RS_V1.0.0, STM32Cube_FW_H7RS_V1.0.0RC4, STM32Cube_FW_H7_V1.11.0, STM32Cube_FW_L0_V1.12.2, STM32Cube_FW_L5_V1.5.1, STM32Cube_FW_U0_V1.0.0, STM32Cube_FW_U0_V1.0.0RC1, STM32Cube_FW_U5_V1.3.0RC4, STM32Cube_FW_U5_V1.5.0, STM32Cube_FW_U5_V1.5.0RC1, STM32Cube_FW_WBA_V1.0.0RC1, STM32Cube_FW_WBA_V1.2.0, STM32Cube_FW_WBA_V1.2.0RC2, STM32Cube_FW_WBA_V1.3.0, STM32Cube_FW_WBA_V1.3.0RC1, STM32Cube_FW_WB_V1.15.0RC1, STM32Cube_FW_WB_V1.16.0, STM32Cube_FW_WB_V1.16.0RC2, STM32Cube_FW_WB_V1.18.0, STM32Cube_FW_WB_V1.19.0, STM32Cube_FW_WL_V1.3.0, X-CUBE-ALGOBUILD_V1.3.0, X-CUBE-ALS_V1.0.1, X-CUBE-AZRTOS-F4_V1.1.0, X-CUBE-AZRTOS-F7_V1.1.0, X-CUBE-AZRTOS-G0_V1.1.0, X-CUBE-AZRTOS-G4_V2.0.0, X-CUBE-AZRTOS-H7_V3.2.0, X-CUBE-AZRTOS-L4_V1.0.0, X-CUBE-AZRTOS-L4_V2.0.0, X-CUBE-AZRTOS-L5_V1.1.0, X-CUBE-AZRTOS-WB_V2.0.0, X-CUBE-AZRTOS-WL_V2.0.0, X-CUBE-BLE1_V7.0.0, X-CUBE-BLE2_V3.3.0, X-CUBE-BLEMGR_V3.1.0, X-CUBE-EEPRMA1_V4.1.0, X-CUBE-EEPRMA1_V5.1.0, X-CUBE-FREERTOS_V1.1.0, X-CUBE-GNSS1_V6.0.0, X-CUBE-MEMS1_V10.0.0, X-CUBE-MEMS1_V9.1.0, X-CUBE-MEMS1_V9.4.0, X-CUBE-MEMS1_V9.6.0, X-CUBE-NFC4_V3.0.0, X-CUBE-NFC7_V1.0.1, X-CUBE-SFXS2LP1_V4.0.0, X-CUBE-SUBG2_V5.0.0, X-CUBE-TOF1_V3.4.0]
2024-05-13 22:54:39,792 [INFO] DbBoardsSqlite:226 - include board P-NUCLEO-WB55-NUCLEO as a kit item of type 'Nucleo-64'
2024-05-13 22:54:39,792 [INFO] DbBoardsSqlite:226 - include board P-NUCLEO-WB55-USBDONGLE as a kit item of type 'Nucleo USB Dongle'
2024-05-13 22:54:39,792 [INFO] DbBoardsSqlite:226 - include board STEVAL-IDP005V1 as a kit item of type 'Evaluation Board'
2024-05-13 22:54:39,792 [INFO] DbBoardsSqlite:226 - include board STEVAL-IDP005V2 as a kit item of type 'Evaluation Board'
2024-05-13 22:54:39,835 [INFO] ApiDb:240 - Found 371 in-development CPN: [B-G473E-ZEST1S, B-WB1M-WPAN1, B-WL5M-SUBG1, NUCLEO-C031C6, NUCLEO-H503RB, NUCLEO-H563ZI, NUCLEO-U545RE-Q, NUCLEO-U5A5ZJ-Q, NUCLEO-WBA52CG, NUCLEO-WBA55CG, STEVAL-MKBOXPRO, STEVAL-PROTEUS1, STEVAL-STWINBX1, STM320518-EVAL, STM32C0116-DK, STM32C011D6Y3TR, STM32C011D6Y6TR, STM32C011F4P3, STM32C011F4P6, STM32C011F4U3, STM32C011F4U6TR, STM32C011F6P3, STM32C011F6P6, STM32C011F6U3, STM32C011F6U6TR, STM32C011J4M3, STM32C011J4M6, STM32C011J6M3, STM32C011J6M6, STM32C0316-DK, STM32C031C4T3, STM32C031C4T6, STM32C031C4U3, STM32C031C4U6, STM32C031C6T3, STM32C031C6T6, STM32C031C6U3, STM32C031C6U6, STM32C031F4P3, STM32C031F4P6, STM32C031F6P3, STM32C031F6P6, STM32C031G4U3, STM32C031G4U6, STM32C031G6U3, STM32C031G6U6, STM32C031K4T3, STM32C031K4T6, STM32C031K4U3, STM32C031K4U6, STM32C031K6T3, STM32C031K6T6, STM32C031K6U3, STM32C031K6U6, STM32G071K8TXN, STM32G071K8UXN, STM32G081GBU6N, STM32G081KBT6N, STM32G081KBUXN, STM32G0B1CCT6N, STM32G0B1KCT6, STM32G0B1NEY6TR, STM32G0B1RCT6N, STM32G0C1CCT6, STM32G0C1CCT6N, STM32G0C1CCU6N, STM32G0C1CET6N, STM32G0C1CEU6N, STM32G0C1KCT6, STM32G0C1NEY6TR, STM32G0C1RCI6N, STM32G0C1RCT6N, STM32G0C1REI6N, STM32G0C1RET6N, STM32G0C1VCI6, STM32G0C1VEI6, STM32G471CCT6, STM32G471CCU6, STM32G471CET3, STM32G471CET6, STM32G471CEU3, STM32G471CEU6, STM32G471MCT6, STM32G471MET3, STM32G471MET6, STM32G471MEY6TR, STM32G471QCT6, STM32G471QET3, STM32G471RCT6, STM32G471RET3, STM32G471RET6, STM32G471VCH6, STM32G471VCI6, STM32G471VCT6, STM32G471VEH3, STM32G471VEH6, STM32G471VEI3, STM32G471VEI6, STM32G471VET3, STM32G471VET6, STM32G474CCT6, STM32H503CBT6, STM32H503CBU6, STM32H503EBY6TR, STM32H503KBU6, STM32H503RBT6, STM32H562AGI6, STM32H562AII6, STM32H562IGK6, STM32H562IGT6, STM32H562IIK6, STM32H562IIT6, STM32H562RGT6, STM32H562RGV6, STM32H562RIT6, STM32H562RIV6, STM32H562VGT6, STM32H562VIT6, STM32H562ZGT6, STM32H562ZIT6, STM32H563AGI6, STM32H563AII3Q, STM32H563AII6, STM32H563IGK6, STM32H563IGT6, STM32H563IIK3Q, STM32H563IIK6, STM32H563IIT3Q, STM32H563IIT6, STM32H563MIY3QTR, STM32H563RGT6, STM32H563RGV6, STM32H563RIT6, STM32H563RIV6, STM32H563VGT6, STM32H563VIT3Q, STM32H563VIT6, STM32H563ZGT6, STM32H563ZIT3Q, STM32H563ZIT6, STM32H573AII3Q, STM32H573AII6, STM32H573I-DK, STM32H573IIK3Q, STM32H573IIK6, STM32H573IIT3Q, STM32H573IIT6, STM32H573MIY3QTR, STM32H573RIT6, STM32H573RIV6, STM32H573VIT3Q, STM32H573VIT6, STM32H573ZIT3Q, STM32H573ZIT6, STM32L4R5QGI6STR, STM32MP131AAE3, STM32MP131AAF3, STM32MP131AAG3, STM32MP131CAE3, STM32MP131CAF3, STM32MP131CAG3, STM32MP131DAE7, STM32MP131DAF7, STM32MP131DAG7, STM32MP131FAE7, STM32MP131FAF7, STM32MP131FAG7, STM32MP133AAE3, STM32MP133AAF3, STM32MP133AAG3, STM32MP133CAE3, STM32MP133CAF3, STM32MP133CAG3, STM32MP133DAE7, STM32MP133DAF7, STM32MP133DAG7, STM32MP133FAE7, STM32MP133FAF7, STM32MP133FAG7, STM32MP135AAE3, STM32MP135AAF3, STM32MP135AAG3, STM32MP135CAE3, STM32MP135CAF3, STM32MP135CAG3, STM32MP135DAE7, STM32MP135DAF7, STM32MP135DAG7, STM32MP135F-DK, STM32MP135FAE7, STM32MP135FAF7, STM32MP135FAF7T, STM32MP135FAF7U, STM32MP135FAG7, STM32U535CBT6, STM32U535CBT6Q, STM32U535CBU6, STM32U535CBU6Q, STM32U535CCT6, STM32U535CCT6Q, STM32U535CCU6, STM32U535CCU6Q, STM32U535CET6, STM32U535CET6Q, STM32U535CEU6, STM32U535CEU6Q, STM32U535JEY6QTR, STM32U535NCY6QTR, STM32U535NEY6QTR, STM32U535RBI6, STM32U535RBI6Q, STM32U535RBT6, STM32U535RBT6Q, STM32U535RCI6, STM32U535RCI6Q, STM32U535RCT6, STM32U535RCT6Q, STM32U535REI6, STM32U535REI6Q, STM32U535RET6, STM32U535RET6Q, STM32U535VCI6, STM32U535VCI6Q, STM32U535VCT6, STM32U535VCT6Q, STM32U535VEI6, STM32U535VEI6Q, STM32U535VET6, STM32U535VET6Q, STM32U545CET6, STM32U545CET6Q, STM32U545CEU6, STM32U545CEU6Q, STM32U545JEY6QTR, STM32U545NEY6QTR, STM32U545REI6, STM32U545REI6Q, STM32U545RET6, STM32U545RET6Q, STM32U545VEI6, STM32U545VEI6Q, STM32U545VET6, STM32U545VET6Q, STM32U595AIH6, STM32U595AIH6Q, STM32U595AJH6, STM32U595AJH6Q, STM32U595QII6, STM32U595QII6Q, STM32U595QJI6, STM32U595QJI6Q, STM32U595RIT6, STM32U595RIT6Q, STM32U595RJT6, STM32U595RJT6Q, STM32U595VIT6, STM32U595VIT6Q, STM32U595VJT6, STM32U595VJT6Q, STM32U595ZIT6, STM32U595ZIT6Q, STM32U595ZIY6QTR, STM32U595ZJT6, STM32U595ZJT6Q, STM32U595ZJY6QTR, STM32U599BJY6QTR, STM32U599NIH6Q, STM32U599NJH6Q, STM32U599VIT6Q, STM32U599VJT6, STM32U599VJT6Q, STM32U599ZIT6Q, STM32U599ZIY6QTR, STM32U599ZJT6Q, STM32U599ZJY6QTR, STM32U5A5AJH6, STM32U5A5AJH6Q, STM32U5A5QJI6, STM32U5A5QJI6Q, STM32U5A5RJT6, STM32U5A5RJT6Q, STM32U5A5VJT6, STM32U5A5VJT6Q, STM32U5A5ZJT6, STM32U5A5ZJT6Q, STM32U5A5ZJY6QTR, STM32U5A9BJY6QTR, STM32U5A9J-DK, STM32U5A9NJH6Q, STM32U5A9VJT6Q, STM32U5A9ZJT6Q, STM32U5A9ZJY6QTR, STM32U5F7VIT6, STM32U5F7VIT6Q, STM32U5F7VJT6, STM32U5F7VJT6Q, STM32U5F9BJY6QTR, STM32U5F9NJH6Q, STM32U5F9VIT6Q, STM32U5F9VJT6Q, STM32U5F9ZIJ6QTR, STM32U5F9ZIT6Q, STM32U5F9ZJJ6QTR, STM32U5F9ZJT6Q, STM32U5G7VJT6, STM32U5G7VJT6Q, STM32U5G9BJY6QTR, STM32U5G9J-DK1, STM32U5G9J-DK2, STM32U5G9NJH6Q, STM32U5G9VJT6Q, STM32U5G9ZJJ6QTR, STM32U5G9ZJT6Q, STM32WB1MMCH6, STM32WBA50KEU6, STM32WBA50KEU6TR, STM32WBA50KGU6, STM32WBA50KGU6TR, STM32WBA52CEU6, STM32WBA52CEU6TR, STM32WBA52CEU7, STM32WBA52CEU7TR, STM32WBA52CGU6, STM32WBA52CGU6TR, STM32WBA52CGU6U, STM32WBA52CGU7, STM32WBA52CGU7TR, STM32WBA52KEU6, STM32WBA52KEU6TR, STM32WBA52KGU6, STM32WBA52KGU6TR, STM32WBA54CEU6, STM32WBA54CEU6TR, STM32WBA54CEU7, STM32WBA54CEU7TR, STM32WBA54CGU6, STM32WBA54CGU6TR, STM32WBA54CGU7, STM32WBA54CGU7TR, STM32WBA54KEU6, STM32WBA54KEU6TR, STM32WBA54KEU7, STM32WBA54KEU7TR, STM32WBA54KGU6, STM32WBA54KGU6TR, STM32WBA54KGU7, STM32WBA54KGU7TR, STM32WBA55CEU6, STM32WBA55CEU6TR, STM32WBA55CEU7, STM32WBA55CEU7TR, STM32WBA55CGU6, STM32WBA55CGU6TR, STM32WBA55CGU6U, STM32WBA55CGU7, STM32WBA55CGU7TR, STM32WBA55G-DK1, STM32WBA55HEF6, STM32WBA55HEF7, STM32WBA55HGF6, STM32WBA55HGF7, STM32WBA55UEI6, STM32WBA55UEI6TR, STM32WBA55UEI7, STM32WBA55UEI7TR, STM32WBA55UGI6, STM32WBA55UGI6TR, STM32WBA55UGI7, STM32WBA55UGI7TR, STM32WL5MOCH6, STM32WL5MOCH6TR]
2024-05-13 22:54:39,937 [INFO] BoardInfo:889 - No configuration file found for board NUCLEO-H533RE
2024-05-13 22:54:39,937 [INFO] DbBoards:161 - Board is not supported: NUCLEO-H533RE
2024-05-13 22:54:39,960 [INFO] BoardInfo:889 - No configuration file found for board NUCLEO-H7S3L8
2024-05-13 22:54:39,961 [INFO] DbBoards:161 - Board is not supported: NUCLEO-H7S3L8
2024-05-13 22:54:39,980 [INFO] BoardInfo:889 - No configuration file found for board NUCLEO-U031R8
2024-05-13 22:54:39,980 [INFO] DbBoards:161 - Board is not supported: NUCLEO-U031R8
2024-05-13 22:54:39,981 [INFO] BoardInfo:889 - No configuration file found for board NUCLEO-U083RC
2024-05-13 22:54:39,981 [INFO] DbBoards:161 - Board is not supported: NUCLEO-U083RC
2024-05-13 22:54:39,992 [INFO] BoardInfo:889 - No configuration file found for board P-NUCLEO-WB55
2024-05-13 22:54:39,993 [INFO] DbBoards:161 - Kit is not supported: P-NUCLEO-WB55
2024-05-13 22:54:39,996 [INFO] BoardInfo:889 - No configuration file found for board STEVAL-BFA001V1B
2024-05-13 22:54:39,996 [INFO] DbBoards:161 - Kit is not supported: STEVAL-BFA001V1B
2024-05-13 22:54:39,997 [INFO] BoardInfo:889 - No configuration file found for board STEVAL-BFA001V2B
2024-05-13 22:54:39,997 [INFO] DbBoards:161 - Kit is not supported: STEVAL-BFA001V2B
2024-05-13 22:54:40,091 [INFO] BoardInfo:889 - No configuration file found for board STM32H7S78-DK
2024-05-13 22:54:40,091 [INFO] DbBoards:161 - Board is not supported: STM32H7S78-DK
2024-05-13 22:54:40,117 [INFO] BoardInfo:889 - No configuration file found for board STM32U083C-DK
2024-05-13 22:54:40,117 [INFO] DbBoards:161 - Board is not supported: STM32U083C-DK
2024-05-13 22:54:40,126 [INFO] DbBoards:168 - Found 199 boards, 190 are supported
2024-05-13 22:54:40,126 [INFO] DbBoards:169 - Found 199 boards, 3 of them is supported for  Bsp
2024-05-13 22:54:40,128 [INFO] ApiDb:423 - Load user favorites file C:\Users\tkach/.stm32cubeide/favorites.boards.txt: 0 item(s)
2024-05-13 22:54:40,128 [INFO] ApiDb:427 - User favorites Boards=[]
2024-05-13 22:54:40,128 [INFO] DbBoards:198 - Set 0 / 0 favorites Boards
2024-05-13 22:54:40,130 [INFO] ApiDb:668 - CubeFinder database Data Model version=2.1
2024-05-13 22:54:40,130 [INFO] ApiDb:669 - CubeFinder database Configuration version=3.0.39
2024-05-13 22:54:40,130 [INFO] ApiDb:670 - CubeFinder database generation date=2024-04-15 (1713193726)
2024-05-13 22:54:40,130 [INFO] ApiDb:671 - CubeFinder database FW Pack versions=[FP-ATR-ASTRA1_V2.0.0, FP-SNS-FLIGHT1_V5.0.1, FP-SNS-FLIGHT1_V5.0.2, FP-SNS-MOTENV1_V4.3.1, FP-SNS-MOTENV1_V4.3.2, FP-SNS-MOTENVWB1_V1.3.1, FP-SNS-SMARTAG2_V1.2.0, STM32Cube_FW_C0_V1.1.0, STM32Cube_FW_F4_V1.28.0, STM32Cube_FW_F7_V1.17.0, STM32Cube_FW_G0_V1.6.2, STM32Cube_FW_G4_V1.5.2, STM32Cube_FW_H5_V0.5.1, STM32Cube_FW_H5_V1.1.1, STM32Cube_FW_H5_V1.2.0, STM32Cube_FW_H5_V1.2.0RC4, STM32Cube_FW_H7RS_V1.0.0, STM32Cube_FW_H7RS_V1.0.0RC4, STM32Cube_FW_H7_V1.11.0, STM32Cube_FW_L0_V1.12.2, STM32Cube_FW_L5_V1.5.1, STM32Cube_FW_U0_V1.0.0, STM32Cube_FW_U0_V1.0.0RC1, STM32Cube_FW_U5_V1.3.0RC4, STM32Cube_FW_U5_V1.5.0, STM32Cube_FW_U5_V1.5.0RC1, STM32Cube_FW_WBA_V1.0.0RC1, STM32Cube_FW_WBA_V1.2.0, STM32Cube_FW_WBA_V1.2.0RC2, STM32Cube_FW_WBA_V1.3.0, STM32Cube_FW_WBA_V1.3.0RC1, STM32Cube_FW_WB_V1.15.0RC1, STM32Cube_FW_WB_V1.16.0, STM32Cube_FW_WB_V1.16.0RC2, STM32Cube_FW_WB_V1.18.0, STM32Cube_FW_WB_V1.19.0, STM32Cube_FW_WL_V1.3.0, X-CUBE-ALGOBUILD_V1.3.0, X-CUBE-ALS_V1.0.1, X-CUBE-AZRTOS-F4_V1.1.0, X-CUBE-AZRTOS-F7_V1.1.0, X-CUBE-AZRTOS-G0_V1.1.0, X-CUBE-AZRTOS-G4_V2.0.0, X-CUBE-AZRTOS-H7_V3.2.0, X-CUBE-AZRTOS-L4_V1.0.0, X-CUBE-AZRTOS-L4_V2.0.0, X-CUBE-AZRTOS-L5_V1.1.0, X-CUBE-AZRTOS-WB_V2.0.0, X-CUBE-AZRTOS-WL_V2.0.0, X-CUBE-BLE1_V7.0.0, X-CUBE-BLE2_V3.3.0, X-CUBE-BLEMGR_V3.1.0, X-CUBE-EEPRMA1_V4.1.0, X-CUBE-EEPRMA1_V5.1.0, X-CUBE-FREERTOS_V1.1.0, X-CUBE-GNSS1_V6.0.0, X-CUBE-MEMS1_V10.0.0, X-CUBE-MEMS1_V9.1.0, X-CUBE-MEMS1_V9.4.0, X-CUBE-MEMS1_V9.6.0, X-CUBE-NFC4_V3.0.0, X-CUBE-NFC7_V1.0.1, X-CUBE-SFXS2LP1_V4.0.0, X-CUBE-SUBG2_V5.0.0, X-CUBE-TOF1_V3.4.0]
2024-05-13 22:54:40,759 [ERROR] DbExamplesSqlite:437 - Missing JSON key: board_cpn
2024-05-13 22:54:40,760 [ERROR] DbExamplesSqlite:437 - Missing JSON key: board_cpn
2024-05-13 22:54:40,760 [ERROR] DbExamplesSqlite:437 - Missing JSON key: board_cpn
2024-05-13 22:54:40,760 [ERROR] DbExamplesSqlite:437 - Missing JSON key: board_cpn
2024-05-13 22:54:40,837 [INFO] DbExamplesSqlite:395 - Ignored 60 examples not supported by CubeIDE
2024-05-13 22:54:40,837 [INFO] DbExamplesSqlite:396 - Found 8152 examples active
2024-05-13 22:54:40,837 [INFO] DbExamplesSqlite:397 - Found 871 examples obsolete
2024-05-13 22:54:40,838 [INFO] DbExamplesSqlite:398 - Found 0 examples under development
2024-05-13 22:54:40,838 [INFO] DbExamplesSqlite:399 - Found 10 examples not building
2024-05-13 22:54:40,840 [INFO] DbExamples:125 - Found 8102 examples
2024-05-13 22:54:40,850 [INFO] DbExamples:222 - Found 101 boards with related examples
2024-05-13 22:54:40,850 [INFO] DbExamples:235 - Found 86 MCUs with related examples
2024-05-13 22:54:40,878 [INFO] ApiDb:423 - Load user favorites file C:\Users\tkach/.stm32cubeide/favorites.examples.txt: 0 item(s)
2024-05-13 22:54:40,879 [INFO] ApiDb:427 - User favorites Examples=[]
2024-05-13 22:54:40,879 [INFO] DbExamples:250 - Set 0 / 0 favorites Examples
2024-05-13 22:54:40,989 [INFO] McuFinderGlobals:76 - Set McuFinderConnectedMode to true
2024-05-13 22:54:40,999 [INFO] MultiScanPanel:200 - Auto-refresh data requested => check proxy status ongoing
2024-05-13 22:54:41,001 [INFO] FinderPluginLoader:95 - Searching for filters in installed packs
2024-05-13 22:54:42,317 [INFO] LoadUrlFilesThread:185 - End of LoadServerUrlFiles without Thread
2024-05-13 22:54:42,374 [INFO] DetailPanel:341 - Set advertising image to C:/Users/tkach/STM32Cube/Repository/\en.prom-stm32h7rs-mcu-finder.png
2024-05-13 22:58:11,178 [INFO] MainUpdater:2873 - connection check result : 10
2024-05-13 22:58:11,178 [INFO] MainUpdater:2873 - connection check result : 10
2024-05-13 22:58:11,193 [INFO] MicroXplorer:468 - Change Database Path : 
2024-05-13 22:58:11,193 [INFO] MicroXplorer:498 - Change Database Version : DB.6.0.100
2024-05-13 22:58:11,197 [WARN] ThirdParty:871 - waiting for thirdparty lock release [close project]
2024-05-13 22:58:11,197 [INFO] ThirdParty:873 - entering critical section [close project]
2024-05-13 22:58:11,198 [INFO] ThirdParty:883 - exiting critical section [close project]
2024-05-13 22:58:11,199 [INFO] PinOutPanel:1499 - setPackage(No Configuration,No Configuration)
2024-05-13 22:58:11,202 [INFO] UtilMem:75 - Begin LoadConfig() Used Memory: 726993712 Bytes (1073741824)
2024-05-13 22:58:11,203 [INFO] MicroXplorer:468 - Change Database Path : 
2024-05-13 22:58:11,203 [INFO] MicroXplorer:498 - Change Database Version : DB.6.0.100
2024-05-13 22:58:11,203 [INFO] OpenFileManager:312 - Change cursor
2024-05-13 22:58:11,348 [INFO] Mcu:2016 - Initializing MCU STM32F103C8Tx STM32F103C8Tx STM32F103C8T6
2024-05-13 22:58:11,970 [INFO] Context:659 - Trying to add GPIOservice into a context  which must be forbidden
2024-05-13 22:58:12,137 [INFO] ImportTextPane:194 - (OptionalMessage_ERROR) Unable to find key (Mcu.ThirdPartyNb) in loaded IOC file
2024-05-13 22:58:12,138 [INFO] ImportTextPane:194 - (OptionalMessage_ERROR) Unable to find key (Mcu.PinsNb) in loaded IOC file
2024-05-13 22:58:12,138 [INFO] ImportTextPane:194 - (OptionalMessage_ERROR) Unable to find key (Mcu.IPNb) in loaded IOC file
2024-05-13 22:58:12,199 [INFO] RtosManager:555 - Registered RTOS mode: class=CMSIS, group=RTOS, mode=CMSIS_V1, owner=FREERTOS
2024-05-13 22:58:12,200 [INFO] RtosManager:555 - Registered RTOS mode: class=CMSIS, group=RTOS2, mode=CMSIS_V2, owner=FREERTOS
2024-05-13 22:58:12,200 [INFO] RtosManager:555 - Registered RTOS mode: class=RTOS, group=Core, mode=CMSIS_V1, owner=FREERTOS
2024-05-13 22:58:12,200 [INFO] RtosManager:555 - Registered RTOS mode: class=RTOS, group=Core, mode=CMSIS_V2, owner=FREERTOS
2024-05-13 22:58:12,200 [WARN] ModelIntegratedComponent:184 - Missing modes for component STMicroelectronics:FreeRTOS:0.0.1:STMicroelectronics:RTOS:FreeRTOS:Core:::10.2.0:
2024-05-13 22:58:12,212 [WARN] ModelIntegratedComponent:63 - No mode defined for component null
2024-05-13 22:58:12,212 [WARN] ModelIntegratedComponent:63 - No mode defined for component null
2024-05-13 22:58:12,213 [WARN] ModelIntegratedComponent:63 - No mode defined for component null
2024-05-13 22:58:12,213 [WARN] ModelIntegratedComponent:63 - No mode defined for component null
2024-05-13 22:58:12,213 [WARN] ModelIntegratedComponent:63 - No mode defined for component null
2024-05-13 22:58:12,213 [WARN] ModelIntegratedComponent:63 - No mode defined for component null
2024-05-13 22:58:12,213 [WARN] ModelIntegratedComponent:63 - No mode defined for component null
2024-05-13 22:58:12,213 [WARN] ModelIntegratedComponent:63 - No mode defined for component null
2024-05-13 22:58:12,213 [WARN] ModelIntegratedComponent:63 - No mode defined for component null
2024-05-13 22:58:12,213 [WARN] ModelIntegratedComponent:63 - No mode defined for component null
2024-05-13 22:58:12,213 [WARN] ModelIntegratedComponent:63 - No mode defined for component null
2024-05-13 22:58:12,213 [WARN] ModelIntegratedComponent:63 - No mode defined for component null
2024-05-13 22:58:12,213 [WARN] ModelIntegratedComponent:63 - No mode defined for component null
2024-05-13 22:58:12,213 [WARN] ModelIntegratedComponent:63 - No mode defined for component null
2024-05-13 22:58:12,213 [WARN] ModelIntegratedComponent:63 - No mode defined for component null
2024-05-13 22:58:12,213 [WARN] ModelIntegratedComponent:63 - No mode defined for component null
2024-05-13 22:58:12,213 [WARN] ModelIntegratedComponent:63 - No mode defined for component null
2024-05-13 22:58:12,213 [WARN] ModelIntegratedComponent:63 - No mode defined for component null
2024-05-13 22:58:12,213 [WARN] ModelIntegratedComponent:63 - No mode defined for component null
2024-05-13 22:58:12,213 [WARN] ModelIntegratedComponent:63 - No mode defined for component null
2024-05-13 22:58:12,213 [WARN] ModelIntegratedComponent:63 - No mode defined for component null
2024-05-13 22:58:12,213 [WARN] ModelIntegratedComponent:63 - No mode defined for component null
2024-05-13 22:58:12,213 [WARN] ModelIntegratedComponent:63 - No mode defined for component null
2024-05-13 22:58:12,213 [WARN] ModelIntegratedComponent:63 - No mode defined for component null
2024-05-13 22:58:12,213 [WARN] ModelIntegratedComponent:63 - No mode defined for component null
2024-05-13 22:58:12,213 [WARN] ModelIntegratedComponent:63 - No mode defined for component null
2024-05-13 22:58:12,214 [WARN] ModelIntegratedComponent:63 - No mode defined for component null
2024-05-13 22:58:12,214 [WARN] ModelIntegratedComponent:63 - No mode defined for component null
2024-05-13 22:58:12,214 [WARN] ModelIntegratedComponent:63 - No mode defined for component null
2024-05-13 22:58:12,214 [WARN] ModelIntegratedComponent:63 - No mode defined for component null
2024-05-13 22:58:12,214 [WARN] ModelIntegratedComponent:63 - No mode defined for component null
2024-05-13 22:58:12,214 [WARN] ModelIntegratedComponent:63 - No mode defined for component null
2024-05-13 22:58:12,214 [WARN] ModelIntegratedComponent:63 - No mode defined for component null
2024-05-13 22:58:12,369 [INFO] ThirdPartyModel:298 - Start build external matchings
2024-05-13 22:58:12,938 [INFO] ThirdPartyModel:316 - End build external matchings
2024-05-13 22:58:13,116 [INFO] UtilMem:75 - End LoadConfig() Used Memory: 622076952 Bytes (1073741824)
2024-05-13 22:58:13,132 [INFO] MicroXplorer:468 - Change Database Path : 
2024-05-13 22:58:13,132 [INFO] MicroXplorer:498 - Change Database Version : DB.6.0.100
2024-05-13 22:58:13,132 [WARN] ThirdParty:833 - waiting for thirdparty lock release [change project]
2024-05-13 22:58:13,133 [INFO] ThirdParty:835 - entering critical section [change project]
2024-05-13 22:58:13,133 [INFO] ThirdParty:1030 - CMSIS Pack Vendor :STMicroelectronics USBPD 4.1
2024-05-13 22:58:13,133 [INFO] ThirdParty:1030 - CMSIS Pack Vendor :STMicroelectronics X-CUBE-GNSS1 6.0.0
2024-05-13 22:58:13,133 [INFO] ThirdParty:1030 - CMSIS Pack Vendor :STMicroelectronics USB_HOST 2.0.0
2024-05-13 22:58:13,133 [INFO] ThirdParty:1030 - CMSIS Pack Vendor :STMicroelectronics FP-SNS-MOTENVWB1 1.4.0
2024-05-13 22:58:13,133 [INFO] ThirdParty:1030 - CMSIS Pack Vendor :STMicroelectronics X-CUBE-AZRTOS-F4 1.1.0
2024-05-13 22:58:13,133 [INFO] ThirdParty:1030 - CMSIS Pack Vendor :STMicroelectronics LIBJPEG 8.0.0
2024-05-13 22:58:13,133 [INFO] ThirdParty:1030 - CMSIS Pack Vendor :STMicroelectronics X-CUBE-SMBUS 2.1.0
2024-05-13 22:58:13,133 [INFO] ThirdParty:1030 - CMSIS Pack Vendor :STMicroelectronics USB_DEVICE 3.0.0
2024-05-13 22:58:13,133 [INFO] ThirdParty:1030 - CMSIS Pack Vendor :STMicroelectronics X-CUBE-TCPP 4.1.0
2024-05-13 22:58:13,133 [INFO] ThirdParty:1030 - CMSIS Pack Vendor :STMicroelectronics X-CUBE-FREERTOS 1.2.0
2024-05-13 22:58:13,133 [INFO] ThirdParty:1030 - CMSIS Pack Vendor :STMicroelectronics X-CUBE-AZRTOS-WB 2.0.0
2024-05-13 22:58:13,133 [INFO] ThirdParty:1030 - CMSIS Pack Vendor :wolfSSL I-CUBE-wolfSSL 5.6.6
2024-05-13 22:58:13,134 [INFO] ThirdParty:1030 - CMSIS Pack Vendor :STMicroelectronics X-CUBE-TOUCHGFX 4.23.0
2024-05-13 22:58:13,134 [INFO] ThirdParty:1030 - CMSIS Pack Vendor :STMicroelectronics X-CUBE-TOUCHGFX 4.23.2
2024-05-13 22:58:13,134 [INFO] ThirdParty:1030 - CMSIS Pack Vendor :STMicroelectronics X-CUBE-AZRTOS-F7 1.1.0
2024-05-13 22:58:13,134 [INFO] ThirdParty:1030 - CMSIS Pack Vendor :STMicroelectronics X-CUBE-AZRTOS-L5 2.0.0
2024-05-13 22:58:13,134 [INFO] ThirdParty:1030 - CMSIS Pack Vendor :STMicroelectronics USB_DEVICE 2.0.0
2024-05-13 22:58:13,134 [INFO] ThirdParty:1030 - CMSIS Pack Vendor :STMicroelectronics X-CUBE-EEPRMA1 4.2.0
2024-05-13 22:58:13,134 [INFO] ThirdParty:1030 - CMSIS Pack Vendor :STMicroelectronics X-CUBE-NFC6 3.1.0
2024-05-13 22:58:13,134 [INFO] ThirdParty:1030 - CMSIS Pack Vendor :ITTIA_DB I-CUBE-ITTIADB 8.8.0
2024-05-13 22:58:13,134 [INFO] ThirdParty:1030 - CMSIS Pack Vendor :STMicroelectronics FP-SNS-MOTENV1 4.3.2
2024-05-13 22:58:13,134 [INFO] ThirdParty:1030 - CMSIS Pack Vendor :STMicroelectronics X-CUBE-ALGOBUILD 1.3.0
2024-05-13 22:58:13,134 [INFO] ThirdParty:1030 - CMSIS Pack Vendor :STMicroelectronics FreeRTOS 0.0.1
2024-05-13 22:58:13,134 [INFO] ThirdParty:1030 - CMSIS Pack Vendor :STMicroelectronics X-CUBE-AZRTOS-G0 1.1.0
2024-05-13 22:58:13,134 [INFO] ThirdParty:1030 - CMSIS Pack Vendor :STMicroelectronics X-CUBE-SAFEA1 1.2.2
2024-05-13 22:58:13,134 [INFO] ThirdParty:1030 - CMSIS Pack Vendor :STMicroelectronics X-CUBE-NFC4 3.0.0
2024-05-13 22:58:13,134 [INFO] ThirdParty:1030 - CMSIS Pack Vendor :STMicroelectronics X-CUBE-SUBG2 5.0.0
2024-05-13 22:58:13,134 [INFO] ThirdParty:1030 - CMSIS Pack Vendor :STMicroelectronics STM32_WPAN 1.0.0
2024-05-13 22:58:13,134 [INFO] ThirdParty:1030 - CMSIS Pack Vendor :STMicroelectronics lwIP 2.0.3
2024-05-13 22:58:13,134 [INFO] ThirdParty:1030 - CMSIS Pack Vendor :STMicroelectronics FP-SNS-FLIGHT1 5.0.2
2024-05-13 22:58:13,134 [INFO] ThirdParty:1030 - CMSIS Pack Vendor :STMicroelectronics USB_HOST 1.0.0
2024-05-13 22:58:13,134 [INFO] ThirdParty:1030 - CMSIS Pack Vendor :STMicroelectronics X-CUBE-AI 9.0.0
2024-05-13 22:58:13,135 [INFO] ThirdParty:1030 - CMSIS Pack Vendor :STMicroelectronics X-CUBE-AZRTOS-G4 2.0.0
2024-05-13 22:58:13,135 [INFO] ThirdParty:1030 - CMSIS Pack Vendor :STMicroelectronics PDM2PCM 3.1.0
2024-05-13 22:58:13,135 [INFO] ThirdParty:1030 - CMSIS Pack Vendor :Infineon AIROC-Wi-Fi-Bluetooth-STM32 1.5.1
2024-05-13 22:58:13,135 [INFO] ThirdParty:1030 - CMSIS Pack Vendor :STMicroelectronics X-CUBE-BLEMGR 3.0.0
2024-05-13 22:58:13,135 [INFO] ThirdParty:1030 - CMSIS Pack Vendor :STMicroelectronics PDM2PCM 3.3.0
2024-05-13 22:58:13,135 [INFO] ThirdParty:1030 - CMSIS Pack Vendor :STMicroelectronics X-CUBE-DISPLAY 3.0.0
2024-05-13 22:58:13,135 [INFO] ThirdParty:1030 - CMSIS Pack Vendor :STMicroelectronics FP-SNS-MOTENVWB1 1.3.1
2024-05-13 22:58:13,135 [INFO] ThirdParty:1030 - CMSIS Pack Vendor :STMicroelectronics X-CUBE-BLE1 7.0.0
2024-05-13 22:58:13,135 [INFO] ThirdParty:1030 - CMSIS Pack Vendor :STMicroelectronics FP-ATR-SIGFOX1 3.2.0
2024-05-13 22:58:13,135 [INFO] ThirdParty:1030 - CMSIS Pack Vendor :STMicroelectronics X-CUBE-ISPU 2.0.0
2024-05-13 22:58:13,135 [INFO] ThirdParty:1030 - CMSIS Pack Vendor :STMicroelectronics X-CUBE-EEPRMA1 5.1.0
2024-05-13 22:58:13,135 [INFO] ThirdParty:1030 - CMSIS Pack Vendor :STMicroelectronics HAL Drivers 0.0.0
2024-05-13 22:58:13,135 [INFO] ThirdParty:1030 - CMSIS Pack Vendor :STMicroelectronics MBEDTLS 2.16.2
2024-05-13 22:58:13,135 [INFO] ThirdParty:1030 - CMSIS Pack Vendor :emotas I-CUBE-CANOPEN 1.3.0
2024-05-13 22:58:13,135 [INFO] ThirdParty:1030 - CMSIS Pack Vendor :STMicroelectronics X-CUBE-MEMS1 10.0.0
2024-05-13 22:58:13,135 [INFO] ThirdParty:1030 - CMSIS Pack Vendor :STMicroelectronics X-CUBE-FREERTOS 1.1.0
2024-05-13 22:58:13,135 [INFO] ThirdParty:1030 - CMSIS Pack Vendor :STMicroelectronics X-CUBE-NFC7 1.0.1
2024-05-13 22:58:13,135 [INFO] ThirdParty:1030 - CMSIS Pack Vendor :STMicroelectronics MBEDTLS 2.14.1
2024-05-13 22:58:13,136 [INFO] ThirdParty:1030 - CMSIS Pack Vendor :STMicroelectronics X-CUBE-NFC6 3.0.0
2024-05-13 22:58:13,136 [INFO] ThirdParty:1030 - CMSIS Pack Vendor :portGmbH I-Cube-SoM-uGOAL 1.1.0
2024-05-13 22:58:13,136 [INFO] ThirdParty:1030 - CMSIS Pack Vendor :STMicroelectronics X-CUBE-ALS 1.0.1
2024-05-13 22:58:13,136 [INFO] ThirdParty:1030 - CMSIS Pack Vendor :STMicroelectronics X-CUBE-BLEMGR 3.1.0
2024-05-13 22:58:13,136 [INFO] ThirdParty:1030 - CMSIS Pack Vendor :STMicroelectronics ThreadX 1.0.0
2024-05-13 22:58:13,136 [INFO] ThirdParty:1030 - CMSIS Pack Vendor :STMicroelectronics FP-SNS-SMARTAG2 1.2.0
2024-05-13 22:58:13,136 [INFO] ThirdParty:1030 - CMSIS Pack Vendor :STMicroelectronics X-CUBE-AZRTOS-WL 2.0.0
2024-05-13 22:58:13,136 [INFO] ThirdParty:1030 - CMSIS Pack Vendor :SEGGER I-CUBE-embOS 1.3.1
2024-05-13 22:58:13,136 [INFO] ThirdParty:1030 - CMSIS Pack Vendor :STMicroelectronics X-CUBE-ALGOBUILD 1.4.0
2024-05-13 22:58:13,136 [INFO] ThirdParty:1030 - CMSIS Pack Vendor :STMicroelectronics FP-SNS-MOTENV1 5.0.0
2024-05-13 22:58:13,136 [INFO] ThirdParty:1030 - CMSIS Pack Vendor :STMicroelectronics USB_DEVICE 1.0.0
2024-05-13 22:58:13,136 [INFO] ThirdParty:1030 - CMSIS Pack Vendor :STMicroelectronics X-CUBE-AI 8.1.0
2024-05-13 22:58:13,136 [INFO] ThirdParty:1030 - CMSIS Pack Vendor :STMicroelectronics X-CUBE-AZRTOS-H7RS 1.0.0
2024-05-13 22:58:13,136 [INFO] ThirdParty:1030 - CMSIS Pack Vendor :STMicroelectronics X-CUBE-AZRTOS-L4 2.0.0
2024-05-13 22:58:13,136 [INFO] ThirdParty:1030 - CMSIS Pack Vendor :STMicroelectronics ThreadX 0.0.2
2024-05-13 22:58:13,136 [INFO] ThirdParty:1030 - CMSIS Pack Vendor :WES I-CUBE-Cesium 1.3.0
2024-05-13 22:58:13,136 [INFO] ThirdParty:1030 - CMSIS Pack Vendor :STMicroelectronics FP-ATR-ASTRA1 2.0.0
2024-05-13 22:58:13,136 [INFO] ThirdParty:1030 - CMSIS Pack Vendor :STMicroelectronics lwIP 2.1.2
2024-05-13 22:58:13,136 [INFO] ThirdParty:1030 - CMSIS Pack Vendor :STMicroelectronics X-CUBE-SFXS2LP1 4.0.0
2024-05-13 22:58:13,137 [INFO] ThirdParty:1030 - CMSIS Pack Vendor :STMicroelectronics X-CUBE-BLE2 3.3.0
2024-05-13 22:58:13,137 [INFO] ThirdParty:1030 - CMSIS Pack Vendor :STMicroelectronics X-CUBE-TOF1 3.4.0
2024-05-13 22:58:13,137 [INFO] ThirdParty:1030 - CMSIS Pack Vendor :STMicroelectronics X-CUBE-TOF1 3.4.1
2024-05-13 22:58:13,137 [INFO] ThirdParty:1030 - CMSIS Pack Vendor :STMicroelectronics X-CUBE-AZRTOS-H7 3.2.0
2024-05-13 22:58:13,137 [INFO] ThirdParty:1030 - CMSIS Pack Vendor :STMicroelectronics PDM2PCM 3.2.0
2024-05-13 22:58:13,137 [INFO] ThirdParty:841 - exiting critical section [change project]
2024-05-13 22:58:13,372 [INFO] PinOutPanel:1499 - setPackage(No Configuration,No Configuration)
2024-05-13 22:58:13,374 [INFO] PinOutPanel:1499 - setPackage(STM32F103C8Tx,LQFP48)
2024-05-13 22:58:13,811 [INFO] UtilMem:75 - Before build in PCC Used Memory: 613429120 Bytes (1073741824)
2024-05-13 22:58:14,552 [INFO] UtilMem:75 - After build in PCC Used Memory: 693643136 Bytes (1073741824)
2024-05-13 22:58:14,574 [INFO] IPUIPlugin:80 - create IPUIPlugin
2024-05-13 22:58:14,574 [INFO] IPUIPlugin:80 - create IPUIPlugin
2024-05-13 22:58:14,574 [INFO] IPUIPlugin:80 - create IPUIPlugin
2024-05-13 22:58:14,575 [INFO] IPUIPlugin:80 - create IPUIPlugin
2024-05-13 22:58:14,575 [INFO] IPUIPlugin:80 - create IPUIPlugin
2024-05-13 22:58:14,575 [INFO] IPUIPlugin:80 - create IPUIPlugin
2024-05-13 22:58:14,575 [INFO] IPUIPlugin:80 - create IPUIPlugin
2024-05-13 22:58:14,575 [INFO] IPUIPlugin:80 - create IPUIPlugin
2024-05-13 22:58:14,575 [INFO] IPUIPlugin:80 - create IPUIPlugin
2024-05-13 22:58:14,575 [INFO] IPUIPlugin:80 - create IPUIPlugin
2024-05-13 22:58:14,576 [INFO] IPUIPlugin:80 - create IPUIPlugin
2024-05-13 22:58:14,576 [INFO] IPUIPlugin:80 - create IPUIPlugin
2024-05-13 22:58:14,576 [INFO] IPUIPlugin:80 - create IPUIPlugin
2024-05-13 22:58:14,576 [INFO] IPUIPlugin:80 - create IPUIPlugin
2024-05-13 22:58:14,576 [INFO] IPUIPlugin:80 - create IPUIPlugin
2024-05-13 22:58:14,576 [INFO] IPUIPlugin:80 - create IPUIPlugin
2024-05-13 22:58:14,577 [INFO] IPUIPlugin:80 - create IPUIPlugin
2024-05-13 22:58:14,577 [INFO] IPUIPlugin:80 - create IPUIPlugin
2024-05-13 22:58:14,577 [INFO] IPUIPlugin:80 - create IPUIPlugin
2024-05-13 22:58:14,577 [INFO] IPUIPlugin:80 - create IPUIPlugin
2024-05-13 22:58:14,577 [INFO] IPUIPlugin:80 - create IPUIPlugin
2024-05-13 22:58:14,578 [INFO] IPUIPlugin:80 - create IPUIPlugin
2024-05-13 22:58:14,578 [INFO] IPUIPlugin:80 - create IPUIPlugin
2024-05-13 22:58:14,578 [INFO] IPUIPlugin:80 - create IPUIPlugin
2024-05-13 22:58:14,578 [INFO] IPUIPlugin:80 - create IPUIPlugin
2024-05-13 22:58:14,579 [INFO] IPUIPlugin:80 - create IPUIPlugin
2024-05-13 22:58:14,579 [INFO] IPUIPlugin:80 - create IPUIPlugin
2024-05-13 22:58:14,732 [INFO] CADModel:165 - CPN selected for project levelSTM32F103C8T6
2024-05-13 22:58:14,732 [INFO] CADModel:114 - Register for checkConnection events
2024-05-13 22:58:14,779 [INFO] OpenFileManager:343 - Restore cursor
2024-05-13 22:58:15,771 [INFO] UtilMem:75 - End SaveConfig() Used Memory: 777006976 Bytes (1073741824)
2024-05-13 22:58:15,831 [INFO] UtilMem:75 - End SaveConfig() Used Memory: 789589888 Bytes (1073741824)
2024-05-13 22:58:16,259 [INFO] BlockDiagram:2759 - set Specific Code input for plugin: NVIC
2024-05-13 22:58:16,259 [INFO] BlockDiagram:2759 - set Specific Code input for plugin: RCC
2024-05-13 22:58:16,260 [INFO] CodeGenerator:807 - code generatio: config db path: C:\ST\STM32CubeIDE_1.14.1\STM32CubeIDE\plugins\com.st.stm32cube.common.mx_6.10.0.202311202037\\db\
2024-05-13 22:58:16,474 [INFO] CodeEngine:255 - oldGeneratedFile, C:\Users\tkach\Embedded-C\My_workspace\target\float\MXTmpFiles\license.tmp_save
2024-05-13 22:58:16,870 [INFO] CodeEngine:279 - Generated code: C:\Users\tkach\Embedded-C\My_workspace\target\float\MXTmpFiles\license.tmp
2024-05-13 22:58:16,899 [INFO] CodeEngine:255 - oldGeneratedFile, C:\Users\tkach\Embedded-C\My_workspace\target\float\Core\Src\stm32f1xx_it.c_save
2024-05-13 22:58:17,073 [INFO] CodeEngine:279 - Generated code: C:\Users\tkach\Embedded-C\My_workspace\target\float\Core\Src\stm32f1xx_it.c
2024-05-13 22:58:17,078 [INFO] CodeEngine:255 - oldGeneratedFile, C:\Users\tkach\Embedded-C\My_workspace\target\float\Core\Inc\stm32f1xx_it.h_save
2024-05-13 22:58:17,168 [INFO] CodeEngine:279 - Generated code: C:\Users\tkach\Embedded-C\My_workspace\target\float\Core\Inc\stm32f1xx_it.h
2024-05-13 22:58:17,280 [INFO] CodeEngine:255 - oldGeneratedFile, C:\Users\tkach\Embedded-C\My_workspace\target\float\Core\Src\stm32f1xx_hal_msp.c_save
2024-05-13 22:58:17,377 [INFO] CodeEngine:279 - Generated code: C:\Users\tkach\Embedded-C\My_workspace\target\float\Core\Src\stm32f1xx_hal_msp.c
2024-05-13 22:58:17,392 [INFO] CodeEngine:255 - oldGeneratedFile, C:\Users\tkach\Embedded-C\My_workspace\target\float\MXTmpFiles\system.tmp_save
2024-05-13 22:58:17,450 [INFO] CodeEngine:279 - Generated code: C:\Users\tkach\Embedded-C\My_workspace\target\float\MXTmpFiles\system.tmp
2024-05-13 22:58:17,463 [INFO] CodeEngine:311 - oldGeneratedFile, C:\Users\tkach\Embedded-C\My_workspace\target\float\Core\Inc\stm32f1xx_hal_conf.h_save
2024-05-13 22:58:17,540 [INFO] CodeEngine:335 - Generated code: C:\Users\tkach\Embedded-C\My_workspace\target\float\Core\Inc\stm32f1xx_hal_conf.h
2024-05-13 22:58:17,573 [INFO] CodeEngine:255 - oldGeneratedFile, C:\Users\tkach\Embedded-C\My_workspace\target\float\Core\Inc\main.h_save
2024-05-13 22:58:17,648 [INFO] CodeEngine:279 - Generated code: C:\Users\tkach\Embedded-C\My_workspace\target\float\Core\Inc\main.h
2024-05-13 22:58:17,663 [INFO] CodeEngine:255 - oldGeneratedFile, C:\Users\tkach\Embedded-C\My_workspace\target\float\Core\Src\main.c_save
2024-05-13 22:58:17,791 [INFO] CodeEngine:279 - Generated code: C:\Users\tkach\Embedded-C\My_workspace\target\float\Core\Src\main.c
2024-05-13 22:58:18,535 [INFO] ProjectBuilder:3076 - Time for Copy HAL[1] : 170mS.
2024-05-13 22:58:18,544 [INFO] ProjectBuilder:4485 - Project Generator version: 4.2.0-B44
2024-05-13 22:58:18,837 [INFO] ConfigFileManager:1495 - The Die is : DIE410
2024-05-13 22:58:18,849 [INFO] ApiDbMcu:508 - Load IP Config File for FATFS
2024-05-13 22:58:18,857 [INFO] ApiDbMcu:508 - Load IP Config File for FREERTOS
2024-05-13 22:58:18,864 [INFO] ApiDbMcu:508 - Load IP Config File for USB_DEVICE
2024-05-13 22:58:19,829 [INFO] LogOutputStream:77 - [STDOUT_REDIRECT] 
2024-05-13 22:58:21,705 [INFO] ProjectBuilder:4747 - Time for Generating toolchain IDE Files: 3161mS.
2024-05-13 22:58:21,706 [INFO] ProjectBuilder:2947 - Time for Copy CMSIS : 1mS.
2024-05-13 22:58:21,710 [INFO] ProjectBuilder:2947 - Time for Copy CMSIS : 0mS.
2024-05-13 22:58:22,673 [INFO] McuFinderGlobals:76 - Set McuFinderConnectedMode to true
2024-05-13 22:58:22,677 [INFO] ApiDb:448 - Save user favorites file C:\Users\tkach/.stm32cubeide/favorites.mcus.txt: 0 item(s)
2024-05-13 22:58:22,677 [INFO] ApiDb:452 - User favorites MCUs=[]
2024-05-13 23:35:36,975 [INFO] LogOutputStream:77 - [STDOUT_REDIRECT] StartTraceHandler.execute(), success : Collect=true
2024-05-13 23:35:37,579 [INFO] LogOutputStream:77 - [STDOUT_REDIRECT] StartTraceHandler.execute(), success : Collect=false
2024-05-13 23:52:57,659 [ERROR] LogOutputStream:75 - [STDERR_REDIRECT] 
2024-05-13 23:52:57,660 [ERROR] LogOutputStream:75 - [STDERR_REDIRECT] 
