2024-05-26 19:07:27,544 [INFO] Activator:176 - 


2024-05-26 19:07:27,549 [INFO] Activator:177 - !SESSION log4j initialized
2024-05-26 19:07:33,374 [INFO] LogOutputStream:77 - [STDOUT_REDIRECT] 
2024-05-26 19:07:39,748 [INFO] ApplicationProperties:184 - Using Application install path: C:\ST\STM32CubeIDE_1.14.1\STM32CubeIDE\plugins\com.st.stm32cube.common.mx_6.10.0.202311202037
2024-05-26 19:07:39,765 [INFO] DbMcusXml:78 - Set database path to: C:\ST\STM32CubeIDE_1.14.1\STM32CubeIDE\plugins\com.st.stm32cube.common.mx_6.10.0.202311202037\\db\/mcu/
2024-05-26 19:07:39,765 [INFO] ApiDb:274 - Set plugin database path to: C:\ST\STM32CubeIDE_1.14.1\STM32CubeIDE\plugins\com.st.stm32cube.common.mx_6.10.0.202311202037\\db\/plugins/boardmanager/
2024-05-26 19:07:39,766 [WARN] ApiDb:259 - Overriding images path with different value:  => C:\ST\STM32CubeIDE_1.14.1\STM32CubeIDE\plugins\com.st.stm32cube.common.mx_6.10.0.202311202037\\db\/plugins/mcufinder/images/
2024-05-26 19:07:39,775 [INFO] ApiDb:250 - Set database path to: C:\Users\tkach\.stmcufinder\plugins\mcufinder//mcu/
2024-05-26 19:07:39,776 [INFO] DbMcusAds:125 - Set database path to: C:\Users\tkach\.stmcufinder\plugins\mcufinder//mcu/
2024-05-26 19:07:39,778 [INFO] CrossReferenceDbSqlite:203 - Set database path to: C:\Users\tkach\.stmcufinder\plugins\mcufinder//mcu/cs/
2024-05-26 19:07:39,876 [INFO] RulesReader:64 - Compatibility file has been processed (297 Rules)
2024-05-26 19:07:39,956 [INFO] DbMcusXml:78 - Set database path to: C:\ST\STM32CubeIDE_1.14.1\STM32CubeIDE\plugins\com.st.stm32cube.common.mx_6.10.0.202311202037\\db\/mcu/
2024-05-26 19:07:39,957 [INFO] ApiDb:274 - Set plugin database path to: C:\ST\STM32CubeIDE_1.14.1\STM32CubeIDE\plugins\com.st.stm32cube.common.mx_6.10.0.202311202037\\db\/plugins/boardmanager/
2024-05-26 19:07:39,957 [INFO] ApiDb:261 - Set plugin images path to: C:\ST\STM32CubeIDE_1.14.1\STM32CubeIDE\plugins\com.st.stm32cube.common.mx_6.10.0.202311202037\\db\/plugins/mcufinder/images/
2024-05-26 19:07:39,957 [WARN] DbFile:41 - Overriding database path with different value: C:\Users\tkach\.stmcufinder\plugins\mcufinder/ => C:\Users\tkach\.stmcufinder\plugins\mcufinder
2024-05-26 19:07:39,957 [INFO] ApiDb:250 - Set database path to: C:\Users\tkach\.stmcufinder\plugins\mcufinder//mcu/
2024-05-26 19:07:39,957 [WARN] DbFile:41 - Overriding database path with different value: C:\Users\tkach\.stmcufinder\plugins\mcufinder/ => C:\Users\tkach\.stmcufinder\plugins\mcufinder
2024-05-26 19:07:39,957 [INFO] DbMcusAds:125 - Set database path to: C:\Users\tkach\.stmcufinder\plugins\mcufinder//mcu/
2024-05-26 19:07:39,957 [WARN] DbFile:41 - Overriding database path with different value: C:\Users\tkach\.stmcufinder\plugins\mcufinder/ => C:\Users\tkach\.stmcufinder\plugins\mcufinder
2024-05-26 19:07:39,957 [WARN] DbFile:41 - Overriding database path with different value: C:\Users\tkach\.stmcufinder\plugins\mcufinder/ => C:\Users\tkach\.stmcufinder\plugins\mcufinder
2024-05-26 19:07:39,957 [INFO] CrossReferenceDbSqlite:203 - Set database path to: C:\Users\tkach\.stmcufinder\plugins\mcufinder//mcu/cs/
2024-05-26 19:07:40,029 [INFO] MainPanel:264 - HeapMemory: 268435456
2024-05-26 19:07:40,123 [INFO] DbMcusXml:78 - Set database path to: C:\ST\STM32CubeIDE_1.14.1\STM32CubeIDE\plugins\com.st.stm32cube.common.mx_6.10.0.202311202037\\db\/mcu/
2024-05-26 19:07:40,123 [INFO] ApiDb:274 - Set plugin database path to: C:\ST\STM32CubeIDE_1.14.1\STM32CubeIDE\plugins\com.st.stm32cube.common.mx_6.10.0.202311202037\\db\/plugins/boardmanager/
2024-05-26 19:07:40,123 [INFO] ApiDb:261 - Set plugin images path to: C:\ST\STM32CubeIDE_1.14.1\STM32CubeIDE\plugins\com.st.stm32cube.common.mx_6.10.0.202311202037\\db\/plugins/mcufinder/images/
2024-05-26 19:07:40,124 [WARN] DbFile:41 - Overriding database path with different value: C:\Users\tkach\.stmcufinder\plugins\mcufinder/ => C:\Users\tkach\.stmcufinder\plugins\mcufinder
2024-05-26 19:07:40,124 [INFO] ApiDb:250 - Set database path to: C:\Users\tkach\.stmcufinder\plugins\mcufinder//mcu/
2024-05-26 19:07:40,124 [WARN] DbFile:41 - Overriding database path with different value: C:\Users\tkach\.stmcufinder\plugins\mcufinder/ => C:\Users\tkach\.stmcufinder\plugins\mcufinder
2024-05-26 19:07:40,124 [INFO] DbMcusAds:125 - Set database path to: C:\Users\tkach\.stmcufinder\plugins\mcufinder//mcu/
2024-05-26 19:07:40,124 [WARN] DbFile:41 - Overriding database path with different value: C:\Users\tkach\.stmcufinder\plugins\mcufinder/ => C:\Users\tkach\.stmcufinder\plugins\mcufinder
2024-05-26 19:07:40,124 [WARN] DbFile:41 - Overriding database path with different value: C:\Users\tkach\.stmcufinder\plugins\mcufinder/ => C:\Users\tkach\.stmcufinder\plugins\mcufinder
2024-05-26 19:07:40,124 [INFO] CrossReferenceDbSqlite:203 - Set database path to: C:\Users\tkach\.stmcufinder\plugins\mcufinder//mcu/cs/
2024-05-26 19:07:40,141 [INFO] ApplicationProperties:184 - Using Application install path: C:\ST\STM32CubeIDE_1.14.1\STM32CubeIDE\plugins\com.st.stm32cube.common.mx_6.10.0.202311202037
2024-05-26 19:07:40,143 [INFO] PluginManage:196 - Search for loadable plugins [exclusion list=, ]
2024-05-26 19:07:40,144 [INFO] PluginManage:310 - Check plugin analytics
2024-05-26 19:07:44,856 [INFO] AnalyticsPlugin:253 - Accepted Software Licenses: 
2024-05-26 19:07:44,856 [INFO] AnalyticsPlugin:255 - Accepted CMSIS Pack Licenses: 
2024-05-26 19:07:44,857 [INFO] AnalyticsPlugin:257 - Accepted Firmware Licenses: 
2024-05-26 19:07:44,858 [INFO] PluginManage:359 - Loaded plugin analytics (category:tool,tabindex:-1)
2024-05-26 19:07:44,859 [INFO] PluginManage:310 - Check plugin cadmodel
2024-05-26 19:07:44,871 [INFO] CADModel:105 - Init CAD model plugin
2024-05-26 19:07:44,871 [INFO] PluginManage:359 - Loaded plugin cadmodel (category:power,tabindex:5)
2024-05-26 19:07:44,871 [INFO] PluginManage:310 - Check plugin clock
2024-05-26 19:07:44,889 [INFO] PluginManage:359 - Loaded plugin clock (category:base,tabindex:2)
2024-05-26 19:07:44,889 [INFO] PluginManage:310 - Check plugin ddr
2024-05-26 19:07:44,891 [INFO] PluginManage:359 - Loaded plugin ddr (category:tool,tabindex:6)
2024-05-26 19:07:44,891 [INFO] PluginManage:310 - Check plugin filemanager
2024-05-26 19:07:45,007 [INFO] PluginManage:359 - Loaded plugin filemanager (category:base,tabindex:10)
2024-05-26 19:07:45,007 [INFO] PluginManage:310 - Check plugin ipmanager
2024-05-26 19:07:45,014 [INFO] PluginManage:359 - Loaded plugin ipmanager (category:base,tabindex:5)
2024-05-26 19:07:45,014 [INFO] PluginManage:310 - Check plugin lpbam
2024-05-26 19:07:45,028 [INFO] PluginManage:359 - Loaded plugin lpbam (category:base,tabindex:0)
2024-05-26 19:07:45,028 [INFO] PluginManage:310 - Check plugin memorymap
2024-05-26 19:07:45,048 [INFO] PluginManage:359 - Loaded plugin memorymap (category:base,tabindex:4)
2024-05-26 19:07:45,048 [INFO] PluginManage:310 - Check plugin pinoutandconfiguration
2024-05-26 19:07:45,063 [INFO] PluginManage:359 - Loaded plugin pinoutandconfiguration (category:base,tabindex:1)
2024-05-26 19:07:45,063 [INFO] PluginManage:310 - Check plugin pinoutconfig
2024-05-26 19:07:45,140 [WARN] SupportedApi:132 - Cannot load RTOS API schema: s4s-elt-must-match.1: The content of 'definitions' must match (annotation?, (simpleType | complexType)?, (unique | key | keyref)*)). A problem was found starting at: attribute.
2024-05-26 19:07:45,247 [INFO] PluginManage:359 - Loaded plugin pinoutconfig (category:base,tabindex:0)
2024-05-26 19:07:45,247 [INFO] PluginManage:310 - Check plugin power
2024-05-26 19:07:45,265 [INFO] PluginManage:359 - Loaded plugin power (category:power,tabindex:4)
2024-05-26 19:07:45,265 [INFO] PluginManage:310 - Check plugin projectmanager
2024-05-26 19:07:45,278 [INFO] PluginManage:359 - Loaded plugin projectmanager (category:projectmanager,tabindex:3)
2024-05-26 19:07:45,278 [INFO] PluginManage:310 - Check plugin thirdparty
2024-05-26 19:07:45,504 [INFO] PluginManage:359 - Loaded plugin thirdparty (category:base,tabindex:-1)
2024-05-26 19:07:45,504 [WARN] IntegrityCheckThread:84 - waiting for thirdparty lock release [integrity check]
2024-05-26 19:07:45,504 [INFO] PluginManage:310 - Check plugin tools
2024-05-26 19:07:45,504 [INFO] IntegrityCheckThread:86 - entering critical section [integrity check]
2024-05-26 19:07:45,504 [INFO] ThirdPartyUpdaterWithRetryManager:70 - Updater plugin not ready yet. [1/15]
2024-05-26 19:07:45,533 [INFO] PluginManage:359 - Loaded plugin tools (category:base,tabindex:7)
2024-05-26 19:07:45,534 [INFO] PluginManage:310 - Check plugin tutovideos
2024-05-26 19:07:45,742 [INFO] PluginManage:359 - Loaded plugin tutovideos (category:base,tabindex:-1)
2024-05-26 19:07:45,742 [INFO] PluginManage:310 - Check plugin updater
2024-05-26 19:07:45,753 [INFO] PluginManage:359 - Loaded plugin updater (category:base,tabindex:12)
2024-05-26 19:07:45,753 [INFO] PluginManage:310 - Check plugin userauth
2024-05-26 19:07:45,758 [INFO] UserAuth:114 - Init User Auth plugin
2024-05-26 19:07:45,758 [INFO] PluginManage:359 - Loaded plugin userauth (category:base,tabindex:14)
2024-05-26 19:07:45,758 [INFO] PluginManage:283 - PluginManage : Loaded plugins [17]
2024-05-26 19:07:45,962 [INFO] PinOutPanel:1499 - setPackage(No Configuration,No Configuration)
2024-05-26 19:07:46,031 [INFO] CADModel:165 - CPN selected for project level
2024-05-26 19:07:46,032 [INFO] CADModel:114 - Register for checkConnection events
2024-05-26 19:07:46,055 [INFO] IPUIPlugin:80 - create IPUIPlugin
2024-05-26 19:07:46,055 [INFO] PluginManager:220 - loadIPPluginJar : add adc
2024-05-26 19:07:46,086 [INFO] IPUIPlugin:80 - create IPUIPlugin
2024-05-26 19:07:46,087 [INFO] PluginManager:220 - loadIPPluginJar : add aes
2024-05-26 19:07:46,122 [INFO] IPUIPlugin:80 - create IPUIPlugin
2024-05-26 19:07:46,122 [INFO] PluginManager:220 - loadIPPluginJar : add can
2024-05-26 19:07:46,140 [INFO] IPUIPlugin:80 - create IPUIPlugin
2024-05-26 19:07:46,140 [INFO] PluginManager:220 - loadIPPluginJar : add comp
2024-05-26 19:07:46,168 [INFO] IPUIPlugin:80 - create IPUIPlugin
2024-05-26 19:07:46,168 [INFO] PluginManager:220 - loadIPPluginJar : add cryp
2024-05-26 19:07:46,192 [INFO] IPUIPlugin:80 - create IPUIPlugin
2024-05-26 19:07:46,192 [INFO] PluginManager:220 - loadIPPluginJar : add dfsdm
2024-05-26 19:07:46,206 [INFO] IPUIPlugin:80 - create IPUIPlugin
2024-05-26 19:07:46,206 [INFO] PluginManager:220 - loadIPPluginJar : add dma
2024-05-26 19:07:46,242 [INFO] IPUIPlugin:80 - create IPUIPlugin
2024-05-26 19:07:46,242 [INFO] PluginManager:220 - loadIPPluginJar : add dma3
2024-05-26 19:07:46,260 [INFO] IPUIPlugin:80 - create IPUIPlugin
2024-05-26 19:07:46,260 [INFO] PluginManager:220 - loadIPPluginJar : add fatfs
2024-05-26 19:07:46,299 [INFO] IPUIPlugin:80 - create IPUIPlugin
2024-05-26 19:07:46,299 [INFO] PluginManager:220 - loadIPPluginJar : add fmc
2024-05-26 19:07:46,314 [INFO] IPUIPlugin:80 - create IPUIPlugin
2024-05-26 19:07:46,314 [INFO] PluginManager:220 - loadIPPluginJar : add freertos
2024-05-26 19:07:46,331 [INFO] IPUIPlugin:80 - create IPUIPlugin
2024-05-26 19:07:46,331 [INFO] PluginManager:220 - loadIPPluginJar : add genericplugin
2024-05-26 19:07:46,409 [INFO] IPUIPlugin:80 - create IPUIPlugin
2024-05-26 19:07:46,409 [INFO] PluginManager:220 - loadIPPluginJar : add gfxmmu
2024-05-26 19:07:46,530 [INFO] IPUIPlugin:80 - create IPUIPlugin
2024-05-26 19:07:46,530 [INFO] PluginManager:220 - loadIPPluginJar : add gic
2024-05-26 19:07:46,541 [INFO] IPUIPlugin:80 - create IPUIPlugin
2024-05-26 19:07:46,541 [INFO] PluginManager:220 - loadIPPluginJar : add gpio
2024-05-26 19:07:46,615 [INFO] IPUIPlugin:80 - create IPUIPlugin
2024-05-26 19:07:46,615 [INFO] PluginManager:220 - loadIPPluginJar : add gtzc
2024-05-26 19:07:46,642 [INFO] IPUIPlugin:80 - create IPUIPlugin
2024-05-26 19:07:46,642 [INFO] PluginManager:220 - loadIPPluginJar : add hash
2024-05-26 19:07:46,686 [INFO] IPUIPlugin:80 - create IPUIPlugin
2024-05-26 19:07:46,686 [INFO] PluginManager:220 - loadIPPluginJar : add i2c
2024-05-26 19:07:46,717 [INFO] IPUIPlugin:80 - create IPUIPlugin
2024-05-26 19:07:46,717 [INFO] PluginManager:220 - loadIPPluginJar : add i2s
2024-05-26 19:07:46,751 [INFO] IPUIPlugin:80 - create IPUIPlugin
2024-05-26 19:07:46,751 [INFO] PluginManager:220 - loadIPPluginJar : add i3c
2024-05-26 19:07:46,849 [INFO] IPUIPlugin:80 - create IPUIPlugin
2024-05-26 19:07:46,849 [INFO] PluginManager:220 - loadIPPluginJar : add ipddr
2024-05-26 19:07:46,945 [INFO] IPUIPlugin:80 - create IPUIPlugin
2024-05-26 19:07:46,945 [INFO] PluginManager:220 - loadIPPluginJar : add linkedlist
2024-05-26 19:07:46,980 [INFO] IPUIPlugin:80 - create IPUIPlugin
2024-05-26 19:07:46,980 [INFO] PluginManager:220 - loadIPPluginJar : add lorawan
2024-05-26 19:07:47,011 [INFO] IPUIPlugin:80 - create IPUIPlugin
2024-05-26 19:07:47,011 [INFO] PluginManager:220 - loadIPPluginJar : add ltdc
2024-05-26 19:07:47,022 [INFO] IPUIPlugin:80 - create IPUIPlugin
2024-05-26 19:07:47,023 [INFO] PluginManager:220 - loadIPPluginJar : add mdma
2024-05-26 19:07:47,033 [INFO] IPUIPlugin:80 - create IPUIPlugin
2024-05-26 19:07:47,033 [INFO] PluginManager:220 - loadIPPluginJar : add nvic
2024-05-26 19:07:47,063 [INFO] IPUIPlugin:80 - create IPUIPlugin
2024-05-26 19:07:47,063 [INFO] PluginManager:220 - loadIPPluginJar : add opamp
2024-05-26 19:07:47,111 [INFO] IPUIPlugin:80 - create IPUIPlugin
2024-05-26 19:07:47,111 [INFO] PluginManager:220 - loadIPPluginJar : add openamp
2024-05-26 19:07:47,145 [INFO] IPUIPlugin:80 - create IPUIPlugin
2024-05-26 19:07:47,146 [INFO] PluginManager:220 - loadIPPluginJar : add pdm2pcm
2024-05-26 19:07:47,158 [INFO] IPUIPlugin:80 - create IPUIPlugin
2024-05-26 19:07:47,160 [INFO] PluginManager:220 - loadIPPluginJar : add plateformsettings
2024-05-26 19:07:47,177 [INFO] IPUIPlugin:80 - create IPUIPlugin
2024-05-26 19:07:47,177 [INFO] PluginManager:220 - loadIPPluginJar : add quadspi
2024-05-26 19:07:47,188 [INFO] IPUIPlugin:80 - create IPUIPlugin
2024-05-26 19:07:47,188 [INFO] PluginManager:220 - loadIPPluginJar : add resmgrutility
2024-05-26 19:07:47,225 [INFO] IPUIPlugin:80 - create IPUIPlugin
2024-05-26 19:07:47,226 [INFO] PluginManager:220 - loadIPPluginJar : add sai
2024-05-26 19:07:47,256 [INFO] IPUIPlugin:80 - create IPUIPlugin
2024-05-26 19:07:47,256 [INFO] PluginManager:220 - loadIPPluginJar : add spi
2024-05-26 19:07:47,324 [INFO] IPUIPlugin:80 - create IPUIPlugin
2024-05-26 19:07:47,325 [INFO] PluginManager:220 - loadIPPluginJar : add stm32_wpan
2024-05-26 19:07:47,372 [INFO] IPUIPlugin:80 - create IPUIPlugin
2024-05-26 19:07:47,372 [INFO] PluginManager:220 - loadIPPluginJar : add tim
2024-05-26 19:07:47,419 [INFO] IPUIPlugin:80 - create IPUIPlugin
2024-05-26 19:07:47,419 [INFO] PluginManager:220 - loadIPPluginJar : add touchsensing
2024-05-26 19:07:47,436 [INFO] IPUIPlugin:80 - create IPUIPlugin
2024-05-26 19:07:47,436 [INFO] PluginManager:220 - loadIPPluginJar : add tracer_emb
2024-05-26 19:07:47,454 [INFO] IPUIPlugin:80 - create IPUIPlugin
2024-05-26 19:07:47,455 [INFO] PluginManager:220 - loadIPPluginJar : add ts
2024-05-26 19:07:47,473 [INFO] IPUIPlugin:80 - create IPUIPlugin
2024-05-26 19:07:47,473 [INFO] PluginManager:220 - loadIPPluginJar : add tsc
2024-05-26 19:07:47,492 [INFO] IPUIPlugin:80 - create IPUIPlugin
2024-05-26 19:07:47,492 [INFO] PluginManager:220 - loadIPPluginJar : add ucpd
2024-05-26 19:07:47,528 [INFO] IPUIPlugin:80 - create IPUIPlugin
2024-05-26 19:07:47,528 [INFO] PluginManager:220 - loadIPPluginJar : add usart
2024-05-26 19:07:47,565 [INFO] IPUIPlugin:80 - create IPUIPlugin
2024-05-26 19:07:47,565 [INFO] PluginManager:220 - loadIPPluginJar : add usbx
2024-05-26 19:07:47,680 [INFO] CADModel:165 - CPN selected for project level
2024-05-26 19:07:47,681 [INFO] CADModel:114 - Register for checkConnection events
2024-05-26 19:07:47,681 [FATAL] Updater:308 - Updater called before beeing initialized
2024-05-26 19:07:47,681 [ERROR] CADModel:125 - Updater not yet initialized, retry later 
2024-05-26 19:07:47,807 [INFO] CADModel:165 - CPN selected for project level
2024-05-26 19:07:47,808 [INFO] CADModel:114 - Register for checkConnection events
2024-05-26 19:07:47,808 [FATAL] Updater:308 - Updater called before beeing initialized
2024-05-26 19:07:47,808 [ERROR] CADModel:125 - Updater not yet initialized, retry later 
2024-05-26 19:07:47,811 [FATAL] Updater:308 - Updater called before beeing initialized
2024-05-26 19:07:47,916 [FATAL] Updater:308 - Updater called before beeing initialized
2024-05-26 19:07:47,923 [INFO] DbMcusAds:53 - JSON generation date=Thu May 02 11:37:29 EEST 2024 (1714639049318)
2024-05-26 19:07:47,923 [FATAL] Updater:308 - Updater called before beeing initialized
2024-05-26 19:07:48,008 [WARN] DetailPanel:346 - Failed to get advertising image, set to default
2024-05-26 19:07:48,087 [FATAL] Updater:308 - Updater called before beeing initialized
2024-05-26 19:07:48,090 [FATAL] Updater:308 - Updater called before beeing initialized
2024-05-26 19:07:48,090 [FATAL] Updater:308 - Updater called before beeing initialized
2024-05-26 19:07:48,090 [WARN] DetailPanel:346 - Failed to get advertising image, set to default
2024-05-26 19:07:48,090 [FATAL] Updater:308 - Updater called before beeing initialized
2024-05-26 19:07:48,143 [ERROR] Updater:1120 - MainUpdater not yet initialized. External WinMGr cannot be set.
2024-05-26 19:07:48,152 [INFO] Updater:1056 - Updater Version found : 6.10.0
2024-05-26 19:07:48,170 [INFO] ApplicationProperties:184 - Using Application install path: C:\ST\STM32CubeIDE_1.14.1\STM32CubeIDE\plugins\com.st.stm32cube.common.mx_6.10.0.202311202037
2024-05-26 19:07:48,505 [INFO] ThirdPartyUpdaterWithRetryManager:70 - Updater plugin not ready yet. [2/15]
2024-05-26 19:07:49,754 [ERROR] LogOutputStream:75 - [STDERR_REDIRECT] May 26, 2024 7:07:49 PM java.util.prefs.WindowsPreferences <init>
2024-05-26 19:07:49,756 [ERROR] LogOutputStream:75 - [STDERR_REDIRECT] WARNING: Could not open/create prefs root node Software\JavaSoft\Prefs at root 0xffffffff80000002. Windows RegCreateKeyEx(...) returned error code 5.
2024-05-26 19:07:49,756 [ERROR] LogOutputStream:75 - [STDERR_REDIRECT] 
2024-05-26 19:07:50,135 [INFO] MainUpdater:2873 - connection check result : 10
2024-05-26 19:07:50,135 [INFO] MainUpdater:3567 - Updater definition file requires update
2024-05-26 19:07:50,136 [INFO] MainUpdater:290 - Updater Check For Update Now.
2024-05-26 19:07:50,136 [INFO] MicroXplorer:498 - Change Database Version : DB.6.0.100
2024-05-26 19:07:50,159 [INFO] McuFinderGlobals:63 - Set McuFinder mode to 2 (CubeIDE integrated)
2024-05-26 19:07:50,328 [INFO] ServerAccessManage:473 - Download File updaters.zip
2024-05-26 19:07:50,478 [INFO] UserAuth:404 - Internet connection configuration mode: 1
2024-05-26 19:07:50,495 [INFO] FileExtend:240 - Unzip File : updaters.zip
2024-05-26 19:07:50,496 [INFO] FileExtend:255 - Standard Zip Deflate
2024-05-26 19:07:50,513 [INFO] JxBrowserEngine:152 - Initiate JxBrowser Engine with user profile folder
2024-05-26 19:07:50,975 [INFO] ServerAccessManage:473 - Download File PacksControlFlags.xml
2024-05-26 19:07:51,173 [INFO] ServerAccessManage:473 - Download File cubemx.pidx
2024-05-26 19:07:51,508 [WARN] MainUpdater:1194 - Updater busy. Cannot search thirdparties
2024-05-26 19:07:51,508 [INFO] ThirdPartyUpdaterWithRetryManager:96 - Updater plugin is busy. [1/15]
2024-05-26 19:07:51,878 [INFO] ServerAccessManage:473 - Download File STMicroelectronics.X-CUBE-ALS.pdsc
2024-05-26 19:07:53,301 [WARN] PackLoader:240 - Cannot read IP mode file for STMicroelectronics.X-CUBE-ALS.1.0.2
2024-05-26 19:07:53,303 [INFO] PopulateThirdPartyThread:66 - Ending populate Thread
2024-05-26 19:07:53,305 [INFO] ThirdParty:1030 - CMSIS Pack Vendor :STMicroelectronics X-CUBE-ALS 1.0.2
2024-05-26 19:07:53,305 [INFO] LoadServerUpdatesThread:375 - End of LoadServerUpdate Thread
2024-05-26 19:07:53,439 [INFO] CheckServerUpdateThread:120 - End of CheckServer Thread
2024-05-26 19:07:53,935 [INFO] WebApp:161 - Instantiating new browser for Auth
2024-05-26 19:07:54,519 [INFO] WebApp:780 - Register for checkConnection events
2024-05-26 19:07:54,519 [INFO] WebApp:414 - Apply proxy settings
2024-05-26 19:07:54,519 [INFO] WebApp:499 - Chromium requires no authentication
2024-05-26 19:07:54,526 [INFO] WebApp:442 - Direct internet connection detected
2024-05-26 19:07:54,660 [WARN] PackLoader:240 - Cannot read IP mode file for STMicroelectronics.FP-SNS-MOTENVWB1.1.4.0
2024-05-26 19:07:54,672 [WARN] PackLoader:240 - Cannot read IP mode file for STMicroelectronics.X-CUBE-SMBUS.2.1.0
2024-05-26 19:07:54,685 [WARN] PackLoader:240 - Cannot read IP mode file for STMicroelectronics.X-CUBE-TOUCHGFX.4.23.0
2024-05-26 19:07:54,695 [WARN] PackLoader:240 - Cannot read IP mode file for STMicroelectronics.X-CUBE-TOUCHGFX.4.23.2
2024-05-26 19:07:54,713 [INFO] WebApp:192 - Starting web application
2024-05-26 19:07:54,714 [INFO] WebApp:544 - Web application path used C:\ST\STM32CubeIDE_1.14.1\STM32CubeIDE\plugins\com.st.stm32cube.common.mx_6.10.0.202311202037\db\plugins\mcufinder\reactClient1\index.html
2024-05-26 19:07:54,738 [WARN] PackLoader:240 - Cannot read IP mode file for STMicroelectronics.X-CUBE-AZRTOS-F7.1.1.0
2024-05-26 19:07:54,759 [WARN] PackLoader:240 - Cannot read IP mode file for STMicroelectronics.FP-SNS-MOTENV1.4.3.2
2024-05-26 19:07:54,769 [WARN] PackLoader:240 - Cannot read IP mode file for STMicroelectronics.FP-SNS-FLIGHT1.5.0.2
2024-05-26 19:07:54,791 [WARN] PackLoader:240 - Cannot read IP mode file for STMicroelectronics.X-CUBE-DISPLAY.3.0.0
2024-05-26 19:07:54,820 [WARN] PackLoader:240 - Cannot read IP mode file for STMicroelectronics.X-CUBE-BLE1.7.0.0
2024-05-26 19:07:54,834 [WARN] PackLoader:240 - Cannot read IP mode file for emotas.I-CUBE-CANOPEN.1.3.0
2024-05-26 19:07:54,853 [WARN] PackLoader:240 - Cannot read IP mode file for STMicroelectronics.X-CUBE-BLEMGR.3.1.0
2024-05-26 19:07:54,871 [WARN] PackLoader:240 - Cannot read IP mode file for STMicroelectronics.FP-SNS-SMARTAG2.1.2.0
2024-05-26 19:07:54,903 [INFO] LogOutputStream:77 - [STDOUT_REDIRECT] 1 : Invalid condition id : UX_CORESTACK_Condition cause : null
2024-05-26 19:07:54,903 [INFO] LogOutputStream:77 - [STDOUT_REDIRECT] 1 : Invalid condition id : UX_CORESTACK_Condition cause : null
2024-05-26 19:07:54,905 [INFO] LogOutputStream:77 - [STDOUT_REDIRECT] 1 : Invalid condition id : UX_CORESTACK_Condition cause : null
2024-05-26 19:07:54,906 [INFO] LogOutputStream:77 - [STDOUT_REDIRECT] 1 : Invalid condition id : UX_CORESTACK_Condition cause : null
2024-05-26 19:07:54,907 [INFO] LogOutputStream:77 - [STDOUT_REDIRECT] 1 : Invalid condition id : UX_CORESTACK_Condition cause : null
2024-05-26 19:07:54,913 [WARN] PackLoader:240 - Cannot read IP mode file for STMicroelectronics.X-CUBE-AZRTOS-WL.2.0.0
2024-05-26 19:07:54,932 [WARN] PackLoader:240 - Cannot read IP mode file for STMicroelectronics.FP-SNS-MOTENV1.5.0.0
2024-05-26 19:07:54,953 [WARN] PackLoader:240 - Cannot read IP mode file for WES.I-CUBE-Cesium.1.3.0
2024-05-26 19:07:54,971 [WARN] PackLoader:240 - Cannot read IP mode file for STMicroelectronics.X-CUBE-BLE2.3.3.0
2024-05-26 19:07:54,990 [WARN] PackLoader:240 - Cannot read IP mode file for STMicroelectronics.X-CUBE-TCPP.4.1.0
2024-05-26 19:07:55,009 [WARN] PackLoader:240 - Cannot read IP mode file for STMicroelectronics.X-CUBE-ALGOBUILD.1.3.0
2024-05-26 19:07:55,047 [WARN] PackLoader:240 - Cannot read IP mode file for STMicroelectronics.X-CUBE-AZRTOS-G0.1.1.0
2024-05-26 19:07:55,071 [WARN] PackLoader:240 - Cannot read IP mode file for STMicroelectronics.X-CUBE-SAFEA1.1.2.2
2024-05-26 19:07:55,089 [WARN] PackLoader:240 - Cannot read IP mode file for STMicroelectronics.X-CUBE-NFC4.3.0.0
2024-05-26 19:07:55,109 [WARN] PackLoader:240 - Cannot read IP mode file for STMicroelectronics.X-CUBE-BLEMGR.3.0.0
2024-05-26 19:07:55,121 [WARN] PackLoader:240 - Cannot read IP mode file for STMicroelectronics.FP-ATR-SIGFOX1.3.2.0
2024-05-26 19:07:55,137 [WARN] PackLoader:240 - Cannot read IP mode file for STMicroelectronics.X-CUBE-EEPRMA1.5.1.0
2024-05-26 19:07:55,196 [WARN] PackLoader:240 - Cannot read IP mode file for SEGGER.I-CUBE-embOS.1.3.1
2024-05-26 19:07:55,260 [WARN] PackLoader:240 - Cannot read IP mode file for STMicroelectronics.X-CUBE-ALGOBUILD.1.4.0
2024-05-26 19:07:55,274 [WARN] PackLoader:240 - Cannot read IP mode file for STMicroelectronics.X-CUBE-GNSS1.6.0.0
2024-05-26 19:07:55,309 [WARN] PackLoader:240 - Cannot read IP mode file for STMicroelectronics.X-CUBE-AZRTOS-F4.1.1.0
2024-05-26 19:07:55,329 [WARN] PackLoader:240 - Cannot read IP mode file for STMicroelectronics.X-CUBE-FREERTOS.1.2.0
2024-05-26 19:07:55,340 [WARN] PackLoader:240 - Cannot read IP mode file for wolfSSL.I-CUBE-wolfSSL.5.6.6
2024-05-26 19:07:55,369 [WARN] PackLoader:240 - Cannot read IP mode file for STMicroelectronics.X-CUBE-AZRTOS-L5.2.0.0
2024-05-26 19:07:55,384 [WARN] PackLoader:240 - Cannot read IP mode file for STMicroelectronics.X-CUBE-EEPRMA1.4.2.0
2024-05-26 19:07:55,400 [WARN] PackLoader:240 - Cannot read IP mode file for STMicroelectronics.X-CUBE-NFC6.3.1.0
2024-05-26 19:07:55,414 [WARN] PackLoader:240 - Cannot read IP mode file for ITTIA_DB.I-CUBE-ITTIADB.8.8.0
2024-05-26 19:07:55,424 [WARN] PackLoader:240 - Cannot read IP mode file for STMicroelectronics.X-CUBE-AI.9.0.0
2024-05-26 19:07:55,438 [WARN] PackLoader:240 - Cannot read IP mode file for STMicroelectronics.X-CUBE-NFC7.1.0.1
2024-05-26 19:07:55,452 [WARN] PackLoader:240 - Cannot read IP mode file for STMicroelectronics.X-CUBE-NFC6.3.0.0
2024-05-26 19:07:55,465 [WARN] PackLoader:240 - Cannot read IP mode file for STMicroelectronics.X-CUBE-AI.8.1.0
2024-05-26 19:07:55,500 [WARN] ConditionMgr:438 - getConditionDescription Invalid condition id : LAN8742 Phy interface Condition cause : null
2024-05-26 19:07:55,500 [WARN] PackLoader:240 - Cannot read IP mode file for STMicroelectronics.X-CUBE-AZRTOS-L4.2.0.0
2024-05-26 19:07:55,502 [WARN] ConditionMgr:1039 - genDependencies : Invalid condition id : LAN8742 Phy interface Condition cause : null
2024-05-26 19:07:55,502 [WARN] ConditionMgr:1039 - genDependencies : Invalid condition id : LAN8742 Phy interface Condition cause : null
2024-05-26 19:07:55,503 [WARN] ConditionMgr:1039 - genDependencies : Invalid condition id : LAN8742 Phy interface Condition cause : null
2024-05-26 19:07:55,519 [WARN] PackLoader:240 - Cannot read IP mode file for STMicroelectronics.X-CUBE-SFXS2LP1.4.0.0
2024-05-26 19:07:55,549 [WARN] ConditionMgr:438 - getConditionDescription Invalid condition id : UX DEVICE CLASS RTOS Condition cause : null
2024-05-26 19:07:55,549 [WARN] ConditionMgr:438 - getConditionDescription Invalid condition id : UX DEVICE CLASS RTOS Condition cause : null
2024-05-26 19:07:55,552 [WARN] PackLoader:240 - Cannot read IP mode file for STMicroelectronics.X-CUBE-AZRTOS-WB.2.0.0
2024-05-26 19:07:55,552 [WARN] ConditionMgr:1039 - genDependencies : Invalid condition id : UX DEVICE CLASS RTOS Condition cause : null
2024-05-26 19:07:55,552 [WARN] ConditionMgr:1039 - genDependencies : Invalid condition id : UX DEVICE CLASS RTOS Condition cause : null
2024-05-26 19:07:55,553 [WARN] ConditionMgr:1039 - genDependencies : Invalid condition id : UX DEVICE CLASS RTOS Condition cause : null
2024-05-26 19:07:55,553 [WARN] ConditionMgr:1039 - genDependencies : Invalid condition id : UX DEVICE CLASS RTOS Condition cause : null
2024-05-26 19:07:55,553 [WARN] ConditionMgr:1039 - genDependencies : Invalid condition id : UX DEVICE CLASS RTOS Condition cause : null
2024-05-26 19:07:55,571 [WARN] PackLoader:240 - Cannot read IP mode file for STMicroelectronics.X-CUBE-SUBG2.5.0.0
2024-05-26 19:07:55,600 [WARN] PackLoader:240 - Cannot read IP mode file for STMicroelectronics.X-CUBE-AZRTOS-G4.2.0.0
2024-05-26 19:07:55,620 [WARN] PackLoader:240 - Cannot read IP mode file for Infineon.AIROC-Wi-Fi-Bluetooth-STM32.1.5.1
2024-05-26 19:07:55,633 [WARN] PackLoader:240 - Cannot read IP mode file for STMicroelectronics.FP-SNS-MOTENVWB1.1.3.1
2024-05-26 19:07:55,645 [WARN] PackLoader:240 - Cannot read IP mode file for STMicroelectronics.X-CUBE-ISPU.2.0.0
2024-05-26 19:07:55,649 [WARN] PackLoader:240 - Cannot read IP mode file for STMicroelectronics.X-CUBE-ALS.1.0.2
2024-05-26 19:07:55,694 [WARN] PackLoader:240 - Cannot read IP mode file for STMicroelectronics.X-CUBE-MEMS1.10.0.0
2024-05-26 19:07:55,793 [WARN] PackLoader:240 - Cannot read IP mode file for STMicroelectronics.X-CUBE-FREERTOS.1.1.0
2024-05-26 19:07:55,805 [WARN] PackLoader:240 - Cannot read IP mode file for portGmbH.I-Cube-SoM-uGOAL.1.1.0
2024-05-26 19:07:55,816 [WARN] PackLoader:240 - Cannot read IP mode file for STMicroelectronics.X-CUBE-ALS.1.0.1
2024-05-26 19:07:55,840 [WARN] PackLoader:240 - Cannot read IP mode file for STMicroelectronics.X-CUBE-AZRTOS-H7RS.1.0.0
2024-05-26 19:07:55,846 [WARN] PackLoader:240 - Cannot read IP mode file for STMicroelectronics.FP-ATR-ASTRA1.2.0.0
2024-05-26 19:07:55,863 [WARN] PackLoader:240 - Cannot read IP mode file for STMicroelectronics.X-CUBE-TOF1.3.4.0
2024-05-26 19:07:55,885 [WARN] PackLoader:240 - Cannot read IP mode file for STMicroelectronics.X-CUBE-TOF1.3.4.1
2024-05-26 19:07:55,918 [WARN] PackLoader:240 - Cannot read IP mode file for STMicroelectronics.X-CUBE-AZRTOS-H7.3.2.0
2024-05-26 19:07:55,921 [INFO] ThirdParty:978 - Integrity check success = true
2024-05-26 19:07:55,921 [INFO] IntegrityCheckThread:100 - exiting critical section [integrity check]
2024-05-26 19:07:55,921 [INFO] IntegrityCheckThread:103 - End integrity checks thread
2024-05-26 19:08:15,593 [ERROR] LogOutputStream:75 - [STDERR_REDIRECT] SLF4J: Failed to load class "org.slf4j.impl.StaticLoggerBinder".
2024-05-26 19:08:15,594 [ERROR] LogOutputStream:75 - [STDERR_REDIRECT] SLF4J: Defaulting to no-operation (NOP) logger implementation
2024-05-26 19:08:15,595 [ERROR] LogOutputStream:75 - [STDERR_REDIRECT] SLF4J: See http://www.slf4j.org/codes.html#StaticLoggerBinder for further details.
2024-05-26 19:19:54,562 [ERROR] LogOutputStream:75 - [STDERR_REDIRECT] 
2024-05-26 19:19:54,563 [ERROR] LogOutputStream:75 - [STDERR_REDIRECT] 
