2024-10-02 23:23:01,928 [INFO] Activator:176 - 


2024-10-02 23:23:01,934 [INFO] Activator:177 - !SESSION log4j initialized
2024-10-02 23:23:09,136 [INFO] LogOutputStream:77 - [STDOUT_REDIRECT] 
2024-10-02 23:23:13,597 [INFO] ApplicationProperties:184 - Using Application install path: C:\ST\STM32CubeIDE_1.14.1\STM32CubeIDE\plugins\com.st.stm32cube.common.mx_6.10.0.202311202037
2024-10-02 23:23:13,620 [INFO] DbMcusXml:78 - Set database path to: C:\ST\STM32CubeIDE_1.14.1\STM32CubeIDE\plugins\com.st.stm32cube.common.mx_6.10.0.202311202037\\db\/mcu/
2024-10-02 23:23:13,620 [INFO] ApiDb:274 - Set plugin database path to: C:\ST\STM32CubeIDE_1.14.1\STM32CubeIDE\plugins\com.st.stm32cube.common.mx_6.10.0.202311202037\\db\/plugins/boardmanager/
2024-10-02 23:23:13,620 [WARN] ApiDb:259 - Overriding images path with different value:  => C:\ST\STM32CubeIDE_1.14.1\STM32CubeIDE\plugins\com.st.stm32cube.common.mx_6.10.0.202311202037\\db\/plugins/mcufinder/images/
2024-10-02 23:23:13,632 [INFO] ApiDb:250 - Set database path to: C:\Users\tkach\.stmcufinder\plugins\mcufinder//mcu/
2024-10-02 23:23:13,635 [INFO] DbMcusAds:125 - Set database path to: C:\Users\tkach\.stmcufinder\plugins\mcufinder//mcu/
2024-10-02 23:23:13,637 [INFO] CrossReferenceDbSqlite:203 - Set database path to: C:\Users\tkach\.stmcufinder\plugins\mcufinder//mcu/cs/
2024-10-02 23:23:13,776 [INFO] RulesReader:64 - Compatibility file has been processed (297 Rules)
2024-10-02 23:23:13,904 [INFO] DbMcusXml:78 - Set database path to: C:\ST\STM32CubeIDE_1.14.1\STM32CubeIDE\plugins\com.st.stm32cube.common.mx_6.10.0.202311202037\\db\/mcu/
2024-10-02 23:23:13,904 [INFO] ApiDb:274 - Set plugin database path to: C:\ST\STM32CubeIDE_1.14.1\STM32CubeIDE\plugins\com.st.stm32cube.common.mx_6.10.0.202311202037\\db\/plugins/boardmanager/
2024-10-02 23:23:13,904 [INFO] ApiDb:261 - Set plugin images path to: C:\ST\STM32CubeIDE_1.14.1\STM32CubeIDE\plugins\com.st.stm32cube.common.mx_6.10.0.202311202037\\db\/plugins/mcufinder/images/
2024-10-02 23:23:13,904 [WARN] DbFile:41 - Overriding database path with different value: C:\Users\tkach\.stmcufinder\plugins\mcufinder/ => C:\Users\tkach\.stmcufinder\plugins\mcufinder
2024-10-02 23:23:13,905 [INFO] ApiDb:250 - Set database path to: C:\Users\tkach\.stmcufinder\plugins\mcufinder//mcu/
2024-10-02 23:23:13,905 [WARN] DbFile:41 - Overriding database path with different value: C:\Users\tkach\.stmcufinder\plugins\mcufinder/ => C:\Users\tkach\.stmcufinder\plugins\mcufinder
2024-10-02 23:23:13,905 [INFO] DbMcusAds:125 - Set database path to: C:\Users\tkach\.stmcufinder\plugins\mcufinder//mcu/
2024-10-02 23:23:13,905 [WARN] DbFile:41 - Overriding database path with different value: C:\Users\tkach\.stmcufinder\plugins\mcufinder/ => C:\Users\tkach\.stmcufinder\plugins\mcufinder
2024-10-02 23:23:13,905 [WARN] DbFile:41 - Overriding database path with different value: C:\Users\tkach\.stmcufinder\plugins\mcufinder/ => C:\Users\tkach\.stmcufinder\plugins\mcufinder
2024-10-02 23:23:13,905 [INFO] CrossReferenceDbSqlite:203 - Set database path to: C:\Users\tkach\.stmcufinder\plugins\mcufinder//mcu/cs/
2024-10-02 23:23:14,011 [INFO] MainPanel:264 - HeapMemory: 268435456
2024-10-02 23:23:14,138 [INFO] DbMcusXml:78 - Set database path to: C:\ST\STM32CubeIDE_1.14.1\STM32CubeIDE\plugins\com.st.stm32cube.common.mx_6.10.0.202311202037\\db\/mcu/
2024-10-02 23:23:14,138 [INFO] ApiDb:274 - Set plugin database path to: C:\ST\STM32CubeIDE_1.14.1\STM32CubeIDE\plugins\com.st.stm32cube.common.mx_6.10.0.202311202037\\db\/plugins/boardmanager/
2024-10-02 23:23:14,138 [INFO] ApiDb:261 - Set plugin images path to: C:\ST\STM32CubeIDE_1.14.1\STM32CubeIDE\plugins\com.st.stm32cube.common.mx_6.10.0.202311202037\\db\/plugins/mcufinder/images/
2024-10-02 23:23:14,139 [WARN] DbFile:41 - Overriding database path with different value: C:\Users\tkach\.stmcufinder\plugins\mcufinder/ => C:\Users\tkach\.stmcufinder\plugins\mcufinder
2024-10-02 23:23:14,139 [INFO] ApiDb:250 - Set database path to: C:\Users\tkach\.stmcufinder\plugins\mcufinder//mcu/
2024-10-02 23:23:14,139 [WARN] DbFile:41 - Overriding database path with different value: C:\Users\tkach\.stmcufinder\plugins\mcufinder/ => C:\Users\tkach\.stmcufinder\plugins\mcufinder
2024-10-02 23:23:14,139 [INFO] DbMcusAds:125 - Set database path to: C:\Users\tkach\.stmcufinder\plugins\mcufinder//mcu/
2024-10-02 23:23:14,139 [WARN] DbFile:41 - Overriding database path with different value: C:\Users\tkach\.stmcufinder\plugins\mcufinder/ => C:\Users\tkach\.stmcufinder\plugins\mcufinder
2024-10-02 23:23:14,139 [WARN] DbFile:41 - Overriding database path with different value: C:\Users\tkach\.stmcufinder\plugins\mcufinder/ => C:\Users\tkach\.stmcufinder\plugins\mcufinder
2024-10-02 23:23:14,139 [INFO] CrossReferenceDbSqlite:203 - Set database path to: C:\Users\tkach\.stmcufinder\plugins\mcufinder//mcu/cs/
2024-10-02 23:23:14,165 [INFO] ApplicationProperties:184 - Using Application install path: C:\ST\STM32CubeIDE_1.14.1\STM32CubeIDE\plugins\com.st.stm32cube.common.mx_6.10.0.202311202037
2024-10-02 23:23:14,168 [INFO] PluginManage:196 - Search for loadable plugins [exclusion list=, ]
2024-10-02 23:23:14,170 [INFO] PluginManage:310 - Check plugin analytics
2024-10-02 23:23:14,409 [INFO] AnalyticsPlugin:253 - Accepted Software Licenses: 
2024-10-02 23:23:14,410 [INFO] AnalyticsPlugin:255 - Accepted CMSIS Pack Licenses: 
2024-10-02 23:23:14,410 [INFO] AnalyticsPlugin:257 - Accepted Firmware Licenses: 
2024-10-02 23:23:14,412 [INFO] PluginManage:359 - Loaded plugin analytics (category:tool,tabindex:-1)
2024-10-02 23:23:14,413 [INFO] PluginManage:310 - Check plugin cadmodel
2024-10-02 23:23:14,429 [INFO] CADModel:105 - Init CAD model plugin
2024-10-02 23:23:14,430 [INFO] PluginManage:359 - Loaded plugin cadmodel (category:power,tabindex:5)
2024-10-02 23:23:14,430 [INFO] PluginManage:310 - Check plugin clock
2024-10-02 23:23:14,453 [INFO] PluginManage:359 - Loaded plugin clock (category:base,tabindex:2)
2024-10-02 23:23:14,453 [INFO] PluginManage:310 - Check plugin ddr
2024-10-02 23:23:14,455 [INFO] PluginManage:359 - Loaded plugin ddr (category:tool,tabindex:6)
2024-10-02 23:23:14,456 [INFO] PluginManage:310 - Check plugin filemanager
2024-10-02 23:23:14,601 [INFO] PluginManage:359 - Loaded plugin filemanager (category:base,tabindex:10)
2024-10-02 23:23:14,602 [INFO] PluginManage:310 - Check plugin ipmanager
2024-10-02 23:23:14,610 [INFO] PluginManage:359 - Loaded plugin ipmanager (category:base,tabindex:5)
2024-10-02 23:23:14,610 [INFO] PluginManage:310 - Check plugin lpbam
2024-10-02 23:23:14,630 [INFO] PluginManage:359 - Loaded plugin lpbam (category:base,tabindex:0)
2024-10-02 23:23:14,631 [INFO] PluginManage:310 - Check plugin memorymap
2024-10-02 23:23:14,658 [INFO] PluginManage:359 - Loaded plugin memorymap (category:base,tabindex:4)
2024-10-02 23:23:14,659 [INFO] PluginManage:310 - Check plugin pinoutandconfiguration
2024-10-02 23:23:14,677 [INFO] PluginManage:359 - Loaded plugin pinoutandconfiguration (category:base,tabindex:1)
2024-10-02 23:23:14,677 [INFO] PluginManage:310 - Check plugin pinoutconfig
2024-10-02 23:23:14,781 [WARN] SupportedApi:132 - Cannot load RTOS API schema: s4s-elt-must-match.1: The content of 'definitions' must match (annotation?, (simpleType | complexType)?, (unique | key | keyref)*)). A problem was found starting at: attribute.
2024-10-02 23:23:14,930 [INFO] PluginManage:359 - Loaded plugin pinoutconfig (category:base,tabindex:0)
2024-10-02 23:23:14,931 [INFO] PluginManage:310 - Check plugin power
2024-10-02 23:23:14,956 [INFO] PluginManage:359 - Loaded plugin power (category:power,tabindex:4)
2024-10-02 23:23:14,956 [INFO] PluginManage:310 - Check plugin projectmanager
2024-10-02 23:23:14,972 [INFO] PluginManage:359 - Loaded plugin projectmanager (category:projectmanager,tabindex:3)
2024-10-02 23:23:14,973 [INFO] PluginManage:310 - Check plugin thirdparty
2024-10-02 23:23:15,286 [INFO] PluginManage:359 - Loaded plugin thirdparty (category:base,tabindex:-1)
2024-10-02 23:23:15,286 [WARN] IntegrityCheckThread:84 - waiting for thirdparty lock release [integrity check]
2024-10-02 23:23:15,286 [INFO] PluginManage:310 - Check plugin tools
2024-10-02 23:23:15,286 [INFO] IntegrityCheckThread:86 - entering critical section [integrity check]
2024-10-02 23:23:15,287 [INFO] ThirdPartyUpdaterWithRetryManager:70 - Updater plugin not ready yet. [1/15]
2024-10-02 23:23:15,324 [INFO] PluginManage:359 - Loaded plugin tools (category:base,tabindex:7)
2024-10-02 23:23:15,324 [INFO] PluginManage:310 - Check plugin tutovideos
2024-10-02 23:23:15,535 [INFO] PluginManage:359 - Loaded plugin tutovideos (category:base,tabindex:-1)
2024-10-02 23:23:15,535 [INFO] PluginManage:310 - Check plugin updater
2024-10-02 23:23:15,548 [INFO] PluginManage:359 - Loaded plugin updater (category:base,tabindex:12)
2024-10-02 23:23:15,548 [INFO] PluginManage:310 - Check plugin userauth
2024-10-02 23:23:15,555 [INFO] UserAuth:114 - Init User Auth plugin
2024-10-02 23:23:15,555 [INFO] PluginManage:359 - Loaded plugin userauth (category:base,tabindex:14)
2024-10-02 23:23:15,555 [INFO] PluginManage:283 - PluginManage : Loaded plugins [17]
2024-10-02 23:23:15,828 [INFO] PinOutPanel:1499 - setPackage(No Configuration,No Configuration)
2024-10-02 23:23:15,910 [INFO] CADModel:165 - CPN selected for project level
2024-10-02 23:23:15,910 [INFO] CADModel:114 - Register for checkConnection events
2024-10-02 23:23:15,937 [INFO] IPUIPlugin:80 - create IPUIPlugin
2024-10-02 23:23:15,937 [INFO] PluginManager:220 - loadIPPluginJar : add adc
2024-10-02 23:23:15,974 [INFO] IPUIPlugin:80 - create IPUIPlugin
2024-10-02 23:23:15,974 [INFO] PluginManager:220 - loadIPPluginJar : add aes
2024-10-02 23:23:16,017 [INFO] IPUIPlugin:80 - create IPUIPlugin
2024-10-02 23:23:16,017 [INFO] PluginManager:220 - loadIPPluginJar : add can
2024-10-02 23:23:16,043 [INFO] IPUIPlugin:80 - create IPUIPlugin
2024-10-02 23:23:16,043 [INFO] PluginManager:220 - loadIPPluginJar : add comp
2024-10-02 23:23:16,081 [INFO] IPUIPlugin:80 - create IPUIPlugin
2024-10-02 23:23:16,081 [INFO] PluginManager:220 - loadIPPluginJar : add cryp
2024-10-02 23:23:16,113 [INFO] IPUIPlugin:80 - create IPUIPlugin
2024-10-02 23:23:16,113 [INFO] PluginManager:220 - loadIPPluginJar : add dfsdm
2024-10-02 23:23:16,130 [INFO] IPUIPlugin:80 - create IPUIPlugin
2024-10-02 23:23:16,130 [INFO] PluginManager:220 - loadIPPluginJar : add dma
2024-10-02 23:23:16,180 [INFO] IPUIPlugin:80 - create IPUIPlugin
2024-10-02 23:23:16,180 [INFO] PluginManager:220 - loadIPPluginJar : add dma3
2024-10-02 23:23:16,201 [INFO] IPUIPlugin:80 - create IPUIPlugin
2024-10-02 23:23:16,201 [INFO] PluginManager:220 - loadIPPluginJar : add fatfs
2024-10-02 23:23:16,253 [INFO] IPUIPlugin:80 - create IPUIPlugin
2024-10-02 23:23:16,253 [INFO] PluginManager:220 - loadIPPluginJar : add fmc
2024-10-02 23:23:16,270 [INFO] IPUIPlugin:80 - create IPUIPlugin
2024-10-02 23:23:16,270 [INFO] PluginManager:220 - loadIPPluginJar : add freertos
2024-10-02 23:23:16,291 [INFO] IPUIPlugin:80 - create IPUIPlugin
2024-10-02 23:23:16,292 [INFO] PluginManager:220 - loadIPPluginJar : add genericplugin
2024-10-02 23:23:16,406 [INFO] IPUIPlugin:80 - create IPUIPlugin
2024-10-02 23:23:16,406 [INFO] PluginManager:220 - loadIPPluginJar : add gfxmmu
2024-10-02 23:23:16,602 [INFO] IPUIPlugin:80 - create IPUIPlugin
2024-10-02 23:23:16,603 [INFO] PluginManager:220 - loadIPPluginJar : add gic
2024-10-02 23:23:16,619 [INFO] IPUIPlugin:80 - create IPUIPlugin
2024-10-02 23:23:16,619 [INFO] PluginManager:220 - loadIPPluginJar : add gpio
2024-10-02 23:23:16,756 [INFO] IPUIPlugin:80 - create IPUIPlugin
2024-10-02 23:23:16,756 [INFO] PluginManager:220 - loadIPPluginJar : add gtzc
2024-10-02 23:23:16,808 [INFO] IPUIPlugin:80 - create IPUIPlugin
2024-10-02 23:23:16,809 [INFO] PluginManager:220 - loadIPPluginJar : add hash
2024-10-02 23:23:16,890 [INFO] IPUIPlugin:80 - create IPUIPlugin
2024-10-02 23:23:16,890 [INFO] PluginManager:220 - loadIPPluginJar : add i2c
2024-10-02 23:23:16,941 [INFO] IPUIPlugin:80 - create IPUIPlugin
2024-10-02 23:23:16,941 [INFO] PluginManager:220 - loadIPPluginJar : add i2s
2024-10-02 23:23:17,010 [INFO] IPUIPlugin:80 - create IPUIPlugin
2024-10-02 23:23:17,010 [INFO] PluginManager:220 - loadIPPluginJar : add i3c
2024-10-02 23:23:17,169 [INFO] IPUIPlugin:80 - create IPUIPlugin
2024-10-02 23:23:17,170 [INFO] PluginManager:220 - loadIPPluginJar : add ipddr
2024-10-02 23:23:17,323 [INFO] IPUIPlugin:80 - create IPUIPlugin
2024-10-02 23:23:17,323 [INFO] PluginManager:220 - loadIPPluginJar : add linkedlist
2024-10-02 23:23:17,367 [INFO] IPUIPlugin:80 - create IPUIPlugin
2024-10-02 23:23:17,367 [INFO] PluginManager:220 - loadIPPluginJar : add lorawan
2024-10-02 23:23:17,412 [INFO] IPUIPlugin:80 - create IPUIPlugin
2024-10-02 23:23:17,413 [INFO] PluginManager:220 - loadIPPluginJar : add ltdc
2024-10-02 23:23:17,429 [INFO] IPUIPlugin:80 - create IPUIPlugin
2024-10-02 23:23:17,429 [INFO] PluginManager:220 - loadIPPluginJar : add mdma
2024-10-02 23:23:17,444 [INFO] IPUIPlugin:80 - create IPUIPlugin
2024-10-02 23:23:17,444 [INFO] PluginManager:220 - loadIPPluginJar : add nvic
2024-10-02 23:23:17,487 [INFO] IPUIPlugin:80 - create IPUIPlugin
2024-10-02 23:23:17,487 [INFO] PluginManager:220 - loadIPPluginJar : add opamp
2024-10-02 23:23:17,552 [INFO] IPUIPlugin:80 - create IPUIPlugin
2024-10-02 23:23:17,553 [INFO] PluginManager:220 - loadIPPluginJar : add openamp
2024-10-02 23:23:17,599 [INFO] IPUIPlugin:80 - create IPUIPlugin
2024-10-02 23:23:17,599 [INFO] PluginManager:220 - loadIPPluginJar : add pdm2pcm
2024-10-02 23:23:17,614 [INFO] IPUIPlugin:80 - create IPUIPlugin
2024-10-02 23:23:17,616 [INFO] PluginManager:220 - loadIPPluginJar : add plateformsettings
2024-10-02 23:23:17,639 [INFO] IPUIPlugin:80 - create IPUIPlugin
2024-10-02 23:23:17,640 [INFO] PluginManager:220 - loadIPPluginJar : add quadspi
2024-10-02 23:23:17,653 [INFO] IPUIPlugin:80 - create IPUIPlugin
2024-10-02 23:23:17,653 [INFO] PluginManager:220 - loadIPPluginJar : add resmgrutility
2024-10-02 23:23:17,704 [INFO] IPUIPlugin:80 - create IPUIPlugin
2024-10-02 23:23:17,704 [INFO] PluginManager:220 - loadIPPluginJar : add sai
2024-10-02 23:23:17,745 [INFO] IPUIPlugin:80 - create IPUIPlugin
2024-10-02 23:23:17,745 [INFO] PluginManager:220 - loadIPPluginJar : add spi
2024-10-02 23:23:17,819 [INFO] IPUIPlugin:80 - create IPUIPlugin
2024-10-02 23:23:17,820 [INFO] PluginManager:220 - loadIPPluginJar : add stm32_wpan
2024-10-02 23:23:17,857 [INFO] IPUIPlugin:80 - create IPUIPlugin
2024-10-02 23:23:17,858 [INFO] PluginManager:220 - loadIPPluginJar : add tim
2024-10-02 23:23:17,916 [INFO] IPUIPlugin:80 - create IPUIPlugin
2024-10-02 23:23:17,917 [INFO] PluginManager:220 - loadIPPluginJar : add touchsensing
2024-10-02 23:23:17,940 [INFO] IPUIPlugin:80 - create IPUIPlugin
2024-10-02 23:23:17,940 [INFO] PluginManager:220 - loadIPPluginJar : add tracer_emb
2024-10-02 23:23:17,967 [INFO] IPUIPlugin:80 - create IPUIPlugin
2024-10-02 23:23:17,967 [INFO] PluginManager:220 - loadIPPluginJar : add ts
2024-10-02 23:23:17,992 [INFO] IPUIPlugin:80 - create IPUIPlugin
2024-10-02 23:23:17,992 [INFO] PluginManager:220 - loadIPPluginJar : add tsc
2024-10-02 23:23:18,016 [INFO] IPUIPlugin:80 - create IPUIPlugin
2024-10-02 23:23:18,016 [INFO] PluginManager:220 - loadIPPluginJar : add ucpd
2024-10-02 23:23:18,064 [INFO] IPUIPlugin:80 - create IPUIPlugin
2024-10-02 23:23:18,064 [INFO] PluginManager:220 - loadIPPluginJar : add usart
2024-10-02 23:23:18,112 [INFO] IPUIPlugin:80 - create IPUIPlugin
2024-10-02 23:23:18,112 [INFO] PluginManager:220 - loadIPPluginJar : add usbx
2024-10-02 23:23:18,246 [INFO] CADModel:165 - CPN selected for project level
2024-10-02 23:23:18,247 [INFO] CADModel:114 - Register for checkConnection events
2024-10-02 23:23:18,247 [FATAL] Updater:308 - Updater called before beeing initialized
2024-10-02 23:23:18,248 [ERROR] CADModel:125 - Updater not yet initialized, retry later 
2024-10-02 23:23:18,288 [INFO] ThirdPartyUpdaterWithRetryManager:70 - Updater plugin not ready yet. [2/15]
2024-10-02 23:23:18,444 [INFO] CADModel:165 - CPN selected for project level
2024-10-02 23:23:18,444 [INFO] CADModel:114 - Register for checkConnection events
2024-10-02 23:23:18,444 [FATAL] Updater:308 - Updater called before beeing initialized
2024-10-02 23:23:18,444 [ERROR] CADModel:125 - Updater not yet initialized, retry later 
2024-10-02 23:23:18,447 [FATAL] Updater:308 - Updater called before beeing initialized
2024-10-02 23:23:18,590 [FATAL] Updater:308 - Updater called before beeing initialized
2024-10-02 23:23:18,603 [INFO] DbMcusAds:53 - JSON generation date=Fri Sep 20 16:04:23 EEST 2024 (1726837463113)
2024-10-02 23:23:18,603 [FATAL] Updater:308 - Updater called before beeing initialized
2024-10-02 23:23:18,715 [WARN] DetailPanel:346 - Failed to get advertising image, set to default
2024-10-02 23:23:18,816 [FATAL] Updater:308 - Updater called before beeing initialized
2024-10-02 23:23:18,818 [FATAL] Updater:308 - Updater called before beeing initialized
2024-10-02 23:23:18,818 [FATAL] Updater:308 - Updater called before beeing initialized
2024-10-02 23:23:18,818 [WARN] DetailPanel:346 - Failed to get advertising image, set to default
2024-10-02 23:23:18,819 [FATAL] Updater:308 - Updater called before beeing initialized
2024-10-02 23:23:18,892 [ERROR] Updater:1120 - MainUpdater not yet initialized. External WinMGr cannot be set.
2024-10-02 23:23:18,903 [INFO] Updater:1056 - Updater Version found : 6.10.0
2024-10-02 23:23:18,923 [INFO] ApplicationProperties:184 - Using Application install path: C:\ST\STM32CubeIDE_1.14.1\STM32CubeIDE\plugins\com.st.stm32cube.common.mx_6.10.0.202311202037
2024-10-02 23:23:20,516 [ERROR] LogOutputStream:75 - [STDERR_REDIRECT] Oct 02, 2024 11:23:20 PM java.util.prefs.WindowsPreferences <init>
2024-10-02 23:23:20,519 [ERROR] LogOutputStream:75 - [STDERR_REDIRECT] WARNING: Could not open/create prefs root node Software\JavaSoft\Prefs at root 0xffffffff80000002. Windows RegCreateKeyEx(...) returned error code 5.
2024-10-02 23:23:20,520 [ERROR] LogOutputStream:75 - [STDERR_REDIRECT] 
2024-10-02 23:23:21,055 [INFO] MainUpdater:2873 - connection check result : 10
2024-10-02 23:23:21,058 [INFO] MainUpdater:290 - Updater Check For Update Now.
2024-10-02 23:23:21,058 [INFO] MicroXplorer:498 - Change Database Version : DB.6.0.100
2024-10-02 23:23:21,092 [INFO] McuFinderGlobals:63 - Set McuFinder mode to 2 (CubeIDE integrated)
2024-10-02 23:23:21,290 [WARN] MainUpdater:1194 - Updater busy. Cannot search thirdparties
2024-10-02 23:23:21,290 [INFO] ThirdPartyUpdaterWithRetryManager:96 - Updater plugin is busy. [1/15]
2024-10-02 23:23:21,299 [INFO] CheckServerUpdateThread:120 - End of CheckServer Thread
2024-10-02 23:23:21,755 [INFO] UserAuth:404 - Internet connection configuration mode: 1
2024-10-02 23:23:21,799 [INFO] JxBrowserEngine:152 - Initiate JxBrowser Engine with user profile folder
2024-10-02 23:23:24,556 [WARN] PackLoader:240 - Cannot read IP mode file for STMicroelectronics.FP-SNS-MOTENVWB1.1.4.0
2024-10-02 23:23:24,580 [WARN] PackLoader:240 - Cannot read IP mode file for STMicroelectronics.X-CUBE-SMBUS.2.1.0
2024-10-02 23:23:24,594 [WARN] PackLoader:240 - Cannot read IP mode file for STMicroelectronics.X-CUBE-TOUCHGFX.4.23.0
2024-10-02 23:23:24,607 [WARN] PackLoader:240 - Cannot read IP mode file for STMicroelectronics.X-CUBE-TOUCHGFX.4.23.2
2024-10-02 23:23:24,663 [WARN] PackLoader:240 - Cannot read IP mode file for STMicroelectronics.X-CUBE-AZRTOS-F7.1.1.0
2024-10-02 23:23:24,687 [WARN] PackLoader:240 - Cannot read IP mode file for STMicroelectronics.FP-SNS-MOTENV1.4.3.2
2024-10-02 23:23:24,793 [WARN] PackLoader:240 - Cannot read IP mode file for STMicroelectronics.X-CUBE-MEMS1.11.0.0
2024-10-02 23:23:25,165 [WARN] PackLoader:240 - Cannot read IP mode file for STMicroelectronics.FP-SNS-FLIGHT1.5.0.2
2024-10-02 23:23:25,186 [WARN] PackLoader:240 - Cannot read IP mode file for STMicroelectronics.X-CUBE-DISPLAY.3.0.0
2024-10-02 23:23:25,212 [WARN] PackLoader:240 - Cannot read IP mode file for STMicroelectronics.X-CUBE-BLE1.7.0.0
2024-10-02 23:23:25,232 [WARN] PackLoader:240 - Cannot read IP mode file for STMicroelectronics.X-CUBE-NFC10.1.0.0
2024-10-02 23:23:25,252 [WARN] PackLoader:240 - Cannot read IP mode file for emotas.I-CUBE-CANOPEN.1.3.0
2024-10-02 23:23:25,276 [WARN] PackLoader:240 - Cannot read IP mode file for STMicroelectronics.X-CUBE-BLEMGR.3.1.0
2024-10-02 23:23:25,315 [WARN] PackLoader:240 - Cannot read IP mode file for STMicroelectronics.FP-SNS-SMARTAG2.1.2.0
2024-10-02 23:23:25,347 [INFO] LogOutputStream:77 - [STDOUT_REDIRECT] 1 : Invalid condition id : UX_CORESTACK_Condition cause : null
2024-10-02 23:23:25,348 [INFO] LogOutputStream:77 - [STDOUT_REDIRECT] 1 : Invalid condition id : UX_CORESTACK_Condition cause : null
2024-10-02 23:23:25,350 [INFO] LogOutputStream:77 - [STDOUT_REDIRECT] 1 : Invalid condition id : UX_CORESTACK_Condition cause : null
2024-10-02 23:23:25,352 [INFO] LogOutputStream:77 - [STDOUT_REDIRECT] 1 : Invalid condition id : UX_CORESTACK_Condition cause : null
2024-10-02 23:23:25,354 [INFO] LogOutputStream:77 - [STDOUT_REDIRECT] 1 : Invalid condition id : UX_CORESTACK_Condition cause : null
2024-10-02 23:23:25,359 [WARN] PackLoader:240 - Cannot read IP mode file for STMicroelectronics.X-CUBE-AZRTOS-WL.2.0.0
2024-10-02 23:23:25,379 [WARN] PackLoader:240 - Cannot read IP mode file for STMicroelectronics.FP-SNS-MOTENV1.5.0.0
2024-10-02 23:23:25,401 [WARN] PackLoader:240 - Cannot read IP mode file for wolfSSL.I-CUBE-wolfMQTT.1.19.0
2024-10-02 23:23:25,434 [WARN] PackLoader:240 - Cannot read IP mode file for WES.I-CUBE-Cesium.1.3.0
2024-10-02 23:23:25,460 [WARN] PackLoader:240 - Cannot read IP mode file for STMicroelectronics.X-CUBE-BLE2.3.3.0
2024-10-02 23:23:25,481 [WARN] PackLoader:240 - Cannot read IP mode file for STMicroelectronics.X-CUBE-NFC9.1.0.0
2024-10-02 23:23:25,528 [WARN] PackLoader:240 - Cannot read IP mode file for STMicroelectronics.X-CUBE-TCPP.4.1.0
2024-10-02 23:23:25,560 [WARN] PackLoader:240 - Cannot read IP mode file for STMicroelectronics.X-CUBE-ALGOBUILD.1.3.0
2024-10-02 23:23:25,582 [INFO] WebApp:161 - Instantiating new browser for Auth
2024-10-02 23:23:25,613 [WARN] PackLoader:240 - Cannot read IP mode file for STMicroelectronics.X-CUBE-AZRTOS-G0.1.1.0
2024-10-02 23:23:25,664 [WARN] PackLoader:240 - Cannot read IP mode file for STMicroelectronics.X-CUBE-SAFEA1.1.2.2
2024-10-02 23:23:25,688 [WARN] PackLoader:240 - Cannot read IP mode file for STMicroelectronics.X-CUBE-NFC4.3.0.0
2024-10-02 23:23:25,719 [WARN] PackLoader:240 - Cannot read IP mode file for EmbeddedOffice.I-CUBE-FS-RTOS.1.0.1
2024-10-02 23:23:25,720 [ERROR] ConditionMgr:805 - Attr not supported : Dmpu
2024-10-02 23:23:25,720 [ERROR] ConditionMgr:805 - Attr not supported : Dmpu
2024-10-02 23:23:25,720 [ERROR] ConditionMgr:805 - Attr not supported : Dmpu
2024-10-02 23:23:25,720 [ERROR] ConditionMgr:805 - Attr not supported : Dmpu
2024-10-02 23:23:25,720 [ERROR] ConditionMgr:805 - Attr not supported : Dmpu
2024-10-02 23:23:25,720 [ERROR] ConditionMgr:805 - Attr not supported : Dmpu
2024-10-02 23:23:25,720 [ERROR] ConditionMgr:805 - Attr not supported : Dmpu
2024-10-02 23:23:25,721 [ERROR] ConditionMgr:805 - Attr not supported : Dmpu
2024-10-02 23:23:25,721 [ERROR] ConditionMgr:805 - Attr not supported : Dmpu
2024-10-02 23:23:25,721 [ERROR] ConditionMgr:805 - Attr not supported : Dmpu
2024-10-02 23:23:25,721 [ERROR] ConditionMgr:805 - Attr not supported : Dmpu
2024-10-02 23:23:25,721 [ERROR] ConditionMgr:805 - Attr not supported : Dmpu
2024-10-02 23:23:25,721 [ERROR] ConditionMgr:805 - Attr not supported : Dmpu
2024-10-02 23:23:25,721 [ERROR] ConditionMgr:805 - Attr not supported : Dmpu
2024-10-02 23:23:25,721 [ERROR] ConditionMgr:805 - Attr not supported : Dmpu
2024-10-02 23:23:25,721 [ERROR] ConditionMgr:805 - Attr not supported : Dmpu
2024-10-02 23:23:25,721 [ERROR] ConditionMgr:805 - Attr not supported : Dmpu
2024-10-02 23:23:25,722 [ERROR] ConditionMgr:805 - Attr not supported : Dmpu
2024-10-02 23:23:25,722 [ERROR] ConditionMgr:805 - Attr not supported : Dmpu
2024-10-02 23:23:25,722 [ERROR] ConditionMgr:805 - Attr not supported : Dmpu
2024-10-02 23:23:25,722 [ERROR] ConditionMgr:805 - Attr not supported : Dmpu
2024-10-02 23:23:25,722 [ERROR] ConditionMgr:805 - Attr not supported : Dmpu
2024-10-02 23:23:25,722 [ERROR] ConditionMgr:805 - Attr not supported : Dmpu
2024-10-02 23:23:25,722 [ERROR] ConditionMgr:805 - Attr not supported : Dmpu
2024-10-02 23:23:25,722 [ERROR] ConditionMgr:805 - Attr not supported : Dmpu
2024-10-02 23:23:25,722 [ERROR] ConditionMgr:805 - Attr not supported : Dmpu
2024-10-02 23:23:25,723 [ERROR] ConditionMgr:805 - Attr not supported : Dmpu
2024-10-02 23:23:25,723 [ERROR] ConditionMgr:805 - Attr not supported : Dmpu
2024-10-02 23:23:25,723 [ERROR] ConditionMgr:805 - Attr not supported : Dmpu
2024-10-02 23:23:25,723 [ERROR] ConditionMgr:805 - Attr not supported : Dmpu
2024-10-02 23:23:25,723 [ERROR] ConditionMgr:805 - Attr not supported : Dmpu
2024-10-02 23:23:25,723 [ERROR] ConditionMgr:805 - Attr not supported : Dmpu
2024-10-02 23:23:25,723 [ERROR] ConditionMgr:805 - Attr not supported : Dmpu
2024-10-02 23:23:25,723 [ERROR] ConditionMgr:805 - Attr not supported : Dmpu
2024-10-02 23:23:25,724 [ERROR] ConditionMgr:805 - Attr not supported : Dmpu
2024-10-02 23:23:25,724 [ERROR] ConditionMgr:805 - Attr not supported : Dmpu
2024-10-02 23:23:25,724 [ERROR] ConditionMgr:805 - Attr not supported : Dmpu
2024-10-02 23:23:25,724 [ERROR] ConditionMgr:805 - Attr not supported : Dmpu
2024-10-02 23:23:25,725 [ERROR] ConditionMgr:805 - Attr not supported : Dmpu
2024-10-02 23:23:25,726 [ERROR] ConditionMgr:805 - Attr not supported : Dmpu
2024-10-02 23:23:25,726 [ERROR] ConditionMgr:805 - Attr not supported : Dmpu
2024-10-02 23:23:25,726 [ERROR] ConditionMgr:805 - Attr not supported : Dmpu
2024-10-02 23:23:25,726 [ERROR] ConditionMgr:805 - Attr not supported : Dmpu
2024-10-02 23:23:25,726 [ERROR] ConditionMgr:805 - Attr not supported : Dmpu
2024-10-02 23:23:25,726 [ERROR] ConditionMgr:805 - Attr not supported : Dmpu
2024-10-02 23:23:25,726 [ERROR] ConditionMgr:805 - Attr not supported : Dmpu
2024-10-02 23:23:25,726 [ERROR] ConditionMgr:805 - Attr not supported : Dmpu
2024-10-02 23:23:25,727 [ERROR] ConditionMgr:805 - Attr not supported : Dmpu
2024-10-02 23:23:25,727 [ERROR] ConditionMgr:805 - Attr not supported : Dmpu
2024-10-02 23:23:25,727 [ERROR] ConditionMgr:805 - Attr not supported : Dmpu
2024-10-02 23:23:25,727 [ERROR] ConditionMgr:805 - Attr not supported : Dmpu
2024-10-02 23:23:25,727 [ERROR] ConditionMgr:805 - Attr not supported : Dmpu
2024-10-02 23:23:25,727 [ERROR] ConditionMgr:805 - Attr not supported : Dmpu
2024-10-02 23:23:25,727 [ERROR] ConditionMgr:805 - Attr not supported : Dmpu
2024-10-02 23:23:25,727 [ERROR] ConditionMgr:805 - Attr not supported : Dmpu
2024-10-02 23:23:25,727 [ERROR] ConditionMgr:805 - Attr not supported : Dmpu
2024-10-02 23:23:25,728 [ERROR] ConditionMgr:805 - Attr not supported : Dmpu
2024-10-02 23:23:25,728 [ERROR] ConditionMgr:805 - Attr not supported : Dmpu
2024-10-02 23:23:25,728 [ERROR] ConditionMgr:805 - Attr not supported : Dmpu
2024-10-02 23:23:25,728 [ERROR] ConditionMgr:805 - Attr not supported : Dmpu
2024-10-02 23:23:25,728 [ERROR] ConditionMgr:805 - Attr not supported : Dmpu
2024-10-02 23:23:25,728 [ERROR] ConditionMgr:805 - Attr not supported : Dmpu
2024-10-02 23:23:25,728 [ERROR] ConditionMgr:805 - Attr not supported : Dmpu
2024-10-02 23:23:25,728 [ERROR] ConditionMgr:805 - Attr not supported : Dmpu
2024-10-02 23:23:25,761 [WARN] PackLoader:240 - Cannot read IP mode file for STMicroelectronics.X-CUBE-BLEMGR.3.0.0
2024-10-02 23:23:25,788 [WARN] PackLoader:240 - Cannot read IP mode file for RealThread.X-CUBE-RT-Thread_Nano.4.1.1
2024-10-02 23:23:25,807 [WARN] PackLoader:240 - Cannot read IP mode file for STMicroelectronics.FP-ATR-SIGFOX1.3.2.0
2024-10-02 23:23:25,828 [WARN] PackLoader:240 - Cannot read IP mode file for STMicroelectronics.X-CUBE-EEPRMA1.5.1.0
2024-10-02 23:23:25,881 [WARN] PackLoader:240 - Cannot read IP mode file for SEGGER.I-CUBE-embOS.1.3.1
2024-10-02 23:23:25,928 [WARN] PackLoader:240 - Cannot read IP mode file for STMicroelectronics.X-CUBE-ALGOBUILD.1.4.0
2024-10-02 23:23:25,944 [WARN] PackLoader:240 - Cannot read IP mode file for STMicroelectronics.X-CUBE-GNSS1.6.0.0
2024-10-02 23:23:25,985 [WARN] PackLoader:240 - Cannot read IP mode file for STMicroelectronics.X-CUBE-AZRTOS-F4.1.1.0
2024-10-02 23:23:26,005 [WARN] PackLoader:240 - Cannot read IP mode file for STMicroelectronics.X-CUBE-ISPU.2.1.0
2024-10-02 23:23:26,021 [WARN] PackLoader:240 - Cannot read IP mode file for STMicroelectronics.X-CUBE-FREERTOS.1.2.0
2024-10-02 23:23:26,034 [WARN] PackLoader:240 - Cannot read IP mode file for wolfSSL.I-CUBE-wolfSSL.5.6.6
2024-10-02 23:23:26,068 [WARN] PackLoader:240 - Cannot read IP mode file for STMicroelectronics.X-CUBE-AZRTOS-L5.2.0.0
2024-10-02 23:23:26,083 [WARN] PackLoader:240 - Cannot read IP mode file for STMicroelectronics.X-CUBE-EEPRMA1.4.2.0
2024-10-02 23:23:26,101 [WARN] PackLoader:240 - Cannot read IP mode file for STMicroelectronics.X-CUBE-NFC6.3.1.0
2024-10-02 23:23:26,117 [WARN] PackLoader:240 - Cannot read IP mode file for ITTIA_DB.I-CUBE-ITTIADB.8.8.0
2024-10-02 23:23:26,138 [WARN] PackLoader:240 - Cannot read IP mode file for STMicroelectronics.X-CUBE-DPower.1.2.0
2024-10-02 23:23:26,157 [WARN] PackLoader:240 - Cannot read IP mode file for STMicroelectronics.X-CUBE-AI.9.0.0
2024-10-02 23:23:26,175 [WARN] PackLoader:240 - Cannot read IP mode file for STMicroelectronics.X-CUBE-NFC7.1.0.1
2024-10-02 23:23:26,196 [WARN] PackLoader:240 - Cannot read IP mode file for STMicroelectronics.X-CUBE-NFC6.3.0.0
2024-10-02 23:23:26,218 [WARN] PackLoader:240 - Cannot read IP mode file for STMicroelectronics.X-CUBE-AI.8.1.0
2024-10-02 23:23:26,263 [WARN] ConditionMgr:438 - getConditionDescription Invalid condition id : LAN8742 Phy interface Condition cause : null
2024-10-02 23:23:26,264 [WARN] PackLoader:240 - Cannot read IP mode file for STMicroelectronics.X-CUBE-AZRTOS-L4.2.0.0
2024-10-02 23:23:26,267 [WARN] ConditionMgr:1039 - genDependencies : Invalid condition id : LAN8742 Phy interface Condition cause : null
2024-10-02 23:23:26,267 [WARN] ConditionMgr:1039 - genDependencies : Invalid condition id : LAN8742 Phy interface Condition cause : null
2024-10-02 23:23:26,268 [WARN] ConditionMgr:1039 - genDependencies : Invalid condition id : LAN8742 Phy interface Condition cause : null
2024-10-02 23:23:26,290 [WARN] PackLoader:240 - Cannot read IP mode file for STMicroelectronics.X-CUBE-SFXS2LP1.4.0.0
2024-10-02 23:23:26,330 [WARN] PackLoader:240 - Cannot read IP mode file for STMicroelectronics.X-CUBE-AZRTOS-H7.3.3.0
2024-10-02 23:23:26,365 [WARN] ConditionMgr:438 - getConditionDescription Invalid condition id : UX DEVICE CLASS RTOS Condition cause : null
2024-10-02 23:23:26,365 [WARN] ConditionMgr:438 - getConditionDescription Invalid condition id : UX DEVICE CLASS RTOS Condition cause : null
2024-10-02 23:23:26,368 [WARN] PackLoader:240 - Cannot read IP mode file for STMicroelectronics.X-CUBE-AZRTOS-WB.2.0.0
2024-10-02 23:23:26,368 [WARN] ConditionMgr:1039 - genDependencies : Invalid condition id : UX DEVICE CLASS RTOS Condition cause : null
2024-10-02 23:23:26,369 [WARN] ConditionMgr:1039 - genDependencies : Invalid condition id : UX DEVICE CLASS RTOS Condition cause : null
2024-10-02 23:23:26,369 [WARN] ConditionMgr:1039 - genDependencies : Invalid condition id : UX DEVICE CLASS RTOS Condition cause : null
2024-10-02 23:23:26,369 [WARN] ConditionMgr:1039 - genDependencies : Invalid condition id : UX DEVICE CLASS RTOS Condition cause : null
2024-10-02 23:23:26,369 [WARN] ConditionMgr:1039 - genDependencies : Invalid condition id : UX DEVICE CLASS RTOS Condition cause : null
2024-10-02 23:23:26,388 [WARN] PackLoader:240 - Cannot read IP mode file for STMicroelectronics.X-CUBE-GNSS1.7.0.0
2024-10-02 23:23:26,411 [WARN] PackLoader:240 - Cannot read IP mode file for STMicroelectronics.FP-SNS-STBOX1.2.0.0
2024-10-02 23:23:26,442 [WARN] PackLoader:240 - Cannot read IP mode file for STMicroelectronics.X-CUBE-SUBG2.5.0.0
2024-10-02 23:23:26,455 [INFO] WebApp:780 - Register for checkConnection events
2024-10-02 23:23:26,455 [INFO] WebApp:414 - Apply proxy settings
2024-10-02 23:23:26,456 [INFO] WebApp:499 - Chromium requires no authentication
2024-10-02 23:23:26,469 [INFO] WebApp:442 - Direct internet connection detected
2024-10-02 23:23:26,488 [WARN] PackLoader:240 - Cannot read IP mode file for STMicroelectronics.X-CUBE-AZRTOS-G4.2.0.0
2024-10-02 23:23:26,523 [WARN] PackLoader:240 - Cannot read IP mode file for Infineon.AIROC-Wi-Fi-Bluetooth-STM32.1.5.1
2024-10-02 23:23:26,546 [WARN] PackLoader:240 - Cannot read IP mode file for STMicroelectronics.FP-SNS-MOTENVWB1.1.3.1
2024-10-02 23:23:26,573 [WARN] PackLoader:240 - Cannot read IP mode file for STMicroelectronics.X-CUBE-ISPU.2.0.0
2024-10-02 23:23:26,594 [WARN] PackLoader:240 - Cannot read IP mode file for STMicroelectronics.X-CUBE-ALS.1.0.2
2024-10-02 23:23:26,655 [WARN] PackLoader:240 - Cannot read IP mode file for STMicroelectronics.X-CUBE-MEMS1.10.0.0
2024-10-02 23:23:26,735 [INFO] WebApp:192 - Starting web application
2024-10-02 23:23:26,735 [INFO] WebApp:544 - Web application path used C:\ST\STM32CubeIDE_1.14.1\STM32CubeIDE\plugins\com.st.stm32cube.common.mx_6.10.0.202311202037\db\plugins\mcufinder\reactClient1\index.html
2024-10-02 23:23:26,828 [WARN] PackLoader:240 - Cannot read IP mode file for STMicroelectronics.X-CUBE-FREERTOS.1.1.0
2024-10-02 23:23:26,845 [WARN] PackLoader:240 - Cannot read IP mode file for STMicroelectronics.X-CUBE-TOUCHGFX.4.24.0
2024-10-02 23:23:26,860 [WARN] PackLoader:240 - Cannot read IP mode file for STMicroelectronics.X-CUBE-TOUCHGFX.4.24.1
2024-10-02 23:23:26,873 [WARN] PackLoader:240 - Cannot read IP mode file for wolfSSL.I-CUBE-wolfTPM.3.4.0
2024-10-02 23:23:26,892 [WARN] PackLoader:240 - Cannot read IP mode file for portGmbH.I-Cube-SoM-uGOAL.1.1.0
2024-10-02 23:23:26,909 [WARN] PackLoader:240 - Cannot read IP mode file for STMicroelectronics.X-CUBE-ALS.1.0.1
2024-10-02 23:23:26,941 [WARN] PackLoader:240 - Cannot read IP mode file for STMicroelectronics.X-CUBE-AZRTOS-H7RS.1.0.0
2024-10-02 23:23:26,960 [WARN] PackLoader:240 - Cannot read IP mode file for STMicroelectronics.FP-ATR-ASTRA1.2.0.0
2024-10-02 23:23:26,993 [WARN] PackLoader:240 - Cannot read IP mode file for STMicroelectronics.X-CUBE-TOF1.3.4.2
2024-10-02 23:23:27,032 [WARN] PackLoader:240 - Cannot read IP mode file for STMicroelectronics.X-CUBE-TOF1.3.4.0
2024-10-02 23:23:27,079 [WARN] PackLoader:240 - Cannot read IP mode file for STMicroelectronics.X-CUBE-TOF1.3.4.1
2024-10-02 23:23:27,138 [WARN] PackLoader:240 - Cannot read IP mode file for STMicroelectronics.X-CUBE-AZRTOS-H7.3.2.0
2024-10-02 23:23:27,160 [WARN] PackLoader:240 - Cannot read IP mode file for wolfSSL.I-CUBE-wolfSSH.1.4.17
2024-10-02 23:23:27,161 [INFO] ThirdParty:978 - Integrity check success = true
2024-10-02 23:23:27,161 [INFO] IntegrityCheckThread:100 - exiting critical section [integrity check]
2024-10-02 23:23:27,161 [INFO] IntegrityCheckThread:103 - End integrity checks thread
2024-10-02 23:23:36,441 [INFO] McuFinderGlobals:63 - Set McuFinder mode to 2 (CubeIDE integrated)
2024-10-02 23:23:36,471 [INFO] MainUpdater:2873 - connection check result : 10
2024-10-02 23:23:37,396 [INFO] ApiDb:581 - Connected to CubeFinder SQLite database (C:\Users\tkach\.stmcufinder\plugins\mcufinder\mcu\cube-finder-db.db)
2024-10-02 23:23:37,502 [INFO] ApiDb:668 - CubeFinder database Data Model version=2.1
2024-10-02 23:23:37,502 [INFO] ApiDb:669 - CubeFinder database Configuration version=3.0.39
2024-10-02 23:23:37,503 [INFO] ApiDb:670 - CubeFinder database generation date=2024-09-16 (1726485674)
2024-10-02 23:23:37,503 [INFO] ApiDb:671 - CubeFinder database FW Pack versions=[FP-ATR-ASTRA1_V2.0.0, FP-SNS-FLIGHT1_V5.0.2, FP-SNS-MOTENV1_V5.0.0, FP-SNS-MOTENVWB1_V1.4.0, FP-SNS-SMARTAG2_V1.2.0, FP-SNS-STBOX1_V2.0.0, STM32Cube_FW_C0_V1.2.0, STM32Cube_FW_F4_V1.28.1, STM32Cube_FW_F7_V1.17.2, STM32Cube_FW_G0_V1.6.2, STM32Cube_FW_G4_V1.6.0, STM32Cube_FW_H5_V1.3.0, STM32Cube_FW_H7RS_V1.1.0, STM32Cube_FW_H7_V1.11.2, STM32Cube_FW_L0_V1.12.2, STM32Cube_FW_L5_V1.5.1, STM32Cube_FW_U0_V1.1.0, STM32Cube_FW_U5_V1.6.0, STM32Cube_FW_WB0_V1.0.0, STM32Cube_FW_WBA_V1.4.1, STM32Cube_FW_WB_V1.20.0, STM32Cube_FW_WL_V1.3.0, X-CUBE-ALGOBUILD_V1.4.0, X-CUBE-ALS_V1.0.2, X-CUBE-AZRTOS-F4_V1.1.0, X-CUBE-AZRTOS-F7_V1.1.0, X-CUBE-AZRTOS-G0_V1.1.0, X-CUBE-AZRTOS-G4_V2.0.0, X-CUBE-AZRTOS-H7RS_V1.0.0, X-CUBE-AZRTOS-H7_V3.2.0, X-CUBE-AZRTOS-L4_V2.0.0, X-CUBE-AZRTOS-L5_V2.0.0, X-CUBE-AZRTOS-WB_V2.0.0, X-CUBE-AZRTOS-WL_V2.0.0, X-CUBE-BLE1_V7.0.0, X-CUBE-BLE2_V3.3.0, X-CUBE-BLEMGR_V3.1.0, X-CUBE-EEPRMA1_V5.1.0, X-CUBE-FREERTOS_V1.2.0, X-CUBE-GNSS1_V6.0.0, X-CUBE-MEMS1_V11.0.0, X-CUBE-NFC4_V3.0.0, X-CUBE-NFC7_V1.0.1, X-CUBE-SFXS2LP1_V4.0.0, X-CUBE-SUBG2_V5.0.0, X-CUBE-TOF1_V3.4.2]
2024-10-02 23:23:37,716 [INFO] DbBoardsSqlite:226 - include board P-NUCLEO-WB55-NUCLEO as a kit item of type 'Nucleo-64'
2024-10-02 23:23:37,716 [INFO] DbBoardsSqlite:226 - include board P-NUCLEO-WB55-USBDONGLE as a kit item of type 'Nucleo USB Dongle'
2024-10-02 23:23:37,718 [INFO] DbBoardsSqlite:226 - include board STEVAL-IDP005V1 as a kit item of type 'Evaluation Board'
2024-10-02 23:23:37,719 [INFO] DbBoardsSqlite:226 - include board STEVAL-IDP005V2 as a kit item of type 'Evaluation Board'
2024-10-02 23:23:38,419 [INFO] ApiDb:240 - Found 371 in-development CPN: [B-G473E-ZEST1S, B-WB1M-WPAN1, B-WL5M-SUBG1, NUCLEO-C031C6, NUCLEO-H503RB, NUCLEO-H563ZI, NUCLEO-U545RE-Q, NUCLEO-U5A5ZJ-Q, NUCLEO-WBA52CG, NUCLEO-WBA55CG, STEVAL-MKBOXPRO, STEVAL-PROTEUS1, STEVAL-STWINBX1, STM320518-EVAL, STM32C0116-DK, STM32C011D6Y3TR, STM32C011D6Y6TR, STM32C011F4P3, STM32C011F4P6, STM32C011F4U3, STM32C011F4U6TR, STM32C011F6P3, STM32C011F6P6, STM32C011F6U3, STM32C011F6U6TR, STM32C011J4M3, STM32C011J4M6, STM32C011J6M3, STM32C011J6M6, STM32C0316-DK, STM32C031C4T3, STM32C031C4T6, STM32C031C4U3, STM32C031C4U6, STM32C031C6T3, STM32C031C6T6, STM32C031C6U3, STM32C031C6U6, STM32C031F4P3, STM32C031F4P6, STM32C031F6P3, STM32C031F6P6, STM32C031G4U3, STM32C031G4U6, STM32C031G6U3, STM32C031G6U6, STM32C031K4T3, STM32C031K4T6, STM32C031K4U3, STM32C031K4U6, STM32C031K6T3, STM32C031K6T6, STM32C031K6U3, STM32C031K6U6, STM32G071K8TXN, STM32G071K8UXN, STM32G081GBU6N, STM32G081KBT6N, STM32G081KBUXN, STM32G0B1CCT6N, STM32G0B1KCT6, STM32G0B1NEY6TR, STM32G0B1RCT6N, STM32G0C1CCT6, STM32G0C1CCT6N, STM32G0C1CCU6N, STM32G0C1CET6N, STM32G0C1CEU6N, STM32G0C1KCT6, STM32G0C1NEY6TR, STM32G0C1RCI6N, STM32G0C1RCT6N, STM32G0C1REI6N, STM32G0C1RET6N, STM32G0C1VCI6, STM32G0C1VEI6, STM32G471CCT6, STM32G471CCU6, STM32G471CET3, STM32G471CET6, STM32G471CEU3, STM32G471CEU6, STM32G471MCT6, STM32G471MET3, STM32G471MET6, STM32G471MEY6TR, STM32G471QCT6, STM32G471QET3, STM32G471RCT6, STM32G471RET3, STM32G471RET6, STM32G471VCH6, STM32G471VCI6, STM32G471VCT6, STM32G471VEH3, STM32G471VEH6, STM32G471VEI3, STM32G471VEI6, STM32G471VET3, STM32G471VET6, STM32G474CCT6, STM32H503CBT6, STM32H503CBU6, STM32H503EBY6TR, STM32H503KBU6, STM32H503RBT6, STM32H562AGI6, STM32H562AII6, STM32H562IGK6, STM32H562IGT6, STM32H562IIK6, STM32H562IIT6, STM32H562RGT6, STM32H562RGV6, STM32H562RIT6, STM32H562RIV6, STM32H562VGT6, STM32H562VIT6, STM32H562ZGT6, STM32H562ZIT6, STM32H563AGI6, STM32H563AII3Q, STM32H563AII6, STM32H563IGK6, STM32H563IGT6, STM32H563IIK3Q, STM32H563IIK6, STM32H563IIT3Q, STM32H563IIT6, STM32H563MIY3QTR, STM32H563RGT6, STM32H563RGV6, STM32H563RIT6, STM32H563RIV6, STM32H563VGT6, STM32H563VIT3Q, STM32H563VIT6, STM32H563ZGT6, STM32H563ZIT3Q, STM32H563ZIT6, STM32H573AII3Q, STM32H573AII6, STM32H573I-DK, STM32H573IIK3Q, STM32H573IIK6, STM32H573IIT3Q, STM32H573IIT6, STM32H573MIY3QTR, STM32H573RIT6, STM32H573RIV6, STM32H573VIT3Q, STM32H573VIT6, STM32H573ZIT3Q, STM32H573ZIT6, STM32L4R5QGI6STR, STM32MP131AAE3, STM32MP131AAF3, STM32MP131AAG3, STM32MP131CAE3, STM32MP131CAF3, STM32MP131CAG3, STM32MP131DAE7, STM32MP131DAF7, STM32MP131DAG7, STM32MP131FAE7, STM32MP131FAF7, STM32MP131FAG7, STM32MP133AAE3, STM32MP133AAF3, STM32MP133AAG3, STM32MP133CAE3, STM32MP133CAF3, STM32MP133CAG3, STM32MP133DAE7, STM32MP133DAF7, STM32MP133DAG7, STM32MP133FAE7, STM32MP133FAF7, STM32MP133FAG7, STM32MP135AAE3, STM32MP135AAF3, STM32MP135AAG3, STM32MP135CAE3, STM32MP135CAF3, STM32MP135CAG3, STM32MP135DAE7, STM32MP135DAF7, STM32MP135DAG7, STM32MP135F-DK, STM32MP135FAE7, STM32MP135FAF7, STM32MP135FAF7T, STM32MP135FAF7U, STM32MP135FAG7, STM32U535CBT6, STM32U535CBT6Q, STM32U535CBU6, STM32U535CBU6Q, STM32U535CCT6, STM32U535CCT6Q, STM32U535CCU6, STM32U535CCU6Q, STM32U535CET6, STM32U535CET6Q, STM32U535CEU6, STM32U535CEU6Q, STM32U535JEY6QTR, STM32U535NCY6QTR, STM32U535NEY6QTR, STM32U535RBI6, STM32U535RBI6Q, STM32U535RBT6, STM32U535RBT6Q, STM32U535RCI6, STM32U535RCI6Q, STM32U535RCT6, STM32U535RCT6Q, STM32U535REI6, STM32U535REI6Q, STM32U535RET6, STM32U535RET6Q, STM32U535VCI6, STM32U535VCI6Q, STM32U535VCT6, STM32U535VCT6Q, STM32U535VEI6, STM32U535VEI6Q, STM32U535VET6, STM32U535VET6Q, STM32U545CET6, STM32U545CET6Q, STM32U545CEU6, STM32U545CEU6Q, STM32U545JEY6QTR, STM32U545NEY6QTR, STM32U545REI6, STM32U545REI6Q, STM32U545RET6, STM32U545RET6Q, STM32U545VEI6, STM32U545VEI6Q, STM32U545VET6, STM32U545VET6Q, STM32U595AIH6, STM32U595AIH6Q, STM32U595AJH6, STM32U595AJH6Q, STM32U595QII6, STM32U595QII6Q, STM32U595QJI6, STM32U595QJI6Q, STM32U595RIT6, STM32U595RIT6Q, STM32U595RJT6, STM32U595RJT6Q, STM32U595VIT6, STM32U595VIT6Q, STM32U595VJT6, STM32U595VJT6Q, STM32U595ZIT6, STM32U595ZIT6Q, STM32U595ZIY6QTR, STM32U595ZJT6, STM32U595ZJT6Q, STM32U595ZJY6QTR, STM32U599BJY6QTR, STM32U599NIH6Q, STM32U599NJH6Q, STM32U599VIT6Q, STM32U599VJT6, STM32U599VJT6Q, STM32U599ZIT6Q, STM32U599ZIY6QTR, STM32U599ZJT6Q, STM32U599ZJY6QTR, STM32U5A5AJH6, STM32U5A5AJH6Q, STM32U5A5QJI6, STM32U5A5QJI6Q, STM32U5A5RJT6, STM32U5A5RJT6Q, STM32U5A5VJT6, STM32U5A5VJT6Q, STM32U5A5ZJT6, STM32U5A5ZJT6Q, STM32U5A5ZJY6QTR, STM32U5A9BJY6QTR, STM32U5A9J-DK, STM32U5A9NJH6Q, STM32U5A9VJT6Q, STM32U5A9ZJT6Q, STM32U5A9ZJY6QTR, STM32U5F7VIT6, STM32U5F7VIT6Q, STM32U5F7VJT6, STM32U5F7VJT6Q, STM32U5F9BJY6QTR, STM32U5F9NJH6Q, STM32U5F9VIT6Q, STM32U5F9VJT6Q, STM32U5F9ZIJ6QTR, STM32U5F9ZIT6Q, STM32U5F9ZJJ6QTR, STM32U5F9ZJT6Q, STM32U5G7VJT6, STM32U5G7VJT6Q, STM32U5G9BJY6QTR, STM32U5G9J-DK1, STM32U5G9J-DK2, STM32U5G9NJH6Q, STM32U5G9VJT6Q, STM32U5G9ZJJ6QTR, STM32U5G9ZJT6Q, STM32WB1MMCH6, STM32WBA50KEU6, STM32WBA50KEU6TR, STM32WBA50KGU6, STM32WBA50KGU6TR, STM32WBA52CEU6, STM32WBA52CEU6TR, STM32WBA52CEU7, STM32WBA52CEU7TR, STM32WBA52CGU6, STM32WBA52CGU6TR, STM32WBA52CGU6U, STM32WBA52CGU7, STM32WBA52CGU7TR, STM32WBA52KEU6, STM32WBA52KEU6TR, STM32WBA52KGU6, STM32WBA52KGU6TR, STM32WBA54CEU6, STM32WBA54CEU6TR, STM32WBA54CEU7, STM32WBA54CEU7TR, STM32WBA54CGU6, STM32WBA54CGU6TR, STM32WBA54CGU7, STM32WBA54CGU7TR, STM32WBA54KEU6, STM32WBA54KEU6TR, STM32WBA54KEU7, STM32WBA54KEU7TR, STM32WBA54KGU6, STM32WBA54KGU6TR, STM32WBA54KGU7, STM32WBA54KGU7TR, STM32WBA55CEU6, STM32WBA55CEU6TR, STM32WBA55CEU7, STM32WBA55CEU7TR, STM32WBA55CGU6, STM32WBA55CGU6TR, STM32WBA55CGU6U, STM32WBA55CGU7, STM32WBA55CGU7TR, STM32WBA55G-DK1, STM32WBA55HEF6, STM32WBA55HEF7, STM32WBA55HGF6, STM32WBA55HGF7, STM32WBA55UEI6, STM32WBA55UEI6TR, STM32WBA55UEI7, STM32WBA55UEI7TR, STM32WBA55UGI6, STM32WBA55UGI6TR, STM32WBA55UGI7, STM32WBA55UGI7TR, STM32WL5MOCH6, STM32WL5MOCH6TR]
2024-10-02 23:23:38,423 [INFO] ApiDb:668 - CubeFinder database Data Model version=2.1
2024-10-02 23:23:38,424 [INFO] ApiDb:669 - CubeFinder database Configuration version=3.0.39
2024-10-02 23:23:38,424 [INFO] ApiDb:670 - CubeFinder database generation date=2024-09-16 (1726485674)
2024-10-02 23:23:38,424 [INFO] ApiDb:671 - CubeFinder database FW Pack versions=[FP-ATR-ASTRA1_V2.0.0, FP-SNS-FLIGHT1_V5.0.2, FP-SNS-MOTENV1_V5.0.0, FP-SNS-MOTENVWB1_V1.4.0, FP-SNS-SMARTAG2_V1.2.0, FP-SNS-STBOX1_V2.0.0, STM32Cube_FW_C0_V1.2.0, STM32Cube_FW_F4_V1.28.1, STM32Cube_FW_F7_V1.17.2, STM32Cube_FW_G0_V1.6.2, STM32Cube_FW_G4_V1.6.0, STM32Cube_FW_H5_V1.3.0, STM32Cube_FW_H7RS_V1.1.0, STM32Cube_FW_H7_V1.11.2, STM32Cube_FW_L0_V1.12.2, STM32Cube_FW_L5_V1.5.1, STM32Cube_FW_U0_V1.1.0, STM32Cube_FW_U5_V1.6.0, STM32Cube_FW_WB0_V1.0.0, STM32Cube_FW_WBA_V1.4.1, STM32Cube_FW_WB_V1.20.0, STM32Cube_FW_WL_V1.3.0, X-CUBE-ALGOBUILD_V1.4.0, X-CUBE-ALS_V1.0.2, X-CUBE-AZRTOS-F4_V1.1.0, X-CUBE-AZRTOS-F7_V1.1.0, X-CUBE-AZRTOS-G0_V1.1.0, X-CUBE-AZRTOS-G4_V2.0.0, X-CUBE-AZRTOS-H7RS_V1.0.0, X-CUBE-AZRTOS-H7_V3.2.0, X-CUBE-AZRTOS-L4_V2.0.0, X-CUBE-AZRTOS-L5_V2.0.0, X-CUBE-AZRTOS-WB_V2.0.0, X-CUBE-AZRTOS-WL_V2.0.0, X-CUBE-BLE1_V7.0.0, X-CUBE-BLE2_V3.3.0, X-CUBE-BLEMGR_V3.1.0, X-CUBE-EEPRMA1_V5.1.0, X-CUBE-FREERTOS_V1.2.0, X-CUBE-GNSS1_V6.0.0, X-CUBE-MEMS1_V11.0.0, X-CUBE-NFC4_V3.0.0, X-CUBE-NFC7_V1.0.1, X-CUBE-SFXS2LP1_V4.0.0, X-CUBE-SUBG2_V5.0.0, X-CUBE-TOF1_V3.4.2]
2024-10-02 23:23:41,098 [INFO] ApiDb:240 - Found 371 in-development CPN: [B-G473E-ZEST1S, B-WB1M-WPAN1, B-WL5M-SUBG1, NUCLEO-C031C6, NUCLEO-H503RB, NUCLEO-H563ZI, NUCLEO-U545RE-Q, NUCLEO-U5A5ZJ-Q, NUCLEO-WBA52CG, NUCLEO-WBA55CG, STEVAL-MKBOXPRO, STEVAL-PROTEUS1, STEVAL-STWINBX1, STM320518-EVAL, STM32C0116-DK, STM32C011D6Y3TR, STM32C011D6Y6TR, STM32C011F4P3, STM32C011F4P6, STM32C011F4U3, STM32C011F4U6TR, STM32C011F6P3, STM32C011F6P6, STM32C011F6U3, STM32C011F6U6TR, STM32C011J4M3, STM32C011J4M6, STM32C011J6M3, STM32C011J6M6, STM32C0316-DK, STM32C031C4T3, STM32C031C4T6, STM32C031C4U3, STM32C031C4U6, STM32C031C6T3, STM32C031C6T6, STM32C031C6U3, STM32C031C6U6, STM32C031F4P3, STM32C031F4P6, STM32C031F6P3, STM32C031F6P6, STM32C031G4U3, STM32C031G4U6, STM32C031G6U3, STM32C031G6U6, STM32C031K4T3, STM32C031K4T6, STM32C031K4U3, STM32C031K4U6, STM32C031K6T3, STM32C031K6T6, STM32C031K6U3, STM32C031K6U6, STM32G071K8TXN, STM32G071K8UXN, STM32G081GBU6N, STM32G081KBT6N, STM32G081KBUXN, STM32G0B1CCT6N, STM32G0B1KCT6, STM32G0B1NEY6TR, STM32G0B1RCT6N, STM32G0C1CCT6, STM32G0C1CCT6N, STM32G0C1CCU6N, STM32G0C1CET6N, STM32G0C1CEU6N, STM32G0C1KCT6, STM32G0C1NEY6TR, STM32G0C1RCI6N, STM32G0C1RCT6N, STM32G0C1REI6N, STM32G0C1RET6N, STM32G0C1VCI6, STM32G0C1VEI6, STM32G471CCT6, STM32G471CCU6, STM32G471CET3, STM32G471CET6, STM32G471CEU3, STM32G471CEU6, STM32G471MCT6, STM32G471MET3, STM32G471MET6, STM32G471MEY6TR, STM32G471QCT6, STM32G471QET3, STM32G471RCT6, STM32G471RET3, STM32G471RET6, STM32G471VCH6, STM32G471VCI6, STM32G471VCT6, STM32G471VEH3, STM32G471VEH6, STM32G471VEI3, STM32G471VEI6, STM32G471VET3, STM32G471VET6, STM32G474CCT6, STM32H503CBT6, STM32H503CBU6, STM32H503EBY6TR, STM32H503KBU6, STM32H503RBT6, STM32H562AGI6, STM32H562AII6, STM32H562IGK6, STM32H562IGT6, STM32H562IIK6, STM32H562IIT6, STM32H562RGT6, STM32H562RGV6, STM32H562RIT6, STM32H562RIV6, STM32H562VGT6, STM32H562VIT6, STM32H562ZGT6, STM32H562ZIT6, STM32H563AGI6, STM32H563AII3Q, STM32H563AII6, STM32H563IGK6, STM32H563IGT6, STM32H563IIK3Q, STM32H563IIK6, STM32H563IIT3Q, STM32H563IIT6, STM32H563MIY3QTR, STM32H563RGT6, STM32H563RGV6, STM32H563RIT6, STM32H563RIV6, STM32H563VGT6, STM32H563VIT3Q, STM32H563VIT6, STM32H563ZGT6, STM32H563ZIT3Q, STM32H563ZIT6, STM32H573AII3Q, STM32H573AII6, STM32H573I-DK, STM32H573IIK3Q, STM32H573IIK6, STM32H573IIT3Q, STM32H573IIT6, STM32H573MIY3QTR, STM32H573RIT6, STM32H573RIV6, STM32H573VIT3Q, STM32H573VIT6, STM32H573ZIT3Q, STM32H573ZIT6, STM32L4R5QGI6STR, STM32MP131AAE3, STM32MP131AAF3, STM32MP131AAG3, STM32MP131CAE3, STM32MP131CAF3, STM32MP131CAG3, STM32MP131DAE7, STM32MP131DAF7, STM32MP131DAG7, STM32MP131FAE7, STM32MP131FAF7, STM32MP131FAG7, STM32MP133AAE3, STM32MP133AAF3, STM32MP133AAG3, STM32MP133CAE3, STM32MP133CAF3, STM32MP133CAG3, STM32MP133DAE7, STM32MP133DAF7, STM32MP133DAG7, STM32MP133FAE7, STM32MP133FAF7, STM32MP133FAG7, STM32MP135AAE3, STM32MP135AAF3, STM32MP135AAG3, STM32MP135CAE3, STM32MP135CAF3, STM32MP135CAG3, STM32MP135DAE7, STM32MP135DAF7, STM32MP135DAG7, STM32MP135F-DK, STM32MP135FAE7, STM32MP135FAF7, STM32MP135FAF7T, STM32MP135FAF7U, STM32MP135FAG7, STM32U535CBT6, STM32U535CBT6Q, STM32U535CBU6, STM32U535CBU6Q, STM32U535CCT6, STM32U535CCT6Q, STM32U535CCU6, STM32U535CCU6Q, STM32U535CET6, STM32U535CET6Q, STM32U535CEU6, STM32U535CEU6Q, STM32U535JEY6QTR, STM32U535NCY6QTR, STM32U535NEY6QTR, STM32U535RBI6, STM32U535RBI6Q, STM32U535RBT6, STM32U535RBT6Q, STM32U535RCI6, STM32U535RCI6Q, STM32U535RCT6, STM32U535RCT6Q, STM32U535REI6, STM32U535REI6Q, STM32U535RET6, STM32U535RET6Q, STM32U535VCI6, STM32U535VCI6Q, STM32U535VCT6, STM32U535VCT6Q, STM32U535VEI6, STM32U535VEI6Q, STM32U535VET6, STM32U535VET6Q, STM32U545CET6, STM32U545CET6Q, STM32U545CEU6, STM32U545CEU6Q, STM32U545JEY6QTR, STM32U545NEY6QTR, STM32U545REI6, STM32U545REI6Q, STM32U545RET6, STM32U545RET6Q, STM32U545VEI6, STM32U545VEI6Q, STM32U545VET6, STM32U545VET6Q, STM32U595AIH6, STM32U595AIH6Q, STM32U595AJH6, STM32U595AJH6Q, STM32U595QII6, STM32U595QII6Q, STM32U595QJI6, STM32U595QJI6Q, STM32U595RIT6, STM32U595RIT6Q, STM32U595RJT6, STM32U595RJT6Q, STM32U595VIT6, STM32U595VIT6Q, STM32U595VJT6, STM32U595VJT6Q, STM32U595ZIT6, STM32U595ZIT6Q, STM32U595ZIY6QTR, STM32U595ZJT6, STM32U595ZJT6Q, STM32U595ZJY6QTR, STM32U599BJY6QTR, STM32U599NIH6Q, STM32U599NJH6Q, STM32U599VIT6Q, STM32U599VJT6, STM32U599VJT6Q, STM32U599ZIT6Q, STM32U599ZIY6QTR, STM32U599ZJT6Q, STM32U599ZJY6QTR, STM32U5A5AJH6, STM32U5A5AJH6Q, STM32U5A5QJI6, STM32U5A5QJI6Q, STM32U5A5RJT6, STM32U5A5RJT6Q, STM32U5A5VJT6, STM32U5A5VJT6Q, STM32U5A5ZJT6, STM32U5A5ZJT6Q, STM32U5A5ZJY6QTR, STM32U5A9BJY6QTR, STM32U5A9J-DK, STM32U5A9NJH6Q, STM32U5A9VJT6Q, STM32U5A9ZJT6Q, STM32U5A9ZJY6QTR, STM32U5F7VIT6, STM32U5F7VIT6Q, STM32U5F7VJT6, STM32U5F7VJT6Q, STM32U5F9BJY6QTR, STM32U5F9NJH6Q, STM32U5F9VIT6Q, STM32U5F9VJT6Q, STM32U5F9ZIJ6QTR, STM32U5F9ZIT6Q, STM32U5F9ZJJ6QTR, STM32U5F9ZJT6Q, STM32U5G7VJT6, STM32U5G7VJT6Q, STM32U5G9BJY6QTR, STM32U5G9J-DK1, STM32U5G9J-DK2, STM32U5G9NJH6Q, STM32U5G9VJT6Q, STM32U5G9ZJJ6QTR, STM32U5G9ZJT6Q, STM32WB1MMCH6, STM32WBA50KEU6, STM32WBA50KEU6TR, STM32WBA50KGU6, STM32WBA50KGU6TR, STM32WBA52CEU6, STM32WBA52CEU6TR, STM32WBA52CEU7, STM32WBA52CEU7TR, STM32WBA52CGU6, STM32WBA52CGU6TR, STM32WBA52CGU6U, STM32WBA52CGU7, STM32WBA52CGU7TR, STM32WBA52KEU6, STM32WBA52KEU6TR, STM32WBA52KGU6, STM32WBA52KGU6TR, STM32WBA54CEU6, STM32WBA54CEU6TR, STM32WBA54CEU7, STM32WBA54CEU7TR, STM32WBA54CGU6, STM32WBA54CGU6TR, STM32WBA54CGU7, STM32WBA54CGU7TR, STM32WBA54KEU6, STM32WBA54KEU6TR, STM32WBA54KEU7, STM32WBA54KEU7TR, STM32WBA54KGU6, STM32WBA54KGU6TR, STM32WBA54KGU7, STM32WBA54KGU7TR, STM32WBA55CEU6, STM32WBA55CEU6TR, STM32WBA55CEU7, STM32WBA55CEU7TR, STM32WBA55CGU6, STM32WBA55CGU6TR, STM32WBA55CGU6U, STM32WBA55CGU7, STM32WBA55CGU7TR, STM32WBA55G-DK1, STM32WBA55HEF6, STM32WBA55HEF7, STM32WBA55HGF6, STM32WBA55HGF7, STM32WBA55UEI6, STM32WBA55UEI6TR, STM32WBA55UEI7, STM32WBA55UEI7TR, STM32WBA55UGI6, STM32WBA55UGI6TR, STM32WBA55UGI7, STM32WBA55UGI7TR, STM32WL5MOCH6, STM32WL5MOCH6TR]
2024-10-02 23:23:41,105 [INFO] DbMcus:218 - Found 4204 MCUs, 4204 are supported
2024-10-02 23:23:41,107 [INFO] ApiDb:423 - Load user favorites file C:\Users\tkach/.stm32cubeide/favorites.mcus.txt: 0 item(s)
2024-10-02 23:23:41,107 [INFO] ApiDb:427 - User favorites MCUs=[]
2024-10-02 23:23:41,107 [INFO] DbMcus:224 - Set 0 / 0 favorites MCUs
2024-10-02 23:23:41,802 [INFO] BoardInfo:889 - No configuration file found for board NUCLEO-H533RE
2024-10-02 23:23:41,803 [INFO] DbBoards:161 - Board is not supported: NUCLEO-H533RE
2024-10-02 23:23:41,823 [INFO] BoardInfo:889 - No configuration file found for board NUCLEO-H7S3L8
2024-10-02 23:23:41,824 [INFO] DbBoards:161 - Board is not supported: NUCLEO-H7S3L8
2024-10-02 23:23:41,858 [INFO] BoardInfo:889 - No configuration file found for board NUCLEO-U031R8
2024-10-02 23:23:41,859 [INFO] DbBoards:161 - Board is not supported: NUCLEO-U031R8
2024-10-02 23:23:41,860 [INFO] BoardInfo:889 - No configuration file found for board NUCLEO-U083RC
2024-10-02 23:23:41,860 [INFO] DbBoards:161 - Board is not supported: NUCLEO-U083RC
2024-10-02 23:23:41,867 [INFO] BoardInfo:889 - No configuration file found for board NUCLEO-WB05KZ
2024-10-02 23:23:41,867 [INFO] DbBoards:161 - Board is not supported: NUCLEO-WB05KZ
2024-10-02 23:23:41,869 [INFO] BoardInfo:889 - No configuration file found for board NUCLEO-WB07CC
2024-10-02 23:23:41,869 [INFO] DbBoards:161 - Board is not supported: NUCLEO-WB07CC
2024-10-02 23:23:41,871 [INFO] BoardInfo:889 - No configuration file found for board NUCLEO-WB09KE
2024-10-02 23:23:41,871 [INFO] DbBoards:161 - Board is not supported: NUCLEO-WB09KE
2024-10-02 23:23:41,886 [INFO] BoardInfo:889 - No configuration file found for board P-NUCLEO-WB55
2024-10-02 23:23:41,886 [INFO] DbBoards:161 - Kit is not supported: P-NUCLEO-WB55
2024-10-02 23:23:41,893 [INFO] BoardInfo:889 - No configuration file found for board STEVAL-BFA001V1B
2024-10-02 23:23:41,893 [INFO] DbBoards:161 - Kit is not supported: STEVAL-BFA001V1B
2024-10-02 23:23:41,895 [INFO] BoardInfo:889 - No configuration file found for board STEVAL-BFA001V2B
2024-10-02 23:23:41,895 [INFO] DbBoards:161 - Kit is not supported: STEVAL-BFA001V2B
2024-10-02 23:23:42,010 [INFO] BoardInfo:889 - No configuration file found for board STM32H7S78-DK
2024-10-02 23:23:42,010 [INFO] DbBoards:161 - Board is not supported: STM32H7S78-DK
2024-10-02 23:23:42,050 [INFO] BoardInfo:889 - No configuration file found for board STM32MP257F-DK
2024-10-02 23:23:42,050 [INFO] DbBoards:161 - Board is not supported: STM32MP257F-DK
2024-10-02 23:23:42,052 [INFO] BoardInfo:889 - No configuration file found for board STM32MP257F-EV1
2024-10-02 23:23:42,052 [INFO] DbBoards:161 - Board is not supported: STM32MP257F-EV1
2024-10-02 23:23:42,053 [INFO] BoardInfo:889 - No configuration file found for board STM32U083C-DK
2024-10-02 23:23:42,053 [INFO] DbBoards:161 - Board is not supported: STM32U083C-DK
2024-10-02 23:23:42,067 [INFO] DbBoards:168 - Found 200 boards, 186 are supported
2024-10-02 23:23:42,067 [INFO] DbBoards:169 - Found 200 boards, 3 of them is supported for  Bsp
2024-10-02 23:23:42,071 [INFO] ApiDb:423 - Load user favorites file C:\Users\tkach/.stm32cubeide/favorites.boards.txt: 0 item(s)
2024-10-02 23:23:42,071 [INFO] ApiDb:427 - User favorites Boards=[]
2024-10-02 23:23:42,071 [INFO] DbBoards:198 - Set 0 / 0 favorites Boards
2024-10-02 23:23:42,071 [INFO] McuFinderGlobals:76 - Set McuFinderConnectedMode to true
2024-10-02 23:23:42,080 [INFO] MultiScanPanel:200 - Auto-refresh data requested => check proxy status ongoing
2024-10-02 23:23:42,083 [INFO] FinderPluginLoader:95 - Searching for filters in installed packs
2024-10-02 23:23:43,982 [INFO] LoadUrlFilesThread:185 - End of LoadServerUrlFiles without Thread
2024-10-02 23:23:44,066 [INFO] DetailPanel:341 - Set advertising image to C:/Users/tkach/STM32Cube/Repository/\en.prom-stm32c071-usb-memories-mcu-finder.png
2024-10-02 23:23:48,083 [ERROR] LogOutputStream:75 - [STDERR_REDIRECT] SLF4J: Failed to load class "org.slf4j.impl.StaticLoggerBinder".
2024-10-02 23:23:48,084 [ERROR] LogOutputStream:75 - [STDERR_REDIRECT] SLF4J: Defaulting to no-operation (NOP) logger implementation
2024-10-02 23:23:48,086 [ERROR] LogOutputStream:75 - [STDERR_REDIRECT] SLF4J: See http://www.slf4j.org/codes.html#StaticLoggerBinder for further details.
2024-10-02 23:24:21,912 [INFO] MainUpdater:2873 - connection check result : 10
2024-10-02 23:24:21,912 [INFO] MainUpdater:2873 - connection check result : 10
2024-10-02 23:24:21,948 [INFO] MicroXplorer:468 - Change Database Path : 
2024-10-02 23:24:21,948 [INFO] MicroXplorer:498 - Change Database Version : DB.6.0.100
2024-10-02 23:24:21,952 [WARN] ThirdParty:871 - waiting for thirdparty lock release [close project]
2024-10-02 23:24:21,952 [INFO] ThirdParty:873 - entering critical section [close project]
2024-10-02 23:24:21,953 [INFO] ThirdParty:883 - exiting critical section [close project]
2024-10-02 23:24:21,957 [INFO] PinOutPanel:1499 - setPackage(No Configuration,No Configuration)
2024-10-02 23:24:21,960 [INFO] UtilMem:75 - Begin LoadConfig() Used Memory: 520741904 Bytes (631242752)
2024-10-02 23:24:21,961 [INFO] MicroXplorer:468 - Change Database Path : 
2024-10-02 23:24:21,961 [INFO] MicroXplorer:498 - Change Database Version : DB.6.0.100
2024-10-02 23:24:21,962 [INFO] OpenFileManager:312 - Change cursor
2024-10-02 23:24:22,191 [INFO] Mcu:2016 - Initializing MCU STM32F103C8Tx STM32F103C8Tx STM32F103C8T6
2024-10-02 23:24:23,525 [INFO] Context:659 - Trying to add GPIOservice into a context  which must be forbidden
2024-10-02 23:24:23,817 [INFO] ImportTextPane:194 - (OptionalMessage_ERROR) Unable to find key (Mcu.ThirdPartyNb) in loaded IOC file
2024-10-02 23:24:23,817 [INFO] ImportTextPane:194 - (OptionalMessage_ERROR) Unable to find key (Mcu.PinsNb) in loaded IOC file
2024-10-02 23:24:23,817 [INFO] ImportTextPane:194 - (OptionalMessage_ERROR) Unable to find key (Mcu.IPNb) in loaded IOC file
2024-10-02 23:24:24,032 [INFO] RtosManager:555 - Registered RTOS mode: class=CMSIS, group=RTOS, mode=CMSIS_V1, owner=FREERTOS
2024-10-02 23:24:24,033 [INFO] RtosManager:555 - Registered RTOS mode: class=CMSIS, group=RTOS2, mode=CMSIS_V2, owner=FREERTOS
2024-10-02 23:24:24,033 [INFO] RtosManager:555 - Registered RTOS mode: class=RTOS, group=Core, mode=CMSIS_V1, owner=FREERTOS
2024-10-02 23:24:24,033 [INFO] RtosManager:555 - Registered RTOS mode: class=RTOS, group=Core, mode=CMSIS_V2, owner=FREERTOS
2024-10-02 23:24:24,033 [WARN] ModelIntegratedComponent:184 - Missing modes for component STMicroelectronics:FreeRTOS:0.0.1:STMicroelectronics:RTOS:FreeRTOS:Core:::10.2.0:
2024-10-02 23:24:24,050 [WARN] ModelIntegratedComponent:63 - No mode defined for component null
2024-10-02 23:24:24,050 [WARN] ModelIntegratedComponent:63 - No mode defined for component null
2024-10-02 23:24:24,050 [WARN] ModelIntegratedComponent:63 - No mode defined for component null
2024-10-02 23:24:24,050 [WARN] ModelIntegratedComponent:63 - No mode defined for component null
2024-10-02 23:24:24,050 [WARN] ModelIntegratedComponent:63 - No mode defined for component null
2024-10-02 23:24:24,050 [WARN] ModelIntegratedComponent:63 - No mode defined for component null
2024-10-02 23:24:24,051 [WARN] ModelIntegratedComponent:63 - No mode defined for component null
2024-10-02 23:24:24,051 [WARN] ModelIntegratedComponent:63 - No mode defined for component null
2024-10-02 23:24:24,051 [WARN] ModelIntegratedComponent:63 - No mode defined for component null
2024-10-02 23:24:24,051 [WARN] ModelIntegratedComponent:63 - No mode defined for component null
2024-10-02 23:24:24,051 [WARN] ModelIntegratedComponent:63 - No mode defined for component null
2024-10-02 23:24:24,051 [WARN] ModelIntegratedComponent:63 - No mode defined for component null
2024-10-02 23:24:24,051 [WARN] ModelIntegratedComponent:63 - No mode defined for component null
2024-10-02 23:24:24,051 [WARN] ModelIntegratedComponent:63 - No mode defined for component null
2024-10-02 23:24:24,051 [WARN] ModelIntegratedComponent:63 - No mode defined for component null
2024-10-02 23:24:24,051 [WARN] ModelIntegratedComponent:63 - No mode defined for component null
2024-10-02 23:24:24,051 [WARN] ModelIntegratedComponent:63 - No mode defined for component null
2024-10-02 23:24:24,051 [WARN] ModelIntegratedComponent:63 - No mode defined for component null
2024-10-02 23:24:24,051 [WARN] ModelIntegratedComponent:63 - No mode defined for component null
2024-10-02 23:24:24,052 [WARN] ModelIntegratedComponent:63 - No mode defined for component null
2024-10-02 23:24:24,052 [WARN] ModelIntegratedComponent:63 - No mode defined for component null
2024-10-02 23:24:24,052 [WARN] ModelIntegratedComponent:63 - No mode defined for component null
2024-10-02 23:24:24,052 [WARN] ModelIntegratedComponent:63 - No mode defined for component null
2024-10-02 23:24:24,052 [WARN] ModelIntegratedComponent:63 - No mode defined for component null
2024-10-02 23:24:24,052 [WARN] ModelIntegratedComponent:63 - No mode defined for component null
2024-10-02 23:24:24,052 [WARN] ModelIntegratedComponent:63 - No mode defined for component null
2024-10-02 23:24:24,052 [WARN] ModelIntegratedComponent:63 - No mode defined for component null
2024-10-02 23:24:24,052 [WARN] ModelIntegratedComponent:63 - No mode defined for component null
2024-10-02 23:24:24,052 [WARN] ModelIntegratedComponent:63 - No mode defined for component null
2024-10-02 23:24:24,053 [WARN] ModelIntegratedComponent:63 - No mode defined for component null
2024-10-02 23:24:24,053 [WARN] ModelIntegratedComponent:63 - No mode defined for component null
2024-10-02 23:24:24,053 [WARN] ModelIntegratedComponent:63 - No mode defined for component null
2024-10-02 23:24:24,053 [WARN] ModelIntegratedComponent:63 - No mode defined for component null
2024-10-02 23:24:24,202 [INFO] ThirdPartyModel:298 - Start build external matchings
2024-10-02 23:24:25,687 [INFO] ThirdPartyModel:316 - End build external matchings
2024-10-02 23:24:25,908 [INFO] UtilMem:75 - End LoadConfig() Used Memory: 792317984 Bytes (961544192)
2024-10-02 23:24:25,942 [INFO] MicroXplorer:468 - Change Database Path : 
2024-10-02 23:24:25,942 [INFO] MicroXplorer:498 - Change Database Version : DB.6.0.100
2024-10-02 23:24:25,944 [WARN] ThirdParty:833 - waiting for thirdparty lock release [change project]
2024-10-02 23:24:25,944 [INFO] ThirdParty:835 - entering critical section [change project]
2024-10-02 23:24:25,945 [INFO] ThirdParty:1030 - CMSIS Pack Vendor :STMicroelectronics USBPD 4.1
2024-10-02 23:24:25,945 [INFO] ThirdParty:1030 - CMSIS Pack Vendor :STMicroelectronics X-CUBE-AZRTOS-H7 3.3.0
2024-10-02 23:24:25,945 [INFO] ThirdParty:1030 - CMSIS Pack Vendor :STMicroelectronics X-CUBE-NFC9 1.0.0
2024-10-02 23:24:25,945 [INFO] ThirdParty:1030 - CMSIS Pack Vendor :STMicroelectronics X-CUBE-GNSS1 6.0.0
2024-10-02 23:24:25,945 [INFO] ThirdParty:1030 - CMSIS Pack Vendor :STMicroelectronics USB_HOST 2.0.0
2024-10-02 23:24:25,945 [INFO] ThirdParty:1030 - CMSIS Pack Vendor :STMicroelectronics FP-SNS-MOTENVWB1 1.4.0
2024-10-02 23:24:25,945 [INFO] ThirdParty:1030 - CMSIS Pack Vendor :STMicroelectronics X-CUBE-AZRTOS-F4 1.1.0
2024-10-02 23:24:25,945 [INFO] ThirdParty:1030 - CMSIS Pack Vendor :STMicroelectronics LIBJPEG 8.0.0
2024-10-02 23:24:25,945 [INFO] ThirdParty:1030 - CMSIS Pack Vendor :STMicroelectronics X-CUBE-SMBUS 2.1.0
2024-10-02 23:24:25,945 [INFO] ThirdParty:1030 - CMSIS Pack Vendor :STMicroelectronics USB_DEVICE 3.0.0
2024-10-02 23:24:25,945 [INFO] ThirdParty:1030 - CMSIS Pack Vendor :STMicroelectronics X-CUBE-TCPP 4.1.0
2024-10-02 23:24:25,945 [INFO] ThirdParty:1030 - CMSIS Pack Vendor :STMicroelectronics X-CUBE-ISPU 2.1.0
2024-10-02 23:24:25,945 [INFO] ThirdParty:1030 - CMSIS Pack Vendor :STMicroelectronics X-CUBE-FREERTOS 1.2.0
2024-10-02 23:24:25,946 [INFO] ThirdParty:1030 - CMSIS Pack Vendor :STMicroelectronics X-CUBE-AZRTOS-WB 2.0.0
2024-10-02 23:24:25,946 [INFO] ThirdParty:1030 - CMSIS Pack Vendor :wolfSSL I-CUBE-wolfSSL 5.6.6
2024-10-02 23:24:25,946 [INFO] ThirdParty:1030 - CMSIS Pack Vendor :STMicroelectronics X-CUBE-GNSS1 7.0.0
2024-10-02 23:24:25,946 [INFO] ThirdParty:1030 - CMSIS Pack Vendor :STMicroelectronics X-CUBE-TOUCHGFX 4.23.0
2024-10-02 23:24:25,946 [INFO] ThirdParty:1030 - CMSIS Pack Vendor :STMicroelectronics X-CUBE-TOUCHGFX 4.23.2
2024-10-02 23:24:25,946 [INFO] ThirdParty:1030 - CMSIS Pack Vendor :STMicroelectronics X-CUBE-AZRTOS-F7 1.1.0
2024-10-02 23:24:25,946 [INFO] ThirdParty:1030 - CMSIS Pack Vendor :STMicroelectronics X-CUBE-AZRTOS-L5 2.0.0
2024-10-02 23:24:25,946 [INFO] ThirdParty:1030 - CMSIS Pack Vendor :STMicroelectronics USB_DEVICE 2.0.0
2024-10-02 23:24:25,946 [INFO] ThirdParty:1030 - CMSIS Pack Vendor :STMicroelectronics X-CUBE-EEPRMA1 4.2.0
2024-10-02 23:24:25,946 [INFO] ThirdParty:1030 - CMSIS Pack Vendor :STMicroelectronics X-CUBE-NFC6 3.1.0
2024-10-02 23:24:25,946 [INFO] ThirdParty:1030 - CMSIS Pack Vendor :ITTIA_DB I-CUBE-ITTIADB 8.8.0
2024-10-02 23:24:25,946 [INFO] ThirdParty:1030 - CMSIS Pack Vendor :STMicroelectronics FP-SNS-STBOX1 2.0.0
2024-10-02 23:24:25,946 [INFO] ThirdParty:1030 - CMSIS Pack Vendor :STMicroelectronics FP-SNS-MOTENV1 4.3.2
2024-10-02 23:24:25,946 [INFO] ThirdParty:1030 - CMSIS Pack Vendor :STMicroelectronics X-CUBE-ALGOBUILD 1.3.0
2024-10-02 23:24:25,946 [INFO] ThirdParty:1030 - CMSIS Pack Vendor :STMicroelectronics X-CUBE-MEMS1 11.0.0
2024-10-02 23:24:25,946 [INFO] ThirdParty:1030 - CMSIS Pack Vendor :STMicroelectronics FreeRTOS 0.0.1
2024-10-02 23:24:25,946 [INFO] ThirdParty:1030 - CMSIS Pack Vendor :STMicroelectronics X-CUBE-AZRTOS-G0 1.1.0
2024-10-02 23:24:25,946 [INFO] ThirdParty:1030 - CMSIS Pack Vendor :STMicroelectronics X-CUBE-SAFEA1 1.2.2
2024-10-02 23:24:25,946 [INFO] ThirdParty:1030 - CMSIS Pack Vendor :STMicroelectronics X-CUBE-NFC4 3.0.0
2024-10-02 23:24:25,947 [INFO] ThirdParty:1030 - CMSIS Pack Vendor :STMicroelectronics X-CUBE-DPower 1.2.0
2024-10-02 23:24:25,947 [INFO] ThirdParty:1030 - CMSIS Pack Vendor :STMicroelectronics X-CUBE-SUBG2 5.0.0
2024-10-02 23:24:25,947 [INFO] ThirdParty:1030 - CMSIS Pack Vendor :STMicroelectronics STM32_WPAN 1.0.0
2024-10-02 23:24:25,947 [INFO] ThirdParty:1030 - CMSIS Pack Vendor :EmbeddedOffice I-CUBE-FS-RTOS 1.0.1
2024-10-02 23:24:25,947 [INFO] ThirdParty:1030 - CMSIS Pack Vendor :STMicroelectronics lwIP 2.0.3
2024-10-02 23:24:25,947 [INFO] ThirdParty:1030 - CMSIS Pack Vendor :STMicroelectronics FP-SNS-FLIGHT1 5.0.2
2024-10-02 23:24:25,947 [INFO] ThirdParty:1030 - CMSIS Pack Vendor :STMicroelectronics USB_HOST 1.0.0
2024-10-02 23:24:25,947 [INFO] ThirdParty:1030 - CMSIS Pack Vendor :STMicroelectronics X-CUBE-AI 9.0.0
2024-10-02 23:24:25,947 [INFO] ThirdParty:1030 - CMSIS Pack Vendor :STMicroelectronics X-CUBE-AZRTOS-G4 2.0.0
2024-10-02 23:24:25,948 [INFO] ThirdParty:1030 - CMSIS Pack Vendor :STMicroelectronics PDM2PCM 3.1.0
2024-10-02 23:24:25,948 [INFO] ThirdParty:1030 - CMSIS Pack Vendor :Infineon AIROC-Wi-Fi-Bluetooth-STM32 1.5.1
2024-10-02 23:24:25,948 [INFO] ThirdParty:1030 - CMSIS Pack Vendor :STMicroelectronics X-CUBE-BLEMGR 3.0.0
2024-10-02 23:24:25,948 [INFO] ThirdParty:1030 - CMSIS Pack Vendor :STMicroelectronics PDM2PCM 3.3.0
2024-10-02 23:24:25,948 [INFO] ThirdParty:1030 - CMSIS Pack Vendor :STMicroelectronics X-CUBE-DISPLAY 3.0.0
2024-10-02 23:24:25,948 [INFO] ThirdParty:1030 - CMSIS Pack Vendor :RealThread X-CUBE-RT-Thread_Nano 4.1.1
2024-10-02 23:24:25,948 [INFO] ThirdParty:1030 - CMSIS Pack Vendor :STMicroelectronics FP-SNS-MOTENVWB1 1.3.1
2024-10-02 23:24:25,948 [INFO] ThirdParty:1030 - CMSIS Pack Vendor :STMicroelectronics X-CUBE-BLE1 7.0.0
2024-10-02 23:24:25,948 [INFO] ThirdParty:1030 - CMSIS Pack Vendor :STMicroelectronics FP-ATR-SIGFOX1 3.2.0
2024-10-02 23:24:25,948 [INFO] ThirdParty:1030 - CMSIS Pack Vendor :STMicroelectronics X-CUBE-NFC10 1.0.0
2024-10-02 23:24:25,948 [INFO] ThirdParty:1030 - CMSIS Pack Vendor :STMicroelectronics X-CUBE-ISPU 2.0.0
2024-10-02 23:24:25,948 [INFO] ThirdParty:1030 - CMSIS Pack Vendor :STMicroelectronics X-CUBE-EEPRMA1 5.1.0
2024-10-02 23:24:25,948 [INFO] ThirdParty:1030 - CMSIS Pack Vendor :STMicroelectronics HAL Drivers 0.0.0
2024-10-02 23:24:25,948 [INFO] ThirdParty:1030 - CMSIS Pack Vendor :STMicroelectronics MBEDTLS 2.16.2
2024-10-02 23:24:25,949 [INFO] ThirdParty:1030 - CMSIS Pack Vendor :STMicroelectronics X-CUBE-ALS 1.0.2
2024-10-02 23:24:25,949 [INFO] ThirdParty:1030 - CMSIS Pack Vendor :emotas I-CUBE-CANOPEN 1.3.0
2024-10-02 23:24:25,949 [INFO] ThirdParty:1030 - CMSIS Pack Vendor :STMicroelectronics X-CUBE-MEMS1 10.0.0
2024-10-02 23:24:25,949 [INFO] ThirdParty:1030 - CMSIS Pack Vendor :STMicroelectronics X-CUBE-FREERTOS 1.1.0
2024-10-02 23:24:25,949 [INFO] ThirdParty:1030 - CMSIS Pack Vendor :STMicroelectronics X-CUBE-NFC7 1.0.1
2024-10-02 23:24:25,949 [INFO] ThirdParty:1030 - CMSIS Pack Vendor :STMicroelectronics MBEDTLS 2.14.1
2024-10-02 23:24:25,949 [INFO] ThirdParty:1030 - CMSIS Pack Vendor :STMicroelectronics X-CUBE-TOUCHGFX 4.24.0
2024-10-02 23:24:25,949 [INFO] ThirdParty:1030 - CMSIS Pack Vendor :STMicroelectronics X-CUBE-TOUCHGFX 4.24.1
2024-10-02 23:24:25,949 [INFO] ThirdParty:1030 - CMSIS Pack Vendor :STMicroelectronics X-CUBE-NFC6 3.0.0
2024-10-02 23:24:25,949 [INFO] ThirdParty:1030 - CMSIS Pack Vendor :wolfSSL I-CUBE-wolfTPM 3.4.0
2024-10-02 23:24:25,949 [INFO] ThirdParty:1030 - CMSIS Pack Vendor :portGmbH I-Cube-SoM-uGOAL 1.1.0
2024-10-02 23:24:25,949 [INFO] ThirdParty:1030 - CMSIS Pack Vendor :STMicroelectronics X-CUBE-ALS 1.0.1
2024-10-02 23:24:25,950 [INFO] ThirdParty:1030 - CMSIS Pack Vendor :STMicroelectronics X-CUBE-BLEMGR 3.1.0
2024-10-02 23:24:25,950 [INFO] ThirdParty:1030 - CMSIS Pack Vendor :STMicroelectronics ThreadX 1.0.0
2024-10-02 23:24:25,950 [INFO] ThirdParty:1030 - CMSIS Pack Vendor :STMicroelectronics FP-SNS-SMARTAG2 1.2.0
2024-10-02 23:24:25,950 [INFO] ThirdParty:1030 - CMSIS Pack Vendor :STMicroelectronics X-CUBE-AZRTOS-WL 2.0.0
2024-10-02 23:24:25,950 [INFO] ThirdParty:1030 - CMSIS Pack Vendor :SEGGER I-CUBE-embOS 1.3.1
2024-10-02 23:24:25,950 [INFO] ThirdParty:1030 - CMSIS Pack Vendor :STMicroelectronics X-CUBE-ALGOBUILD 1.4.0
2024-10-02 23:24:25,950 [INFO] ThirdParty:1030 - CMSIS Pack Vendor :STMicroelectronics FP-SNS-MOTENV1 5.0.0
2024-10-02 23:24:25,950 [INFO] ThirdParty:1030 - CMSIS Pack Vendor :STMicroelectronics USB_DEVICE 1.0.0
2024-10-02 23:24:25,950 [INFO] ThirdParty:1030 - CMSIS Pack Vendor :STMicroelectronics X-CUBE-AI 8.1.0
2024-10-02 23:24:25,950 [INFO] ThirdParty:1030 - CMSIS Pack Vendor :STMicroelectronics X-CUBE-AZRTOS-H7RS 1.0.0
2024-10-02 23:24:25,951 [INFO] ThirdParty:1030 - CMSIS Pack Vendor :wolfSSL I-CUBE-wolfMQTT 1.19.0
2024-10-02 23:24:25,951 [INFO] ThirdParty:1030 - CMSIS Pack Vendor :STMicroelectronics X-CUBE-AZRTOS-L4 2.0.0
2024-10-02 23:24:25,951 [INFO] ThirdParty:1030 - CMSIS Pack Vendor :STMicroelectronics ThreadX 0.0.2
2024-10-02 23:24:25,951 [INFO] ThirdParty:1030 - CMSIS Pack Vendor :WES I-CUBE-Cesium 1.3.0
2024-10-02 23:24:25,951 [INFO] ThirdParty:1030 - CMSIS Pack Vendor :STMicroelectronics FP-ATR-ASTRA1 2.0.0
2024-10-02 23:24:25,951 [INFO] ThirdParty:1030 - CMSIS Pack Vendor :STMicroelectronics lwIP 2.1.2
2024-10-02 23:24:25,951 [INFO] ThirdParty:1030 - CMSIS Pack Vendor :STMicroelectronics X-CUBE-SFXS2LP1 4.0.0
2024-10-02 23:24:25,951 [INFO] ThirdParty:1030 - CMSIS Pack Vendor :STMicroelectronics X-CUBE-BLE2 3.3.0
2024-10-02 23:24:25,951 [INFO] ThirdParty:1030 - CMSIS Pack Vendor :STMicroelectronics X-CUBE-TOF1 3.4.2
2024-10-02 23:24:25,951 [INFO] ThirdParty:1030 - CMSIS Pack Vendor :STMicroelectronics X-CUBE-TOF1 3.4.0
2024-10-02 23:24:25,951 [INFO] ThirdParty:1030 - CMSIS Pack Vendor :STMicroelectronics X-CUBE-TOF1 3.4.1
2024-10-02 23:24:25,951 [INFO] ThirdParty:1030 - CMSIS Pack Vendor :STMicroelectronics X-CUBE-AZRTOS-H7 3.2.0
2024-10-02 23:24:25,951 [INFO] ThirdParty:1030 - CMSIS Pack Vendor :STMicroelectronics PDM2PCM 3.2.0
2024-10-02 23:24:25,951 [INFO] ThirdParty:1030 - CMSIS Pack Vendor :wolfSSL I-CUBE-wolfSSH 1.4.17
2024-10-02 23:24:25,952 [INFO] ThirdParty:841 - exiting critical section [change project]
2024-10-02 23:24:26,279 [INFO] PinOutPanel:1499 - setPackage(No Configuration,No Configuration)
2024-10-02 23:24:26,280 [INFO] PinOutPanel:1499 - setPackage(STM32F103C8Tx,LQFP48)
2024-10-02 23:24:26,835 [INFO] UtilMem:75 - Before build in PCC Used Memory: 463630944 Bytes (961544192)
2024-10-02 23:24:27,671 [INFO] UtilMem:75 - After build in PCC Used Memory: 560274264 Bytes (961544192)
2024-10-02 23:24:27,699 [INFO] IPUIPlugin:80 - create IPUIPlugin
2024-10-02 23:24:27,699 [INFO] IPUIPlugin:80 - create IPUIPlugin
2024-10-02 23:24:27,699 [INFO] IPUIPlugin:80 - create IPUIPlugin
2024-10-02 23:24:27,699 [INFO] IPUIPlugin:80 - create IPUIPlugin
2024-10-02 23:24:27,699 [INFO] IPUIPlugin:80 - create IPUIPlugin
2024-10-02 23:24:27,699 [INFO] IPUIPlugin:80 - create IPUIPlugin
2024-10-02 23:24:27,700 [INFO] IPUIPlugin:80 - create IPUIPlugin
2024-10-02 23:24:27,700 [INFO] IPUIPlugin:80 - create IPUIPlugin
2024-10-02 23:24:27,700 [INFO] IPUIPlugin:80 - create IPUIPlugin
2024-10-02 23:24:27,700 [INFO] IPUIPlugin:80 - create IPUIPlugin
2024-10-02 23:24:27,700 [INFO] IPUIPlugin:80 - create IPUIPlugin
2024-10-02 23:24:27,700 [INFO] IPUIPlugin:80 - create IPUIPlugin
2024-10-02 23:24:27,700 [INFO] IPUIPlugin:80 - create IPUIPlugin
2024-10-02 23:24:27,701 [INFO] IPUIPlugin:80 - create IPUIPlugin
2024-10-02 23:24:27,701 [INFO] IPUIPlugin:80 - create IPUIPlugin
2024-10-02 23:24:27,701 [INFO] IPUIPlugin:80 - create IPUIPlugin
2024-10-02 23:24:27,701 [INFO] IPUIPlugin:80 - create IPUIPlugin
2024-10-02 23:24:27,701 [INFO] IPUIPlugin:80 - create IPUIPlugin
2024-10-02 23:24:27,702 [INFO] IPUIPlugin:80 - create IPUIPlugin
2024-10-02 23:24:27,702 [INFO] IPUIPlugin:80 - create IPUIPlugin
2024-10-02 23:24:27,702 [INFO] IPUIPlugin:80 - create IPUIPlugin
2024-10-02 23:24:27,702 [INFO] IPUIPlugin:80 - create IPUIPlugin
2024-10-02 23:24:27,703 [INFO] IPUIPlugin:80 - create IPUIPlugin
2024-10-02 23:24:27,703 [INFO] IPUIPlugin:80 - create IPUIPlugin
2024-10-02 23:24:27,703 [INFO] IPUIPlugin:80 - create IPUIPlugin
2024-10-02 23:24:27,703 [INFO] IPUIPlugin:80 - create IPUIPlugin
2024-10-02 23:24:27,703 [INFO] IPUIPlugin:80 - create IPUIPlugin
2024-10-02 23:24:27,901 [INFO] CADModel:165 - CPN selected for project levelSTM32F103C8T6
2024-10-02 23:24:27,902 [INFO] CADModel:114 - Register for checkConnection events
2024-10-02 23:24:27,950 [INFO] OpenFileManager:343 - Restore cursor
2024-10-02 23:24:32,120 [INFO] UtilMem:75 - End SaveConfig() Used Memory: 596452616 Bytes (961544192)
2024-10-02 23:24:32,197 [INFO] UtilMem:75 - End SaveConfig() Used Memory: 608584728 Bytes (961544192)
2024-10-02 23:24:32,871 [INFO] BlockDiagram:2759 - set Specific Code input for plugin: NVIC
2024-10-02 23:24:32,871 [INFO] BlockDiagram:2759 - set Specific Code input for plugin: RCC
2024-10-02 23:24:32,873 [INFO] CodeGenerator:807 - code generatio: config db path: C:\ST\STM32CubeIDE_1.14.1\STM32CubeIDE\plugins\com.st.stm32cube.common.mx_6.10.0.202311202037\\db\
2024-10-02 23:24:33,169 [INFO] CodeEngine:255 - oldGeneratedFile, C:\Users\tkach\Embedded-C\My_workspace\target\Blinking\MXTmpFiles\license.tmp_save
2024-10-02 23:24:33,645 [INFO] CodeEngine:279 - Generated code: C:\Users\tkach\Embedded-C\My_workspace\target\Blinking\MXTmpFiles\license.tmp
2024-10-02 23:24:33,683 [INFO] CodeEngine:255 - oldGeneratedFile, C:\Users\tkach\Embedded-C\My_workspace\target\Blinking\Core\Src\stm32f1xx_it.c_save
2024-10-02 23:24:33,899 [INFO] CodeEngine:279 - Generated code: C:\Users\tkach\Embedded-C\My_workspace\target\Blinking\Core\Src\stm32f1xx_it.c
2024-10-02 23:24:33,913 [INFO] CodeEngine:255 - oldGeneratedFile, C:\Users\tkach\Embedded-C\My_workspace\target\Blinking\Core\Inc\stm32f1xx_it.h_save
2024-10-02 23:24:34,045 [INFO] CodeEngine:279 - Generated code: C:\Users\tkach\Embedded-C\My_workspace\target\Blinking\Core\Inc\stm32f1xx_it.h
2024-10-02 23:24:34,207 [INFO] CodeEngine:255 - oldGeneratedFile, C:\Users\tkach\Embedded-C\My_workspace\target\Blinking\Core\Src\stm32f1xx_hal_msp.c_save
2024-10-02 23:24:34,409 [INFO] CodeEngine:279 - Generated code: C:\Users\tkach\Embedded-C\My_workspace\target\Blinking\Core\Src\stm32f1xx_hal_msp.c
2024-10-02 23:24:34,433 [INFO] CodeEngine:255 - oldGeneratedFile, C:\Users\tkach\Embedded-C\My_workspace\target\Blinking\MXTmpFiles\system.tmp_save
2024-10-02 23:24:34,544 [INFO] CodeEngine:279 - Generated code: C:\Users\tkach\Embedded-C\My_workspace\target\Blinking\MXTmpFiles\system.tmp
2024-10-02 23:24:34,566 [INFO] CodeEngine:311 - oldGeneratedFile, C:\Users\tkach\Embedded-C\My_workspace\target\Blinking\Core\Inc\stm32f1xx_hal_conf.h_save
2024-10-02 23:24:34,710 [INFO] CodeEngine:335 - Generated code: C:\Users\tkach\Embedded-C\My_workspace\target\Blinking\Core\Inc\stm32f1xx_hal_conf.h
2024-10-02 23:24:34,783 [INFO] CodeEngine:255 - oldGeneratedFile, C:\Users\tkach\Embedded-C\My_workspace\target\Blinking\Core\Inc\main.h_save
2024-10-02 23:24:34,941 [INFO] CodeEngine:279 - Generated code: C:\Users\tkach\Embedded-C\My_workspace\target\Blinking\Core\Inc\main.h
2024-10-02 23:24:34,967 [INFO] CodeEngine:255 - oldGeneratedFile, C:\Users\tkach\Embedded-C\My_workspace\target\Blinking\Core\Src\main.c_save
2024-10-02 23:24:35,188 [INFO] CodeEngine:279 - Generated code: C:\Users\tkach\Embedded-C\My_workspace\target\Blinking\Core\Src\main.c
2024-10-02 23:24:36,135 [INFO] ProjectBuilder:3076 - Time for Copy HAL[1] : 215mS.
2024-10-02 23:24:36,146 [INFO] ProjectBuilder:4485 - Project Generator version: 4.2.0-B44
2024-10-02 23:24:36,680 [INFO] ConfigFileManager:1495 - The Die is : DIE410
2024-10-02 23:24:36,719 [INFO] ApiDbMcu:508 - Load IP Config File for FATFS
2024-10-02 23:24:36,783 [INFO] ApiDbMcu:508 - Load IP Config File for FREERTOS
2024-10-02 23:24:36,830 [INFO] ApiDbMcu:508 - Load IP Config File for USB_DEVICE
2024-10-02 23:24:38,364 [INFO] LogOutputStream:77 - [STDOUT_REDIRECT] 
2024-10-02 23:24:42,386 [INFO] ProjectBuilder:4747 - Time for Generating toolchain IDE Files: 6239mS.
2024-10-02 23:24:42,387 [INFO] ProjectBuilder:2947 - Time for Copy CMSIS : 1mS.
2024-10-02 23:24:42,390 [INFO] ProjectBuilder:2947 - Time for Copy CMSIS : 0mS.
2024-10-02 23:24:43,689 [INFO] McuFinderGlobals:76 - Set McuFinderConnectedMode to true
2024-10-02 23:24:43,693 [INFO] ApiDb:448 - Save user favorites file C:\Users\tkach/.stm32cubeide/favorites.mcus.txt: 0 item(s)
2024-10-02 23:24:43,693 [INFO] ApiDb:452 - User favorites MCUs=[]
2024-10-02 23:27:50,147 [INFO] UtilMem:75 - End SaveConfig() Used Memory: 607841336 Bytes (1073741824)
2024-10-02 23:27:52,976 [INFO] UtilMem:75 - End SaveConfig() Used Memory: 634427640 Bytes (1073741824)
2024-10-02 23:27:53,239 [INFO] BlockDiagram:2759 - set Specific Code input for plugin: NVIC
2024-10-02 23:27:53,239 [INFO] BlockDiagram:2759 - set Specific Code input for plugin: GPIO
2024-10-02 23:27:53,239 [INFO] BlockDiagram:2759 - set Specific Code input for plugin: RCC
2024-10-02 23:27:53,241 [INFO] CodeGenerator:807 - code generatio: config db path: C:\ST\STM32CubeIDE_1.14.1\STM32CubeIDE\plugins\com.st.stm32cube.common.mx_6.10.0.202311202037\\db\
2024-10-02 23:27:53,370 [INFO] CodeEngine:255 - oldGeneratedFile, C:\Users\tkach\Embedded-C\My_workspace\target\Blinking\MXTmpFiles\license.tmp_save
2024-10-02 23:27:53,508 [INFO] CodeEngine:279 - Generated code: C:\Users\tkach\Embedded-C\My_workspace\target\Blinking\MXTmpFiles\license.tmp
2024-10-02 23:27:53,574 [INFO] CodeEngine:255 - oldGeneratedFile, C:\Users\tkach\Embedded-C\My_workspace\target\Blinking\MXTmpFiles\gpio.tmp_save
2024-10-02 23:27:53,719 [INFO] CodeEngine:279 - Generated code: C:\Users\tkach\Embedded-C\My_workspace\target\Blinking\MXTmpFiles\gpio.tmp
2024-10-02 23:27:53,749 [INFO] CodeEngine:255 - oldGeneratedFile, C:\Users\tkach\Embedded-C\My_workspace\target\Blinking\Core\Src\stm32f1xx_it.c_save
2024-10-02 23:27:53,992 [INFO] CodeEngine:279 - Generated code: C:\Users\tkach\Embedded-C\My_workspace\target\Blinking\Core\Src\stm32f1xx_it.c
2024-10-02 23:27:54,000 [INFO] CodeEngine:255 - oldGeneratedFile, C:\Users\tkach\Embedded-C\My_workspace\target\Blinking\Core\Inc\stm32f1xx_it.h_save
2024-10-02 23:27:54,083 [INFO] CodeEngine:279 - Generated code: C:\Users\tkach\Embedded-C\My_workspace\target\Blinking\Core\Inc\stm32f1xx_it.h
2024-10-02 23:27:54,116 [INFO] CodeEngine:255 - oldGeneratedFile, C:\Users\tkach\Embedded-C\My_workspace\target\Blinking\Core\Src\stm32f1xx_hal_msp.c_save
2024-10-02 23:27:54,302 [INFO] CodeEngine:279 - Generated code: C:\Users\tkach\Embedded-C\My_workspace\target\Blinking\Core\Src\stm32f1xx_hal_msp.c
2024-10-02 23:27:54,309 [INFO] CodeEngine:255 - oldGeneratedFile, C:\Users\tkach\Embedded-C\My_workspace\target\Blinking\MXTmpFiles\system.tmp_save
2024-10-02 23:27:54,429 [INFO] CodeEngine:279 - Generated code: C:\Users\tkach\Embedded-C\My_workspace\target\Blinking\MXTmpFiles\system.tmp
2024-10-02 23:27:54,448 [INFO] CodeEngine:311 - oldGeneratedFile, C:\Users\tkach\Embedded-C\My_workspace\target\Blinking\Core\Inc\stm32f1xx_hal_conf.h_save
2024-10-02 23:27:54,591 [INFO] CodeEngine:335 - Generated code: C:\Users\tkach\Embedded-C\My_workspace\target\Blinking\Core\Inc\stm32f1xx_hal_conf.h
2024-10-02 23:27:54,645 [INFO] CodeEngine:255 - oldGeneratedFile, C:\Users\tkach\Embedded-C\My_workspace\target\Blinking\Core\Inc\main.h_save
2024-10-02 23:27:54,744 [INFO] CodeEngine:279 - Generated code: C:\Users\tkach\Embedded-C\My_workspace\target\Blinking\Core\Inc\main.h
2024-10-02 23:27:54,764 [INFO] CodeEngine:255 - oldGeneratedFile, C:\Users\tkach\Embedded-C\My_workspace\target\Blinking\Core\Src\main.c_save
2024-10-02 23:27:54,924 [INFO] CodeEngine:279 - Generated code: C:\Users\tkach\Embedded-C\My_workspace\target\Blinking\Core\Src\main.c
2024-10-02 23:27:55,563 [INFO] ProjectBuilder:3076 - Time for Copy HAL[1] : 172mS.
2024-10-02 23:27:55,568 [INFO] ProjectBuilder:4485 - Project Generator version: 4.2.0-B44
2024-10-02 23:27:55,985 [INFO] ConfigFileManager:1495 - The Die is : DIE410
2024-10-02 23:27:58,598 [INFO] ProjectBuilder:4747 - Time for Generating toolchain IDE Files: 3030mS.
2024-10-02 23:27:58,600 [INFO] ProjectBuilder:2947 - Time for Copy CMSIS : 2mS.
2024-10-02 23:27:58,609 [INFO] ProjectBuilder:2947 - Time for Copy CMSIS : 0mS.
