2024-11-07 00:13:36,990 [ERROR] LogOutputStream:75 - [STDERR_REDIRECT] 
2024-11-07 10:18:49,366 [INFO] Activator:176 - 


2024-11-07 10:18:49,368 [INFO] Activator:177 - !SESSION log4j initialized
2024-11-07 10:18:55,465 [INFO] LogOutputStream:77 - [STDOUT_REDIRECT] 
2024-11-07 10:19:00,333 [INFO] ApplicationProperties:184 - Using Application install path: C:\ST\STM32CubeIDE_1.14.1\STM32CubeIDE\plugins\com.st.stm32cube.common.mx_6.10.0.202311202037
2024-11-07 10:19:00,350 [INFO] DbMcusXml:78 - Set database path to: C:\ST\STM32CubeIDE_1.14.1\STM32CubeIDE\plugins\com.st.stm32cube.common.mx_6.10.0.202311202037\\db\/mcu/
2024-11-07 10:19:00,350 [INFO] ApiDb:274 - Set plugin database path to: C:\ST\STM32CubeIDE_1.14.1\STM32CubeIDE\plugins\com.st.stm32cube.common.mx_6.10.0.202311202037\\db\/plugins/boardmanager/
2024-11-07 10:19:00,350 [WARN] ApiDb:259 - Overriding images path with different value:  => C:\ST\STM32CubeIDE_1.14.1\STM32CubeIDE\plugins\com.st.stm32cube.common.mx_6.10.0.202311202037\\db\/plugins/mcufinder/images/
2024-11-07 10:19:00,365 [INFO] ApiDb:250 - Set database path to: C:\Users\tkach\.stmcufinder\plugins\mcufinder//mcu/
2024-11-07 10:19:00,366 [INFO] DbMcusAds:125 - Set database path to: C:\Users\tkach\.stmcufinder\plugins\mcufinder//mcu/
2024-11-07 10:19:00,368 [INFO] CrossReferenceDbSqlite:203 - Set database path to: C:\Users\tkach\.stmcufinder\plugins\mcufinder//mcu/cs/
2024-11-07 10:19:00,473 [INFO] RulesReader:64 - Compatibility file has been processed (297 Rules)
2024-11-07 10:19:00,551 [INFO] DbMcusXml:78 - Set database path to: C:\ST\STM32CubeIDE_1.14.1\STM32CubeIDE\plugins\com.st.stm32cube.common.mx_6.10.0.202311202037\\db\/mcu/
2024-11-07 10:19:00,552 [INFO] ApiDb:274 - Set plugin database path to: C:\ST\STM32CubeIDE_1.14.1\STM32CubeIDE\plugins\com.st.stm32cube.common.mx_6.10.0.202311202037\\db\/plugins/boardmanager/
2024-11-07 10:19:00,552 [INFO] ApiDb:261 - Set plugin images path to: C:\ST\STM32CubeIDE_1.14.1\STM32CubeIDE\plugins\com.st.stm32cube.common.mx_6.10.0.202311202037\\db\/plugins/mcufinder/images/
2024-11-07 10:19:00,552 [WARN] DbFile:41 - Overriding database path with different value: C:\Users\tkach\.stmcufinder\plugins\mcufinder/ => C:\Users\tkach\.stmcufinder\plugins\mcufinder
2024-11-07 10:19:00,552 [INFO] ApiDb:250 - Set database path to: C:\Users\tkach\.stmcufinder\plugins\mcufinder//mcu/
2024-11-07 10:19:00,552 [WARN] DbFile:41 - Overriding database path with different value: C:\Users\tkach\.stmcufinder\plugins\mcufinder/ => C:\Users\tkach\.stmcufinder\plugins\mcufinder
2024-11-07 10:19:00,552 [INFO] DbMcusAds:125 - Set database path to: C:\Users\tkach\.stmcufinder\plugins\mcufinder//mcu/
2024-11-07 10:19:00,552 [WARN] DbFile:41 - Overriding database path with different value: C:\Users\tkach\.stmcufinder\plugins\mcufinder/ => C:\Users\tkach\.stmcufinder\plugins\mcufinder
2024-11-07 10:19:00,552 [WARN] DbFile:41 - Overriding database path with different value: C:\Users\tkach\.stmcufinder\plugins\mcufinder/ => C:\Users\tkach\.stmcufinder\plugins\mcufinder
2024-11-07 10:19:00,552 [INFO] CrossReferenceDbSqlite:203 - Set database path to: C:\Users\tkach\.stmcufinder\plugins\mcufinder//mcu/cs/
2024-11-07 10:19:00,623 [INFO] MainPanel:264 - HeapMemory: 268435456
2024-11-07 10:19:00,725 [INFO] DbMcusXml:78 - Set database path to: C:\ST\STM32CubeIDE_1.14.1\STM32CubeIDE\plugins\com.st.stm32cube.common.mx_6.10.0.202311202037\\db\/mcu/
2024-11-07 10:19:00,726 [INFO] ApiDb:274 - Set plugin database path to: C:\ST\STM32CubeIDE_1.14.1\STM32CubeIDE\plugins\com.st.stm32cube.common.mx_6.10.0.202311202037\\db\/plugins/boardmanager/
2024-11-07 10:19:00,726 [INFO] ApiDb:261 - Set plugin images path to: C:\ST\STM32CubeIDE_1.14.1\STM32CubeIDE\plugins\com.st.stm32cube.common.mx_6.10.0.202311202037\\db\/plugins/mcufinder/images/
2024-11-07 10:19:00,726 [WARN] DbFile:41 - Overriding database path with different value: C:\Users\tkach\.stmcufinder\plugins\mcufinder/ => C:\Users\tkach\.stmcufinder\plugins\mcufinder
2024-11-07 10:19:00,726 [INFO] ApiDb:250 - Set database path to: C:\Users\tkach\.stmcufinder\plugins\mcufinder//mcu/
2024-11-07 10:19:00,726 [WARN] DbFile:41 - Overriding database path with different value: C:\Users\tkach\.stmcufinder\plugins\mcufinder/ => C:\Users\tkach\.stmcufinder\plugins\mcufinder
2024-11-07 10:19:00,726 [INFO] DbMcusAds:125 - Set database path to: C:\Users\tkach\.stmcufinder\plugins\mcufinder//mcu/
2024-11-07 10:19:00,726 [WARN] DbFile:41 - Overriding database path with different value: C:\Users\tkach\.stmcufinder\plugins\mcufinder/ => C:\Users\tkach\.stmcufinder\plugins\mcufinder
2024-11-07 10:19:00,727 [WARN] DbFile:41 - Overriding database path with different value: C:\Users\tkach\.stmcufinder\plugins\mcufinder/ => C:\Users\tkach\.stmcufinder\plugins\mcufinder
2024-11-07 10:19:00,727 [INFO] CrossReferenceDbSqlite:203 - Set database path to: C:\Users\tkach\.stmcufinder\plugins\mcufinder//mcu/cs/
2024-11-07 10:19:00,743 [INFO] ApplicationProperties:184 - Using Application install path: C:\ST\STM32CubeIDE_1.14.1\STM32CubeIDE\plugins\com.st.stm32cube.common.mx_6.10.0.202311202037
2024-11-07 10:19:00,745 [INFO] PluginManage:196 - Search for loadable plugins [exclusion list=, ]
2024-11-07 10:19:00,746 [INFO] PluginManage:310 - Check plugin analytics
2024-11-07 10:19:00,904 [INFO] AnalyticsPlugin:253 - Accepted Software Licenses: 
2024-11-07 10:19:00,904 [INFO] AnalyticsPlugin:255 - Accepted CMSIS Pack Licenses: 
2024-11-07 10:19:00,904 [INFO] AnalyticsPlugin:257 - Accepted Firmware Licenses: 
2024-11-07 10:19:00,905 [INFO] PluginManage:359 - Loaded plugin analytics (category:tool,tabindex:-1)
2024-11-07 10:19:00,906 [INFO] PluginManage:310 - Check plugin cadmodel
2024-11-07 10:19:00,920 [INFO] CADModel:105 - Init CAD model plugin
2024-11-07 10:19:00,921 [INFO] PluginManage:359 - Loaded plugin cadmodel (category:power,tabindex:5)
2024-11-07 10:19:00,921 [INFO] PluginManage:310 - Check plugin clock
2024-11-07 10:19:00,939 [INFO] PluginManage:359 - Loaded plugin clock (category:base,tabindex:2)
2024-11-07 10:19:00,939 [INFO] PluginManage:310 - Check plugin ddr
2024-11-07 10:19:00,941 [INFO] PluginManage:359 - Loaded plugin ddr (category:tool,tabindex:6)
2024-11-07 10:19:00,941 [INFO] PluginManage:310 - Check plugin filemanager
2024-11-07 10:19:01,069 [INFO] PluginManage:359 - Loaded plugin filemanager (category:base,tabindex:10)
2024-11-07 10:19:01,069 [INFO] PluginManage:310 - Check plugin ipmanager
2024-11-07 10:19:01,075 [INFO] PluginManage:359 - Loaded plugin ipmanager (category:base,tabindex:5)
2024-11-07 10:19:01,075 [INFO] PluginManage:310 - Check plugin lpbam
2024-11-07 10:19:01,089 [INFO] PluginManage:359 - Loaded plugin lpbam (category:base,tabindex:0)
2024-11-07 10:19:01,089 [INFO] PluginManage:310 - Check plugin memorymap
2024-11-07 10:19:01,111 [INFO] PluginManage:359 - Loaded plugin memorymap (category:base,tabindex:4)
2024-11-07 10:19:01,111 [INFO] PluginManage:310 - Check plugin pinoutandconfiguration
2024-11-07 10:19:01,127 [INFO] PluginManage:359 - Loaded plugin pinoutandconfiguration (category:base,tabindex:1)
2024-11-07 10:19:01,127 [INFO] PluginManage:310 - Check plugin pinoutconfig
2024-11-07 10:19:01,228 [WARN] SupportedApi:132 - Cannot load RTOS API schema: s4s-elt-must-match.1: The content of 'definitions' must match (annotation?, (simpleType | complexType)?, (unique | key | keyref)*)). A problem was found starting at: attribute.
2024-11-07 10:19:01,372 [INFO] PluginManage:359 - Loaded plugin pinoutconfig (category:base,tabindex:0)
2024-11-07 10:19:01,372 [INFO] PluginManage:310 - Check plugin power
2024-11-07 10:19:01,393 [INFO] PluginManage:359 - Loaded plugin power (category:power,tabindex:4)
2024-11-07 10:19:01,394 [INFO] PluginManage:310 - Check plugin projectmanager
2024-11-07 10:19:01,408 [INFO] PluginManage:359 - Loaded plugin projectmanager (category:projectmanager,tabindex:3)
2024-11-07 10:19:01,408 [INFO] PluginManage:310 - Check plugin thirdparty
2024-11-07 10:19:01,679 [INFO] PluginManage:359 - Loaded plugin thirdparty (category:base,tabindex:-1)
2024-11-07 10:19:01,679 [WARN] IntegrityCheckThread:84 - waiting for thirdparty lock release [integrity check]
2024-11-07 10:19:01,679 [INFO] PluginManage:310 - Check plugin tools
2024-11-07 10:19:01,679 [INFO] IntegrityCheckThread:86 - entering critical section [integrity check]
2024-11-07 10:19:01,680 [INFO] ThirdPartyUpdaterWithRetryManager:70 - Updater plugin not ready yet. [1/15]
2024-11-07 10:19:01,710 [INFO] PluginManage:359 - Loaded plugin tools (category:base,tabindex:7)
2024-11-07 10:19:01,711 [INFO] PluginManage:310 - Check plugin tutovideos
2024-11-07 10:19:01,886 [INFO] PluginManage:359 - Loaded plugin tutovideos (category:base,tabindex:-1)
2024-11-07 10:19:01,886 [INFO] PluginManage:310 - Check plugin updater
2024-11-07 10:19:01,896 [INFO] PluginManage:359 - Loaded plugin updater (category:base,tabindex:12)
2024-11-07 10:19:01,896 [INFO] PluginManage:310 - Check plugin userauth
2024-11-07 10:19:01,901 [INFO] UserAuth:114 - Init User Auth plugin
2024-11-07 10:19:01,901 [INFO] PluginManage:359 - Loaded plugin userauth (category:base,tabindex:14)
2024-11-07 10:19:01,901 [INFO] PluginManage:283 - PluginManage : Loaded plugins [17]
2024-11-07 10:19:02,112 [INFO] PinOutPanel:1499 - setPackage(No Configuration,No Configuration)
2024-11-07 10:19:02,183 [INFO] CADModel:165 - CPN selected for project level
2024-11-07 10:19:02,183 [INFO] CADModel:114 - Register for checkConnection events
2024-11-07 10:19:02,205 [INFO] IPUIPlugin:80 - create IPUIPlugin
2024-11-07 10:19:02,206 [INFO] PluginManager:220 - loadIPPluginJar : add adc
2024-11-07 10:19:02,236 [INFO] IPUIPlugin:80 - create IPUIPlugin
2024-11-07 10:19:02,237 [INFO] PluginManager:220 - loadIPPluginJar : add aes
2024-11-07 10:19:02,273 [INFO] IPUIPlugin:80 - create IPUIPlugin
2024-11-07 10:19:02,273 [INFO] PluginManager:220 - loadIPPluginJar : add can
2024-11-07 10:19:02,294 [INFO] IPUIPlugin:80 - create IPUIPlugin
2024-11-07 10:19:02,294 [INFO] PluginManager:220 - loadIPPluginJar : add comp
2024-11-07 10:19:02,324 [INFO] IPUIPlugin:80 - create IPUIPlugin
2024-11-07 10:19:02,324 [INFO] PluginManager:220 - loadIPPluginJar : add cryp
2024-11-07 10:19:02,346 [INFO] IPUIPlugin:80 - create IPUIPlugin
2024-11-07 10:19:02,347 [INFO] PluginManager:220 - loadIPPluginJar : add dfsdm
2024-11-07 10:19:02,358 [INFO] IPUIPlugin:80 - create IPUIPlugin
2024-11-07 10:19:02,359 [INFO] PluginManager:220 - loadIPPluginJar : add dma
2024-11-07 10:19:02,392 [INFO] IPUIPlugin:80 - create IPUIPlugin
2024-11-07 10:19:02,392 [INFO] PluginManager:220 - loadIPPluginJar : add dma3
2024-11-07 10:19:02,408 [INFO] IPUIPlugin:80 - create IPUIPlugin
2024-11-07 10:19:02,408 [INFO] PluginManager:220 - loadIPPluginJar : add fatfs
2024-11-07 10:19:02,446 [INFO] IPUIPlugin:80 - create IPUIPlugin
2024-11-07 10:19:02,446 [INFO] PluginManager:220 - loadIPPluginJar : add fmc
2024-11-07 10:19:02,459 [INFO] IPUIPlugin:80 - create IPUIPlugin
2024-11-07 10:19:02,459 [INFO] PluginManager:220 - loadIPPluginJar : add freertos
2024-11-07 10:19:02,477 [INFO] IPUIPlugin:80 - create IPUIPlugin
2024-11-07 10:19:02,477 [INFO] PluginManager:220 - loadIPPluginJar : add genericplugin
2024-11-07 10:19:02,547 [INFO] IPUIPlugin:80 - create IPUIPlugin
2024-11-07 10:19:02,547 [INFO] PluginManager:220 - loadIPPluginJar : add gfxmmu
2024-11-07 10:19:02,667 [INFO] IPUIPlugin:80 - create IPUIPlugin
2024-11-07 10:19:02,667 [INFO] PluginManager:220 - loadIPPluginJar : add gic
2024-11-07 10:19:02,696 [INFO] IPUIPlugin:80 - create IPUIPlugin
2024-11-07 10:19:02,697 [INFO] PluginManager:220 - loadIPPluginJar : add gpio
2024-11-07 10:19:02,771 [INFO] IPUIPlugin:80 - create IPUIPlugin
2024-11-07 10:19:02,771 [INFO] PluginManager:220 - loadIPPluginJar : add gtzc
2024-11-07 10:19:02,819 [INFO] IPUIPlugin:80 - create IPUIPlugin
2024-11-07 10:19:02,819 [INFO] PluginManager:220 - loadIPPluginJar : add hash
2024-11-07 10:19:02,858 [INFO] IPUIPlugin:80 - create IPUIPlugin
2024-11-07 10:19:02,858 [INFO] PluginManager:220 - loadIPPluginJar : add i2c
2024-11-07 10:19:02,890 [INFO] IPUIPlugin:80 - create IPUIPlugin
2024-11-07 10:19:02,890 [INFO] PluginManager:220 - loadIPPluginJar : add i2s
2024-11-07 10:19:02,922 [INFO] IPUIPlugin:80 - create IPUIPlugin
2024-11-07 10:19:02,923 [INFO] PluginManager:220 - loadIPPluginJar : add i3c
2024-11-07 10:19:03,021 [INFO] IPUIPlugin:80 - create IPUIPlugin
2024-11-07 10:19:03,021 [INFO] PluginManager:220 - loadIPPluginJar : add ipddr
2024-11-07 10:19:03,099 [INFO] IPUIPlugin:80 - create IPUIPlugin
2024-11-07 10:19:03,099 [INFO] PluginManager:220 - loadIPPluginJar : add linkedlist
2024-11-07 10:19:03,152 [INFO] IPUIPlugin:80 - create IPUIPlugin
2024-11-07 10:19:03,153 [INFO] PluginManager:220 - loadIPPluginJar : add lorawan
2024-11-07 10:19:03,180 [INFO] IPUIPlugin:80 - create IPUIPlugin
2024-11-07 10:19:03,180 [INFO] PluginManager:220 - loadIPPluginJar : add ltdc
2024-11-07 10:19:03,191 [INFO] IPUIPlugin:80 - create IPUIPlugin
2024-11-07 10:19:03,191 [INFO] PluginManager:220 - loadIPPluginJar : add mdma
2024-11-07 10:19:03,201 [INFO] IPUIPlugin:80 - create IPUIPlugin
2024-11-07 10:19:03,201 [INFO] PluginManager:220 - loadIPPluginJar : add nvic
2024-11-07 10:19:03,231 [INFO] IPUIPlugin:80 - create IPUIPlugin
2024-11-07 10:19:03,232 [INFO] PluginManager:220 - loadIPPluginJar : add opamp
2024-11-07 10:19:03,280 [INFO] IPUIPlugin:80 - create IPUIPlugin
2024-11-07 10:19:03,280 [INFO] PluginManager:220 - loadIPPluginJar : add openamp
2024-11-07 10:19:03,314 [INFO] IPUIPlugin:80 - create IPUIPlugin
2024-11-07 10:19:03,315 [INFO] PluginManager:220 - loadIPPluginJar : add pdm2pcm
2024-11-07 10:19:03,326 [INFO] IPUIPlugin:80 - create IPUIPlugin
2024-11-07 10:19:03,327 [INFO] PluginManager:220 - loadIPPluginJar : add plateformsettings
2024-11-07 10:19:03,345 [INFO] IPUIPlugin:80 - create IPUIPlugin
2024-11-07 10:19:03,345 [INFO] PluginManager:220 - loadIPPluginJar : add quadspi
2024-11-07 10:19:03,356 [INFO] IPUIPlugin:80 - create IPUIPlugin
2024-11-07 10:19:03,356 [INFO] PluginManager:220 - loadIPPluginJar : add resmgrutility
2024-11-07 10:19:03,394 [INFO] IPUIPlugin:80 - create IPUIPlugin
2024-11-07 10:19:03,394 [INFO] PluginManager:220 - loadIPPluginJar : add sai
2024-11-07 10:19:03,426 [INFO] IPUIPlugin:80 - create IPUIPlugin
2024-11-07 10:19:03,426 [INFO] PluginManager:220 - loadIPPluginJar : add spi
2024-11-07 10:19:03,481 [INFO] IPUIPlugin:80 - create IPUIPlugin
2024-11-07 10:19:03,481 [INFO] PluginManager:220 - loadIPPluginJar : add stm32_wpan
2024-11-07 10:19:03,500 [INFO] IPUIPlugin:80 - create IPUIPlugin
2024-11-07 10:19:03,500 [INFO] PluginManager:220 - loadIPPluginJar : add tim
2024-11-07 10:19:03,547 [INFO] IPUIPlugin:80 - create IPUIPlugin
2024-11-07 10:19:03,547 [INFO] PluginManager:220 - loadIPPluginJar : add touchsensing
2024-11-07 10:19:03,564 [INFO] IPUIPlugin:80 - create IPUIPlugin
2024-11-07 10:19:03,564 [INFO] PluginManager:220 - loadIPPluginJar : add tracer_emb
2024-11-07 10:19:03,582 [INFO] IPUIPlugin:80 - create IPUIPlugin
2024-11-07 10:19:03,582 [INFO] PluginManager:220 - loadIPPluginJar : add ts
2024-11-07 10:19:03,599 [INFO] IPUIPlugin:80 - create IPUIPlugin
2024-11-07 10:19:03,600 [INFO] PluginManager:220 - loadIPPluginJar : add tsc
2024-11-07 10:19:03,618 [INFO] IPUIPlugin:80 - create IPUIPlugin
2024-11-07 10:19:03,618 [INFO] PluginManager:220 - loadIPPluginJar : add ucpd
2024-11-07 10:19:03,654 [INFO] IPUIPlugin:80 - create IPUIPlugin
2024-11-07 10:19:03,654 [INFO] PluginManager:220 - loadIPPluginJar : add usart
2024-11-07 10:19:03,690 [INFO] IPUIPlugin:80 - create IPUIPlugin
2024-11-07 10:19:03,690 [INFO] PluginManager:220 - loadIPPluginJar : add usbx
2024-11-07 10:19:03,810 [INFO] CADModel:165 - CPN selected for project level
2024-11-07 10:19:03,811 [INFO] CADModel:114 - Register for checkConnection events
2024-11-07 10:19:03,812 [FATAL] Updater:308 - Updater called before beeing initialized
2024-11-07 10:19:03,812 [ERROR] CADModel:125 - Updater not yet initialized, retry later 
2024-11-07 10:19:03,953 [INFO] CADModel:165 - CPN selected for project level
2024-11-07 10:19:03,953 [INFO] CADModel:114 - Register for checkConnection events
2024-11-07 10:19:03,954 [FATAL] Updater:308 - Updater called before beeing initialized
2024-11-07 10:19:03,954 [ERROR] CADModel:125 - Updater not yet initialized, retry later 
2024-11-07 10:19:03,956 [FATAL] Updater:308 - Updater called before beeing initialized
2024-11-07 10:19:04,047 [FATAL] Updater:308 - Updater called before beeing initialized
2024-11-07 10:19:04,055 [INFO] DbMcusAds:53 - JSON generation date=Fri Sep 20 16:04:23 EEST 2024 (1726837463113)
2024-11-07 10:19:04,055 [FATAL] Updater:308 - Updater called before beeing initialized
2024-11-07 10:19:04,135 [WARN] DetailPanel:346 - Failed to get advertising image, set to default
2024-11-07 10:19:04,210 [FATAL] Updater:308 - Updater called before beeing initialized
2024-11-07 10:19:04,212 [FATAL] Updater:308 - Updater called before beeing initialized
2024-11-07 10:19:04,212 [FATAL] Updater:308 - Updater called before beeing initialized
2024-11-07 10:19:04,212 [WARN] DetailPanel:346 - Failed to get advertising image, set to default
2024-11-07 10:19:04,213 [FATAL] Updater:308 - Updater called before beeing initialized
2024-11-07 10:19:04,267 [ERROR] Updater:1120 - MainUpdater not yet initialized. External WinMGr cannot be set.
2024-11-07 10:19:04,278 [INFO] Updater:1056 - Updater Version found : 6.10.0
2024-11-07 10:19:04,298 [INFO] ApplicationProperties:184 - Using Application install path: C:\ST\STM32CubeIDE_1.14.1\STM32CubeIDE\plugins\com.st.stm32cube.common.mx_6.10.0.202311202037
2024-11-07 10:19:04,680 [INFO] ThirdPartyUpdaterWithRetryManager:70 - Updater plugin not ready yet. [2/15]
2024-11-07 10:19:04,922 [INFO] MainUpdater:2873 - connection check result : 10
2024-11-07 10:19:04,923 [INFO] MainUpdater:290 - Updater Check For Update Now.
2024-11-07 10:19:04,923 [INFO] MicroXplorer:498 - Change Database Version : DB.6.0.100
2024-11-07 10:19:04,936 [INFO] McuFinderGlobals:63 - Set McuFinder mode to 2 (CubeIDE integrated)
2024-11-07 10:19:04,948 [INFO] UserAuth:404 - Internet connection configuration mode: 1
2024-11-07 10:19:04,976 [INFO] JxBrowserEngine:152 - Initiate JxBrowser Engine with user profile folder
2024-11-07 10:19:05,155 [INFO] CheckServerUpdateThread:120 - End of CheckServer Thread
2024-11-07 10:19:07,929 [WARN] PackLoader:240 - Cannot read IP mode file for STMicroelectronics.FP-SNS-MOTENVWB1.1.4.0
2024-11-07 10:19:07,949 [WARN] PackLoader:240 - Cannot read IP mode file for STMicroelectronics.X-CUBE-SMBUS.2.1.0
2024-11-07 10:19:07,969 [WARN] PackLoader:240 - Cannot read IP mode file for STMicroelectronics.X-CUBE-WB05N.1.1.0
2024-11-07 10:19:07,982 [WARN] PackLoader:240 - Cannot read IP mode file for STMicroelectronics.X-CUBE-TOUCHGFX.4.23.0
2024-11-07 10:19:07,994 [WARN] PackLoader:240 - Cannot read IP mode file for STMicroelectronics.X-CUBE-TOUCHGFX.4.23.2
2024-11-07 10:19:08,040 [WARN] PackLoader:240 - Cannot read IP mode file for STMicroelectronics.X-CUBE-AZRTOS-F7.1.1.0
2024-11-07 10:19:08,062 [WARN] PackLoader:240 - Cannot read IP mode file for STMicroelectronics.FP-SNS-MOTENV1.4.3.2
2024-11-07 10:19:08,145 [WARN] PackLoader:240 - Cannot read IP mode file for STMicroelectronics.X-CUBE-MEMS1.11.0.0
2024-11-07 10:19:08,296 [WARN] PackLoader:240 - Cannot read IP mode file for STMicroelectronics.FP-SNS-FLIGHT1.5.0.2
2024-11-07 10:19:08,314 [WARN] PackLoader:240 - Cannot read IP mode file for STMicroelectronics.X-CUBE-DISPLAY.3.0.0
2024-11-07 10:19:08,332 [WARN] PackLoader:240 - Cannot read IP mode file for STMicroelectronics.X-CUBE-BLE1.7.0.0
2024-11-07 10:19:08,348 [WARN] PackLoader:240 - Cannot read IP mode file for STMicroelectronics.X-CUBE-NFC10.1.0.0
2024-11-07 10:19:08,362 [WARN] PackLoader:240 - Cannot read IP mode file for emotas.I-CUBE-CANOPEN.1.3.0
2024-11-07 10:19:08,382 [WARN] PackLoader:240 - Cannot read IP mode file for STMicroelectronics.X-CUBE-BLEMGR.3.1.0
2024-11-07 10:19:08,403 [WARN] PackLoader:240 - Cannot read IP mode file for STMicroelectronics.FP-SNS-SMARTAG2.1.2.0
2024-11-07 10:19:08,450 [INFO] LogOutputStream:77 - [STDOUT_REDIRECT] 1 : Invalid condition id : UX_CORESTACK_Condition cause : null
2024-11-07 10:19:08,451 [INFO] LogOutputStream:77 - [STDOUT_REDIRECT] 1 : Invalid condition id : UX_CORESTACK_Condition cause : null
2024-11-07 10:19:08,453 [INFO] LogOutputStream:77 - [STDOUT_REDIRECT] 1 : Invalid condition id : UX_CORESTACK_Condition cause : null
2024-11-07 10:19:08,456 [INFO] LogOutputStream:77 - [STDOUT_REDIRECT] 1 : Invalid condition id : UX_CORESTACK_Condition cause : null
2024-11-07 10:19:08,459 [INFO] LogOutputStream:77 - [STDOUT_REDIRECT] 1 : Invalid condition id : UX_CORESTACK_Condition cause : null
2024-11-07 10:19:08,463 [WARN] PackLoader:240 - Cannot read IP mode file for STMicroelectronics.X-CUBE-AZRTOS-WL.2.0.0
2024-11-07 10:19:08,487 [WARN] PackLoader:240 - Cannot read IP mode file for STMicroelectronics.FP-SNS-MOTENV1.5.0.0
2024-11-07 10:19:08,501 [WARN] PackLoader:240 - Cannot read IP mode file for wolfSSL.I-CUBE-wolfMQTT.1.19.0
2024-11-07 10:19:08,520 [WARN] PackLoader:240 - Cannot read IP mode file for WES.I-CUBE-Cesium.1.3.0
2024-11-07 10:19:08,534 [WARN] PackLoader:240 - Cannot read IP mode file for STMicroelectronics.X-CUBE-BLE2.3.3.0
2024-11-07 10:19:08,550 [WARN] PackLoader:240 - Cannot read IP mode file for STMicroelectronics.X-CUBE-NFC9.1.0.0
2024-11-07 10:19:08,565 [WARN] PackLoader:240 - Cannot read IP mode file for STMicroelectronics.X-CUBE-TCPP.4.1.0
2024-11-07 10:19:08,581 [WARN] PackLoader:240 - Cannot read IP mode file for STMicroelectronics.X-CUBE-ALGOBUILD.1.3.0
2024-11-07 10:19:08,611 [WARN] PackLoader:240 - Cannot read IP mode file for STMicroelectronics.X-CUBE-AZRTOS-G0.1.1.0
2024-11-07 10:19:08,640 [WARN] PackLoader:240 - Cannot read IP mode file for STMicroelectronics.X-CUBE-SAFEA1.1.2.2
2024-11-07 10:19:08,670 [WARN] PackLoader:240 - Cannot read IP mode file for STMicroelectronics.X-CUBE-NFC4.3.0.0
2024-11-07 10:19:08,691 [WARN] PackLoader:240 - Cannot read IP mode file for EmbeddedOffice.I-CUBE-FS-RTOS.1.0.1
2024-11-07 10:19:08,692 [ERROR] ConditionMgr:805 - Attr not supported : Dmpu
2024-11-07 10:19:08,693 [ERROR] ConditionMgr:805 - Attr not supported : Dmpu
2024-11-07 10:19:08,693 [ERROR] ConditionMgr:805 - Attr not supported : Dmpu
2024-11-07 10:19:08,694 [ERROR] ConditionMgr:805 - Attr not supported : Dmpu
2024-11-07 10:19:08,694 [ERROR] ConditionMgr:805 - Attr not supported : Dmpu
2024-11-07 10:19:08,695 [ERROR] ConditionMgr:805 - Attr not supported : Dmpu
2024-11-07 10:19:08,696 [ERROR] ConditionMgr:805 - Attr not supported : Dmpu
2024-11-07 10:19:08,696 [ERROR] ConditionMgr:805 - Attr not supported : Dmpu
2024-11-07 10:19:08,696 [ERROR] ConditionMgr:805 - Attr not supported : Dmpu
2024-11-07 10:19:08,696 [ERROR] ConditionMgr:805 - Attr not supported : Dmpu
2024-11-07 10:19:08,696 [ERROR] ConditionMgr:805 - Attr not supported : Dmpu
2024-11-07 10:19:08,696 [ERROR] ConditionMgr:805 - Attr not supported : Dmpu
2024-11-07 10:19:08,697 [ERROR] ConditionMgr:805 - Attr not supported : Dmpu
2024-11-07 10:19:08,697 [ERROR] ConditionMgr:805 - Attr not supported : Dmpu
2024-11-07 10:19:08,697 [ERROR] ConditionMgr:805 - Attr not supported : Dmpu
2024-11-07 10:19:08,697 [ERROR] ConditionMgr:805 - Attr not supported : Dmpu
2024-11-07 10:19:08,697 [ERROR] ConditionMgr:805 - Attr not supported : Dmpu
2024-11-07 10:19:08,697 [ERROR] ConditionMgr:805 - Attr not supported : Dmpu
2024-11-07 10:19:08,697 [ERROR] ConditionMgr:805 - Attr not supported : Dmpu
2024-11-07 10:19:08,697 [ERROR] ConditionMgr:805 - Attr not supported : Dmpu
2024-11-07 10:19:08,697 [ERROR] ConditionMgr:805 - Attr not supported : Dmpu
2024-11-07 10:19:08,697 [ERROR] ConditionMgr:805 - Attr not supported : Dmpu
2024-11-07 10:19:08,697 [ERROR] ConditionMgr:805 - Attr not supported : Dmpu
2024-11-07 10:19:08,697 [ERROR] ConditionMgr:805 - Attr not supported : Dmpu
2024-11-07 10:19:08,697 [ERROR] ConditionMgr:805 - Attr not supported : Dmpu
2024-11-07 10:19:08,697 [ERROR] ConditionMgr:805 - Attr not supported : Dmpu
2024-11-07 10:19:08,698 [ERROR] ConditionMgr:805 - Attr not supported : Dmpu
2024-11-07 10:19:08,698 [ERROR] ConditionMgr:805 - Attr not supported : Dmpu
2024-11-07 10:19:08,698 [ERROR] ConditionMgr:805 - Attr not supported : Dmpu
2024-11-07 10:19:08,698 [ERROR] ConditionMgr:805 - Attr not supported : Dmpu
2024-11-07 10:19:08,698 [ERROR] ConditionMgr:805 - Attr not supported : Dmpu
2024-11-07 10:19:08,698 [ERROR] ConditionMgr:805 - Attr not supported : Dmpu
2024-11-07 10:19:08,698 [ERROR] ConditionMgr:805 - Attr not supported : Dmpu
2024-11-07 10:19:08,698 [ERROR] ConditionMgr:805 - Attr not supported : Dmpu
2024-11-07 10:19:08,698 [ERROR] ConditionMgr:805 - Attr not supported : Dmpu
2024-11-07 10:19:08,698 [ERROR] ConditionMgr:805 - Attr not supported : Dmpu
2024-11-07 10:19:08,698 [ERROR] ConditionMgr:805 - Attr not supported : Dmpu
2024-11-07 10:19:08,698 [ERROR] ConditionMgr:805 - Attr not supported : Dmpu
2024-11-07 10:19:08,699 [ERROR] ConditionMgr:805 - Attr not supported : Dmpu
2024-11-07 10:19:08,699 [ERROR] ConditionMgr:805 - Attr not supported : Dmpu
2024-11-07 10:19:08,699 [ERROR] ConditionMgr:805 - Attr not supported : Dmpu
2024-11-07 10:19:08,699 [ERROR] ConditionMgr:805 - Attr not supported : Dmpu
2024-11-07 10:19:08,699 [ERROR] ConditionMgr:805 - Attr not supported : Dmpu
2024-11-07 10:19:08,699 [ERROR] ConditionMgr:805 - Attr not supported : Dmpu
2024-11-07 10:19:08,699 [ERROR] ConditionMgr:805 - Attr not supported : Dmpu
2024-11-07 10:19:08,699 [ERROR] ConditionMgr:805 - Attr not supported : Dmpu
2024-11-07 10:19:08,699 [ERROR] ConditionMgr:805 - Attr not supported : Dmpu
2024-11-07 10:19:08,699 [ERROR] ConditionMgr:805 - Attr not supported : Dmpu
2024-11-07 10:19:08,699 [ERROR] ConditionMgr:805 - Attr not supported : Dmpu
2024-11-07 10:19:08,700 [ERROR] ConditionMgr:805 - Attr not supported : Dmpu
2024-11-07 10:19:08,700 [ERROR] ConditionMgr:805 - Attr not supported : Dmpu
2024-11-07 10:19:08,700 [ERROR] ConditionMgr:805 - Attr not supported : Dmpu
2024-11-07 10:19:08,700 [ERROR] ConditionMgr:805 - Attr not supported : Dmpu
2024-11-07 10:19:08,700 [ERROR] ConditionMgr:805 - Attr not supported : Dmpu
2024-11-07 10:19:08,700 [ERROR] ConditionMgr:805 - Attr not supported : Dmpu
2024-11-07 10:19:08,700 [ERROR] ConditionMgr:805 - Attr not supported : Dmpu
2024-11-07 10:19:08,700 [ERROR] ConditionMgr:805 - Attr not supported : Dmpu
2024-11-07 10:19:08,700 [ERROR] ConditionMgr:805 - Attr not supported : Dmpu
2024-11-07 10:19:08,700 [ERROR] ConditionMgr:805 - Attr not supported : Dmpu
2024-11-07 10:19:08,701 [ERROR] ConditionMgr:805 - Attr not supported : Dmpu
2024-11-07 10:19:08,701 [ERROR] ConditionMgr:805 - Attr not supported : Dmpu
2024-11-07 10:19:08,701 [ERROR] ConditionMgr:805 - Attr not supported : Dmpu
2024-11-07 10:19:08,701 [ERROR] ConditionMgr:805 - Attr not supported : Dmpu
2024-11-07 10:19:08,701 [ERROR] ConditionMgr:805 - Attr not supported : Dmpu
2024-11-07 10:19:08,720 [WARN] PackLoader:240 - Cannot read IP mode file for STMicroelectronics.X-CUBE-BLEMGR.3.0.0
2024-11-07 10:19:08,737 [WARN] PackLoader:240 - Cannot read IP mode file for RealThread.X-CUBE-RT-Thread_Nano.4.1.1
2024-11-07 10:19:08,749 [WARN] PackLoader:240 - Cannot read IP mode file for STMicroelectronics.FP-ATR-SIGFOX1.3.2.0
2024-11-07 10:19:08,765 [WARN] PackLoader:240 - Cannot read IP mode file for STMicroelectronics.X-CUBE-EEPRMA1.5.1.0
2024-11-07 10:19:08,817 [WARN] PackLoader:240 - Cannot read IP mode file for SEGGER.I-CUBE-embOS.1.3.1
2024-11-07 10:19:08,851 [WARN] PackLoader:240 - Cannot read IP mode file for STMicroelectronics.X-CUBE-ALGOBUILD.1.4.0
2024-11-07 10:19:08,864 [WARN] PackLoader:240 - Cannot read IP mode file for STMicroelectronics.X-CUBE-AI.9.1.0
2024-11-07 10:19:08,878 [WARN] PackLoader:240 - Cannot read IP mode file for STMicroelectronics.X-CUBE-GNSS1.6.0.0
2024-11-07 10:19:08,907 [WARN] PackLoader:240 - Cannot read IP mode file for STMicroelectronics.X-CUBE-AZRTOS-F4.1.1.0
2024-11-07 10:19:08,921 [WARN] PackLoader:240 - Cannot read IP mode file for STMicroelectronics.X-CUBE-ISPU.2.1.0
2024-11-07 10:19:08,936 [WARN] PackLoader:240 - Cannot read IP mode file for STMicroelectronics.X-CUBE-FREERTOS.1.2.0
2024-11-07 10:19:08,950 [WARN] PackLoader:240 - Cannot read IP mode file for wolfSSL.I-CUBE-wolfSSL.5.6.6
2024-11-07 10:19:08,983 [WARN] PackLoader:240 - Cannot read IP mode file for STMicroelectronics.X-CUBE-AZRTOS-L5.2.0.0
2024-11-07 10:19:09,001 [WARN] PackLoader:240 - Cannot read IP mode file for STMicroelectronics.X-CUBE-EEPRMA1.4.2.0
2024-11-07 10:19:09,020 [WARN] PackLoader:240 - Cannot read IP mode file for STMicroelectronics.X-CUBE-NFC6.3.1.0
2024-11-07 10:19:09,038 [WARN] PackLoader:240 - Cannot read IP mode file for ITTIA_DB.I-CUBE-ITTIADB.8.8.0
2024-11-07 10:19:09,051 [WARN] PackLoader:240 - Cannot read IP mode file for STMicroelectronics.X-CUBE-DPower.1.2.0
2024-11-07 10:19:09,062 [WARN] PackLoader:240 - Cannot read IP mode file for STMicroelectronics.X-CUBE-AI.9.0.0
2024-11-07 10:19:09,075 [WARN] PackLoader:240 - Cannot read IP mode file for STMicroelectronics.X-CUBE-NFC7.1.0.1
2024-11-07 10:19:09,094 [WARN] PackLoader:240 - Cannot read IP mode file for STMicroelectronics.X-CUBE-NFC6.3.0.0
2024-11-07 10:19:09,107 [WARN] PackLoader:240 - Cannot read IP mode file for STMicroelectronics.X-CUBE-AI.8.1.0
2024-11-07 10:19:09,135 [WARN] ConditionMgr:438 - getConditionDescription Invalid condition id : LAN8742 Phy interface Condition cause : null
2024-11-07 10:19:09,135 [WARN] PackLoader:240 - Cannot read IP mode file for STMicroelectronics.X-CUBE-AZRTOS-L4.2.0.0
2024-11-07 10:19:09,136 [WARN] ConditionMgr:1039 - genDependencies : Invalid condition id : LAN8742 Phy interface Condition cause : null
2024-11-07 10:19:09,137 [WARN] ConditionMgr:1039 - genDependencies : Invalid condition id : LAN8742 Phy interface Condition cause : null
2024-11-07 10:19:09,137 [WARN] ConditionMgr:1039 - genDependencies : Invalid condition id : LAN8742 Phy interface Condition cause : null
2024-11-07 10:19:09,161 [WARN] PackLoader:240 - Cannot read IP mode file for STMicroelectronics.X-CUBE-SFXS2LP1.4.0.0
2024-11-07 10:19:09,200 [WARN] PackLoader:240 - Cannot read IP mode file for STMicroelectronics.X-CUBE-AZRTOS-H7.3.3.0
2024-11-07 10:19:09,220 [WARN] PackLoader:240 - Cannot read IP mode file for STMicroelectronics.X-CUBE-IPS.3.0.0
2024-11-07 10:19:09,245 [WARN] ConditionMgr:438 - getConditionDescription Invalid condition id : UX DEVICE CLASS RTOS Condition cause : null
2024-11-07 10:19:09,245 [WARN] ConditionMgr:438 - getConditionDescription Invalid condition id : UX DEVICE CLASS RTOS Condition cause : null
2024-11-07 10:19:09,247 [WARN] PackLoader:240 - Cannot read IP mode file for STMicroelectronics.X-CUBE-AZRTOS-WB.2.0.0
2024-11-07 10:19:09,247 [WARN] ConditionMgr:1039 - genDependencies : Invalid condition id : UX DEVICE CLASS RTOS Condition cause : null
2024-11-07 10:19:09,247 [WARN] ConditionMgr:1039 - genDependencies : Invalid condition id : UX DEVICE CLASS RTOS Condition cause : null
2024-11-07 10:19:09,248 [WARN] ConditionMgr:1039 - genDependencies : Invalid condition id : UX DEVICE CLASS RTOS Condition cause : null
2024-11-07 10:19:09,248 [WARN] ConditionMgr:1039 - genDependencies : Invalid condition id : UX DEVICE CLASS RTOS Condition cause : null
2024-11-07 10:19:09,248 [WARN] ConditionMgr:1039 - genDependencies : Invalid condition id : UX DEVICE CLASS RTOS Condition cause : null
2024-11-07 10:19:09,261 [WARN] PackLoader:240 - Cannot read IP mode file for STMicroelectronics.X-CUBE-GNSS1.7.0.0
2024-11-07 10:19:09,275 [WARN] PackLoader:240 - Cannot read IP mode file for STMicroelectronics.FP-SNS-STBOX1.2.0.0
2024-11-07 10:19:09,295 [WARN] PackLoader:240 - Cannot read IP mode file for STMicroelectronics.X-CUBE-SUBG2.5.0.0
2024-11-07 10:19:09,323 [WARN] PackLoader:240 - Cannot read IP mode file for STMicroelectronics.X-CUBE-AZRTOS-G4.2.0.0
2024-11-07 10:19:09,367 [WARN] PackLoader:240 - Cannot read IP mode file for Infineon.AIROC-Wi-Fi-Bluetooth-STM32.1.5.1
2024-11-07 10:19:09,387 [WARN] PackLoader:240 - Cannot read IP mode file for STMicroelectronics.FP-SNS-MOTENVWB1.1.3.1
2024-11-07 10:19:09,400 [WARN] PackLoader:240 - Cannot read IP mode file for STMicroelectronics.X-CUBE-ISPU.2.0.0
2024-11-07 10:19:09,413 [WARN] PackLoader:240 - Cannot read IP mode file for STMicroelectronics.X-CUBE-ALS.1.0.2
2024-11-07 10:19:09,472 [WARN] PackLoader:240 - Cannot read IP mode file for STMicroelectronics.X-CUBE-MEMS1.10.0.0
2024-11-07 10:19:09,570 [WARN] PackLoader:240 - Cannot read IP mode file for STMicroelectronics.X-CUBE-FREERTOS.1.1.0
2024-11-07 10:19:09,585 [WARN] PackLoader:240 - Cannot read IP mode file for STMicroelectronics.X-CUBE-TOUCHGFX.4.24.0
2024-11-07 10:19:09,599 [WARN] PackLoader:240 - Cannot read IP mode file for STMicroelectronics.X-CUBE-TOUCHGFX.4.24.1
2024-11-07 10:19:09,610 [WARN] PackLoader:240 - Cannot read IP mode file for wolfSSL.I-CUBE-wolfTPM.3.4.0
2024-11-07 10:19:09,622 [WARN] PackLoader:240 - Cannot read IP mode file for portGmbH.I-Cube-SoM-uGOAL.1.1.0
2024-11-07 10:19:09,633 [WARN] PackLoader:240 - Cannot read IP mode file for STMicroelectronics.X-CUBE-ALS.1.0.1
2024-11-07 10:19:09,660 [WARN] PackLoader:240 - Cannot read IP mode file for STMicroelectronics.X-CUBE-AZRTOS-H7RS.1.0.0
2024-11-07 10:19:09,672 [WARN] PackLoader:240 - Cannot read IP mode file for STMicroelectronics.FP-ATR-ASTRA1.2.0.0
2024-11-07 10:19:09,692 [WARN] PackLoader:240 - Cannot read IP mode file for STMicroelectronics.X-CUBE-TOF1.3.4.2
2024-11-07 10:19:09,717 [WARN] PackLoader:240 - Cannot read IP mode file for STMicroelectronics.X-CUBE-TOF1.3.4.0
2024-11-07 10:19:09,744 [WARN] PackLoader:240 - Cannot read IP mode file for STMicroelectronics.X-CUBE-TOF1.3.4.1
2024-11-07 10:19:09,793 [WARN] PackLoader:240 - Cannot read IP mode file for STMicroelectronics.X-CUBE-AZRTOS-H7.3.2.0
2024-11-07 10:19:09,809 [WARN] PackLoader:240 - Cannot read IP mode file for wolfSSL.I-CUBE-wolfSSH.1.4.17
2024-11-07 10:19:09,810 [INFO] ThirdParty:978 - Integrity check success = true
2024-11-07 10:19:09,810 [INFO] IntegrityCheckThread:100 - exiting critical section [integrity check]
2024-11-07 10:19:09,810 [INFO] IntegrityCheckThread:103 - End integrity checks thread
2024-11-07 10:19:11,043 [INFO] WebApp:161 - Instantiating new browser for Auth
2024-11-07 10:19:11,556 [INFO] WebApp:780 - Register for checkConnection events
2024-11-07 10:19:11,556 [INFO] WebApp:414 - Apply proxy settings
2024-11-07 10:19:11,556 [INFO] WebApp:499 - Chromium requires no authentication
2024-11-07 10:19:11,564 [INFO] WebApp:442 - Direct internet connection detected
2024-11-07 10:19:11,703 [INFO] WebApp:192 - Starting web application
2024-11-07 10:19:11,703 [INFO] WebApp:544 - Web application path used C:\ST\STM32CubeIDE_1.14.1\STM32CubeIDE\plugins\com.st.stm32cube.common.mx_6.10.0.202311202037\db\plugins\mcufinder\reactClient1\index.html
2024-11-07 10:19:32,597 [ERROR] LogOutputStream:75 - [STDERR_REDIRECT] SLF4J: Failed to load class "org.slf4j.impl.StaticLoggerBinder".
2024-11-07 10:19:32,597 [ERROR] LogOutputStream:75 - [STDERR_REDIRECT] SLF4J: Defaulting to no-operation (NOP) logger implementation
2024-11-07 10:19:32,598 [ERROR] LogOutputStream:75 - [STDERR_REDIRECT] SLF4J: See http://www.slf4j.org/codes.html#StaticLoggerBinder for further details.
2024-11-07 12:04:26,152 [ERROR] LogOutputStream:75 - [STDERR_REDIRECT] 
