2025-01-17 10:44:57,099 [INFO] Activator:176 - 


2025-01-17 10:44:57,105 [INFO] Activator:177 - !SESSION log4j initialized
2025-01-17 10:45:03,400 [INFO] LogOutputStream:77 - [STDOUT_REDIRECT] 
2025-01-17 10:45:10,511 [INFO] ApplicationProperties:184 - Using Application install path: C:\ST\STM32CubeIDE_1.14.1\STM32CubeIDE\plugins\com.st.stm32cube.common.mx_6.10.0.202311202037
2025-01-17 10:45:10,530 [INFO] DbMcusXml:78 - Set database path to: C:\ST\STM32CubeIDE_1.14.1\STM32CubeIDE\plugins\com.st.stm32cube.common.mx_6.10.0.202311202037\\db\/mcu/
2025-01-17 10:45:10,530 [INFO] ApiDb:274 - Set plugin database path to: C:\ST\STM32CubeIDE_1.14.1\STM32CubeIDE\plugins\com.st.stm32cube.common.mx_6.10.0.202311202037\\db\/plugins/boardmanager/
2025-01-17 10:45:10,531 [WARN] ApiDb:259 - Overriding images path with different value:  => C:\ST\STM32CubeIDE_1.14.1\STM32CubeIDE\plugins\com.st.stm32cube.common.mx_6.10.0.202311202037\\db\/plugins/mcufinder/images/
2025-01-17 10:45:10,546 [INFO] ApiDb:250 - Set database path to: C:\Users\tkach\.stmcufinder\plugins\mcufinder//mcu/
2025-01-17 10:45:10,548 [INFO] DbMcusAds:125 - Set database path to: C:\Users\tkach\.stmcufinder\plugins\mcufinder//mcu/
2025-01-17 10:45:10,550 [INFO] CrossReferenceDbSqlite:203 - Set database path to: C:\Users\tkach\.stmcufinder\plugins\mcufinder//mcu/cs/
2025-01-17 10:45:10,718 [INFO] RulesReader:64 - Compatibility file has been processed (297 Rules)
2025-01-17 10:45:10,816 [INFO] DbMcusXml:78 - Set database path to: C:\ST\STM32CubeIDE_1.14.1\STM32CubeIDE\plugins\com.st.stm32cube.common.mx_6.10.0.202311202037\\db\/mcu/
2025-01-17 10:45:10,816 [INFO] ApiDb:274 - Set plugin database path to: C:\ST\STM32CubeIDE_1.14.1\STM32CubeIDE\plugins\com.st.stm32cube.common.mx_6.10.0.202311202037\\db\/plugins/boardmanager/
2025-01-17 10:45:10,816 [INFO] ApiDb:261 - Set plugin images path to: C:\ST\STM32CubeIDE_1.14.1\STM32CubeIDE\plugins\com.st.stm32cube.common.mx_6.10.0.202311202037\\db\/plugins/mcufinder/images/
2025-01-17 10:45:10,816 [WARN] DbFile:41 - Overriding database path with different value: C:\Users\tkach\.stmcufinder\plugins\mcufinder/ => C:\Users\tkach\.stmcufinder\plugins\mcufinder
2025-01-17 10:45:10,816 [INFO] ApiDb:250 - Set database path to: C:\Users\tkach\.stmcufinder\plugins\mcufinder//mcu/
2025-01-17 10:45:10,816 [WARN] DbFile:41 - Overriding database path with different value: C:\Users\tkach\.stmcufinder\plugins\mcufinder/ => C:\Users\tkach\.stmcufinder\plugins\mcufinder
2025-01-17 10:45:10,817 [INFO] DbMcusAds:125 - Set database path to: C:\Users\tkach\.stmcufinder\plugins\mcufinder//mcu/
2025-01-17 10:45:10,817 [WARN] DbFile:41 - Overriding database path with different value: C:\Users\tkach\.stmcufinder\plugins\mcufinder/ => C:\Users\tkach\.stmcufinder\plugins\mcufinder
2025-01-17 10:45:10,817 [WARN] DbFile:41 - Overriding database path with different value: C:\Users\tkach\.stmcufinder\plugins\mcufinder/ => C:\Users\tkach\.stmcufinder\plugins\mcufinder
2025-01-17 10:45:10,817 [INFO] CrossReferenceDbSqlite:203 - Set database path to: C:\Users\tkach\.stmcufinder\plugins\mcufinder//mcu/cs/
2025-01-17 10:45:10,892 [INFO] MainPanel:264 - HeapMemory: 268435456
2025-01-17 10:45:10,982 [INFO] DbMcusXml:78 - Set database path to: C:\ST\STM32CubeIDE_1.14.1\STM32CubeIDE\plugins\com.st.stm32cube.common.mx_6.10.0.202311202037\\db\/mcu/
2025-01-17 10:45:10,983 [INFO] ApiDb:274 - Set plugin database path to: C:\ST\STM32CubeIDE_1.14.1\STM32CubeIDE\plugins\com.st.stm32cube.common.mx_6.10.0.202311202037\\db\/plugins/boardmanager/
2025-01-17 10:45:10,983 [INFO] ApiDb:261 - Set plugin images path to: C:\ST\STM32CubeIDE_1.14.1\STM32CubeIDE\plugins\com.st.stm32cube.common.mx_6.10.0.202311202037\\db\/plugins/mcufinder/images/
2025-01-17 10:45:10,983 [WARN] DbFile:41 - Overriding database path with different value: C:\Users\tkach\.stmcufinder\plugins\mcufinder/ => C:\Users\tkach\.stmcufinder\plugins\mcufinder
2025-01-17 10:45:10,983 [INFO] ApiDb:250 - Set database path to: C:\Users\tkach\.stmcufinder\plugins\mcufinder//mcu/
2025-01-17 10:45:10,983 [WARN] DbFile:41 - Overriding database path with different value: C:\Users\tkach\.stmcufinder\plugins\mcufinder/ => C:\Users\tkach\.stmcufinder\plugins\mcufinder
2025-01-17 10:45:10,983 [INFO] DbMcusAds:125 - Set database path to: C:\Users\tkach\.stmcufinder\plugins\mcufinder//mcu/
2025-01-17 10:45:10,983 [WARN] DbFile:41 - Overriding database path with different value: C:\Users\tkach\.stmcufinder\plugins\mcufinder/ => C:\Users\tkach\.stmcufinder\plugins\mcufinder
2025-01-17 10:45:10,983 [WARN] DbFile:41 - Overriding database path with different value: C:\Users\tkach\.stmcufinder\plugins\mcufinder/ => C:\Users\tkach\.stmcufinder\plugins\mcufinder
2025-01-17 10:45:10,983 [INFO] CrossReferenceDbSqlite:203 - Set database path to: C:\Users\tkach\.stmcufinder\plugins\mcufinder//mcu/cs/
2025-01-17 10:45:10,999 [INFO] ApplicationProperties:184 - Using Application install path: C:\ST\STM32CubeIDE_1.14.1\STM32CubeIDE\plugins\com.st.stm32cube.common.mx_6.10.0.202311202037
2025-01-17 10:45:11,000 [INFO] PluginManage:196 - Search for loadable plugins [exclusion list=, ]
2025-01-17 10:45:11,001 [INFO] PluginManage:310 - Check plugin analytics
2025-01-17 10:45:11,166 [INFO] AnalyticsPlugin:253 - Accepted Software Licenses: 
2025-01-17 10:45:11,166 [INFO] AnalyticsPlugin:255 - Accepted CMSIS Pack Licenses: 
2025-01-17 10:45:11,166 [INFO] AnalyticsPlugin:257 - Accepted Firmware Licenses: 
2025-01-17 10:45:11,169 [INFO] PluginManage:359 - Loaded plugin analytics (category:tool,tabindex:-1)
2025-01-17 10:45:11,169 [INFO] PluginManage:310 - Check plugin cadmodel
2025-01-17 10:45:11,189 [INFO] CADModel:105 - Init CAD model plugin
2025-01-17 10:45:11,190 [INFO] PluginManage:359 - Loaded plugin cadmodel (category:power,tabindex:5)
2025-01-17 10:45:11,190 [INFO] PluginManage:310 - Check plugin clock
2025-01-17 10:45:11,213 [INFO] PluginManage:359 - Loaded plugin clock (category:base,tabindex:2)
2025-01-17 10:45:11,213 [INFO] PluginManage:310 - Check plugin ddr
2025-01-17 10:45:11,215 [INFO] PluginManage:359 - Loaded plugin ddr (category:tool,tabindex:6)
2025-01-17 10:45:11,215 [INFO] PluginManage:310 - Check plugin filemanager
2025-01-17 10:45:11,332 [INFO] PluginManage:359 - Loaded plugin filemanager (category:base,tabindex:10)
2025-01-17 10:45:11,332 [INFO] PluginManage:310 - Check plugin ipmanager
2025-01-17 10:45:11,340 [INFO] PluginManage:359 - Loaded plugin ipmanager (category:base,tabindex:5)
2025-01-17 10:45:11,340 [INFO] PluginManage:310 - Check plugin lpbam
2025-01-17 10:45:11,357 [INFO] PluginManage:359 - Loaded plugin lpbam (category:base,tabindex:0)
2025-01-17 10:45:11,357 [INFO] PluginManage:310 - Check plugin memorymap
2025-01-17 10:45:11,382 [INFO] PluginManage:359 - Loaded plugin memorymap (category:base,tabindex:4)
2025-01-17 10:45:11,382 [INFO] PluginManage:310 - Check plugin pinoutandconfiguration
2025-01-17 10:45:11,399 [INFO] PluginManage:359 - Loaded plugin pinoutandconfiguration (category:base,tabindex:1)
2025-01-17 10:45:11,399 [INFO] PluginManage:310 - Check plugin pinoutconfig
2025-01-17 10:45:11,481 [WARN] SupportedApi:132 - Cannot load RTOS API schema: s4s-elt-must-match.1: The content of 'definitions' must match (annotation?, (simpleType | complexType)?, (unique | key | keyref)*)). A problem was found starting at: attribute.
2025-01-17 10:45:11,603 [INFO] PluginManage:359 - Loaded plugin pinoutconfig (category:base,tabindex:0)
2025-01-17 10:45:11,603 [INFO] PluginManage:310 - Check plugin power
2025-01-17 10:45:11,636 [INFO] PluginManage:359 - Loaded plugin power (category:power,tabindex:4)
2025-01-17 10:45:11,636 [INFO] PluginManage:310 - Check plugin projectmanager
2025-01-17 10:45:11,650 [INFO] PluginManage:359 - Loaded plugin projectmanager (category:projectmanager,tabindex:3)
2025-01-17 10:45:11,650 [INFO] PluginManage:310 - Check plugin thirdparty
2025-01-17 10:45:11,970 [INFO] PluginManage:359 - Loaded plugin thirdparty (category:base,tabindex:-1)
2025-01-17 10:45:11,970 [WARN] IntegrityCheckThread:84 - waiting for thirdparty lock release [integrity check]
2025-01-17 10:45:11,970 [INFO] PluginManage:310 - Check plugin tools
2025-01-17 10:45:11,970 [INFO] IntegrityCheckThread:86 - entering critical section [integrity check]
2025-01-17 10:45:11,970 [INFO] ThirdPartyUpdaterWithRetryManager:70 - Updater plugin not ready yet. [1/15]
2025-01-17 10:45:12,013 [INFO] PluginManage:359 - Loaded plugin tools (category:base,tabindex:7)
2025-01-17 10:45:12,013 [INFO] PluginManage:310 - Check plugin tutovideos
2025-01-17 10:45:12,182 [INFO] PluginManage:359 - Loaded plugin tutovideos (category:base,tabindex:-1)
2025-01-17 10:45:12,182 [INFO] PluginManage:310 - Check plugin updater
2025-01-17 10:45:12,193 [INFO] PluginManage:359 - Loaded plugin updater (category:base,tabindex:12)
2025-01-17 10:45:12,193 [INFO] PluginManage:310 - Check plugin userauth
2025-01-17 10:45:12,197 [INFO] UserAuth:114 - Init User Auth plugin
2025-01-17 10:45:12,197 [INFO] PluginManage:359 - Loaded plugin userauth (category:base,tabindex:14)
2025-01-17 10:45:12,197 [INFO] PluginManage:283 - PluginManage : Loaded plugins [17]
2025-01-17 10:45:12,380 [INFO] PinOutPanel:1499 - setPackage(No Configuration,No Configuration)
2025-01-17 10:45:12,453 [INFO] CADModel:165 - CPN selected for project level
2025-01-17 10:45:12,453 [INFO] CADModel:114 - Register for checkConnection events
2025-01-17 10:45:12,484 [INFO] IPUIPlugin:80 - create IPUIPlugin
2025-01-17 10:45:12,484 [INFO] PluginManager:220 - loadIPPluginJar : add adc
2025-01-17 10:45:12,538 [INFO] IPUIPlugin:80 - create IPUIPlugin
2025-01-17 10:45:12,538 [INFO] PluginManager:220 - loadIPPluginJar : add aes
2025-01-17 10:45:12,589 [INFO] IPUIPlugin:80 - create IPUIPlugin
2025-01-17 10:45:12,590 [INFO] PluginManager:220 - loadIPPluginJar : add can
2025-01-17 10:45:12,618 [INFO] IPUIPlugin:80 - create IPUIPlugin
2025-01-17 10:45:12,618 [INFO] PluginManager:220 - loadIPPluginJar : add comp
2025-01-17 10:45:12,662 [INFO] IPUIPlugin:80 - create IPUIPlugin
2025-01-17 10:45:12,662 [INFO] PluginManager:220 - loadIPPluginJar : add cryp
2025-01-17 10:45:12,695 [INFO] IPUIPlugin:80 - create IPUIPlugin
2025-01-17 10:45:12,695 [INFO] PluginManager:220 - loadIPPluginJar : add dfsdm
2025-01-17 10:45:12,709 [INFO] IPUIPlugin:80 - create IPUIPlugin
2025-01-17 10:45:12,709 [INFO] PluginManager:220 - loadIPPluginJar : add dma
2025-01-17 10:45:12,759 [INFO] IPUIPlugin:80 - create IPUIPlugin
2025-01-17 10:45:12,759 [INFO] PluginManager:220 - loadIPPluginJar : add dma3
2025-01-17 10:45:12,783 [INFO] IPUIPlugin:80 - create IPUIPlugin
2025-01-17 10:45:12,783 [INFO] PluginManager:220 - loadIPPluginJar : add fatfs
2025-01-17 10:45:12,841 [INFO] IPUIPlugin:80 - create IPUIPlugin
2025-01-17 10:45:12,841 [INFO] PluginManager:220 - loadIPPluginJar : add fmc
2025-01-17 10:45:12,859 [INFO] IPUIPlugin:80 - create IPUIPlugin
2025-01-17 10:45:12,859 [INFO] PluginManager:220 - loadIPPluginJar : add freertos
2025-01-17 10:45:12,883 [INFO] IPUIPlugin:80 - create IPUIPlugin
2025-01-17 10:45:12,883 [INFO] PluginManager:220 - loadIPPluginJar : add genericplugin
2025-01-17 10:45:12,995 [INFO] IPUIPlugin:80 - create IPUIPlugin
2025-01-17 10:45:12,995 [INFO] PluginManager:220 - loadIPPluginJar : add gfxmmu
2025-01-17 10:45:13,141 [INFO] IPUIPlugin:80 - create IPUIPlugin
2025-01-17 10:45:13,141 [INFO] PluginManager:220 - loadIPPluginJar : add gic
2025-01-17 10:45:13,175 [INFO] IPUIPlugin:80 - create IPUIPlugin
2025-01-17 10:45:13,175 [INFO] PluginManager:220 - loadIPPluginJar : add gpio
2025-01-17 10:45:13,282 [INFO] IPUIPlugin:80 - create IPUIPlugin
2025-01-17 10:45:13,282 [INFO] PluginManager:220 - loadIPPluginJar : add gtzc
2025-01-17 10:45:13,341 [INFO] IPUIPlugin:80 - create IPUIPlugin
2025-01-17 10:45:13,341 [INFO] PluginManager:220 - loadIPPluginJar : add hash
2025-01-17 10:45:13,397 [INFO] IPUIPlugin:80 - create IPUIPlugin
2025-01-17 10:45:13,397 [INFO] PluginManager:220 - loadIPPluginJar : add i2c
2025-01-17 10:45:13,440 [INFO] IPUIPlugin:80 - create IPUIPlugin
2025-01-17 10:45:13,440 [INFO] PluginManager:220 - loadIPPluginJar : add i2s
2025-01-17 10:45:13,483 [INFO] IPUIPlugin:80 - create IPUIPlugin
2025-01-17 10:45:13,483 [INFO] PluginManager:220 - loadIPPluginJar : add i3c
2025-01-17 10:45:13,598 [INFO] IPUIPlugin:80 - create IPUIPlugin
2025-01-17 10:45:13,599 [INFO] PluginManager:220 - loadIPPluginJar : add ipddr
2025-01-17 10:45:13,708 [INFO] IPUIPlugin:80 - create IPUIPlugin
2025-01-17 10:45:13,708 [INFO] PluginManager:220 - loadIPPluginJar : add linkedlist
2025-01-17 10:45:13,746 [INFO] IPUIPlugin:80 - create IPUIPlugin
2025-01-17 10:45:13,746 [INFO] PluginManager:220 - loadIPPluginJar : add lorawan
2025-01-17 10:45:13,790 [INFO] IPUIPlugin:80 - create IPUIPlugin
2025-01-17 10:45:13,790 [INFO] PluginManager:220 - loadIPPluginJar : add ltdc
2025-01-17 10:45:13,804 [INFO] IPUIPlugin:80 - create IPUIPlugin
2025-01-17 10:45:13,804 [INFO] PluginManager:220 - loadIPPluginJar : add mdma
2025-01-17 10:45:13,816 [INFO] IPUIPlugin:80 - create IPUIPlugin
2025-01-17 10:45:13,816 [INFO] PluginManager:220 - loadIPPluginJar : add nvic
2025-01-17 10:45:13,855 [INFO] IPUIPlugin:80 - create IPUIPlugin
2025-01-17 10:45:13,855 [INFO] PluginManager:220 - loadIPPluginJar : add opamp
2025-01-17 10:45:13,920 [INFO] IPUIPlugin:80 - create IPUIPlugin
2025-01-17 10:45:13,921 [INFO] PluginManager:220 - loadIPPluginJar : add openamp
2025-01-17 10:45:13,966 [INFO] IPUIPlugin:80 - create IPUIPlugin
2025-01-17 10:45:13,966 [INFO] PluginManager:220 - loadIPPluginJar : add pdm2pcm
2025-01-17 10:45:13,981 [INFO] IPUIPlugin:80 - create IPUIPlugin
2025-01-17 10:45:13,982 [INFO] PluginManager:220 - loadIPPluginJar : add plateformsettings
2025-01-17 10:45:14,007 [INFO] IPUIPlugin:80 - create IPUIPlugin
2025-01-17 10:45:14,008 [INFO] PluginManager:220 - loadIPPluginJar : add quadspi
2025-01-17 10:45:14,021 [INFO] IPUIPlugin:80 - create IPUIPlugin
2025-01-17 10:45:14,022 [INFO] PluginManager:220 - loadIPPluginJar : add resmgrutility
2025-01-17 10:45:14,075 [INFO] IPUIPlugin:80 - create IPUIPlugin
2025-01-17 10:45:14,075 [INFO] PluginManager:220 - loadIPPluginJar : add sai
2025-01-17 10:45:14,116 [INFO] IPUIPlugin:80 - create IPUIPlugin
2025-01-17 10:45:14,116 [INFO] PluginManager:220 - loadIPPluginJar : add spi
2025-01-17 10:45:14,197 [INFO] IPUIPlugin:80 - create IPUIPlugin
2025-01-17 10:45:14,197 [INFO] PluginManager:220 - loadIPPluginJar : add stm32_wpan
2025-01-17 10:45:14,222 [INFO] IPUIPlugin:80 - create IPUIPlugin
2025-01-17 10:45:14,222 [INFO] PluginManager:220 - loadIPPluginJar : add tim
2025-01-17 10:45:14,279 [INFO] IPUIPlugin:80 - create IPUIPlugin
2025-01-17 10:45:14,279 [INFO] PluginManager:220 - loadIPPluginJar : add touchsensing
2025-01-17 10:45:14,303 [INFO] IPUIPlugin:80 - create IPUIPlugin
2025-01-17 10:45:14,303 [INFO] PluginManager:220 - loadIPPluginJar : add tracer_emb
2025-01-17 10:45:14,329 [INFO] IPUIPlugin:80 - create IPUIPlugin
2025-01-17 10:45:14,329 [INFO] PluginManager:220 - loadIPPluginJar : add ts
2025-01-17 10:45:14,354 [INFO] IPUIPlugin:80 - create IPUIPlugin
2025-01-17 10:45:14,355 [INFO] PluginManager:220 - loadIPPluginJar : add tsc
2025-01-17 10:45:14,379 [INFO] IPUIPlugin:80 - create IPUIPlugin
2025-01-17 10:45:14,379 [INFO] PluginManager:220 - loadIPPluginJar : add ucpd
2025-01-17 10:45:14,429 [INFO] IPUIPlugin:80 - create IPUIPlugin
2025-01-17 10:45:14,429 [INFO] PluginManager:220 - loadIPPluginJar : add usart
2025-01-17 10:45:14,473 [INFO] IPUIPlugin:80 - create IPUIPlugin
2025-01-17 10:45:14,474 [INFO] PluginManager:220 - loadIPPluginJar : add usbx
2025-01-17 10:45:14,592 [INFO] CADModel:165 - CPN selected for project level
2025-01-17 10:45:14,592 [INFO] CADModel:114 - Register for checkConnection events
2025-01-17 10:45:14,593 [FATAL] Updater:308 - Updater called before beeing initialized
2025-01-17 10:45:14,593 [ERROR] CADModel:125 - Updater not yet initialized, retry later 
2025-01-17 10:45:14,740 [INFO] CADModel:165 - CPN selected for project level
2025-01-17 10:45:14,740 [INFO] CADModel:114 - Register for checkConnection events
2025-01-17 10:45:14,740 [FATAL] Updater:308 - Updater called before beeing initialized
2025-01-17 10:45:14,740 [ERROR] CADModel:125 - Updater not yet initialized, retry later 
2025-01-17 10:45:14,743 [FATAL] Updater:308 - Updater called before beeing initialized
2025-01-17 10:45:14,838 [FATAL] Updater:308 - Updater called before beeing initialized
2025-01-17 10:45:14,848 [INFO] DbMcusAds:53 - JSON generation date=Fri Sep 20 16:04:23 EEST 2024 (1726837463113)
2025-01-17 10:45:14,848 [FATAL] Updater:308 - Updater called before beeing initialized
2025-01-17 10:45:14,886 [WARN] DetailPanel:346 - Failed to get advertising image, set to default
2025-01-17 10:45:14,963 [FATAL] Updater:308 - Updater called before beeing initialized
2025-01-17 10:45:14,965 [FATAL] Updater:308 - Updater called before beeing initialized
2025-01-17 10:45:14,965 [FATAL] Updater:308 - Updater called before beeing initialized
2025-01-17 10:45:14,965 [WARN] DetailPanel:346 - Failed to get advertising image, set to default
2025-01-17 10:45:14,965 [FATAL] Updater:308 - Updater called before beeing initialized
2025-01-17 10:45:14,972 [INFO] ThirdPartyUpdaterWithRetryManager:70 - Updater plugin not ready yet. [2/15]
2025-01-17 10:45:15,018 [ERROR] Updater:1120 - MainUpdater not yet initialized. External WinMGr cannot be set.
2025-01-17 10:45:15,029 [INFO] Updater:1056 - Updater Version found : 6.10.0
2025-01-17 10:45:15,045 [INFO] ApplicationProperties:184 - Using Application install path: C:\ST\STM32CubeIDE_1.14.1\STM32CubeIDE\plugins\com.st.stm32cube.common.mx_6.10.0.202311202037
2025-01-17 10:45:15,710 [INFO] MainUpdater:2873 - connection check result : 10
2025-01-17 10:45:15,710 [INFO] MainUpdater:290 - Updater Check For Update Now.
2025-01-17 10:45:15,711 [INFO] MicroXplorer:498 - Change Database Version : DB.6.0.100
2025-01-17 10:45:15,736 [INFO] McuFinderGlobals:63 - Set McuFinder mode to 2 (CubeIDE integrated)
2025-01-17 10:45:15,750 [INFO] UserAuth:404 - Internet connection configuration mode: 1
2025-01-17 10:45:15,779 [INFO] JxBrowserEngine:152 - Initiate JxBrowser Engine with user profile folder
2025-01-17 10:45:15,981 [INFO] CheckServerUpdateThread:120 - End of CheckServer Thread
2025-01-17 10:45:18,201 [WARN] PackLoader:240 - Cannot read IP mode file for STMicroelectronics.FP-SNS-MOTENVWB1.1.4.0
2025-01-17 10:45:18,219 [WARN] PackLoader:240 - Cannot read IP mode file for STMicroelectronics.FP-ATR-ASTRA1.2.0.1
2025-01-17 10:45:18,240 [WARN] PackLoader:240 - Cannot read IP mode file for STMicroelectronics.X-CUBE-SMBUS.2.1.0
2025-01-17 10:45:18,264 [WARN] PackLoader:240 - Cannot read IP mode file for STMicroelectronics.X-CUBE-WB05N.1.1.0
2025-01-17 10:45:18,279 [WARN] PackLoader:240 - Cannot read IP mode file for STMicroelectronics.X-CUBE-TOUCHGFX.4.23.0
2025-01-17 10:45:18,290 [WARN] PackLoader:240 - Cannot read IP mode file for STMicroelectronics.X-CUBE-TOUCHGFX.4.23.2
2025-01-17 10:45:18,330 [WARN] PackLoader:240 - Cannot read IP mode file for STMicroelectronics.X-CUBE-AZRTOS-F7.1.1.0
2025-01-17 10:45:18,355 [WARN] PackLoader:240 - Cannot read IP mode file for STMicroelectronics.FP-SNS-MOTENV1.4.3.2
2025-01-17 10:45:18,454 [WARN] PackLoader:240 - Cannot read IP mode file for STMicroelectronics.X-CUBE-MEMS1.11.0.0
2025-01-17 10:45:18,631 [WARN] PackLoader:240 - Cannot read IP mode file for STMicroelectronics.FP-SNS-FLIGHT1.5.0.2
2025-01-17 10:45:18,650 [WARN] PackLoader:240 - Cannot read IP mode file for STMicroelectronics.X-CUBE-DISPLAY.3.0.0
2025-01-17 10:45:18,668 [WARN] PackLoader:240 - Cannot read IP mode file for STMicroelectronics.X-CUBE-BLE1.7.0.0
2025-01-17 10:45:18,689 [WARN] PackLoader:240 - Cannot read IP mode file for STMicroelectronics.X-CUBE-NFC10.1.0.0
2025-01-17 10:45:18,713 [WARN] PackLoader:240 - Cannot read IP mode file for STMicroelectronics.X-CUBE-BLEMGR.4.0.0
2025-01-17 10:45:18,735 [WARN] PackLoader:240 - Cannot read IP mode file for emotas.I-CUBE-CANOPEN.1.3.0
2025-01-17 10:45:18,756 [WARN] PackLoader:240 - Cannot read IP mode file for STMicroelectronics.X-CUBE-BLEMGR.3.1.0
2025-01-17 10:45:18,779 [WARN] PackLoader:240 - Cannot read IP mode file for STMicroelectronics.FP-SNS-SMARTAG2.1.2.0
2025-01-17 10:45:18,854 [WARN] PackLoader:240 - Cannot read IP mode file for STMicroelectronics.X-CUBE-MEMS1.11.1.0
2025-01-17 10:45:18,985 [INFO] LogOutputStream:77 - [STDOUT_REDIRECT] 1 : Invalid condition id : UX_CORESTACK_Condition cause : null
2025-01-17 10:45:18,986 [INFO] LogOutputStream:77 - [STDOUT_REDIRECT] 1 : Invalid condition id : UX_CORESTACK_Condition cause : null
2025-01-17 10:45:18,987 [INFO] LogOutputStream:77 - [STDOUT_REDIRECT] 1 : Invalid condition id : UX_CORESTACK_Condition cause : null
2025-01-17 10:45:18,989 [INFO] LogOutputStream:77 - [STDOUT_REDIRECT] 1 : Invalid condition id : UX_CORESTACK_Condition cause : null
2025-01-17 10:45:18,990 [INFO] LogOutputStream:77 - [STDOUT_REDIRECT] 1 : Invalid condition id : UX_CORESTACK_Condition cause : null
2025-01-17 10:45:18,995 [WARN] PackLoader:240 - Cannot read IP mode file for STMicroelectronics.X-CUBE-AZRTOS-WL.2.0.0
2025-01-17 10:45:19,012 [WARN] PackLoader:240 - Cannot read IP mode file for STMicroelectronics.FP-SNS-MOTENV1.5.0.0
2025-01-17 10:45:19,030 [WARN] PackLoader:240 - Cannot read IP mode file for wolfSSL.I-CUBE-wolfMQTT.1.19.0
2025-01-17 10:45:19,048 [WARN] PackLoader:240 - Cannot read IP mode file for WES.I-CUBE-Cesium.1.3.0
2025-01-17 10:45:19,065 [WARN] PackLoader:240 - Cannot read IP mode file for STMicroelectronics.X-CUBE-BLE2.3.3.0
2025-01-17 10:45:19,084 [WARN] PackLoader:240 - Cannot read IP mode file for STMicroelectronics.X-CUBE-NFC9.1.0.0
2025-01-17 10:45:19,112 [WARN] PackLoader:240 - Cannot read IP mode file for STMicroelectronics.X-CUBE-TCPP.4.1.0
2025-01-17 10:45:19,131 [WARN] PackLoader:240 - Cannot read IP mode file for STMicroelectronics.X-CUBE-ALGOBUILD.1.3.0
2025-01-17 10:45:19,160 [WARN] PackLoader:240 - Cannot read IP mode file for STMicroelectronics.X-CUBE-AZRTOS-G0.1.1.0
2025-01-17 10:45:19,181 [WARN] PackLoader:240 - Cannot read IP mode file for STMicroelectronics.X-CUBE-SAFEA1.1.2.2
2025-01-17 10:45:19,199 [WARN] PackLoader:240 - Cannot read IP mode file for STMicroelectronics.X-CUBE-NFC4.3.0.0
2025-01-17 10:45:19,222 [WARN] PackLoader:240 - Cannot read IP mode file for EmbeddedOffice.I-CUBE-FS-RTOS.1.0.1
2025-01-17 10:45:19,223 [ERROR] ConditionMgr:805 - Attr not supported : Dmpu
2025-01-17 10:45:19,223 [ERROR] ConditionMgr:805 - Attr not supported : Dmpu
2025-01-17 10:45:19,223 [ERROR] ConditionMgr:805 - Attr not supported : Dmpu
2025-01-17 10:45:19,223 [ERROR] ConditionMgr:805 - Attr not supported : Dmpu
2025-01-17 10:45:19,223 [ERROR] ConditionMgr:805 - Attr not supported : Dmpu
2025-01-17 10:45:19,223 [ERROR] ConditionMgr:805 - Attr not supported : Dmpu
2025-01-17 10:45:19,223 [ERROR] ConditionMgr:805 - Attr not supported : Dmpu
2025-01-17 10:45:19,223 [ERROR] ConditionMgr:805 - Attr not supported : Dmpu
2025-01-17 10:45:19,223 [ERROR] ConditionMgr:805 - Attr not supported : Dmpu
2025-01-17 10:45:19,223 [ERROR] ConditionMgr:805 - Attr not supported : Dmpu
2025-01-17 10:45:19,223 [ERROR] ConditionMgr:805 - Attr not supported : Dmpu
2025-01-17 10:45:19,223 [ERROR] ConditionMgr:805 - Attr not supported : Dmpu
2025-01-17 10:45:19,224 [ERROR] ConditionMgr:805 - Attr not supported : Dmpu
2025-01-17 10:45:19,224 [ERROR] ConditionMgr:805 - Attr not supported : Dmpu
2025-01-17 10:45:19,224 [ERROR] ConditionMgr:805 - Attr not supported : Dmpu
2025-01-17 10:45:19,224 [ERROR] ConditionMgr:805 - Attr not supported : Dmpu
2025-01-17 10:45:19,224 [ERROR] ConditionMgr:805 - Attr not supported : Dmpu
2025-01-17 10:45:19,224 [ERROR] ConditionMgr:805 - Attr not supported : Dmpu
2025-01-17 10:45:19,224 [ERROR] ConditionMgr:805 - Attr not supported : Dmpu
2025-01-17 10:45:19,224 [ERROR] ConditionMgr:805 - Attr not supported : Dmpu
2025-01-17 10:45:19,224 [ERROR] ConditionMgr:805 - Attr not supported : Dmpu
2025-01-17 10:45:19,224 [ERROR] ConditionMgr:805 - Attr not supported : Dmpu
2025-01-17 10:45:19,224 [ERROR] ConditionMgr:805 - Attr not supported : Dmpu
2025-01-17 10:45:19,226 [ERROR] ConditionMgr:805 - Attr not supported : Dmpu
2025-01-17 10:45:19,226 [ERROR] ConditionMgr:805 - Attr not supported : Dmpu
2025-01-17 10:45:19,226 [ERROR] ConditionMgr:805 - Attr not supported : Dmpu
2025-01-17 10:45:19,227 [ERROR] ConditionMgr:805 - Attr not supported : Dmpu
2025-01-17 10:45:19,227 [ERROR] ConditionMgr:805 - Attr not supported : Dmpu
2025-01-17 10:45:19,227 [ERROR] ConditionMgr:805 - Attr not supported : Dmpu
2025-01-17 10:45:19,227 [ERROR] ConditionMgr:805 - Attr not supported : Dmpu
2025-01-17 10:45:19,227 [ERROR] ConditionMgr:805 - Attr not supported : Dmpu
2025-01-17 10:45:19,227 [ERROR] ConditionMgr:805 - Attr not supported : Dmpu
2025-01-17 10:45:19,227 [ERROR] ConditionMgr:805 - Attr not supported : Dmpu
2025-01-17 10:45:19,227 [ERROR] ConditionMgr:805 - Attr not supported : Dmpu
2025-01-17 10:45:19,227 [ERROR] ConditionMgr:805 - Attr not supported : Dmpu
2025-01-17 10:45:19,227 [ERROR] ConditionMgr:805 - Attr not supported : Dmpu
2025-01-17 10:45:19,227 [ERROR] ConditionMgr:805 - Attr not supported : Dmpu
2025-01-17 10:45:19,227 [ERROR] ConditionMgr:805 - Attr not supported : Dmpu
2025-01-17 10:45:19,228 [ERROR] ConditionMgr:805 - Attr not supported : Dmpu
2025-01-17 10:45:19,228 [ERROR] ConditionMgr:805 - Attr not supported : Dmpu
2025-01-17 10:45:19,228 [ERROR] ConditionMgr:805 - Attr not supported : Dmpu
2025-01-17 10:45:19,228 [ERROR] ConditionMgr:805 - Attr not supported : Dmpu
2025-01-17 10:45:19,228 [ERROR] ConditionMgr:805 - Attr not supported : Dmpu
2025-01-17 10:45:19,228 [ERROR] ConditionMgr:805 - Attr not supported : Dmpu
2025-01-17 10:45:19,228 [ERROR] ConditionMgr:805 - Attr not supported : Dmpu
2025-01-17 10:45:19,228 [ERROR] ConditionMgr:805 - Attr not supported : Dmpu
2025-01-17 10:45:19,228 [ERROR] ConditionMgr:805 - Attr not supported : Dmpu
2025-01-17 10:45:19,228 [ERROR] ConditionMgr:805 - Attr not supported : Dmpu
2025-01-17 10:45:19,228 [ERROR] ConditionMgr:805 - Attr not supported : Dmpu
2025-01-17 10:45:19,228 [ERROR] ConditionMgr:805 - Attr not supported : Dmpu
2025-01-17 10:45:19,228 [ERROR] ConditionMgr:805 - Attr not supported : Dmpu
2025-01-17 10:45:19,229 [ERROR] ConditionMgr:805 - Attr not supported : Dmpu
2025-01-17 10:45:19,229 [ERROR] ConditionMgr:805 - Attr not supported : Dmpu
2025-01-17 10:45:19,229 [ERROR] ConditionMgr:805 - Attr not supported : Dmpu
2025-01-17 10:45:19,229 [ERROR] ConditionMgr:805 - Attr not supported : Dmpu
2025-01-17 10:45:19,229 [ERROR] ConditionMgr:805 - Attr not supported : Dmpu
2025-01-17 10:45:19,229 [ERROR] ConditionMgr:805 - Attr not supported : Dmpu
2025-01-17 10:45:19,229 [ERROR] ConditionMgr:805 - Attr not supported : Dmpu
2025-01-17 10:45:19,229 [ERROR] ConditionMgr:805 - Attr not supported : Dmpu
2025-01-17 10:45:19,229 [ERROR] ConditionMgr:805 - Attr not supported : Dmpu
2025-01-17 10:45:19,229 [ERROR] ConditionMgr:805 - Attr not supported : Dmpu
2025-01-17 10:45:19,229 [ERROR] ConditionMgr:805 - Attr not supported : Dmpu
2025-01-17 10:45:19,229 [ERROR] ConditionMgr:805 - Attr not supported : Dmpu
2025-01-17 10:45:19,230 [ERROR] ConditionMgr:805 - Attr not supported : Dmpu
2025-01-17 10:45:19,252 [WARN] PackLoader:240 - Cannot read IP mode file for STMicroelectronics.X-CUBE-BLEMGR.3.0.0
2025-01-17 10:45:19,267 [ERROR] Engine:466 - C:\Users\tkach\.stm32cubemx\thirdparties\pdsc\STMicroelectronics.X-CUBE-TCPP.4.2.0.pdsc: PDSC version is not supported
2025-01-17 10:45:19,283 [WARN] PackLoader:240 - Cannot read IP mode file for RealThread.X-CUBE-RT-Thread_Nano.4.1.1
2025-01-17 10:45:19,298 [WARN] PackLoader:240 - Cannot read IP mode file for STMicroelectronics.FP-ATR-SIGFOX1.3.2.0
2025-01-17 10:45:19,312 [WARN] ConditionMgr:438 - getConditionDescription Invalid condition id : Cortex-A Device cause : null
2025-01-17 10:45:19,336 [WARN] ConditionMgr:1039 - genDependencies : Invalid condition id : Cortex-A Device cause : null
2025-01-17 10:45:19,336 [WARN] ConditionMgr:1039 - genDependencies : Invalid condition id : Cortex-A Device cause : null
2025-01-17 10:45:19,336 [WARN] ConditionMgr:1039 - genDependencies : Invalid condition id : Cortex-A Device cause : null
2025-01-17 10:45:19,353 [WARN] PackLoader:240 - Cannot read IP mode file for STMicroelectronics.X-CUBE-EEPRMA1.5.1.0
2025-01-17 10:45:19,401 [WARN] PackLoader:240 - Cannot read IP mode file for SEGGER.I-CUBE-embOS.1.3.1
2025-01-17 10:45:19,446 [WARN] PackLoader:240 - Cannot read IP mode file for STMicroelectronics.X-CUBE-ALGOBUILD.1.4.0
2025-01-17 10:45:19,463 [WARN] PackLoader:240 - Cannot read IP mode file for STMicroelectronics.X-CUBE-AI.9.1.0
2025-01-17 10:45:19,479 [WARN] PackLoader:240 - Cannot read IP mode file for STMicroelectronics.X-CUBE-GNSS1.6.0.0
2025-01-17 10:45:19,515 [WARN] PackLoader:240 - Cannot read IP mode file for STMicroelectronics.X-CUBE-AZRTOS-F4.1.1.0
2025-01-17 10:45:19,535 [WARN] PackLoader:240 - Cannot read IP mode file for STMicroelectronics.X-CUBE-ISPU.2.1.0
2025-01-17 10:45:19,550 [WARN] PackLoader:240 - Cannot read IP mode file for STMicroelectronics.X-CUBE-FREERTOS.1.2.0
2025-01-17 10:45:19,569 [WARN] PackLoader:240 - Cannot read IP mode file for wolfSSL.I-CUBE-wolfSSL.5.6.6
2025-01-17 10:45:19,600 [WARN] PackLoader:240 - Cannot read IP mode file for STMicroelectronics.X-CUBE-AZRTOS-L5.2.0.0
2025-01-17 10:45:19,619 [WARN] PackLoader:240 - Cannot read IP mode file for STMicroelectronics.X-CUBE-EEPRMA1.4.2.0
2025-01-17 10:45:19,640 [WARN] PackLoader:240 - Cannot read IP mode file for STMicroelectronics.X-CUBE-NFC6.3.1.0
2025-01-17 10:45:19,660 [WARN] PackLoader:240 - Cannot read IP mode file for ITTIA_DB.I-CUBE-ITTIADB.8.8.0
2025-01-17 10:45:19,676 [WARN] PackLoader:240 - Cannot read IP mode file for STMicroelectronics.X-CUBE-DPower.1.2.0
2025-01-17 10:45:19,692 [WARN] PackLoader:240 - Cannot read IP mode file for STMicroelectronics.X-CUBE-AI.9.0.0
2025-01-17 10:45:19,706 [WARN] PackLoader:240 - Cannot read IP mode file for STMicroelectronics.X-CUBE-FREERTOS.1.3.0
2025-01-17 10:45:19,723 [WARN] PackLoader:240 - Cannot read IP mode file for STMicroelectronics.X-CUBE-NFC7.1.0.1
2025-01-17 10:45:19,745 [WARN] PackLoader:240 - Cannot read IP mode file for STMicroelectronics.X-CUBE-NFC6.3.0.0
2025-01-17 10:45:19,763 [WARN] PackLoader:240 - Cannot read IP mode file for STMicroelectronics.X-CUBE-AI.8.1.0
2025-01-17 10:45:19,793 [WARN] ConditionMgr:438 - getConditionDescription Invalid condition id : LAN8742 Phy interface Condition cause : null
2025-01-17 10:45:19,794 [WARN] PackLoader:240 - Cannot read IP mode file for STMicroelectronics.X-CUBE-AZRTOS-L4.2.0.0
2025-01-17 10:45:19,795 [WARN] ConditionMgr:1039 - genDependencies : Invalid condition id : LAN8742 Phy interface Condition cause : null
2025-01-17 10:45:19,795 [WARN] ConditionMgr:1039 - genDependencies : Invalid condition id : LAN8742 Phy interface Condition cause : null
2025-01-17 10:45:19,795 [WARN] ConditionMgr:1039 - genDependencies : Invalid condition id : LAN8742 Phy interface Condition cause : null
2025-01-17 10:45:19,814 [WARN] PackLoader:240 - Cannot read IP mode file for STMicroelectronics.X-CUBE-SFXS2LP1.4.0.0
2025-01-17 10:45:19,853 [WARN] PackLoader:240 - Cannot read IP mode file for STMicroelectronics.X-CUBE-AZRTOS-H7.3.3.0
2025-01-17 10:45:19,879 [WARN] PackLoader:240 - Cannot read IP mode file for STMicroelectronics.X-CUBE-IPS.3.0.0
2025-01-17 10:45:19,917 [WARN] ConditionMgr:438 - getConditionDescription Invalid condition id : UX DEVICE CLASS RTOS Condition cause : null
2025-01-17 10:45:19,917 [WARN] ConditionMgr:438 - getConditionDescription Invalid condition id : UX DEVICE CLASS RTOS Condition cause : null
2025-01-17 10:45:19,919 [WARN] PackLoader:240 - Cannot read IP mode file for STMicroelectronics.X-CUBE-AZRTOS-WB.2.0.0
2025-01-17 10:45:19,919 [WARN] ConditionMgr:1039 - genDependencies : Invalid condition id : UX DEVICE CLASS RTOS Condition cause : null
2025-01-17 10:45:19,919 [WARN] ConditionMgr:1039 - genDependencies : Invalid condition id : UX DEVICE CLASS RTOS Condition cause : null
2025-01-17 10:45:19,920 [WARN] ConditionMgr:1039 - genDependencies : Invalid condition id : UX DEVICE CLASS RTOS Condition cause : null
2025-01-17 10:45:19,920 [WARN] ConditionMgr:1039 - genDependencies : Invalid condition id : UX DEVICE CLASS RTOS Condition cause : null
2025-01-17 10:45:19,920 [WARN] ConditionMgr:1039 - genDependencies : Invalid condition id : UX DEVICE CLASS RTOS Condition cause : null
2025-01-17 10:45:19,936 [WARN] PackLoader:240 - Cannot read IP mode file for STMicroelectronics.X-CUBE-GNSS1.7.0.0
2025-01-17 10:45:19,952 [WARN] PackLoader:240 - Cannot read IP mode file for STMicroelectronics.X-CUBE-GNSS1.7.0.1
2025-01-17 10:45:19,972 [WARN] PackLoader:240 - Cannot read IP mode file for STMicroelectronics.FP-SNS-STBOX1.2.0.0
2025-01-17 10:45:19,996 [WARN] PackLoader:240 - Cannot read IP mode file for STMicroelectronics.X-CUBE-SUBG2.5.0.0
2025-01-17 10:45:20,031 [WARN] PackLoader:240 - Cannot read IP mode file for STMicroelectronics.X-CUBE-AZRTOS-G4.2.0.0
2025-01-17 10:45:20,064 [WARN] PackLoader:240 - Cannot read IP mode file for Infineon.AIROC-Wi-Fi-Bluetooth-STM32.1.5.1
2025-01-17 10:45:20,080 [WARN] PackLoader:240 - Cannot read IP mode file for STMicroelectronics.FP-SNS-MOTENVWB1.1.3.1
2025-01-17 10:45:20,098 [WARN] PackLoader:240 - Cannot read IP mode file for STMicroelectronics.X-CUBE-ISPU.2.0.0
2025-01-17 10:45:20,115 [ERROR] Engine:466 - C:\Users\tkach\.stm32cubemx\thirdparties\pdsc\STMicroelectronics.X-CUBE-IPS.3.1.0.pdsc: PDSC version is not supported
2025-01-17 10:45:20,128 [WARN] PackLoader:240 - Cannot read IP mode file for STMicroelectronics.X-CUBE-ALS.1.0.2
2025-01-17 10:45:20,187 [WARN] PackLoader:240 - Cannot read IP mode file for STMicroelectronics.X-CUBE-MEMS1.10.0.0
2025-01-17 10:45:20,308 [WARN] PackLoader:240 - Cannot read IP mode file for STMicroelectronics.X-CUBE-FREERTOS.1.1.0
2025-01-17 10:45:20,322 [WARN] PackLoader:240 - Cannot read IP mode file for STMicroelectronics.X-CUBE-TOUCHGFX.4.24.0
2025-01-17 10:45:20,337 [WARN] PackLoader:240 - Cannot read IP mode file for STMicroelectronics.X-CUBE-TOUCHGFX.4.24.2
2025-01-17 10:45:20,350 [WARN] PackLoader:240 - Cannot read IP mode file for STMicroelectronics.X-CUBE-TOUCHGFX.4.24.1
2025-01-17 10:45:20,366 [WARN] PackLoader:240 - Cannot read IP mode file for wolfSSL.I-CUBE-wolfTPM.3.4.0
2025-01-17 10:45:20,382 [WARN] PackLoader:240 - Cannot read IP mode file for portGmbH.I-Cube-SoM-uGOAL.1.1.0
2025-01-17 10:45:20,394 [WARN] PackLoader:240 - Cannot read IP mode file for STMicroelectronics.X-CUBE-ALS.1.0.1
2025-01-17 10:45:20,421 [WARN] PackLoader:240 - Cannot read IP mode file for STMicroelectronics.X-CUBE-AZRTOS-H7RS.1.0.0
2025-01-17 10:45:20,435 [WARN] PackLoader:240 - Cannot read IP mode file for STMicroelectronics.FP-ATR-ASTRA1.2.0.0
2025-01-17 10:45:20,455 [WARN] PackLoader:240 - Cannot read IP mode file for STMicroelectronics.X-CUBE-TOF1.3.4.2
2025-01-17 10:45:20,488 [WARN] PackLoader:240 - Cannot read IP mode file for STMicroelectronics.X-CUBE-TOF1.3.4.0
2025-01-17 10:45:20,521 [WARN] PackLoader:240 - Cannot read IP mode file for STMicroelectronics.X-CUBE-TOF1.3.4.1
2025-01-17 10:45:20,561 [WARN] PackLoader:240 - Cannot read IP mode file for STMicroelectronics.X-CUBE-AZRTOS-H7.3.2.0
2025-01-17 10:45:20,576 [WARN] PackLoader:240 - Cannot read IP mode file for wolfSSL.I-CUBE-wolfSSH.1.4.17
2025-01-17 10:45:20,576 [INFO] ThirdParty:978 - Integrity check success = true
2025-01-17 10:45:20,577 [INFO] IntegrityCheckThread:100 - exiting critical section [integrity check]
2025-01-17 10:45:20,577 [INFO] IntegrityCheckThread:103 - End integrity checks thread
2025-01-17 10:45:22,325 [INFO] WebApp:161 - Instantiating new browser for Auth
2025-01-17 10:45:22,848 [INFO] WebApp:780 - Register for checkConnection events
2025-01-17 10:45:22,848 [INFO] WebApp:414 - Apply proxy settings
2025-01-17 10:45:22,848 [INFO] WebApp:499 - Chromium requires no authentication
2025-01-17 10:45:22,854 [INFO] WebApp:442 - Direct internet connection detected
2025-01-17 10:45:22,992 [INFO] WebApp:192 - Starting web application
2025-01-17 10:45:22,992 [INFO] WebApp:544 - Web application path used C:\ST\STM32CubeIDE_1.14.1\STM32CubeIDE\plugins\com.st.stm32cube.common.mx_6.10.0.202311202037\db\plugins\mcufinder\reactClient1\index.html
2025-01-17 10:45:43,946 [ERROR] LogOutputStream:75 - [STDERR_REDIRECT] SLF4J: Failed to load class "org.slf4j.impl.StaticLoggerBinder".
2025-01-17 10:45:43,946 [ERROR] LogOutputStream:75 - [STDERR_REDIRECT] SLF4J: Defaulting to no-operation (NOP) logger implementation
2025-01-17 10:45:43,947 [ERROR] LogOutputStream:75 - [STDERR_REDIRECT] SLF4J: See http://www.slf4j.org/codes.html#StaticLoggerBinder for further details.
2025-01-17 12:45:27,745 [INFO] McuFinderGlobals:63 - Set McuFinder mode to 2 (CubeIDE integrated)
2025-01-17 12:45:27,787 [INFO] MainUpdater:2873 - connection check result : 10
2025-01-17 12:45:27,822 [INFO] McuFinderGlobals:76 - Set McuFinderConnectedMode to true
2025-01-17 12:45:28,381 [INFO] ServerAccessManage:473 - Download File mcusAds.json._tmp_
2025-01-17 12:45:28,512 [INFO] LoadUrlFilesThread:156 - End of LoadUrlFiles Thread
2025-01-17 12:45:30,586 [INFO] ServerAccessManage:473 - Download File cube-finder-db.zip
2025-01-17 12:45:35,903 [INFO] FileExtend:240 - Unzip File : cube-finder-db.zip
2025-01-17 12:45:35,903 [INFO] FileExtend:255 - Standard Zip Deflate
2025-01-17 12:45:37,656 [INFO] LoadUrlFilesThread:156 - End of LoadUrlFiles Thread
2025-01-17 12:45:38,358 [INFO] ServerAccessManage:473 - Download File crdb.zip
2025-01-17 12:45:39,085 [INFO] FileExtend:240 - Unzip File : crdb.zip
2025-01-17 12:45:39,085 [INFO] FileExtend:255 - Standard Zip Deflate
2025-01-17 12:45:39,218 [INFO] LoadUrlFilesThread:156 - End of LoadUrlFiles Thread
2025-01-17 12:45:39,407 [INFO] ServerAccessManage:473 - Download File tutoVideoDB.zip
2025-01-17 12:45:39,427 [INFO] FileExtend:240 - Unzip File : tutoVideoDB.zip
2025-01-17 12:45:39,427 [INFO] FileExtend:255 - Standard Zip Deflate
2025-01-17 12:45:39,550 [INFO] LoadUrlFilesThread:156 - End of LoadUrlFiles Thread
2025-01-17 12:45:39,564 [WARN] DbFile:41 - Overriding database path with different value: C:\Users\tkach\.stmcufinder\plugins\mcufinder/ => C:\Users\tkach\.stmcufinder\plugins\mcufinder
2025-01-17 12:45:39,729 [INFO] ServerAccessManage:473 - Download File api_config.json
2025-01-17 12:45:39,847 [INFO] LoadUrlFilesThread:156 - End of LoadUrlFiles Thread
2025-01-17 12:45:39,851 [INFO] DbMcusAds:53 - JSON generation date=Tue Dec 17 18:01:15 EET 2024 (1734451275143)
2025-01-17 12:45:40,055 [INFO] ServerAccessManage:473 - Download File 
2025-01-17 12:45:40,113 [INFO] LoadUrlFilesThread:185 - End of LoadServerUrlFiles without Thread
2025-01-17 12:45:40,114 [INFO] TargetSelectorAdapter:259 - Refresh data is successful
2025-01-17 12:45:40,897 [INFO] ApiDb:581 - Connected to CubeFinder SQLite database (C:\Users\tkach\.stmcufinder\plugins\mcufinder\mcu\cube-finder-db.db)
2025-01-17 12:45:40,985 [INFO] ApiDb:668 - CubeFinder database Data Model version=2.1
2025-01-17 12:45:40,985 [INFO] ApiDb:669 - CubeFinder database Configuration version=3.0.39
2025-01-17 12:45:40,986 [INFO] ApiDb:670 - CubeFinder database generation date=2024-12-10 (1733817889)
2025-01-17 12:45:40,986 [INFO] ApiDb:671 - CubeFinder database FW Pack versions=[FP-ATR-ASTRA1_V2.0.0, FP-SNS-FLIGHT1_V5.0.2, FP-SNS-MOTENV1_V5.0.0, FP-SNS-MOTENVWB1_V1.4.0, FP-SNS-SMARTAG2_V1.2.0, FP-SNS-STBOX1_V2.0.0, STM32Cube_FW_C0_V1.3.0, STM32Cube_FW_F4_V1.28.1, STM32Cube_FW_F7_V1.17.2, STM32Cube_FW_G0_V1.6.2, STM32Cube_FW_G4_V1.6.1, STM32Cube_FW_H5_V1.4.0, STM32Cube_FW_H7RS_V1.1.0, STM32Cube_FW_H7_V1.12.0, STM32Cube_FW_L0_V1.12.2, STM32Cube_FW_L4_V1.18.1, STM32Cube_FW_L5_V1.5.1, STM32Cube_FW_N6_V1.0.0, STM32Cube_FW_U0_V1.2.0, STM32Cube_FW_U3_V1.0.0, STM32Cube_FW_U5_V1.7.0, STM32Cube_FW_WB0_V1.1.0, STM32Cube_FW_WBA_V1.5.0, STM32Cube_FW_WB_V1.21.0, STM32Cube_FW_WL3_V1.0.0, STM32Cube_FW_WL_V1.3.0, X-CUBE-ALGOBUILD_V1.4.0, X-CUBE-ALS_V1.0.2, X-CUBE-AZRTOS-F4_V1.1.0, X-CUBE-AZRTOS-F7_V1.1.0, X-CUBE-AZRTOS-G0_V1.1.0, X-CUBE-AZRTOS-G4_V2.0.0, X-CUBE-AZRTOS-H7RS_V1.0.0, X-CUBE-AZRTOS-H7_V3.3.0, X-CUBE-AZRTOS-L4_V2.0.0, X-CUBE-AZRTOS-L5_V2.0.0, X-CUBE-AZRTOS-WB_V2.0.0, X-CUBE-AZRTOS-WL_V2.0.0, X-CUBE-BLE1_V7.0.0, X-CUBE-BLE2_V3.3.0, X-CUBE-BLEMGR_V3.1.0, X-CUBE-EEPRMA1_V5.1.0, X-CUBE-FREERTOS_V1.2.0, X-CUBE-GNSS1_V6.0.0, X-CUBE-MEMS1_V11.0.0, X-CUBE-NFC4_V3.0.0, X-CUBE-NFC7_V1.0.1, X-CUBE-SFXS2LP1_V4.0.0, X-CUBE-SUBG2_V5.0.0, X-CUBE-TOF1_V3.4.2]
2025-01-17 12:45:43,249 [INFO] ApiDb:240 - Found 371 in-development CPN: [B-G473E-ZEST1S, B-WB1M-WPAN1, B-WL5M-SUBG1, NUCLEO-C031C6, NUCLEO-H503RB, NUCLEO-H563ZI, NUCLEO-U545RE-Q, NUCLEO-U5A5ZJ-Q, NUCLEO-WBA52CG, NUCLEO-WBA55CG, STEVAL-MKBOXPRO, STEVAL-PROTEUS1, STEVAL-STWINBX1, STM320518-EVAL, STM32C0116-DK, STM32C011D6Y3TR, STM32C011D6Y6TR, STM32C011F4P3, STM32C011F4P6, STM32C011F4U3, STM32C011F4U6TR, STM32C011F6P3, STM32C011F6P6, STM32C011F6U3, STM32C011F6U6TR, STM32C011J4M3, STM32C011J4M6, STM32C011J6M3, STM32C011J6M6, STM32C0316-DK, STM32C031C4T3, STM32C031C4T6, STM32C031C4U3, STM32C031C4U6, STM32C031C6T3, STM32C031C6T6, STM32C031C6U3, STM32C031C6U6, STM32C031F4P3, STM32C031F4P6, STM32C031F6P3, STM32C031F6P6, STM32C031G4U3, STM32C031G4U6, STM32C031G6U3, STM32C031G6U6, STM32C031K4T3, STM32C031K4T6, STM32C031K4U3, STM32C031K4U6, STM32C031K6T3, STM32C031K6T6, STM32C031K6U3, STM32C031K6U6, STM32G071K8TXN, STM32G071K8UXN, STM32G081GBU6N, STM32G081KBT6N, STM32G081KBUXN, STM32G0B1CCT6N, STM32G0B1KCT6, STM32G0B1NEY6TR, STM32G0B1RCT6N, STM32G0C1CCT6, STM32G0C1CCT6N, STM32G0C1CCU6N, STM32G0C1CET6N, STM32G0C1CEU6N, STM32G0C1KCT6, STM32G0C1NEY6TR, STM32G0C1RCI6N, STM32G0C1RCT6N, STM32G0C1REI6N, STM32G0C1RET6N, STM32G0C1VCI6, STM32G0C1VEI6, STM32G471CCT6, STM32G471CCU6, STM32G471CET3, STM32G471CET6, STM32G471CEU3, STM32G471CEU6, STM32G471MCT6, STM32G471MET3, STM32G471MET6, STM32G471MEY6TR, STM32G471QCT6, STM32G471QET3, STM32G471RCT6, STM32G471RET3, STM32G471RET6, STM32G471VCH6, STM32G471VCI6, STM32G471VCT6, STM32G471VEH3, STM32G471VEH6, STM32G471VEI3, STM32G471VEI6, STM32G471VET3, STM32G471VET6, STM32G474CCT6, STM32H503CBT6, STM32H503CBU6, STM32H503EBY6TR, STM32H503KBU6, STM32H503RBT6, STM32H562AGI6, STM32H562AII6, STM32H562IGK6, STM32H562IGT6, STM32H562IIK6, STM32H562IIT6, STM32H562RGT6, STM32H562RGV6, STM32H562RIT6, STM32H562RIV6, STM32H562VGT6, STM32H562VIT6, STM32H562ZGT6, STM32H562ZIT6, STM32H563AGI6, STM32H563AII3Q, STM32H563AII6, STM32H563IGK6, STM32H563IGT6, STM32H563IIK3Q, STM32H563IIK6, STM32H563IIT3Q, STM32H563IIT6, STM32H563MIY3QTR, STM32H563RGT6, STM32H563RGV6, STM32H563RIT6, STM32H563RIV6, STM32H563VGT6, STM32H563VIT3Q, STM32H563VIT6, STM32H563ZGT6, STM32H563ZIT3Q, STM32H563ZIT6, STM32H573AII3Q, STM32H573AII6, STM32H573I-DK, STM32H573IIK3Q, STM32H573IIK6, STM32H573IIT3Q, STM32H573IIT6, STM32H573MIY3QTR, STM32H573RIT6, STM32H573RIV6, STM32H573VIT3Q, STM32H573VIT6, STM32H573ZIT3Q, STM32H573ZIT6, STM32L4R5QGI6STR, STM32MP131AAE3, STM32MP131AAF3, STM32MP131AAG3, STM32MP131CAE3, STM32MP131CAF3, STM32MP131CAG3, STM32MP131DAE7, STM32MP131DAF7, STM32MP131DAG7, STM32MP131FAE7, STM32MP131FAF7, STM32MP131FAG7, STM32MP133AAE3, STM32MP133AAF3, STM32MP133AAG3, STM32MP133CAE3, STM32MP133CAF3, STM32MP133CAG3, STM32MP133DAE7, STM32MP133DAF7, STM32MP133DAG7, STM32MP133FAE7, STM32MP133FAF7, STM32MP133FAG7, STM32MP135AAE3, STM32MP135AAF3, STM32MP135AAG3, STM32MP135CAE3, STM32MP135CAF3, STM32MP135CAG3, STM32MP135DAE7, STM32MP135DAF7, STM32MP135DAG7, STM32MP135F-DK, STM32MP135FAE7, STM32MP135FAF7, STM32MP135FAF7T, STM32MP135FAF7U, STM32MP135FAG7, STM32U535CBT6, STM32U535CBT6Q, STM32U535CBU6, STM32U535CBU6Q, STM32U535CCT6, STM32U535CCT6Q, STM32U535CCU6, STM32U535CCU6Q, STM32U535CET6, STM32U535CET6Q, STM32U535CEU6, STM32U535CEU6Q, STM32U535JEY6QTR, STM32U535NCY6QTR, STM32U535NEY6QTR, STM32U535RBI6, STM32U535RBI6Q, STM32U535RBT6, STM32U535RBT6Q, STM32U535RCI6, STM32U535RCI6Q, STM32U535RCT6, STM32U535RCT6Q, STM32U535REI6, STM32U535REI6Q, STM32U535RET6, STM32U535RET6Q, STM32U535VCI6, STM32U535VCI6Q, STM32U535VCT6, STM32U535VCT6Q, STM32U535VEI6, STM32U535VEI6Q, STM32U535VET6, STM32U535VET6Q, STM32U545CET6, STM32U545CET6Q, STM32U545CEU6, STM32U545CEU6Q, STM32U545JEY6QTR, STM32U545NEY6QTR, STM32U545REI6, STM32U545REI6Q, STM32U545RET6, STM32U545RET6Q, STM32U545VEI6, STM32U545VEI6Q, STM32U545VET6, STM32U545VET6Q, STM32U595AIH6, STM32U595AIH6Q, STM32U595AJH6, STM32U595AJH6Q, STM32U595QII6, STM32U595QII6Q, STM32U595QJI6, STM32U595QJI6Q, STM32U595RIT6, STM32U595RIT6Q, STM32U595RJT6, STM32U595RJT6Q, STM32U595VIT6, STM32U595VIT6Q, STM32U595VJT6, STM32U595VJT6Q, STM32U595ZIT6, STM32U595ZIT6Q, STM32U595ZIY6QTR, STM32U595ZJT6, STM32U595ZJT6Q, STM32U595ZJY6QTR, STM32U599BJY6QTR, STM32U599NIH6Q, STM32U599NJH6Q, STM32U599VIT6Q, STM32U599VJT6, STM32U599VJT6Q, STM32U599ZIT6Q, STM32U599ZIY6QTR, STM32U599ZJT6Q, STM32U599ZJY6QTR, STM32U5A5AJH6, STM32U5A5AJH6Q, STM32U5A5QJI6, STM32U5A5QJI6Q, STM32U5A5RJT6, STM32U5A5RJT6Q, STM32U5A5VJT6, STM32U5A5VJT6Q, STM32U5A5ZJT6, STM32U5A5ZJT6Q, STM32U5A5ZJY6QTR, STM32U5A9BJY6QTR, STM32U5A9J-DK, STM32U5A9NJH6Q, STM32U5A9VJT6Q, STM32U5A9ZJT6Q, STM32U5A9ZJY6QTR, STM32U5F7VIT6, STM32U5F7VIT6Q, STM32U5F7VJT6, STM32U5F7VJT6Q, STM32U5F9BJY6QTR, STM32U5F9NJH6Q, STM32U5F9VIT6Q, STM32U5F9VJT6Q, STM32U5F9ZIJ6QTR, STM32U5F9ZIT6Q, STM32U5F9ZJJ6QTR, STM32U5F9ZJT6Q, STM32U5G7VJT6, STM32U5G7VJT6Q, STM32U5G9BJY6QTR, STM32U5G9J-DK1, STM32U5G9J-DK2, STM32U5G9NJH6Q, STM32U5G9VJT6Q, STM32U5G9ZJJ6QTR, STM32U5G9ZJT6Q, STM32WB1MMCH6, STM32WBA50KEU6, STM32WBA50KEU6TR, STM32WBA50KGU6, STM32WBA50KGU6TR, STM32WBA52CEU6, STM32WBA52CEU6TR, STM32WBA52CEU7, STM32WBA52CEU7TR, STM32WBA52CGU6, STM32WBA52CGU6TR, STM32WBA52CGU6U, STM32WBA52CGU7, STM32WBA52CGU7TR, STM32WBA52KEU6, STM32WBA52KEU6TR, STM32WBA52KGU6, STM32WBA52KGU6TR, STM32WBA54CEU6, STM32WBA54CEU6TR, STM32WBA54CEU7, STM32WBA54CEU7TR, STM32WBA54CGU6, STM32WBA54CGU6TR, STM32WBA54CGU7, STM32WBA54CGU7TR, STM32WBA54KEU6, STM32WBA54KEU6TR, STM32WBA54KEU7, STM32WBA54KEU7TR, STM32WBA54KGU6, STM32WBA54KGU6TR, STM32WBA54KGU7, STM32WBA54KGU7TR, STM32WBA55CEU6, STM32WBA55CEU6TR, STM32WBA55CEU7, STM32WBA55CEU7TR, STM32WBA55CGU6, STM32WBA55CGU6TR, STM32WBA55CGU6U, STM32WBA55CGU7, STM32WBA55CGU7TR, STM32WBA55G-DK1, STM32WBA55HEF6, STM32WBA55HEF7, STM32WBA55HGF6, STM32WBA55HGF7, STM32WBA55UEI6, STM32WBA55UEI6TR, STM32WBA55UEI7, STM32WBA55UEI7TR, STM32WBA55UGI6, STM32WBA55UGI6TR, STM32WBA55UGI7, STM32WBA55UGI7TR, STM32WL5MOCH6, STM32WL5MOCH6TR]
2025-01-17 12:45:43,254 [INFO] DbMcus:218 - Found 4404 MCUs, 4404 are supported
2025-01-17 12:45:43,256 [INFO] ApiDb:423 - Load user favorites file C:\Users\tkach/.stm32cubeide/favorites.mcus.txt: 0 item(s)
2025-01-17 12:45:43,256 [INFO] ApiDb:427 - User favorites MCUs=[]
2025-01-17 12:45:43,256 [INFO] DbMcus:224 - Set 0 / 0 favorites MCUs
2025-01-17 12:45:43,871 [INFO] ApiDb:668 - CubeFinder database Data Model version=2.1
2025-01-17 12:45:43,871 [INFO] ApiDb:669 - CubeFinder database Configuration version=3.0.39
2025-01-17 12:45:43,871 [INFO] ApiDb:670 - CubeFinder database generation date=2024-12-10 (1733817889)
2025-01-17 12:45:43,871 [INFO] ApiDb:671 - CubeFinder database FW Pack versions=[FP-ATR-ASTRA1_V2.0.0, FP-SNS-FLIGHT1_V5.0.2, FP-SNS-MOTENV1_V5.0.0, FP-SNS-MOTENVWB1_V1.4.0, FP-SNS-SMARTAG2_V1.2.0, FP-SNS-STBOX1_V2.0.0, STM32Cube_FW_C0_V1.3.0, STM32Cube_FW_F4_V1.28.1, STM32Cube_FW_F7_V1.17.2, STM32Cube_FW_G0_V1.6.2, STM32Cube_FW_G4_V1.6.1, STM32Cube_FW_H5_V1.4.0, STM32Cube_FW_H7RS_V1.1.0, STM32Cube_FW_H7_V1.12.0, STM32Cube_FW_L0_V1.12.2, STM32Cube_FW_L4_V1.18.1, STM32Cube_FW_L5_V1.5.1, STM32Cube_FW_N6_V1.0.0, STM32Cube_FW_U0_V1.2.0, STM32Cube_FW_U3_V1.0.0, STM32Cube_FW_U5_V1.7.0, STM32Cube_FW_WB0_V1.1.0, STM32Cube_FW_WBA_V1.5.0, STM32Cube_FW_WB_V1.21.0, STM32Cube_FW_WL3_V1.0.0, STM32Cube_FW_WL_V1.3.0, X-CUBE-ALGOBUILD_V1.4.0, X-CUBE-ALS_V1.0.2, X-CUBE-AZRTOS-F4_V1.1.0, X-CUBE-AZRTOS-F7_V1.1.0, X-CUBE-AZRTOS-G0_V1.1.0, X-CUBE-AZRTOS-G4_V2.0.0, X-CUBE-AZRTOS-H7RS_V1.0.0, X-CUBE-AZRTOS-H7_V3.3.0, X-CUBE-AZRTOS-L4_V2.0.0, X-CUBE-AZRTOS-L5_V2.0.0, X-CUBE-AZRTOS-WB_V2.0.0, X-CUBE-AZRTOS-WL_V2.0.0, X-CUBE-BLE1_V7.0.0, X-CUBE-BLE2_V3.3.0, X-CUBE-BLEMGR_V3.1.0, X-CUBE-EEPRMA1_V5.1.0, X-CUBE-FREERTOS_V1.2.0, X-CUBE-GNSS1_V6.0.0, X-CUBE-MEMS1_V11.0.0, X-CUBE-NFC4_V3.0.0, X-CUBE-NFC7_V1.0.1, X-CUBE-SFXS2LP1_V4.0.0, X-CUBE-SUBG2_V5.0.0, X-CUBE-TOF1_V3.4.2]
2025-01-17 12:45:43,925 [INFO] DbBoardsSqlite:226 - include board P-NUCLEO-WB55-NUCLEO as a kit item of type 'Nucleo-64'
2025-01-17 12:45:43,925 [INFO] DbBoardsSqlite:226 - include board P-NUCLEO-WB55-USBDONGLE as a kit item of type 'Nucleo USB Dongle'
2025-01-17 12:45:43,925 [INFO] DbBoardsSqlite:226 - include board STEVAL-IDP005V1 as a kit item of type 'Evaluation Board'
2025-01-17 12:45:43,926 [INFO] DbBoardsSqlite:226 - include board STEVAL-IDP005V2 as a kit item of type 'Evaluation Board'
2025-01-17 12:45:43,995 [INFO] ApiDb:240 - Found 371 in-development CPN: [B-G473E-ZEST1S, B-WB1M-WPAN1, B-WL5M-SUBG1, NUCLEO-C031C6, NUCLEO-H503RB, NUCLEO-H563ZI, NUCLEO-U545RE-Q, NUCLEO-U5A5ZJ-Q, NUCLEO-WBA52CG, NUCLEO-WBA55CG, STEVAL-MKBOXPRO, STEVAL-PROTEUS1, STEVAL-STWINBX1, STM320518-EVAL, STM32C0116-DK, STM32C011D6Y3TR, STM32C011D6Y6TR, STM32C011F4P3, STM32C011F4P6, STM32C011F4U3, STM32C011F4U6TR, STM32C011F6P3, STM32C011F6P6, STM32C011F6U3, STM32C011F6U6TR, STM32C011J4M3, STM32C011J4M6, STM32C011J6M3, STM32C011J6M6, STM32C0316-DK, STM32C031C4T3, STM32C031C4T6, STM32C031C4U3, STM32C031C4U6, STM32C031C6T3, STM32C031C6T6, STM32C031C6U3, STM32C031C6U6, STM32C031F4P3, STM32C031F4P6, STM32C031F6P3, STM32C031F6P6, STM32C031G4U3, STM32C031G4U6, STM32C031G6U3, STM32C031G6U6, STM32C031K4T3, STM32C031K4T6, STM32C031K4U3, STM32C031K4U6, STM32C031K6T3, STM32C031K6T6, STM32C031K6U3, STM32C031K6U6, STM32G071K8TXN, STM32G071K8UXN, STM32G081GBU6N, STM32G081KBT6N, STM32G081KBUXN, STM32G0B1CCT6N, STM32G0B1KCT6, STM32G0B1NEY6TR, STM32G0B1RCT6N, STM32G0C1CCT6, STM32G0C1CCT6N, STM32G0C1CCU6N, STM32G0C1CET6N, STM32G0C1CEU6N, STM32G0C1KCT6, STM32G0C1NEY6TR, STM32G0C1RCI6N, STM32G0C1RCT6N, STM32G0C1REI6N, STM32G0C1RET6N, STM32G0C1VCI6, STM32G0C1VEI6, STM32G471CCT6, STM32G471CCU6, STM32G471CET3, STM32G471CET6, STM32G471CEU3, STM32G471CEU6, STM32G471MCT6, STM32G471MET3, STM32G471MET6, STM32G471MEY6TR, STM32G471QCT6, STM32G471QET3, STM32G471RCT6, STM32G471RET3, STM32G471RET6, STM32G471VCH6, STM32G471VCI6, STM32G471VCT6, STM32G471VEH3, STM32G471VEH6, STM32G471VEI3, STM32G471VEI6, STM32G471VET3, STM32G471VET6, STM32G474CCT6, STM32H503CBT6, STM32H503CBU6, STM32H503EBY6TR, STM32H503KBU6, STM32H503RBT6, STM32H562AGI6, STM32H562AII6, STM32H562IGK6, STM32H562IGT6, STM32H562IIK6, STM32H562IIT6, STM32H562RGT6, STM32H562RGV6, STM32H562RIT6, STM32H562RIV6, STM32H562VGT6, STM32H562VIT6, STM32H562ZGT6, STM32H562ZIT6, STM32H563AGI6, STM32H563AII3Q, STM32H563AII6, STM32H563IGK6, STM32H563IGT6, STM32H563IIK3Q, STM32H563IIK6, STM32H563IIT3Q, STM32H563IIT6, STM32H563MIY3QTR, STM32H563RGT6, STM32H563RGV6, STM32H563RIT6, STM32H563RIV6, STM32H563VGT6, STM32H563VIT3Q, STM32H563VIT6, STM32H563ZGT6, STM32H563ZIT3Q, STM32H563ZIT6, STM32H573AII3Q, STM32H573AII6, STM32H573I-DK, STM32H573IIK3Q, STM32H573IIK6, STM32H573IIT3Q, STM32H573IIT6, STM32H573MIY3QTR, STM32H573RIT6, STM32H573RIV6, STM32H573VIT3Q, STM32H573VIT6, STM32H573ZIT3Q, STM32H573ZIT6, STM32L4R5QGI6STR, STM32MP131AAE3, STM32MP131AAF3, STM32MP131AAG3, STM32MP131CAE3, STM32MP131CAF3, STM32MP131CAG3, STM32MP131DAE7, STM32MP131DAF7, STM32MP131DAG7, STM32MP131FAE7, STM32MP131FAF7, STM32MP131FAG7, STM32MP133AAE3, STM32MP133AAF3, STM32MP133AAG3, STM32MP133CAE3, STM32MP133CAF3, STM32MP133CAG3, STM32MP133DAE7, STM32MP133DAF7, STM32MP133DAG7, STM32MP133FAE7, STM32MP133FAF7, STM32MP133FAG7, STM32MP135AAE3, STM32MP135AAF3, STM32MP135AAG3, STM32MP135CAE3, STM32MP135CAF3, STM32MP135CAG3, STM32MP135DAE7, STM32MP135DAF7, STM32MP135DAG7, STM32MP135F-DK, STM32MP135FAE7, STM32MP135FAF7, STM32MP135FAF7T, STM32MP135FAF7U, STM32MP135FAG7, STM32U535CBT6, STM32U535CBT6Q, STM32U535CBU6, STM32U535CBU6Q, STM32U535CCT6, STM32U535CCT6Q, STM32U535CCU6, STM32U535CCU6Q, STM32U535CET6, STM32U535CET6Q, STM32U535CEU6, STM32U535CEU6Q, STM32U535JEY6QTR, STM32U535NCY6QTR, STM32U535NEY6QTR, STM32U535RBI6, STM32U535RBI6Q, STM32U535RBT6, STM32U535RBT6Q, STM32U535RCI6, STM32U535RCI6Q, STM32U535RCT6, STM32U535RCT6Q, STM32U535REI6, STM32U535REI6Q, STM32U535RET6, STM32U535RET6Q, STM32U535VCI6, STM32U535VCI6Q, STM32U535VCT6, STM32U535VCT6Q, STM32U535VEI6, STM32U535VEI6Q, STM32U535VET6, STM32U535VET6Q, STM32U545CET6, STM32U545CET6Q, STM32U545CEU6, STM32U545CEU6Q, STM32U545JEY6QTR, STM32U545NEY6QTR, STM32U545REI6, STM32U545REI6Q, STM32U545RET6, STM32U545RET6Q, STM32U545VEI6, STM32U545VEI6Q, STM32U545VET6, STM32U545VET6Q, STM32U595AIH6, STM32U595AIH6Q, STM32U595AJH6, STM32U595AJH6Q, STM32U595QII6, STM32U595QII6Q, STM32U595QJI6, STM32U595QJI6Q, STM32U595RIT6, STM32U595RIT6Q, STM32U595RJT6, STM32U595RJT6Q, STM32U595VIT6, STM32U595VIT6Q, STM32U595VJT6, STM32U595VJT6Q, STM32U595ZIT6, STM32U595ZIT6Q, STM32U595ZIY6QTR, STM32U595ZJT6, STM32U595ZJT6Q, STM32U595ZJY6QTR, STM32U599BJY6QTR, STM32U599NIH6Q, STM32U599NJH6Q, STM32U599VIT6Q, STM32U599VJT6, STM32U599VJT6Q, STM32U599ZIT6Q, STM32U599ZIY6QTR, STM32U599ZJT6Q, STM32U599ZJY6QTR, STM32U5A5AJH6, STM32U5A5AJH6Q, STM32U5A5QJI6, STM32U5A5QJI6Q, STM32U5A5RJT6, STM32U5A5RJT6Q, STM32U5A5VJT6, STM32U5A5VJT6Q, STM32U5A5ZJT6, STM32U5A5ZJT6Q, STM32U5A5ZJY6QTR, STM32U5A9BJY6QTR, STM32U5A9J-DK, STM32U5A9NJH6Q, STM32U5A9VJT6Q, STM32U5A9ZJT6Q, STM32U5A9ZJY6QTR, STM32U5F7VIT6, STM32U5F7VIT6Q, STM32U5F7VJT6, STM32U5F7VJT6Q, STM32U5F9BJY6QTR, STM32U5F9NJH6Q, STM32U5F9VIT6Q, STM32U5F9VJT6Q, STM32U5F9ZIJ6QTR, STM32U5F9ZIT6Q, STM32U5F9ZJJ6QTR, STM32U5F9ZJT6Q, STM32U5G7VJT6, STM32U5G7VJT6Q, STM32U5G9BJY6QTR, STM32U5G9J-DK1, STM32U5G9J-DK2, STM32U5G9NJH6Q, STM32U5G9VJT6Q, STM32U5G9ZJJ6QTR, STM32U5G9ZJT6Q, STM32WB1MMCH6, STM32WBA50KEU6, STM32WBA50KEU6TR, STM32WBA50KGU6, STM32WBA50KGU6TR, STM32WBA52CEU6, STM32WBA52CEU6TR, STM32WBA52CEU7, STM32WBA52CEU7TR, STM32WBA52CGU6, STM32WBA52CGU6TR, STM32WBA52CGU6U, STM32WBA52CGU7, STM32WBA52CGU7TR, STM32WBA52KEU6, STM32WBA52KEU6TR, STM32WBA52KGU6, STM32WBA52KGU6TR, STM32WBA54CEU6, STM32WBA54CEU6TR, STM32WBA54CEU7, STM32WBA54CEU7TR, STM32WBA54CGU6, STM32WBA54CGU6TR, STM32WBA54CGU7, STM32WBA54CGU7TR, STM32WBA54KEU6, STM32WBA54KEU6TR, STM32WBA54KEU7, STM32WBA54KEU7TR, STM32WBA54KGU6, STM32WBA54KGU6TR, STM32WBA54KGU7, STM32WBA54KGU7TR, STM32WBA55CEU6, STM32WBA55CEU6TR, STM32WBA55CEU7, STM32WBA55CEU7TR, STM32WBA55CGU6, STM32WBA55CGU6TR, STM32WBA55CGU6U, STM32WBA55CGU7, STM32WBA55CGU7TR, STM32WBA55G-DK1, STM32WBA55HEF6, STM32WBA55HEF7, STM32WBA55HGF6, STM32WBA55HGF7, STM32WBA55UEI6, STM32WBA55UEI6TR, STM32WBA55UEI7, STM32WBA55UEI7TR, STM32WBA55UGI6, STM32WBA55UGI6TR, STM32WBA55UGI7, STM32WBA55UGI7TR, STM32WL5MOCH6, STM32WL5MOCH6TR]
2025-01-17 12:45:44,065 [INFO] BoardInfo:889 - No configuration file found for board NUCLEO-C071RB
2025-01-17 12:45:44,066 [INFO] DbBoards:161 - Board is not supported: NUCLEO-C071RB
2025-01-17 12:45:44,145 [INFO] BoardInfo:889 - No configuration file found for board NUCLEO-H533RE
2025-01-17 12:45:44,145 [INFO] DbBoards:161 - Board is not supported: NUCLEO-H533RE
2025-01-17 12:45:44,165 [INFO] BoardInfo:889 - No configuration file found for board NUCLEO-H7S3L8
2025-01-17 12:45:44,166 [INFO] DbBoards:161 - Board is not supported: NUCLEO-H7S3L8
2025-01-17 12:45:44,206 [INFO] BoardInfo:889 - No configuration file found for board NUCLEO-N657X0-Q
2025-01-17 12:45:44,206 [INFO] DbBoards:161 - Board is not supported: NUCLEO-N657X0-Q
2025-01-17 12:45:44,208 [INFO] BoardInfo:889 - No configuration file found for board NUCLEO-U031R8
2025-01-17 12:45:44,208 [INFO] DbBoards:161 - Board is not supported: NUCLEO-U031R8
2025-01-17 12:45:44,210 [INFO] BoardInfo:889 - No configuration file found for board NUCLEO-U083RC
2025-01-17 12:45:44,210 [INFO] DbBoards:161 - Board is not supported: NUCLEO-U083RC
2025-01-17 12:45:44,219 [INFO] BoardInfo:889 - No configuration file found for board NUCLEO-WB05KZ
2025-01-17 12:45:44,219 [INFO] DbBoards:161 - Board is not supported: NUCLEO-WB05KZ
2025-01-17 12:45:44,221 [INFO] BoardInfo:889 - No configuration file found for board NUCLEO-WB07CC
2025-01-17 12:45:44,221 [INFO] DbBoards:161 - Board is not supported: NUCLEO-WB07CC
2025-01-17 12:45:44,223 [INFO] BoardInfo:889 - No configuration file found for board NUCLEO-WB09KE
2025-01-17 12:45:44,223 [INFO] DbBoards:161 - Board is not supported: NUCLEO-WB09KE
2025-01-17 12:45:44,271 [INFO] BoardInfo:889 - No configuration file found for board P-NUCLEO-WB55
2025-01-17 12:45:44,271 [INFO] DbBoards:161 - Kit is not supported: P-NUCLEO-WB55
2025-01-17 12:45:44,304 [INFO] BoardInfo:889 - No configuration file found for board STEVAL-BFA001V1B
2025-01-17 12:45:44,305 [INFO] DbBoards:161 - Kit is not supported: STEVAL-BFA001V1B
2025-01-17 12:45:44,309 [INFO] BoardInfo:889 - No configuration file found for board STEVAL-BFA001V2B
2025-01-17 12:45:44,310 [INFO] DbBoards:161 - Kit is not supported: STEVAL-BFA001V2B
2025-01-17 12:45:44,565 [INFO] BoardInfo:889 - No configuration file found for board STM32H7S78-DK
2025-01-17 12:45:44,565 [INFO] DbBoards:161 - Board is not supported: STM32H7S78-DK
2025-01-17 12:45:44,619 [INFO] BoardInfo:889 - No configuration file found for board STM32MP257F-DK
2025-01-17 12:45:44,619 [INFO] DbBoards:161 - Board is not supported: STM32MP257F-DK
2025-01-17 12:45:44,621 [INFO] BoardInfo:889 - No configuration file found for board STM32MP257F-EV1
2025-01-17 12:45:44,621 [INFO] DbBoards:161 - Board is not supported: STM32MP257F-EV1
2025-01-17 12:45:44,622 [INFO] BoardInfo:889 - No configuration file found for board STM32N6570-DK
2025-01-17 12:45:44,622 [INFO] DbBoards:161 - Board is not supported: STM32N6570-DK
2025-01-17 12:45:44,623 [INFO] BoardInfo:889 - No configuration file found for board STM32U083C-DK
2025-01-17 12:45:44,623 [INFO] DbBoards:161 - Board is not supported: STM32U083C-DK
2025-01-17 12:45:44,634 [INFO] DbBoards:168 - Found 203 boards, 186 are supported
2025-01-17 12:45:44,635 [INFO] DbBoards:169 - Found 203 boards, 3 of them is supported for  Bsp
2025-01-17 12:45:44,638 [INFO] ApiDb:423 - Load user favorites file C:\Users\tkach/.stm32cubeide/favorites.boards.txt: 0 item(s)
2025-01-17 12:45:44,638 [INFO] ApiDb:427 - User favorites Boards=[]
2025-01-17 12:45:44,638 [INFO] DbBoards:198 - Set 0 / 0 favorites Boards
2025-01-17 12:45:44,641 [INFO] ApiDb:668 - CubeFinder database Data Model version=2.1
2025-01-17 12:45:44,641 [INFO] ApiDb:669 - CubeFinder database Configuration version=3.0.39
2025-01-17 12:45:44,641 [INFO] ApiDb:670 - CubeFinder database generation date=2024-12-10 (1733817889)
2025-01-17 12:45:44,641 [INFO] ApiDb:671 - CubeFinder database FW Pack versions=[FP-ATR-ASTRA1_V2.0.0, FP-SNS-FLIGHT1_V5.0.2, FP-SNS-MOTENV1_V5.0.0, FP-SNS-MOTENVWB1_V1.4.0, FP-SNS-SMARTAG2_V1.2.0, FP-SNS-STBOX1_V2.0.0, STM32Cube_FW_C0_V1.3.0, STM32Cube_FW_F4_V1.28.1, STM32Cube_FW_F7_V1.17.2, STM32Cube_FW_G0_V1.6.2, STM32Cube_FW_G4_V1.6.1, STM32Cube_FW_H5_V1.4.0, STM32Cube_FW_H7RS_V1.1.0, STM32Cube_FW_H7_V1.12.0, STM32Cube_FW_L0_V1.12.2, STM32Cube_FW_L4_V1.18.1, STM32Cube_FW_L5_V1.5.1, STM32Cube_FW_N6_V1.0.0, STM32Cube_FW_U0_V1.2.0, STM32Cube_FW_U3_V1.0.0, STM32Cube_FW_U5_V1.7.0, STM32Cube_FW_WB0_V1.1.0, STM32Cube_FW_WBA_V1.5.0, STM32Cube_FW_WB_V1.21.0, STM32Cube_FW_WL3_V1.0.0, STM32Cube_FW_WL_V1.3.0, X-CUBE-ALGOBUILD_V1.4.0, X-CUBE-ALS_V1.0.2, X-CUBE-AZRTOS-F4_V1.1.0, X-CUBE-AZRTOS-F7_V1.1.0, X-CUBE-AZRTOS-G0_V1.1.0, X-CUBE-AZRTOS-G4_V2.0.0, X-CUBE-AZRTOS-H7RS_V1.0.0, X-CUBE-AZRTOS-H7_V3.3.0, X-CUBE-AZRTOS-L4_V2.0.0, X-CUBE-AZRTOS-L5_V2.0.0, X-CUBE-AZRTOS-WB_V2.0.0, X-CUBE-AZRTOS-WL_V2.0.0, X-CUBE-BLE1_V7.0.0, X-CUBE-BLE2_V3.3.0, X-CUBE-BLEMGR_V3.1.0, X-CUBE-EEPRMA1_V5.1.0, X-CUBE-FREERTOS_V1.2.0, X-CUBE-GNSS1_V6.0.0, X-CUBE-MEMS1_V11.0.0, X-CUBE-NFC4_V3.0.0, X-CUBE-NFC7_V1.0.1, X-CUBE-SFXS2LP1_V4.0.0, X-CUBE-SUBG2_V5.0.0, X-CUBE-TOF1_V3.4.2]
2025-01-17 12:45:45,372 [ERROR] DbExamplesSqlite:437 - Missing JSON key: board_cpn
2025-01-17 12:45:45,372 [ERROR] DbExamplesSqlite:437 - Missing JSON key: board_cpn
2025-01-17 12:45:45,372 [ERROR] DbExamplesSqlite:437 - Missing JSON key: board_cpn
2025-01-17 12:45:45,373 [ERROR] DbExamplesSqlite:437 - Missing JSON key: board_cpn
2025-01-17 12:45:45,529 [ERROR] DbExamplesSqlite:437 - Missing JSON key: board_cpn
2025-01-17 12:45:45,529 [ERROR] DbExamplesSqlite:437 - Missing JSON key: board_cpn
2025-01-17 12:45:45,531 [ERROR] DbExamplesSqlite:437 - Missing JSON key: board_cpn
2025-01-17 12:45:45,531 [ERROR] DbExamplesSqlite:437 - Missing JSON key: board_cpn
2025-01-17 12:45:45,532 [ERROR] DbExamplesSqlite:437 - Missing JSON key: board_cpn
2025-01-17 12:45:45,532 [ERROR] DbExamplesSqlite:437 - Missing JSON key: board_cpn
2025-01-17 12:45:45,532 [ERROR] DbExamplesSqlite:437 - Missing JSON key: board_cpn
2025-01-17 12:45:45,533 [ERROR] DbExamplesSqlite:437 - Missing JSON key: board_cpn
2025-01-17 12:45:45,533 [ERROR] DbExamplesSqlite:437 - Missing JSON key: board_cpn
2025-01-17 12:45:45,725 [INFO] DbExamplesSqlite:395 - Ignored 77 examples not supported by CubeIDE
2025-01-17 12:45:45,725 [INFO] DbExamplesSqlite:396 - Found 10474 examples active
2025-01-17 12:45:45,725 [INFO] DbExamplesSqlite:397 - Found 0 examples obsolete
2025-01-17 12:45:45,726 [INFO] DbExamplesSqlite:398 - Found 0 examples under development
2025-01-17 12:45:45,726 [INFO] DbExamplesSqlite:399 - Found 43 examples not building
2025-01-17 12:45:45,729 [INFO] DbExamples:125 - Found 10440 examples
2025-01-17 12:45:45,916 [ERROR] DbExamples:208 - Found 551 examples with invalid data (board or MCU)
2025-01-17 12:45:45,917 [INFO] DbExamples:222 - Found 126 boards with related examples
2025-01-17 12:45:45,918 [INFO] DbExamples:235 - Found 106 MCUs with related examples
2025-01-17 12:45:45,956 [INFO] ApiDb:423 - Load user favorites file C:\Users\tkach/.stm32cubeide/favorites.examples.txt: 0 item(s)
2025-01-17 12:45:45,956 [INFO] ApiDb:427 - User favorites Examples=[]
2025-01-17 12:45:45,956 [INFO] DbExamples:250 - Set 0 / 0 favorites Examples
2025-01-17 12:45:46,377 [INFO] McuFinderGlobals:76 - Set McuFinderConnectedMode to true
2025-01-17 12:45:46,391 [INFO] MultiScanPanel:200 - Auto-refresh data requested => check proxy status ongoing
2025-01-17 12:45:46,394 [INFO] FinderPluginLoader:95 - Searching for filters in installed packs
2025-01-17 12:45:48,254 [INFO] LoadUrlFilesThread:185 - End of LoadServerUrlFiles without Thread
2025-01-17 12:45:48,272 [INFO] DetailPanel:341 - Set advertising image to C:/Users/tkach/STM32Cube/Repository/\en.prom-stm32n6-mcu-finder.png
2025-01-17 13:06:35,113 [INFO] McuFinderGlobals:76 - Set McuFinderConnectedMode to true
2025-01-17 13:06:35,121 [INFO] ApiDb:448 - Save user favorites file C:\Users\tkach/.stm32cubeide/favorites.mcus.txt: 0 item(s)
2025-01-17 13:06:35,121 [INFO] ApiDb:452 - User favorites MCUs=[]
2025-01-17 13:06:38,346 [ERROR] LogOutputStream:75 - [STDERR_REDIRECT] 
