2024-05-18 16:37:03,087 [INFO] Activator:176 - 


2024-05-18 16:37:03,092 [INFO] Activator:177 - !SESSION log4j initialized
2024-05-18 16:37:08,514 [INFO] LogOutputStream:77 - [STDOUT_REDIRECT] 
2024-05-18 16:37:14,801 [INFO] ApplicationProperties:184 - Using Application install path: C:\ST\STM32CubeIDE_1.14.1\STM32CubeIDE\plugins\com.st.stm32cube.common.mx_6.10.0.202311202037
2024-05-18 16:37:14,820 [INFO] DbMcusXml:78 - Set database path to: C:\ST\STM32CubeIDE_1.14.1\STM32CubeIDE\plugins\com.st.stm32cube.common.mx_6.10.0.202311202037\\db\/mcu/
2024-05-18 16:37:14,820 [INFO] ApiDb:274 - Set plugin database path to: C:\ST\STM32CubeIDE_1.14.1\STM32CubeIDE\plugins\com.st.stm32cube.common.mx_6.10.0.202311202037\\db\/plugins/boardmanager/
2024-05-18 16:37:14,820 [WARN] ApiDb:259 - Overriding images path with different value:  => C:\ST\STM32CubeIDE_1.14.1\STM32CubeIDE\plugins\com.st.stm32cube.common.mx_6.10.0.202311202037\\db\/plugins/mcufinder/images/
2024-05-18 16:37:14,828 [INFO] ApiDb:250 - Set database path to: C:\Users\tkach\.stmcufinder\plugins\mcufinder//mcu/
2024-05-18 16:37:14,830 [INFO] DbMcusAds:125 - Set database path to: C:\Users\tkach\.stmcufinder\plugins\mcufinder//mcu/
2024-05-18 16:37:14,831 [INFO] CrossReferenceDbSqlite:203 - Set database path to: C:\Users\tkach\.stmcufinder\plugins\mcufinder//mcu/cs/
2024-05-18 16:37:14,935 [INFO] RulesReader:64 - Compatibility file has been processed (297 Rules)
2024-05-18 16:37:15,010 [INFO] DbMcusXml:78 - Set database path to: C:\ST\STM32CubeIDE_1.14.1\STM32CubeIDE\plugins\com.st.stm32cube.common.mx_6.10.0.202311202037\\db\/mcu/
2024-05-18 16:37:15,011 [INFO] ApiDb:274 - Set plugin database path to: C:\ST\STM32CubeIDE_1.14.1\STM32CubeIDE\plugins\com.st.stm32cube.common.mx_6.10.0.202311202037\\db\/plugins/boardmanager/
2024-05-18 16:37:15,011 [INFO] ApiDb:261 - Set plugin images path to: C:\ST\STM32CubeIDE_1.14.1\STM32CubeIDE\plugins\com.st.stm32cube.common.mx_6.10.0.202311202037\\db\/plugins/mcufinder/images/
2024-05-18 16:37:15,011 [WARN] DbFile:41 - Overriding database path with different value: C:\Users\tkach\.stmcufinder\plugins\mcufinder/ => C:\Users\tkach\.stmcufinder\plugins\mcufinder
2024-05-18 16:37:15,011 [INFO] ApiDb:250 - Set database path to: C:\Users\tkach\.stmcufinder\plugins\mcufinder//mcu/
2024-05-18 16:37:15,011 [WARN] DbFile:41 - Overriding database path with different value: C:\Users\tkach\.stmcufinder\plugins\mcufinder/ => C:\Users\tkach\.stmcufinder\plugins\mcufinder
2024-05-18 16:37:15,011 [INFO] DbMcusAds:125 - Set database path to: C:\Users\tkach\.stmcufinder\plugins\mcufinder//mcu/
2024-05-18 16:37:15,011 [WARN] DbFile:41 - Overriding database path with different value: C:\Users\tkach\.stmcufinder\plugins\mcufinder/ => C:\Users\tkach\.stmcufinder\plugins\mcufinder
2024-05-18 16:37:15,011 [WARN] DbFile:41 - Overriding database path with different value: C:\Users\tkach\.stmcufinder\plugins\mcufinder/ => C:\Users\tkach\.stmcufinder\plugins\mcufinder
2024-05-18 16:37:15,011 [INFO] CrossReferenceDbSqlite:203 - Set database path to: C:\Users\tkach\.stmcufinder\plugins\mcufinder//mcu/cs/
2024-05-18 16:37:15,079 [INFO] MainPanel:264 - HeapMemory: 268435456
2024-05-18 16:37:15,169 [INFO] DbMcusXml:78 - Set database path to: C:\ST\STM32CubeIDE_1.14.1\STM32CubeIDE\plugins\com.st.stm32cube.common.mx_6.10.0.202311202037\\db\/mcu/
2024-05-18 16:37:15,169 [INFO] ApiDb:274 - Set plugin database path to: C:\ST\STM32CubeIDE_1.14.1\STM32CubeIDE\plugins\com.st.stm32cube.common.mx_6.10.0.202311202037\\db\/plugins/boardmanager/
2024-05-18 16:37:15,169 [INFO] ApiDb:261 - Set plugin images path to: C:\ST\STM32CubeIDE_1.14.1\STM32CubeIDE\plugins\com.st.stm32cube.common.mx_6.10.0.202311202037\\db\/plugins/mcufinder/images/
2024-05-18 16:37:15,170 [WARN] DbFile:41 - Overriding database path with different value: C:\Users\tkach\.stmcufinder\plugins\mcufinder/ => C:\Users\tkach\.stmcufinder\plugins\mcufinder
2024-05-18 16:37:15,170 [INFO] ApiDb:250 - Set database path to: C:\Users\tkach\.stmcufinder\plugins\mcufinder//mcu/
2024-05-18 16:37:15,170 [WARN] DbFile:41 - Overriding database path with different value: C:\Users\tkach\.stmcufinder\plugins\mcufinder/ => C:\Users\tkach\.stmcufinder\plugins\mcufinder
2024-05-18 16:37:15,170 [INFO] DbMcusAds:125 - Set database path to: C:\Users\tkach\.stmcufinder\plugins\mcufinder//mcu/
2024-05-18 16:37:15,170 [WARN] DbFile:41 - Overriding database path with different value: C:\Users\tkach\.stmcufinder\plugins\mcufinder/ => C:\Users\tkach\.stmcufinder\plugins\mcufinder
2024-05-18 16:37:15,170 [WARN] DbFile:41 - Overriding database path with different value: C:\Users\tkach\.stmcufinder\plugins\mcufinder/ => C:\Users\tkach\.stmcufinder\plugins\mcufinder
2024-05-18 16:37:15,170 [INFO] CrossReferenceDbSqlite:203 - Set database path to: C:\Users\tkach\.stmcufinder\plugins\mcufinder//mcu/cs/
2024-05-18 16:37:15,186 [INFO] ApplicationProperties:184 - Using Application install path: C:\ST\STM32CubeIDE_1.14.1\STM32CubeIDE\plugins\com.st.stm32cube.common.mx_6.10.0.202311202037
2024-05-18 16:37:15,187 [INFO] PluginManage:196 - Search for loadable plugins [exclusion list=, ]
2024-05-18 16:37:15,189 [INFO] PluginManage:310 - Check plugin analytics
2024-05-18 16:37:19,875 [INFO] AnalyticsPlugin:253 - Accepted Software Licenses: 
2024-05-18 16:37:19,875 [INFO] AnalyticsPlugin:255 - Accepted CMSIS Pack Licenses: 
2024-05-18 16:37:19,875 [INFO] AnalyticsPlugin:257 - Accepted Firmware Licenses: 
2024-05-18 16:37:19,876 [INFO] PluginManage:359 - Loaded plugin analytics (category:tool,tabindex:-1)
2024-05-18 16:37:19,877 [INFO] PluginManage:310 - Check plugin cadmodel
2024-05-18 16:37:19,890 [INFO] CADModel:105 - Init CAD model plugin
2024-05-18 16:37:19,891 [INFO] PluginManage:359 - Loaded plugin cadmodel (category:power,tabindex:5)
2024-05-18 16:37:19,891 [INFO] PluginManage:310 - Check plugin clock
2024-05-18 16:37:19,914 [INFO] PluginManage:359 - Loaded plugin clock (category:base,tabindex:2)
2024-05-18 16:37:19,914 [INFO] PluginManage:310 - Check plugin ddr
2024-05-18 16:37:19,917 [INFO] PluginManage:359 - Loaded plugin ddr (category:tool,tabindex:6)
2024-05-18 16:37:19,917 [INFO] PluginManage:310 - Check plugin filemanager
2024-05-18 16:37:20,035 [INFO] PluginManage:359 - Loaded plugin filemanager (category:base,tabindex:10)
2024-05-18 16:37:20,035 [INFO] PluginManage:310 - Check plugin ipmanager
2024-05-18 16:37:20,041 [INFO] PluginManage:359 - Loaded plugin ipmanager (category:base,tabindex:5)
2024-05-18 16:37:20,041 [INFO] PluginManage:310 - Check plugin lpbam
2024-05-18 16:37:20,055 [INFO] PluginManage:359 - Loaded plugin lpbam (category:base,tabindex:0)
2024-05-18 16:37:20,055 [INFO] PluginManage:310 - Check plugin memorymap
2024-05-18 16:37:20,078 [INFO] PluginManage:359 - Loaded plugin memorymap (category:base,tabindex:4)
2024-05-18 16:37:20,078 [INFO] PluginManage:310 - Check plugin pinoutandconfiguration
2024-05-18 16:37:20,094 [INFO] PluginManage:359 - Loaded plugin pinoutandconfiguration (category:base,tabindex:1)
2024-05-18 16:37:20,094 [INFO] PluginManage:310 - Check plugin pinoutconfig
2024-05-18 16:37:20,182 [WARN] SupportedApi:132 - Cannot load RTOS API schema: s4s-elt-must-match.1: The content of 'definitions' must match (annotation?, (simpleType | complexType)?, (unique | key | keyref)*)). A problem was found starting at: attribute.
2024-05-18 16:37:20,287 [INFO] PluginManage:359 - Loaded plugin pinoutconfig (category:base,tabindex:0)
2024-05-18 16:37:20,287 [INFO] PluginManage:310 - Check plugin power
2024-05-18 16:37:20,307 [INFO] PluginManage:359 - Loaded plugin power (category:power,tabindex:4)
2024-05-18 16:37:20,308 [INFO] PluginManage:310 - Check plugin projectmanager
2024-05-18 16:37:20,321 [INFO] PluginManage:359 - Loaded plugin projectmanager (category:projectmanager,tabindex:3)
2024-05-18 16:37:20,321 [INFO] PluginManage:310 - Check plugin thirdparty
2024-05-18 16:37:20,595 [INFO] PluginManage:359 - Loaded plugin thirdparty (category:base,tabindex:-1)
2024-05-18 16:37:20,595 [WARN] IntegrityCheckThread:84 - waiting for thirdparty lock release [integrity check]
2024-05-18 16:37:20,595 [INFO] PluginManage:310 - Check plugin tools
2024-05-18 16:37:20,595 [INFO] IntegrityCheckThread:86 - entering critical section [integrity check]
2024-05-18 16:37:20,596 [INFO] ThirdPartyUpdaterWithRetryManager:70 - Updater plugin not ready yet. [1/15]
2024-05-18 16:37:20,626 [INFO] PluginManage:359 - Loaded plugin tools (category:base,tabindex:7)
2024-05-18 16:37:20,626 [INFO] PluginManage:310 - Check plugin tutovideos
2024-05-18 16:37:20,818 [INFO] PluginManage:359 - Loaded plugin tutovideos (category:base,tabindex:-1)
2024-05-18 16:37:20,819 [INFO] PluginManage:310 - Check plugin updater
2024-05-18 16:37:20,828 [INFO] PluginManage:359 - Loaded plugin updater (category:base,tabindex:12)
2024-05-18 16:37:20,828 [INFO] PluginManage:310 - Check plugin userauth
2024-05-18 16:37:20,833 [INFO] UserAuth:114 - Init User Auth plugin
2024-05-18 16:37:20,833 [INFO] PluginManage:359 - Loaded plugin userauth (category:base,tabindex:14)
2024-05-18 16:37:20,833 [INFO] PluginManage:283 - PluginManage : Loaded plugins [17]
2024-05-18 16:37:21,037 [INFO] PinOutPanel:1499 - setPackage(No Configuration,No Configuration)
2024-05-18 16:37:21,099 [INFO] CADModel:165 - CPN selected for project level
2024-05-18 16:37:21,099 [INFO] CADModel:114 - Register for checkConnection events
2024-05-18 16:37:21,122 [INFO] IPUIPlugin:80 - create IPUIPlugin
2024-05-18 16:37:21,122 [INFO] PluginManager:220 - loadIPPluginJar : add adc
2024-05-18 16:37:21,154 [INFO] IPUIPlugin:80 - create IPUIPlugin
2024-05-18 16:37:21,154 [INFO] PluginManager:220 - loadIPPluginJar : add aes
2024-05-18 16:37:21,187 [INFO] IPUIPlugin:80 - create IPUIPlugin
2024-05-18 16:37:21,187 [INFO] PluginManager:220 - loadIPPluginJar : add can
2024-05-18 16:37:21,206 [INFO] IPUIPlugin:80 - create IPUIPlugin
2024-05-18 16:37:21,206 [INFO] PluginManager:220 - loadIPPluginJar : add comp
2024-05-18 16:37:21,233 [INFO] IPUIPlugin:80 - create IPUIPlugin
2024-05-18 16:37:21,233 [INFO] PluginManager:220 - loadIPPluginJar : add cryp
2024-05-18 16:37:21,257 [INFO] IPUIPlugin:80 - create IPUIPlugin
2024-05-18 16:37:21,257 [INFO] PluginManager:220 - loadIPPluginJar : add dfsdm
2024-05-18 16:37:21,270 [INFO] IPUIPlugin:80 - create IPUIPlugin
2024-05-18 16:37:21,271 [INFO] PluginManager:220 - loadIPPluginJar : add dma
2024-05-18 16:37:21,305 [INFO] IPUIPlugin:80 - create IPUIPlugin
2024-05-18 16:37:21,305 [INFO] PluginManager:220 - loadIPPluginJar : add dma3
2024-05-18 16:37:21,322 [INFO] IPUIPlugin:80 - create IPUIPlugin
2024-05-18 16:37:21,322 [INFO] PluginManager:220 - loadIPPluginJar : add fatfs
2024-05-18 16:37:21,361 [INFO] IPUIPlugin:80 - create IPUIPlugin
2024-05-18 16:37:21,361 [INFO] PluginManager:220 - loadIPPluginJar : add fmc
2024-05-18 16:37:21,374 [INFO] IPUIPlugin:80 - create IPUIPlugin
2024-05-18 16:37:21,374 [INFO] PluginManager:220 - loadIPPluginJar : add freertos
2024-05-18 16:37:21,391 [INFO] IPUIPlugin:80 - create IPUIPlugin
2024-05-18 16:37:21,391 [INFO] PluginManager:220 - loadIPPluginJar : add genericplugin
2024-05-18 16:37:21,466 [INFO] IPUIPlugin:80 - create IPUIPlugin
2024-05-18 16:37:21,467 [INFO] PluginManager:220 - loadIPPluginJar : add gfxmmu
2024-05-18 16:37:21,572 [INFO] IPUIPlugin:80 - create IPUIPlugin
2024-05-18 16:37:21,573 [INFO] PluginManager:220 - loadIPPluginJar : add gic
2024-05-18 16:37:21,593 [INFO] IPUIPlugin:80 - create IPUIPlugin
2024-05-18 16:37:21,594 [INFO] PluginManager:220 - loadIPPluginJar : add gpio
2024-05-18 16:37:21,667 [INFO] IPUIPlugin:80 - create IPUIPlugin
2024-05-18 16:37:21,668 [INFO] PluginManager:220 - loadIPPluginJar : add gtzc
2024-05-18 16:37:21,716 [INFO] IPUIPlugin:80 - create IPUIPlugin
2024-05-18 16:37:21,716 [INFO] PluginManager:220 - loadIPPluginJar : add hash
2024-05-18 16:37:21,757 [INFO] IPUIPlugin:80 - create IPUIPlugin
2024-05-18 16:37:21,757 [INFO] PluginManager:220 - loadIPPluginJar : add i2c
2024-05-18 16:37:21,789 [INFO] IPUIPlugin:80 - create IPUIPlugin
2024-05-18 16:37:21,789 [INFO] PluginManager:220 - loadIPPluginJar : add i2s
2024-05-18 16:37:21,823 [INFO] IPUIPlugin:80 - create IPUIPlugin
2024-05-18 16:37:21,824 [INFO] PluginManager:220 - loadIPPluginJar : add i3c
2024-05-18 16:37:21,909 [INFO] IPUIPlugin:80 - create IPUIPlugin
2024-05-18 16:37:21,909 [INFO] PluginManager:220 - loadIPPluginJar : add ipddr
2024-05-18 16:37:21,983 [INFO] IPUIPlugin:80 - create IPUIPlugin
2024-05-18 16:37:21,983 [INFO] PluginManager:220 - loadIPPluginJar : add linkedlist
2024-05-18 16:37:22,012 [INFO] IPUIPlugin:80 - create IPUIPlugin
2024-05-18 16:37:22,012 [INFO] PluginManager:220 - loadIPPluginJar : add lorawan
2024-05-18 16:37:22,043 [INFO] IPUIPlugin:80 - create IPUIPlugin
2024-05-18 16:37:22,043 [INFO] PluginManager:220 - loadIPPluginJar : add ltdc
2024-05-18 16:37:22,055 [INFO] IPUIPlugin:80 - create IPUIPlugin
2024-05-18 16:37:22,055 [INFO] PluginManager:220 - loadIPPluginJar : add mdma
2024-05-18 16:37:22,065 [INFO] IPUIPlugin:80 - create IPUIPlugin
2024-05-18 16:37:22,065 [INFO] PluginManager:220 - loadIPPluginJar : add nvic
2024-05-18 16:37:22,095 [INFO] IPUIPlugin:80 - create IPUIPlugin
2024-05-18 16:37:22,095 [INFO] PluginManager:220 - loadIPPluginJar : add opamp
2024-05-18 16:37:22,143 [INFO] IPUIPlugin:80 - create IPUIPlugin
2024-05-18 16:37:22,143 [INFO] PluginManager:220 - loadIPPluginJar : add openamp
2024-05-18 16:37:22,179 [INFO] IPUIPlugin:80 - create IPUIPlugin
2024-05-18 16:37:22,180 [INFO] PluginManager:220 - loadIPPluginJar : add pdm2pcm
2024-05-18 16:37:22,191 [INFO] IPUIPlugin:80 - create IPUIPlugin
2024-05-18 16:37:22,193 [INFO] PluginManager:220 - loadIPPluginJar : add plateformsettings
2024-05-18 16:37:22,212 [INFO] IPUIPlugin:80 - create IPUIPlugin
2024-05-18 16:37:22,212 [INFO] PluginManager:220 - loadIPPluginJar : add quadspi
2024-05-18 16:37:22,223 [INFO] IPUIPlugin:80 - create IPUIPlugin
2024-05-18 16:37:22,223 [INFO] PluginManager:220 - loadIPPluginJar : add resmgrutility
2024-05-18 16:37:22,266 [INFO] IPUIPlugin:80 - create IPUIPlugin
2024-05-18 16:37:22,266 [INFO] PluginManager:220 - loadIPPluginJar : add sai
2024-05-18 16:37:22,295 [INFO] IPUIPlugin:80 - create IPUIPlugin
2024-05-18 16:37:22,295 [INFO] PluginManager:220 - loadIPPluginJar : add spi
2024-05-18 16:37:22,352 [INFO] IPUIPlugin:80 - create IPUIPlugin
2024-05-18 16:37:22,352 [INFO] PluginManager:220 - loadIPPluginJar : add stm32_wpan
2024-05-18 16:37:22,371 [INFO] IPUIPlugin:80 - create IPUIPlugin
2024-05-18 16:37:22,371 [INFO] PluginManager:220 - loadIPPluginJar : add tim
2024-05-18 16:37:22,416 [INFO] IPUIPlugin:80 - create IPUIPlugin
2024-05-18 16:37:22,416 [INFO] PluginManager:220 - loadIPPluginJar : add touchsensing
2024-05-18 16:37:22,435 [INFO] IPUIPlugin:80 - create IPUIPlugin
2024-05-18 16:37:22,435 [INFO] PluginManager:220 - loadIPPluginJar : add tracer_emb
2024-05-18 16:37:22,454 [INFO] IPUIPlugin:80 - create IPUIPlugin
2024-05-18 16:37:22,454 [INFO] PluginManager:220 - loadIPPluginJar : add ts
2024-05-18 16:37:22,472 [INFO] IPUIPlugin:80 - create IPUIPlugin
2024-05-18 16:37:22,472 [INFO] PluginManager:220 - loadIPPluginJar : add tsc
2024-05-18 16:37:22,490 [INFO] IPUIPlugin:80 - create IPUIPlugin
2024-05-18 16:37:22,491 [INFO] PluginManager:220 - loadIPPluginJar : add ucpd
2024-05-18 16:37:22,526 [INFO] IPUIPlugin:80 - create IPUIPlugin
2024-05-18 16:37:22,527 [INFO] PluginManager:220 - loadIPPluginJar : add usart
2024-05-18 16:37:22,562 [INFO] IPUIPlugin:80 - create IPUIPlugin
2024-05-18 16:37:22,562 [INFO] PluginManager:220 - loadIPPluginJar : add usbx
2024-05-18 16:37:22,682 [INFO] CADModel:165 - CPN selected for project level
2024-05-18 16:37:22,683 [INFO] CADModel:114 - Register for checkConnection events
2024-05-18 16:37:22,683 [FATAL] Updater:308 - Updater called before beeing initialized
2024-05-18 16:37:22,684 [ERROR] CADModel:125 - Updater not yet initialized, retry later 
2024-05-18 16:37:22,829 [INFO] CADModel:165 - CPN selected for project level
2024-05-18 16:37:22,829 [INFO] CADModel:114 - Register for checkConnection events
2024-05-18 16:37:22,829 [FATAL] Updater:308 - Updater called before beeing initialized
2024-05-18 16:37:22,829 [ERROR] CADModel:125 - Updater not yet initialized, retry later 
2024-05-18 16:37:22,832 [FATAL] Updater:308 - Updater called before beeing initialized
2024-05-18 16:37:22,950 [FATAL] Updater:308 - Updater called before beeing initialized
2024-05-18 16:37:22,958 [INFO] DbMcusAds:53 - JSON generation date=Thu May 02 11:37:29 EEST 2024 (1714639049318)
2024-05-18 16:37:22,958 [FATAL] Updater:308 - Updater called before beeing initialized
2024-05-18 16:37:23,027 [WARN] DetailPanel:346 - Failed to get advertising image, set to default
2024-05-18 16:37:23,102 [FATAL] Updater:308 - Updater called before beeing initialized
2024-05-18 16:37:23,104 [FATAL] Updater:308 - Updater called before beeing initialized
2024-05-18 16:37:23,104 [FATAL] Updater:308 - Updater called before beeing initialized
2024-05-18 16:37:23,104 [WARN] DetailPanel:346 - Failed to get advertising image, set to default
2024-05-18 16:37:23,105 [FATAL] Updater:308 - Updater called before beeing initialized
2024-05-18 16:37:23,155 [ERROR] Updater:1120 - MainUpdater not yet initialized. External WinMGr cannot be set.
2024-05-18 16:37:23,164 [INFO] Updater:1056 - Updater Version found : 6.10.0
2024-05-18 16:37:23,179 [INFO] ApplicationProperties:184 - Using Application install path: C:\ST\STM32CubeIDE_1.14.1\STM32CubeIDE\plugins\com.st.stm32cube.common.mx_6.10.0.202311202037
2024-05-18 16:37:23,596 [INFO] ThirdPartyUpdaterWithRetryManager:70 - Updater plugin not ready yet. [2/15]
2024-05-18 16:37:24,767 [ERROR] LogOutputStream:75 - [STDERR_REDIRECT] May 18, 2024 4:37:24 PM java.util.prefs.WindowsPreferences <init>
2024-05-18 16:37:24,768 [ERROR] LogOutputStream:75 - [STDERR_REDIRECT] WARNING: Could not open/create prefs root node Software\JavaSoft\Prefs at root 0xffffffff80000002. Windows RegCreateKeyEx(...) returned error code 5.
2024-05-18 16:37:24,768 [ERROR] LogOutputStream:75 - [STDERR_REDIRECT] 
2024-05-18 16:37:25,152 [INFO] MainUpdater:2873 - connection check result : 10
2024-05-18 16:37:25,152 [INFO] MainUpdater:290 - Updater Check For Update Now.
2024-05-18 16:37:25,152 [INFO] MicroXplorer:498 - Change Database Version : DB.6.0.100
2024-05-18 16:37:25,165 [INFO] McuFinderGlobals:63 - Set McuFinder mode to 2 (CubeIDE integrated)
2024-05-18 16:37:25,363 [INFO] CheckServerUpdateThread:120 - End of CheckServer Thread
2024-05-18 16:37:25,776 [INFO] UserAuth:404 - Internet connection configuration mode: 1
2024-05-18 16:37:25,813 [INFO] JxBrowserEngine:152 - Initiate JxBrowser Engine with user profile folder
2024-05-18 16:37:26,776 [WARN] PackLoader:240 - Cannot read IP mode file for STMicroelectronics.FP-SNS-MOTENVWB1.1.4.0
2024-05-18 16:37:26,790 [WARN] PackLoader:240 - Cannot read IP mode file for STMicroelectronics.X-CUBE-SMBUS.2.1.0
2024-05-18 16:37:26,800 [WARN] PackLoader:240 - Cannot read IP mode file for STMicroelectronics.X-CUBE-TOUCHGFX.4.23.0
2024-05-18 16:37:26,809 [WARN] PackLoader:240 - Cannot read IP mode file for STMicroelectronics.X-CUBE-TOUCHGFX.4.23.2
2024-05-18 16:37:26,842 [WARN] PackLoader:240 - Cannot read IP mode file for STMicroelectronics.X-CUBE-AZRTOS-F7.1.1.0
2024-05-18 16:37:26,860 [WARN] PackLoader:240 - Cannot read IP mode file for STMicroelectronics.FP-SNS-MOTENV1.4.3.2
2024-05-18 16:37:26,876 [WARN] PackLoader:240 - Cannot read IP mode file for STMicroelectronics.FP-SNS-FLIGHT1.5.0.2
2024-05-18 16:37:26,893 [WARN] PackLoader:240 - Cannot read IP mode file for STMicroelectronics.X-CUBE-DISPLAY.3.0.0
2024-05-18 16:37:26,911 [WARN] PackLoader:240 - Cannot read IP mode file for STMicroelectronics.X-CUBE-BLE1.7.0.0
2024-05-18 16:37:26,925 [WARN] PackLoader:240 - Cannot read IP mode file for emotas.I-CUBE-CANOPEN.1.3.0
2024-05-18 16:37:26,945 [WARN] PackLoader:240 - Cannot read IP mode file for STMicroelectronics.X-CUBE-BLEMGR.3.1.0
2024-05-18 16:37:26,959 [WARN] PackLoader:240 - Cannot read IP mode file for STMicroelectronics.FP-SNS-SMARTAG2.1.2.0
2024-05-18 16:37:26,981 [INFO] LogOutputStream:77 - [STDOUT_REDIRECT] 1 : Invalid condition id : UX_CORESTACK_Condition cause : null
2024-05-18 16:37:26,981 [INFO] LogOutputStream:77 - [STDOUT_REDIRECT] 1 : Invalid condition id : UX_CORESTACK_Condition cause : null
2024-05-18 16:37:26,983 [INFO] LogOutputStream:77 - [STDOUT_REDIRECT] 1 : Invalid condition id : UX_CORESTACK_Condition cause : null
2024-05-18 16:37:26,984 [INFO] LogOutputStream:77 - [STDOUT_REDIRECT] 1 : Invalid condition id : UX_CORESTACK_Condition cause : null
2024-05-18 16:37:26,985 [INFO] LogOutputStream:77 - [STDOUT_REDIRECT] 1 : Invalid condition id : UX_CORESTACK_Condition cause : null
2024-05-18 16:37:26,988 [WARN] PackLoader:240 - Cannot read IP mode file for STMicroelectronics.X-CUBE-AZRTOS-WL.2.0.0
2024-05-18 16:37:26,998 [WARN] PackLoader:240 - Cannot read IP mode file for STMicroelectronics.FP-SNS-MOTENV1.5.0.0
2024-05-18 16:37:27,012 [WARN] PackLoader:240 - Cannot read IP mode file for WES.I-CUBE-Cesium.1.3.0
2024-05-18 16:37:27,022 [WARN] PackLoader:240 - Cannot read IP mode file for STMicroelectronics.X-CUBE-BLE2.3.3.0
2024-05-18 16:37:27,034 [WARN] PackLoader:240 - Cannot read IP mode file for STMicroelectronics.X-CUBE-TCPP.4.1.0
2024-05-18 16:37:27,048 [WARN] PackLoader:240 - Cannot read IP mode file for STMicroelectronics.X-CUBE-ALGOBUILD.1.3.0
2024-05-18 16:37:27,074 [WARN] PackLoader:240 - Cannot read IP mode file for STMicroelectronics.X-CUBE-AZRTOS-G0.1.1.0
2024-05-18 16:37:27,092 [WARN] PackLoader:240 - Cannot read IP mode file for STMicroelectronics.X-CUBE-SAFEA1.1.2.2
2024-05-18 16:37:27,108 [WARN] PackLoader:240 - Cannot read IP mode file for STMicroelectronics.X-CUBE-NFC4.3.0.0
2024-05-18 16:37:27,122 [WARN] PackLoader:240 - Cannot read IP mode file for STMicroelectronics.X-CUBE-BLEMGR.3.0.0
2024-05-18 16:37:27,135 [WARN] PackLoader:240 - Cannot read IP mode file for STMicroelectronics.FP-ATR-SIGFOX1.3.2.0
2024-05-18 16:37:27,148 [WARN] PackLoader:240 - Cannot read IP mode file for STMicroelectronics.X-CUBE-EEPRMA1.5.1.0
2024-05-18 16:37:27,193 [WARN] PackLoader:240 - Cannot read IP mode file for SEGGER.I-CUBE-embOS.1.3.1
2024-05-18 16:37:27,250 [WARN] PackLoader:240 - Cannot read IP mode file for STMicroelectronics.X-CUBE-ALGOBUILD.1.4.0
2024-05-18 16:37:27,267 [WARN] PackLoader:240 - Cannot read IP mode file for STMicroelectronics.X-CUBE-GNSS1.6.0.0
2024-05-18 16:37:27,291 [WARN] PackLoader:240 - Cannot read IP mode file for STMicroelectronics.X-CUBE-AZRTOS-F4.1.1.0
2024-05-18 16:37:27,307 [WARN] PackLoader:240 - Cannot read IP mode file for STMicroelectronics.X-CUBE-FREERTOS.1.2.0
2024-05-18 16:37:27,321 [WARN] PackLoader:240 - Cannot read IP mode file for wolfSSL.I-CUBE-wolfSSL.5.6.6
2024-05-18 16:37:27,351 [WARN] PackLoader:240 - Cannot read IP mode file for STMicroelectronics.X-CUBE-AZRTOS-L5.2.0.0
2024-05-18 16:37:27,366 [WARN] PackLoader:240 - Cannot read IP mode file for STMicroelectronics.X-CUBE-EEPRMA1.4.2.0
2024-05-18 16:37:27,383 [WARN] PackLoader:240 - Cannot read IP mode file for STMicroelectronics.X-CUBE-NFC6.3.1.0
2024-05-18 16:37:27,397 [WARN] PackLoader:240 - Cannot read IP mode file for ITTIA_DB.I-CUBE-ITTIADB.8.8.0
2024-05-18 16:37:27,407 [WARN] PackLoader:240 - Cannot read IP mode file for STMicroelectronics.X-CUBE-AI.9.0.0
2024-05-18 16:37:27,419 [WARN] PackLoader:240 - Cannot read IP mode file for STMicroelectronics.X-CUBE-NFC7.1.0.1
2024-05-18 16:37:27,430 [WARN] PackLoader:240 - Cannot read IP mode file for STMicroelectronics.X-CUBE-NFC6.3.0.0
2024-05-18 16:37:27,445 [WARN] PackLoader:240 - Cannot read IP mode file for STMicroelectronics.X-CUBE-AI.8.1.0
2024-05-18 16:37:27,474 [WARN] ConditionMgr:438 - getConditionDescription Invalid condition id : LAN8742 Phy interface Condition cause : null
2024-05-18 16:37:27,474 [WARN] PackLoader:240 - Cannot read IP mode file for STMicroelectronics.X-CUBE-AZRTOS-L4.2.0.0
2024-05-18 16:37:27,476 [WARN] ConditionMgr:1039 - genDependencies : Invalid condition id : LAN8742 Phy interface Condition cause : null
2024-05-18 16:37:27,476 [WARN] ConditionMgr:1039 - genDependencies : Invalid condition id : LAN8742 Phy interface Condition cause : null
2024-05-18 16:37:27,477 [WARN] ConditionMgr:1039 - genDependencies : Invalid condition id : LAN8742 Phy interface Condition cause : null
2024-05-18 16:37:27,494 [WARN] PackLoader:240 - Cannot read IP mode file for STMicroelectronics.X-CUBE-SFXS2LP1.4.0.0
2024-05-18 16:37:27,521 [WARN] ConditionMgr:438 - getConditionDescription Invalid condition id : UX DEVICE CLASS RTOS Condition cause : null
2024-05-18 16:37:27,522 [WARN] ConditionMgr:438 - getConditionDescription Invalid condition id : UX DEVICE CLASS RTOS Condition cause : null
2024-05-18 16:37:27,524 [WARN] PackLoader:240 - Cannot read IP mode file for STMicroelectronics.X-CUBE-AZRTOS-WB.2.0.0
2024-05-18 16:37:27,524 [WARN] ConditionMgr:1039 - genDependencies : Invalid condition id : UX DEVICE CLASS RTOS Condition cause : null
2024-05-18 16:37:27,524 [WARN] ConditionMgr:1039 - genDependencies : Invalid condition id : UX DEVICE CLASS RTOS Condition cause : null
2024-05-18 16:37:27,525 [WARN] ConditionMgr:1039 - genDependencies : Invalid condition id : UX DEVICE CLASS RTOS Condition cause : null
2024-05-18 16:37:27,525 [WARN] ConditionMgr:1039 - genDependencies : Invalid condition id : UX DEVICE CLASS RTOS Condition cause : null
2024-05-18 16:37:27,525 [WARN] ConditionMgr:1039 - genDependencies : Invalid condition id : UX DEVICE CLASS RTOS Condition cause : null
2024-05-18 16:37:27,547 [WARN] PackLoader:240 - Cannot read IP mode file for STMicroelectronics.X-CUBE-SUBG2.5.0.0
2024-05-18 16:37:27,579 [WARN] PackLoader:240 - Cannot read IP mode file for STMicroelectronics.X-CUBE-AZRTOS-G4.2.0.0
2024-05-18 16:37:27,603 [WARN] PackLoader:240 - Cannot read IP mode file for Infineon.AIROC-Wi-Fi-Bluetooth-STM32.1.5.1
2024-05-18 16:37:27,616 [WARN] PackLoader:240 - Cannot read IP mode file for STMicroelectronics.FP-SNS-MOTENVWB1.1.3.1
2024-05-18 16:37:27,634 [WARN] PackLoader:240 - Cannot read IP mode file for STMicroelectronics.X-CUBE-ISPU.2.0.0
2024-05-18 16:37:27,698 [WARN] PackLoader:240 - Cannot read IP mode file for STMicroelectronics.X-CUBE-MEMS1.10.0.0
2024-05-18 16:37:27,853 [WARN] PackLoader:240 - Cannot read IP mode file for STMicroelectronics.X-CUBE-FREERTOS.1.1.0
2024-05-18 16:37:27,867 [WARN] PackLoader:240 - Cannot read IP mode file for portGmbH.I-Cube-SoM-uGOAL.1.1.0
2024-05-18 16:37:27,882 [WARN] PackLoader:240 - Cannot read IP mode file for STMicroelectronics.X-CUBE-ALS.1.0.1
2024-05-18 16:37:27,908 [WARN] PackLoader:240 - Cannot read IP mode file for STMicroelectronics.X-CUBE-AZRTOS-H7RS.1.0.0
2024-05-18 16:37:27,919 [WARN] PackLoader:240 - Cannot read IP mode file for STMicroelectronics.FP-ATR-ASTRA1.2.0.0
2024-05-18 16:37:27,938 [WARN] PackLoader:240 - Cannot read IP mode file for STMicroelectronics.X-CUBE-TOF1.3.4.0
2024-05-18 16:37:27,968 [WARN] PackLoader:240 - Cannot read IP mode file for STMicroelectronics.X-CUBE-TOF1.3.4.1
2024-05-18 16:37:28,003 [WARN] PackLoader:240 - Cannot read IP mode file for STMicroelectronics.X-CUBE-AZRTOS-H7.3.2.0
2024-05-18 16:37:28,005 [INFO] ThirdParty:978 - Integrity check success = true
2024-05-18 16:37:28,005 [INFO] IntegrityCheckThread:100 - exiting critical section [integrity check]
2024-05-18 16:37:28,005 [INFO] IntegrityCheckThread:103 - End integrity checks thread
2024-05-18 16:37:28,975 [INFO] WebApp:161 - Instantiating new browser for Auth
2024-05-18 16:37:29,461 [INFO] WebApp:780 - Register for checkConnection events
2024-05-18 16:37:29,461 [INFO] WebApp:414 - Apply proxy settings
2024-05-18 16:37:29,461 [INFO] WebApp:499 - Chromium requires no authentication
2024-05-18 16:37:29,467 [INFO] WebApp:442 - Direct internet connection detected
2024-05-18 16:37:29,608 [INFO] WebApp:192 - Starting web application
2024-05-18 16:37:29,608 [INFO] WebApp:544 - Web application path used C:\ST\STM32CubeIDE_1.14.1\STM32CubeIDE\plugins\com.st.stm32cube.common.mx_6.10.0.202311202037\db\plugins\mcufinder\reactClient1\index.html
2024-05-18 16:37:50,410 [ERROR] LogOutputStream:75 - [STDERR_REDIRECT] SLF4J: Failed to load class "org.slf4j.impl.StaticLoggerBinder".
2024-05-18 16:37:50,411 [ERROR] LogOutputStream:75 - [STDERR_REDIRECT] SLF4J: Defaulting to no-operation (NOP) logger implementation
2024-05-18 16:37:50,412 [ERROR] LogOutputStream:75 - [STDERR_REDIRECT] SLF4J: See http://www.slf4j.org/codes.html#StaticLoggerBinder for further details.
2024-05-18 18:15:49,769 [ERROR] LogOutputStream:75 - [STDERR_REDIRECT] 
