2024-02-21 19:56:37,112 [INFO] Activator:176 - 


2024-02-21 19:56:37,114 [INFO] Activator:177 - !SESSION log4j initialized
2024-02-21 19:56:39,218 [INFO] LogOutputStream:77 - [STDOUT_REDIRECT] 
2024-02-21 19:56:45,672 [INFO] ApplicationProperties:184 - Using Application install path: C:\ST\STM32CubeIDE_1.14.1\STM32CubeIDE\plugins\com.st.stm32cube.common.mx_6.10.0.202311202037
2024-02-21 19:56:45,686 [INFO] DbMcusXml:78 - Set database path to: C:\ST\STM32CubeIDE_1.14.1\STM32CubeIDE\plugins\com.st.stm32cube.common.mx_6.10.0.202311202037\\db\/mcu/
2024-02-21 19:56:45,687 [INFO] ApiDb:274 - Set plugin database path to: C:\ST\STM32CubeIDE_1.14.1\STM32CubeIDE\plugins\com.st.stm32cube.common.mx_6.10.0.202311202037\\db\/plugins/boardmanager/
2024-02-21 19:56:45,688 [WARN] ApiDb:259 - Overriding images path with different value:  => C:\ST\STM32CubeIDE_1.14.1\STM32CubeIDE\plugins\com.st.stm32cube.common.mx_6.10.0.202311202037\\db\/plugins/mcufinder/images/
2024-02-21 19:56:45,692 [INFO] ApiDb:250 - Set database path to: C:\Users\tkach\.stmcufinder\plugins\mcufinder//mcu/
2024-02-21 19:56:45,693 [INFO] DbMcusAds:125 - Set database path to: C:\Users\tkach\.stmcufinder\plugins\mcufinder//mcu/
2024-02-21 19:56:45,695 [INFO] CrossReferenceDbSqlite:203 - Set database path to: C:\Users\tkach\.stmcufinder\plugins\mcufinder//mcu/cs/
2024-02-21 19:56:45,781 [INFO] RulesReader:64 - Compatibility file has been processed (297 Rules)
2024-02-21 19:56:45,844 [INFO] DbMcusXml:78 - Set database path to: C:\ST\STM32CubeIDE_1.14.1\STM32CubeIDE\plugins\com.st.stm32cube.common.mx_6.10.0.202311202037\\db\/mcu/
2024-02-21 19:56:45,845 [INFO] ApiDb:274 - Set plugin database path to: C:\ST\STM32CubeIDE_1.14.1\STM32CubeIDE\plugins\com.st.stm32cube.common.mx_6.10.0.202311202037\\db\/plugins/boardmanager/
2024-02-21 19:56:45,845 [INFO] ApiDb:261 - Set plugin images path to: C:\ST\STM32CubeIDE_1.14.1\STM32CubeIDE\plugins\com.st.stm32cube.common.mx_6.10.0.202311202037\\db\/plugins/mcufinder/images/
2024-02-21 19:56:45,845 [WARN] DbFile:41 - Overriding database path with different value: C:\Users\tkach\.stmcufinder\plugins\mcufinder/ => C:\Users\tkach\.stmcufinder\plugins\mcufinder
2024-02-21 19:56:45,845 [INFO] ApiDb:250 - Set database path to: C:\Users\tkach\.stmcufinder\plugins\mcufinder//mcu/
2024-02-21 19:56:45,845 [WARN] DbFile:41 - Overriding database path with different value: C:\Users\tkach\.stmcufinder\plugins\mcufinder/ => C:\Users\tkach\.stmcufinder\plugins\mcufinder
2024-02-21 19:56:45,845 [INFO] DbMcusAds:125 - Set database path to: C:\Users\tkach\.stmcufinder\plugins\mcufinder//mcu/
2024-02-21 19:56:45,845 [WARN] DbFile:41 - Overriding database path with different value: C:\Users\tkach\.stmcufinder\plugins\mcufinder/ => C:\Users\tkach\.stmcufinder\plugins\mcufinder
2024-02-21 19:56:45,845 [WARN] DbFile:41 - Overriding database path with different value: C:\Users\tkach\.stmcufinder\plugins\mcufinder/ => C:\Users\tkach\.stmcufinder\plugins\mcufinder
2024-02-21 19:56:45,845 [INFO] CrossReferenceDbSqlite:203 - Set database path to: C:\Users\tkach\.stmcufinder\plugins\mcufinder//mcu/cs/
2024-02-21 19:56:45,924 [INFO] MainPanel:264 - HeapMemory: 268435456
2024-02-21 19:56:45,975 [INFO] DbMcusXml:78 - Set database path to: C:\ST\STM32CubeIDE_1.14.1\STM32CubeIDE\plugins\com.st.stm32cube.common.mx_6.10.0.202311202037\\db\/mcu/
2024-02-21 19:56:45,976 [INFO] ApiDb:274 - Set plugin database path to: C:\ST\STM32CubeIDE_1.14.1\STM32CubeIDE\plugins\com.st.stm32cube.common.mx_6.10.0.202311202037\\db\/plugins/boardmanager/
2024-02-21 19:56:45,976 [INFO] ApiDb:261 - Set plugin images path to: C:\ST\STM32CubeIDE_1.14.1\STM32CubeIDE\plugins\com.st.stm32cube.common.mx_6.10.0.202311202037\\db\/plugins/mcufinder/images/
2024-02-21 19:56:45,976 [WARN] DbFile:41 - Overriding database path with different value: C:\Users\tkach\.stmcufinder\plugins\mcufinder/ => C:\Users\tkach\.stmcufinder\plugins\mcufinder
2024-02-21 19:56:45,976 [INFO] ApiDb:250 - Set database path to: C:\Users\tkach\.stmcufinder\plugins\mcufinder//mcu/
2024-02-21 19:56:45,976 [WARN] DbFile:41 - Overriding database path with different value: C:\Users\tkach\.stmcufinder\plugins\mcufinder/ => C:\Users\tkach\.stmcufinder\plugins\mcufinder
2024-02-21 19:56:45,976 [INFO] DbMcusAds:125 - Set database path to: C:\Users\tkach\.stmcufinder\plugins\mcufinder//mcu/
2024-02-21 19:56:45,976 [WARN] DbFile:41 - Overriding database path with different value: C:\Users\tkach\.stmcufinder\plugins\mcufinder/ => C:\Users\tkach\.stmcufinder\plugins\mcufinder
2024-02-21 19:56:45,976 [WARN] DbFile:41 - Overriding database path with different value: C:\Users\tkach\.stmcufinder\plugins\mcufinder/ => C:\Users\tkach\.stmcufinder\plugins\mcufinder
2024-02-21 19:56:45,977 [INFO] CrossReferenceDbSqlite:203 - Set database path to: C:\Users\tkach\.stmcufinder\plugins\mcufinder//mcu/cs/
2024-02-21 19:56:45,991 [INFO] ApplicationProperties:184 - Using Application install path: C:\ST\STM32CubeIDE_1.14.1\STM32CubeIDE\plugins\com.st.stm32cube.common.mx_6.10.0.202311202037
2024-02-21 19:56:45,992 [INFO] PluginManage:196 - Search for loadable plugins [exclusion list=, ]
2024-02-21 19:56:45,993 [INFO] PluginManage:310 - Check plugin analytics
2024-02-21 19:56:50,657 [INFO] AnalyticsPlugin:253 - Accepted Software Licenses: 
2024-02-21 19:56:50,657 [INFO] AnalyticsPlugin:255 - Accepted CMSIS Pack Licenses: 
2024-02-21 19:56:50,657 [INFO] AnalyticsPlugin:257 - Accepted Firmware Licenses: 
2024-02-21 19:56:50,659 [INFO] PluginManage:359 - Loaded plugin analytics (category:tool,tabindex:-1)
2024-02-21 19:56:50,659 [INFO] PluginManage:310 - Check plugin cadmodel
2024-02-21 19:56:50,664 [INFO] CADModel:105 - Init CAD model plugin
2024-02-21 19:56:50,664 [INFO] PluginManage:359 - Loaded plugin cadmodel (category:power,tabindex:5)
2024-02-21 19:56:50,664 [INFO] PluginManage:310 - Check plugin clock
2024-02-21 19:56:50,672 [INFO] PluginManage:359 - Loaded plugin clock (category:base,tabindex:2)
2024-02-21 19:56:50,672 [INFO] PluginManage:310 - Check plugin ddr
2024-02-21 19:56:50,674 [INFO] PluginManage:359 - Loaded plugin ddr (category:tool,tabindex:6)
2024-02-21 19:56:50,674 [INFO] PluginManage:310 - Check plugin filemanager
2024-02-21 19:56:50,787 [INFO] PluginManage:359 - Loaded plugin filemanager (category:base,tabindex:10)
2024-02-21 19:56:50,787 [INFO] PluginManage:310 - Check plugin ipmanager
2024-02-21 19:56:50,792 [INFO] PluginManage:359 - Loaded plugin ipmanager (category:base,tabindex:5)
2024-02-21 19:56:50,793 [INFO] PluginManage:310 - Check plugin lpbam
2024-02-21 19:56:50,800 [INFO] PluginManage:359 - Loaded plugin lpbam (category:base,tabindex:0)
2024-02-21 19:56:50,800 [INFO] PluginManage:310 - Check plugin memorymap
2024-02-21 19:56:50,808 [INFO] PluginManage:359 - Loaded plugin memorymap (category:base,tabindex:4)
2024-02-21 19:56:50,808 [INFO] PluginManage:310 - Check plugin pinoutandconfiguration
2024-02-21 19:56:50,813 [INFO] PluginManage:359 - Loaded plugin pinoutandconfiguration (category:base,tabindex:1)
2024-02-21 19:56:50,813 [INFO] PluginManage:310 - Check plugin pinoutconfig
2024-02-21 19:56:50,902 [WARN] SupportedApi:132 - Cannot load RTOS API schema: s4s-elt-must-match.1: The content of 'definitions' must match (annotation?, (simpleType | complexType)?, (unique | key | keyref)*)). A problem was found starting at: attribute.
2024-02-21 19:56:50,999 [INFO] PluginManage:359 - Loaded plugin pinoutconfig (category:base,tabindex:0)
2024-02-21 19:56:50,999 [INFO] PluginManage:310 - Check plugin power
2024-02-21 19:56:51,005 [INFO] PluginManage:359 - Loaded plugin power (category:power,tabindex:4)
2024-02-21 19:56:51,005 [INFO] PluginManage:310 - Check plugin projectmanager
2024-02-21 19:56:51,016 [INFO] PluginManage:359 - Loaded plugin projectmanager (category:projectmanager,tabindex:3)
2024-02-21 19:56:51,017 [INFO] PluginManage:310 - Check plugin thirdparty
2024-02-21 19:56:51,107 [INFO] PluginManage:359 - Loaded plugin thirdparty (category:base,tabindex:-1)
2024-02-21 19:56:51,107 [INFO] PluginManage:310 - Check plugin tools
2024-02-21 19:56:51,107 [WARN] IntegrityCheckThread:84 - waiting for thirdparty lock release [integrity check]
2024-02-21 19:56:51,107 [INFO] IntegrityCheckThread:86 - entering critical section [integrity check]
2024-02-21 19:56:51,107 [INFO] ThirdPartyUpdaterWithRetryManager:70 - Updater plugin not ready yet. [1/15]
2024-02-21 19:56:51,109 [INFO] PluginManage:359 - Loaded plugin tools (category:base,tabindex:7)
2024-02-21 19:56:51,109 [INFO] PluginManage:310 - Check plugin tutovideos
2024-02-21 19:56:51,223 [INFO] PluginManage:359 - Loaded plugin tutovideos (category:base,tabindex:-1)
2024-02-21 19:56:51,223 [INFO] PluginManage:310 - Check plugin updater
2024-02-21 19:56:51,230 [INFO] PluginManage:359 - Loaded plugin updater (category:base,tabindex:12)
2024-02-21 19:56:51,230 [INFO] PluginManage:310 - Check plugin userauth
2024-02-21 19:56:51,233 [INFO] UserAuth:114 - Init User Auth plugin
2024-02-21 19:56:51,234 [INFO] PluginManage:359 - Loaded plugin userauth (category:base,tabindex:14)
2024-02-21 19:56:51,234 [INFO] PluginManage:283 - PluginManage : Loaded plugins [17]
2024-02-21 19:56:51,291 [INFO] McuFinderGlobals:63 - Set McuFinder mode to 2 (CubeIDE integrated)
2024-02-21 19:56:51,392 [INFO] PinOutPanel:1499 - setPackage(No Configuration,No Configuration)
2024-02-21 19:56:51,450 [INFO] CADModel:165 - CPN selected for project level
2024-02-21 19:56:51,450 [INFO] CADModel:114 - Register for checkConnection events
2024-02-21 19:56:51,463 [INFO] IPUIPlugin:80 - create IPUIPlugin
2024-02-21 19:56:51,463 [INFO] PluginManager:220 - loadIPPluginJar : add adc
2024-02-21 19:56:51,465 [INFO] IPUIPlugin:80 - create IPUIPlugin
2024-02-21 19:56:51,465 [INFO] PluginManager:220 - loadIPPluginJar : add aes
2024-02-21 19:56:51,468 [INFO] IPUIPlugin:80 - create IPUIPlugin
2024-02-21 19:56:51,468 [INFO] PluginManager:220 - loadIPPluginJar : add can
2024-02-21 19:56:51,469 [INFO] IPUIPlugin:80 - create IPUIPlugin
2024-02-21 19:56:51,470 [INFO] PluginManager:220 - loadIPPluginJar : add comp
2024-02-21 19:56:51,471 [INFO] IPUIPlugin:80 - create IPUIPlugin
2024-02-21 19:56:51,472 [INFO] PluginManager:220 - loadIPPluginJar : add cryp
2024-02-21 19:56:51,473 [INFO] IPUIPlugin:80 - create IPUIPlugin
2024-02-21 19:56:51,473 [INFO] PluginManager:220 - loadIPPluginJar : add dfsdm
2024-02-21 19:56:51,477 [INFO] IPUIPlugin:80 - create IPUIPlugin
2024-02-21 19:56:51,478 [INFO] PluginManager:220 - loadIPPluginJar : add dma
2024-02-21 19:56:51,480 [INFO] IPUIPlugin:80 - create IPUIPlugin
2024-02-21 19:56:51,480 [INFO] PluginManager:220 - loadIPPluginJar : add dma3
2024-02-21 19:56:51,481 [INFO] IPUIPlugin:80 - create IPUIPlugin
2024-02-21 19:56:51,481 [INFO] PluginManager:220 - loadIPPluginJar : add fatfs
2024-02-21 19:56:51,485 [INFO] IPUIPlugin:80 - create IPUIPlugin
2024-02-21 19:56:51,485 [INFO] PluginManager:220 - loadIPPluginJar : add fmc
2024-02-21 19:56:51,489 [INFO] IPUIPlugin:80 - create IPUIPlugin
2024-02-21 19:56:51,489 [INFO] PluginManager:220 - loadIPPluginJar : add freertos
2024-02-21 19:56:51,491 [INFO] IPUIPlugin:80 - create IPUIPlugin
2024-02-21 19:56:51,491 [INFO] PluginManager:220 - loadIPPluginJar : add genericplugin
2024-02-21 19:56:51,492 [INFO] IPUIPlugin:80 - create IPUIPlugin
2024-02-21 19:56:51,492 [INFO] PluginManager:220 - loadIPPluginJar : add gfxmmu
2024-02-21 19:56:51,496 [INFO] IPUIPlugin:80 - create IPUIPlugin
2024-02-21 19:56:51,497 [INFO] PluginManager:220 - loadIPPluginJar : add gic
2024-02-21 19:56:51,500 [INFO] IPUIPlugin:80 - create IPUIPlugin
2024-02-21 19:56:51,500 [INFO] PluginManager:220 - loadIPPluginJar : add gpio
2024-02-21 19:56:51,502 [INFO] IPUIPlugin:80 - create IPUIPlugin
2024-02-21 19:56:51,502 [INFO] PluginManager:220 - loadIPPluginJar : add gtzc
2024-02-21 19:56:51,504 [INFO] IPUIPlugin:80 - create IPUIPlugin
2024-02-21 19:56:51,504 [INFO] PluginManager:220 - loadIPPluginJar : add hash
2024-02-21 19:56:51,506 [INFO] IPUIPlugin:80 - create IPUIPlugin
2024-02-21 19:56:51,506 [INFO] PluginManager:220 - loadIPPluginJar : add i2c
2024-02-21 19:56:51,507 [INFO] IPUIPlugin:80 - create IPUIPlugin
2024-02-21 19:56:51,508 [INFO] PluginManager:220 - loadIPPluginJar : add i2s
2024-02-21 19:56:51,509 [INFO] IPUIPlugin:80 - create IPUIPlugin
2024-02-21 19:56:51,510 [INFO] PluginManager:220 - loadIPPluginJar : add i3c
2024-02-21 19:56:51,512 [INFO] IPUIPlugin:80 - create IPUIPlugin
2024-02-21 19:56:51,512 [INFO] PluginManager:220 - loadIPPluginJar : add ipddr
2024-02-21 19:56:51,517 [INFO] IPUIPlugin:80 - create IPUIPlugin
2024-02-21 19:56:51,517 [INFO] PluginManager:220 - loadIPPluginJar : add linkedlist
2024-02-21 19:56:51,520 [INFO] IPUIPlugin:80 - create IPUIPlugin
2024-02-21 19:56:51,520 [INFO] PluginManager:220 - loadIPPluginJar : add lorawan
2024-02-21 19:56:51,521 [INFO] IPUIPlugin:80 - create IPUIPlugin
2024-02-21 19:56:51,522 [INFO] PluginManager:220 - loadIPPluginJar : add ltdc
2024-02-21 19:56:51,526 [INFO] IPUIPlugin:80 - create IPUIPlugin
2024-02-21 19:56:51,526 [INFO] PluginManager:220 - loadIPPluginJar : add mdma
2024-02-21 19:56:51,528 [INFO] IPUIPlugin:80 - create IPUIPlugin
2024-02-21 19:56:51,528 [INFO] PluginManager:220 - loadIPPluginJar : add nvic
2024-02-21 19:56:51,530 [INFO] IPUIPlugin:80 - create IPUIPlugin
2024-02-21 19:56:51,531 [INFO] PluginManager:220 - loadIPPluginJar : add opamp
2024-02-21 19:56:51,533 [INFO] IPUIPlugin:80 - create IPUIPlugin
2024-02-21 19:56:51,533 [INFO] PluginManager:220 - loadIPPluginJar : add openamp
2024-02-21 19:56:51,535 [INFO] IPUIPlugin:80 - create IPUIPlugin
2024-02-21 19:56:51,535 [INFO] PluginManager:220 - loadIPPluginJar : add pdm2pcm
2024-02-21 19:56:51,539 [INFO] IPUIPlugin:80 - create IPUIPlugin
2024-02-21 19:56:51,541 [INFO] PluginManager:220 - loadIPPluginJar : add plateformsettings
2024-02-21 19:56:51,542 [INFO] IPUIPlugin:80 - create IPUIPlugin
2024-02-21 19:56:51,542 [INFO] PluginManager:220 - loadIPPluginJar : add quadspi
2024-02-21 19:56:51,544 [INFO] IPUIPlugin:80 - create IPUIPlugin
2024-02-21 19:56:51,544 [INFO] PluginManager:220 - loadIPPluginJar : add resmgrutility
2024-02-21 19:56:51,545 [INFO] IPUIPlugin:80 - create IPUIPlugin
2024-02-21 19:56:51,545 [INFO] PluginManager:220 - loadIPPluginJar : add sai
2024-02-21 19:56:51,547 [INFO] IPUIPlugin:80 - create IPUIPlugin
2024-02-21 19:56:51,547 [INFO] PluginManager:220 - loadIPPluginJar : add spi
2024-02-21 19:56:51,550 [INFO] IPUIPlugin:80 - create IPUIPlugin
2024-02-21 19:56:51,550 [INFO] PluginManager:220 - loadIPPluginJar : add stm32_wpan
2024-02-21 19:56:51,551 [INFO] IPUIPlugin:80 - create IPUIPlugin
2024-02-21 19:56:51,552 [INFO] PluginManager:220 - loadIPPluginJar : add tim
2024-02-21 19:56:51,554 [INFO] IPUIPlugin:80 - create IPUIPlugin
2024-02-21 19:56:51,554 [INFO] PluginManager:220 - loadIPPluginJar : add touchsensing
2024-02-21 19:56:51,555 [INFO] IPUIPlugin:80 - create IPUIPlugin
2024-02-21 19:56:51,555 [INFO] PluginManager:220 - loadIPPluginJar : add tracer_emb
2024-02-21 19:56:51,556 [INFO] IPUIPlugin:80 - create IPUIPlugin
2024-02-21 19:56:51,556 [INFO] PluginManager:220 - loadIPPluginJar : add ts
2024-02-21 19:56:51,557 [INFO] IPUIPlugin:80 - create IPUIPlugin
2024-02-21 19:56:51,557 [INFO] PluginManager:220 - loadIPPluginJar : add tsc
2024-02-21 19:56:51,558 [INFO] IPUIPlugin:80 - create IPUIPlugin
2024-02-21 19:56:51,559 [INFO] PluginManager:220 - loadIPPluginJar : add ucpd
2024-02-21 19:56:51,560 [INFO] IPUIPlugin:80 - create IPUIPlugin
2024-02-21 19:56:51,561 [INFO] PluginManager:220 - loadIPPluginJar : add usart
2024-02-21 19:56:51,563 [INFO] IPUIPlugin:80 - create IPUIPlugin
2024-02-21 19:56:51,563 [INFO] PluginManager:220 - loadIPPluginJar : add usbx
2024-02-21 19:56:51,688 [INFO] CADModel:165 - CPN selected for project level
2024-02-21 19:56:51,689 [INFO] CADModel:114 - Register for checkConnection events
2024-02-21 19:56:51,689 [FATAL] Updater:308 - Updater called before beeing initialized
2024-02-21 19:56:51,689 [ERROR] CADModel:125 - Updater not yet initialized, retry later 
2024-02-21 19:56:51,783 [INFO] CADModel:165 - CPN selected for project level
2024-02-21 19:56:51,783 [INFO] CADModel:114 - Register for checkConnection events
2024-02-21 19:56:51,784 [FATAL] Updater:308 - Updater called before beeing initialized
2024-02-21 19:56:51,784 [ERROR] CADModel:125 - Updater not yet initialized, retry later 
2024-02-21 19:56:51,787 [FATAL] Updater:308 - Updater called before beeing initialized
2024-02-21 19:56:51,862 [FATAL] Updater:308 - Updater called before beeing initialized
2024-02-21 19:56:51,865 [INFO] DbMcusAds:53 - JSON generation date=Wed Nov 29 12:52:27 EET 2023 (1701255147349)
2024-02-21 19:56:51,865 [FATAL] Updater:308 - Updater called before beeing initialized
2024-02-21 19:56:51,892 [WARN] DetailPanel:346 - Failed to get advertising image, set to default
2024-02-21 19:56:51,967 [FATAL] Updater:308 - Updater called before beeing initialized
2024-02-21 19:56:51,969 [FATAL] Updater:308 - Updater called before beeing initialized
2024-02-21 19:56:51,969 [FATAL] Updater:308 - Updater called before beeing initialized
2024-02-21 19:56:51,969 [WARN] DetailPanel:346 - Failed to get advertising image, set to default
2024-02-21 19:56:51,969 [FATAL] Updater:308 - Updater called before beeing initialized
2024-02-21 19:56:52,003 [ERROR] Updater:1120 - MainUpdater not yet initialized. External WinMGr cannot be set.
2024-02-21 19:56:52,005 [INFO] Updater:1056 - Updater Version found : 6.10.0
2024-02-21 19:56:52,021 [INFO] ApplicationProperties:184 - Using Application install path: C:\ST\STM32CubeIDE_1.14.1\STM32CubeIDE\plugins\com.st.stm32cube.common.mx_6.10.0.202311202037
2024-02-21 19:56:53,589 [ERROR] LogOutputStream:75 - [STDERR_REDIRECT] Feb 21, 2024 7:56:53 PM java.util.prefs.WindowsPreferences <init>
2024-02-21 19:56:53,591 [ERROR] LogOutputStream:75 - [STDERR_REDIRECT] WARNING: Could not open/create prefs root node Software\JavaSoft\Prefs at root 0xffffffff80000002. Windows RegCreateKeyEx(...) returned error code 5.
2024-02-21 19:56:53,592 [ERROR] LogOutputStream:75 - [STDERR_REDIRECT] 
2024-02-21 19:56:53,805 [INFO] MainUpdater:2873 - connection check result : 10
2024-02-21 19:56:53,806 [INFO] MainUpdater:290 - Updater Check For Update Now.
2024-02-21 19:56:53,806 [INFO] MicroXplorer:498 - Change Database Version : DB.6.0.100
2024-02-21 19:56:53,811 [INFO] McuFinderGlobals:63 - Set McuFinder mode to 2 (CubeIDE integrated)
2024-02-21 19:56:53,968 [INFO] CheckServerUpdateThread:120 - End of CheckServer Thread
2024-02-21 19:56:54,013 [INFO] MainUpdater:2873 - connection check result : 10
2024-02-21 19:56:54,070 [INFO] UserAuth:404 - Internet connection configuration mode: 1
2024-02-21 19:56:54,081 [INFO] JxBrowserEngine:152 - Initiate JxBrowser Engine with user profile folder
2024-02-21 19:56:54,336 [WARN] PackLoader:240 - Cannot read IP mode file for STMicroelectronics.X-CUBE-SMBUS.2.1.0
2024-02-21 19:56:54,367 [WARN] PackLoader:240 - Cannot read IP mode file for STMicroelectronics.X-CUBE-TOUCHGFX.4.23.0
2024-02-21 19:56:54,593 [WARN] PackLoader:240 - Cannot read IP mode file for STMicroelectronics.X-CUBE-AZRTOS-F7.1.1.0
2024-02-21 19:56:54,663 [WARN] PackLoader:240 - Cannot read IP mode file for STMicroelectronics.FP-SNS-MOTENV1.4.3.2
2024-02-21 19:56:54,723 [WARN] PackLoader:240 - Cannot read IP mode file for STMicroelectronics.FP-SNS-FLIGHT1.5.0.2
2024-02-21 19:56:54,774 [WARN] PackLoader:240 - Cannot read IP mode file for STMicroelectronics.X-CUBE-DISPLAY.3.0.0
2024-02-21 19:56:54,820 [INFO] ApiDb:581 - Connected to CubeFinder SQLite database (C:\Users\tkach\.stmcufinder\plugins\mcufinder\mcu\cube-finder-db.db)
2024-02-21 19:56:54,882 [WARN] PackLoader:240 - Cannot read IP mode file for STMicroelectronics.X-CUBE-BLE1.7.0.0
2024-02-21 19:56:54,913 [WARN] PackLoader:240 - Cannot read IP mode file for emotas.I-CUBE-CANOPEN.1.3.0
2024-02-21 19:56:54,938 [WARN] PackLoader:240 - Cannot read IP mode file for STMicroelectronics.FP-SNS-SMARTAG2.1.2.0
2024-02-21 19:56:55,038 [INFO] LogOutputStream:77 - [STDOUT_REDIRECT] 1 : Invalid condition id : UX_CORESTACK_Condition cause : null
2024-02-21 19:56:55,047 [INFO] LogOutputStream:77 - [STDOUT_REDIRECT] 1 : Invalid condition id : UX_CORESTACK_Condition cause : null
2024-02-21 19:56:55,055 [INFO] LogOutputStream:77 - [STDOUT_REDIRECT] 1 : Invalid condition id : UX_CORESTACK_Condition cause : null
2024-02-21 19:56:55,061 [INFO] LogOutputStream:77 - [STDOUT_REDIRECT] 1 : Invalid condition id : UX_CORESTACK_Condition cause : null
2024-02-21 19:56:55,068 [INFO] LogOutputStream:77 - [STDOUT_REDIRECT] 1 : Invalid condition id : UX_CORESTACK_Condition cause : null
2024-02-21 19:56:55,117 [WARN] PackLoader:240 - Cannot read IP mode file for STMicroelectronics.X-CUBE-AZRTOS-WL.2.0.0
2024-02-21 19:56:55,167 [WARN] PackLoader:240 - Cannot read IP mode file for WES.I-CUBE-Cesium.1.3.0
2024-02-21 19:56:55,214 [WARN] PackLoader:240 - Cannot read IP mode file for STMicroelectronics.X-CUBE-BLE2.3.3.0
2024-02-21 19:56:55,254 [WARN] PackLoader:240 - Cannot read IP mode file for STMicroelectronics.X-CUBE-ALGOBUILD.1.3.0
2024-02-21 19:56:55,275 [INFO] ApiDb:668 - CubeFinder database Data Model version=2.1
2024-02-21 19:56:55,276 [INFO] ApiDb:669 - CubeFinder database Configuration version=3.0.39
2024-02-21 19:56:55,277 [INFO] ApiDb:670 - CubeFinder database generation date=2024-01-11 (1704964531)
2024-02-21 19:56:55,278 [INFO] ApiDb:671 - CubeFinder database FW Pack versions=[FP-ATR-ASTRA1_V2.0.0, FP-SNS-FLIGHT1_V5.0.1, FP-SNS-FLIGHT1_V5.0.2, FP-SNS-MOTENV1_V4.3.1, FP-SNS-MOTENV1_V4.3.2, FP-SNS-MOTENVWB1_V1.3.1, FP-SNS-SMARTAG2_V1.2.0, STM32Cube_FW_C0_V1.1.0, STM32Cube_FW_F4_V1.28.0, STM32Cube_FW_F7_V1.17.0, STM32Cube_FW_G0_V1.6.2, STM32Cube_FW_G4_V1.5.2, STM32Cube_FW_H5_V0.5.1, STM32Cube_FW_H5_V1.1.1, STM32Cube_FW_H5_V1.2.0RC2, STM32Cube_FW_H7_V1.11.0, STM32Cube_FW_L0_V1.12.2, STM32Cube_FW_L5_V1.5.0, STM32Cube_FW_U5_V1.3.0RC4, STM32Cube_FW_U5_V1.4.0, STM32Cube_FW_WBA_V1.0.0RC1, STM32Cube_FW_WBA_V1.1.0RC1, STM32Cube_FW_WBA_V1.2.0, STM32Cube_FW_WBA_V1.2.0RC2, STM32Cube_FW_WB_V1.15.0RC1, STM32Cube_FW_WB_V1.16.0, STM32Cube_FW_WB_V1.16.0RC2, STM32Cube_FW_WB_V1.18.0, STM32Cube_FW_WL_V1.3.0, X-CUBE-ALGOBUILD_V1.3.0, X-CUBE-ALS_V1.0.1, X-CUBE-AZRTOS-F4_V1.1.0, X-CUBE-AZRTOS-F7_V1.1.0, X-CUBE-AZRTOS-G0_V1.1.0, X-CUBE-AZRTOS-G4_V2.0.0, X-CUBE-AZRTOS-H7_V3.2.0, X-CUBE-AZRTOS-L4_V1.0.0, X-CUBE-AZRTOS-L4_V2.0.0, X-CUBE-AZRTOS-L5_V1.1.0, X-CUBE-AZRTOS-WB_V2.0.0, X-CUBE-AZRTOS-WL_V2.0.0, X-CUBE-BLE1_V7.0.0, X-CUBE-BLE2_V3.3.0, X-CUBE-BLEMGR_V3.0.0, X-CUBE-EEPRMA1_V4.1.0, X-CUBE-EEPRMA1_V4.2.0, X-CUBE-FREERTOS_V1.1.0, X-CUBE-GNSS1_V6.0.0, X-CUBE-MEMS1_V10.0.0, X-CUBE-MEMS1_V9.1.0, X-CUBE-MEMS1_V9.4.0, X-CUBE-MEMS1_V9.6.0, X-CUBE-NFC4_V3.0.0, X-CUBE-NFC7_V1.0.1, X-CUBE-SFXS2LP1_V4.0.0, X-CUBE-SUBG2_V5.0.0, X-CUBE-TOF1_V3.4.0]
2024-02-21 19:56:55,381 [WARN] PackLoader:240 - Cannot read IP mode file for STMicroelectronics.X-CUBE-AZRTOS-G0.1.1.0
2024-02-21 19:56:55,441 [WARN] PackLoader:240 - Cannot read IP mode file for STMicroelectronics.X-CUBE-NFC4.3.0.0
2024-02-21 19:56:55,505 [WARN] PackLoader:240 - Cannot read IP mode file for STMicroelectronics.X-CUBE-BLEMGR.3.0.0
2024-02-21 19:56:55,547 [WARN] PackLoader:240 - Cannot read IP mode file for STMicroelectronics.FP-ATR-SIGFOX1.3.2.0
2024-02-21 19:56:55,602 [WARN] PackLoader:240 - Cannot read IP mode file for STMicroelectronics.X-CUBE-EEPRMA1.5.1.0
2024-02-21 19:56:55,813 [INFO] DbBoardsSqlite:226 - include board P-NUCLEO-WB55-NUCLEO as a kit item of type 'Nucleo-64'
2024-02-21 19:56:55,815 [INFO] DbBoardsSqlite:226 - include board P-NUCLEO-WB55-USBDONGLE as a kit item of type 'Nucleo USB Dongle'
2024-02-21 19:56:55,817 [INFO] DbBoardsSqlite:226 - include board STEVAL-IDP005V1 as a kit item of type 'Evaluation Board'
2024-02-21 19:56:55,818 [INFO] DbBoardsSqlite:226 - include board STEVAL-IDP005V2 as a kit item of type 'Evaluation Board'
2024-02-21 19:56:55,880 [WARN] PackLoader:240 - Cannot read IP mode file for SEGGER.I-CUBE-embOS.1.3.1
2024-02-21 19:56:56,154 [WARN] PackLoader:240 - Cannot read IP mode file for STMicroelectronics.X-CUBE-GNSS1.6.0.0
2024-02-21 19:56:56,211 [INFO] ApiDb:240 - Found 371 in-development CPN: [B-G473E-ZEST1S, B-WB1M-WPAN1, B-WL5M-SUBG1, NUCLEO-C031C6, NUCLEO-H503RB, NUCLEO-H563ZI, NUCLEO-U545RE-Q, NUCLEO-U5A5ZJ-Q, NUCLEO-WBA52CG, NUCLEO-WBA55CG, STEVAL-MKBOXPRO, STEVAL-PROTEUS1, STEVAL-STWINBX1, STM320518-EVAL, STM32C0116-DK, STM32C011D6Y3TR, STM32C011D6Y6TR, STM32C011F4P3, STM32C011F4P6, STM32C011F4U3, STM32C011F4U6TR, STM32C011F6P3, STM32C011F6P6, STM32C011F6U3, STM32C011F6U6TR, STM32C011J4M3, STM32C011J4M6, STM32C011J6M3, STM32C011J6M6, STM32C0316-DK, STM32C031C4T3, STM32C031C4T6, STM32C031C4U3, STM32C031C4U6, STM32C031C6T3, STM32C031C6T6, STM32C031C6U3, STM32C031C6U6, STM32C031F4P3, STM32C031F4P6, STM32C031F6P3, STM32C031F6P6, STM32C031G4U3, STM32C031G4U6, STM32C031G6U3, STM32C031G6U6, STM32C031K4T3, STM32C031K4T6, STM32C031K4U3, STM32C031K4U6, STM32C031K6T3, STM32C031K6T6, STM32C031K6U3, STM32C031K6U6, STM32G071K8TXN, STM32G071K8UXN, STM32G081GBU6N, STM32G081KBT6N, STM32G081KBUXN, STM32G0B1CCT6N, STM32G0B1KCT6, STM32G0B1NEY6TR, STM32G0B1RCT6N, STM32G0C1CCT6, STM32G0C1CCT6N, STM32G0C1CCU6N, STM32G0C1CET6N, STM32G0C1CEU6N, STM32G0C1KCT6, STM32G0C1NEY6TR, STM32G0C1RCI6N, STM32G0C1RCT6N, STM32G0C1REI6N, STM32G0C1RET6N, STM32G0C1VCI6, STM32G0C1VEI6, STM32G471CCT6, STM32G471CCU6, STM32G471CET3, STM32G471CET6, STM32G471CEU3, STM32G471CEU6, STM32G471MCT6, STM32G471MET3, STM32G471MET6, STM32G471MEY6TR, STM32G471QCT6, STM32G471QET3, STM32G471RCT6, STM32G471RET3, STM32G471RET6, STM32G471VCH6, STM32G471VCI6, STM32G471VCT6, STM32G471VEH3, STM32G471VEH6, STM32G471VEI3, STM32G471VEI6, STM32G471VET3, STM32G471VET6, STM32G474CCT6, STM32H503CBT6, STM32H503CBU6, STM32H503EBY6TR, STM32H503KBU6, STM32H503RBT6, STM32H562AGI6, STM32H562AII6, STM32H562IGK6, STM32H562IGT6, STM32H562IIK6, STM32H562IIT6, STM32H562RGT6, STM32H562RGV6, STM32H562RIT6, STM32H562RIV6, STM32H562VGT6, STM32H562VIT6, STM32H562ZGT6, STM32H562ZIT6, STM32H563AGI6, STM32H563AII3Q, STM32H563AII6, STM32H563IGK6, STM32H563IGT6, STM32H563IIK3Q, STM32H563IIK6, STM32H563IIT3Q, STM32H563IIT6, STM32H563MIY3QTR, STM32H563RGT6, STM32H563RGV6, STM32H563RIT6, STM32H563RIV6, STM32H563VGT6, STM32H563VIT3Q, STM32H563VIT6, STM32H563ZGT6, STM32H563ZIT3Q, STM32H563ZIT6, STM32H573AII3Q, STM32H573AII6, STM32H573I-DK, STM32H573IIK3Q, STM32H573IIK6, STM32H573IIT3Q, STM32H573IIT6, STM32H573MIY3QTR, STM32H573RIT6, STM32H573RIV6, STM32H573VIT3Q, STM32H573VIT6, STM32H573ZIT3Q, STM32H573ZIT6, STM32L4R5QGI6STR, STM32MP131AAE3, STM32MP131AAF3, STM32MP131AAG3, STM32MP131CAE3, STM32MP131CAF3, STM32MP131CAG3, STM32MP131DAE7, STM32MP131DAF7, STM32MP131DAG7, STM32MP131FAE7, STM32MP131FAF7, STM32MP131FAG7, STM32MP133AAE3, STM32MP133AAF3, STM32MP133AAG3, STM32MP133CAE3, STM32MP133CAF3, STM32MP133CAG3, STM32MP133DAE7, STM32MP133DAF7, STM32MP133DAG7, STM32MP133FAE7, STM32MP133FAF7, STM32MP133FAG7, STM32MP135AAE3, STM32MP135AAF3, STM32MP135AAG3, STM32MP135CAE3, STM32MP135CAF3, STM32MP135CAG3, STM32MP135DAE7, STM32MP135DAF7, STM32MP135DAG7, STM32MP135F-DK, STM32MP135FAE7, STM32MP135FAF7, STM32MP135FAF7T, STM32MP135FAF7U, STM32MP135FAG7, STM32U535CBT6, STM32U535CBT6Q, STM32U535CBU6, STM32U535CBU6Q, STM32U535CCT6, STM32U535CCT6Q, STM32U535CCU6, STM32U535CCU6Q, STM32U535CET6, STM32U535CET6Q, STM32U535CEU6, STM32U535CEU6Q, STM32U535JEY6QTR, STM32U535NCY6QTR, STM32U535NEY6QTR, STM32U535RBI6, STM32U535RBI6Q, STM32U535RBT6, STM32U535RBT6Q, STM32U535RCI6, STM32U535RCI6Q, STM32U535RCT6, STM32U535RCT6Q, STM32U535REI6, STM32U535REI6Q, STM32U535RET6, STM32U535RET6Q, STM32U535VCI6, STM32U535VCI6Q, STM32U535VCT6, STM32U535VCT6Q, STM32U535VEI6, STM32U535VEI6Q, STM32U535VET6, STM32U535VET6Q, STM32U545CET6, STM32U545CET6Q, STM32U545CEU6, STM32U545CEU6Q, STM32U545JEY6QTR, STM32U545NEY6QTR, STM32U545REI6, STM32U545REI6Q, STM32U545RET6, STM32U545RET6Q, STM32U545VEI6, STM32U545VEI6Q, STM32U545VET6, STM32U545VET6Q, STM32U595AIH6, STM32U595AIH6Q, STM32U595AJH6, STM32U595AJH6Q, STM32U595QII6, STM32U595QII6Q, STM32U595QJI6, STM32U595QJI6Q, STM32U595RIT6, STM32U595RIT6Q, STM32U595RJT6, STM32U595RJT6Q, STM32U595VIT6, STM32U595VIT6Q, STM32U595VJT6, STM32U595VJT6Q, STM32U595ZIT6, STM32U595ZIT6Q, STM32U595ZIY6QTR, STM32U595ZJT6, STM32U595ZJT6Q, STM32U595ZJY6QTR, STM32U599BJY6QTR, STM32U599NIH6Q, STM32U599NJH6Q, STM32U599VIT6Q, STM32U599VJT6, STM32U599VJT6Q, STM32U599ZIT6Q, STM32U599ZIY6QTR, STM32U599ZJT6Q, STM32U599ZJY6QTR, STM32U5A5AJH6, STM32U5A5AJH6Q, STM32U5A5QJI6, STM32U5A5QJI6Q, STM32U5A5RJT6, STM32U5A5RJT6Q, STM32U5A5VJT6, STM32U5A5VJT6Q, STM32U5A5ZJT6, STM32U5A5ZJT6Q, STM32U5A5ZJY6QTR, STM32U5A9BJY6QTR, STM32U5A9J-DK, STM32U5A9NJH6Q, STM32U5A9VJT6Q, STM32U5A9ZJT6Q, STM32U5A9ZJY6QTR, STM32U5F7VIT6, STM32U5F7VIT6Q, STM32U5F7VJT6, STM32U5F7VJT6Q, STM32U5F9BJY6QTR, STM32U5F9NJH6Q, STM32U5F9VIT6Q, STM32U5F9VJT6Q, STM32U5F9ZIJ6QTR, STM32U5F9ZIT6Q, STM32U5F9ZJJ6QTR, STM32U5F9ZJT6Q, STM32U5G7VJT6, STM32U5G7VJT6Q, STM32U5G9BJY6QTR, STM32U5G9J-DK1, STM32U5G9J-DK2, STM32U5G9NJH6Q, STM32U5G9VJT6Q, STM32U5G9ZJJ6QTR, STM32U5G9ZJT6Q, STM32WB1MMCH6, STM32WBA50KEU6, STM32WBA50KEU6TR, STM32WBA50KGU6, STM32WBA50KGU6TR, STM32WBA52CEU6, STM32WBA52CEU6TR, STM32WBA52CEU7, STM32WBA52CEU7TR, STM32WBA52CGU6, STM32WBA52CGU6TR, STM32WBA52CGU6U, STM32WBA52CGU7, STM32WBA52CGU7TR, STM32WBA52KEU6, STM32WBA52KEU6TR, STM32WBA52KGU6, STM32WBA52KGU6TR, STM32WBA54CEU6, STM32WBA54CEU6TR, STM32WBA54CEU7, STM32WBA54CEU7TR, STM32WBA54CGU6, STM32WBA54CGU6TR, STM32WBA54CGU7, STM32WBA54CGU7TR, STM32WBA54KEU6, STM32WBA54KEU6TR, STM32WBA54KEU7, STM32WBA54KEU7TR, STM32WBA54KGU6, STM32WBA54KGU6TR, STM32WBA54KGU7, STM32WBA54KGU7TR, STM32WBA55CEU6, STM32WBA55CEU6TR, STM32WBA55CEU7, STM32WBA55CEU7TR, STM32WBA55CGU6, STM32WBA55CGU6TR, STM32WBA55CGU6U, STM32WBA55CGU7, STM32WBA55CGU7TR, STM32WBA55G-DK1, STM32WBA55HEF6, STM32WBA55HEF7, STM32WBA55HGF6, STM32WBA55HGF7, STM32WBA55UEI6, STM32WBA55UEI6TR, STM32WBA55UEI7, STM32WBA55UEI7TR, STM32WBA55UGI6, STM32WBA55UGI6TR, STM32WBA55UGI7, STM32WBA55UGI7TR, STM32WL5MOCH6, STM32WL5MOCH6TR]
2024-02-21 19:56:56,290 [WARN] PackLoader:240 - Cannot read IP mode file for STMicroelectronics.X-CUBE-AZRTOS-F4.1.1.0
2024-02-21 19:56:56,321 [WARN] PackLoader:240 - Cannot read IP mode file for wolfSSL.I-CUBE-wolfSSL.5.6.6
2024-02-21 19:56:56,488 [WARN] PackLoader:240 - Cannot read IP mode file for STMicroelectronics.X-CUBE-AZRTOS-L5.2.0.0
2024-02-21 19:56:56,533 [WARN] PackLoader:240 - Cannot read IP mode file for STMicroelectronics.X-CUBE-EEPRMA1.4.2.0
2024-02-21 19:56:56,562 [WARN] PackLoader:240 - Cannot read IP mode file for ITTIA_DB.I-CUBE-ITTIADB.8.8.0
2024-02-21 19:56:56,584 [WARN] PackLoader:240 - Cannot read IP mode file for STMicroelectronics.X-CUBE-NFC7.1.0.1
2024-02-21 19:56:56,627 [WARN] PackLoader:240 - Cannot read IP mode file for STMicroelectronics.X-CUBE-NFC6.3.0.0
2024-02-21 19:56:56,666 [WARN] PackLoader:240 - Cannot read IP mode file for STMicroelectronics.X-CUBE-AI.8.1.0
2024-02-21 19:56:56,701 [WARN] ConditionMgr:438 - getConditionDescription Invalid condition id : LAN8742 Phy interface Condition cause : null
2024-02-21 19:56:56,702 [WARN] PackLoader:240 - Cannot read IP mode file for STMicroelectronics.X-CUBE-AZRTOS-L4.2.0.0
2024-02-21 19:56:56,705 [WARN] ConditionMgr:1039 - genDependencies : Invalid condition id : LAN8742 Phy interface Condition cause : null
2024-02-21 19:56:56,705 [WARN] ConditionMgr:1039 - genDependencies : Invalid condition id : LAN8742 Phy interface Condition cause : null
2024-02-21 19:56:56,706 [WARN] ConditionMgr:1039 - genDependencies : Invalid condition id : LAN8742 Phy interface Condition cause : null
2024-02-21 19:56:56,716 [WARN] PackLoader:240 - Cannot read IP mode file for STMicroelectronics.X-CUBE-SFXS2LP1.4.0.0
2024-02-21 19:56:56,736 [WARN] ConditionMgr:438 - getConditionDescription Invalid condition id : UX DEVICE CLASS RTOS Condition cause : null
2024-02-21 19:56:56,736 [WARN] ConditionMgr:438 - getConditionDescription Invalid condition id : UX DEVICE CLASS RTOS Condition cause : null
2024-02-21 19:56:56,739 [WARN] PackLoader:240 - Cannot read IP mode file for STMicroelectronics.X-CUBE-AZRTOS-WB.2.0.0
2024-02-21 19:56:56,740 [WARN] ConditionMgr:1039 - genDependencies : Invalid condition id : UX DEVICE CLASS RTOS Condition cause : null
2024-02-21 19:56:56,741 [WARN] ConditionMgr:1039 - genDependencies : Invalid condition id : UX DEVICE CLASS RTOS Condition cause : null
2024-02-21 19:56:56,741 [WARN] ConditionMgr:1039 - genDependencies : Invalid condition id : UX DEVICE CLASS RTOS Condition cause : null
2024-02-21 19:56:56,742 [WARN] ConditionMgr:1039 - genDependencies : Invalid condition id : UX DEVICE CLASS RTOS Condition cause : null
2024-02-21 19:56:56,742 [WARN] ConditionMgr:1039 - genDependencies : Invalid condition id : UX DEVICE CLASS RTOS Condition cause : null
2024-02-21 19:56:56,784 [WARN] PackLoader:240 - Cannot read IP mode file for STMicroelectronics.X-CUBE-SUBG2.5.0.0
2024-02-21 19:56:56,814 [INFO] BoardInfo:889 - No configuration file found for board P-NUCLEO-WB55
2024-02-21 19:56:56,815 [INFO] DbBoards:161 - Kit is not supported: P-NUCLEO-WB55
2024-02-21 19:56:56,817 [WARN] PackLoader:240 - Cannot read IP mode file for STMicroelectronics.X-CUBE-AZRTOS-G4.2.0.0
2024-02-21 19:56:56,832 [INFO] BoardInfo:889 - No configuration file found for board STEVAL-BFA001V1B
2024-02-21 19:56:56,832 [INFO] DbBoards:161 - Kit is not supported: STEVAL-BFA001V1B
2024-02-21 19:56:56,835 [INFO] BoardInfo:889 - No configuration file found for board STEVAL-BFA001V2B
2024-02-21 19:56:56,835 [INFO] DbBoards:161 - Kit is not supported: STEVAL-BFA001V2B
2024-02-21 19:56:56,848 [WARN] PackLoader:240 - Cannot read IP mode file for Infineon.AIROC-Wi-Fi-Bluetooth-STM32.1.5.1
2024-02-21 19:56:56,860 [WARN] PackLoader:240 - Cannot read IP mode file for STMicroelectronics.FP-SNS-MOTENVWB1.1.3.1
2024-02-21 19:56:56,866 [WARN] PackLoader:240 - Cannot read IP mode file for STMicroelectronics.X-CUBE-ISPU.2.0.0
2024-02-21 19:56:56,953 [WARN] PackLoader:240 - Cannot read IP mode file for STMicroelectronics.X-CUBE-MEMS1.10.0.0
2024-02-21 19:56:57,160 [INFO] DbBoards:168 - Found 193 boards, 190 are supported
2024-02-21 19:56:57,160 [INFO] DbBoards:169 - Found 193 boards, 3 of them is supported for  Bsp
2024-02-21 19:56:57,166 [INFO] ApiDb:668 - CubeFinder database Data Model version=2.1
2024-02-21 19:56:57,166 [INFO] ApiDb:669 - CubeFinder database Configuration version=3.0.39
2024-02-21 19:56:57,167 [INFO] ApiDb:670 - CubeFinder database generation date=2024-01-11 (1704964531)
2024-02-21 19:56:57,167 [INFO] ApiDb:671 - CubeFinder database FW Pack versions=[FP-ATR-ASTRA1_V2.0.0, FP-SNS-FLIGHT1_V5.0.1, FP-SNS-FLIGHT1_V5.0.2, FP-SNS-MOTENV1_V4.3.1, FP-SNS-MOTENV1_V4.3.2, FP-SNS-MOTENVWB1_V1.3.1, FP-SNS-SMARTAG2_V1.2.0, STM32Cube_FW_C0_V1.1.0, STM32Cube_FW_F4_V1.28.0, STM32Cube_FW_F7_V1.17.0, STM32Cube_FW_G0_V1.6.2, STM32Cube_FW_G4_V1.5.2, STM32Cube_FW_H5_V0.5.1, STM32Cube_FW_H5_V1.1.1, STM32Cube_FW_H5_V1.2.0RC2, STM32Cube_FW_H7_V1.11.0, STM32Cube_FW_L0_V1.12.2, STM32Cube_FW_L5_V1.5.0, STM32Cube_FW_U5_V1.3.0RC4, STM32Cube_FW_U5_V1.4.0, STM32Cube_FW_WBA_V1.0.0RC1, STM32Cube_FW_WBA_V1.1.0RC1, STM32Cube_FW_WBA_V1.2.0, STM32Cube_FW_WBA_V1.2.0RC2, STM32Cube_FW_WB_V1.15.0RC1, STM32Cube_FW_WB_V1.16.0, STM32Cube_FW_WB_V1.16.0RC2, STM32Cube_FW_WB_V1.18.0, STM32Cube_FW_WL_V1.3.0, X-CUBE-ALGOBUILD_V1.3.0, X-CUBE-ALS_V1.0.1, X-CUBE-AZRTOS-F4_V1.1.0, X-CUBE-AZRTOS-F7_V1.1.0, X-CUBE-AZRTOS-G0_V1.1.0, X-CUBE-AZRTOS-G4_V2.0.0, X-CUBE-AZRTOS-H7_V3.2.0, X-CUBE-AZRTOS-L4_V1.0.0, X-CUBE-AZRTOS-L4_V2.0.0, X-CUBE-AZRTOS-L5_V1.1.0, X-CUBE-AZRTOS-WB_V2.0.0, X-CUBE-AZRTOS-WL_V2.0.0, X-CUBE-BLE1_V7.0.0, X-CUBE-BLE2_V3.3.0, X-CUBE-BLEMGR_V3.0.0, X-CUBE-EEPRMA1_V4.1.0, X-CUBE-EEPRMA1_V4.2.0, X-CUBE-FREERTOS_V1.1.0, X-CUBE-GNSS1_V6.0.0, X-CUBE-MEMS1_V10.0.0, X-CUBE-MEMS1_V9.1.0, X-CUBE-MEMS1_V9.4.0, X-CUBE-MEMS1_V9.6.0, X-CUBE-NFC4_V3.0.0, X-CUBE-NFC7_V1.0.1, X-CUBE-SFXS2LP1_V4.0.0, X-CUBE-SUBG2_V5.0.0, X-CUBE-TOF1_V3.4.0]
2024-02-21 19:56:57,202 [WARN] PackLoader:240 - Cannot read IP mode file for STMicroelectronics.X-CUBE-FREERTOS.1.1.0
2024-02-21 19:56:57,212 [WARN] PackLoader:240 - Cannot read IP mode file for portGmbH.I-Cube-SoM-uGOAL.1.1.0
2024-02-21 19:56:57,228 [WARN] PackLoader:240 - Cannot read IP mode file for STMicroelectronics.X-CUBE-ALS.1.0.1
2024-02-21 19:56:57,234 [WARN] PackLoader:240 - Cannot read IP mode file for STMicroelectronics.FP-ATR-ASTRA1.2.0.0
2024-02-21 19:56:57,284 [WARN] PackLoader:240 - Cannot read IP mode file for STMicroelectronics.X-CUBE-TOF1.3.4.0
2024-02-21 19:56:57,329 [WARN] PackLoader:240 - Cannot read IP mode file for STMicroelectronics.X-CUBE-AZRTOS-H7.3.2.0
2024-02-21 19:56:57,337 [INFO] ThirdParty:978 - Integrity check success = true
2024-02-21 19:56:57,337 [INFO] IntegrityCheckThread:100 - exiting critical section [integrity check]
2024-02-21 19:56:57,337 [INFO] IntegrityCheckThread:103 - End integrity checks thread
2024-02-21 19:56:57,383 [INFO] WebApp:161 - Instantiating new browser for Auth
2024-02-21 19:56:58,325 [INFO] WebApp:780 - Register for checkConnection events
2024-02-21 19:56:58,325 [INFO] WebApp:414 - Apply proxy settings
2024-02-21 19:56:58,326 [INFO] WebApp:499 - Chromium requires no authentication
2024-02-21 19:56:58,332 [INFO] WebApp:442 - Direct internet connection detected
2024-02-21 19:56:58,476 [INFO] WebApp:192 - Starting web application
2024-02-21 19:56:58,476 [INFO] WebApp:544 - Web application path used C:\ST\STM32CubeIDE_1.14.1\STM32CubeIDE\plugins\com.st.stm32cube.common.mx_6.10.0.202311202037\db\plugins\mcufinder\reactClient1\index.html
2024-02-21 19:57:00,307 [INFO] ApiDb:240 - Found 371 in-development CPN: [B-G473E-ZEST1S, B-WB1M-WPAN1, B-WL5M-SUBG1, NUCLEO-C031C6, NUCLEO-H503RB, NUCLEO-H563ZI, NUCLEO-U545RE-Q, NUCLEO-U5A5ZJ-Q, NUCLEO-WBA52CG, NUCLEO-WBA55CG, STEVAL-MKBOXPRO, STEVAL-PROTEUS1, STEVAL-STWINBX1, STM320518-EVAL, STM32C0116-DK, STM32C011D6Y3TR, STM32C011D6Y6TR, STM32C011F4P3, STM32C011F4P6, STM32C011F4U3, STM32C011F4U6TR, STM32C011F6P3, STM32C011F6P6, STM32C011F6U3, STM32C011F6U6TR, STM32C011J4M3, STM32C011J4M6, STM32C011J6M3, STM32C011J6M6, STM32C0316-DK, STM32C031C4T3, STM32C031C4T6, STM32C031C4U3, STM32C031C4U6, STM32C031C6T3, STM32C031C6T6, STM32C031C6U3, STM32C031C6U6, STM32C031F4P3, STM32C031F4P6, STM32C031F6P3, STM32C031F6P6, STM32C031G4U3, STM32C031G4U6, STM32C031G6U3, STM32C031G6U6, STM32C031K4T3, STM32C031K4T6, STM32C031K4U3, STM32C031K4U6, STM32C031K6T3, STM32C031K6T6, STM32C031K6U3, STM32C031K6U6, STM32G071K8TXN, STM32G071K8UXN, STM32G081GBU6N, STM32G081KBT6N, STM32G081KBUXN, STM32G0B1CCT6N, STM32G0B1KCT6, STM32G0B1NEY6TR, STM32G0B1RCT6N, STM32G0C1CCT6, STM32G0C1CCT6N, STM32G0C1CCU6N, STM32G0C1CET6N, STM32G0C1CEU6N, STM32G0C1KCT6, STM32G0C1NEY6TR, STM32G0C1RCI6N, STM32G0C1RCT6N, STM32G0C1REI6N, STM32G0C1RET6N, STM32G0C1VCI6, STM32G0C1VEI6, STM32G471CCT6, STM32G471CCU6, STM32G471CET3, STM32G471CET6, STM32G471CEU3, STM32G471CEU6, STM32G471MCT6, STM32G471MET3, STM32G471MET6, STM32G471MEY6TR, STM32G471QCT6, STM32G471QET3, STM32G471RCT6, STM32G471RET3, STM32G471RET6, STM32G471VCH6, STM32G471VCI6, STM32G471VCT6, STM32G471VEH3, STM32G471VEH6, STM32G471VEI3, STM32G471VEI6, STM32G471VET3, STM32G471VET6, STM32G474CCT6, STM32H503CBT6, STM32H503CBU6, STM32H503EBY6TR, STM32H503KBU6, STM32H503RBT6, STM32H562AGI6, STM32H562AII6, STM32H562IGK6, STM32H562IGT6, STM32H562IIK6, STM32H562IIT6, STM32H562RGT6, STM32H562RGV6, STM32H562RIT6, STM32H562RIV6, STM32H562VGT6, STM32H562VIT6, STM32H562ZGT6, STM32H562ZIT6, STM32H563AGI6, STM32H563AII3Q, STM32H563AII6, STM32H563IGK6, STM32H563IGT6, STM32H563IIK3Q, STM32H563IIK6, STM32H563IIT3Q, STM32H563IIT6, STM32H563MIY3QTR, STM32H563RGT6, STM32H563RGV6, STM32H563RIT6, STM32H563RIV6, STM32H563VGT6, STM32H563VIT3Q, STM32H563VIT6, STM32H563ZGT6, STM32H563ZIT3Q, STM32H563ZIT6, STM32H573AII3Q, STM32H573AII6, STM32H573I-DK, STM32H573IIK3Q, STM32H573IIK6, STM32H573IIT3Q, STM32H573IIT6, STM32H573MIY3QTR, STM32H573RIT6, STM32H573RIV6, STM32H573VIT3Q, STM32H573VIT6, STM32H573ZIT3Q, STM32H573ZIT6, STM32L4R5QGI6STR, STM32MP131AAE3, STM32MP131AAF3, STM32MP131AAG3, STM32MP131CAE3, STM32MP131CAF3, STM32MP131CAG3, STM32MP131DAE7, STM32MP131DAF7, STM32MP131DAG7, STM32MP131FAE7, STM32MP131FAF7, STM32MP131FAG7, STM32MP133AAE3, STM32MP133AAF3, STM32MP133AAG3, STM32MP133CAE3, STM32MP133CAF3, STM32MP133CAG3, STM32MP133DAE7, STM32MP133DAF7, STM32MP133DAG7, STM32MP133FAE7, STM32MP133FAF7, STM32MP133FAG7, STM32MP135AAE3, STM32MP135AAF3, STM32MP135AAG3, STM32MP135CAE3, STM32MP135CAF3, STM32MP135CAG3, STM32MP135DAE7, STM32MP135DAF7, STM32MP135DAG7, STM32MP135F-DK, STM32MP135FAE7, STM32MP135FAF7, STM32MP135FAF7T, STM32MP135FAF7U, STM32MP135FAG7, STM32U535CBT6, STM32U535CBT6Q, STM32U535CBU6, STM32U535CBU6Q, STM32U535CCT6, STM32U535CCT6Q, STM32U535CCU6, STM32U535CCU6Q, STM32U535CET6, STM32U535CET6Q, STM32U535CEU6, STM32U535CEU6Q, STM32U535JEY6QTR, STM32U535NCY6QTR, STM32U535NEY6QTR, STM32U535RBI6, STM32U535RBI6Q, STM32U535RBT6, STM32U535RBT6Q, STM32U535RCI6, STM32U535RCI6Q, STM32U535RCT6, STM32U535RCT6Q, STM32U535REI6, STM32U535REI6Q, STM32U535RET6, STM32U535RET6Q, STM32U535VCI6, STM32U535VCI6Q, STM32U535VCT6, STM32U535VCT6Q, STM32U535VEI6, STM32U535VEI6Q, STM32U535VET6, STM32U535VET6Q, STM32U545CET6, STM32U545CET6Q, STM32U545CEU6, STM32U545CEU6Q, STM32U545JEY6QTR, STM32U545NEY6QTR, STM32U545REI6, STM32U545REI6Q, STM32U545RET6, STM32U545RET6Q, STM32U545VEI6, STM32U545VEI6Q, STM32U545VET6, STM32U545VET6Q, STM32U595AIH6, STM32U595AIH6Q, STM32U595AJH6, STM32U595AJH6Q, STM32U595QII6, STM32U595QII6Q, STM32U595QJI6, STM32U595QJI6Q, STM32U595RIT6, STM32U595RIT6Q, STM32U595RJT6, STM32U595RJT6Q, STM32U595VIT6, STM32U595VIT6Q, STM32U595VJT6, STM32U595VJT6Q, STM32U595ZIT6, STM32U595ZIT6Q, STM32U595ZIY6QTR, STM32U595ZJT6, STM32U595ZJT6Q, STM32U595ZJY6QTR, STM32U599BJY6QTR, STM32U599NIH6Q, STM32U599NJH6Q, STM32U599VIT6Q, STM32U599VJT6, STM32U599VJT6Q, STM32U599ZIT6Q, STM32U599ZIY6QTR, STM32U599ZJT6Q, STM32U599ZJY6QTR, STM32U5A5AJH6, STM32U5A5AJH6Q, STM32U5A5QJI6, STM32U5A5QJI6Q, STM32U5A5RJT6, STM32U5A5RJT6Q, STM32U5A5VJT6, STM32U5A5VJT6Q, STM32U5A5ZJT6, STM32U5A5ZJT6Q, STM32U5A5ZJY6QTR, STM32U5A9BJY6QTR, STM32U5A9J-DK, STM32U5A9NJH6Q, STM32U5A9VJT6Q, STM32U5A9ZJT6Q, STM32U5A9ZJY6QTR, STM32U5F7VIT6, STM32U5F7VIT6Q, STM32U5F7VJT6, STM32U5F7VJT6Q, STM32U5F9BJY6QTR, STM32U5F9NJH6Q, STM32U5F9VIT6Q, STM32U5F9VJT6Q, STM32U5F9ZIJ6QTR, STM32U5F9ZIT6Q, STM32U5F9ZJJ6QTR, STM32U5F9ZJT6Q, STM32U5G7VJT6, STM32U5G7VJT6Q, STM32U5G9BJY6QTR, STM32U5G9J-DK1, STM32U5G9J-DK2, STM32U5G9NJH6Q, STM32U5G9VJT6Q, STM32U5G9ZJJ6QTR, STM32U5G9ZJT6Q, STM32WB1MMCH6, STM32WBA50KEU6, STM32WBA50KEU6TR, STM32WBA50KGU6, STM32WBA50KGU6TR, STM32WBA52CEU6, STM32WBA52CEU6TR, STM32WBA52CEU7, STM32WBA52CEU7TR, STM32WBA52CGU6, STM32WBA52CGU6TR, STM32WBA52CGU6U, STM32WBA52CGU7, STM32WBA52CGU7TR, STM32WBA52KEU6, STM32WBA52KEU6TR, STM32WBA52KGU6, STM32WBA52KGU6TR, STM32WBA54CEU6, STM32WBA54CEU6TR, STM32WBA54CEU7, STM32WBA54CEU7TR, STM32WBA54CGU6, STM32WBA54CGU6TR, STM32WBA54CGU7, STM32WBA54CGU7TR, STM32WBA54KEU6, STM32WBA54KEU6TR, STM32WBA54KEU7, STM32WBA54KEU7TR, STM32WBA54KGU6, STM32WBA54KGU6TR, STM32WBA54KGU7, STM32WBA54KGU7TR, STM32WBA55CEU6, STM32WBA55CEU6TR, STM32WBA55CEU7, STM32WBA55CEU7TR, STM32WBA55CGU6, STM32WBA55CGU6TR, STM32WBA55CGU6U, STM32WBA55CGU7, STM32WBA55CGU7TR, STM32WBA55G-DK1, STM32WBA55HEF6, STM32WBA55HEF7, STM32WBA55HGF6, STM32WBA55HGF7, STM32WBA55UEI6, STM32WBA55UEI6TR, STM32WBA55UEI7, STM32WBA55UEI7TR, STM32WBA55UGI6, STM32WBA55UGI6TR, STM32WBA55UGI7, STM32WBA55UGI7TR, STM32WL5MOCH6, STM32WL5MOCH6TR]
2024-02-21 19:57:00,312 [INFO] DbMcus:218 - Found 3930 MCUs, 3930 are supported
2024-02-21 19:57:00,313 [INFO] ApiDb:423 - Load user favorites file C:\Users\tkach/.stm32cubeide/favorites.mcus.txt: 0 item(s)
2024-02-21 19:57:00,313 [INFO] ApiDb:427 - User favorites MCUs=[]
2024-02-21 19:57:00,313 [INFO] DbMcus:224 - Set 0 / 0 favorites MCUs
2024-02-21 19:57:00,546 [INFO] ApiDb:423 - Load user favorites file C:\Users\tkach/.stm32cubeide/favorites.boards.txt: 0 item(s)
2024-02-21 19:57:00,546 [INFO] ApiDb:427 - User favorites Boards=[]
2024-02-21 19:57:00,546 [INFO] DbBoards:198 - Set 0 / 0 favorites Boards
2024-02-21 19:57:00,546 [INFO] McuFinderGlobals:76 - Set McuFinderConnectedMode to true
2024-02-21 19:57:00,551 [INFO] MultiScanPanel:200 - Auto-refresh data requested => check proxy status ongoing
2024-02-21 19:57:00,555 [INFO] FinderPluginLoader:95 - Searching for filters in installed packs
2024-02-21 19:57:02,108 [INFO] LoadUrlFilesThread:185 - End of LoadServerUrlFiles without Thread
2024-02-21 19:57:02,120 [INFO] DetailPanel:341 - Set advertising image to C:/Users/tkach/STM32Cube/Repository/\en.prom-stm32wl3-mcu-finder.jpg
2024-02-21 19:57:19,281 [ERROR] LogOutputStream:75 - [STDERR_REDIRECT] SLF4J: Failed to load class "org.slf4j.impl.StaticLoggerBinder".
2024-02-21 19:57:19,283 [ERROR] LogOutputStream:75 - [STDERR_REDIRECT] SLF4J: Defaulting to no-operation (NOP) logger implementation
2024-02-21 19:57:19,284 [ERROR] LogOutputStream:75 - [STDERR_REDIRECT] SLF4J: See http://www.slf4j.org/codes.html#StaticLoggerBinder for further details.
2024-02-21 19:57:24,369 [INFO] McuFinderGlobals:76 - Set McuFinderConnectedMode to true
2024-02-21 19:57:24,374 [INFO] ApiDb:448 - Save user favorites file C:\Users\tkach/.stm32cubeide/favorites.mcus.txt: 0 item(s)
2024-02-21 19:57:24,374 [INFO] ApiDb:452 - User favorites MCUs=[]
2024-02-21 20:07:44,013 [INFO] LogOutputStream:77 - [STDOUT_REDIRECT] StartTraceHandler.execute(), success : Collect=true
2024-02-21 20:07:54,033 [INFO] LogOutputStream:77 - [STDOUT_REDIRECT] StartTraceHandler.execute(), success : Collect=false
2024-02-21 20:09:15,756 [INFO] LogOutputStream:77 - [STDOUT_REDIRECT] StartTraceHandler.execute(), success : Collect=true
2024-02-21 20:29:16,343 [ERROR] LogOutputStream:75 - [STDERR_REDIRECT] 
2024-02-21 20:29:16,344 [ERROR] LogOutputStream:75 - [STDERR_REDIRECT] 
2024-02-21 20:32:28,025 [INFO] Activator:176 - 


2024-02-21 20:32:28,026 [INFO] Activator:177 - !SESSION log4j initialized
2024-02-21 20:32:31,705 [INFO] LogOutputStream:77 - [STDOUT_REDIRECT] 
2024-02-21 20:32:37,153 [INFO] ApplicationProperties:184 - Using Application install path: C:\ST\STM32CubeIDE_1.14.1\STM32CubeIDE\plugins\com.st.stm32cube.common.mx_6.10.0.202311202037
2024-02-21 20:32:37,166 [INFO] DbMcusXml:78 - Set database path to: C:\ST\STM32CubeIDE_1.14.1\STM32CubeIDE\plugins\com.st.stm32cube.common.mx_6.10.0.202311202037\\db\/mcu/
2024-02-21 20:32:37,166 [INFO] ApiDb:274 - Set plugin database path to: C:\ST\STM32CubeIDE_1.14.1\STM32CubeIDE\plugins\com.st.stm32cube.common.mx_6.10.0.202311202037\\db\/plugins/boardmanager/
2024-02-21 20:32:37,166 [WARN] ApiDb:259 - Overriding images path with different value:  => C:\ST\STM32CubeIDE_1.14.1\STM32CubeIDE\plugins\com.st.stm32cube.common.mx_6.10.0.202311202037\\db\/plugins/mcufinder/images/
2024-02-21 20:32:37,171 [INFO] ApiDb:250 - Set database path to: C:\Users\tkach\.stmcufinder\plugins\mcufinder//mcu/
2024-02-21 20:32:37,171 [INFO] DbMcusAds:125 - Set database path to: C:\Users\tkach\.stmcufinder\plugins\mcufinder//mcu/
2024-02-21 20:32:37,176 [INFO] CrossReferenceDbSqlite:203 - Set database path to: C:\Users\tkach\.stmcufinder\plugins\mcufinder//mcu/cs/
2024-02-21 20:32:37,276 [INFO] RulesReader:64 - Compatibility file has been processed (297 Rules)
2024-02-21 20:32:37,346 [INFO] DbMcusXml:78 - Set database path to: C:\ST\STM32CubeIDE_1.14.1\STM32CubeIDE\plugins\com.st.stm32cube.common.mx_6.10.0.202311202037\\db\/mcu/
2024-02-21 20:32:37,346 [INFO] ApiDb:274 - Set plugin database path to: C:\ST\STM32CubeIDE_1.14.1\STM32CubeIDE\plugins\com.st.stm32cube.common.mx_6.10.0.202311202037\\db\/plugins/boardmanager/
2024-02-21 20:32:37,346 [INFO] ApiDb:261 - Set plugin images path to: C:\ST\STM32CubeIDE_1.14.1\STM32CubeIDE\plugins\com.st.stm32cube.common.mx_6.10.0.202311202037\\db\/plugins/mcufinder/images/
2024-02-21 20:32:37,346 [WARN] DbFile:41 - Overriding database path with different value: C:\Users\tkach\.stmcufinder\plugins\mcufinder/ => C:\Users\tkach\.stmcufinder\plugins\mcufinder
2024-02-21 20:32:37,346 [INFO] ApiDb:250 - Set database path to: C:\Users\tkach\.stmcufinder\plugins\mcufinder//mcu/
2024-02-21 20:32:37,346 [WARN] DbFile:41 - Overriding database path with different value: C:\Users\tkach\.stmcufinder\plugins\mcufinder/ => C:\Users\tkach\.stmcufinder\plugins\mcufinder
2024-02-21 20:32:37,346 [INFO] DbMcusAds:125 - Set database path to: C:\Users\tkach\.stmcufinder\plugins\mcufinder//mcu/
2024-02-21 20:32:37,346 [WARN] DbFile:41 - Overriding database path with different value: C:\Users\tkach\.stmcufinder\plugins\mcufinder/ => C:\Users\tkach\.stmcufinder\plugins\mcufinder
2024-02-21 20:32:37,346 [WARN] DbFile:41 - Overriding database path with different value: C:\Users\tkach\.stmcufinder\plugins\mcufinder/ => C:\Users\tkach\.stmcufinder\plugins\mcufinder
2024-02-21 20:32:37,346 [INFO] CrossReferenceDbSqlite:203 - Set database path to: C:\Users\tkach\.stmcufinder\plugins\mcufinder//mcu/cs/
2024-02-21 20:32:37,396 [INFO] MainPanel:264 - HeapMemory: 268435456
2024-02-21 20:32:37,446 [INFO] DbMcusXml:78 - Set database path to: C:\ST\STM32CubeIDE_1.14.1\STM32CubeIDE\plugins\com.st.stm32cube.common.mx_6.10.0.202311202037\\db\/mcu/
2024-02-21 20:32:37,446 [INFO] ApiDb:274 - Set plugin database path to: C:\ST\STM32CubeIDE_1.14.1\STM32CubeIDE\plugins\com.st.stm32cube.common.mx_6.10.0.202311202037\\db\/plugins/boardmanager/
2024-02-21 20:32:37,446 [INFO] ApiDb:261 - Set plugin images path to: C:\ST\STM32CubeIDE_1.14.1\STM32CubeIDE\plugins\com.st.stm32cube.common.mx_6.10.0.202311202037\\db\/plugins/mcufinder/images/
2024-02-21 20:32:37,446 [WARN] DbFile:41 - Overriding database path with different value: C:\Users\tkach\.stmcufinder\plugins\mcufinder/ => C:\Users\tkach\.stmcufinder\plugins\mcufinder
2024-02-21 20:32:37,446 [INFO] ApiDb:250 - Set database path to: C:\Users\tkach\.stmcufinder\plugins\mcufinder//mcu/
2024-02-21 20:32:37,453 [WARN] DbFile:41 - Overriding database path with different value: C:\Users\tkach\.stmcufinder\plugins\mcufinder/ => C:\Users\tkach\.stmcufinder\plugins\mcufinder
2024-02-21 20:32:37,453 [INFO] DbMcusAds:125 - Set database path to: C:\Users\tkach\.stmcufinder\plugins\mcufinder//mcu/
2024-02-21 20:32:37,453 [WARN] DbFile:41 - Overriding database path with different value: C:\Users\tkach\.stmcufinder\plugins\mcufinder/ => C:\Users\tkach\.stmcufinder\plugins\mcufinder
2024-02-21 20:32:37,453 [WARN] DbFile:41 - Overriding database path with different value: C:\Users\tkach\.stmcufinder\plugins\mcufinder/ => C:\Users\tkach\.stmcufinder\plugins\mcufinder
2024-02-21 20:32:37,453 [INFO] CrossReferenceDbSqlite:203 - Set database path to: C:\Users\tkach\.stmcufinder\plugins\mcufinder//mcu/cs/
2024-02-21 20:32:37,466 [INFO] ApplicationProperties:184 - Using Application install path: C:\ST\STM32CubeIDE_1.14.1\STM32CubeIDE\plugins\com.st.stm32cube.common.mx_6.10.0.202311202037
2024-02-21 20:32:37,466 [INFO] PluginManage:196 - Search for loadable plugins [exclusion list=, ]
2024-02-21 20:32:37,466 [INFO] PluginManage:310 - Check plugin analytics
2024-02-21 20:32:42,390 [INFO] AnalyticsPlugin:253 - Accepted Software Licenses: 
2024-02-21 20:32:42,390 [INFO] AnalyticsPlugin:255 - Accepted CMSIS Pack Licenses: 
2024-02-21 20:32:42,398 [INFO] AnalyticsPlugin:257 - Accepted Firmware Licenses: 
2024-02-21 20:32:42,412 [INFO] PluginManage:359 - Loaded plugin analytics (category:tool,tabindex:-1)
2024-02-21 20:32:42,417 [INFO] PluginManage:310 - Check plugin cadmodel
2024-02-21 20:32:42,431 [INFO] CADModel:105 - Init CAD model plugin
2024-02-21 20:32:42,431 [INFO] PluginManage:359 - Loaded plugin cadmodel (category:power,tabindex:5)
2024-02-21 20:32:42,431 [INFO] PluginManage:310 - Check plugin clock
2024-02-21 20:32:42,470 [INFO] PluginManage:359 - Loaded plugin clock (category:base,tabindex:2)
2024-02-21 20:32:42,470 [INFO] PluginManage:310 - Check plugin ddr
2024-02-21 20:32:42,480 [INFO] PluginManage:359 - Loaded plugin ddr (category:tool,tabindex:6)
2024-02-21 20:32:42,480 [INFO] PluginManage:310 - Check plugin filemanager
2024-02-21 20:32:42,997 [INFO] PluginManage:359 - Loaded plugin filemanager (category:base,tabindex:10)
2024-02-21 20:32:42,997 [INFO] PluginManage:310 - Check plugin ipmanager
2024-02-21 20:32:43,021 [INFO] PluginManage:359 - Loaded plugin ipmanager (category:base,tabindex:5)
2024-02-21 20:32:43,021 [INFO] PluginManage:310 - Check plugin lpbam
2024-02-21 20:32:43,048 [INFO] PluginManage:359 - Loaded plugin lpbam (category:base,tabindex:0)
2024-02-21 20:32:43,048 [INFO] PluginManage:310 - Check plugin memorymap
2024-02-21 20:32:43,088 [INFO] PluginManage:359 - Loaded plugin memorymap (category:base,tabindex:4)
2024-02-21 20:32:43,088 [INFO] PluginManage:310 - Check plugin pinoutandconfiguration
2024-02-21 20:32:43,109 [INFO] PluginManage:359 - Loaded plugin pinoutandconfiguration (category:base,tabindex:1)
2024-02-21 20:32:43,109 [INFO] PluginManage:310 - Check plugin pinoutconfig
2024-02-21 20:32:43,446 [WARN] SupportedApi:132 - Cannot load RTOS API schema: s4s-elt-must-match.1: The content of 'definitions' must match (annotation?, (simpleType | complexType)?, (unique | key | keyref)*)). A problem was found starting at: attribute.
2024-02-21 20:32:43,936 [INFO] PluginManage:359 - Loaded plugin pinoutconfig (category:base,tabindex:0)
2024-02-21 20:32:43,936 [INFO] PluginManage:310 - Check plugin power
2024-02-21 20:32:43,966 [INFO] PluginManage:359 - Loaded plugin power (category:power,tabindex:4)
2024-02-21 20:32:43,966 [INFO] PluginManage:310 - Check plugin projectmanager
2024-02-21 20:32:44,031 [INFO] PluginManage:359 - Loaded plugin projectmanager (category:projectmanager,tabindex:3)
2024-02-21 20:32:44,031 [INFO] PluginManage:310 - Check plugin thirdparty
2024-02-21 20:32:44,206 [WARN] IntegrityCheckThread:84 - waiting for thirdparty lock release [integrity check]
2024-02-21 20:32:44,206 [INFO] PluginManage:359 - Loaded plugin thirdparty (category:base,tabindex:-1)
2024-02-21 20:32:44,209 [INFO] IntegrityCheckThread:86 - entering critical section [integrity check]
2024-02-21 20:32:44,209 [INFO] PluginManage:310 - Check plugin tools
2024-02-21 20:32:44,209 [INFO] ThirdPartyUpdaterWithRetryManager:70 - Updater plugin not ready yet. [1/15]
2024-02-21 20:32:44,209 [INFO] PluginManage:359 - Loaded plugin tools (category:base,tabindex:7)
2024-02-21 20:32:44,209 [INFO] PluginManage:310 - Check plugin tutovideos
2024-02-21 20:32:44,376 [INFO] PluginManage:359 - Loaded plugin tutovideos (category:base,tabindex:-1)
2024-02-21 20:32:44,376 [INFO] PluginManage:310 - Check plugin updater
2024-02-21 20:32:44,386 [INFO] PluginManage:359 - Loaded plugin updater (category:base,tabindex:12)
2024-02-21 20:32:44,386 [INFO] PluginManage:310 - Check plugin userauth
2024-02-21 20:32:44,386 [INFO] UserAuth:114 - Init User Auth plugin
2024-02-21 20:32:44,386 [INFO] PluginManage:359 - Loaded plugin userauth (category:base,tabindex:14)
2024-02-21 20:32:44,386 [INFO] PluginManage:283 - PluginManage : Loaded plugins [17]
2024-02-21 20:32:44,726 [INFO] PinOutPanel:1499 - setPackage(No Configuration,No Configuration)
2024-02-21 20:32:44,796 [INFO] CADModel:165 - CPN selected for project level
2024-02-21 20:32:44,796 [INFO] CADModel:114 - Register for checkConnection events
2024-02-21 20:32:44,816 [INFO] IPUIPlugin:80 - create IPUIPlugin
2024-02-21 20:32:44,816 [INFO] PluginManager:220 - loadIPPluginJar : add adc
2024-02-21 20:32:44,816 [INFO] IPUIPlugin:80 - create IPUIPlugin
2024-02-21 20:32:44,816 [INFO] PluginManager:220 - loadIPPluginJar : add aes
2024-02-21 20:32:44,816 [INFO] IPUIPlugin:80 - create IPUIPlugin
2024-02-21 20:32:44,816 [INFO] PluginManager:220 - loadIPPluginJar : add can
2024-02-21 20:32:44,816 [INFO] IPUIPlugin:80 - create IPUIPlugin
2024-02-21 20:32:44,816 [INFO] PluginManager:220 - loadIPPluginJar : add comp
2024-02-21 20:32:44,824 [INFO] IPUIPlugin:80 - create IPUIPlugin
2024-02-21 20:32:44,824 [INFO] PluginManager:220 - loadIPPluginJar : add cryp
2024-02-21 20:32:44,826 [INFO] IPUIPlugin:80 - create IPUIPlugin
2024-02-21 20:32:44,826 [INFO] PluginManager:220 - loadIPPluginJar : add dfsdm
2024-02-21 20:32:44,831 [INFO] IPUIPlugin:80 - create IPUIPlugin
2024-02-21 20:32:44,831 [INFO] PluginManager:220 - loadIPPluginJar : add dma
2024-02-21 20:32:44,831 [INFO] IPUIPlugin:80 - create IPUIPlugin
2024-02-21 20:32:44,831 [INFO] PluginManager:220 - loadIPPluginJar : add dma3
2024-02-21 20:32:44,836 [INFO] IPUIPlugin:80 - create IPUIPlugin
2024-02-21 20:32:44,836 [INFO] PluginManager:220 - loadIPPluginJar : add fatfs
2024-02-21 20:32:44,836 [INFO] IPUIPlugin:80 - create IPUIPlugin
2024-02-21 20:32:44,836 [INFO] PluginManager:220 - loadIPPluginJar : add fmc
2024-02-21 20:32:44,842 [INFO] IPUIPlugin:80 - create IPUIPlugin
2024-02-21 20:32:44,842 [INFO] PluginManager:220 - loadIPPluginJar : add freertos
2024-02-21 20:32:44,846 [INFO] IPUIPlugin:80 - create IPUIPlugin
2024-02-21 20:32:44,846 [INFO] PluginManager:220 - loadIPPluginJar : add genericplugin
2024-02-21 20:32:44,846 [INFO] IPUIPlugin:80 - create IPUIPlugin
2024-02-21 20:32:44,846 [INFO] PluginManager:220 - loadIPPluginJar : add gfxmmu
2024-02-21 20:32:44,851 [INFO] IPUIPlugin:80 - create IPUIPlugin
2024-02-21 20:32:44,851 [INFO] PluginManager:220 - loadIPPluginJar : add gic
2024-02-21 20:32:44,851 [INFO] IPUIPlugin:80 - create IPUIPlugin
2024-02-21 20:32:44,851 [INFO] PluginManager:220 - loadIPPluginJar : add gpio
2024-02-21 20:32:44,856 [INFO] IPUIPlugin:80 - create IPUIPlugin
2024-02-21 20:32:44,856 [INFO] PluginManager:220 - loadIPPluginJar : add gtzc
2024-02-21 20:32:44,856 [INFO] IPUIPlugin:80 - create IPUIPlugin
2024-02-21 20:32:44,856 [INFO] PluginManager:220 - loadIPPluginJar : add hash
2024-02-21 20:32:44,861 [INFO] IPUIPlugin:80 - create IPUIPlugin
2024-02-21 20:32:44,861 [INFO] PluginManager:220 - loadIPPluginJar : add i2c
2024-02-21 20:32:44,861 [INFO] IPUIPlugin:80 - create IPUIPlugin
2024-02-21 20:32:44,861 [INFO] PluginManager:220 - loadIPPluginJar : add i2s
2024-02-21 20:32:44,861 [INFO] IPUIPlugin:80 - create IPUIPlugin
2024-02-21 20:32:44,861 [INFO] PluginManager:220 - loadIPPluginJar : add i3c
2024-02-21 20:32:44,866 [INFO] IPUIPlugin:80 - create IPUIPlugin
2024-02-21 20:32:44,866 [INFO] PluginManager:220 - loadIPPluginJar : add ipddr
2024-02-21 20:32:44,871 [INFO] IPUIPlugin:80 - create IPUIPlugin
2024-02-21 20:32:44,871 [INFO] PluginManager:220 - loadIPPluginJar : add linkedlist
2024-02-21 20:32:44,871 [INFO] IPUIPlugin:80 - create IPUIPlugin
2024-02-21 20:32:44,876 [INFO] PluginManager:220 - loadIPPluginJar : add lorawan
2024-02-21 20:32:44,876 [INFO] IPUIPlugin:80 - create IPUIPlugin
2024-02-21 20:32:44,876 [INFO] PluginManager:220 - loadIPPluginJar : add ltdc
2024-02-21 20:32:44,881 [INFO] IPUIPlugin:80 - create IPUIPlugin
2024-02-21 20:32:44,881 [INFO] PluginManager:220 - loadIPPluginJar : add mdma
2024-02-21 20:32:44,881 [INFO] IPUIPlugin:80 - create IPUIPlugin
2024-02-21 20:32:44,881 [INFO] PluginManager:220 - loadIPPluginJar : add nvic
2024-02-21 20:32:44,886 [INFO] IPUIPlugin:80 - create IPUIPlugin
2024-02-21 20:32:44,886 [INFO] PluginManager:220 - loadIPPluginJar : add opamp
2024-02-21 20:32:44,886 [INFO] IPUIPlugin:80 - create IPUIPlugin
2024-02-21 20:32:44,886 [INFO] PluginManager:220 - loadIPPluginJar : add openamp
2024-02-21 20:32:44,891 [INFO] IPUIPlugin:80 - create IPUIPlugin
2024-02-21 20:32:44,891 [INFO] PluginManager:220 - loadIPPluginJar : add pdm2pcm
2024-02-21 20:32:44,896 [INFO] IPUIPlugin:80 - create IPUIPlugin
2024-02-21 20:32:44,897 [INFO] PluginManager:220 - loadIPPluginJar : add plateformsettings
2024-02-21 20:32:44,897 [INFO] IPUIPlugin:80 - create IPUIPlugin
2024-02-21 20:32:44,897 [INFO] PluginManager:220 - loadIPPluginJar : add quadspi
2024-02-21 20:32:44,897 [INFO] IPUIPlugin:80 - create IPUIPlugin
2024-02-21 20:32:44,897 [INFO] PluginManager:220 - loadIPPluginJar : add resmgrutility
2024-02-21 20:32:44,897 [INFO] IPUIPlugin:80 - create IPUIPlugin
2024-02-21 20:32:44,897 [INFO] PluginManager:220 - loadIPPluginJar : add sai
2024-02-21 20:32:44,906 [INFO] IPUIPlugin:80 - create IPUIPlugin
2024-02-21 20:32:44,907 [INFO] PluginManager:220 - loadIPPluginJar : add spi
2024-02-21 20:32:44,911 [INFO] IPUIPlugin:80 - create IPUIPlugin
2024-02-21 20:32:44,911 [INFO] PluginManager:220 - loadIPPluginJar : add stm32_wpan
2024-02-21 20:32:44,911 [INFO] IPUIPlugin:80 - create IPUIPlugin
2024-02-21 20:32:44,911 [INFO] PluginManager:220 - loadIPPluginJar : add tim
2024-02-21 20:32:44,916 [INFO] IPUIPlugin:80 - create IPUIPlugin
2024-02-21 20:32:44,916 [INFO] PluginManager:220 - loadIPPluginJar : add touchsensing
2024-02-21 20:32:44,916 [INFO] IPUIPlugin:80 - create IPUIPlugin
2024-02-21 20:32:44,916 [INFO] PluginManager:220 - loadIPPluginJar : add tracer_emb
2024-02-21 20:32:44,916 [INFO] IPUIPlugin:80 - create IPUIPlugin
2024-02-21 20:32:44,916 [INFO] PluginManager:220 - loadIPPluginJar : add ts
2024-02-21 20:32:44,921 [INFO] IPUIPlugin:80 - create IPUIPlugin
2024-02-21 20:32:44,921 [INFO] PluginManager:220 - loadIPPluginJar : add tsc
2024-02-21 20:32:44,921 [INFO] IPUIPlugin:80 - create IPUIPlugin
2024-02-21 20:32:44,921 [INFO] PluginManager:220 - loadIPPluginJar : add ucpd
2024-02-21 20:32:44,924 [INFO] IPUIPlugin:80 - create IPUIPlugin
2024-02-21 20:32:44,926 [INFO] PluginManager:220 - loadIPPluginJar : add usart
2024-02-21 20:32:44,926 [INFO] IPUIPlugin:80 - create IPUIPlugin
2024-02-21 20:32:44,926 [INFO] PluginManager:220 - loadIPPluginJar : add usbx
2024-02-21 20:32:45,066 [INFO] CADModel:165 - CPN selected for project level
2024-02-21 20:32:45,066 [INFO] CADModel:114 - Register for checkConnection events
2024-02-21 20:32:45,066 [FATAL] Updater:308 - Updater called before beeing initialized
2024-02-21 20:32:45,066 [ERROR] CADModel:125 - Updater not yet initialized, retry later 
2024-02-21 20:32:45,216 [INFO] CADModel:165 - CPN selected for project level
2024-02-21 20:32:45,216 [INFO] CADModel:114 - Register for checkConnection events
2024-02-21 20:32:45,216 [FATAL] Updater:308 - Updater called before beeing initialized
2024-02-21 20:32:45,216 [ERROR] CADModel:125 - Updater not yet initialized, retry later 
2024-02-21 20:32:45,216 [FATAL] Updater:308 - Updater called before beeing initialized
2024-02-21 20:32:45,326 [FATAL] Updater:308 - Updater called before beeing initialized
2024-02-21 20:32:45,326 [INFO] DbMcusAds:53 - JSON generation date=Wed Nov 29 12:52:27 EET 2023 (1701255147349)
2024-02-21 20:32:45,326 [FATAL] Updater:308 - Updater called before beeing initialized
2024-02-21 20:32:45,366 [WARN] DetailPanel:346 - Failed to get advertising image, set to default
2024-02-21 20:32:45,486 [FATAL] Updater:308 - Updater called before beeing initialized
2024-02-21 20:32:45,491 [FATAL] Updater:308 - Updater called before beeing initialized
2024-02-21 20:32:45,491 [FATAL] Updater:308 - Updater called before beeing initialized
2024-02-21 20:32:45,491 [WARN] DetailPanel:346 - Failed to get advertising image, set to default
2024-02-21 20:32:45,491 [FATAL] Updater:308 - Updater called before beeing initialized
2024-02-21 20:32:45,536 [ERROR] Updater:1120 - MainUpdater not yet initialized. External WinMGr cannot be set.
2024-02-21 20:32:45,546 [INFO] Updater:1056 - Updater Version found : 6.10.0
2024-02-21 20:32:45,566 [INFO] ApplicationProperties:184 - Using Application install path: C:\ST\STM32CubeIDE_1.14.1\STM32CubeIDE\plugins\com.st.stm32cube.common.mx_6.10.0.202311202037
2024-02-21 20:32:47,207 [ERROR] LogOutputStream:75 - [STDERR_REDIRECT] Feb 21, 2024 8:32:47 PM java.util.prefs.WindowsPreferences <init>
2024-02-21 20:32:47,207 [ERROR] LogOutputStream:75 - [STDERR_REDIRECT] WARNING: Could not open/create prefs root node Software\JavaSoft\Prefs at root 0xffffffff80000002. Windows RegCreateKeyEx(...) returned error code 5.
2024-02-21 20:32:47,207 [ERROR] LogOutputStream:75 - [STDERR_REDIRECT] 
2024-02-21 20:32:47,217 [INFO] ThirdPartyUpdaterWithRetryManager:70 - Updater plugin not ready yet. [2/15]
2024-02-21 20:32:47,487 [INFO] MainUpdater:2873 - connection check result : 10
2024-02-21 20:32:47,487 [INFO] MainUpdater:290 - Updater Check For Update Now.
2024-02-21 20:32:47,487 [INFO] MicroXplorer:498 - Change Database Version : DB.6.0.100
2024-02-21 20:32:47,498 [INFO] McuFinderGlobals:63 - Set McuFinder mode to 2 (CubeIDE integrated)
2024-02-21 20:32:47,696 [INFO] CheckServerUpdateThread:120 - End of CheckServer Thread
2024-02-21 20:32:47,961 [INFO] UserAuth:404 - Internet connection configuration mode: 1
2024-02-21 20:32:47,991 [INFO] JxBrowserEngine:152 - Initiate JxBrowser Engine with user profile folder
2024-02-21 20:32:48,506 [INFO] WebApp:161 - Instantiating new browser for Auth
2024-02-21 20:32:48,976 [INFO] WebApp:780 - Register for checkConnection events
2024-02-21 20:32:48,976 [INFO] WebApp:414 - Apply proxy settings
2024-02-21 20:32:48,976 [INFO] WebApp:499 - Chromium requires no authentication
2024-02-21 20:32:48,982 [INFO] WebApp:442 - Direct internet connection detected
2024-02-21 20:32:49,111 [INFO] WebApp:192 - Starting web application
2024-02-21 20:32:49,111 [INFO] WebApp:544 - Web application path used C:\ST\STM32CubeIDE_1.14.1\STM32CubeIDE\plugins\com.st.stm32cube.common.mx_6.10.0.202311202037\db\plugins\mcufinder\reactClient1\index.html
2024-02-21 20:32:50,400 [WARN] PackLoader:240 - Cannot read IP mode file for STMicroelectronics.X-CUBE-SMBUS.2.1.0
2024-02-21 20:32:50,415 [WARN] PackLoader:240 - Cannot read IP mode file for STMicroelectronics.X-CUBE-TOUCHGFX.4.23.0
2024-02-21 20:32:50,458 [WARN] PackLoader:240 - Cannot read IP mode file for STMicroelectronics.X-CUBE-AZRTOS-F7.1.1.0
2024-02-21 20:32:50,469 [WARN] PackLoader:240 - Cannot read IP mode file for STMicroelectronics.FP-SNS-MOTENV1.4.3.2
2024-02-21 20:32:50,478 [WARN] PackLoader:240 - Cannot read IP mode file for STMicroelectronics.FP-SNS-FLIGHT1.5.0.2
2024-02-21 20:32:50,487 [WARN] PackLoader:240 - Cannot read IP mode file for STMicroelectronics.X-CUBE-DISPLAY.3.0.0
2024-02-21 20:32:50,502 [WARN] PackLoader:240 - Cannot read IP mode file for STMicroelectronics.X-CUBE-BLE1.7.0.0
2024-02-21 20:32:50,511 [WARN] PackLoader:240 - Cannot read IP mode file for emotas.I-CUBE-CANOPEN.1.3.0
2024-02-21 20:32:50,518 [WARN] PackLoader:240 - Cannot read IP mode file for STMicroelectronics.FP-SNS-SMARTAG2.1.2.0
2024-02-21 20:32:50,536 [INFO] LogOutputStream:77 - [STDOUT_REDIRECT] 1 : Invalid condition id : UX_CORESTACK_Condition cause : null
2024-02-21 20:32:50,536 [INFO] LogOutputStream:77 - [STDOUT_REDIRECT] 1 : Invalid condition id : UX_CORESTACK_Condition cause : null
2024-02-21 20:32:50,538 [INFO] LogOutputStream:77 - [STDOUT_REDIRECT] 1 : Invalid condition id : UX_CORESTACK_Condition cause : null
2024-02-21 20:32:50,539 [INFO] LogOutputStream:77 - [STDOUT_REDIRECT] 1 : Invalid condition id : UX_CORESTACK_Condition cause : null
2024-02-21 20:32:50,541 [INFO] LogOutputStream:77 - [STDOUT_REDIRECT] 1 : Invalid condition id : UX_CORESTACK_Condition cause : null
2024-02-21 20:32:50,550 [WARN] PackLoader:240 - Cannot read IP mode file for STMicroelectronics.X-CUBE-AZRTOS-WL.2.0.0
2024-02-21 20:32:50,563 [WARN] PackLoader:240 - Cannot read IP mode file for WES.I-CUBE-Cesium.1.3.0
2024-02-21 20:32:50,571 [WARN] PackLoader:240 - Cannot read IP mode file for STMicroelectronics.X-CUBE-BLE2.3.3.0
2024-02-21 20:32:50,581 [WARN] PackLoader:240 - Cannot read IP mode file for STMicroelectronics.X-CUBE-ALGOBUILD.1.3.0
2024-02-21 20:32:50,605 [WARN] PackLoader:240 - Cannot read IP mode file for STMicroelectronics.X-CUBE-AZRTOS-G0.1.1.0
2024-02-21 20:32:50,615 [WARN] PackLoader:240 - Cannot read IP mode file for STMicroelectronics.X-CUBE-NFC4.3.0.0
2024-02-21 20:32:50,630 [WARN] PackLoader:240 - Cannot read IP mode file for STMicroelectronics.X-CUBE-BLEMGR.3.0.0
2024-02-21 20:32:50,637 [WARN] PackLoader:240 - Cannot read IP mode file for STMicroelectronics.FP-ATR-SIGFOX1.3.2.0
2024-02-21 20:32:50,645 [WARN] PackLoader:240 - Cannot read IP mode file for STMicroelectronics.X-CUBE-EEPRMA1.5.1.0
2024-02-21 20:32:50,687 [WARN] PackLoader:240 - Cannot read IP mode file for SEGGER.I-CUBE-embOS.1.3.1
2024-02-21 20:32:50,735 [WARN] PackLoader:240 - Cannot read IP mode file for STMicroelectronics.X-CUBE-GNSS1.6.0.0
2024-02-21 20:32:50,755 [WARN] PackLoader:240 - Cannot read IP mode file for STMicroelectronics.X-CUBE-AZRTOS-F4.1.1.0
2024-02-21 20:32:50,762 [WARN] PackLoader:240 - Cannot read IP mode file for wolfSSL.I-CUBE-wolfSSL.5.6.6
2024-02-21 20:32:50,798 [WARN] PackLoader:240 - Cannot read IP mode file for STMicroelectronics.X-CUBE-AZRTOS-L5.2.0.0
2024-02-21 20:32:50,805 [WARN] PackLoader:240 - Cannot read IP mode file for STMicroelectronics.X-CUBE-EEPRMA1.4.2.0
2024-02-21 20:32:50,812 [WARN] PackLoader:240 - Cannot read IP mode file for ITTIA_DB.I-CUBE-ITTIADB.8.8.0
2024-02-21 20:32:50,817 [WARN] PackLoader:240 - Cannot read IP mode file for STMicroelectronics.X-CUBE-NFC7.1.0.1
2024-02-21 20:32:50,825 [WARN] PackLoader:240 - Cannot read IP mode file for STMicroelectronics.X-CUBE-NFC6.3.0.0
2024-02-21 20:32:50,830 [WARN] PackLoader:240 - Cannot read IP mode file for STMicroelectronics.X-CUBE-AI.8.1.0
2024-02-21 20:32:50,852 [WARN] ConditionMgr:438 - getConditionDescription Invalid condition id : LAN8742 Phy interface Condition cause : null
2024-02-21 20:32:50,853 [WARN] PackLoader:240 - Cannot read IP mode file for STMicroelectronics.X-CUBE-AZRTOS-L4.2.0.0
2024-02-21 20:32:50,855 [WARN] ConditionMgr:1039 - genDependencies : Invalid condition id : LAN8742 Phy interface Condition cause : null
2024-02-21 20:32:50,855 [WARN] ConditionMgr:1039 - genDependencies : Invalid condition id : LAN8742 Phy interface Condition cause : null
2024-02-21 20:32:50,856 [WARN] ConditionMgr:1039 - genDependencies : Invalid condition id : LAN8742 Phy interface Condition cause : null
2024-02-21 20:32:50,866 [WARN] PackLoader:240 - Cannot read IP mode file for STMicroelectronics.X-CUBE-SFXS2LP1.4.0.0
2024-02-21 20:32:50,883 [WARN] ConditionMgr:438 - getConditionDescription Invalid condition id : UX DEVICE CLASS RTOS Condition cause : null
2024-02-21 20:32:50,883 [WARN] ConditionMgr:438 - getConditionDescription Invalid condition id : UX DEVICE CLASS RTOS Condition cause : null
2024-02-21 20:32:50,885 [WARN] PackLoader:240 - Cannot read IP mode file for STMicroelectronics.X-CUBE-AZRTOS-WB.2.0.0
2024-02-21 20:32:50,885 [WARN] ConditionMgr:1039 - genDependencies : Invalid condition id : UX DEVICE CLASS RTOS Condition cause : null
2024-02-21 20:32:50,885 [WARN] ConditionMgr:1039 - genDependencies : Invalid condition id : UX DEVICE CLASS RTOS Condition cause : null
2024-02-21 20:32:50,886 [WARN] ConditionMgr:1039 - genDependencies : Invalid condition id : UX DEVICE CLASS RTOS Condition cause : null
2024-02-21 20:32:50,886 [WARN] ConditionMgr:1039 - genDependencies : Invalid condition id : UX DEVICE CLASS RTOS Condition cause : null
2024-02-21 20:32:50,886 [WARN] ConditionMgr:1039 - genDependencies : Invalid condition id : UX DEVICE CLASS RTOS Condition cause : null
2024-02-21 20:32:50,897 [WARN] PackLoader:240 - Cannot read IP mode file for STMicroelectronics.X-CUBE-SUBG2.5.0.0
2024-02-21 20:32:50,925 [WARN] PackLoader:240 - Cannot read IP mode file for STMicroelectronics.X-CUBE-AZRTOS-G4.2.0.0
2024-02-21 20:32:50,943 [WARN] PackLoader:240 - Cannot read IP mode file for Infineon.AIROC-Wi-Fi-Bluetooth-STM32.1.5.1
2024-02-21 20:32:50,953 [WARN] PackLoader:240 - Cannot read IP mode file for STMicroelectronics.FP-SNS-MOTENVWB1.1.3.1
2024-02-21 20:32:50,958 [WARN] PackLoader:240 - Cannot read IP mode file for STMicroelectronics.X-CUBE-ISPU.2.0.0
2024-02-21 20:32:51,013 [WARN] PackLoader:240 - Cannot read IP mode file for STMicroelectronics.X-CUBE-MEMS1.10.0.0
2024-02-21 20:32:51,220 [WARN] PackLoader:240 - Cannot read IP mode file for STMicroelectronics.X-CUBE-FREERTOS.1.1.0
2024-02-21 20:32:51,226 [WARN] PackLoader:240 - Cannot read IP mode file for portGmbH.I-Cube-SoM-uGOAL.1.1.0
2024-02-21 20:32:51,229 [WARN] PackLoader:240 - Cannot read IP mode file for STMicroelectronics.X-CUBE-ALS.1.0.1
2024-02-21 20:32:51,233 [WARN] PackLoader:240 - Cannot read IP mode file for STMicroelectronics.FP-ATR-ASTRA1.2.0.0
2024-02-21 20:32:51,243 [WARN] PackLoader:240 - Cannot read IP mode file for STMicroelectronics.X-CUBE-TOF1.3.4.0
2024-02-21 20:32:51,272 [WARN] PackLoader:240 - Cannot read IP mode file for STMicroelectronics.X-CUBE-AZRTOS-H7.3.2.0
2024-02-21 20:32:51,276 [INFO] ThirdParty:978 - Integrity check success = true
2024-02-21 20:32:51,276 [INFO] IntegrityCheckThread:100 - exiting critical section [integrity check]
2024-02-21 20:32:51,276 [INFO] IntegrityCheckThread:103 - End integrity checks thread
2024-02-21 20:33:09,855 [ERROR] LogOutputStream:75 - [STDERR_REDIRECT] SLF4J: Failed to load class "org.slf4j.impl.StaticLoggerBinder".
2024-02-21 20:33:09,857 [ERROR] LogOutputStream:75 - [STDERR_REDIRECT] SLF4J: Defaulting to no-operation (NOP) logger implementation
2024-02-21 20:33:09,858 [ERROR] LogOutputStream:75 - [STDERR_REDIRECT] SLF4J: See http://www.slf4j.org/codes.html#StaticLoggerBinder for further details.
2024-02-21 21:34:34,340 [INFO] McuFinderGlobals:63 - Set McuFinder mode to 2 (CubeIDE integrated)
2024-02-21 21:34:34,342 [INFO] MainUpdater:2873 - connection check result : 10
2024-02-21 21:34:34,644 [INFO] ApiDb:581 - Connected to CubeFinder SQLite database (C:\Users\tkach\.stmcufinder\plugins\mcufinder\mcu\cube-finder-db.db)
2024-02-21 21:34:34,705 [INFO] ApiDb:668 - CubeFinder database Data Model version=2.1
2024-02-21 21:34:34,705 [INFO] ApiDb:669 - CubeFinder database Configuration version=3.0.39
2024-02-21 21:34:34,707 [INFO] ApiDb:670 - CubeFinder database generation date=2024-01-11 (1704964531)
2024-02-21 21:34:34,707 [INFO] ApiDb:671 - CubeFinder database FW Pack versions=[FP-ATR-ASTRA1_V2.0.0, FP-SNS-FLIGHT1_V5.0.1, FP-SNS-FLIGHT1_V5.0.2, FP-SNS-MOTENV1_V4.3.1, FP-SNS-MOTENV1_V4.3.2, FP-SNS-MOTENVWB1_V1.3.1, FP-SNS-SMARTAG2_V1.2.0, STM32Cube_FW_C0_V1.1.0, STM32Cube_FW_F4_V1.28.0, STM32Cube_FW_F7_V1.17.0, STM32Cube_FW_G0_V1.6.2, STM32Cube_FW_G4_V1.5.2, STM32Cube_FW_H5_V0.5.1, STM32Cube_FW_H5_V1.1.1, STM32Cube_FW_H5_V1.2.0RC2, STM32Cube_FW_H7_V1.11.0, STM32Cube_FW_L0_V1.12.2, STM32Cube_FW_L5_V1.5.0, STM32Cube_FW_U5_V1.3.0RC4, STM32Cube_FW_U5_V1.4.0, STM32Cube_FW_WBA_V1.0.0RC1, STM32Cube_FW_WBA_V1.1.0RC1, STM32Cube_FW_WBA_V1.2.0, STM32Cube_FW_WBA_V1.2.0RC2, STM32Cube_FW_WB_V1.15.0RC1, STM32Cube_FW_WB_V1.16.0, STM32Cube_FW_WB_V1.16.0RC2, STM32Cube_FW_WB_V1.18.0, STM32Cube_FW_WL_V1.3.0, X-CUBE-ALGOBUILD_V1.3.0, X-CUBE-ALS_V1.0.1, X-CUBE-AZRTOS-F4_V1.1.0, X-CUBE-AZRTOS-F7_V1.1.0, X-CUBE-AZRTOS-G0_V1.1.0, X-CUBE-AZRTOS-G4_V2.0.0, X-CUBE-AZRTOS-H7_V3.2.0, X-CUBE-AZRTOS-L4_V1.0.0, X-CUBE-AZRTOS-L4_V2.0.0, X-CUBE-AZRTOS-L5_V1.1.0, X-CUBE-AZRTOS-WB_V2.0.0, X-CUBE-AZRTOS-WL_V2.0.0, X-CUBE-BLE1_V7.0.0, X-CUBE-BLE2_V3.3.0, X-CUBE-BLEMGR_V3.0.0, X-CUBE-EEPRMA1_V4.1.0, X-CUBE-EEPRMA1_V4.2.0, X-CUBE-FREERTOS_V1.1.0, X-CUBE-GNSS1_V6.0.0, X-CUBE-MEMS1_V10.0.0, X-CUBE-MEMS1_V9.1.0, X-CUBE-MEMS1_V9.4.0, X-CUBE-MEMS1_V9.6.0, X-CUBE-NFC4_V3.0.0, X-CUBE-NFC7_V1.0.1, X-CUBE-SFXS2LP1_V4.0.0, X-CUBE-SUBG2_V5.0.0, X-CUBE-TOF1_V3.4.0]
2024-02-21 21:34:34,781 [INFO] DbBoardsSqlite:226 - include board P-NUCLEO-WB55-NUCLEO as a kit item of type 'Nucleo-64'
2024-02-21 21:34:34,781 [INFO] DbBoardsSqlite:226 - include board P-NUCLEO-WB55-USBDONGLE as a kit item of type 'Nucleo USB Dongle'
2024-02-21 21:34:34,781 [INFO] DbBoardsSqlite:226 - include board STEVAL-IDP005V1 as a kit item of type 'Evaluation Board'
2024-02-21 21:34:34,782 [INFO] DbBoardsSqlite:226 - include board STEVAL-IDP005V2 as a kit item of type 'Evaluation Board'
2024-02-21 21:34:34,837 [INFO] ApiDb:240 - Found 371 in-development CPN: [B-G473E-ZEST1S, B-WB1M-WPAN1, B-WL5M-SUBG1, NUCLEO-C031C6, NUCLEO-H503RB, NUCLEO-H563ZI, NUCLEO-U545RE-Q, NUCLEO-U5A5ZJ-Q, NUCLEO-WBA52CG, NUCLEO-WBA55CG, STEVAL-MKBOXPRO, STEVAL-PROTEUS1, STEVAL-STWINBX1, STM320518-EVAL, STM32C0116-DK, STM32C011D6Y3TR, STM32C011D6Y6TR, STM32C011F4P3, STM32C011F4P6, STM32C011F4U3, STM32C011F4U6TR, STM32C011F6P3, STM32C011F6P6, STM32C011F6U3, STM32C011F6U6TR, STM32C011J4M3, STM32C011J4M6, STM32C011J6M3, STM32C011J6M6, STM32C0316-DK, STM32C031C4T3, STM32C031C4T6, STM32C031C4U3, STM32C031C4U6, STM32C031C6T3, STM32C031C6T6, STM32C031C6U3, STM32C031C6U6, STM32C031F4P3, STM32C031F4P6, STM32C031F6P3, STM32C031F6P6, STM32C031G4U3, STM32C031G4U6, STM32C031G6U3, STM32C031G6U6, STM32C031K4T3, STM32C031K4T6, STM32C031K4U3, STM32C031K4U6, STM32C031K6T3, STM32C031K6T6, STM32C031K6U3, STM32C031K6U6, STM32G071K8TXN, STM32G071K8UXN, STM32G081GBU6N, STM32G081KBT6N, STM32G081KBUXN, STM32G0B1CCT6N, STM32G0B1KCT6, STM32G0B1NEY6TR, STM32G0B1RCT6N, STM32G0C1CCT6, STM32G0C1CCT6N, STM32G0C1CCU6N, STM32G0C1CET6N, STM32G0C1CEU6N, STM32G0C1KCT6, STM32G0C1NEY6TR, STM32G0C1RCI6N, STM32G0C1RCT6N, STM32G0C1REI6N, STM32G0C1RET6N, STM32G0C1VCI6, STM32G0C1VEI6, STM32G471CCT6, STM32G471CCU6, STM32G471CET3, STM32G471CET6, STM32G471CEU3, STM32G471CEU6, STM32G471MCT6, STM32G471MET3, STM32G471MET6, STM32G471MEY6TR, STM32G471QCT6, STM32G471QET3, STM32G471RCT6, STM32G471RET3, STM32G471RET6, STM32G471VCH6, STM32G471VCI6, STM32G471VCT6, STM32G471VEH3, STM32G471VEH6, STM32G471VEI3, STM32G471VEI6, STM32G471VET3, STM32G471VET6, STM32G474CCT6, STM32H503CBT6, STM32H503CBU6, STM32H503EBY6TR, STM32H503KBU6, STM32H503RBT6, STM32H562AGI6, STM32H562AII6, STM32H562IGK6, STM32H562IGT6, STM32H562IIK6, STM32H562IIT6, STM32H562RGT6, STM32H562RGV6, STM32H562RIT6, STM32H562RIV6, STM32H562VGT6, STM32H562VIT6, STM32H562ZGT6, STM32H562ZIT6, STM32H563AGI6, STM32H563AII3Q, STM32H563AII6, STM32H563IGK6, STM32H563IGT6, STM32H563IIK3Q, STM32H563IIK6, STM32H563IIT3Q, STM32H563IIT6, STM32H563MIY3QTR, STM32H563RGT6, STM32H563RGV6, STM32H563RIT6, STM32H563RIV6, STM32H563VGT6, STM32H563VIT3Q, STM32H563VIT6, STM32H563ZGT6, STM32H563ZIT3Q, STM32H563ZIT6, STM32H573AII3Q, STM32H573AII6, STM32H573I-DK, STM32H573IIK3Q, STM32H573IIK6, STM32H573IIT3Q, STM32H573IIT6, STM32H573MIY3QTR, STM32H573RIT6, STM32H573RIV6, STM32H573VIT3Q, STM32H573VIT6, STM32H573ZIT3Q, STM32H573ZIT6, STM32L4R5QGI6STR, STM32MP131AAE3, STM32MP131AAF3, STM32MP131AAG3, STM32MP131CAE3, STM32MP131CAF3, STM32MP131CAG3, STM32MP131DAE7, STM32MP131DAF7, STM32MP131DAG7, STM32MP131FAE7, STM32MP131FAF7, STM32MP131FAG7, STM32MP133AAE3, STM32MP133AAF3, STM32MP133AAG3, STM32MP133CAE3, STM32MP133CAF3, STM32MP133CAG3, STM32MP133DAE7, STM32MP133DAF7, STM32MP133DAG7, STM32MP133FAE7, STM32MP133FAF7, STM32MP133FAG7, STM32MP135AAE3, STM32MP135AAF3, STM32MP135AAG3, STM32MP135CAE3, STM32MP135CAF3, STM32MP135CAG3, STM32MP135DAE7, STM32MP135DAF7, STM32MP135DAG7, STM32MP135F-DK, STM32MP135FAE7, STM32MP135FAF7, STM32MP135FAF7T, STM32MP135FAF7U, STM32MP135FAG7, STM32U535CBT6, STM32U535CBT6Q, STM32U535CBU6, STM32U535CBU6Q, STM32U535CCT6, STM32U535CCT6Q, STM32U535CCU6, STM32U535CCU6Q, STM32U535CET6, STM32U535CET6Q, STM32U535CEU6, STM32U535CEU6Q, STM32U535JEY6QTR, STM32U535NCY6QTR, STM32U535NEY6QTR, STM32U535RBI6, STM32U535RBI6Q, STM32U535RBT6, STM32U535RBT6Q, STM32U535RCI6, STM32U535RCI6Q, STM32U535RCT6, STM32U535RCT6Q, STM32U535REI6, STM32U535REI6Q, STM32U535RET6, STM32U535RET6Q, STM32U535VCI6, STM32U535VCI6Q, STM32U535VCT6, STM32U535VCT6Q, STM32U535VEI6, STM32U535VEI6Q, STM32U535VET6, STM32U535VET6Q, STM32U545CET6, STM32U545CET6Q, STM32U545CEU6, STM32U545CEU6Q, STM32U545JEY6QTR, STM32U545NEY6QTR, STM32U545REI6, STM32U545REI6Q, STM32U545RET6, STM32U545RET6Q, STM32U545VEI6, STM32U545VEI6Q, STM32U545VET6, STM32U545VET6Q, STM32U595AIH6, STM32U595AIH6Q, STM32U595AJH6, STM32U595AJH6Q, STM32U595QII6, STM32U595QII6Q, STM32U595QJI6, STM32U595QJI6Q, STM32U595RIT6, STM32U595RIT6Q, STM32U595RJT6, STM32U595RJT6Q, STM32U595VIT6, STM32U595VIT6Q, STM32U595VJT6, STM32U595VJT6Q, STM32U595ZIT6, STM32U595ZIT6Q, STM32U595ZIY6QTR, STM32U595ZJT6, STM32U595ZJT6Q, STM32U595ZJY6QTR, STM32U599BJY6QTR, STM32U599NIH6Q, STM32U599NJH6Q, STM32U599VIT6Q, STM32U599VJT6, STM32U599VJT6Q, STM32U599ZIT6Q, STM32U599ZIY6QTR, STM32U599ZJT6Q, STM32U599ZJY6QTR, STM32U5A5AJH6, STM32U5A5AJH6Q, STM32U5A5QJI6, STM32U5A5QJI6Q, STM32U5A5RJT6, STM32U5A5RJT6Q, STM32U5A5VJT6, STM32U5A5VJT6Q, STM32U5A5ZJT6, STM32U5A5ZJT6Q, STM32U5A5ZJY6QTR, STM32U5A9BJY6QTR, STM32U5A9J-DK, STM32U5A9NJH6Q, STM32U5A9VJT6Q, STM32U5A9ZJT6Q, STM32U5A9ZJY6QTR, STM32U5F7VIT6, STM32U5F7VIT6Q, STM32U5F7VJT6, STM32U5F7VJT6Q, STM32U5F9BJY6QTR, STM32U5F9NJH6Q, STM32U5F9VIT6Q, STM32U5F9VJT6Q, STM32U5F9ZIJ6QTR, STM32U5F9ZIT6Q, STM32U5F9ZJJ6QTR, STM32U5F9ZJT6Q, STM32U5G7VJT6, STM32U5G7VJT6Q, STM32U5G9BJY6QTR, STM32U5G9J-DK1, STM32U5G9J-DK2, STM32U5G9NJH6Q, STM32U5G9VJT6Q, STM32U5G9ZJJ6QTR, STM32U5G9ZJT6Q, STM32WB1MMCH6, STM32WBA50KEU6, STM32WBA50KEU6TR, STM32WBA50KGU6, STM32WBA50KGU6TR, STM32WBA52CEU6, STM32WBA52CEU6TR, STM32WBA52CEU7, STM32WBA52CEU7TR, STM32WBA52CGU6, STM32WBA52CGU6TR, STM32WBA52CGU6U, STM32WBA52CGU7, STM32WBA52CGU7TR, STM32WBA52KEU6, STM32WBA52KEU6TR, STM32WBA52KGU6, STM32WBA52KGU6TR, STM32WBA54CEU6, STM32WBA54CEU6TR, STM32WBA54CEU7, STM32WBA54CEU7TR, STM32WBA54CGU6, STM32WBA54CGU6TR, STM32WBA54CGU7, STM32WBA54CGU7TR, STM32WBA54KEU6, STM32WBA54KEU6TR, STM32WBA54KEU7, STM32WBA54KEU7TR, STM32WBA54KGU6, STM32WBA54KGU6TR, STM32WBA54KGU7, STM32WBA54KGU7TR, STM32WBA55CEU6, STM32WBA55CEU6TR, STM32WBA55CEU7, STM32WBA55CEU7TR, STM32WBA55CGU6, STM32WBA55CGU6TR, STM32WBA55CGU6U, STM32WBA55CGU7, STM32WBA55CGU7TR, STM32WBA55G-DK1, STM32WBA55HEF6, STM32WBA55HEF7, STM32WBA55HGF6, STM32WBA55HGF7, STM32WBA55UEI6, STM32WBA55UEI6TR, STM32WBA55UEI7, STM32WBA55UEI7TR, STM32WBA55UGI6, STM32WBA55UGI6TR, STM32WBA55UGI7, STM32WBA55UGI7TR, STM32WL5MOCH6, STM32WL5MOCH6TR]
2024-02-21 21:34:34,949 [INFO] BoardInfo:889 - No configuration file found for board P-NUCLEO-WB55
2024-02-21 21:34:34,949 [INFO] DbBoards:161 - Kit is not supported: P-NUCLEO-WB55
2024-02-21 21:34:34,955 [INFO] BoardInfo:889 - No configuration file found for board STEVAL-BFA001V1B
2024-02-21 21:34:34,955 [INFO] DbBoards:161 - Kit is not supported: STEVAL-BFA001V1B
2024-02-21 21:34:34,956 [INFO] BoardInfo:889 - No configuration file found for board STEVAL-BFA001V2B
2024-02-21 21:34:34,957 [INFO] DbBoards:161 - Kit is not supported: STEVAL-BFA001V2B
2024-02-21 21:34:35,092 [INFO] DbBoards:168 - Found 193 boards, 190 are supported
2024-02-21 21:34:35,092 [INFO] DbBoards:169 - Found 193 boards, 3 of them is supported for  Bsp
2024-02-21 21:34:35,096 [INFO] ApiDb:668 - CubeFinder database Data Model version=2.1
2024-02-21 21:34:35,096 [INFO] ApiDb:669 - CubeFinder database Configuration version=3.0.39
2024-02-21 21:34:35,096 [INFO] ApiDb:670 - CubeFinder database generation date=2024-01-11 (1704964531)
2024-02-21 21:34:35,096 [INFO] ApiDb:671 - CubeFinder database FW Pack versions=[FP-ATR-ASTRA1_V2.0.0, FP-SNS-FLIGHT1_V5.0.1, FP-SNS-FLIGHT1_V5.0.2, FP-SNS-MOTENV1_V4.3.1, FP-SNS-MOTENV1_V4.3.2, FP-SNS-MOTENVWB1_V1.3.1, FP-SNS-SMARTAG2_V1.2.0, STM32Cube_FW_C0_V1.1.0, STM32Cube_FW_F4_V1.28.0, STM32Cube_FW_F7_V1.17.0, STM32Cube_FW_G0_V1.6.2, STM32Cube_FW_G4_V1.5.2, STM32Cube_FW_H5_V0.5.1, STM32Cube_FW_H5_V1.1.1, STM32Cube_FW_H5_V1.2.0RC2, STM32Cube_FW_H7_V1.11.0, STM32Cube_FW_L0_V1.12.2, STM32Cube_FW_L5_V1.5.0, STM32Cube_FW_U5_V1.3.0RC4, STM32Cube_FW_U5_V1.4.0, STM32Cube_FW_WBA_V1.0.0RC1, STM32Cube_FW_WBA_V1.1.0RC1, STM32Cube_FW_WBA_V1.2.0, STM32Cube_FW_WBA_V1.2.0RC2, STM32Cube_FW_WB_V1.15.0RC1, STM32Cube_FW_WB_V1.16.0, STM32Cube_FW_WB_V1.16.0RC2, STM32Cube_FW_WB_V1.18.0, STM32Cube_FW_WL_V1.3.0, X-CUBE-ALGOBUILD_V1.3.0, X-CUBE-ALS_V1.0.1, X-CUBE-AZRTOS-F4_V1.1.0, X-CUBE-AZRTOS-F7_V1.1.0, X-CUBE-AZRTOS-G0_V1.1.0, X-CUBE-AZRTOS-G4_V2.0.0, X-CUBE-AZRTOS-H7_V3.2.0, X-CUBE-AZRTOS-L4_V1.0.0, X-CUBE-AZRTOS-L4_V2.0.0, X-CUBE-AZRTOS-L5_V1.1.0, X-CUBE-AZRTOS-WB_V2.0.0, X-CUBE-AZRTOS-WL_V2.0.0, X-CUBE-BLE1_V7.0.0, X-CUBE-BLE2_V3.3.0, X-CUBE-BLEMGR_V3.0.0, X-CUBE-EEPRMA1_V4.1.0, X-CUBE-EEPRMA1_V4.2.0, X-CUBE-FREERTOS_V1.1.0, X-CUBE-GNSS1_V6.0.0, X-CUBE-MEMS1_V10.0.0, X-CUBE-MEMS1_V9.1.0, X-CUBE-MEMS1_V9.4.0, X-CUBE-MEMS1_V9.6.0, X-CUBE-NFC4_V3.0.0, X-CUBE-NFC7_V1.0.1, X-CUBE-SFXS2LP1_V4.0.0, X-CUBE-SUBG2_V5.0.0, X-CUBE-TOF1_V3.4.0]
2024-02-21 21:34:37,206 [INFO] ApiDb:240 - Found 371 in-development CPN: [B-G473E-ZEST1S, B-WB1M-WPAN1, B-WL5M-SUBG1, NUCLEO-C031C6, NUCLEO-H503RB, NUCLEO-H563ZI, NUCLEO-U545RE-Q, NUCLEO-U5A5ZJ-Q, NUCLEO-WBA52CG, NUCLEO-WBA55CG, STEVAL-MKBOXPRO, STEVAL-PROTEUS1, STEVAL-STWINBX1, STM320518-EVAL, STM32C0116-DK, STM32C011D6Y3TR, STM32C011D6Y6TR, STM32C011F4P3, STM32C011F4P6, STM32C011F4U3, STM32C011F4U6TR, STM32C011F6P3, STM32C011F6P6, STM32C011F6U3, STM32C011F6U6TR, STM32C011J4M3, STM32C011J4M6, STM32C011J6M3, STM32C011J6M6, STM32C0316-DK, STM32C031C4T3, STM32C031C4T6, STM32C031C4U3, STM32C031C4U6, STM32C031C6T3, STM32C031C6T6, STM32C031C6U3, STM32C031C6U6, STM32C031F4P3, STM32C031F4P6, STM32C031F6P3, STM32C031F6P6, STM32C031G4U3, STM32C031G4U6, STM32C031G6U3, STM32C031G6U6, STM32C031K4T3, STM32C031K4T6, STM32C031K4U3, STM32C031K4U6, STM32C031K6T3, STM32C031K6T6, STM32C031K6U3, STM32C031K6U6, STM32G071K8TXN, STM32G071K8UXN, STM32G081GBU6N, STM32G081KBT6N, STM32G081KBUXN, STM32G0B1CCT6N, STM32G0B1KCT6, STM32G0B1NEY6TR, STM32G0B1RCT6N, STM32G0C1CCT6, STM32G0C1CCT6N, STM32G0C1CCU6N, STM32G0C1CET6N, STM32G0C1CEU6N, STM32G0C1KCT6, STM32G0C1NEY6TR, STM32G0C1RCI6N, STM32G0C1RCT6N, STM32G0C1REI6N, STM32G0C1RET6N, STM32G0C1VCI6, STM32G0C1VEI6, STM32G471CCT6, STM32G471CCU6, STM32G471CET3, STM32G471CET6, STM32G471CEU3, STM32G471CEU6, STM32G471MCT6, STM32G471MET3, STM32G471MET6, STM32G471MEY6TR, STM32G471QCT6, STM32G471QET3, STM32G471RCT6, STM32G471RET3, STM32G471RET6, STM32G471VCH6, STM32G471VCI6, STM32G471VCT6, STM32G471VEH3, STM32G471VEH6, STM32G471VEI3, STM32G471VEI6, STM32G471VET3, STM32G471VET6, STM32G474CCT6, STM32H503CBT6, STM32H503CBU6, STM32H503EBY6TR, STM32H503KBU6, STM32H503RBT6, STM32H562AGI6, STM32H562AII6, STM32H562IGK6, STM32H562IGT6, STM32H562IIK6, STM32H562IIT6, STM32H562RGT6, STM32H562RGV6, STM32H562RIT6, STM32H562RIV6, STM32H562VGT6, STM32H562VIT6, STM32H562ZGT6, STM32H562ZIT6, STM32H563AGI6, STM32H563AII3Q, STM32H563AII6, STM32H563IGK6, STM32H563IGT6, STM32H563IIK3Q, STM32H563IIK6, STM32H563IIT3Q, STM32H563IIT6, STM32H563MIY3QTR, STM32H563RGT6, STM32H563RGV6, STM32H563RIT6, STM32H563RIV6, STM32H563VGT6, STM32H563VIT3Q, STM32H563VIT6, STM32H563ZGT6, STM32H563ZIT3Q, STM32H563ZIT6, STM32H573AII3Q, STM32H573AII6, STM32H573I-DK, STM32H573IIK3Q, STM32H573IIK6, STM32H573IIT3Q, STM32H573IIT6, STM32H573MIY3QTR, STM32H573RIT6, STM32H573RIV6, STM32H573VIT3Q, STM32H573VIT6, STM32H573ZIT3Q, STM32H573ZIT6, STM32L4R5QGI6STR, STM32MP131AAE3, STM32MP131AAF3, STM32MP131AAG3, STM32MP131CAE3, STM32MP131CAF3, STM32MP131CAG3, STM32MP131DAE7, STM32MP131DAF7, STM32MP131DAG7, STM32MP131FAE7, STM32MP131FAF7, STM32MP131FAG7, STM32MP133AAE3, STM32MP133AAF3, STM32MP133AAG3, STM32MP133CAE3, STM32MP133CAF3, STM32MP133CAG3, STM32MP133DAE7, STM32MP133DAF7, STM32MP133DAG7, STM32MP133FAE7, STM32MP133FAF7, STM32MP133FAG7, STM32MP135AAE3, STM32MP135AAF3, STM32MP135AAG3, STM32MP135CAE3, STM32MP135CAF3, STM32MP135CAG3, STM32MP135DAE7, STM32MP135DAF7, STM32MP135DAG7, STM32MP135F-DK, STM32MP135FAE7, STM32MP135FAF7, STM32MP135FAF7T, STM32MP135FAF7U, STM32MP135FAG7, STM32U535CBT6, STM32U535CBT6Q, STM32U535CBU6, STM32U535CBU6Q, STM32U535CCT6, STM32U535CCT6Q, STM32U535CCU6, STM32U535CCU6Q, STM32U535CET6, STM32U535CET6Q, STM32U535CEU6, STM32U535CEU6Q, STM32U535JEY6QTR, STM32U535NCY6QTR, STM32U535NEY6QTR, STM32U535RBI6, STM32U535RBI6Q, STM32U535RBT6, STM32U535RBT6Q, STM32U535RCI6, STM32U535RCI6Q, STM32U535RCT6, STM32U535RCT6Q, STM32U535REI6, STM32U535REI6Q, STM32U535RET6, STM32U535RET6Q, STM32U535VCI6, STM32U535VCI6Q, STM32U535VCT6, STM32U535VCT6Q, STM32U535VEI6, STM32U535VEI6Q, STM32U535VET6, STM32U535VET6Q, STM32U545CET6, STM32U545CET6Q, STM32U545CEU6, STM32U545CEU6Q, STM32U545JEY6QTR, STM32U545NEY6QTR, STM32U545REI6, STM32U545REI6Q, STM32U545RET6, STM32U545RET6Q, STM32U545VEI6, STM32U545VEI6Q, STM32U545VET6, STM32U545VET6Q, STM32U595AIH6, STM32U595AIH6Q, STM32U595AJH6, STM32U595AJH6Q, STM32U595QII6, STM32U595QII6Q, STM32U595QJI6, STM32U595QJI6Q, STM32U595RIT6, STM32U595RIT6Q, STM32U595RJT6, STM32U595RJT6Q, STM32U595VIT6, STM32U595VIT6Q, STM32U595VJT6, STM32U595VJT6Q, STM32U595ZIT6, STM32U595ZIT6Q, STM32U595ZIY6QTR, STM32U595ZJT6, STM32U595ZJT6Q, STM32U595ZJY6QTR, STM32U599BJY6QTR, STM32U599NIH6Q, STM32U599NJH6Q, STM32U599VIT6Q, STM32U599VJT6, STM32U599VJT6Q, STM32U599ZIT6Q, STM32U599ZIY6QTR, STM32U599ZJT6Q, STM32U599ZJY6QTR, STM32U5A5AJH6, STM32U5A5AJH6Q, STM32U5A5QJI6, STM32U5A5QJI6Q, STM32U5A5RJT6, STM32U5A5RJT6Q, STM32U5A5VJT6, STM32U5A5VJT6Q, STM32U5A5ZJT6, STM32U5A5ZJT6Q, STM32U5A5ZJY6QTR, STM32U5A9BJY6QTR, STM32U5A9J-DK, STM32U5A9NJH6Q, STM32U5A9VJT6Q, STM32U5A9ZJT6Q, STM32U5A9ZJY6QTR, STM32U5F7VIT6, STM32U5F7VIT6Q, STM32U5F7VJT6, STM32U5F7VJT6Q, STM32U5F9BJY6QTR, STM32U5F9NJH6Q, STM32U5F9VIT6Q, STM32U5F9VJT6Q, STM32U5F9ZIJ6QTR, STM32U5F9ZIT6Q, STM32U5F9ZJJ6QTR, STM32U5F9ZJT6Q, STM32U5G7VJT6, STM32U5G7VJT6Q, STM32U5G9BJY6QTR, STM32U5G9J-DK1, STM32U5G9J-DK2, STM32U5G9NJH6Q, STM32U5G9VJT6Q, STM32U5G9ZJJ6QTR, STM32U5G9ZJT6Q, STM32WB1MMCH6, STM32WBA50KEU6, STM32WBA50KEU6TR, STM32WBA50KGU6, STM32WBA50KGU6TR, STM32WBA52CEU6, STM32WBA52CEU6TR, STM32WBA52CEU7, STM32WBA52CEU7TR, STM32WBA52CGU6, STM32WBA52CGU6TR, STM32WBA52CGU6U, STM32WBA52CGU7, STM32WBA52CGU7TR, STM32WBA52KEU6, STM32WBA52KEU6TR, STM32WBA52KGU6, STM32WBA52KGU6TR, STM32WBA54CEU6, STM32WBA54CEU6TR, STM32WBA54CEU7, STM32WBA54CEU7TR, STM32WBA54CGU6, STM32WBA54CGU6TR, STM32WBA54CGU7, STM32WBA54CGU7TR, STM32WBA54KEU6, STM32WBA54KEU6TR, STM32WBA54KEU7, STM32WBA54KEU7TR, STM32WBA54KGU6, STM32WBA54KGU6TR, STM32WBA54KGU7, STM32WBA54KGU7TR, STM32WBA55CEU6, STM32WBA55CEU6TR, STM32WBA55CEU7, STM32WBA55CEU7TR, STM32WBA55CGU6, STM32WBA55CGU6TR, STM32WBA55CGU6U, STM32WBA55CGU7, STM32WBA55CGU7TR, STM32WBA55G-DK1, STM32WBA55HEF6, STM32WBA55HEF7, STM32WBA55HGF6, STM32WBA55HGF7, STM32WBA55UEI6, STM32WBA55UEI6TR, STM32WBA55UEI7, STM32WBA55UEI7TR, STM32WBA55UGI6, STM32WBA55UGI6TR, STM32WBA55UGI7, STM32WBA55UGI7TR, STM32WL5MOCH6, STM32WL5MOCH6TR]
2024-02-21 21:34:37,211 [INFO] DbMcus:218 - Found 3930 MCUs, 3930 are supported
2024-02-21 21:34:37,211 [INFO] ApiDb:423 - Load user favorites file C:\Users\tkach/.stm32cubeide/favorites.mcus.txt: 0 item(s)
2024-02-21 21:34:37,211 [INFO] ApiDb:427 - User favorites MCUs=[]
2024-02-21 21:34:37,212 [INFO] DbMcus:224 - Set 0 / 0 favorites MCUs
2024-02-21 21:34:37,537 [INFO] ApiDb:423 - Load user favorites file C:\Users\tkach/.stm32cubeide/favorites.boards.txt: 0 item(s)
2024-02-21 21:34:37,537 [INFO] ApiDb:427 - User favorites Boards=[]
2024-02-21 21:34:37,537 [INFO] DbBoards:198 - Set 0 / 0 favorites Boards
2024-02-21 21:34:37,543 [INFO] McuFinderGlobals:76 - Set McuFinderConnectedMode to true
2024-02-21 21:34:37,547 [INFO] MultiScanPanel:200 - Auto-refresh data requested => check proxy status ongoing
2024-02-21 21:34:37,547 [INFO] FinderPluginLoader:95 - Searching for filters in installed packs
2024-02-21 21:34:39,087 [INFO] LoadUrlFilesThread:185 - End of LoadServerUrlFiles without Thread
2024-02-21 21:34:39,100 [INFO] DetailPanel:341 - Set advertising image to C:/Users/tkach/STM32Cube/Repository/\en.prom-stm32wl3-mcu-finder.jpg
2024-02-21 21:34:45,175 [INFO] McuFinderGlobals:76 - Set McuFinderConnectedMode to true
2024-02-21 21:34:45,506 [INFO] ApiDb:448 - Save user favorites file C:\Users\tkach/.stm32cubeide/favorites.mcus.txt: 0 item(s)
2024-02-21 21:34:45,507 [INFO] ApiDb:452 - User favorites MCUs=[]
2024-02-21 21:58:49,028 [ERROR] ConfigurationRetriever:142 - IOException on connection: Read timed out
2024-02-21 21:58:51,045 [ERROR] ConfigurationRetriever:142 - IOException on connection: Read timed out
2024-02-21 21:58:53,062 [ERROR] ConfigurationRetriever:142 - IOException on connection: Read timed out
2024-02-21 21:58:53,855 [ERROR] LogOutputStream:75 - [STDERR_REDIRECT] Exception in thread "SWV client thread" java.lang.NullPointerException: Cannot invoke "com.st.stm32cube.ide.mcu.debug.swv.core.SWVPlugin.isDebugging()" because "com.st.stm32cube.ide.mcu.debug.swv.core.SWVPlugin.plugin" is null
2024-02-21 21:58:53,857 [ERROR] LogOutputStream:75 - [STDERR_REDIRECT] 	at com.st.stm32cube.ide.mcu.debug.swv.core.SWVPlugin.debugTrace(SWVPlugin.java:85)
2024-02-21 21:58:53,858 [ERROR] LogOutputStream:75 - [STDERR_REDIRECT] 	at com.st.stm32cube.ide.mcu.debug.swv.core.SWVClient.TRACE(SWVClient.java:768)
2024-02-21 21:58:53,860 [ERROR] LogOutputStream:75 - [STDERR_REDIRECT] 	at com.st.stm32cube.ide.mcu.debug.swv.core.SWVClient.readByte(SWVClient.java:296)
2024-02-21 21:58:53,862 [ERROR] LogOutputStream:75 - [STDERR_REDIRECT] 	at com.st.stm32cube.ide.mcu.debug.swv.core.SWVClient.getNextByte(SWVClient.java:277)
2024-02-21 21:58:53,864 [ERROR] LogOutputStream:75 - [STDERR_REDIRECT] 	at com.st.stm32cube.ide.mcu.debug.swv.core.SWVClient.run(SWVClient.java:313)
2024-02-21 21:58:54,325 [ERROR] LogOutputStream:75 - [STDERR_REDIRECT] 
2024-02-21 21:58:54,325 [ERROR] LogOutputStream:75 - [STDERR_REDIRECT] 
