2024-04-15 22:51:09,440 [INFO] Activator:176 - 


2024-04-15 22:51:09,445 [INFO] Activator:177 - !SESSION log4j initialized
2024-04-15 22:51:15,873 [INFO] LogOutputStream:77 - [STDOUT_REDIRECT] 
2024-04-15 22:51:22,440 [INFO] ApplicationProperties:184 - Using Application install path: C:\ST\STM32CubeIDE_1.14.1\STM32CubeIDE\plugins\com.st.stm32cube.common.mx_6.10.0.202311202037
2024-04-15 22:51:22,459 [INFO] DbMcusXml:78 - Set database path to: C:\ST\STM32CubeIDE_1.14.1\STM32CubeIDE\plugins\com.st.stm32cube.common.mx_6.10.0.202311202037\\db\/mcu/
2024-04-15 22:51:22,459 [INFO] ApiDb:274 - Set plugin database path to: C:\ST\STM32CubeIDE_1.14.1\STM32CubeIDE\plugins\com.st.stm32cube.common.mx_6.10.0.202311202037\\db\/plugins/boardmanager/
2024-04-15 22:51:22,459 [WARN] ApiDb:259 - Overriding images path with different value:  => C:\ST\STM32CubeIDE_1.14.1\STM32CubeIDE\plugins\com.st.stm32cube.common.mx_6.10.0.202311202037\\db\/plugins/mcufinder/images/
2024-04-15 22:51:22,468 [INFO] ApiDb:250 - Set database path to: C:\Users\tkach\.stmcufinder\plugins\mcufinder//mcu/
2024-04-15 22:51:22,469 [INFO] DbMcusAds:125 - Set database path to: C:\Users\tkach\.stmcufinder\plugins\mcufinder//mcu/
2024-04-15 22:51:22,471 [INFO] CrossReferenceDbSqlite:203 - Set database path to: C:\Users\tkach\.stmcufinder\plugins\mcufinder//mcu/cs/
2024-04-15 22:51:22,575 [INFO] RulesReader:64 - Compatibility file has been processed (297 Rules)
2024-04-15 22:51:22,673 [INFO] DbMcusXml:78 - Set database path to: C:\ST\STM32CubeIDE_1.14.1\STM32CubeIDE\plugins\com.st.stm32cube.common.mx_6.10.0.202311202037\\db\/mcu/
2024-04-15 22:51:22,674 [INFO] ApiDb:274 - Set plugin database path to: C:\ST\STM32CubeIDE_1.14.1\STM32CubeIDE\plugins\com.st.stm32cube.common.mx_6.10.0.202311202037\\db\/plugins/boardmanager/
2024-04-15 22:51:22,674 [INFO] ApiDb:261 - Set plugin images path to: C:\ST\STM32CubeIDE_1.14.1\STM32CubeIDE\plugins\com.st.stm32cube.common.mx_6.10.0.202311202037\\db\/plugins/mcufinder/images/
2024-04-15 22:51:22,674 [WARN] DbFile:41 - Overriding database path with different value: C:\Users\tkach\.stmcufinder\plugins\mcufinder/ => C:\Users\tkach\.stmcufinder\plugins\mcufinder
2024-04-15 22:51:22,674 [INFO] ApiDb:250 - Set database path to: C:\Users\tkach\.stmcufinder\plugins\mcufinder//mcu/
2024-04-15 22:51:22,674 [WARN] DbFile:41 - Overriding database path with different value: C:\Users\tkach\.stmcufinder\plugins\mcufinder/ => C:\Users\tkach\.stmcufinder\plugins\mcufinder
2024-04-15 22:51:22,674 [INFO] DbMcusAds:125 - Set database path to: C:\Users\tkach\.stmcufinder\plugins\mcufinder//mcu/
2024-04-15 22:51:22,674 [WARN] DbFile:41 - Overriding database path with different value: C:\Users\tkach\.stmcufinder\plugins\mcufinder/ => C:\Users\tkach\.stmcufinder\plugins\mcufinder
2024-04-15 22:51:22,674 [WARN] DbFile:41 - Overriding database path with different value: C:\Users\tkach\.stmcufinder\plugins\mcufinder/ => C:\Users\tkach\.stmcufinder\plugins\mcufinder
2024-04-15 22:51:22,674 [INFO] CrossReferenceDbSqlite:203 - Set database path to: C:\Users\tkach\.stmcufinder\plugins\mcufinder//mcu/cs/
2024-04-15 22:51:22,746 [INFO] MainPanel:264 - HeapMemory: 268435456
2024-04-15 22:51:22,840 [INFO] DbMcusXml:78 - Set database path to: C:\ST\STM32CubeIDE_1.14.1\STM32CubeIDE\plugins\com.st.stm32cube.common.mx_6.10.0.202311202037\\db\/mcu/
2024-04-15 22:51:22,840 [INFO] ApiDb:274 - Set plugin database path to: C:\ST\STM32CubeIDE_1.14.1\STM32CubeIDE\plugins\com.st.stm32cube.common.mx_6.10.0.202311202037\\db\/plugins/boardmanager/
2024-04-15 22:51:22,840 [INFO] ApiDb:261 - Set plugin images path to: C:\ST\STM32CubeIDE_1.14.1\STM32CubeIDE\plugins\com.st.stm32cube.common.mx_6.10.0.202311202037\\db\/plugins/mcufinder/images/
2024-04-15 22:51:22,840 [WARN] DbFile:41 - Overriding database path with different value: C:\Users\tkach\.stmcufinder\plugins\mcufinder/ => C:\Users\tkach\.stmcufinder\plugins\mcufinder
2024-04-15 22:51:22,840 [INFO] ApiDb:250 - Set database path to: C:\Users\tkach\.stmcufinder\plugins\mcufinder//mcu/
2024-04-15 22:51:22,840 [WARN] DbFile:41 - Overriding database path with different value: C:\Users\tkach\.stmcufinder\plugins\mcufinder/ => C:\Users\tkach\.stmcufinder\plugins\mcufinder
2024-04-15 22:51:22,841 [INFO] DbMcusAds:125 - Set database path to: C:\Users\tkach\.stmcufinder\plugins\mcufinder//mcu/
2024-04-15 22:51:22,841 [WARN] DbFile:41 - Overriding database path with different value: C:\Users\tkach\.stmcufinder\plugins\mcufinder/ => C:\Users\tkach\.stmcufinder\plugins\mcufinder
2024-04-15 22:51:22,841 [WARN] DbFile:41 - Overriding database path with different value: C:\Users\tkach\.stmcufinder\plugins\mcufinder/ => C:\Users\tkach\.stmcufinder\plugins\mcufinder
2024-04-15 22:51:22,841 [INFO] CrossReferenceDbSqlite:203 - Set database path to: C:\Users\tkach\.stmcufinder\plugins\mcufinder//mcu/cs/
2024-04-15 22:51:22,859 [INFO] ApplicationProperties:184 - Using Application install path: C:\ST\STM32CubeIDE_1.14.1\STM32CubeIDE\plugins\com.st.stm32cube.common.mx_6.10.0.202311202037
2024-04-15 22:51:22,860 [INFO] PluginManage:196 - Search for loadable plugins [exclusion list=, ]
2024-04-15 22:51:22,863 [INFO] PluginManage:310 - Check plugin analytics
2024-04-15 22:51:27,521 [INFO] AnalyticsPlugin:253 - Accepted Software Licenses: 
2024-04-15 22:51:27,521 [INFO] AnalyticsPlugin:255 - Accepted CMSIS Pack Licenses: 
2024-04-15 22:51:27,521 [INFO] AnalyticsPlugin:257 - Accepted Firmware Licenses: 
2024-04-15 22:51:27,524 [INFO] PluginManage:359 - Loaded plugin analytics (category:tool,tabindex:-1)
2024-04-15 22:51:27,524 [INFO] PluginManage:310 - Check plugin cadmodel
2024-04-15 22:51:27,538 [INFO] CADModel:105 - Init CAD model plugin
2024-04-15 22:51:27,538 [INFO] PluginManage:359 - Loaded plugin cadmodel (category:power,tabindex:5)
2024-04-15 22:51:27,538 [INFO] PluginManage:310 - Check plugin clock
2024-04-15 22:51:27,555 [INFO] PluginManage:359 - Loaded plugin clock (category:base,tabindex:2)
2024-04-15 22:51:27,555 [INFO] PluginManage:310 - Check plugin ddr
2024-04-15 22:51:27,558 [INFO] PluginManage:359 - Loaded plugin ddr (category:tool,tabindex:6)
2024-04-15 22:51:27,558 [INFO] PluginManage:310 - Check plugin filemanager
2024-04-15 22:51:27,688 [INFO] PluginManage:359 - Loaded plugin filemanager (category:base,tabindex:10)
2024-04-15 22:51:27,688 [INFO] PluginManage:310 - Check plugin ipmanager
2024-04-15 22:51:27,693 [INFO] PluginManage:359 - Loaded plugin ipmanager (category:base,tabindex:5)
2024-04-15 22:51:27,693 [INFO] PluginManage:310 - Check plugin lpbam
2024-04-15 22:51:27,709 [INFO] PluginManage:359 - Loaded plugin lpbam (category:base,tabindex:0)
2024-04-15 22:51:27,709 [INFO] PluginManage:310 - Check plugin memorymap
2024-04-15 22:51:27,727 [INFO] PluginManage:359 - Loaded plugin memorymap (category:base,tabindex:4)
2024-04-15 22:51:27,727 [INFO] PluginManage:310 - Check plugin pinoutandconfiguration
2024-04-15 22:51:27,740 [INFO] PluginManage:359 - Loaded plugin pinoutandconfiguration (category:base,tabindex:1)
2024-04-15 22:51:27,740 [INFO] PluginManage:310 - Check plugin pinoutconfig
2024-04-15 22:51:27,827 [WARN] SupportedApi:132 - Cannot load RTOS API schema: s4s-elt-must-match.1: The content of 'definitions' must match (annotation?, (simpleType | complexType)?, (unique | key | keyref)*)). A problem was found starting at: attribute.
2024-04-15 22:51:27,951 [INFO] PluginManage:359 - Loaded plugin pinoutconfig (category:base,tabindex:0)
2024-04-15 22:51:27,951 [INFO] PluginManage:310 - Check plugin power
2024-04-15 22:51:27,975 [INFO] PluginManage:359 - Loaded plugin power (category:power,tabindex:4)
2024-04-15 22:51:27,975 [INFO] PluginManage:310 - Check plugin projectmanager
2024-04-15 22:51:27,993 [INFO] PluginManage:359 - Loaded plugin projectmanager (category:projectmanager,tabindex:3)
2024-04-15 22:51:27,993 [INFO] PluginManage:310 - Check plugin thirdparty
2024-04-15 22:51:28,314 [INFO] PluginManage:359 - Loaded plugin thirdparty (category:base,tabindex:-1)
2024-04-15 22:51:28,314 [WARN] IntegrityCheckThread:84 - waiting for thirdparty lock release [integrity check]
2024-04-15 22:51:28,314 [INFO] PluginManage:310 - Check plugin tools
2024-04-15 22:51:28,315 [INFO] IntegrityCheckThread:86 - entering critical section [integrity check]
2024-04-15 22:51:28,315 [INFO] ThirdPartyUpdaterWithRetryManager:70 - Updater plugin not ready yet. [1/15]
2024-04-15 22:51:28,345 [INFO] PluginManage:359 - Loaded plugin tools (category:base,tabindex:7)
2024-04-15 22:51:28,345 [INFO] PluginManage:310 - Check plugin tutovideos
2024-04-15 22:51:28,521 [INFO] PluginManage:359 - Loaded plugin tutovideos (category:base,tabindex:-1)
2024-04-15 22:51:28,521 [INFO] PluginManage:310 - Check plugin updater
2024-04-15 22:51:28,532 [INFO] PluginManage:359 - Loaded plugin updater (category:base,tabindex:12)
2024-04-15 22:51:28,532 [INFO] PluginManage:310 - Check plugin userauth
2024-04-15 22:51:28,538 [INFO] UserAuth:114 - Init User Auth plugin
2024-04-15 22:51:28,538 [INFO] PluginManage:359 - Loaded plugin userauth (category:base,tabindex:14)
2024-04-15 22:51:28,539 [INFO] PluginManage:283 - PluginManage : Loaded plugins [17]
2024-04-15 22:51:28,759 [INFO] PinOutPanel:1499 - setPackage(No Configuration,No Configuration)
2024-04-15 22:51:28,827 [INFO] CADModel:165 - CPN selected for project level
2024-04-15 22:51:28,827 [INFO] CADModel:114 - Register for checkConnection events
2024-04-15 22:51:28,852 [INFO] IPUIPlugin:80 - create IPUIPlugin
2024-04-15 22:51:28,852 [INFO] PluginManager:220 - loadIPPluginJar : add adc
2024-04-15 22:51:28,884 [INFO] IPUIPlugin:80 - create IPUIPlugin
2024-04-15 22:51:28,885 [INFO] PluginManager:220 - loadIPPluginJar : add aes
2024-04-15 22:51:28,922 [INFO] IPUIPlugin:80 - create IPUIPlugin
2024-04-15 22:51:28,922 [INFO] PluginManager:220 - loadIPPluginJar : add can
2024-04-15 22:51:28,941 [INFO] IPUIPlugin:80 - create IPUIPlugin
2024-04-15 22:51:28,942 [INFO] PluginManager:220 - loadIPPluginJar : add comp
2024-04-15 22:51:28,971 [INFO] IPUIPlugin:80 - create IPUIPlugin
2024-04-15 22:51:28,971 [INFO] PluginManager:220 - loadIPPluginJar : add cryp
2024-04-15 22:51:28,998 [INFO] IPUIPlugin:80 - create IPUIPlugin
2024-04-15 22:51:28,999 [INFO] PluginManager:220 - loadIPPluginJar : add dfsdm
2024-04-15 22:51:29,011 [INFO] IPUIPlugin:80 - create IPUIPlugin
2024-04-15 22:51:29,011 [INFO] PluginManager:220 - loadIPPluginJar : add dma
2024-04-15 22:51:29,049 [INFO] IPUIPlugin:80 - create IPUIPlugin
2024-04-15 22:51:29,050 [INFO] PluginManager:220 - loadIPPluginJar : add dma3
2024-04-15 22:51:29,069 [INFO] IPUIPlugin:80 - create IPUIPlugin
2024-04-15 22:51:29,069 [INFO] PluginManager:220 - loadIPPluginJar : add fatfs
2024-04-15 22:51:29,109 [INFO] IPUIPlugin:80 - create IPUIPlugin
2024-04-15 22:51:29,109 [INFO] PluginManager:220 - loadIPPluginJar : add fmc
2024-04-15 22:51:29,123 [INFO] IPUIPlugin:80 - create IPUIPlugin
2024-04-15 22:51:29,123 [INFO] PluginManager:220 - loadIPPluginJar : add freertos
2024-04-15 22:51:29,144 [INFO] IPUIPlugin:80 - create IPUIPlugin
2024-04-15 22:51:29,144 [INFO] PluginManager:220 - loadIPPluginJar : add genericplugin
2024-04-15 22:51:29,258 [INFO] IPUIPlugin:80 - create IPUIPlugin
2024-04-15 22:51:29,259 [INFO] PluginManager:220 - loadIPPluginJar : add gfxmmu
2024-04-15 22:51:29,394 [INFO] IPUIPlugin:80 - create IPUIPlugin
2024-04-15 22:51:29,394 [INFO] PluginManager:220 - loadIPPluginJar : add gic
2024-04-15 22:51:29,405 [INFO] IPUIPlugin:80 - create IPUIPlugin
2024-04-15 22:51:29,405 [INFO] PluginManager:220 - loadIPPluginJar : add gpio
2024-04-15 22:51:29,476 [INFO] IPUIPlugin:80 - create IPUIPlugin
2024-04-15 22:51:29,476 [INFO] PluginManager:220 - loadIPPluginJar : add gtzc
2024-04-15 22:51:29,505 [INFO] IPUIPlugin:80 - create IPUIPlugin
2024-04-15 22:51:29,505 [INFO] PluginManager:220 - loadIPPluginJar : add hash
2024-04-15 22:51:29,547 [INFO] IPUIPlugin:80 - create IPUIPlugin
2024-04-15 22:51:29,547 [INFO] PluginManager:220 - loadIPPluginJar : add i2c
2024-04-15 22:51:29,578 [INFO] IPUIPlugin:80 - create IPUIPlugin
2024-04-15 22:51:29,578 [INFO] PluginManager:220 - loadIPPluginJar : add i2s
2024-04-15 22:51:29,612 [INFO] IPUIPlugin:80 - create IPUIPlugin
2024-04-15 22:51:29,612 [INFO] PluginManager:220 - loadIPPluginJar : add i3c
2024-04-15 22:51:29,695 [INFO] IPUIPlugin:80 - create IPUIPlugin
2024-04-15 22:51:29,695 [INFO] PluginManager:220 - loadIPPluginJar : add ipddr
2024-04-15 22:51:29,783 [INFO] IPUIPlugin:80 - create IPUIPlugin
2024-04-15 22:51:29,783 [INFO] PluginManager:220 - loadIPPluginJar : add linkedlist
2024-04-15 22:51:29,815 [INFO] IPUIPlugin:80 - create IPUIPlugin
2024-04-15 22:51:29,815 [INFO] PluginManager:220 - loadIPPluginJar : add lorawan
2024-04-15 22:51:29,847 [INFO] IPUIPlugin:80 - create IPUIPlugin
2024-04-15 22:51:29,847 [INFO] PluginManager:220 - loadIPPluginJar : add ltdc
2024-04-15 22:51:29,859 [INFO] IPUIPlugin:80 - create IPUIPlugin
2024-04-15 22:51:29,859 [INFO] PluginManager:220 - loadIPPluginJar : add mdma
2024-04-15 22:51:29,870 [INFO] IPUIPlugin:80 - create IPUIPlugin
2024-04-15 22:51:29,870 [INFO] PluginManager:220 - loadIPPluginJar : add nvic
2024-04-15 22:51:29,900 [INFO] IPUIPlugin:80 - create IPUIPlugin
2024-04-15 22:51:29,900 [INFO] PluginManager:220 - loadIPPluginJar : add opamp
2024-04-15 22:51:29,946 [INFO] IPUIPlugin:80 - create IPUIPlugin
2024-04-15 22:51:29,947 [INFO] PluginManager:220 - loadIPPluginJar : add openamp
2024-04-15 22:51:29,980 [INFO] IPUIPlugin:80 - create IPUIPlugin
2024-04-15 22:51:29,980 [INFO] PluginManager:220 - loadIPPluginJar : add pdm2pcm
2024-04-15 22:51:29,993 [INFO] IPUIPlugin:80 - create IPUIPlugin
2024-04-15 22:51:29,994 [INFO] PluginManager:220 - loadIPPluginJar : add plateformsettings
2024-04-15 22:51:30,011 [INFO] IPUIPlugin:80 - create IPUIPlugin
2024-04-15 22:51:30,011 [INFO] PluginManager:220 - loadIPPluginJar : add quadspi
2024-04-15 22:51:30,021 [INFO] IPUIPlugin:80 - create IPUIPlugin
2024-04-15 22:51:30,021 [INFO] PluginManager:220 - loadIPPluginJar : add resmgrutility
2024-04-15 22:51:30,058 [INFO] IPUIPlugin:80 - create IPUIPlugin
2024-04-15 22:51:30,058 [INFO] PluginManager:220 - loadIPPluginJar : add sai
2024-04-15 22:51:30,084 [INFO] IPUIPlugin:80 - create IPUIPlugin
2024-04-15 22:51:30,085 [INFO] PluginManager:220 - loadIPPluginJar : add spi
2024-04-15 22:51:30,140 [INFO] IPUIPlugin:80 - create IPUIPlugin
2024-04-15 22:51:30,140 [INFO] PluginManager:220 - loadIPPluginJar : add stm32_wpan
2024-04-15 22:51:30,157 [INFO] IPUIPlugin:80 - create IPUIPlugin
2024-04-15 22:51:30,157 [INFO] PluginManager:220 - loadIPPluginJar : add tim
2024-04-15 22:51:30,199 [INFO] IPUIPlugin:80 - create IPUIPlugin
2024-04-15 22:51:30,199 [INFO] PluginManager:220 - loadIPPluginJar : add touchsensing
2024-04-15 22:51:30,216 [INFO] IPUIPlugin:80 - create IPUIPlugin
2024-04-15 22:51:30,217 [INFO] PluginManager:220 - loadIPPluginJar : add tracer_emb
2024-04-15 22:51:30,234 [INFO] IPUIPlugin:80 - create IPUIPlugin
2024-04-15 22:51:30,234 [INFO] PluginManager:220 - loadIPPluginJar : add ts
2024-04-15 22:51:30,249 [INFO] IPUIPlugin:80 - create IPUIPlugin
2024-04-15 22:51:30,249 [INFO] PluginManager:220 - loadIPPluginJar : add tsc
2024-04-15 22:51:30,266 [INFO] IPUIPlugin:80 - create IPUIPlugin
2024-04-15 22:51:30,266 [INFO] PluginManager:220 - loadIPPluginJar : add ucpd
2024-04-15 22:51:30,300 [INFO] IPUIPlugin:80 - create IPUIPlugin
2024-04-15 22:51:30,301 [INFO] PluginManager:220 - loadIPPluginJar : add usart
2024-04-15 22:51:30,340 [INFO] IPUIPlugin:80 - create IPUIPlugin
2024-04-15 22:51:30,340 [INFO] PluginManager:220 - loadIPPluginJar : add usbx
2024-04-15 22:51:30,462 [INFO] CADModel:165 - CPN selected for project level
2024-04-15 22:51:30,462 [INFO] CADModel:114 - Register for checkConnection events
2024-04-15 22:51:30,462 [FATAL] Updater:308 - Updater called before beeing initialized
2024-04-15 22:51:30,462 [ERROR] CADModel:125 - Updater not yet initialized, retry later 
2024-04-15 22:51:30,588 [INFO] CADModel:165 - CPN selected for project level
2024-04-15 22:51:30,588 [INFO] CADModel:114 - Register for checkConnection events
2024-04-15 22:51:30,588 [FATAL] Updater:308 - Updater called before beeing initialized
2024-04-15 22:51:30,589 [ERROR] CADModel:125 - Updater not yet initialized, retry later 
2024-04-15 22:51:30,591 [FATAL] Updater:308 - Updater called before beeing initialized
2024-04-15 22:51:30,692 [FATAL] Updater:308 - Updater called before beeing initialized
2024-04-15 22:51:30,699 [INFO] DbMcusAds:53 - JSON generation date=Wed Nov 29 12:52:27 EET 2023 (1701255147349)
2024-04-15 22:51:30,700 [FATAL] Updater:308 - Updater called before beeing initialized
2024-04-15 22:51:30,770 [WARN] DetailPanel:346 - Failed to get advertising image, set to default
2024-04-15 22:51:30,863 [FATAL] Updater:308 - Updater called before beeing initialized
2024-04-15 22:51:30,865 [FATAL] Updater:308 - Updater called before beeing initialized
2024-04-15 22:51:30,865 [FATAL] Updater:308 - Updater called before beeing initialized
2024-04-15 22:51:30,865 [WARN] DetailPanel:346 - Failed to get advertising image, set to default
2024-04-15 22:51:30,865 [FATAL] Updater:308 - Updater called before beeing initialized
2024-04-15 22:51:30,914 [ERROR] Updater:1120 - MainUpdater not yet initialized. External WinMGr cannot be set.
2024-04-15 22:51:30,923 [INFO] Updater:1056 - Updater Version found : 6.10.0
2024-04-15 22:51:30,939 [INFO] ApplicationProperties:184 - Using Application install path: C:\ST\STM32CubeIDE_1.14.1\STM32CubeIDE\plugins\com.st.stm32cube.common.mx_6.10.0.202311202037
2024-04-15 22:51:31,317 [INFO] ThirdPartyUpdaterWithRetryManager:70 - Updater plugin not ready yet. [2/15]
2024-04-15 22:51:32,524 [ERROR] LogOutputStream:75 - [STDERR_REDIRECT] Apr 15, 2024 10:51:32 PM java.util.prefs.WindowsPreferences <init>
2024-04-15 22:51:32,526 [ERROR] LogOutputStream:75 - [STDERR_REDIRECT] WARNING: Could not open/create prefs root node Software\JavaSoft\Prefs at root 0xffffffff80000002. Windows RegCreateKeyEx(...) returned error code 5.
2024-04-15 22:51:32,526 [ERROR] LogOutputStream:75 - [STDERR_REDIRECT] 
2024-04-15 22:51:32,770 [INFO] MainUpdater:2873 - connection check result : 10
2024-04-15 22:51:32,770 [INFO] MainUpdater:3567 - Updater definition file requires update
2024-04-15 22:51:32,771 [INFO] MainUpdater:290 - Updater Check For Update Now.
2024-04-15 22:51:32,771 [INFO] MicroXplorer:498 - Change Database Version : DB.6.0.100
2024-04-15 22:51:32,794 [INFO] McuFinderGlobals:63 - Set McuFinder mode to 2 (CubeIDE integrated)
2024-04-15 22:51:32,821 [INFO] ServerAccessManage:473 - Download File updaters.zip
2024-04-15 22:51:32,895 [INFO] FileExtend:240 - Unzip File : updaters.zip
2024-04-15 22:51:32,895 [INFO] FileExtend:255 - Standard Zip Deflate
2024-04-15 22:51:33,193 [INFO] ServerAccessManage:473 - Download File PacksControlFlags.xml
2024-04-15 22:51:33,274 [INFO] UserAuth:404 - Internet connection configuration mode: 1
2024-04-15 22:51:33,274 [INFO] ServerAccessManage:473 - Download File cubemx.pidx
2024-04-15 22:51:33,308 [INFO] JxBrowserEngine:152 - Initiate JxBrowser Engine with user profile folder
2024-04-15 22:51:33,603 [INFO] ServerAccessManage:473 - Download File STMicroelectronics.FP-SNS-MOTENV1.pdsc
2024-04-15 22:51:33,820 [INFO] ServerAccessManage:473 - Download File STMicroelectronics.FP-SNS-MOTENVWB1.pdsc
2024-04-15 22:51:33,995 [INFO] ServerAccessManage:473 - Download File STMicroelectronics.X-CUBE-AI.pdsc
2024-04-15 22:51:34,317 [WARN] MainUpdater:1194 - Updater busy. Cannot search thirdparties
2024-04-15 22:51:34,317 [INFO] ThirdPartyUpdaterWithRetryManager:96 - Updater plugin is busy. [1/15]
2024-04-15 22:51:34,924 [INFO] ServerAccessManage:473 - Download File STMicroelectronics.X-CUBE-NFC6.pdsc
2024-04-15 22:51:35,068 [INFO] ServerAccessManage:473 - Download File STMicroelectronics.X-CUBE-SAFEA1.pdsc
2024-04-15 22:51:35,218 [INFO] ServerAccessManage:473 - Download File STMicroelectronics.X-CUBE-TCPP.pdsc
2024-04-15 22:51:35,324 [INFO] ServerAccessManage:473 - Download File STMicroelectronics.X-CUBE-TOUCHGFX.pdsc
2024-04-15 22:51:35,998 [INFO] ServerAccessManage:473 - Download File STMicroelectronics.X-CUBE-AZRTOS-H7RS.pdsc
2024-04-15 22:51:36,712 [INFO] WebApp:161 - Instantiating new browser for Auth
2024-04-15 22:51:36,884 [WARN] PackLoader:240 - Cannot read IP mode file for STMicroelectronics.FP-SNS-MOTENV1.5.0.0
2024-04-15 22:51:36,895 [WARN] PackLoader:240 - Cannot read IP mode file for STMicroelectronics.FP-SNS-MOTENVWB1.1.4.0
2024-04-15 22:51:36,902 [WARN] PackLoader:240 - Cannot read IP mode file for STMicroelectronics.X-CUBE-AI.9.0.0
2024-04-15 22:51:36,916 [WARN] PackLoader:240 - Cannot read IP mode file for STMicroelectronics.X-CUBE-NFC6.3.1.0
2024-04-15 22:51:36,931 [WARN] PackLoader:240 - Cannot read IP mode file for STMicroelectronics.X-CUBE-SAFEA1.1.2.2
2024-04-15 22:51:36,944 [WARN] PackLoader:240 - Cannot read IP mode file for STMicroelectronics.X-CUBE-TCPP.4.1.0
2024-04-15 22:51:36,949 [WARN] PackLoader:240 - Cannot read IP mode file for STMicroelectronics.X-CUBE-TOUCHGFX.4.23.2
2024-04-15 22:51:36,974 [WARN] PackLoader:240 - Cannot read IP mode file for STMicroelectronics.X-CUBE-AZRTOS-H7RS.1.0.0
2024-04-15 22:51:36,979 [INFO] PopulateThirdPartyThread:66 - Ending populate Thread
2024-04-15 22:51:36,981 [INFO] ThirdParty:1030 - CMSIS Pack Vendor :STMicroelectronics FP-SNS-MOTENVWB1 1.4.0
2024-04-15 22:51:36,983 [INFO] ThirdParty:1030 - CMSIS Pack Vendor :STMicroelectronics X-CUBE-AI 9.0.0
2024-04-15 22:51:36,983 [INFO] ThirdParty:1030 - CMSIS Pack Vendor :STMicroelectronics X-CUBE-TOUCHGFX 4.23.2
2024-04-15 22:51:36,983 [INFO] ThirdParty:1030 - CMSIS Pack Vendor :STMicroelectronics FP-SNS-MOTENV1 5.0.0
2024-04-15 22:51:36,983 [INFO] ThirdParty:1030 - CMSIS Pack Vendor :STMicroelectronics X-CUBE-SAFEA1 1.2.2
2024-04-15 22:51:36,983 [INFO] ThirdParty:1030 - CMSIS Pack Vendor :STMicroelectronics X-CUBE-NFC6 3.1.0
2024-04-15 22:51:36,983 [INFO] ThirdParty:1030 - CMSIS Pack Vendor :STMicroelectronics X-CUBE-TCPP 4.1.0
2024-04-15 22:51:36,983 [INFO] ThirdParty:1030 - CMSIS Pack Vendor :STMicroelectronics X-CUBE-AZRTOS-H7RS 1.0.0
2024-04-15 22:51:36,984 [INFO] LoadServerUpdatesThread:375 - End of LoadServerUpdate Thread
2024-04-15 22:51:37,027 [INFO] CheckServerUpdateThread:120 - End of CheckServer Thread
2024-04-15 22:51:37,412 [INFO] WebApp:780 - Register for checkConnection events
2024-04-15 22:51:37,412 [INFO] WebApp:414 - Apply proxy settings
2024-04-15 22:51:37,412 [INFO] WebApp:499 - Chromium requires no authentication
2024-04-15 22:51:37,422 [INFO] WebApp:442 - Direct internet connection detected
2024-04-15 22:51:37,460 [WARN] PackLoader:240 - Cannot read IP mode file for STMicroelectronics.FP-SNS-MOTENVWB1.1.4.0
2024-04-15 22:51:37,472 [WARN] PackLoader:240 - Cannot read IP mode file for STMicroelectronics.X-CUBE-SMBUS.2.1.0
2024-04-15 22:51:37,484 [WARN] PackLoader:240 - Cannot read IP mode file for STMicroelectronics.X-CUBE-TOUCHGFX.4.23.0
2024-04-15 22:51:37,487 [WARN] PackLoader:240 - Cannot read IP mode file for STMicroelectronics.X-CUBE-TOUCHGFX.4.23.2
2024-04-15 22:51:37,514 [WARN] PackLoader:240 - Cannot read IP mode file for STMicroelectronics.X-CUBE-AZRTOS-F7.1.1.0
2024-04-15 22:51:37,530 [WARN] PackLoader:240 - Cannot read IP mode file for STMicroelectronics.FP-SNS-MOTENV1.4.3.2
2024-04-15 22:51:37,536 [WARN] PackLoader:240 - Cannot read IP mode file for STMicroelectronics.FP-SNS-FLIGHT1.5.0.2
2024-04-15 22:51:37,549 [WARN] PackLoader:240 - Cannot read IP mode file for STMicroelectronics.X-CUBE-DISPLAY.3.0.0
2024-04-15 22:51:37,566 [WARN] PackLoader:240 - Cannot read IP mode file for STMicroelectronics.X-CUBE-BLE1.7.0.0
2024-04-15 22:51:37,581 [WARN] PackLoader:240 - Cannot read IP mode file for emotas.I-CUBE-CANOPEN.1.3.0
2024-04-15 22:51:37,597 [WARN] PackLoader:240 - Cannot read IP mode file for STMicroelectronics.X-CUBE-BLEMGR.3.1.0
2024-04-15 22:51:37,608 [INFO] WebApp:192 - Starting web application
2024-04-15 22:51:37,608 [INFO] WebApp:544 - Web application path used C:\ST\STM32CubeIDE_1.14.1\STM32CubeIDE\plugins\com.st.stm32cube.common.mx_6.10.0.202311202037\db\plugins\mcufinder\reactClient1\index.html
2024-04-15 22:51:37,611 [WARN] PackLoader:240 - Cannot read IP mode file for STMicroelectronics.FP-SNS-SMARTAG2.1.2.0
2024-04-15 22:51:37,631 [INFO] LogOutputStream:77 - [STDOUT_REDIRECT] 1 : Invalid condition id : UX_CORESTACK_Condition cause : null
2024-04-15 22:51:37,631 [INFO] LogOutputStream:77 - [STDOUT_REDIRECT] 1 : Invalid condition id : UX_CORESTACK_Condition cause : null
2024-04-15 22:51:37,633 [INFO] LogOutputStream:77 - [STDOUT_REDIRECT] 1 : Invalid condition id : UX_CORESTACK_Condition cause : null
2024-04-15 22:51:37,634 [INFO] LogOutputStream:77 - [STDOUT_REDIRECT] 1 : Invalid condition id : UX_CORESTACK_Condition cause : null
2024-04-15 22:51:37,635 [INFO] LogOutputStream:77 - [STDOUT_REDIRECT] 1 : Invalid condition id : UX_CORESTACK_Condition cause : null
2024-04-15 22:51:37,639 [WARN] PackLoader:240 - Cannot read IP mode file for STMicroelectronics.X-CUBE-AZRTOS-WL.2.0.0
2024-04-15 22:51:37,643 [WARN] PackLoader:240 - Cannot read IP mode file for STMicroelectronics.FP-SNS-MOTENV1.5.0.0
2024-04-15 22:51:37,660 [WARN] PackLoader:240 - Cannot read IP mode file for WES.I-CUBE-Cesium.1.3.0
2024-04-15 22:51:37,671 [WARN] PackLoader:240 - Cannot read IP mode file for STMicroelectronics.X-CUBE-BLE2.3.3.0
2024-04-15 22:51:37,675 [WARN] PackLoader:240 - Cannot read IP mode file for STMicroelectronics.X-CUBE-TCPP.4.1.0
2024-04-15 22:51:37,688 [WARN] PackLoader:240 - Cannot read IP mode file for STMicroelectronics.X-CUBE-ALGOBUILD.1.3.0
2024-04-15 22:51:37,715 [WARN] PackLoader:240 - Cannot read IP mode file for STMicroelectronics.X-CUBE-AZRTOS-G0.1.1.0
2024-04-15 22:51:37,724 [WARN] PackLoader:240 - Cannot read IP mode file for STMicroelectronics.X-CUBE-SAFEA1.1.2.2
2024-04-15 22:51:37,735 [WARN] PackLoader:240 - Cannot read IP mode file for STMicroelectronics.X-CUBE-NFC4.3.0.0
2024-04-15 22:51:37,760 [WARN] PackLoader:240 - Cannot read IP mode file for STMicroelectronics.X-CUBE-BLEMGR.3.0.0
2024-04-15 22:51:37,779 [WARN] PackLoader:240 - Cannot read IP mode file for STMicroelectronics.FP-ATR-SIGFOX1.3.2.0
2024-04-15 22:51:37,797 [WARN] PackLoader:240 - Cannot read IP mode file for STMicroelectronics.X-CUBE-EEPRMA1.5.1.0
2024-04-15 22:51:37,866 [WARN] PackLoader:240 - Cannot read IP mode file for SEGGER.I-CUBE-embOS.1.3.1
2024-04-15 22:51:37,926 [WARN] PackLoader:240 - Cannot read IP mode file for STMicroelectronics.X-CUBE-GNSS1.6.0.0
2024-04-15 22:51:37,957 [WARN] PackLoader:240 - Cannot read IP mode file for STMicroelectronics.X-CUBE-AZRTOS-F4.1.1.0
2024-04-15 22:51:37,974 [WARN] PackLoader:240 - Cannot read IP mode file for wolfSSL.I-CUBE-wolfSSL.5.6.6
2024-04-15 22:51:38,004 [WARN] PackLoader:240 - Cannot read IP mode file for STMicroelectronics.X-CUBE-AZRTOS-L5.2.0.0
2024-04-15 22:51:38,019 [WARN] PackLoader:240 - Cannot read IP mode file for STMicroelectronics.X-CUBE-EEPRMA1.4.2.0
2024-04-15 22:51:38,026 [WARN] PackLoader:240 - Cannot read IP mode file for STMicroelectronics.X-CUBE-NFC6.3.1.0
2024-04-15 22:51:38,051 [WARN] PackLoader:240 - Cannot read IP mode file for ITTIA_DB.I-CUBE-ITTIADB.8.8.0
2024-04-15 22:51:38,056 [WARN] PackLoader:240 - Cannot read IP mode file for STMicroelectronics.X-CUBE-AI.9.0.0
2024-04-15 22:51:38,069 [WARN] PackLoader:240 - Cannot read IP mode file for STMicroelectronics.X-CUBE-NFC7.1.0.1
2024-04-15 22:51:38,083 [WARN] PackLoader:240 - Cannot read IP mode file for STMicroelectronics.X-CUBE-NFC6.3.0.0
2024-04-15 22:51:38,096 [WARN] PackLoader:240 - Cannot read IP mode file for STMicroelectronics.X-CUBE-AI.8.1.0
2024-04-15 22:51:38,125 [WARN] ConditionMgr:438 - getConditionDescription Invalid condition id : LAN8742 Phy interface Condition cause : null
2024-04-15 22:51:38,126 [WARN] PackLoader:240 - Cannot read IP mode file for STMicroelectronics.X-CUBE-AZRTOS-L4.2.0.0
2024-04-15 22:51:38,127 [WARN] ConditionMgr:1039 - genDependencies : Invalid condition id : LAN8742 Phy interface Condition cause : null
2024-04-15 22:51:38,127 [WARN] ConditionMgr:1039 - genDependencies : Invalid condition id : LAN8742 Phy interface Condition cause : null
2024-04-15 22:51:38,128 [WARN] ConditionMgr:1039 - genDependencies : Invalid condition id : LAN8742 Phy interface Condition cause : null
2024-04-15 22:51:38,143 [WARN] PackLoader:240 - Cannot read IP mode file for STMicroelectronics.X-CUBE-SFXS2LP1.4.0.0
2024-04-15 22:51:38,164 [WARN] ConditionMgr:438 - getConditionDescription Invalid condition id : UX DEVICE CLASS RTOS Condition cause : null
2024-04-15 22:51:38,164 [WARN] ConditionMgr:438 - getConditionDescription Invalid condition id : UX DEVICE CLASS RTOS Condition cause : null
2024-04-15 22:51:38,166 [WARN] PackLoader:240 - Cannot read IP mode file for STMicroelectronics.X-CUBE-AZRTOS-WB.2.0.0
2024-04-15 22:51:38,167 [WARN] ConditionMgr:1039 - genDependencies : Invalid condition id : UX DEVICE CLASS RTOS Condition cause : null
2024-04-15 22:51:38,167 [WARN] ConditionMgr:1039 - genDependencies : Invalid condition id : UX DEVICE CLASS RTOS Condition cause : null
2024-04-15 22:51:38,167 [WARN] ConditionMgr:1039 - genDependencies : Invalid condition id : UX DEVICE CLASS RTOS Condition cause : null
2024-04-15 22:51:38,167 [WARN] ConditionMgr:1039 - genDependencies : Invalid condition id : UX DEVICE CLASS RTOS Condition cause : null
2024-04-15 22:51:38,167 [WARN] ConditionMgr:1039 - genDependencies : Invalid condition id : UX DEVICE CLASS RTOS Condition cause : null
2024-04-15 22:51:38,185 [WARN] PackLoader:240 - Cannot read IP mode file for STMicroelectronics.X-CUBE-SUBG2.5.0.0
2024-04-15 22:51:38,213 [WARN] PackLoader:240 - Cannot read IP mode file for STMicroelectronics.X-CUBE-AZRTOS-G4.2.0.0
2024-04-15 22:51:38,235 [WARN] PackLoader:240 - Cannot read IP mode file for Infineon.AIROC-Wi-Fi-Bluetooth-STM32.1.5.1
2024-04-15 22:51:38,242 [WARN] PackLoader:240 - Cannot read IP mode file for STMicroelectronics.FP-SNS-MOTENVWB1.1.3.1
2024-04-15 22:51:38,255 [WARN] PackLoader:240 - Cannot read IP mode file for STMicroelectronics.X-CUBE-ISPU.2.0.0
2024-04-15 22:51:38,296 [WARN] PackLoader:240 - Cannot read IP mode file for STMicroelectronics.X-CUBE-MEMS1.10.0.0
2024-04-15 22:51:38,393 [WARN] PackLoader:240 - Cannot read IP mode file for STMicroelectronics.X-CUBE-FREERTOS.1.1.0
2024-04-15 22:51:38,404 [WARN] PackLoader:240 - Cannot read IP mode file for portGmbH.I-Cube-SoM-uGOAL.1.1.0
2024-04-15 22:51:38,414 [WARN] PackLoader:240 - Cannot read IP mode file for STMicroelectronics.X-CUBE-ALS.1.0.1
2024-04-15 22:51:38,427 [WARN] PackLoader:240 - Cannot read IP mode file for STMicroelectronics.X-CUBE-AZRTOS-H7RS.1.0.0
2024-04-15 22:51:38,446 [WARN] PackLoader:240 - Cannot read IP mode file for STMicroelectronics.FP-ATR-ASTRA1.2.0.0
2024-04-15 22:51:38,468 [WARN] PackLoader:240 - Cannot read IP mode file for STMicroelectronics.X-CUBE-TOF1.3.4.0
2024-04-15 22:51:38,494 [WARN] PackLoader:240 - Cannot read IP mode file for STMicroelectronics.X-CUBE-TOF1.3.4.1
2024-04-15 22:51:38,539 [WARN] PackLoader:240 - Cannot read IP mode file for STMicroelectronics.X-CUBE-AZRTOS-H7.3.2.0
2024-04-15 22:51:38,543 [INFO] ThirdParty:978 - Integrity check success = true
2024-04-15 22:51:38,543 [INFO] IntegrityCheckThread:100 - exiting critical section [integrity check]
2024-04-15 22:51:38,543 [INFO] IntegrityCheckThread:103 - End integrity checks thread
2024-04-15 22:51:58,440 [ERROR] LogOutputStream:75 - [STDERR_REDIRECT] SLF4J: Failed to load class "org.slf4j.impl.StaticLoggerBinder".
2024-04-15 22:51:58,441 [ERROR] LogOutputStream:75 - [STDERR_REDIRECT] SLF4J: Defaulting to no-operation (NOP) logger implementation
2024-04-15 22:51:58,442 [ERROR] LogOutputStream:75 - [STDERR_REDIRECT] SLF4J: See http://www.slf4j.org/codes.html#StaticLoggerBinder for further details.
