2024-10-24 01:05:38,526 [ERROR] LogOutputStream:75 - [STDERR_REDIRECT] 
2024-10-24 08:47:16,723 [INFO] Activator:176 - 


2024-10-24 08:47:16,723 [INFO] Activator:177 - !SESSION log4j initialized
2024-10-24 08:47:23,300 [INFO] LogOutputStream:77 - [STDOUT_REDIRECT] 
2024-10-24 08:47:29,000 [INFO] ApplicationProperties:184 - Using Application install path: C:\ST\STM32CubeIDE_1.14.1\STM32CubeIDE\plugins\com.st.stm32cube.common.mx_6.10.0.202311202037
2024-10-24 08:47:29,017 [INFO] DbMcusXml:78 - Set database path to: C:\ST\STM32CubeIDE_1.14.1\STM32CubeIDE\plugins\com.st.stm32cube.common.mx_6.10.0.202311202037\\db\/mcu/
2024-10-24 08:47:29,017 [INFO] ApiDb:274 - Set plugin database path to: C:\ST\STM32CubeIDE_1.14.1\STM32CubeIDE\plugins\com.st.stm32cube.common.mx_6.10.0.202311202037\\db\/plugins/boardmanager/
2024-10-24 08:47:29,017 [WARN] ApiDb:259 - Overriding images path with different value:  => C:\ST\STM32CubeIDE_1.14.1\STM32CubeIDE\plugins\com.st.stm32cube.common.mx_6.10.0.202311202037\\db\/plugins/mcufinder/images/
2024-10-24 08:47:29,029 [INFO] ApiDb:250 - Set database path to: C:\Users\tkach\.stmcufinder\plugins\mcufinder//mcu/
2024-10-24 08:47:29,031 [INFO] DbMcusAds:125 - Set database path to: C:\Users\tkach\.stmcufinder\plugins\mcufinder//mcu/
2024-10-24 08:47:29,032 [INFO] CrossReferenceDbSqlite:203 - Set database path to: C:\Users\tkach\.stmcufinder\plugins\mcufinder//mcu/cs/
2024-10-24 08:47:29,136 [INFO] RulesReader:64 - Compatibility file has been processed (297 Rules)
2024-10-24 08:47:29,222 [INFO] DbMcusXml:78 - Set database path to: C:\ST\STM32CubeIDE_1.14.1\STM32CubeIDE\plugins\com.st.stm32cube.common.mx_6.10.0.202311202037\\db\/mcu/
2024-10-24 08:47:29,222 [INFO] ApiDb:274 - Set plugin database path to: C:\ST\STM32CubeIDE_1.14.1\STM32CubeIDE\plugins\com.st.stm32cube.common.mx_6.10.0.202311202037\\db\/plugins/boardmanager/
2024-10-24 08:47:29,222 [INFO] ApiDb:261 - Set plugin images path to: C:\ST\STM32CubeIDE_1.14.1\STM32CubeIDE\plugins\com.st.stm32cube.common.mx_6.10.0.202311202037\\db\/plugins/mcufinder/images/
2024-10-24 08:47:29,223 [WARN] DbFile:41 - Overriding database path with different value: C:\Users\tkach\.stmcufinder\plugins\mcufinder/ => C:\Users\tkach\.stmcufinder\plugins\mcufinder
2024-10-24 08:47:29,223 [INFO] ApiDb:250 - Set database path to: C:\Users\tkach\.stmcufinder\plugins\mcufinder//mcu/
2024-10-24 08:47:29,223 [WARN] DbFile:41 - Overriding database path with different value: C:\Users\tkach\.stmcufinder\plugins\mcufinder/ => C:\Users\tkach\.stmcufinder\plugins\mcufinder
2024-10-24 08:47:29,223 [INFO] DbMcusAds:125 - Set database path to: C:\Users\tkach\.stmcufinder\plugins\mcufinder//mcu/
2024-10-24 08:47:29,223 [WARN] DbFile:41 - Overriding database path with different value: C:\Users\tkach\.stmcufinder\plugins\mcufinder/ => C:\Users\tkach\.stmcufinder\plugins\mcufinder
2024-10-24 08:47:29,223 [WARN] DbFile:41 - Overriding database path with different value: C:\Users\tkach\.stmcufinder\plugins\mcufinder/ => C:\Users\tkach\.stmcufinder\plugins\mcufinder
2024-10-24 08:47:29,223 [INFO] CrossReferenceDbSqlite:203 - Set database path to: C:\Users\tkach\.stmcufinder\plugins\mcufinder//mcu/cs/
2024-10-24 08:47:29,303 [INFO] MainPanel:264 - HeapMemory: 268435456
2024-10-24 08:47:29,407 [INFO] DbMcusXml:78 - Set database path to: C:\ST\STM32CubeIDE_1.14.1\STM32CubeIDE\plugins\com.st.stm32cube.common.mx_6.10.0.202311202037\\db\/mcu/
2024-10-24 08:47:29,407 [INFO] ApiDb:274 - Set plugin database path to: C:\ST\STM32CubeIDE_1.14.1\STM32CubeIDE\plugins\com.st.stm32cube.common.mx_6.10.0.202311202037\\db\/plugins/boardmanager/
2024-10-24 08:47:29,407 [INFO] ApiDb:261 - Set plugin images path to: C:\ST\STM32CubeIDE_1.14.1\STM32CubeIDE\plugins\com.st.stm32cube.common.mx_6.10.0.202311202037\\db\/plugins/mcufinder/images/
2024-10-24 08:47:29,408 [WARN] DbFile:41 - Overriding database path with different value: C:\Users\tkach\.stmcufinder\plugins\mcufinder/ => C:\Users\tkach\.stmcufinder\plugins\mcufinder
2024-10-24 08:47:29,408 [INFO] ApiDb:250 - Set database path to: C:\Users\tkach\.stmcufinder\plugins\mcufinder//mcu/
2024-10-24 08:47:29,408 [WARN] DbFile:41 - Overriding database path with different value: C:\Users\tkach\.stmcufinder\plugins\mcufinder/ => C:\Users\tkach\.stmcufinder\plugins\mcufinder
2024-10-24 08:47:29,408 [INFO] DbMcusAds:125 - Set database path to: C:\Users\tkach\.stmcufinder\plugins\mcufinder//mcu/
2024-10-24 08:47:29,408 [WARN] DbFile:41 - Overriding database path with different value: C:\Users\tkach\.stmcufinder\plugins\mcufinder/ => C:\Users\tkach\.stmcufinder\plugins\mcufinder
2024-10-24 08:47:29,408 [WARN] DbFile:41 - Overriding database path with different value: C:\Users\tkach\.stmcufinder\plugins\mcufinder/ => C:\Users\tkach\.stmcufinder\plugins\mcufinder
2024-10-24 08:47:29,408 [INFO] CrossReferenceDbSqlite:203 - Set database path to: C:\Users\tkach\.stmcufinder\plugins\mcufinder//mcu/cs/
2024-10-24 08:47:29,426 [INFO] ApplicationProperties:184 - Using Application install path: C:\ST\STM32CubeIDE_1.14.1\STM32CubeIDE\plugins\com.st.stm32cube.common.mx_6.10.0.202311202037
2024-10-24 08:47:29,428 [INFO] PluginManage:196 - Search for loadable plugins [exclusion list=, ]
2024-10-24 08:47:29,430 [INFO] PluginManage:310 - Check plugin analytics
2024-10-24 08:47:29,599 [INFO] AnalyticsPlugin:253 - Accepted Software Licenses: STM32CubeMX.6.12.1
2024-10-24 08:47:29,600 [INFO] AnalyticsPlugin:255 - Accepted CMSIS Pack Licenses: 
2024-10-24 08:47:29,600 [INFO] AnalyticsPlugin:257 - Accepted Firmware Licenses: 
2024-10-24 08:47:29,602 [INFO] PluginManage:359 - Loaded plugin analytics (category:tool,tabindex:-1)
2024-10-24 08:47:29,603 [INFO] PluginManage:310 - Check plugin cadmodel
2024-10-24 08:47:29,616 [INFO] CADModel:105 - Init CAD model plugin
2024-10-24 08:47:29,617 [INFO] PluginManage:359 - Loaded plugin cadmodel (category:power,tabindex:5)
2024-10-24 08:47:29,617 [INFO] PluginManage:310 - Check plugin clock
2024-10-24 08:47:29,635 [INFO] PluginManage:359 - Loaded plugin clock (category:base,tabindex:2)
2024-10-24 08:47:29,635 [INFO] PluginManage:310 - Check plugin ddr
2024-10-24 08:47:29,637 [INFO] PluginManage:359 - Loaded plugin ddr (category:tool,tabindex:6)
2024-10-24 08:47:29,637 [INFO] PluginManage:310 - Check plugin filemanager
2024-10-24 08:47:29,771 [INFO] PluginManage:359 - Loaded plugin filemanager (category:base,tabindex:10)
2024-10-24 08:47:29,771 [INFO] PluginManage:310 - Check plugin ipmanager
2024-10-24 08:47:29,778 [INFO] PluginManage:359 - Loaded plugin ipmanager (category:base,tabindex:5)
2024-10-24 08:47:29,778 [INFO] PluginManage:310 - Check plugin lpbam
2024-10-24 08:47:29,796 [INFO] PluginManage:359 - Loaded plugin lpbam (category:base,tabindex:0)
2024-10-24 08:47:29,796 [INFO] PluginManage:310 - Check plugin memorymap
2024-10-24 08:47:29,820 [INFO] PluginManage:359 - Loaded plugin memorymap (category:base,tabindex:4)
2024-10-24 08:47:29,821 [INFO] PluginManage:310 - Check plugin pinoutandconfiguration
2024-10-24 08:47:29,836 [INFO] PluginManage:359 - Loaded plugin pinoutandconfiguration (category:base,tabindex:1)
2024-10-24 08:47:29,836 [INFO] PluginManage:310 - Check plugin pinoutconfig
2024-10-24 08:47:29,927 [WARN] SupportedApi:132 - Cannot load RTOS API schema: s4s-elt-must-match.1: The content of 'definitions' must match (annotation?, (simpleType | complexType)?, (unique | key | keyref)*)). A problem was found starting at: attribute.
2024-10-24 08:47:30,040 [INFO] PluginManage:359 - Loaded plugin pinoutconfig (category:base,tabindex:0)
2024-10-24 08:47:30,040 [INFO] PluginManage:310 - Check plugin power
2024-10-24 08:47:30,062 [INFO] PluginManage:359 - Loaded plugin power (category:power,tabindex:4)
2024-10-24 08:47:30,062 [INFO] PluginManage:310 - Check plugin projectmanager
2024-10-24 08:47:30,079 [INFO] PluginManage:359 - Loaded plugin projectmanager (category:projectmanager,tabindex:3)
2024-10-24 08:47:30,079 [INFO] PluginManage:310 - Check plugin thirdparty
2024-10-24 08:47:30,342 [INFO] PluginManage:359 - Loaded plugin thirdparty (category:base,tabindex:-1)
2024-10-24 08:47:30,342 [WARN] IntegrityCheckThread:84 - waiting for thirdparty lock release [integrity check]
2024-10-24 08:47:30,342 [INFO] PluginManage:310 - Check plugin tools
2024-10-24 08:47:30,342 [INFO] IntegrityCheckThread:86 - entering critical section [integrity check]
2024-10-24 08:47:30,342 [INFO] ThirdPartyUpdaterWithRetryManager:70 - Updater plugin not ready yet. [1/15]
2024-10-24 08:47:30,375 [INFO] PluginManage:359 - Loaded plugin tools (category:base,tabindex:7)
2024-10-24 08:47:30,375 [INFO] PluginManage:310 - Check plugin tutovideos
2024-10-24 08:47:30,557 [INFO] PluginManage:359 - Loaded plugin tutovideos (category:base,tabindex:-1)
2024-10-24 08:47:30,557 [INFO] PluginManage:310 - Check plugin updater
2024-10-24 08:47:30,569 [INFO] PluginManage:359 - Loaded plugin updater (category:base,tabindex:12)
2024-10-24 08:47:30,570 [INFO] PluginManage:310 - Check plugin userauth
2024-10-24 08:47:30,574 [INFO] UserAuth:114 - Init User Auth plugin
2024-10-24 08:47:30,575 [INFO] PluginManage:359 - Loaded plugin userauth (category:base,tabindex:14)
2024-10-24 08:47:30,575 [INFO] PluginManage:283 - PluginManage : Loaded plugins [17]
2024-10-24 08:47:30,789 [INFO] PinOutPanel:1499 - setPackage(No Configuration,No Configuration)
2024-10-24 08:47:30,864 [INFO] CADModel:165 - CPN selected for project level
2024-10-24 08:47:30,864 [INFO] CADModel:114 - Register for checkConnection events
2024-10-24 08:47:30,893 [INFO] IPUIPlugin:80 - create IPUIPlugin
2024-10-24 08:47:30,893 [INFO] PluginManager:220 - loadIPPluginJar : add adc
2024-10-24 08:47:30,929 [INFO] IPUIPlugin:80 - create IPUIPlugin
2024-10-24 08:47:30,929 [INFO] PluginManager:220 - loadIPPluginJar : add aes
2024-10-24 08:47:30,967 [INFO] IPUIPlugin:80 - create IPUIPlugin
2024-10-24 08:47:30,967 [INFO] PluginManager:220 - loadIPPluginJar : add can
2024-10-24 08:47:30,988 [INFO] IPUIPlugin:80 - create IPUIPlugin
2024-10-24 08:47:30,988 [INFO] PluginManager:220 - loadIPPluginJar : add comp
2024-10-24 08:47:31,019 [INFO] IPUIPlugin:80 - create IPUIPlugin
2024-10-24 08:47:31,019 [INFO] PluginManager:220 - loadIPPluginJar : add cryp
2024-10-24 08:47:31,047 [INFO] IPUIPlugin:80 - create IPUIPlugin
2024-10-24 08:47:31,047 [INFO] PluginManager:220 - loadIPPluginJar : add dfsdm
2024-10-24 08:47:31,061 [INFO] IPUIPlugin:80 - create IPUIPlugin
2024-10-24 08:47:31,061 [INFO] PluginManager:220 - loadIPPluginJar : add dma
2024-10-24 08:47:31,102 [INFO] IPUIPlugin:80 - create IPUIPlugin
2024-10-24 08:47:31,102 [INFO] PluginManager:220 - loadIPPluginJar : add dma3
2024-10-24 08:47:31,120 [INFO] IPUIPlugin:80 - create IPUIPlugin
2024-10-24 08:47:31,120 [INFO] PluginManager:220 - loadIPPluginJar : add fatfs
2024-10-24 08:47:31,164 [INFO] IPUIPlugin:80 - create IPUIPlugin
2024-10-24 08:47:31,165 [INFO] PluginManager:220 - loadIPPluginJar : add fmc
2024-10-24 08:47:31,178 [INFO] IPUIPlugin:80 - create IPUIPlugin
2024-10-24 08:47:31,179 [INFO] PluginManager:220 - loadIPPluginJar : add freertos
2024-10-24 08:47:31,197 [INFO] IPUIPlugin:80 - create IPUIPlugin
2024-10-24 08:47:31,198 [INFO] PluginManager:220 - loadIPPluginJar : add genericplugin
2024-10-24 08:47:31,292 [INFO] IPUIPlugin:80 - create IPUIPlugin
2024-10-24 08:47:31,292 [INFO] PluginManager:220 - loadIPPluginJar : add gfxmmu
2024-10-24 08:47:31,429 [INFO] IPUIPlugin:80 - create IPUIPlugin
2024-10-24 08:47:31,429 [INFO] PluginManager:220 - loadIPPluginJar : add gic
2024-10-24 08:47:31,451 [INFO] IPUIPlugin:80 - create IPUIPlugin
2024-10-24 08:47:31,451 [INFO] PluginManager:220 - loadIPPluginJar : add gpio
2024-10-24 08:47:31,546 [INFO] IPUIPlugin:80 - create IPUIPlugin
2024-10-24 08:47:31,546 [INFO] PluginManager:220 - loadIPPluginJar : add gtzc
2024-10-24 08:47:31,588 [INFO] IPUIPlugin:80 - create IPUIPlugin
2024-10-24 08:47:31,588 [INFO] PluginManager:220 - loadIPPluginJar : add hash
2024-10-24 08:47:31,636 [INFO] IPUIPlugin:80 - create IPUIPlugin
2024-10-24 08:47:31,636 [INFO] PluginManager:220 - loadIPPluginJar : add i2c
2024-10-24 08:47:31,670 [INFO] IPUIPlugin:80 - create IPUIPlugin
2024-10-24 08:47:31,670 [INFO] PluginManager:220 - loadIPPluginJar : add i2s
2024-10-24 08:47:31,713 [INFO] IPUIPlugin:80 - create IPUIPlugin
2024-10-24 08:47:31,713 [INFO] PluginManager:220 - loadIPPluginJar : add i3c
2024-10-24 08:47:31,875 [INFO] IPUIPlugin:80 - create IPUIPlugin
2024-10-24 08:47:31,876 [INFO] PluginManager:220 - loadIPPluginJar : add ipddr
2024-10-24 08:47:31,997 [INFO] IPUIPlugin:80 - create IPUIPlugin
2024-10-24 08:47:31,997 [INFO] PluginManager:220 - loadIPPluginJar : add linkedlist
2024-10-24 08:47:32,030 [INFO] IPUIPlugin:80 - create IPUIPlugin
2024-10-24 08:47:32,030 [INFO] PluginManager:220 - loadIPPluginJar : add lorawan
2024-10-24 08:47:32,068 [INFO] IPUIPlugin:80 - create IPUIPlugin
2024-10-24 08:47:32,068 [INFO] PluginManager:220 - loadIPPluginJar : add ltdc
2024-10-24 08:47:32,081 [INFO] IPUIPlugin:80 - create IPUIPlugin
2024-10-24 08:47:32,081 [INFO] PluginManager:220 - loadIPPluginJar : add mdma
2024-10-24 08:47:32,092 [INFO] IPUIPlugin:80 - create IPUIPlugin
2024-10-24 08:47:32,092 [INFO] PluginManager:220 - loadIPPluginJar : add nvic
2024-10-24 08:47:32,130 [INFO] IPUIPlugin:80 - create IPUIPlugin
2024-10-24 08:47:32,130 [INFO] PluginManager:220 - loadIPPluginJar : add opamp
2024-10-24 08:47:32,203 [INFO] IPUIPlugin:80 - create IPUIPlugin
2024-10-24 08:47:32,203 [INFO] PluginManager:220 - loadIPPluginJar : add openamp
2024-10-24 08:47:32,268 [INFO] IPUIPlugin:80 - create IPUIPlugin
2024-10-24 08:47:32,268 [INFO] PluginManager:220 - loadIPPluginJar : add pdm2pcm
2024-10-24 08:47:32,288 [INFO] IPUIPlugin:80 - create IPUIPlugin
2024-10-24 08:47:32,290 [INFO] PluginManager:220 - loadIPPluginJar : add plateformsettings
2024-10-24 08:47:32,318 [INFO] IPUIPlugin:80 - create IPUIPlugin
2024-10-24 08:47:32,318 [INFO] PluginManager:220 - loadIPPluginJar : add quadspi
2024-10-24 08:47:32,332 [INFO] IPUIPlugin:80 - create IPUIPlugin
2024-10-24 08:47:32,333 [INFO] PluginManager:220 - loadIPPluginJar : add resmgrutility
2024-10-24 08:47:32,381 [INFO] IPUIPlugin:80 - create IPUIPlugin
2024-10-24 08:47:32,381 [INFO] PluginManager:220 - loadIPPluginJar : add sai
2024-10-24 08:47:32,427 [INFO] IPUIPlugin:80 - create IPUIPlugin
2024-10-24 08:47:32,427 [INFO] PluginManager:220 - loadIPPluginJar : add spi
2024-10-24 08:47:32,519 [INFO] IPUIPlugin:80 - create IPUIPlugin
2024-10-24 08:47:32,519 [INFO] PluginManager:220 - loadIPPluginJar : add stm32_wpan
2024-10-24 08:47:32,558 [INFO] IPUIPlugin:80 - create IPUIPlugin
2024-10-24 08:47:32,558 [INFO] PluginManager:220 - loadIPPluginJar : add tim
2024-10-24 08:47:32,632 [INFO] IPUIPlugin:80 - create IPUIPlugin
2024-10-24 08:47:32,632 [INFO] PluginManager:220 - loadIPPluginJar : add touchsensing
2024-10-24 08:47:32,664 [INFO] IPUIPlugin:80 - create IPUIPlugin
2024-10-24 08:47:32,664 [INFO] PluginManager:220 - loadIPPluginJar : add tracer_emb
2024-10-24 08:47:32,698 [INFO] IPUIPlugin:80 - create IPUIPlugin
2024-10-24 08:47:32,699 [INFO] PluginManager:220 - loadIPPluginJar : add ts
2024-10-24 08:47:32,724 [INFO] IPUIPlugin:80 - create IPUIPlugin
2024-10-24 08:47:32,724 [INFO] PluginManager:220 - loadIPPluginJar : add tsc
2024-10-24 08:47:32,746 [INFO] IPUIPlugin:80 - create IPUIPlugin
2024-10-24 08:47:32,746 [INFO] PluginManager:220 - loadIPPluginJar : add ucpd
2024-10-24 08:47:32,790 [INFO] IPUIPlugin:80 - create IPUIPlugin
2024-10-24 08:47:32,790 [INFO] PluginManager:220 - loadIPPluginJar : add usart
2024-10-24 08:47:32,835 [INFO] IPUIPlugin:80 - create IPUIPlugin
2024-10-24 08:47:32,835 [INFO] PluginManager:220 - loadIPPluginJar : add usbx
2024-10-24 08:47:32,951 [INFO] CADModel:165 - CPN selected for project level
2024-10-24 08:47:32,952 [INFO] CADModel:114 - Register for checkConnection events
2024-10-24 08:47:32,952 [FATAL] Updater:308 - Updater called before beeing initialized
2024-10-24 08:47:32,952 [ERROR] CADModel:125 - Updater not yet initialized, retry later 
2024-10-24 08:47:33,106 [INFO] CADModel:165 - CPN selected for project level
2024-10-24 08:47:33,106 [INFO] CADModel:114 - Register for checkConnection events
2024-10-24 08:47:33,106 [FATAL] Updater:308 - Updater called before beeing initialized
2024-10-24 08:47:33,106 [ERROR] CADModel:125 - Updater not yet initialized, retry later 
2024-10-24 08:47:33,109 [FATAL] Updater:308 - Updater called before beeing initialized
2024-10-24 08:47:33,219 [FATAL] Updater:308 - Updater called before beeing initialized
2024-10-24 08:47:33,227 [INFO] DbMcusAds:53 - JSON generation date=Fri Sep 20 16:04:23 EEST 2024 (1726837463113)
2024-10-24 08:47:33,227 [FATAL] Updater:308 - Updater called before beeing initialized
2024-10-24 08:47:33,290 [WARN] DetailPanel:346 - Failed to get advertising image, set to default
2024-10-24 08:47:33,344 [INFO] ThirdPartyUpdaterWithRetryManager:70 - Updater plugin not ready yet. [2/15]
2024-10-24 08:47:33,368 [FATAL] Updater:308 - Updater called before beeing initialized
2024-10-24 08:47:33,370 [FATAL] Updater:308 - Updater called before beeing initialized
2024-10-24 08:47:33,370 [FATAL] Updater:308 - Updater called before beeing initialized
2024-10-24 08:47:33,370 [WARN] DetailPanel:346 - Failed to get advertising image, set to default
2024-10-24 08:47:33,371 [FATAL] Updater:308 - Updater called before beeing initialized
2024-10-24 08:47:33,427 [ERROR] Updater:1120 - MainUpdater not yet initialized. External WinMGr cannot be set.
2024-10-24 08:47:33,437 [INFO] Updater:1056 - Updater Version found : 6.10.0
2024-10-24 08:47:33,457 [INFO] ApplicationProperties:184 - Using Application install path: C:\ST\STM32CubeIDE_1.14.1\STM32CubeIDE\plugins\com.st.stm32cube.common.mx_6.10.0.202311202037
2024-10-24 08:47:33,885 [INFO] MainUpdater:2873 - connection check result : 10
2024-10-24 08:47:33,886 [INFO] MainUpdater:290 - Updater Check For Update Now.
2024-10-24 08:47:33,886 [INFO] MicroXplorer:498 - Change Database Version : DB.6.0.100
2024-10-24 08:47:33,913 [INFO] McuFinderGlobals:63 - Set McuFinder mode to 2 (CubeIDE integrated)
2024-10-24 08:47:34,177 [INFO] CheckServerUpdateThread:120 - End of CheckServer Thread
2024-10-24 08:47:34,452 [INFO] UserAuth:404 - Internet connection configuration mode: 1
2024-10-24 08:47:34,473 [INFO] JxBrowserEngine:152 - Initiate JxBrowser Engine with user profile folder
2024-10-24 08:47:36,540 [WARN] PackLoader:240 - Cannot read IP mode file for STMicroelectronics.FP-SNS-MOTENVWB1.1.4.0
2024-10-24 08:47:36,554 [WARN] PackLoader:240 - Cannot read IP mode file for STMicroelectronics.X-CUBE-SMBUS.2.1.0
2024-10-24 08:47:36,570 [WARN] PackLoader:240 - Cannot read IP mode file for STMicroelectronics.X-CUBE-WB05N.1.1.0
2024-10-24 08:47:36,583 [WARN] PackLoader:240 - Cannot read IP mode file for STMicroelectronics.X-CUBE-TOUCHGFX.4.23.0
2024-10-24 08:47:36,595 [WARN] PackLoader:240 - Cannot read IP mode file for STMicroelectronics.X-CUBE-TOUCHGFX.4.23.2
2024-10-24 08:47:36,631 [WARN] PackLoader:240 - Cannot read IP mode file for STMicroelectronics.X-CUBE-AZRTOS-F7.1.1.0
2024-10-24 08:47:36,650 [WARN] PackLoader:240 - Cannot read IP mode file for STMicroelectronics.FP-SNS-MOTENV1.4.3.2
2024-10-24 08:47:36,746 [WARN] PackLoader:240 - Cannot read IP mode file for STMicroelectronics.X-CUBE-MEMS1.11.0.0
2024-10-24 08:47:36,891 [WARN] PackLoader:240 - Cannot read IP mode file for STMicroelectronics.FP-SNS-FLIGHT1.5.0.2
2024-10-24 08:47:36,905 [WARN] PackLoader:240 - Cannot read IP mode file for STMicroelectronics.X-CUBE-DISPLAY.3.0.0
2024-10-24 08:47:36,920 [WARN] PackLoader:240 - Cannot read IP mode file for STMicroelectronics.X-CUBE-BLE1.7.0.0
2024-10-24 08:47:36,935 [WARN] PackLoader:240 - Cannot read IP mode file for STMicroelectronics.X-CUBE-NFC10.1.0.0
2024-10-24 08:47:36,954 [WARN] PackLoader:240 - Cannot read IP mode file for emotas.I-CUBE-CANOPEN.1.3.0
2024-10-24 08:47:36,983 [WARN] PackLoader:240 - Cannot read IP mode file for STMicroelectronics.X-CUBE-BLEMGR.3.1.0
2024-10-24 08:47:37,009 [WARN] PackLoader:240 - Cannot read IP mode file for STMicroelectronics.FP-SNS-SMARTAG2.1.2.0
2024-10-24 08:47:37,042 [INFO] LogOutputStream:77 - [STDOUT_REDIRECT] 1 : Invalid condition id : UX_CORESTACK_Condition cause : null
2024-10-24 08:47:37,043 [INFO] LogOutputStream:77 - [STDOUT_REDIRECT] 1 : Invalid condition id : UX_CORESTACK_Condition cause : null
2024-10-24 08:47:37,044 [INFO] LogOutputStream:77 - [STDOUT_REDIRECT] 1 : Invalid condition id : UX_CORESTACK_Condition cause : null
2024-10-24 08:47:37,046 [INFO] LogOutputStream:77 - [STDOUT_REDIRECT] 1 : Invalid condition id : UX_CORESTACK_Condition cause : null
2024-10-24 08:47:37,047 [INFO] LogOutputStream:77 - [STDOUT_REDIRECT] 1 : Invalid condition id : UX_CORESTACK_Condition cause : null
2024-10-24 08:47:37,052 [WARN] PackLoader:240 - Cannot read IP mode file for STMicroelectronics.X-CUBE-AZRTOS-WL.2.0.0
2024-10-24 08:47:37,072 [WARN] PackLoader:240 - Cannot read IP mode file for STMicroelectronics.FP-SNS-MOTENV1.5.0.0
2024-10-24 08:47:37,102 [WARN] PackLoader:240 - Cannot read IP mode file for wolfSSL.I-CUBE-wolfMQTT.1.19.0
2024-10-24 08:47:37,124 [WARN] PackLoader:240 - Cannot read IP mode file for WES.I-CUBE-Cesium.1.3.0
2024-10-24 08:47:37,144 [WARN] PackLoader:240 - Cannot read IP mode file for STMicroelectronics.X-CUBE-BLE2.3.3.0
2024-10-24 08:47:37,170 [WARN] PackLoader:240 - Cannot read IP mode file for STMicroelectronics.X-CUBE-NFC9.1.0.0
2024-10-24 08:47:37,184 [WARN] PackLoader:240 - Cannot read IP mode file for STMicroelectronics.X-CUBE-TCPP.4.1.0
2024-10-24 08:47:37,204 [WARN] PackLoader:240 - Cannot read IP mode file for STMicroelectronics.X-CUBE-ALGOBUILD.1.3.0
2024-10-24 08:47:37,232 [WARN] PackLoader:240 - Cannot read IP mode file for STMicroelectronics.X-CUBE-AZRTOS-G0.1.1.0
2024-10-24 08:47:37,248 [WARN] PackLoader:240 - Cannot read IP mode file for STMicroelectronics.X-CUBE-SAFEA1.1.2.2
2024-10-24 08:47:37,265 [WARN] PackLoader:240 - Cannot read IP mode file for STMicroelectronics.X-CUBE-NFC4.3.0.0
2024-10-24 08:47:37,283 [WARN] PackLoader:240 - Cannot read IP mode file for EmbeddedOffice.I-CUBE-FS-RTOS.1.0.1
2024-10-24 08:47:37,284 [ERROR] ConditionMgr:805 - Attr not supported : Dmpu
2024-10-24 08:47:37,284 [ERROR] ConditionMgr:805 - Attr not supported : Dmpu
2024-10-24 08:47:37,284 [ERROR] ConditionMgr:805 - Attr not supported : Dmpu
2024-10-24 08:47:37,284 [ERROR] ConditionMgr:805 - Attr not supported : Dmpu
2024-10-24 08:47:37,284 [ERROR] ConditionMgr:805 - Attr not supported : Dmpu
2024-10-24 08:47:37,284 [ERROR] ConditionMgr:805 - Attr not supported : Dmpu
2024-10-24 08:47:37,284 [ERROR] ConditionMgr:805 - Attr not supported : Dmpu
2024-10-24 08:47:37,285 [ERROR] ConditionMgr:805 - Attr not supported : Dmpu
2024-10-24 08:47:37,285 [ERROR] ConditionMgr:805 - Attr not supported : Dmpu
2024-10-24 08:47:37,285 [ERROR] ConditionMgr:805 - Attr not supported : Dmpu
2024-10-24 08:47:37,285 [ERROR] ConditionMgr:805 - Attr not supported : Dmpu
2024-10-24 08:47:37,285 [ERROR] ConditionMgr:805 - Attr not supported : Dmpu
2024-10-24 08:47:37,285 [ERROR] ConditionMgr:805 - Attr not supported : Dmpu
2024-10-24 08:47:37,285 [ERROR] ConditionMgr:805 - Attr not supported : Dmpu
2024-10-24 08:47:37,285 [ERROR] ConditionMgr:805 - Attr not supported : Dmpu
2024-10-24 08:47:37,285 [ERROR] ConditionMgr:805 - Attr not supported : Dmpu
2024-10-24 08:47:37,285 [ERROR] ConditionMgr:805 - Attr not supported : Dmpu
2024-10-24 08:47:37,285 [ERROR] ConditionMgr:805 - Attr not supported : Dmpu
2024-10-24 08:47:37,285 [ERROR] ConditionMgr:805 - Attr not supported : Dmpu
2024-10-24 08:47:37,285 [ERROR] ConditionMgr:805 - Attr not supported : Dmpu
2024-10-24 08:47:37,285 [ERROR] ConditionMgr:805 - Attr not supported : Dmpu
2024-10-24 08:47:37,285 [ERROR] ConditionMgr:805 - Attr not supported : Dmpu
2024-10-24 08:47:37,285 [ERROR] ConditionMgr:805 - Attr not supported : Dmpu
2024-10-24 08:47:37,285 [ERROR] ConditionMgr:805 - Attr not supported : Dmpu
2024-10-24 08:47:37,286 [ERROR] ConditionMgr:805 - Attr not supported : Dmpu
2024-10-24 08:47:37,286 [ERROR] ConditionMgr:805 - Attr not supported : Dmpu
2024-10-24 08:47:37,286 [ERROR] ConditionMgr:805 - Attr not supported : Dmpu
2024-10-24 08:47:37,286 [ERROR] ConditionMgr:805 - Attr not supported : Dmpu
2024-10-24 08:47:37,286 [ERROR] ConditionMgr:805 - Attr not supported : Dmpu
2024-10-24 08:47:37,286 [ERROR] ConditionMgr:805 - Attr not supported : Dmpu
2024-10-24 08:47:37,286 [ERROR] ConditionMgr:805 - Attr not supported : Dmpu
2024-10-24 08:47:37,286 [ERROR] ConditionMgr:805 - Attr not supported : Dmpu
2024-10-24 08:47:37,286 [ERROR] ConditionMgr:805 - Attr not supported : Dmpu
2024-10-24 08:47:37,286 [ERROR] ConditionMgr:805 - Attr not supported : Dmpu
2024-10-24 08:47:37,286 [ERROR] ConditionMgr:805 - Attr not supported : Dmpu
2024-10-24 08:47:37,286 [ERROR] ConditionMgr:805 - Attr not supported : Dmpu
2024-10-24 08:47:37,286 [ERROR] ConditionMgr:805 - Attr not supported : Dmpu
2024-10-24 08:47:37,287 [ERROR] ConditionMgr:805 - Attr not supported : Dmpu
2024-10-24 08:47:37,287 [ERROR] ConditionMgr:805 - Attr not supported : Dmpu
2024-10-24 08:47:37,287 [ERROR] ConditionMgr:805 - Attr not supported : Dmpu
2024-10-24 08:47:37,287 [ERROR] ConditionMgr:805 - Attr not supported : Dmpu
2024-10-24 08:47:37,287 [ERROR] ConditionMgr:805 - Attr not supported : Dmpu
2024-10-24 08:47:37,287 [ERROR] ConditionMgr:805 - Attr not supported : Dmpu
2024-10-24 08:47:37,287 [ERROR] ConditionMgr:805 - Attr not supported : Dmpu
2024-10-24 08:47:37,287 [ERROR] ConditionMgr:805 - Attr not supported : Dmpu
2024-10-24 08:47:37,287 [ERROR] ConditionMgr:805 - Attr not supported : Dmpu
2024-10-24 08:47:37,287 [ERROR] ConditionMgr:805 - Attr not supported : Dmpu
2024-10-24 08:47:37,287 [ERROR] ConditionMgr:805 - Attr not supported : Dmpu
2024-10-24 08:47:37,287 [ERROR] ConditionMgr:805 - Attr not supported : Dmpu
2024-10-24 08:47:37,287 [ERROR] ConditionMgr:805 - Attr not supported : Dmpu
2024-10-24 08:47:37,287 [ERROR] ConditionMgr:805 - Attr not supported : Dmpu
2024-10-24 08:47:37,287 [ERROR] ConditionMgr:805 - Attr not supported : Dmpu
2024-10-24 08:47:37,288 [ERROR] ConditionMgr:805 - Attr not supported : Dmpu
2024-10-24 08:47:37,288 [ERROR] ConditionMgr:805 - Attr not supported : Dmpu
2024-10-24 08:47:37,288 [ERROR] ConditionMgr:805 - Attr not supported : Dmpu
2024-10-24 08:47:37,288 [ERROR] ConditionMgr:805 - Attr not supported : Dmpu
2024-10-24 08:47:37,288 [ERROR] ConditionMgr:805 - Attr not supported : Dmpu
2024-10-24 08:47:37,288 [ERROR] ConditionMgr:805 - Attr not supported : Dmpu
2024-10-24 08:47:37,288 [ERROR] ConditionMgr:805 - Attr not supported : Dmpu
2024-10-24 08:47:37,288 [ERROR] ConditionMgr:805 - Attr not supported : Dmpu
2024-10-24 08:47:37,288 [ERROR] ConditionMgr:805 - Attr not supported : Dmpu
2024-10-24 08:47:37,288 [ERROR] ConditionMgr:805 - Attr not supported : Dmpu
2024-10-24 08:47:37,288 [ERROR] ConditionMgr:805 - Attr not supported : Dmpu
2024-10-24 08:47:37,288 [ERROR] ConditionMgr:805 - Attr not supported : Dmpu
2024-10-24 08:47:37,304 [WARN] PackLoader:240 - Cannot read IP mode file for STMicroelectronics.X-CUBE-BLEMGR.3.0.0
2024-10-24 08:47:37,324 [WARN] PackLoader:240 - Cannot read IP mode file for RealThread.X-CUBE-RT-Thread_Nano.4.1.1
2024-10-24 08:47:37,337 [WARN] PackLoader:240 - Cannot read IP mode file for STMicroelectronics.FP-ATR-SIGFOX1.3.2.0
2024-10-24 08:47:37,350 [WARN] PackLoader:240 - Cannot read IP mode file for STMicroelectronics.X-CUBE-EEPRMA1.5.1.0
2024-10-24 08:47:37,390 [WARN] PackLoader:240 - Cannot read IP mode file for SEGGER.I-CUBE-embOS.1.3.1
2024-10-24 08:47:37,448 [WARN] PackLoader:240 - Cannot read IP mode file for STMicroelectronics.X-CUBE-ALGOBUILD.1.4.0
2024-10-24 08:47:37,461 [WARN] PackLoader:240 - Cannot read IP mode file for STMicroelectronics.X-CUBE-AI.9.1.0
2024-10-24 08:47:37,477 [WARN] PackLoader:240 - Cannot read IP mode file for STMicroelectronics.X-CUBE-GNSS1.6.0.0
2024-10-24 08:47:37,509 [WARN] PackLoader:240 - Cannot read IP mode file for STMicroelectronics.X-CUBE-AZRTOS-F4.1.1.0
2024-10-24 08:47:37,523 [WARN] PackLoader:240 - Cannot read IP mode file for STMicroelectronics.X-CUBE-ISPU.2.1.0
2024-10-24 08:47:37,538 [WARN] PackLoader:240 - Cannot read IP mode file for STMicroelectronics.X-CUBE-FREERTOS.1.2.0
2024-10-24 08:47:37,550 [WARN] PackLoader:240 - Cannot read IP mode file for wolfSSL.I-CUBE-wolfSSL.5.6.6
2024-10-24 08:47:37,580 [WARN] PackLoader:240 - Cannot read IP mode file for STMicroelectronics.X-CUBE-AZRTOS-L5.2.0.0
2024-10-24 08:47:37,594 [WARN] PackLoader:240 - Cannot read IP mode file for STMicroelectronics.X-CUBE-EEPRMA1.4.2.0
2024-10-24 08:47:37,615 [WARN] PackLoader:240 - Cannot read IP mode file for STMicroelectronics.X-CUBE-NFC6.3.1.0
2024-10-24 08:47:37,629 [WARN] PackLoader:240 - Cannot read IP mode file for ITTIA_DB.I-CUBE-ITTIADB.8.8.0
2024-10-24 08:47:37,641 [WARN] PackLoader:240 - Cannot read IP mode file for STMicroelectronics.X-CUBE-DPower.1.2.0
2024-10-24 08:47:37,655 [WARN] PackLoader:240 - Cannot read IP mode file for STMicroelectronics.X-CUBE-AI.9.0.0
2024-10-24 08:47:37,667 [WARN] PackLoader:240 - Cannot read IP mode file for STMicroelectronics.X-CUBE-NFC7.1.0.1
2024-10-24 08:47:37,682 [WARN] PackLoader:240 - Cannot read IP mode file for STMicroelectronics.X-CUBE-NFC6.3.0.0
2024-10-24 08:47:37,702 [WARN] PackLoader:240 - Cannot read IP mode file for STMicroelectronics.X-CUBE-AI.8.1.0
2024-10-24 08:47:37,734 [WARN] ConditionMgr:438 - getConditionDescription Invalid condition id : LAN8742 Phy interface Condition cause : null
2024-10-24 08:47:37,734 [WARN] PackLoader:240 - Cannot read IP mode file for STMicroelectronics.X-CUBE-AZRTOS-L4.2.0.0
2024-10-24 08:47:37,735 [WARN] ConditionMgr:1039 - genDependencies : Invalid condition id : LAN8742 Phy interface Condition cause : null
2024-10-24 08:47:37,736 [WARN] ConditionMgr:1039 - genDependencies : Invalid condition id : LAN8742 Phy interface Condition cause : null
2024-10-24 08:47:37,736 [WARN] ConditionMgr:1039 - genDependencies : Invalid condition id : LAN8742 Phy interface Condition cause : null
2024-10-24 08:47:37,751 [WARN] PackLoader:240 - Cannot read IP mode file for STMicroelectronics.X-CUBE-SFXS2LP1.4.0.0
2024-10-24 08:47:37,791 [WARN] PackLoader:240 - Cannot read IP mode file for STMicroelectronics.X-CUBE-AZRTOS-H7.3.3.0
2024-10-24 08:47:37,812 [WARN] PackLoader:240 - Cannot read IP mode file for STMicroelectronics.X-CUBE-IPS.3.0.0
2024-10-24 08:47:37,841 [WARN] ConditionMgr:438 - getConditionDescription Invalid condition id : UX DEVICE CLASS RTOS Condition cause : null
2024-10-24 08:47:37,841 [WARN] ConditionMgr:438 - getConditionDescription Invalid condition id : UX DEVICE CLASS RTOS Condition cause : null
2024-10-24 08:47:37,844 [WARN] PackLoader:240 - Cannot read IP mode file for STMicroelectronics.X-CUBE-AZRTOS-WB.2.0.0
2024-10-24 08:47:37,844 [WARN] ConditionMgr:1039 - genDependencies : Invalid condition id : UX DEVICE CLASS RTOS Condition cause : null
2024-10-24 08:47:37,844 [WARN] ConditionMgr:1039 - genDependencies : Invalid condition id : UX DEVICE CLASS RTOS Condition cause : null
2024-10-24 08:47:37,845 [WARN] ConditionMgr:1039 - genDependencies : Invalid condition id : UX DEVICE CLASS RTOS Condition cause : null
2024-10-24 08:47:37,845 [WARN] ConditionMgr:1039 - genDependencies : Invalid condition id : UX DEVICE CLASS RTOS Condition cause : null
2024-10-24 08:47:37,845 [WARN] ConditionMgr:1039 - genDependencies : Invalid condition id : UX DEVICE CLASS RTOS Condition cause : null
2024-10-24 08:47:37,863 [WARN] PackLoader:240 - Cannot read IP mode file for STMicroelectronics.X-CUBE-GNSS1.7.0.0
2024-10-24 08:47:37,882 [WARN] PackLoader:240 - Cannot read IP mode file for STMicroelectronics.FP-SNS-STBOX1.2.0.0
2024-10-24 08:47:37,905 [WARN] PackLoader:240 - Cannot read IP mode file for STMicroelectronics.X-CUBE-SUBG2.5.0.0
2024-10-24 08:47:37,936 [WARN] PackLoader:240 - Cannot read IP mode file for STMicroelectronics.X-CUBE-AZRTOS-G4.2.0.0
2024-10-24 08:47:37,961 [WARN] PackLoader:240 - Cannot read IP mode file for Infineon.AIROC-Wi-Fi-Bluetooth-STM32.1.5.1
2024-10-24 08:47:37,977 [WARN] PackLoader:240 - Cannot read IP mode file for STMicroelectronics.FP-SNS-MOTENVWB1.1.3.1
2024-10-24 08:47:37,990 [WARN] PackLoader:240 - Cannot read IP mode file for STMicroelectronics.X-CUBE-ISPU.2.0.0
2024-10-24 08:47:38,005 [WARN] PackLoader:240 - Cannot read IP mode file for STMicroelectronics.X-CUBE-ALS.1.0.2
2024-10-24 08:47:38,074 [WARN] PackLoader:240 - Cannot read IP mode file for STMicroelectronics.X-CUBE-MEMS1.10.0.0
2024-10-24 08:47:38,233 [WARN] PackLoader:240 - Cannot read IP mode file for STMicroelectronics.X-CUBE-FREERTOS.1.1.0
2024-10-24 08:47:38,247 [WARN] PackLoader:240 - Cannot read IP mode file for STMicroelectronics.X-CUBE-TOUCHGFX.4.24.0
2024-10-24 08:47:38,259 [WARN] PackLoader:240 - Cannot read IP mode file for STMicroelectronics.X-CUBE-TOUCHGFX.4.24.1
2024-10-24 08:47:38,270 [WARN] PackLoader:240 - Cannot read IP mode file for wolfSSL.I-CUBE-wolfTPM.3.4.0
2024-10-24 08:47:38,287 [WARN] PackLoader:240 - Cannot read IP mode file for portGmbH.I-Cube-SoM-uGOAL.1.1.0
2024-10-24 08:47:38,298 [WARN] PackLoader:240 - Cannot read IP mode file for STMicroelectronics.X-CUBE-ALS.1.0.1
2024-10-24 08:47:38,322 [WARN] PackLoader:240 - Cannot read IP mode file for STMicroelectronics.X-CUBE-AZRTOS-H7RS.1.0.0
2024-10-24 08:47:38,333 [WARN] PackLoader:240 - Cannot read IP mode file for STMicroelectronics.FP-ATR-ASTRA1.2.0.0
2024-10-24 08:47:38,353 [WARN] PackLoader:240 - Cannot read IP mode file for STMicroelectronics.X-CUBE-TOF1.3.4.2
2024-10-24 08:47:38,383 [WARN] PackLoader:240 - Cannot read IP mode file for STMicroelectronics.X-CUBE-TOF1.3.4.0
2024-10-24 08:47:38,416 [WARN] PackLoader:240 - Cannot read IP mode file for STMicroelectronics.X-CUBE-TOF1.3.4.1
2024-10-24 08:47:38,454 [WARN] PackLoader:240 - Cannot read IP mode file for STMicroelectronics.X-CUBE-AZRTOS-H7.3.2.0
2024-10-24 08:47:38,467 [WARN] PackLoader:240 - Cannot read IP mode file for wolfSSL.I-CUBE-wolfSSH.1.4.17
2024-10-24 08:47:38,468 [INFO] ThirdParty:978 - Integrity check success = true
2024-10-24 08:47:38,468 [INFO] IntegrityCheckThread:100 - exiting critical section [integrity check]
2024-10-24 08:47:38,468 [INFO] IntegrityCheckThread:103 - End integrity checks thread
2024-10-24 08:47:40,233 [INFO] WebApp:161 - Instantiating new browser for Auth
2024-10-24 08:47:40,756 [INFO] WebApp:780 - Register for checkConnection events
2024-10-24 08:47:40,756 [INFO] WebApp:414 - Apply proxy settings
2024-10-24 08:47:40,756 [INFO] WebApp:499 - Chromium requires no authentication
2024-10-24 08:47:40,762 [INFO] WebApp:442 - Direct internet connection detected
2024-10-24 08:47:40,897 [INFO] WebApp:192 - Starting web application
2024-10-24 08:47:40,897 [INFO] WebApp:544 - Web application path used C:\ST\STM32CubeIDE_1.14.1\STM32CubeIDE\plugins\com.st.stm32cube.common.mx_6.10.0.202311202037\db\plugins\mcufinder\reactClient1\index.html
2024-10-24 08:48:01,851 [ERROR] LogOutputStream:75 - [STDERR_REDIRECT] SLF4J: Failed to load class "org.slf4j.impl.StaticLoggerBinder".
2024-10-24 08:48:01,851 [ERROR] LogOutputStream:75 - [STDERR_REDIRECT] SLF4J: Defaulting to no-operation (NOP) logger implementation
2024-10-24 08:48:01,854 [ERROR] LogOutputStream:75 - [STDERR_REDIRECT] SLF4J: See http://www.slf4j.org/codes.html#StaticLoggerBinder for further details.
2024-10-24 09:09:48,397 [INFO] McuFinderGlobals:63 - Set McuFinder mode to 2 (CubeIDE integrated)
2024-10-24 09:09:48,427 [INFO] MainUpdater:2873 - connection check result : 10
2024-10-24 09:09:48,433 [INFO] MainUpdater:2873 - connection check result : 10
2024-10-24 09:09:48,593 [INFO] MicroXplorer:468 - Change Database Path : 
2024-10-24 09:09:48,593 [INFO] MicroXplorer:498 - Change Database Version : DB.6.0.100
2024-10-24 09:09:48,597 [WARN] ThirdParty:871 - waiting for thirdparty lock release [close project]
2024-10-24 09:09:48,597 [INFO] ThirdParty:873 - entering critical section [close project]
2024-10-24 09:09:48,598 [INFO] ThirdParty:883 - exiting critical section [close project]
2024-10-24 09:09:48,599 [INFO] PinOutPanel:1499 - setPackage(No Configuration,No Configuration)
2024-10-24 09:09:48,602 [INFO] UtilMem:75 - Begin LoadConfig() Used Memory: 737260576 Bytes (1073741824)
2024-10-24 09:09:48,603 [INFO] MicroXplorer:468 - Change Database Path : 
2024-10-24 09:09:48,603 [INFO] MicroXplorer:498 - Change Database Version : DB.6.0.100
2024-10-24 09:09:48,603 [INFO] OpenFileManager:312 - Change cursor
2024-10-24 09:09:48,634 [INFO] Mcu:2016 - Initializing MCU STM32F103C(8-B)Tx STM32F103C8Tx STM32F103C8T6
2024-10-24 09:09:49,551 [INFO] Context:659 - Trying to add GPIOservice into a context  which must be forbidden
2024-10-24 09:09:50,039 [INFO] RtosManager:555 - Registered RTOS mode: class=CMSIS, group=RTOS, mode=CMSIS_V1, owner=FREERTOS
2024-10-24 09:09:50,039 [INFO] RtosManager:555 - Registered RTOS mode: class=CMSIS, group=RTOS2, mode=CMSIS_V2, owner=FREERTOS
2024-10-24 09:09:50,039 [INFO] RtosManager:555 - Registered RTOS mode: class=RTOS, group=Core, mode=CMSIS_V1, owner=FREERTOS
2024-10-24 09:09:50,039 [INFO] RtosManager:555 - Registered RTOS mode: class=RTOS, group=Core, mode=CMSIS_V2, owner=FREERTOS
2024-10-24 09:09:50,040 [WARN] ModelIntegratedComponent:184 - Missing modes for component STMicroelectronics:FreeRTOS:0.0.1:STMicroelectronics:RTOS:FreeRTOS:Core:::10.2.0:
2024-10-24 09:09:50,052 [WARN] ModelIntegratedComponent:63 - No mode defined for component null
2024-10-24 09:09:50,052 [WARN] ModelIntegratedComponent:63 - No mode defined for component null
2024-10-24 09:09:50,053 [WARN] ModelIntegratedComponent:63 - No mode defined for component null
2024-10-24 09:09:50,053 [WARN] ModelIntegratedComponent:63 - No mode defined for component null
2024-10-24 09:09:50,053 [WARN] ModelIntegratedComponent:63 - No mode defined for component null
2024-10-24 09:09:50,053 [WARN] ModelIntegratedComponent:63 - No mode defined for component null
2024-10-24 09:09:50,053 [WARN] ModelIntegratedComponent:63 - No mode defined for component null
2024-10-24 09:09:50,053 [WARN] ModelIntegratedComponent:63 - No mode defined for component null
2024-10-24 09:09:50,053 [WARN] ModelIntegratedComponent:63 - No mode defined for component null
2024-10-24 09:09:50,053 [WARN] ModelIntegratedComponent:63 - No mode defined for component null
2024-10-24 09:09:50,053 [WARN] ModelIntegratedComponent:63 - No mode defined for component null
2024-10-24 09:09:50,053 [WARN] ModelIntegratedComponent:63 - No mode defined for component null
2024-10-24 09:09:50,053 [WARN] ModelIntegratedComponent:63 - No mode defined for component null
2024-10-24 09:09:50,053 [WARN] ModelIntegratedComponent:63 - No mode defined for component null
2024-10-24 09:09:50,053 [WARN] ModelIntegratedComponent:63 - No mode defined for component null
2024-10-24 09:09:50,053 [WARN] ModelIntegratedComponent:63 - No mode defined for component null
2024-10-24 09:09:50,053 [WARN] ModelIntegratedComponent:63 - No mode defined for component null
2024-10-24 09:09:50,054 [WARN] ModelIntegratedComponent:63 - No mode defined for component null
2024-10-24 09:09:50,054 [WARN] ModelIntegratedComponent:63 - No mode defined for component null
2024-10-24 09:09:50,054 [WARN] ModelIntegratedComponent:63 - No mode defined for component null
2024-10-24 09:09:50,054 [WARN] ModelIntegratedComponent:63 - No mode defined for component null
2024-10-24 09:09:50,054 [WARN] ModelIntegratedComponent:63 - No mode defined for component null
2024-10-24 09:09:50,054 [WARN] ModelIntegratedComponent:63 - No mode defined for component null
2024-10-24 09:09:50,054 [WARN] ModelIntegratedComponent:63 - No mode defined for component null
2024-10-24 09:09:50,054 [WARN] ModelIntegratedComponent:63 - No mode defined for component null
2024-10-24 09:09:50,054 [WARN] ModelIntegratedComponent:63 - No mode defined for component null
2024-10-24 09:09:50,054 [WARN] ModelIntegratedComponent:63 - No mode defined for component null
2024-10-24 09:09:50,054 [WARN] ModelIntegratedComponent:63 - No mode defined for component null
2024-10-24 09:09:50,054 [WARN] ModelIntegratedComponent:63 - No mode defined for component null
2024-10-24 09:09:50,054 [WARN] ModelIntegratedComponent:63 - No mode defined for component null
2024-10-24 09:09:50,054 [WARN] ModelIntegratedComponent:63 - No mode defined for component null
2024-10-24 09:09:50,054 [WARN] ModelIntegratedComponent:63 - No mode defined for component null
2024-10-24 09:09:50,054 [WARN] ModelIntegratedComponent:63 - No mode defined for component null
2024-10-24 09:09:50,145 [INFO] ThirdPartyModel:298 - Start build external matchings
2024-10-24 09:09:50,923 [INFO] ThirdPartyModel:316 - End build external matchings
2024-10-24 09:09:50,945 [INFO] ImportTextPane:194 - (OptionalMessage_ERROR) IP (RCC) : Parameter (ADCFreqValue) has invalid value (36000000)
2024-10-24 09:09:50,945 [INFO] ImportTextPane:194 - (OptionalMessage_ERROR) IP (RCC) : Invalid parameter (FamilyName)
2024-10-24 09:09:50,945 [INFO] ImportTextPane:194 - (OptionalMessage_ERROR) IP (RCC) : Parameter (MCOFreq_Value) has invalid value (72000000)
2024-10-24 09:09:50,945 [INFO] ImportTextPane:194 - (OptionalMessage_ERROR) IP (RCC) : Parameter (USBFreq_Value) has invalid value (72000000)
2024-10-24 09:09:51,121 [INFO] UtilMem:75 - End LoadConfig() Used Memory: 595284912 Bytes (1073741824)
2024-10-24 09:09:51,365 [INFO] ApiDb:581 - Connected to CubeFinder SQLite database (C:\Users\tkach\.stmcufinder\plugins\mcufinder\mcu\cube-finder-db.db)
2024-10-24 09:09:51,448 [INFO] ApiDb:668 - CubeFinder database Data Model version=2.1
2024-10-24 09:09:51,448 [INFO] ApiDb:669 - CubeFinder database Configuration version=3.0.39
2024-10-24 09:09:51,449 [INFO] ApiDb:670 - CubeFinder database generation date=2024-09-16 (1726485674)
2024-10-24 09:09:51,449 [INFO] ApiDb:671 - CubeFinder database FW Pack versions=[FP-ATR-ASTRA1_V2.0.0, FP-SNS-FLIGHT1_V5.0.2, FP-SNS-MOTENV1_V5.0.0, FP-SNS-MOTENVWB1_V1.4.0, FP-SNS-SMARTAG2_V1.2.0, FP-SNS-STBOX1_V2.0.0, STM32Cube_FW_C0_V1.2.0, STM32Cube_FW_F4_V1.28.1, STM32Cube_FW_F7_V1.17.2, STM32Cube_FW_G0_V1.6.2, STM32Cube_FW_G4_V1.6.0, STM32Cube_FW_H5_V1.3.0, STM32Cube_FW_H7RS_V1.1.0, STM32Cube_FW_H7_V1.11.2, STM32Cube_FW_L0_V1.12.2, STM32Cube_FW_L5_V1.5.1, STM32Cube_FW_U0_V1.1.0, STM32Cube_FW_U5_V1.6.0, STM32Cube_FW_WB0_V1.0.0, STM32Cube_FW_WBA_V1.4.1, STM32Cube_FW_WB_V1.20.0, STM32Cube_FW_WL_V1.3.0, X-CUBE-ALGOBUILD_V1.4.0, X-CUBE-ALS_V1.0.2, X-CUBE-AZRTOS-F4_V1.1.0, X-CUBE-AZRTOS-F7_V1.1.0, X-CUBE-AZRTOS-G0_V1.1.0, X-CUBE-AZRTOS-G4_V2.0.0, X-CUBE-AZRTOS-H7RS_V1.0.0, X-CUBE-AZRTOS-H7_V3.2.0, X-CUBE-AZRTOS-L4_V2.0.0, X-CUBE-AZRTOS-L5_V2.0.0, X-CUBE-AZRTOS-WB_V2.0.0, X-CUBE-AZRTOS-WL_V2.0.0, X-CUBE-BLE1_V7.0.0, X-CUBE-BLE2_V3.3.0, X-CUBE-BLEMGR_V3.1.0, X-CUBE-EEPRMA1_V5.1.0, X-CUBE-FREERTOS_V1.2.0, X-CUBE-GNSS1_V6.0.0, X-CUBE-MEMS1_V11.0.0, X-CUBE-NFC4_V3.0.0, X-CUBE-NFC7_V1.0.1, X-CUBE-SFXS2LP1_V4.0.0, X-CUBE-SUBG2_V5.0.0, X-CUBE-TOF1_V3.4.2]
2024-10-24 09:09:53,951 [INFO] ApiDb:240 - Found 371 in-development CPN: [B-G473E-ZEST1S, B-WB1M-WPAN1, B-WL5M-SUBG1, NUCLEO-C031C6, NUCLEO-H503RB, NUCLEO-H563ZI, NUCLEO-U545RE-Q, NUCLEO-U5A5ZJ-Q, NUCLEO-WBA52CG, NUCLEO-WBA55CG, STEVAL-MKBOXPRO, STEVAL-PROTEUS1, STEVAL-STWINBX1, STM320518-EVAL, STM32C0116-DK, STM32C011D6Y3TR, STM32C011D6Y6TR, STM32C011F4P3, STM32C011F4P6, STM32C011F4U3, STM32C011F4U6TR, STM32C011F6P3, STM32C011F6P6, STM32C011F6U3, STM32C011F6U6TR, STM32C011J4M3, STM32C011J4M6, STM32C011J6M3, STM32C011J6M6, STM32C0316-DK, STM32C031C4T3, STM32C031C4T6, STM32C031C4U3, STM32C031C4U6, STM32C031C6T3, STM32C031C6T6, STM32C031C6U3, STM32C031C6U6, STM32C031F4P3, STM32C031F4P6, STM32C031F6P3, STM32C031F6P6, STM32C031G4U3, STM32C031G4U6, STM32C031G6U3, STM32C031G6U6, STM32C031K4T3, STM32C031K4T6, STM32C031K4U3, STM32C031K4U6, STM32C031K6T3, STM32C031K6T6, STM32C031K6U3, STM32C031K6U6, STM32G071K8TXN, STM32G071K8UXN, STM32G081GBU6N, STM32G081KBT6N, STM32G081KBUXN, STM32G0B1CCT6N, STM32G0B1KCT6, STM32G0B1NEY6TR, STM32G0B1RCT6N, STM32G0C1CCT6, STM32G0C1CCT6N, STM32G0C1CCU6N, STM32G0C1CET6N, STM32G0C1CEU6N, STM32G0C1KCT6, STM32G0C1NEY6TR, STM32G0C1RCI6N, STM32G0C1RCT6N, STM32G0C1REI6N, STM32G0C1RET6N, STM32G0C1VCI6, STM32G0C1VEI6, STM32G471CCT6, STM32G471CCU6, STM32G471CET3, STM32G471CET6, STM32G471CEU3, STM32G471CEU6, STM32G471MCT6, STM32G471MET3, STM32G471MET6, STM32G471MEY6TR, STM32G471QCT6, STM32G471QET3, STM32G471RCT6, STM32G471RET3, STM32G471RET6, STM32G471VCH6, STM32G471VCI6, STM32G471VCT6, STM32G471VEH3, STM32G471VEH6, STM32G471VEI3, STM32G471VEI6, STM32G471VET3, STM32G471VET6, STM32G474CCT6, STM32H503CBT6, STM32H503CBU6, STM32H503EBY6TR, STM32H503KBU6, STM32H503RBT6, STM32H562AGI6, STM32H562AII6, STM32H562IGK6, STM32H562IGT6, STM32H562IIK6, STM32H562IIT6, STM32H562RGT6, STM32H562RGV6, STM32H562RIT6, STM32H562RIV6, STM32H562VGT6, STM32H562VIT6, STM32H562ZGT6, STM32H562ZIT6, STM32H563AGI6, STM32H563AII3Q, STM32H563AII6, STM32H563IGK6, STM32H563IGT6, STM32H563IIK3Q, STM32H563IIK6, STM32H563IIT3Q, STM32H563IIT6, STM32H563MIY3QTR, STM32H563RGT6, STM32H563RGV6, STM32H563RIT6, STM32H563RIV6, STM32H563VGT6, STM32H563VIT3Q, STM32H563VIT6, STM32H563ZGT6, STM32H563ZIT3Q, STM32H563ZIT6, STM32H573AII3Q, STM32H573AII6, STM32H573I-DK, STM32H573IIK3Q, STM32H573IIK6, STM32H573IIT3Q, STM32H573IIT6, STM32H573MIY3QTR, STM32H573RIT6, STM32H573RIV6, STM32H573VIT3Q, STM32H573VIT6, STM32H573ZIT3Q, STM32H573ZIT6, STM32L4R5QGI6STR, STM32MP131AAE3, STM32MP131AAF3, STM32MP131AAG3, STM32MP131CAE3, STM32MP131CAF3, STM32MP131CAG3, STM32MP131DAE7, STM32MP131DAF7, STM32MP131DAG7, STM32MP131FAE7, STM32MP131FAF7, STM32MP131FAG7, STM32MP133AAE3, STM32MP133AAF3, STM32MP133AAG3, STM32MP133CAE3, STM32MP133CAF3, STM32MP133CAG3, STM32MP133DAE7, STM32MP133DAF7, STM32MP133DAG7, STM32MP133FAE7, STM32MP133FAF7, STM32MP133FAG7, STM32MP135AAE3, STM32MP135AAF3, STM32MP135AAG3, STM32MP135CAE3, STM32MP135CAF3, STM32MP135CAG3, STM32MP135DAE7, STM32MP135DAF7, STM32MP135DAG7, STM32MP135F-DK, STM32MP135FAE7, STM32MP135FAF7, STM32MP135FAF7T, STM32MP135FAF7U, STM32MP135FAG7, STM32U535CBT6, STM32U535CBT6Q, STM32U535CBU6, STM32U535CBU6Q, STM32U535CCT6, STM32U535CCT6Q, STM32U535CCU6, STM32U535CCU6Q, STM32U535CET6, STM32U535CET6Q, STM32U535CEU6, STM32U535CEU6Q, STM32U535JEY6QTR, STM32U535NCY6QTR, STM32U535NEY6QTR, STM32U535RBI6, STM32U535RBI6Q, STM32U535RBT6, STM32U535RBT6Q, STM32U535RCI6, STM32U535RCI6Q, STM32U535RCT6, STM32U535RCT6Q, STM32U535REI6, STM32U535REI6Q, STM32U535RET6, STM32U535RET6Q, STM32U535VCI6, STM32U535VCI6Q, STM32U535VCT6, STM32U535VCT6Q, STM32U535VEI6, STM32U535VEI6Q, STM32U535VET6, STM32U535VET6Q, STM32U545CET6, STM32U545CET6Q, STM32U545CEU6, STM32U545CEU6Q, STM32U545JEY6QTR, STM32U545NEY6QTR, STM32U545REI6, STM32U545REI6Q, STM32U545RET6, STM32U545RET6Q, STM32U545VEI6, STM32U545VEI6Q, STM32U545VET6, STM32U545VET6Q, STM32U595AIH6, STM32U595AIH6Q, STM32U595AJH6, STM32U595AJH6Q, STM32U595QII6, STM32U595QII6Q, STM32U595QJI6, STM32U595QJI6Q, STM32U595RIT6, STM32U595RIT6Q, STM32U595RJT6, STM32U595RJT6Q, STM32U595VIT6, STM32U595VIT6Q, STM32U595VJT6, STM32U595VJT6Q, STM32U595ZIT6, STM32U595ZIT6Q, STM32U595ZIY6QTR, STM32U595ZJT6, STM32U595ZJT6Q, STM32U595ZJY6QTR, STM32U599BJY6QTR, STM32U599NIH6Q, STM32U599NJH6Q, STM32U599VIT6Q, STM32U599VJT6, STM32U599VJT6Q, STM32U599ZIT6Q, STM32U599ZIY6QTR, STM32U599ZJT6Q, STM32U599ZJY6QTR, STM32U5A5AJH6, STM32U5A5AJH6Q, STM32U5A5QJI6, STM32U5A5QJI6Q, STM32U5A5RJT6, STM32U5A5RJT6Q, STM32U5A5VJT6, STM32U5A5VJT6Q, STM32U5A5ZJT6, STM32U5A5ZJT6Q, STM32U5A5ZJY6QTR, STM32U5A9BJY6QTR, STM32U5A9J-DK, STM32U5A9NJH6Q, STM32U5A9VJT6Q, STM32U5A9ZJT6Q, STM32U5A9ZJY6QTR, STM32U5F7VIT6, STM32U5F7VIT6Q, STM32U5F7VJT6, STM32U5F7VJT6Q, STM32U5F9BJY6QTR, STM32U5F9NJH6Q, STM32U5F9VIT6Q, STM32U5F9VJT6Q, STM32U5F9ZIJ6QTR, STM32U5F9ZIT6Q, STM32U5F9ZJJ6QTR, STM32U5F9ZJT6Q, STM32U5G7VJT6, STM32U5G7VJT6Q, STM32U5G9BJY6QTR, STM32U5G9J-DK1, STM32U5G9J-DK2, STM32U5G9NJH6Q, STM32U5G9VJT6Q, STM32U5G9ZJJ6QTR, STM32U5G9ZJT6Q, STM32WB1MMCH6, STM32WBA50KEU6, STM32WBA50KEU6TR, STM32WBA50KGU6, STM32WBA50KGU6TR, STM32WBA52CEU6, STM32WBA52CEU6TR, STM32WBA52CEU7, STM32WBA52CEU7TR, STM32WBA52CGU6, STM32WBA52CGU6TR, STM32WBA52CGU6U, STM32WBA52CGU7, STM32WBA52CGU7TR, STM32WBA52KEU6, STM32WBA52KEU6TR, STM32WBA52KGU6, STM32WBA52KGU6TR, STM32WBA54CEU6, STM32WBA54CEU6TR, STM32WBA54CEU7, STM32WBA54CEU7TR, STM32WBA54CGU6, STM32WBA54CGU6TR, STM32WBA54CGU7, STM32WBA54CGU7TR, STM32WBA54KEU6, STM32WBA54KEU6TR, STM32WBA54KEU7, STM32WBA54KEU7TR, STM32WBA54KGU6, STM32WBA54KGU6TR, STM32WBA54KGU7, STM32WBA54KGU7TR, STM32WBA55CEU6, STM32WBA55CEU6TR, STM32WBA55CEU7, STM32WBA55CEU7TR, STM32WBA55CGU6, STM32WBA55CGU6TR, STM32WBA55CGU6U, STM32WBA55CGU7, STM32WBA55CGU7TR, STM32WBA55G-DK1, STM32WBA55HEF6, STM32WBA55HEF7, STM32WBA55HGF6, STM32WBA55HGF7, STM32WBA55UEI6, STM32WBA55UEI6TR, STM32WBA55UEI7, STM32WBA55UEI7TR, STM32WBA55UGI6, STM32WBA55UGI6TR, STM32WBA55UGI7, STM32WBA55UGI7TR, STM32WL5MOCH6, STM32WL5MOCH6TR]
2024-10-24 09:09:53,955 [INFO] DbMcus:218 - Found 4204 MCUs, 4204 are supported
2024-10-24 09:09:53,956 [INFO] ApiDb:423 - Load user favorites file C:\Users\tkach/.stm32cubeide/favorites.mcus.txt: 0 item(s)
2024-10-24 09:09:53,956 [INFO] ApiDb:427 - User favorites MCUs=[]
2024-10-24 09:09:53,956 [INFO] DbMcus:224 - Set 0 / 0 favorites MCUs
2024-10-24 09:09:54,331 [INFO] MicroXplorer:468 - Change Database Path : 
2024-10-24 09:09:54,331 [INFO] MicroXplorer:498 - Change Database Version : DB.6.0.100
2024-10-24 09:09:54,331 [WARN] ThirdParty:833 - waiting for thirdparty lock release [change project]
2024-10-24 09:09:54,331 [INFO] ThirdParty:835 - entering critical section [change project]
2024-10-24 09:09:54,331 [INFO] ThirdParty:1030 - CMSIS Pack Vendor :STMicroelectronics USBPD 4.1
2024-10-24 09:09:54,331 [INFO] ThirdParty:1030 - CMSIS Pack Vendor :STMicroelectronics X-CUBE-AZRTOS-H7 3.3.0
2024-10-24 09:09:54,332 [INFO] ThirdParty:1030 - CMSIS Pack Vendor :STMicroelectronics X-CUBE-NFC9 1.0.0
2024-10-24 09:09:54,332 [INFO] ThirdParty:1030 - CMSIS Pack Vendor :STMicroelectronics X-CUBE-GNSS1 6.0.0
2024-10-24 09:09:54,332 [INFO] ThirdParty:1030 - CMSIS Pack Vendor :STMicroelectronics USB_HOST 2.0.0
2024-10-24 09:09:54,332 [INFO] ThirdParty:1030 - CMSIS Pack Vendor :STMicroelectronics FP-SNS-MOTENVWB1 1.4.0
2024-10-24 09:09:54,332 [INFO] ThirdParty:1030 - CMSIS Pack Vendor :STMicroelectronics X-CUBE-AZRTOS-F4 1.1.0
2024-10-24 09:09:54,332 [INFO] ThirdParty:1030 - CMSIS Pack Vendor :STMicroelectronics LIBJPEG 8.0.0
2024-10-24 09:09:54,332 [INFO] ThirdParty:1030 - CMSIS Pack Vendor :STMicroelectronics X-CUBE-SMBUS 2.1.0
2024-10-24 09:09:54,332 [INFO] ThirdParty:1030 - CMSIS Pack Vendor :STMicroelectronics X-CUBE-WB05N 1.1.0
2024-10-24 09:09:54,332 [INFO] ThirdParty:1030 - CMSIS Pack Vendor :STMicroelectronics USB_DEVICE 3.0.0
2024-10-24 09:09:54,332 [INFO] ThirdParty:1030 - CMSIS Pack Vendor :STMicroelectronics X-CUBE-TCPP 4.1.0
2024-10-24 09:09:54,332 [INFO] ThirdParty:1030 - CMSIS Pack Vendor :STMicroelectronics X-CUBE-ISPU 2.1.0
2024-10-24 09:09:54,332 [INFO] ThirdParty:1030 - CMSIS Pack Vendor :STMicroelectronics X-CUBE-FREERTOS 1.2.0
2024-10-24 09:09:54,332 [INFO] ThirdParty:1030 - CMSIS Pack Vendor :STMicroelectronics X-CUBE-IPS 3.0.0
2024-10-24 09:09:54,332 [INFO] ThirdParty:1030 - CMSIS Pack Vendor :STMicroelectronics X-CUBE-AZRTOS-WB 2.0.0
2024-10-24 09:09:54,332 [INFO] ThirdParty:1030 - CMSIS Pack Vendor :wolfSSL I-CUBE-wolfSSL 5.6.6
2024-10-24 09:09:54,332 [INFO] ThirdParty:1030 - CMSIS Pack Vendor :STMicroelectronics X-CUBE-GNSS1 7.0.0
2024-10-24 09:09:54,332 [INFO] ThirdParty:1030 - CMSIS Pack Vendor :STMicroelectronics X-CUBE-TOUCHGFX 4.23.0
2024-10-24 09:09:54,332 [INFO] ThirdParty:1030 - CMSIS Pack Vendor :STMicroelectronics X-CUBE-TOUCHGFX 4.23.2
2024-10-24 09:09:54,332 [INFO] ThirdParty:1030 - CMSIS Pack Vendor :STMicroelectronics X-CUBE-AZRTOS-F7 1.1.0
2024-10-24 09:09:54,332 [INFO] ThirdParty:1030 - CMSIS Pack Vendor :STMicroelectronics X-CUBE-AZRTOS-L5 2.0.0
2024-10-24 09:09:54,332 [INFO] ThirdParty:1030 - CMSIS Pack Vendor :STMicroelectronics USB_DEVICE 2.0.0
2024-10-24 09:09:54,332 [INFO] ThirdParty:1030 - CMSIS Pack Vendor :STMicroelectronics X-CUBE-EEPRMA1 4.2.0
2024-10-24 09:09:54,332 [INFO] ThirdParty:1030 - CMSIS Pack Vendor :STMicroelectronics X-CUBE-NFC6 3.1.0
2024-10-24 09:09:54,332 [INFO] ThirdParty:1030 - CMSIS Pack Vendor :ITTIA_DB I-CUBE-ITTIADB 8.8.0
2024-10-24 09:09:54,332 [INFO] ThirdParty:1030 - CMSIS Pack Vendor :STMicroelectronics FP-SNS-STBOX1 2.0.0
2024-10-24 09:09:54,332 [INFO] ThirdParty:1030 - CMSIS Pack Vendor :STMicroelectronics FP-SNS-MOTENV1 4.3.2
2024-10-24 09:09:54,332 [INFO] ThirdParty:1030 - CMSIS Pack Vendor :STMicroelectronics X-CUBE-ALGOBUILD 1.3.0
2024-10-24 09:09:54,332 [INFO] ThirdParty:1030 - CMSIS Pack Vendor :STMicroelectronics X-CUBE-MEMS1 11.0.0
2024-10-24 09:09:54,333 [INFO] ThirdParty:1030 - CMSIS Pack Vendor :STMicroelectronics FreeRTOS 0.0.1
2024-10-24 09:09:54,333 [INFO] ThirdParty:1030 - CMSIS Pack Vendor :STMicroelectronics X-CUBE-AZRTOS-G0 1.1.0
2024-10-24 09:09:54,333 [INFO] ThirdParty:1030 - CMSIS Pack Vendor :STMicroelectronics X-CUBE-SAFEA1 1.2.2
2024-10-24 09:09:54,333 [INFO] ThirdParty:1030 - CMSIS Pack Vendor :STMicroelectronics X-CUBE-NFC4 3.0.0
2024-10-24 09:09:54,333 [INFO] ThirdParty:1030 - CMSIS Pack Vendor :STMicroelectronics X-CUBE-DPower 1.2.0
2024-10-24 09:09:54,333 [INFO] ThirdParty:1030 - CMSIS Pack Vendor :STMicroelectronics X-CUBE-SUBG2 5.0.0
2024-10-24 09:09:54,333 [INFO] ThirdParty:1030 - CMSIS Pack Vendor :STMicroelectronics STM32_WPAN 1.0.0
2024-10-24 09:09:54,333 [INFO] ThirdParty:1030 - CMSIS Pack Vendor :EmbeddedOffice I-CUBE-FS-RTOS 1.0.1
2024-10-24 09:09:54,333 [INFO] ThirdParty:1030 - CMSIS Pack Vendor :STMicroelectronics lwIP 2.0.3
2024-10-24 09:09:54,333 [INFO] ThirdParty:1030 - CMSIS Pack Vendor :STMicroelectronics FP-SNS-FLIGHT1 5.0.2
2024-10-24 09:09:54,333 [INFO] ThirdParty:1030 - CMSIS Pack Vendor :STMicroelectronics USB_HOST 1.0.0
2024-10-24 09:09:54,333 [INFO] ThirdParty:1030 - CMSIS Pack Vendor :STMicroelectronics X-CUBE-AI 9.0.0
2024-10-24 09:09:54,333 [INFO] ThirdParty:1030 - CMSIS Pack Vendor :STMicroelectronics X-CUBE-AZRTOS-G4 2.0.0
2024-10-24 09:09:54,333 [INFO] ThirdParty:1030 - CMSIS Pack Vendor :STMicroelectronics PDM2PCM 3.1.0
2024-10-24 09:09:54,333 [INFO] ThirdParty:1030 - CMSIS Pack Vendor :Infineon AIROC-Wi-Fi-Bluetooth-STM32 1.5.1
2024-10-24 09:09:54,333 [INFO] ThirdParty:1030 - CMSIS Pack Vendor :STMicroelectronics X-CUBE-BLEMGR 3.0.0
2024-10-24 09:09:54,333 [INFO] ThirdParty:1030 - CMSIS Pack Vendor :STMicroelectronics PDM2PCM 3.3.0
2024-10-24 09:09:54,333 [INFO] ThirdParty:1030 - CMSIS Pack Vendor :STMicroelectronics X-CUBE-DISPLAY 3.0.0
2024-10-24 09:09:54,333 [INFO] ThirdParty:1030 - CMSIS Pack Vendor :RealThread X-CUBE-RT-Thread_Nano 4.1.1
2024-10-24 09:09:54,333 [INFO] ThirdParty:1030 - CMSIS Pack Vendor :STMicroelectronics FP-SNS-MOTENVWB1 1.3.1
2024-10-24 09:09:54,333 [INFO] ThirdParty:1030 - CMSIS Pack Vendor :STMicroelectronics X-CUBE-BLE1 7.0.0
2024-10-24 09:09:54,333 [INFO] ThirdParty:1030 - CMSIS Pack Vendor :STMicroelectronics FP-ATR-SIGFOX1 3.2.0
2024-10-24 09:09:54,333 [INFO] ThirdParty:1030 - CMSIS Pack Vendor :STMicroelectronics X-CUBE-NFC10 1.0.0
2024-10-24 09:09:54,333 [INFO] ThirdParty:1030 - CMSIS Pack Vendor :STMicroelectronics X-CUBE-ISPU 2.0.0
2024-10-24 09:09:54,333 [INFO] ThirdParty:1030 - CMSIS Pack Vendor :STMicroelectronics X-CUBE-EEPRMA1 5.1.0
2024-10-24 09:09:54,333 [INFO] ThirdParty:1030 - CMSIS Pack Vendor :STMicroelectronics HAL Drivers 0.0.0
2024-10-24 09:09:54,333 [INFO] ThirdParty:1030 - CMSIS Pack Vendor :STMicroelectronics MBEDTLS 2.16.2
2024-10-24 09:09:54,333 [INFO] ThirdParty:1030 - CMSIS Pack Vendor :STMicroelectronics X-CUBE-ALS 1.0.2
2024-10-24 09:09:54,333 [INFO] ThirdParty:1030 - CMSIS Pack Vendor :emotas I-CUBE-CANOPEN 1.3.0
2024-10-24 09:09:54,334 [INFO] ThirdParty:1030 - CMSIS Pack Vendor :STMicroelectronics X-CUBE-MEMS1 10.0.0
2024-10-24 09:09:54,334 [INFO] ThirdParty:1030 - CMSIS Pack Vendor :STMicroelectronics X-CUBE-FREERTOS 1.1.0
2024-10-24 09:09:54,334 [INFO] ThirdParty:1030 - CMSIS Pack Vendor :STMicroelectronics X-CUBE-NFC7 1.0.1
2024-10-24 09:09:54,334 [INFO] ThirdParty:1030 - CMSIS Pack Vendor :STMicroelectronics MBEDTLS 2.14.1
2024-10-24 09:09:54,334 [INFO] ThirdParty:1030 - CMSIS Pack Vendor :STMicroelectronics X-CUBE-TOUCHGFX 4.24.0
2024-10-24 09:09:54,334 [INFO] ThirdParty:1030 - CMSIS Pack Vendor :STMicroelectronics X-CUBE-TOUCHGFX 4.24.1
2024-10-24 09:09:54,334 [INFO] ThirdParty:1030 - CMSIS Pack Vendor :STMicroelectronics X-CUBE-NFC6 3.0.0
2024-10-24 09:09:54,334 [INFO] ThirdParty:1030 - CMSIS Pack Vendor :wolfSSL I-CUBE-wolfTPM 3.4.0
2024-10-24 09:09:54,334 [INFO] ThirdParty:1030 - CMSIS Pack Vendor :portGmbH I-Cube-SoM-uGOAL 1.1.0
2024-10-24 09:09:54,334 [INFO] ThirdParty:1030 - CMSIS Pack Vendor :STMicroelectronics X-CUBE-ALS 1.0.1
2024-10-24 09:09:54,334 [INFO] ThirdParty:1030 - CMSIS Pack Vendor :STMicroelectronics X-CUBE-BLEMGR 3.1.0
2024-10-24 09:09:54,334 [INFO] ThirdParty:1030 - CMSIS Pack Vendor :STMicroelectronics ThreadX 1.0.0
2024-10-24 09:09:54,334 [INFO] ThirdParty:1030 - CMSIS Pack Vendor :STMicroelectronics FP-SNS-SMARTAG2 1.2.0
2024-10-24 09:09:54,334 [INFO] ThirdParty:1030 - CMSIS Pack Vendor :STMicroelectronics X-CUBE-AZRTOS-WL 2.0.0
2024-10-24 09:09:54,334 [INFO] ThirdParty:1030 - CMSIS Pack Vendor :SEGGER I-CUBE-embOS 1.3.1
2024-10-24 09:09:54,334 [INFO] ThirdParty:1030 - CMSIS Pack Vendor :STMicroelectronics X-CUBE-ALGOBUILD 1.4.0
2024-10-24 09:09:54,334 [INFO] ThirdParty:1030 - CMSIS Pack Vendor :STMicroelectronics FP-SNS-MOTENV1 5.0.0
2024-10-24 09:09:54,334 [INFO] ThirdParty:1030 - CMSIS Pack Vendor :STMicroelectronics USB_DEVICE 1.0.0
2024-10-24 09:09:54,334 [INFO] ThirdParty:1030 - CMSIS Pack Vendor :STMicroelectronics X-CUBE-AI 8.1.0
2024-10-24 09:09:54,334 [INFO] ThirdParty:1030 - CMSIS Pack Vendor :STMicroelectronics X-CUBE-AZRTOS-H7RS 1.0.0
2024-10-24 09:09:54,334 [INFO] ThirdParty:1030 - CMSIS Pack Vendor :wolfSSL I-CUBE-wolfMQTT 1.19.0
2024-10-24 09:09:54,334 [INFO] ThirdParty:1030 - CMSIS Pack Vendor :STMicroelectronics X-CUBE-AZRTOS-L4 2.0.0
2024-10-24 09:09:54,334 [INFO] ThirdParty:1030 - CMSIS Pack Vendor :STMicroelectronics ThreadX 0.0.2
2024-10-24 09:09:54,334 [INFO] ThirdParty:1030 - CMSIS Pack Vendor :WES I-CUBE-Cesium 1.3.0
2024-10-24 09:09:54,334 [INFO] ThirdParty:1030 - CMSIS Pack Vendor :STMicroelectronics FP-ATR-ASTRA1 2.0.0
2024-10-24 09:09:54,334 [INFO] ThirdParty:1030 - CMSIS Pack Vendor :STMicroelectronics lwIP 2.1.2
2024-10-24 09:09:54,335 [INFO] ThirdParty:1030 - CMSIS Pack Vendor :STMicroelectronics X-CUBE-SFXS2LP1 4.0.0
2024-10-24 09:09:54,335 [INFO] ThirdParty:1030 - CMSIS Pack Vendor :STMicroelectronics X-CUBE-BLE2 3.3.0
2024-10-24 09:09:54,335 [INFO] ThirdParty:1030 - CMSIS Pack Vendor :STMicroelectronics X-CUBE-TOF1 3.4.2
2024-10-24 09:09:54,335 [INFO] ThirdParty:1030 - CMSIS Pack Vendor :STMicroelectronics X-CUBE-AI 9.1.0
2024-10-24 09:09:54,335 [INFO] ThirdParty:1030 - CMSIS Pack Vendor :STMicroelectronics X-CUBE-TOF1 3.4.0
2024-10-24 09:09:54,335 [INFO] ThirdParty:1030 - CMSIS Pack Vendor :STMicroelectronics X-CUBE-TOF1 3.4.1
2024-10-24 09:09:54,335 [INFO] ThirdParty:1030 - CMSIS Pack Vendor :STMicroelectronics X-CUBE-AZRTOS-H7 3.2.0
2024-10-24 09:09:54,335 [INFO] ThirdParty:1030 - CMSIS Pack Vendor :STMicroelectronics PDM2PCM 3.2.0
2024-10-24 09:09:54,335 [INFO] ThirdParty:1030 - CMSIS Pack Vendor :wolfSSL I-CUBE-wolfSSH 1.4.17
2024-10-24 09:09:54,335 [INFO] ThirdParty:841 - exiting critical section [change project]
2024-10-24 09:09:54,594 [INFO] PinOutPanel:1499 - setPackage(No Configuration,No Configuration)
2024-10-24 09:09:54,596 [INFO] PinOutPanel:1499 - setPackage(STM32F103C8Tx,LQFP48)
2024-10-24 09:09:55,098 [INFO] UtilMem:75 - Before build in PCC Used Memory: 662732240 Bytes (1073741824)
2024-10-24 09:09:55,909 [INFO] UtilMem:75 - After build in PCC Used Memory: 760466096 Bytes (1073741824)
2024-10-24 09:09:55,937 [INFO] IPUIPlugin:80 - create IPUIPlugin
2024-10-24 09:09:55,937 [INFO] IPUIPlugin:80 - create IPUIPlugin
2024-10-24 09:09:55,937 [INFO] IPUIPlugin:80 - create IPUIPlugin
2024-10-24 09:09:55,937 [INFO] IPUIPlugin:80 - create IPUIPlugin
2024-10-24 09:09:55,937 [INFO] IPUIPlugin:80 - create IPUIPlugin
2024-10-24 09:09:55,937 [INFO] IPUIPlugin:80 - create IPUIPlugin
2024-10-24 09:09:55,937 [INFO] IPUIPlugin:80 - create IPUIPlugin
2024-10-24 09:09:55,937 [INFO] IPUIPlugin:80 - create IPUIPlugin
2024-10-24 09:09:55,938 [INFO] IPUIPlugin:80 - create IPUIPlugin
2024-10-24 09:09:55,938 [INFO] IPUIPlugin:80 - create IPUIPlugin
2024-10-24 09:09:55,938 [INFO] IPUIPlugin:80 - create IPUIPlugin
2024-10-24 09:09:55,938 [INFO] IPUIPlugin:80 - create IPUIPlugin
2024-10-24 09:09:55,938 [INFO] IPUIPlugin:80 - create IPUIPlugin
2024-10-24 09:09:55,938 [INFO] IPUIPlugin:80 - create IPUIPlugin
2024-10-24 09:09:55,938 [INFO] IPUIPlugin:80 - create IPUIPlugin
2024-10-24 09:09:55,939 [INFO] IPUIPlugin:80 - create IPUIPlugin
2024-10-24 09:09:55,939 [INFO] IPUIPlugin:80 - create IPUIPlugin
2024-10-24 09:09:55,939 [INFO] IPUIPlugin:80 - create IPUIPlugin
2024-10-24 09:09:55,939 [INFO] IPUIPlugin:80 - create IPUIPlugin
2024-10-24 09:09:55,939 [INFO] IPUIPlugin:80 - create IPUIPlugin
2024-10-24 09:09:55,939 [INFO] IPUIPlugin:80 - create IPUIPlugin
2024-10-24 09:09:55,939 [INFO] IPUIPlugin:80 - create IPUIPlugin
2024-10-24 09:09:55,940 [INFO] IPUIPlugin:80 - create IPUIPlugin
2024-10-24 09:09:55,940 [INFO] IPUIPlugin:80 - create IPUIPlugin
2024-10-24 09:09:55,940 [INFO] IPUIPlugin:80 - create IPUIPlugin
2024-10-24 09:09:55,941 [INFO] IPUIPlugin:80 - create IPUIPlugin
2024-10-24 09:09:55,941 [INFO] IPUIPlugin:80 - create IPUIPlugin
2024-10-24 09:09:56,143 [INFO] CADModel:165 - CPN selected for project levelSTM32F103C8T6
2024-10-24 09:09:56,143 [INFO] CADModel:114 - Register for checkConnection events
2024-10-24 09:09:56,188 [INFO] OpenFileManager:343 - Restore cursor
2024-10-24 09:17:05,262 [INFO] NvicIntPanel:101 - NVIC parent = com.st.microxplorer.plugins.ip.nvic.MultiNvicIntPanel[,0,0,0x0,invalid,layout=javax.swing.BoxLayout,alignmentX=0.0,alignmentY=0.0,border=,flags=9,maximumSize=,minimumSize=,preferredSize=]
2024-10-24 09:17:23,215 [INFO] UtilMem:75 - End SaveConfig() Used Memory: 663011744 Bytes (1073741824)
2024-10-24 09:17:24,828 [INFO] UtilMem:75 - End SaveConfig() Used Memory: 703906208 Bytes (1073741824)
2024-10-24 09:17:25,232 [INFO] BlockDiagram:2759 - set Specific Code input for plugin: NVIC
2024-10-24 09:17:25,232 [INFO] BlockDiagram:2759 - set Specific Code input for plugin: TIM1_8F1
2024-10-24 09:17:25,232 [INFO] BlockDiagram:2759 - set Specific Code input for plugin: SYS
2024-10-24 09:17:25,232 [INFO] BlockDiagram:2759 - set Specific Code input for plugin: GPIO
2024-10-24 09:17:25,233 [INFO] BlockDiagram:2759 - set Specific Code input for plugin: RCC
2024-10-24 09:17:25,235 [INFO] CodeGenerator:807 - code generatio: config db path: C:\ST\STM32CubeIDE_1.14.1\STM32CubeIDE\plugins\com.st.stm32cube.common.mx_6.10.0.202311202037\\db\
2024-10-24 09:17:25,498 [INFO] CodeEngine:255 - oldGeneratedFile, C:\Users\tkach\Embedded-C\My_workspace\target\ButtonBlinking\MXTmpFiles\license.tmp_save
2024-10-24 09:17:25,828 [INFO] CodeEngine:279 - Generated code: C:\Users\tkach\Embedded-C\My_workspace\target\ButtonBlinking\MXTmpFiles\license.tmp
2024-10-24 09:17:25,939 [INFO] CodeEngine:255 - oldGeneratedFile, C:\Users\tkach\Embedded-C\My_workspace\target\ButtonBlinking\MXTmpFiles\gpio.tmp_save
2024-10-24 09:17:26,110 [INFO] CodeEngine:279 - Generated code: C:\Users\tkach\Embedded-C\My_workspace\target\ButtonBlinking\MXTmpFiles\gpio.tmp
2024-10-24 09:17:26,253 [INFO] CodeEngine:255 - oldGeneratedFile, C:\Users\tkach\Embedded-C\My_workspace\target\ButtonBlinking\Core\Src\stm32f1xx_it.c_save
2024-10-24 09:17:26,436 [INFO] CodeEngine:279 - Generated code: C:\Users\tkach\Embedded-C\My_workspace\target\ButtonBlinking\Core\Src\stm32f1xx_it.c
2024-10-24 09:17:26,462 [INFO] CodeEngine:255 - oldGeneratedFile, C:\Users\tkach\Embedded-C\My_workspace\target\ButtonBlinking\Core\Inc\stm32f1xx_it.h_save
2024-10-24 09:17:26,611 [INFO] CodeEngine:279 - Generated code: C:\Users\tkach\Embedded-C\My_workspace\target\ButtonBlinking\Core\Inc\stm32f1xx_it.h
2024-10-24 09:17:26,649 [INFO] CodeEngine:255 - oldGeneratedFile, C:\Users\tkach\Embedded-C\My_workspace\target\ButtonBlinking\Core\Src\stm32f1xx_hal_msp.c_save
2024-10-24 09:17:26,860 [INFO] CodeEngine:279 - Generated code: C:\Users\tkach\Embedded-C\My_workspace\target\ButtonBlinking\Core\Src\stm32f1xx_hal_msp.c
2024-10-24 09:17:26,875 [INFO] CodeEngine:255 - oldGeneratedFile, C:\Users\tkach\Embedded-C\My_workspace\target\ButtonBlinking\MXTmpFiles\system.tmp_save
2024-10-24 09:17:26,960 [INFO] CodeEngine:279 - Generated code: C:\Users\tkach\Embedded-C\My_workspace\target\ButtonBlinking\MXTmpFiles\system.tmp
2024-10-24 09:17:26,995 [INFO] CodeEngine:311 - oldGeneratedFile, C:\Users\tkach\Embedded-C\My_workspace\target\ButtonBlinking\Core\Inc\stm32f1xx_hal_conf.h_save
2024-10-24 09:17:27,099 [INFO] CodeEngine:335 - Generated code: C:\Users\tkach\Embedded-C\My_workspace\target\ButtonBlinking\Core\Inc\stm32f1xx_hal_conf.h
2024-10-24 09:17:27,132 [WARN] IPConfigManager:3440 - IP not found : TIM
2024-10-24 09:17:27,145 [WARN] CodeGenerator:3939 - IP not found : null
2024-10-24 09:17:27,166 [INFO] CodeEngine:255 - oldGeneratedFile, C:\Users\tkach\Embedded-C\My_workspace\target\ButtonBlinking\Core\Inc\main.h_save
2024-10-24 09:17:27,269 [INFO] CodeEngine:279 - Generated code: C:\Users\tkach\Embedded-C\My_workspace\target\ButtonBlinking\Core\Inc\main.h
2024-10-24 09:17:27,295 [INFO] CodeEngine:255 - oldGeneratedFile, C:\Users\tkach\Embedded-C\My_workspace\target\ButtonBlinking\Core\Src\main.c_save
2024-10-24 09:17:27,460 [INFO] CodeEngine:279 - Generated code: C:\Users\tkach\Embedded-C\My_workspace\target\ButtonBlinking\Core\Src\main.c
2024-10-24 09:17:28,096 [INFO] ProjectBuilder:3076 - Time for Copy HAL[1] : 185mS.
2024-10-24 09:17:28,103 [INFO] ProjectBuilder:4485 - Project Generator version: 4.2.0-B44
2024-10-24 09:17:28,488 [INFO] ConfigFileManager:1495 - The Die is : DIE410
2024-10-24 09:17:28,509 [INFO] ApiDbMcu:508 - Load IP Config File for FATFS
2024-10-24 09:17:28,524 [INFO] ApiDbMcu:508 - Load IP Config File for FREERTOS
2024-10-24 09:17:28,544 [INFO] ApiDbMcu:508 - Load IP Config File for USB_DEVICE
2024-10-24 09:17:29,876 [INFO] LogOutputStream:77 - [STDOUT_REDIRECT] 
2024-10-24 09:17:31,490 [INFO] ProjectBuilder:4747 - Time for Generating toolchain IDE Files: 3387mS.
2024-10-24 09:17:31,492 [INFO] ProjectBuilder:2947 - Time for Copy CMSIS : 1mS.
2024-10-24 09:17:31,495 [INFO] ProjectBuilder:2947 - Time for Copy CMSIS : 0mS.
2024-10-24 09:18:49,957 [INFO] NvicIntPanel:101 - NVIC parent = com.st.microxplorer.plugins.ip.nvic.MultiNvicIntPanel[,0,0,0x0,invalid,layout=javax.swing.BoxLayout,alignmentX=0.0,alignmentY=0.0,border=,flags=9,maximumSize=,minimumSize=,preferredSize=]
2024-10-24 09:19:57,276 [INFO] NvicIntPanel:101 - NVIC parent = com.st.microxplorer.plugins.ip.nvic.MultiNvicIntPanel[,0,0,0x0,invalid,layout=javax.swing.BoxLayout,alignmentX=0.0,alignmentY=0.0,border=,flags=9,maximumSize=,minimumSize=,preferredSize=]
2024-10-24 09:19:59,654 [INFO] UtilMem:75 - End SaveConfig() Used Memory: 716895232 Bytes (1073741824)
2024-10-24 09:20:00,884 [INFO] UtilMem:75 - End SaveConfig() Used Memory: 699335536 Bytes (1073741824)
2024-10-24 09:20:01,101 [INFO] BlockDiagram:2759 - set Specific Code input for plugin: NVIC
2024-10-24 09:20:01,102 [INFO] BlockDiagram:2759 - set Specific Code input for plugin: TIM1_8F1
2024-10-24 09:20:01,102 [INFO] BlockDiagram:2759 - set Specific Code input for plugin: SYS
2024-10-24 09:20:01,102 [INFO] BlockDiagram:2759 - set Specific Code input for plugin: GPIO
2024-10-24 09:20:01,102 [INFO] BlockDiagram:2759 - set Specific Code input for plugin: RCC
2024-10-24 09:20:01,103 [INFO] CodeGenerator:807 - code generatio: config db path: C:\ST\STM32CubeIDE_1.14.1\STM32CubeIDE\plugins\com.st.stm32cube.common.mx_6.10.0.202311202037\\db\
2024-10-24 09:20:01,305 [INFO] CodeEngine:255 - oldGeneratedFile, C:\Users\tkach\Embedded-C\My_workspace\target\ButtonBlinking\MXTmpFiles\license.tmp_save
2024-10-24 09:20:01,431 [INFO] CodeEngine:279 - Generated code: C:\Users\tkach\Embedded-C\My_workspace\target\ButtonBlinking\MXTmpFiles\license.tmp
2024-10-24 09:20:01,452 [INFO] CodeEngine:255 - oldGeneratedFile, C:\Users\tkach\Embedded-C\My_workspace\target\ButtonBlinking\MXTmpFiles\gpio.tmp_save
2024-10-24 09:20:01,593 [INFO] CodeEngine:279 - Generated code: C:\Users\tkach\Embedded-C\My_workspace\target\ButtonBlinking\MXTmpFiles\gpio.tmp
2024-10-24 09:20:01,676 [INFO] CodeEngine:255 - oldGeneratedFile, C:\Users\tkach\Embedded-C\My_workspace\target\ButtonBlinking\Core\Src\stm32f1xx_it.c_save
2024-10-24 09:20:01,828 [INFO] CodeEngine:279 - Generated code: C:\Users\tkach\Embedded-C\My_workspace\target\ButtonBlinking\Core\Src\stm32f1xx_it.c
2024-10-24 09:20:01,834 [INFO] CodeEngine:255 - oldGeneratedFile, C:\Users\tkach\Embedded-C\My_workspace\target\ButtonBlinking\Core\Inc\stm32f1xx_it.h_save
2024-10-24 09:20:01,917 [INFO] CodeEngine:279 - Generated code: C:\Users\tkach\Embedded-C\My_workspace\target\ButtonBlinking\Core\Inc\stm32f1xx_it.h
2024-10-24 09:20:01,941 [INFO] CodeEngine:255 - oldGeneratedFile, C:\Users\tkach\Embedded-C\My_workspace\target\ButtonBlinking\Core\Src\stm32f1xx_hal_msp.c_save
2024-10-24 09:20:02,117 [INFO] CodeEngine:279 - Generated code: C:\Users\tkach\Embedded-C\My_workspace\target\ButtonBlinking\Core\Src\stm32f1xx_hal_msp.c
2024-10-24 09:20:02,122 [INFO] CodeEngine:255 - oldGeneratedFile, C:\Users\tkach\Embedded-C\My_workspace\target\ButtonBlinking\MXTmpFiles\system.tmp_save
2024-10-24 09:20:02,191 [INFO] CodeEngine:279 - Generated code: C:\Users\tkach\Embedded-C\My_workspace\target\ButtonBlinking\MXTmpFiles\system.tmp
2024-10-24 09:20:02,211 [INFO] CodeEngine:311 - oldGeneratedFile, C:\Users\tkach\Embedded-C\My_workspace\target\ButtonBlinking\Core\Inc\stm32f1xx_hal_conf.h_save
2024-10-24 09:20:02,289 [INFO] CodeEngine:335 - Generated code: C:\Users\tkach\Embedded-C\My_workspace\target\ButtonBlinking\Core\Inc\stm32f1xx_hal_conf.h
2024-10-24 09:20:02,307 [WARN] IPConfigManager:3440 - IP not found : TIM
2024-10-24 09:20:02,307 [WARN] CodeGenerator:3939 - IP not found : null
2024-10-24 09:20:02,324 [INFO] CodeEngine:255 - oldGeneratedFile, C:\Users\tkach\Embedded-C\My_workspace\target\ButtonBlinking\Core\Inc\main.h_save
2024-10-24 09:20:02,393 [INFO] CodeEngine:279 - Generated code: C:\Users\tkach\Embedded-C\My_workspace\target\ButtonBlinking\Core\Inc\main.h
2024-10-24 09:20:02,405 [INFO] CodeEngine:255 - oldGeneratedFile, C:\Users\tkach\Embedded-C\My_workspace\target\ButtonBlinking\Core\Src\main.c_save
2024-10-24 09:20:02,509 [INFO] CodeEngine:279 - Generated code: C:\Users\tkach\Embedded-C\My_workspace\target\ButtonBlinking\Core\Src\main.c
2024-10-24 09:20:03,063 [INFO] ProjectBuilder:3076 - Time for Copy HAL[1] : 121mS.
2024-10-24 09:20:03,067 [INFO] ProjectBuilder:4485 - Project Generator version: 4.2.0-B44
2024-10-24 09:20:03,394 [INFO] ConfigFileManager:1495 - The Die is : DIE410
2024-10-24 09:20:05,368 [INFO] ProjectBuilder:4747 - Time for Generating toolchain IDE Files: 2301mS.
2024-10-24 09:20:05,369 [INFO] ProjectBuilder:2947 - Time for Copy CMSIS : 0mS.
2024-10-24 09:20:05,372 [INFO] ProjectBuilder:2947 - Time for Copy CMSIS : 0mS.
2024-10-24 09:20:48,265 [INFO] NvicIntPanel:101 - NVIC parent = com.st.microxplorer.plugins.ip.nvic.MultiNvicIntPanel[,0,0,0x0,invalid,layout=javax.swing.BoxLayout,alignmentX=0.0,alignmentY=0.0,border=,flags=9,maximumSize=,minimumSize=,preferredSize=]
2024-10-24 09:20:50,625 [INFO] UtilMem:75 - End SaveConfig() Used Memory: 724676192 Bytes (1073741824)
2024-10-24 09:20:51,500 [INFO] UtilMem:75 - End SaveConfig() Used Memory: 744061784 Bytes (1073741824)
2024-10-24 09:20:52,742 [INFO] UtilMem:75 - End SaveConfig() Used Memory: 768705368 Bytes (1073741824)
2024-10-24 09:20:52,890 [INFO] BlockDiagram:2759 - set Specific Code input for plugin: NVIC
2024-10-24 09:20:52,890 [INFO] BlockDiagram:2759 - set Specific Code input for plugin: TIM1_8F1
2024-10-24 09:20:52,890 [INFO] BlockDiagram:2759 - set Specific Code input for plugin: SYS
2024-10-24 09:20:52,890 [INFO] BlockDiagram:2759 - set Specific Code input for plugin: GPIO
2024-10-24 09:20:52,890 [INFO] BlockDiagram:2759 - set Specific Code input for plugin: RCC
2024-10-24 09:20:52,891 [INFO] CodeGenerator:807 - code generatio: config db path: C:\ST\STM32CubeIDE_1.14.1\STM32CubeIDE\plugins\com.st.stm32cube.common.mx_6.10.0.202311202037\\db\
2024-10-24 09:20:53,057 [INFO] CodeEngine:255 - oldGeneratedFile, C:\Users\tkach\Embedded-C\My_workspace\target\ButtonBlinking\MXTmpFiles\license.tmp_save
2024-10-24 09:20:53,169 [INFO] CodeEngine:279 - Generated code: C:\Users\tkach\Embedded-C\My_workspace\target\ButtonBlinking\MXTmpFiles\license.tmp
2024-10-24 09:20:53,190 [INFO] CodeEngine:255 - oldGeneratedFile, C:\Users\tkach\Embedded-C\My_workspace\target\ButtonBlinking\MXTmpFiles\gpio.tmp_save
2024-10-24 09:20:53,311 [INFO] CodeEngine:279 - Generated code: C:\Users\tkach\Embedded-C\My_workspace\target\ButtonBlinking\MXTmpFiles\gpio.tmp
2024-10-24 09:20:53,376 [INFO] CodeEngine:255 - oldGeneratedFile, C:\Users\tkach\Embedded-C\My_workspace\target\ButtonBlinking\Core\Src\stm32f1xx_it.c_save
2024-10-24 09:20:53,569 [INFO] CodeEngine:279 - Generated code: C:\Users\tkach\Embedded-C\My_workspace\target\ButtonBlinking\Core\Src\stm32f1xx_it.c
2024-10-24 09:20:53,573 [INFO] CodeEngine:255 - oldGeneratedFile, C:\Users\tkach\Embedded-C\My_workspace\target\ButtonBlinking\Core\Inc\stm32f1xx_it.h_save
2024-10-24 09:20:53,636 [INFO] CodeEngine:279 - Generated code: C:\Users\tkach\Embedded-C\My_workspace\target\ButtonBlinking\Core\Inc\stm32f1xx_it.h
2024-10-24 09:20:53,658 [INFO] CodeEngine:255 - oldGeneratedFile, C:\Users\tkach\Embedded-C\My_workspace\target\ButtonBlinking\Core\Src\stm32f1xx_hal_msp.c_save
2024-10-24 09:20:53,761 [INFO] CodeEngine:279 - Generated code: C:\Users\tkach\Embedded-C\My_workspace\target\ButtonBlinking\Core\Src\stm32f1xx_hal_msp.c
2024-10-24 09:20:53,766 [INFO] CodeEngine:255 - oldGeneratedFile, C:\Users\tkach\Embedded-C\My_workspace\target\ButtonBlinking\MXTmpFiles\system.tmp_save
2024-10-24 09:20:53,823 [INFO] CodeEngine:279 - Generated code: C:\Users\tkach\Embedded-C\My_workspace\target\ButtonBlinking\MXTmpFiles\system.tmp
2024-10-24 09:20:53,840 [INFO] CodeEngine:311 - oldGeneratedFile, C:\Users\tkach\Embedded-C\My_workspace\target\ButtonBlinking\Core\Inc\stm32f1xx_hal_conf.h_save
2024-10-24 09:20:53,932 [INFO] CodeEngine:335 - Generated code: C:\Users\tkach\Embedded-C\My_workspace\target\ButtonBlinking\Core\Inc\stm32f1xx_hal_conf.h
2024-10-24 09:20:53,948 [WARN] IPConfigManager:3440 - IP not found : TIM
2024-10-24 09:20:53,949 [WARN] CodeGenerator:3939 - IP not found : null
2024-10-24 09:20:53,968 [INFO] CodeEngine:255 - oldGeneratedFile, C:\Users\tkach\Embedded-C\My_workspace\target\ButtonBlinking\Core\Inc\main.h_save
2024-10-24 09:20:54,046 [INFO] CodeEngine:279 - Generated code: C:\Users\tkach\Embedded-C\My_workspace\target\ButtonBlinking\Core\Inc\main.h
2024-10-24 09:20:54,073 [INFO] CodeEngine:255 - oldGeneratedFile, C:\Users\tkach\Embedded-C\My_workspace\target\ButtonBlinking\Core\Src\main.c_save
2024-10-24 09:20:54,174 [INFO] CodeEngine:279 - Generated code: C:\Users\tkach\Embedded-C\My_workspace\target\ButtonBlinking\Core\Src\main.c
2024-10-24 09:20:54,702 [INFO] ProjectBuilder:3076 - Time for Copy HAL[1] : 121mS.
2024-10-24 09:20:54,705 [INFO] ProjectBuilder:4485 - Project Generator version: 4.2.0-B44
2024-10-24 09:20:54,964 [INFO] ConfigFileManager:1495 - The Die is : DIE410
2024-10-24 09:20:56,375 [INFO] ProjectBuilder:4747 - Time for Generating toolchain IDE Files: 1670mS.
2024-10-24 09:20:56,376 [INFO] ProjectBuilder:2947 - Time for Copy CMSIS : 1mS.
2024-10-24 09:20:56,379 [INFO] ProjectBuilder:2947 - Time for Copy CMSIS : 0mS.
2024-10-24 09:20:58,926 [INFO] UtilMem:75 - End SaveConfig() Used Memory: 867214936 Bytes (1073741824)
2024-10-24 09:20:59,133 [INFO] BlockDiagram:2759 - set Specific Code input for plugin: NVIC
2024-10-24 09:20:59,133 [INFO] BlockDiagram:2759 - set Specific Code input for plugin: TIM1_8F1
2024-10-24 09:20:59,133 [INFO] BlockDiagram:2759 - set Specific Code input for plugin: SYS
2024-10-24 09:20:59,133 [INFO] BlockDiagram:2759 - set Specific Code input for plugin: GPIO
2024-10-24 09:20:59,133 [INFO] BlockDiagram:2759 - set Specific Code input for plugin: RCC
2024-10-24 09:20:59,134 [INFO] CodeGenerator:807 - code generatio: config db path: C:\ST\STM32CubeIDE_1.14.1\STM32CubeIDE\plugins\com.st.stm32cube.common.mx_6.10.0.202311202037\\db\
2024-10-24 09:20:59,337 [INFO] CodeEngine:255 - oldGeneratedFile, C:\Users\tkach\Embedded-C\My_workspace\target\ButtonBlinking\MXTmpFiles\license.tmp_save
2024-10-24 09:20:59,455 [INFO] CodeEngine:279 - Generated code: C:\Users\tkach\Embedded-C\My_workspace\target\ButtonBlinking\MXTmpFiles\license.tmp
2024-10-24 09:20:59,474 [INFO] CodeEngine:255 - oldGeneratedFile, C:\Users\tkach\Embedded-C\My_workspace\target\ButtonBlinking\MXTmpFiles\gpio.tmp_save
2024-10-24 09:20:59,599 [INFO] CodeEngine:279 - Generated code: C:\Users\tkach\Embedded-C\My_workspace\target\ButtonBlinking\MXTmpFiles\gpio.tmp
2024-10-24 09:20:59,667 [INFO] CodeEngine:255 - oldGeneratedFile, C:\Users\tkach\Embedded-C\My_workspace\target\ButtonBlinking\Core\Src\stm32f1xx_it.c_save
2024-10-24 09:20:59,780 [INFO] CodeEngine:279 - Generated code: C:\Users\tkach\Embedded-C\My_workspace\target\ButtonBlinking\Core\Src\stm32f1xx_it.c
2024-10-24 09:20:59,787 [INFO] CodeEngine:255 - oldGeneratedFile, C:\Users\tkach\Embedded-C\My_workspace\target\ButtonBlinking\Core\Inc\stm32f1xx_it.h_save
2024-10-24 09:20:59,856 [INFO] CodeEngine:279 - Generated code: C:\Users\tkach\Embedded-C\My_workspace\target\ButtonBlinking\Core\Inc\stm32f1xx_it.h
2024-10-24 09:20:59,878 [INFO] CodeEngine:255 - oldGeneratedFile, C:\Users\tkach\Embedded-C\My_workspace\target\ButtonBlinking\Core\Src\stm32f1xx_hal_msp.c_save
2024-10-24 09:20:59,970 [INFO] CodeEngine:279 - Generated code: C:\Users\tkach\Embedded-C\My_workspace\target\ButtonBlinking\Core\Src\stm32f1xx_hal_msp.c
2024-10-24 09:20:59,974 [INFO] CodeEngine:255 - oldGeneratedFile, C:\Users\tkach\Embedded-C\My_workspace\target\ButtonBlinking\MXTmpFiles\system.tmp_save
2024-10-24 09:21:00,023 [INFO] CodeEngine:279 - Generated code: C:\Users\tkach\Embedded-C\My_workspace\target\ButtonBlinking\MXTmpFiles\system.tmp
2024-10-24 09:21:00,040 [INFO] CodeEngine:311 - oldGeneratedFile, C:\Users\tkach\Embedded-C\My_workspace\target\ButtonBlinking\Core\Inc\stm32f1xx_hal_conf.h_save
2024-10-24 09:21:00,125 [INFO] CodeEngine:335 - Generated code: C:\Users\tkach\Embedded-C\My_workspace\target\ButtonBlinking\Core\Inc\stm32f1xx_hal_conf.h
2024-10-24 09:21:00,141 [WARN] IPConfigManager:3440 - IP not found : TIM
2024-10-24 09:21:00,142 [WARN] CodeGenerator:3939 - IP not found : null
2024-10-24 09:21:00,157 [INFO] CodeEngine:255 - oldGeneratedFile, C:\Users\tkach\Embedded-C\My_workspace\target\ButtonBlinking\Core\Inc\main.h_save
2024-10-24 09:21:00,222 [INFO] CodeEngine:279 - Generated code: C:\Users\tkach\Embedded-C\My_workspace\target\ButtonBlinking\Core\Inc\main.h
2024-10-24 09:21:00,234 [INFO] CodeEngine:255 - oldGeneratedFile, C:\Users\tkach\Embedded-C\My_workspace\target\ButtonBlinking\Core\Src\main.c_save
2024-10-24 09:21:00,340 [INFO] CodeEngine:279 - Generated code: C:\Users\tkach\Embedded-C\My_workspace\target\ButtonBlinking\Core\Src\main.c
2024-10-24 09:21:00,849 [INFO] ProjectBuilder:3076 - Time for Copy HAL[1] : 144mS.
2024-10-24 09:21:00,853 [INFO] ProjectBuilder:4485 - Project Generator version: 4.2.0-B44
2024-10-24 09:21:01,145 [INFO] ConfigFileManager:1495 - The Die is : DIE410
2024-10-24 09:21:02,677 [INFO] ProjectBuilder:4747 - Time for Generating toolchain IDE Files: 1824mS.
2024-10-24 09:21:02,678 [INFO] ProjectBuilder:2947 - Time for Copy CMSIS : 1mS.
2024-10-24 09:21:02,681 [INFO] ProjectBuilder:2947 - Time for Copy CMSIS : 0mS.
2024-10-24 09:21:47,410 [INFO] NvicIntPanel:101 - NVIC parent = com.st.microxplorer.plugins.ip.nvic.MultiNvicIntPanel[,0,0,0x0,invalid,layout=javax.swing.BoxLayout,alignmentX=0.0,alignmentY=0.0,border=,flags=9,maximumSize=,minimumSize=,preferredSize=]
2024-10-24 09:21:49,458 [INFO] UtilMem:75 - End SaveConfig() Used Memory: 779395320 Bytes (1073741824)
2024-10-24 09:21:50,916 [INFO] UtilMem:75 - End SaveConfig() Used Memory: 721515320 Bytes (1073741824)
2024-10-24 09:21:51,093 [INFO] BlockDiagram:2759 - set Specific Code input for plugin: NVIC
2024-10-24 09:21:51,093 [INFO] BlockDiagram:2759 - set Specific Code input for plugin: TIM1_8F1
2024-10-24 09:21:51,093 [INFO] BlockDiagram:2759 - set Specific Code input for plugin: SYS
2024-10-24 09:21:51,093 [INFO] BlockDiagram:2759 - set Specific Code input for plugin: GPIO
2024-10-24 09:21:51,093 [INFO] BlockDiagram:2759 - set Specific Code input for plugin: RCC
2024-10-24 09:21:51,094 [INFO] CodeGenerator:807 - code generatio: config db path: C:\ST\STM32CubeIDE_1.14.1\STM32CubeIDE\plugins\com.st.stm32cube.common.mx_6.10.0.202311202037\\db\
2024-10-24 09:21:51,218 [INFO] CodeEngine:255 - oldGeneratedFile, C:\Users\tkach\Embedded-C\My_workspace\target\ButtonBlinking\MXTmpFiles\license.tmp_save
2024-10-24 09:21:51,296 [INFO] CodeEngine:279 - Generated code: C:\Users\tkach\Embedded-C\My_workspace\target\ButtonBlinking\MXTmpFiles\license.tmp
2024-10-24 09:21:51,308 [INFO] CodeEngine:255 - oldGeneratedFile, C:\Users\tkach\Embedded-C\My_workspace\target\ButtonBlinking\MXTmpFiles\gpio.tmp_save
2024-10-24 09:21:51,393 [INFO] CodeEngine:279 - Generated code: C:\Users\tkach\Embedded-C\My_workspace\target\ButtonBlinking\MXTmpFiles\gpio.tmp
2024-10-24 09:21:51,439 [INFO] CodeEngine:255 - oldGeneratedFile, C:\Users\tkach\Embedded-C\My_workspace\target\ButtonBlinking\Core\Src\stm32f1xx_it.c_save
2024-10-24 09:21:51,531 [INFO] CodeEngine:279 - Generated code: C:\Users\tkach\Embedded-C\My_workspace\target\ButtonBlinking\Core\Src\stm32f1xx_it.c
2024-10-24 09:21:51,538 [INFO] CodeEngine:255 - oldGeneratedFile, C:\Users\tkach\Embedded-C\My_workspace\target\ButtonBlinking\Core\Inc\stm32f1xx_it.h_save
2024-10-24 09:21:51,607 [INFO] CodeEngine:279 - Generated code: C:\Users\tkach\Embedded-C\My_workspace\target\ButtonBlinking\Core\Inc\stm32f1xx_it.h
2024-10-24 09:21:51,634 [INFO] CodeEngine:255 - oldGeneratedFile, C:\Users\tkach\Embedded-C\My_workspace\target\ButtonBlinking\Core\Src\stm32f1xx_hal_msp.c_save
2024-10-24 09:21:51,724 [INFO] CodeEngine:279 - Generated code: C:\Users\tkach\Embedded-C\My_workspace\target\ButtonBlinking\Core\Src\stm32f1xx_hal_msp.c
2024-10-24 09:21:51,728 [INFO] CodeEngine:255 - oldGeneratedFile, C:\Users\tkach\Embedded-C\My_workspace\target\ButtonBlinking\MXTmpFiles\system.tmp_save
2024-10-24 09:21:51,778 [INFO] CodeEngine:279 - Generated code: C:\Users\tkach\Embedded-C\My_workspace\target\ButtonBlinking\MXTmpFiles\system.tmp
2024-10-24 09:21:51,796 [INFO] CodeEngine:311 - oldGeneratedFile, C:\Users\tkach\Embedded-C\My_workspace\target\ButtonBlinking\Core\Inc\stm32f1xx_hal_conf.h_save
2024-10-24 09:21:51,914 [INFO] CodeEngine:335 - Generated code: C:\Users\tkach\Embedded-C\My_workspace\target\ButtonBlinking\Core\Inc\stm32f1xx_hal_conf.h
2024-10-24 09:21:51,931 [WARN] IPConfigManager:3440 - IP not found : TIM
2024-10-24 09:21:51,931 [WARN] CodeGenerator:3939 - IP not found : null
2024-10-24 09:21:51,949 [INFO] CodeEngine:255 - oldGeneratedFile, C:\Users\tkach\Embedded-C\My_workspace\target\ButtonBlinking\Core\Inc\main.h_save
2024-10-24 09:21:52,007 [INFO] CodeEngine:279 - Generated code: C:\Users\tkach\Embedded-C\My_workspace\target\ButtonBlinking\Core\Inc\main.h
2024-10-24 09:21:52,019 [INFO] CodeEngine:255 - oldGeneratedFile, C:\Users\tkach\Embedded-C\My_workspace\target\ButtonBlinking\Core\Src\main.c_save
2024-10-24 09:21:52,128 [INFO] CodeEngine:279 - Generated code: C:\Users\tkach\Embedded-C\My_workspace\target\ButtonBlinking\Core\Src\main.c
2024-10-24 09:21:52,599 [INFO] ProjectBuilder:3076 - Time for Copy HAL[1] : 134mS.
2024-10-24 09:21:52,603 [INFO] ProjectBuilder:4485 - Project Generator version: 4.2.0-B44
2024-10-24 09:21:52,915 [INFO] ConfigFileManager:1495 - The Die is : DIE410
2024-10-24 09:21:54,268 [INFO] ProjectBuilder:4747 - Time for Generating toolchain IDE Files: 1665mS.
2024-10-24 09:21:54,269 [INFO] ProjectBuilder:2947 - Time for Copy CMSIS : 1mS.
2024-10-24 09:21:54,274 [INFO] ProjectBuilder:2947 - Time for Copy CMSIS : 1mS.
2024-10-24 09:23:19,767 [INFO] NvicIntPanel:101 - NVIC parent = com.st.microxplorer.plugins.ip.nvic.MultiNvicIntPanel[,0,0,0x0,invalid,layout=javax.swing.BoxLayout,alignmentX=0.0,alignmentY=0.0,border=,flags=9,maximumSize=,minimumSize=,preferredSize=]
2024-10-24 09:23:21,565 [INFO] UtilMem:75 - End SaveConfig() Used Memory: 683653520 Bytes (1073741824)
2024-10-24 09:23:32,534 [INFO] UtilMem:75 - End SaveConfig() Used Memory: 753385872 Bytes (1073741824)
2024-10-24 09:23:32,716 [INFO] BlockDiagram:2759 - set Specific Code input for plugin: NVIC
2024-10-24 09:23:32,717 [INFO] BlockDiagram:2759 - set Specific Code input for plugin: TIM1_8F1
2024-10-24 09:23:32,717 [INFO] BlockDiagram:2759 - set Specific Code input for plugin: SYS
2024-10-24 09:23:32,717 [INFO] BlockDiagram:2759 - set Specific Code input for plugin: GPIO
2024-10-24 09:23:32,717 [INFO] BlockDiagram:2759 - set Specific Code input for plugin: RCC
2024-10-24 09:23:32,718 [INFO] CodeGenerator:807 - code generatio: config db path: C:\ST\STM32CubeIDE_1.14.1\STM32CubeIDE\plugins\com.st.stm32cube.common.mx_6.10.0.202311202037\\db\
2024-10-24 09:23:32,877 [INFO] CodeEngine:255 - oldGeneratedFile, C:\Users\tkach\Embedded-C\My_workspace\target\ButtonBlinking\MXTmpFiles\license.tmp_save
2024-10-24 09:23:32,958 [INFO] CodeEngine:279 - Generated code: C:\Users\tkach\Embedded-C\My_workspace\target\ButtonBlinking\MXTmpFiles\license.tmp
2024-10-24 09:23:32,970 [INFO] CodeEngine:255 - oldGeneratedFile, C:\Users\tkach\Embedded-C\My_workspace\target\ButtonBlinking\MXTmpFiles\gpio.tmp_save
2024-10-24 09:23:33,061 [INFO] CodeEngine:279 - Generated code: C:\Users\tkach\Embedded-C\My_workspace\target\ButtonBlinking\MXTmpFiles\gpio.tmp
2024-10-24 09:23:33,116 [INFO] CodeEngine:255 - oldGeneratedFile, C:\Users\tkach\Embedded-C\My_workspace\target\ButtonBlinking\Core\Src\stm32f1xx_it.c_save
2024-10-24 09:23:33,261 [INFO] CodeEngine:279 - Generated code: C:\Users\tkach\Embedded-C\My_workspace\target\ButtonBlinking\Core\Src\stm32f1xx_it.c
2024-10-24 09:23:33,267 [INFO] CodeEngine:255 - oldGeneratedFile, C:\Users\tkach\Embedded-C\My_workspace\target\ButtonBlinking\Core\Inc\stm32f1xx_it.h_save
2024-10-24 09:23:33,322 [INFO] CodeEngine:279 - Generated code: C:\Users\tkach\Embedded-C\My_workspace\target\ButtonBlinking\Core\Inc\stm32f1xx_it.h
2024-10-24 09:23:33,342 [INFO] CodeEngine:255 - oldGeneratedFile, C:\Users\tkach\Embedded-C\My_workspace\target\ButtonBlinking\Core\Src\stm32f1xx_hal_msp.c_save
2024-10-24 09:23:33,423 [INFO] CodeEngine:279 - Generated code: C:\Users\tkach\Embedded-C\My_workspace\target\ButtonBlinking\Core\Src\stm32f1xx_hal_msp.c
2024-10-24 09:23:33,426 [INFO] CodeEngine:255 - oldGeneratedFile, C:\Users\tkach\Embedded-C\My_workspace\target\ButtonBlinking\MXTmpFiles\system.tmp_save
2024-10-24 09:23:33,471 [INFO] CodeEngine:279 - Generated code: C:\Users\tkach\Embedded-C\My_workspace\target\ButtonBlinking\MXTmpFiles\system.tmp
2024-10-24 09:23:33,485 [INFO] CodeEngine:311 - oldGeneratedFile, C:\Users\tkach\Embedded-C\My_workspace\target\ButtonBlinking\Core\Inc\stm32f1xx_hal_conf.h_save
2024-10-24 09:23:33,561 [INFO] CodeEngine:335 - Generated code: C:\Users\tkach\Embedded-C\My_workspace\target\ButtonBlinking\Core\Inc\stm32f1xx_hal_conf.h
2024-10-24 09:23:33,577 [WARN] IPConfigManager:3440 - IP not found : TIM
2024-10-24 09:23:33,577 [WARN] CodeGenerator:3939 - IP not found : null
2024-10-24 09:23:33,592 [INFO] CodeEngine:255 - oldGeneratedFile, C:\Users\tkach\Embedded-C\My_workspace\target\ButtonBlinking\Core\Inc\main.h_save
2024-10-24 09:23:33,646 [INFO] CodeEngine:279 - Generated code: C:\Users\tkach\Embedded-C\My_workspace\target\ButtonBlinking\Core\Inc\main.h
2024-10-24 09:23:33,657 [INFO] CodeEngine:255 - oldGeneratedFile, C:\Users\tkach\Embedded-C\My_workspace\target\ButtonBlinking\Core\Src\main.c_save
2024-10-24 09:23:33,749 [INFO] CodeEngine:279 - Generated code: C:\Users\tkach\Embedded-C\My_workspace\target\ButtonBlinking\Core\Src\main.c
2024-10-24 09:23:34,272 [INFO] ProjectBuilder:3076 - Time for Copy HAL[1] : 122mS.
2024-10-24 09:23:34,315 [INFO] ProjectBuilder:4485 - Project Generator version: 4.2.0-B44
2024-10-24 09:23:34,609 [INFO] ConfigFileManager:1495 - The Die is : DIE410
2024-10-24 09:23:35,800 [INFO] ProjectBuilder:4747 - Time for Generating toolchain IDE Files: 1485mS.
2024-10-24 09:23:35,801 [INFO] ProjectBuilder:2947 - Time for Copy CMSIS : 0mS.
2024-10-24 09:23:35,810 [INFO] ProjectBuilder:2947 - Time for Copy CMSIS : 0mS.
2024-10-24 09:25:45,997 [INFO] NvicIntPanel:101 - NVIC parent = com.st.microxplorer.plugins.ip.nvic.MultiNvicIntPanel[,0,0,0x0,invalid,layout=javax.swing.BoxLayout,alignmentX=0.0,alignmentY=0.0,border=,flags=9,maximumSize=,minimumSize=,preferredSize=]
2024-10-24 09:25:48,530 [INFO] UtilMem:75 - End SaveConfig() Used Memory: 704225712 Bytes (1073741824)
2024-10-24 09:25:49,651 [INFO] UtilMem:75 - End SaveConfig() Used Memory: 680178072 Bytes (1073741824)
2024-10-24 09:25:49,818 [INFO] BlockDiagram:2759 - set Specific Code input for plugin: NVIC
2024-10-24 09:25:49,818 [INFO] BlockDiagram:2759 - set Specific Code input for plugin: TIM1_8F1
2024-10-24 09:25:49,818 [INFO] BlockDiagram:2759 - set Specific Code input for plugin: SYS
2024-10-24 09:25:49,818 [INFO] BlockDiagram:2759 - set Specific Code input for plugin: GPIO
2024-10-24 09:25:49,818 [INFO] BlockDiagram:2759 - set Specific Code input for plugin: RCC
2024-10-24 09:25:49,819 [INFO] CodeGenerator:807 - code generatio: config db path: C:\ST\STM32CubeIDE_1.14.1\STM32CubeIDE\plugins\com.st.stm32cube.common.mx_6.10.0.202311202037\\db\
2024-10-24 09:25:49,934 [INFO] CodeEngine:255 - oldGeneratedFile, C:\Users\tkach\Embedded-C\My_workspace\target\ButtonBlinking\MXTmpFiles\license.tmp_save
2024-10-24 09:25:50,003 [INFO] CodeEngine:279 - Generated code: C:\Users\tkach\Embedded-C\My_workspace\target\ButtonBlinking\MXTmpFiles\license.tmp
2024-10-24 09:25:50,018 [INFO] CodeEngine:255 - oldGeneratedFile, C:\Users\tkach\Embedded-C\My_workspace\target\ButtonBlinking\MXTmpFiles\gpio.tmp_save
2024-10-24 09:25:50,112 [INFO] CodeEngine:279 - Generated code: C:\Users\tkach\Embedded-C\My_workspace\target\ButtonBlinking\MXTmpFiles\gpio.tmp
2024-10-24 09:25:50,155 [INFO] CodeEngine:255 - oldGeneratedFile, C:\Users\tkach\Embedded-C\My_workspace\target\ButtonBlinking\Core\Src\stm32f1xx_it.c_save
2024-10-24 09:25:50,236 [INFO] CodeEngine:279 - Generated code: C:\Users\tkach\Embedded-C\My_workspace\target\ButtonBlinking\Core\Src\stm32f1xx_it.c
2024-10-24 09:25:50,240 [INFO] CodeEngine:255 - oldGeneratedFile, C:\Users\tkach\Embedded-C\My_workspace\target\ButtonBlinking\Core\Inc\stm32f1xx_it.h_save
2024-10-24 09:25:50,346 [INFO] CodeEngine:279 - Generated code: C:\Users\tkach\Embedded-C\My_workspace\target\ButtonBlinking\Core\Inc\stm32f1xx_it.h
2024-10-24 09:25:50,370 [INFO] CodeEngine:255 - oldGeneratedFile, C:\Users\tkach\Embedded-C\My_workspace\target\ButtonBlinking\Core\Src\stm32f1xx_hal_msp.c_save
2024-10-24 09:25:50,445 [INFO] CodeEngine:279 - Generated code: C:\Users\tkach\Embedded-C\My_workspace\target\ButtonBlinking\Core\Src\stm32f1xx_hal_msp.c
2024-10-24 09:25:50,449 [INFO] CodeEngine:255 - oldGeneratedFile, C:\Users\tkach\Embedded-C\My_workspace\target\ButtonBlinking\MXTmpFiles\system.tmp_save
2024-10-24 09:25:50,492 [INFO] CodeEngine:279 - Generated code: C:\Users\tkach\Embedded-C\My_workspace\target\ButtonBlinking\MXTmpFiles\system.tmp
2024-10-24 09:25:50,509 [INFO] CodeEngine:311 - oldGeneratedFile, C:\Users\tkach\Embedded-C\My_workspace\target\ButtonBlinking\Core\Inc\stm32f1xx_hal_conf.h_save
2024-10-24 09:25:50,590 [INFO] CodeEngine:335 - Generated code: C:\Users\tkach\Embedded-C\My_workspace\target\ButtonBlinking\Core\Inc\stm32f1xx_hal_conf.h
2024-10-24 09:25:50,605 [WARN] IPConfigManager:3440 - IP not found : TIM
2024-10-24 09:25:50,606 [WARN] CodeGenerator:3939 - IP not found : null
2024-10-24 09:25:50,620 [INFO] CodeEngine:255 - oldGeneratedFile, C:\Users\tkach\Embedded-C\My_workspace\target\ButtonBlinking\Core\Inc\main.h_save
2024-10-24 09:25:50,685 [INFO] CodeEngine:279 - Generated code: C:\Users\tkach\Embedded-C\My_workspace\target\ButtonBlinking\Core\Inc\main.h
2024-10-24 09:25:50,697 [INFO] CodeEngine:255 - oldGeneratedFile, C:\Users\tkach\Embedded-C\My_workspace\target\ButtonBlinking\Core\Src\main.c_save
2024-10-24 09:25:50,783 [INFO] CodeEngine:279 - Generated code: C:\Users\tkach\Embedded-C\My_workspace\target\ButtonBlinking\Core\Src\main.c
2024-10-24 09:25:51,372 [INFO] ProjectBuilder:3076 - Time for Copy HAL[1] : 158mS.
2024-10-24 09:25:51,376 [INFO] ProjectBuilder:4485 - Project Generator version: 4.2.0-B44
2024-10-24 09:25:51,715 [INFO] ConfigFileManager:1495 - The Die is : DIE410
2024-10-24 09:25:53,033 [INFO] ProjectBuilder:4747 - Time for Generating toolchain IDE Files: 1657mS.
2024-10-24 09:25:53,034 [INFO] ProjectBuilder:2947 - Time for Copy CMSIS : 1mS.
2024-10-24 09:25:53,037 [INFO] ProjectBuilder:2947 - Time for Copy CMSIS : 1mS.
2024-10-24 09:27:16,802 [INFO] NvicIntPanel:101 - NVIC parent = com.st.microxplorer.plugins.ip.nvic.MultiNvicIntPanel[,0,0,0x0,invalid,layout=javax.swing.BoxLayout,alignmentX=0.0,alignmentY=0.0,border=,flags=9,maximumSize=,minimumSize=,preferredSize=]
2024-10-24 09:27:24,825 [INFO] NvicIntPanel:101 - NVIC parent = com.st.microxplorer.plugins.ip.nvic.MultiNvicIntPanel[,0,0,0x0,invalid,layout=javax.swing.BoxLayout,alignmentX=0.0,alignmentY=0.0,border=,flags=9,maximumSize=,minimumSize=,preferredSize=]
2024-10-24 09:27:29,017 [INFO] UtilMem:75 - End SaveConfig() Used Memory: 798910624 Bytes (1073741824)
2024-10-24 09:27:31,000 [INFO] UtilMem:75 - End SaveConfig() Used Memory: 675705272 Bytes (1073741824)
2024-10-24 09:27:31,237 [INFO] BlockDiagram:2759 - set Specific Code input for plugin: NVIC
2024-10-24 09:27:31,237 [INFO] BlockDiagram:2759 - set Specific Code input for plugin: TIM1_8F1
2024-10-24 09:27:31,237 [INFO] BlockDiagram:2759 - set Specific Code input for plugin: SYS
2024-10-24 09:27:31,237 [INFO] BlockDiagram:2759 - set Specific Code input for plugin: GPIO
2024-10-24 09:27:31,237 [INFO] BlockDiagram:2759 - set Specific Code input for plugin: RCC
2024-10-24 09:27:31,238 [INFO] CodeGenerator:807 - code generatio: config db path: C:\ST\STM32CubeIDE_1.14.1\STM32CubeIDE\plugins\com.st.stm32cube.common.mx_6.10.0.202311202037\\db\
2024-10-24 09:27:31,375 [INFO] CodeEngine:255 - oldGeneratedFile, C:\Users\tkach\Embedded-C\My_workspace\target\ButtonBlinking\MXTmpFiles\license.tmp_save
2024-10-24 09:27:31,472 [INFO] CodeEngine:279 - Generated code: C:\Users\tkach\Embedded-C\My_workspace\target\ButtonBlinking\MXTmpFiles\license.tmp
2024-10-24 09:27:31,486 [INFO] CodeEngine:255 - oldGeneratedFile, C:\Users\tkach\Embedded-C\My_workspace\target\ButtonBlinking\MXTmpFiles\gpio.tmp_save
2024-10-24 09:27:31,580 [INFO] CodeEngine:279 - Generated code: C:\Users\tkach\Embedded-C\My_workspace\target\ButtonBlinking\MXTmpFiles\gpio.tmp
2024-10-24 09:27:31,654 [INFO] CodeEngine:255 - oldGeneratedFile, C:\Users\tkach\Embedded-C\My_workspace\target\ButtonBlinking\Core\Src\stm32f1xx_it.c_save
2024-10-24 09:27:31,717 [INFO] CodeEngine:279 - Generated code: C:\Users\tkach\Embedded-C\My_workspace\target\ButtonBlinking\Core\Src\stm32f1xx_it.c
2024-10-24 09:27:31,721 [INFO] CodeEngine:255 - oldGeneratedFile, C:\Users\tkach\Embedded-C\My_workspace\target\ButtonBlinking\Core\Inc\stm32f1xx_it.h_save
2024-10-24 09:27:31,767 [INFO] CodeEngine:279 - Generated code: C:\Users\tkach\Embedded-C\My_workspace\target\ButtonBlinking\Core\Inc\stm32f1xx_it.h
2024-10-24 09:27:31,783 [INFO] CodeEngine:255 - oldGeneratedFile, C:\Users\tkach\Embedded-C\My_workspace\target\ButtonBlinking\Core\Src\stm32f1xx_hal_msp.c_save
2024-10-24 09:27:31,885 [INFO] CodeEngine:279 - Generated code: C:\Users\tkach\Embedded-C\My_workspace\target\ButtonBlinking\Core\Src\stm32f1xx_hal_msp.c
2024-10-24 09:27:31,889 [INFO] CodeEngine:255 - oldGeneratedFile, C:\Users\tkach\Embedded-C\My_workspace\target\ButtonBlinking\MXTmpFiles\system.tmp_save
2024-10-24 09:27:31,934 [INFO] CodeEngine:279 - Generated code: C:\Users\tkach\Embedded-C\My_workspace\target\ButtonBlinking\MXTmpFiles\system.tmp
2024-10-24 09:27:31,948 [INFO] CodeEngine:311 - oldGeneratedFile, C:\Users\tkach\Embedded-C\My_workspace\target\ButtonBlinking\Core\Inc\stm32f1xx_hal_conf.h_save
2024-10-24 09:27:32,026 [INFO] CodeEngine:335 - Generated code: C:\Users\tkach\Embedded-C\My_workspace\target\ButtonBlinking\Core\Inc\stm32f1xx_hal_conf.h
2024-10-24 09:27:32,070 [WARN] IPConfigManager:3440 - IP not found : TIM
2024-10-24 09:27:32,070 [WARN] CodeGenerator:3939 - IP not found : null
2024-10-24 09:27:32,086 [INFO] CodeEngine:255 - oldGeneratedFile, C:\Users\tkach\Embedded-C\My_workspace\target\ButtonBlinking\Core\Inc\main.h_save
2024-10-24 09:27:32,146 [INFO] CodeEngine:279 - Generated code: C:\Users\tkach\Embedded-C\My_workspace\target\ButtonBlinking\Core\Inc\main.h
2024-10-24 09:27:32,158 [INFO] CodeEngine:255 - oldGeneratedFile, C:\Users\tkach\Embedded-C\My_workspace\target\ButtonBlinking\Core\Src\main.c_save
2024-10-24 09:27:32,245 [INFO] CodeEngine:279 - Generated code: C:\Users\tkach\Embedded-C\My_workspace\target\ButtonBlinking\Core\Src\main.c
2024-10-24 09:27:32,790 [INFO] ProjectBuilder:3076 - Time for Copy HAL[1] : 127mS.
2024-10-24 09:27:32,793 [INFO] ProjectBuilder:4485 - Project Generator version: 4.2.0-B44
2024-10-24 09:27:33,113 [INFO] ConfigFileManager:1495 - The Die is : DIE410
2024-10-24 09:27:34,591 [INFO] ProjectBuilder:4747 - Time for Generating toolchain IDE Files: 1798mS.
2024-10-24 09:27:34,592 [INFO] ProjectBuilder:2947 - Time for Copy CMSIS : 0mS.
2024-10-24 09:27:34,595 [INFO] ProjectBuilder:2947 - Time for Copy CMSIS : 0mS.
2024-10-24 15:00:56,679 [INFO] WebApp:354 - JxBrowser engine has been closed 
2024-10-24 15:02:26,390 [ERROR] LogOutputStream:75 - [STDERR_REDIRECT] 
