21:42:26 **** Incremental Build of configuration Debug for project Downloads ****
make -j8 all 
arm-none-eabi-gcc "../Drivers/CMSIS/DSP_Lib/Source/TransformFunctions/arm_bitreversal.c" -mcpu=cortex-m3 -std=gnu11 -g3 -DDEBUG -DUSE_HAL_DRIVER -DSTM32F103xB -c -I../Core/Inc -I../Drivers/STM32F1xx_HAL_Driver/Inc -I../Drivers/STM32F1xx_HAL_Driver/Inc/Legacy -I../Drivers/CMSIS/Device/ST/STM32F1xx/Include -I../Drivers/CMSIS/Include -O0 -ffunction-sections -fdata-sections -Wall -fstack-usage -fcyclomatic-complexity -MMD -MP -MF"Drivers/CMSIS/DSP_Lib/Source/TransformFunctions/arm_bitreversal.d" -MT"Drivers/CMSIS/DSP_Lib/Source/TransformFunctions/arm_bitreversal.o" --specs=nano.specs -mfloat-abi=soft -mthumb -o "Drivers/CMSIS/DSP_Lib/Source/TransformFunctions/arm_bitreversal.o"
arm-none-eabi-gcc "../Drivers/CMSIS/DSP_Lib/Source/TransformFunctions/arm_cfft_f32.c" -mcpu=cortex-m3 -std=gnu11 -g3 -DDEBUG -DUSE_HAL_DRIVER -DSTM32F103xB -c -I../Core/Inc -I../Drivers/STM32F1xx_HAL_Driver/Inc -I../Drivers/STM32F1xx_HAL_Driver/Inc/Legacy -I../Drivers/CMSIS/Device/ST/STM32F1xx/Include -I../Drivers/CMSIS/Include -O0 -ffunction-sections -fdata-sections -Wall -fstack-usage -fcyclomatic-complexity -MMD -MP -MF"Drivers/CMSIS/DSP_Lib/Source/TransformFunctions/arm_cfft_f32.d" -MT"Drivers/CMSIS/DSP_Lib/Source/TransformFunctions/arm_cfft_f32.o" --specs=nano.specs -mfloat-abi=soft -mthumb -o "Drivers/CMSIS/DSP_Lib/Source/TransformFunctions/arm_cfft_f32.o"
arm-none-eabi-gcc "../Drivers/CMSIS/DSP_Lib/Source/TransformFunctions/arm_cfft_q15.c" -mcpu=cortex-m3 -std=gnu11 -g3 -DDEBUG -DUSE_HAL_DRIVER -DSTM32F103xB -c -I../Core/Inc -I../Drivers/STM32F1xx_HAL_Driver/Inc -I../Drivers/STM32F1xx_HAL_Driver/Inc/Legacy -I../Drivers/CMSIS/Device/ST/STM32F1xx/Include -I../Drivers/CMSIS/Include -O0 -ffunction-sections -fdata-sections -Wall -fstack-usage -fcyclomatic-complexity -MMD -MP -MF"Drivers/CMSIS/DSP_Lib/Source/TransformFunctions/arm_cfft_q15.d" -MT"Drivers/CMSIS/DSP_Lib/Source/TransformFunctions/arm_cfft_q15.o" --specs=nano.specs -mfloat-abi=soft -mthumb -o "Drivers/CMSIS/DSP_Lib/Source/TransformFunctions/arm_cfft_q15.o"
arm-none-eabi-gcc "../Drivers/CMSIS/DSP_Lib/Source/TransformFunctions/arm_cfft_q31.c" -mcpu=cortex-m3 -std=gnu11 -g3 -DDEBUG -DUSE_HAL_DRIVER -DSTM32F103xB -c -I../Core/Inc -I../Drivers/STM32F1xx_HAL_Driver/Inc -I../Drivers/STM32F1xx_HAL_Driver/Inc/Legacy -I../Drivers/CMSIS/Device/ST/STM32F1xx/Include -I../Drivers/CMSIS/Include -O0 -ffunction-sections -fdata-sections -Wall -fstack-usage -fcyclomatic-complexity -MMD -MP -MF"Drivers/CMSIS/DSP_Lib/Source/TransformFunctions/arm_cfft_q31.d" -MT"Drivers/CMSIS/DSP_Lib/Source/TransformFunctions/arm_cfft_q31.o" --specs=nano.specs -mfloat-abi=soft -mthumb -o "Drivers/CMSIS/DSP_Lib/Source/TransformFunctions/arm_cfft_q31.o"
arm-none-eabi-gcc "../Drivers/CMSIS/DSP_Lib/Source/TransformFunctions/arm_cfft_radix2_f32.c" -mcpu=cortex-m3 -std=gnu11 -g3 -DDEBUG -DUSE_HAL_DRIVER -DSTM32F103xB -c -I../Core/Inc -I../Drivers/STM32F1xx_HAL_Driver/Inc -I../Drivers/STM32F1xx_HAL_Driver/Inc/Legacy -I../Drivers/CMSIS/Device/ST/STM32F1xx/Include -I../Drivers/CMSIS/Include -O0 -ffunction-sections -fdata-sections -Wall -fstack-usage -fcyclomatic-complexity -MMD -MP -MF"Drivers/CMSIS/DSP_Lib/Source/TransformFunctions/arm_cfft_radix2_f32.d" -MT"Drivers/CMSIS/DSP_Lib/Source/TransformFunctions/arm_cfft_radix2_f32.o" --specs=nano.specs -mfloat-abi=soft -mthumb -o "Drivers/CMSIS/DSP_Lib/Source/TransformFunctions/arm_cfft_radix2_f32.o"
arm-none-eabi-gcc "../Drivers/CMSIS/DSP_Lib/Source/TransformFunctions/arm_cfft_radix2_init_f32.c" -mcpu=cortex-m3 -std=gnu11 -g3 -DDEBUG -DUSE_HAL_DRIVER -DSTM32F103xB -c -I../Core/Inc -I../Drivers/STM32F1xx_HAL_Driver/Inc -I../Drivers/STM32F1xx_HAL_Driver/Inc/Legacy -I../Drivers/CMSIS/Device/ST/STM32F1xx/Include -I../Drivers/CMSIS/Include -O0 -ffunction-sections -fdata-sections -Wall -fstack-usage -fcyclomatic-complexity -MMD -MP -MF"Drivers/CMSIS/DSP_Lib/Source/TransformFunctions/arm_cfft_radix2_init_f32.d" -MT"Drivers/CMSIS/DSP_Lib/Source/TransformFunctions/arm_cfft_radix2_init_f32.o" --specs=nano.specs -mfloat-abi=soft -mthumb -o "Drivers/CMSIS/DSP_Lib/Source/TransformFunctions/arm_cfft_radix2_init_f32.o"
arm-none-eabi-gcc "../Drivers/CMSIS/DSP_Lib/Source/TransformFunctions/arm_cfft_radix2_init_q15.c" -mcpu=cortex-m3 -std=gnu11 -g3 -DDEBUG -DUSE_HAL_DRIVER -DSTM32F103xB -c -I../Core/Inc -I../Drivers/STM32F1xx_HAL_Driver/Inc -I../Drivers/STM32F1xx_HAL_Driver/Inc/Legacy -I../Drivers/CMSIS/Device/ST/STM32F1xx/Include -I../Drivers/CMSIS/Include -O0 -ffunction-sections -fdata-sections -Wall -fstack-usage -fcyclomatic-complexity -MMD -MP -MF"Drivers/CMSIS/DSP_Lib/Source/TransformFunctions/arm_cfft_radix2_init_q15.d" -MT"Drivers/CMSIS/DSP_Lib/Source/TransformFunctions/arm_cfft_radix2_init_q15.o" --specs=nano.specs -mfloat-abi=soft -mthumb -o "Drivers/CMSIS/DSP_Lib/Source/TransformFunctions/arm_cfft_radix2_init_q15.o"
arm-none-eabi-gcc "../Drivers/CMSIS/DSP_Lib/Source/TransformFunctions/arm_cfft_radix2_init_q31.c" -mcpu=cortex-m3 -std=gnu11 -g3 -DDEBUG -DUSE_HAL_DRIVER -DSTM32F103xB -c -I../Core/Inc -I../Drivers/STM32F1xx_HAL_Driver/Inc -I../Drivers/STM32F1xx_HAL_Driver/Inc/Legacy -I../Drivers/CMSIS/Device/ST/STM32F1xx/Include -I../Drivers/CMSIS/Include -O0 -ffunction-sections -fdata-sections -Wall -fstack-usage -fcyclomatic-complexity -MMD -MP -MF"Drivers/CMSIS/DSP_Lib/Source/TransformFunctions/arm_cfft_radix2_init_q31.d" -MT"Drivers/CMSIS/DSP_Lib/Source/TransformFunctions/arm_cfft_radix2_init_q31.o" --specs=nano.specs -mfloat-abi=soft -mthumb -o "Drivers/CMSIS/DSP_Lib/Source/TransformFunctions/arm_cfft_radix2_init_q31.o"
../Drivers/CMSIS/DSP_Lib/Source/TransformFunctions/arm_bitreversal.c:41:10: fatal error: arm_math.h: No such file or directory
   41 | #include "arm_math.h"
      |          ^~~~~~~~~~~~
compilation terminated.
../Drivers/CMSIS/DSP_Lib/Source/TransformFunctions/arm_cfft_f32.c:41:10: fatal error: arm_math.h: No such file or directory
   41 | #include "arm_math.h"
      |          ^~~~~~~~~~~~
compilation terminated.
make: *** [Drivers/CMSIS/DSP_Lib/Source/TransformFunctions/subdir.mk:109: Drivers/CMSIS/DSP_Lib/Source/TransformFunctions/arm_bitreversal.o] Error 1
make: *** Waiting for unfinished jobs....
../Drivers/CMSIS/DSP_Lib/Source/TransformFunctions/arm_cfft_q15.c:41:10: fatal error: arm_math.h: No such file or directory
   41 | #include "arm_math.h"
      |          ^~~~~~~~~~~~
compilation terminated.
make: *** [Drivers/CMSIS/DSP_Lib/Source/TransformFunctions/subdir.mk:109: Drivers/CMSIS/DSP_Lib/Source/TransformFunctions/arm_cfft_f32.o] Error 1
../Drivers/CMSIS/DSP_Lib/Source/TransformFunctions/arm_cfft_q31.c:41:10: fatal error: arm_math.h: No such file or directory
   41 | #include "arm_math.h"
      |          ^~~~~~~~~~~~
compilation terminated.
make: *** [Drivers/CMSIS/DSP_Lib/Source/TransformFunctions/subdir.mk:109: Drivers/CMSIS/DSP_Lib/Source/TransformFunctions/arm_cfft_q15.o] Error 1
../Drivers/CMSIS/DSP_Lib/Source/TransformFunctions/arm_cfft_radix2_f32.c:42:10: fatal error: arm_math.h: No such file or directory
   42 | #include "arm_math.h"
      |          ^~~~~~~~~~~~
compilation terminated.
make: *** [Drivers/CMSIS/DSP_Lib/Source/TransformFunctions/subdir.mk:109: Drivers/CMSIS/DSP_Lib/Source/TransformFunctions/arm_cfft_q31.o] Error 1
../Drivers/CMSIS/DSP_Lib/Source/TransformFunctions/arm_cfft_radix2_init_f32.c:42:10: fatal error: arm_math.h: No such file or directory
   42 | #include "arm_math.h"
      |          ^~~~~~~~~~~~
compilation terminated.
../Drivers/CMSIS/DSP_Lib/Source/TransformFunctions/arm_cfft_radix2_init_q31.c:42:10: fatal error: arm_math.h: No such file or directory
   42 | #include "arm_math.h"
      |          ^~~~~~~~~~~~
compilation terminated.
make: *** [Drivers/CMSIS/DSP_Lib/Source/TransformFunctions/subdir.mk:109: Drivers/CMSIS/DSP_Lib/Source/TransformFunctions/arm_cfft_radix2_f32.o] Error 1
../Drivers/CMSIS/DSP_Lib/Source/TransformFunctions/arm_cfft_radix2_init_q15.c:41:10: fatal error: arm_math.h: No such file or directory
   41 | #include "arm_math.h"
      |          ^~~~~~~~~~~~
compilation terminated.
make: *** [Drivers/CMSIS/DSP_Lib/Source/TransformFunctions/subdir.mk:109: Drivers/CMSIS/DSP_Lib/Source/TransformFunctions/arm_cfft_radix2_init_f32.o] Error 1
make: *** [Drivers/CMSIS/DSP_Lib/Source/TransformFunctions/subdir.mk:109: Drivers/CMSIS/DSP_Lib/Source/TransformFunctions/arm_cfft_radix2_init_q31.o] Error 1
make: *** [Drivers/CMSIS/DSP_Lib/Source/TransformFunctions/subdir.mk:109: Drivers/CMSIS/DSP_Lib/Source/TransformFunctions/arm_cfft_radix2_init_q15.o] Error 1
"make -j8 all" terminated with exit code 2. Build might be incomplete.

21:42:27 Build Failed. 17 errors, 0 warnings. (took 1s.515ms)

